[2024-09-15T06:52:48.741+0000] {processor.py:186} INFO - Started process (PID=81) to work on /home/airflow/.local/lib/python3.12/site-packages/airflow/example_dags/example_setup_teardown.py
[2024-09-15T06:52:48.746+0000] {processor.py:914} INFO - Processing file /home/airflow/.local/lib/python3.12/site-packages/airflow/example_dags/example_setup_teardown.py for tasks to queue
[2024-09-15T06:52:48.763+0000] {logging_mixin.py:190} INFO - [2024-09-15T06:52:48.760+0000] {dagbag.py:587} INFO - Filling up the DagBag from /home/airflow/.local/lib/python3.12/site-packages/airflow/example_dags/example_setup_teardown.py
[2024-09-15T06:52:48.898+0000] {processor.py:925} INFO - DAG(s) 'example_setup_teardown' retrieved from /home/airflow/.local/lib/python3.12/site-packages/airflow/example_dags/example_setup_teardown.py
[2024-09-15T06:52:49.513+0000] {logging_mixin.py:190} INFO - [2024-09-15T06:52:49.511+0000] {override.py:1900} INFO - Created Permission View: can delete on DAG:example_setup_teardown
[2024-09-15T06:52:49.604+0000] {logging_mixin.py:190} INFO - [2024-09-15T06:52:49.603+0000] {override.py:1900} INFO - Created Permission View: can edit on DAG:example_setup_teardown
[2024-09-15T06:52:49.645+0000] {logging_mixin.py:190} INFO - [2024-09-15T06:52:49.640+0000] {override.py:1900} INFO - Created Permission View: can read on DAG:example_setup_teardown
[2024-09-15T06:52:49.743+0000] {logging_mixin.py:190} INFO - [2024-09-15T06:52:49.742+0000] {override.py:1900} INFO - Created Permission View: can delete on DAG Run:example_setup_teardown
[2024-09-15T06:52:49.791+0000] {logging_mixin.py:190} INFO - [2024-09-15T06:52:49.790+0000] {override.py:1900} INFO - Created Permission View: can create on DAG Run:example_setup_teardown
[2024-09-15T06:52:49.870+0000] {logging_mixin.py:190} INFO - [2024-09-15T06:52:49.869+0000] {override.py:1900} INFO - Created Permission View: can read on DAG Run:example_setup_teardown
[2024-09-15T06:52:49.926+0000] {logging_mixin.py:190} INFO - [2024-09-15T06:52:49.925+0000] {override.py:1900} INFO - Created Permission View: menu access on DAG Run:example_setup_teardown
[2024-09-15T06:52:49.928+0000] {logging_mixin.py:190} INFO - [2024-09-15T06:52:49.927+0000] {dag.py:3229} INFO - Sync 1 DAGs
[2024-09-15T06:52:49.974+0000] {logging_mixin.py:190} INFO - [2024-09-15T06:52:49.974+0000] {dag.py:3252} INFO - Creating ORM DAG for example_setup_teardown
[2024-09-15T06:52:49.977+0000] {logging_mixin.py:190} INFO - [2024-09-15T06:52:49.976+0000] {dag.py:4156} INFO - Setting next_dagrun for example_setup_teardown to None, run_after=None
[2024-09-15T06:52:50.036+0000] {processor.py:208} INFO - Processing /home/airflow/.local/lib/python3.12/site-packages/airflow/example_dags/example_setup_teardown.py took 1.323 seconds
[2024-09-15T06:54:08.236+0000] {processor.py:186} INFO - Started process (PID=143) to work on /home/airflow/.local/lib/python3.12/site-packages/airflow/example_dags/example_setup_teardown.py
[2024-09-15T06:54:08.237+0000] {processor.py:914} INFO - Processing file /home/airflow/.local/lib/python3.12/site-packages/airflow/example_dags/example_setup_teardown.py for tasks to queue
[2024-09-15T06:54:08.242+0000] {logging_mixin.py:190} INFO - [2024-09-15T06:54:08.241+0000] {dagbag.py:587} INFO - Filling up the DagBag from /home/airflow/.local/lib/python3.12/site-packages/airflow/example_dags/example_setup_teardown.py
[2024-09-15T06:54:08.258+0000] {processor.py:925} INFO - DAG(s) 'example_setup_teardown' retrieved from /home/airflow/.local/lib/python3.12/site-packages/airflow/example_dags/example_setup_teardown.py
[2024-09-15T06:54:08.301+0000] {logging_mixin.py:190} INFO - [2024-09-15T06:54:08.300+0000] {dag.py:3229} INFO - Sync 1 DAGs
[2024-09-15T06:54:08.335+0000] {logging_mixin.py:190} INFO - [2024-09-15T06:54:08.335+0000] {dag.py:4156} INFO - Setting next_dagrun for example_setup_teardown to None, run_after=None
[2024-09-15T06:54:08.392+0000] {processor.py:208} INFO - Processing /home/airflow/.local/lib/python3.12/site-packages/airflow/example_dags/example_setup_teardown.py took 0.166 seconds
[2024-09-15T06:54:39.581+0000] {processor.py:186} INFO - Started process (PID=204) to work on /home/airflow/.local/lib/python3.12/site-packages/airflow/example_dags/example_setup_teardown.py
[2024-09-15T06:54:39.586+0000] {processor.py:914} INFO - Processing file /home/airflow/.local/lib/python3.12/site-packages/airflow/example_dags/example_setup_teardown.py for tasks to queue
[2024-09-15T06:54:39.596+0000] {logging_mixin.py:190} INFO - [2024-09-15T06:54:39.595+0000] {dagbag.py:587} INFO - Filling up the DagBag from /home/airflow/.local/lib/python3.12/site-packages/airflow/example_dags/example_setup_teardown.py
[2024-09-15T06:54:39.633+0000] {processor.py:925} INFO - DAG(s) 'example_setup_teardown' retrieved from /home/airflow/.local/lib/python3.12/site-packages/airflow/example_dags/example_setup_teardown.py
[2024-09-15T06:54:39.721+0000] {logging_mixin.py:190} INFO - [2024-09-15T06:54:39.721+0000] {dag.py:3229} INFO - Sync 1 DAGs
[2024-09-15T06:54:39.765+0000] {logging_mixin.py:190} INFO - [2024-09-15T06:54:39.765+0000] {dag.py:4156} INFO - Setting next_dagrun for example_setup_teardown to None, run_after=None
[2024-09-15T06:54:39.856+0000] {processor.py:208} INFO - Processing /home/airflow/.local/lib/python3.12/site-packages/airflow/example_dags/example_setup_teardown.py took 0.300 seconds
[2024-09-15T06:55:11.798+0000] {processor.py:186} INFO - Started process (PID=265) to work on /home/airflow/.local/lib/python3.12/site-packages/airflow/example_dags/example_setup_teardown.py
[2024-09-15T06:55:11.801+0000] {processor.py:914} INFO - Processing file /home/airflow/.local/lib/python3.12/site-packages/airflow/example_dags/example_setup_teardown.py for tasks to queue
[2024-09-15T06:55:11.806+0000] {logging_mixin.py:190} INFO - [2024-09-15T06:55:11.805+0000] {dagbag.py:587} INFO - Filling up the DagBag from /home/airflow/.local/lib/python3.12/site-packages/airflow/example_dags/example_setup_teardown.py
[2024-09-15T06:55:11.837+0000] {processor.py:925} INFO - DAG(s) 'example_setup_teardown' retrieved from /home/airflow/.local/lib/python3.12/site-packages/airflow/example_dags/example_setup_teardown.py
[2024-09-15T06:55:11.918+0000] {logging_mixin.py:190} INFO - [2024-09-15T06:55:11.918+0000] {dag.py:3229} INFO - Sync 1 DAGs
[2024-09-15T06:55:11.986+0000] {logging_mixin.py:190} INFO - [2024-09-15T06:55:11.986+0000] {dag.py:4156} INFO - Setting next_dagrun for example_setup_teardown to None, run_after=None
[2024-09-15T06:55:12.058+0000] {processor.py:208} INFO - Processing /home/airflow/.local/lib/python3.12/site-packages/airflow/example_dags/example_setup_teardown.py took 0.279 seconds
[2024-09-15T06:57:47.206+0000] {processor.py:186} INFO - Started process (PID=311) to work on /home/airflow/.local/lib/python3.12/site-packages/airflow/example_dags/example_setup_teardown.py
[2024-09-15T06:57:47.212+0000] {processor.py:914} INFO - Processing file /home/airflow/.local/lib/python3.12/site-packages/airflow/example_dags/example_setup_teardown.py for tasks to queue
[2024-09-15T06:57:47.224+0000] {logging_mixin.py:190} INFO - [2024-09-15T06:57:47.223+0000] {dagbag.py:587} INFO - Filling up the DagBag from /home/airflow/.local/lib/python3.12/site-packages/airflow/example_dags/example_setup_teardown.py
[2024-09-15T06:57:47.299+0000] {processor.py:925} INFO - DAG(s) 'example_setup_teardown' retrieved from /home/airflow/.local/lib/python3.12/site-packages/airflow/example_dags/example_setup_teardown.py
[2024-09-15T06:57:47.414+0000] {logging_mixin.py:190} INFO - [2024-09-15T06:57:47.413+0000] {dag.py:3229} INFO - Sync 1 DAGs
[2024-09-15T06:57:47.528+0000] {logging_mixin.py:190} INFO - [2024-09-15T06:57:47.527+0000] {dag.py:4156} INFO - Setting next_dagrun for example_setup_teardown to None, run_after=None
[2024-09-15T06:57:47.654+0000] {processor.py:208} INFO - Processing /home/airflow/.local/lib/python3.12/site-packages/airflow/example_dags/example_setup_teardown.py took 0.485 seconds
[2024-09-15T06:58:18.349+0000] {processor.py:186} INFO - Started process (PID=372) to work on /home/airflow/.local/lib/python3.12/site-packages/airflow/example_dags/example_setup_teardown.py
[2024-09-15T06:58:18.351+0000] {processor.py:914} INFO - Processing file /home/airflow/.local/lib/python3.12/site-packages/airflow/example_dags/example_setup_teardown.py for tasks to queue
[2024-09-15T06:58:18.354+0000] {logging_mixin.py:190} INFO - [2024-09-15T06:58:18.353+0000] {dagbag.py:587} INFO - Filling up the DagBag from /home/airflow/.local/lib/python3.12/site-packages/airflow/example_dags/example_setup_teardown.py
[2024-09-15T06:58:18.369+0000] {processor.py:925} INFO - DAG(s) 'example_setup_teardown' retrieved from /home/airflow/.local/lib/python3.12/site-packages/airflow/example_dags/example_setup_teardown.py
[2024-09-15T06:58:18.416+0000] {logging_mixin.py:190} INFO - [2024-09-15T06:58:18.415+0000] {dag.py:3229} INFO - Sync 1 DAGs
[2024-09-15T06:58:18.458+0000] {logging_mixin.py:190} INFO - [2024-09-15T06:58:18.458+0000] {dag.py:4156} INFO - Setting next_dagrun for example_setup_teardown to None, run_after=None
[2024-09-15T06:58:18.500+0000] {processor.py:208} INFO - Processing /home/airflow/.local/lib/python3.12/site-packages/airflow/example_dags/example_setup_teardown.py took 0.163 seconds
[2024-09-15T06:58:48.936+0000] {processor.py:186} INFO - Started process (PID=434) to work on /home/airflow/.local/lib/python3.12/site-packages/airflow/example_dags/example_setup_teardown.py
[2024-09-15T06:58:48.938+0000] {processor.py:914} INFO - Processing file /home/airflow/.local/lib/python3.12/site-packages/airflow/example_dags/example_setup_teardown.py for tasks to queue
[2024-09-15T06:58:48.940+0000] {logging_mixin.py:190} INFO - [2024-09-15T06:58:48.940+0000] {dagbag.py:587} INFO - Filling up the DagBag from /home/airflow/.local/lib/python3.12/site-packages/airflow/example_dags/example_setup_teardown.py
[2024-09-15T06:58:48.958+0000] {processor.py:925} INFO - DAG(s) 'example_setup_teardown' retrieved from /home/airflow/.local/lib/python3.12/site-packages/airflow/example_dags/example_setup_teardown.py
[2024-09-15T06:58:48.998+0000] {logging_mixin.py:190} INFO - [2024-09-15T06:58:48.998+0000] {dag.py:3229} INFO - Sync 1 DAGs
[2024-09-15T06:58:49.027+0000] {logging_mixin.py:190} INFO - [2024-09-15T06:58:49.027+0000] {dag.py:4156} INFO - Setting next_dagrun for example_setup_teardown to None, run_after=None
[2024-09-15T06:58:49.070+0000] {processor.py:208} INFO - Processing /home/airflow/.local/lib/python3.12/site-packages/airflow/example_dags/example_setup_teardown.py took 0.144 seconds
[2024-09-15T06:59:19.629+0000] {processor.py:186} INFO - Started process (PID=496) to work on /home/airflow/.local/lib/python3.12/site-packages/airflow/example_dags/example_setup_teardown.py
[2024-09-15T06:59:19.631+0000] {processor.py:914} INFO - Processing file /home/airflow/.local/lib/python3.12/site-packages/airflow/example_dags/example_setup_teardown.py for tasks to queue
[2024-09-15T06:59:19.635+0000] {logging_mixin.py:190} INFO - [2024-09-15T06:59:19.634+0000] {dagbag.py:587} INFO - Filling up the DagBag from /home/airflow/.local/lib/python3.12/site-packages/airflow/example_dags/example_setup_teardown.py
[2024-09-15T06:59:19.658+0000] {processor.py:925} INFO - DAG(s) 'example_setup_teardown' retrieved from /home/airflow/.local/lib/python3.12/site-packages/airflow/example_dags/example_setup_teardown.py
[2024-09-15T06:59:19.705+0000] {logging_mixin.py:190} INFO - [2024-09-15T06:59:19.704+0000] {dag.py:3229} INFO - Sync 1 DAGs
[2024-09-15T06:59:19.739+0000] {logging_mixin.py:190} INFO - [2024-09-15T06:59:19.739+0000] {dag.py:4156} INFO - Setting next_dagrun for example_setup_teardown to None, run_after=None
[2024-09-15T06:59:19.789+0000] {processor.py:208} INFO - Processing /home/airflow/.local/lib/python3.12/site-packages/airflow/example_dags/example_setup_teardown.py took 0.175 seconds
[2024-09-15T06:59:50.020+0000] {processor.py:186} INFO - Started process (PID=558) to work on /home/airflow/.local/lib/python3.12/site-packages/airflow/example_dags/example_setup_teardown.py
[2024-09-15T06:59:50.022+0000] {processor.py:914} INFO - Processing file /home/airflow/.local/lib/python3.12/site-packages/airflow/example_dags/example_setup_teardown.py for tasks to queue
[2024-09-15T06:59:50.026+0000] {logging_mixin.py:190} INFO - [2024-09-15T06:59:50.025+0000] {dagbag.py:587} INFO - Filling up the DagBag from /home/airflow/.local/lib/python3.12/site-packages/airflow/example_dags/example_setup_teardown.py
[2024-09-15T06:59:50.050+0000] {processor.py:925} INFO - DAG(s) 'example_setup_teardown' retrieved from /home/airflow/.local/lib/python3.12/site-packages/airflow/example_dags/example_setup_teardown.py
[2024-09-15T06:59:50.096+0000] {logging_mixin.py:190} INFO - [2024-09-15T06:59:50.096+0000] {dag.py:3229} INFO - Sync 1 DAGs
[2024-09-15T06:59:50.126+0000] {logging_mixin.py:190} INFO - [2024-09-15T06:59:50.125+0000] {dag.py:4156} INFO - Setting next_dagrun for example_setup_teardown to None, run_after=None
[2024-09-15T06:59:50.169+0000] {processor.py:208} INFO - Processing /home/airflow/.local/lib/python3.12/site-packages/airflow/example_dags/example_setup_teardown.py took 0.163 seconds
[2024-09-15T07:00:37.448+0000] {processor.py:186} INFO - Started process (PID=615) to work on /home/airflow/.local/lib/python3.12/site-packages/airflow/example_dags/example_setup_teardown.py
[2024-09-15T07:00:37.453+0000] {processor.py:914} INFO - Processing file /home/airflow/.local/lib/python3.12/site-packages/airflow/example_dags/example_setup_teardown.py for tasks to queue
[2024-09-15T07:00:37.464+0000] {logging_mixin.py:190} INFO - [2024-09-15T07:00:37.463+0000] {dagbag.py:587} INFO - Filling up the DagBag from /home/airflow/.local/lib/python3.12/site-packages/airflow/example_dags/example_setup_teardown.py
[2024-09-15T07:00:37.501+0000] {processor.py:925} INFO - DAG(s) 'example_setup_teardown' retrieved from /home/airflow/.local/lib/python3.12/site-packages/airflow/example_dags/example_setup_teardown.py
[2024-09-15T07:00:37.591+0000] {logging_mixin.py:190} INFO - [2024-09-15T07:00:37.591+0000] {dag.py:3229} INFO - Sync 1 DAGs
[2024-09-15T07:00:37.679+0000] {logging_mixin.py:190} INFO - [2024-09-15T07:00:37.679+0000] {dag.py:4156} INFO - Setting next_dagrun for example_setup_teardown to None, run_after=None
[2024-09-15T07:00:37.773+0000] {processor.py:208} INFO - Processing /home/airflow/.local/lib/python3.12/site-packages/airflow/example_dags/example_setup_teardown.py took 0.360 seconds
[2024-09-15T07:01:07.972+0000] {processor.py:186} INFO - Started process (PID=677) to work on /home/airflow/.local/lib/python3.12/site-packages/airflow/example_dags/example_setup_teardown.py
[2024-09-15T07:01:07.974+0000] {processor.py:914} INFO - Processing file /home/airflow/.local/lib/python3.12/site-packages/airflow/example_dags/example_setup_teardown.py for tasks to queue
[2024-09-15T07:01:07.978+0000] {logging_mixin.py:190} INFO - [2024-09-15T07:01:07.977+0000] {dagbag.py:587} INFO - Filling up the DagBag from /home/airflow/.local/lib/python3.12/site-packages/airflow/example_dags/example_setup_teardown.py
[2024-09-15T07:01:08.005+0000] {processor.py:925} INFO - DAG(s) 'example_setup_teardown' retrieved from /home/airflow/.local/lib/python3.12/site-packages/airflow/example_dags/example_setup_teardown.py
[2024-09-15T07:01:08.069+0000] {logging_mixin.py:190} INFO - [2024-09-15T07:01:08.069+0000] {dag.py:3229} INFO - Sync 1 DAGs
[2024-09-15T07:01:08.114+0000] {logging_mixin.py:190} INFO - [2024-09-15T07:01:08.113+0000] {dag.py:4156} INFO - Setting next_dagrun for example_setup_teardown to None, run_after=None
[2024-09-15T07:01:08.176+0000] {processor.py:208} INFO - Processing /home/airflow/.local/lib/python3.12/site-packages/airflow/example_dags/example_setup_teardown.py took 0.217 seconds
[2024-09-15T07:04:36.773+0000] {processor.py:186} INFO - Started process (PID=692) to work on /home/airflow/.local/lib/python3.12/site-packages/airflow/example_dags/example_setup_teardown.py
[2024-09-15T07:04:36.774+0000] {processor.py:914} INFO - Processing file /home/airflow/.local/lib/python3.12/site-packages/airflow/example_dags/example_setup_teardown.py for tasks to queue
[2024-09-15T07:04:36.777+0000] {logging_mixin.py:190} INFO - [2024-09-15T07:04:36.776+0000] {dagbag.py:587} INFO - Filling up the DagBag from /home/airflow/.local/lib/python3.12/site-packages/airflow/example_dags/example_setup_teardown.py
[2024-09-15T07:04:36.793+0000] {processor.py:925} INFO - DAG(s) 'example_setup_teardown' retrieved from /home/airflow/.local/lib/python3.12/site-packages/airflow/example_dags/example_setup_teardown.py
[2024-09-15T07:04:36.839+0000] {logging_mixin.py:190} INFO - [2024-09-15T07:04:36.838+0000] {dag.py:3229} INFO - Sync 1 DAGs
[2024-09-15T07:04:36.871+0000] {logging_mixin.py:190} INFO - [2024-09-15T07:04:36.871+0000] {dag.py:4156} INFO - Setting next_dagrun for example_setup_teardown to None, run_after=None
[2024-09-15T07:04:36.914+0000] {processor.py:208} INFO - Processing /home/airflow/.local/lib/python3.12/site-packages/airflow/example_dags/example_setup_teardown.py took 0.152 seconds
[2024-09-15T07:05:07.882+0000] {processor.py:186} INFO - Started process (PID=754) to work on /home/airflow/.local/lib/python3.12/site-packages/airflow/example_dags/example_setup_teardown.py
[2024-09-15T07:05:07.885+0000] {processor.py:914} INFO - Processing file /home/airflow/.local/lib/python3.12/site-packages/airflow/example_dags/example_setup_teardown.py for tasks to queue
[2024-09-15T07:05:07.888+0000] {logging_mixin.py:190} INFO - [2024-09-15T07:05:07.887+0000] {dagbag.py:587} INFO - Filling up the DagBag from /home/airflow/.local/lib/python3.12/site-packages/airflow/example_dags/example_setup_teardown.py
[2024-09-15T07:05:07.910+0000] {processor.py:925} INFO - DAG(s) 'example_setup_teardown' retrieved from /home/airflow/.local/lib/python3.12/site-packages/airflow/example_dags/example_setup_teardown.py
[2024-09-15T07:05:07.981+0000] {logging_mixin.py:190} INFO - [2024-09-15T07:05:07.980+0000] {dag.py:3229} INFO - Sync 1 DAGs
[2024-09-15T07:05:08.028+0000] {logging_mixin.py:190} INFO - [2024-09-15T07:05:08.028+0000] {dag.py:4156} INFO - Setting next_dagrun for example_setup_teardown to None, run_after=None
[2024-09-15T07:05:08.072+0000] {processor.py:208} INFO - Processing /home/airflow/.local/lib/python3.12/site-packages/airflow/example_dags/example_setup_teardown.py took 0.205 seconds
[2024-09-15T07:05:38.605+0000] {processor.py:186} INFO - Started process (PID=815) to work on /home/airflow/.local/lib/python3.12/site-packages/airflow/example_dags/example_setup_teardown.py
[2024-09-15T07:05:38.607+0000] {processor.py:914} INFO - Processing file /home/airflow/.local/lib/python3.12/site-packages/airflow/example_dags/example_setup_teardown.py for tasks to queue
[2024-09-15T07:05:38.610+0000] {logging_mixin.py:190} INFO - [2024-09-15T07:05:38.609+0000] {dagbag.py:587} INFO - Filling up the DagBag from /home/airflow/.local/lib/python3.12/site-packages/airflow/example_dags/example_setup_teardown.py
[2024-09-15T07:05:38.627+0000] {processor.py:925} INFO - DAG(s) 'example_setup_teardown' retrieved from /home/airflow/.local/lib/python3.12/site-packages/airflow/example_dags/example_setup_teardown.py
[2024-09-15T07:05:38.674+0000] {logging_mixin.py:190} INFO - [2024-09-15T07:05:38.674+0000] {dag.py:3229} INFO - Sync 1 DAGs
[2024-09-15T07:05:38.708+0000] {logging_mixin.py:190} INFO - [2024-09-15T07:05:38.707+0000] {dag.py:4156} INFO - Setting next_dagrun for example_setup_teardown to None, run_after=None
[2024-09-15T07:05:38.751+0000] {processor.py:208} INFO - Processing /home/airflow/.local/lib/python3.12/site-packages/airflow/example_dags/example_setup_teardown.py took 0.156 seconds
[2024-09-15T07:06:08.986+0000] {processor.py:186} INFO - Started process (PID=877) to work on /home/airflow/.local/lib/python3.12/site-packages/airflow/example_dags/example_setup_teardown.py
[2024-09-15T07:06:08.988+0000] {processor.py:914} INFO - Processing file /home/airflow/.local/lib/python3.12/site-packages/airflow/example_dags/example_setup_teardown.py for tasks to queue
[2024-09-15T07:06:08.990+0000] {logging_mixin.py:190} INFO - [2024-09-15T07:06:08.989+0000] {dagbag.py:587} INFO - Filling up the DagBag from /home/airflow/.local/lib/python3.12/site-packages/airflow/example_dags/example_setup_teardown.py
[2024-09-15T07:06:09.006+0000] {processor.py:925} INFO - DAG(s) 'example_setup_teardown' retrieved from /home/airflow/.local/lib/python3.12/site-packages/airflow/example_dags/example_setup_teardown.py
[2024-09-15T07:06:09.049+0000] {logging_mixin.py:190} INFO - [2024-09-15T07:06:09.049+0000] {dag.py:3229} INFO - Sync 1 DAGs
[2024-09-15T07:06:09.079+0000] {logging_mixin.py:190} INFO - [2024-09-15T07:06:09.079+0000] {dag.py:4156} INFO - Setting next_dagrun for example_setup_teardown to None, run_after=None
[2024-09-15T07:06:09.121+0000] {processor.py:208} INFO - Processing /home/airflow/.local/lib/python3.12/site-packages/airflow/example_dags/example_setup_teardown.py took 0.148 seconds
[2024-09-15T07:06:39.857+0000] {processor.py:186} INFO - Started process (PID=938) to work on /home/airflow/.local/lib/python3.12/site-packages/airflow/example_dags/example_setup_teardown.py
[2024-09-15T07:06:39.859+0000] {processor.py:914} INFO - Processing file /home/airflow/.local/lib/python3.12/site-packages/airflow/example_dags/example_setup_teardown.py for tasks to queue
[2024-09-15T07:06:39.863+0000] {logging_mixin.py:190} INFO - [2024-09-15T07:06:39.862+0000] {dagbag.py:587} INFO - Filling up the DagBag from /home/airflow/.local/lib/python3.12/site-packages/airflow/example_dags/example_setup_teardown.py
[2024-09-15T07:06:39.886+0000] {processor.py:925} INFO - DAG(s) 'example_setup_teardown' retrieved from /home/airflow/.local/lib/python3.12/site-packages/airflow/example_dags/example_setup_teardown.py
[2024-09-15T07:06:39.943+0000] {logging_mixin.py:190} INFO - [2024-09-15T07:06:39.942+0000] {dag.py:3229} INFO - Sync 1 DAGs
[2024-09-15T07:06:39.983+0000] {logging_mixin.py:190} INFO - [2024-09-15T07:06:39.983+0000] {dag.py:4156} INFO - Setting next_dagrun for example_setup_teardown to None, run_after=None
[2024-09-15T07:06:40.021+0000] {processor.py:208} INFO - Processing /home/airflow/.local/lib/python3.12/site-packages/airflow/example_dags/example_setup_teardown.py took 0.176 seconds
[2024-09-15T07:07:26.078+0000] {processor.py:186} INFO - Started process (PID=1001) to work on /home/airflow/.local/lib/python3.12/site-packages/airflow/example_dags/example_setup_teardown.py
[2024-09-15T07:07:26.080+0000] {processor.py:914} INFO - Processing file /home/airflow/.local/lib/python3.12/site-packages/airflow/example_dags/example_setup_teardown.py for tasks to queue
[2024-09-15T07:07:26.083+0000] {logging_mixin.py:190} INFO - [2024-09-15T07:07:26.083+0000] {dagbag.py:587} INFO - Filling up the DagBag from /home/airflow/.local/lib/python3.12/site-packages/airflow/example_dags/example_setup_teardown.py
[2024-09-15T07:07:26.104+0000] {processor.py:925} INFO - DAG(s) 'example_setup_teardown' retrieved from /home/airflow/.local/lib/python3.12/site-packages/airflow/example_dags/example_setup_teardown.py
[2024-09-15T07:07:26.218+0000] {logging_mixin.py:190} INFO - [2024-09-15T07:07:26.218+0000] {dag.py:3229} INFO - Sync 1 DAGs
[2024-09-15T07:07:26.258+0000] {logging_mixin.py:190} INFO - [2024-09-15T07:07:26.257+0000] {dag.py:4156} INFO - Setting next_dagrun for example_setup_teardown to None, run_after=None
[2024-09-15T07:07:26.311+0000] {processor.py:208} INFO - Processing /home/airflow/.local/lib/python3.12/site-packages/airflow/example_dags/example_setup_teardown.py took 0.244 seconds
[2024-09-15T07:07:56.519+0000] {processor.py:186} INFO - Started process (PID=1062) to work on /home/airflow/.local/lib/python3.12/site-packages/airflow/example_dags/example_setup_teardown.py
[2024-09-15T07:07:56.523+0000] {processor.py:914} INFO - Processing file /home/airflow/.local/lib/python3.12/site-packages/airflow/example_dags/example_setup_teardown.py for tasks to queue
[2024-09-15T07:07:56.529+0000] {logging_mixin.py:190} INFO - [2024-09-15T07:07:56.528+0000] {dagbag.py:587} INFO - Filling up the DagBag from /home/airflow/.local/lib/python3.12/site-packages/airflow/example_dags/example_setup_teardown.py
[2024-09-15T07:07:56.560+0000] {processor.py:925} INFO - DAG(s) 'example_setup_teardown' retrieved from /home/airflow/.local/lib/python3.12/site-packages/airflow/example_dags/example_setup_teardown.py
[2024-09-15T07:07:56.619+0000] {logging_mixin.py:190} INFO - [2024-09-15T07:07:56.619+0000] {dag.py:3229} INFO - Sync 1 DAGs
[2024-09-15T07:07:56.665+0000] {logging_mixin.py:190} INFO - [2024-09-15T07:07:56.664+0000] {dag.py:4156} INFO - Setting next_dagrun for example_setup_teardown to None, run_after=None
[2024-09-15T07:07:56.743+0000] {processor.py:208} INFO - Processing /home/airflow/.local/lib/python3.12/site-packages/airflow/example_dags/example_setup_teardown.py took 0.240 seconds
[2024-09-15T07:12:17.971+0000] {processor.py:186} INFO - Started process (PID=1115) to work on /home/airflow/.local/lib/python3.12/site-packages/airflow/example_dags/example_setup_teardown.py
[2024-09-15T07:12:17.974+0000] {processor.py:914} INFO - Processing file /home/airflow/.local/lib/python3.12/site-packages/airflow/example_dags/example_setup_teardown.py for tasks to queue
[2024-09-15T07:12:17.978+0000] {logging_mixin.py:190} INFO - [2024-09-15T07:12:17.977+0000] {dagbag.py:587} INFO - Filling up the DagBag from /home/airflow/.local/lib/python3.12/site-packages/airflow/example_dags/example_setup_teardown.py
[2024-09-15T07:12:18.013+0000] {processor.py:925} INFO - DAG(s) 'example_setup_teardown' retrieved from /home/airflow/.local/lib/python3.12/site-packages/airflow/example_dags/example_setup_teardown.py
[2024-09-15T07:12:18.058+0000] {logging_mixin.py:190} INFO - [2024-09-15T07:12:18.058+0000] {dag.py:3229} INFO - Sync 1 DAGs
[2024-09-15T07:12:18.089+0000] {logging_mixin.py:190} INFO - [2024-09-15T07:12:18.088+0000] {dag.py:4156} INFO - Setting next_dagrun for example_setup_teardown to None, run_after=None
[2024-09-15T07:12:18.135+0000] {processor.py:208} INFO - Processing /home/airflow/.local/lib/python3.12/site-packages/airflow/example_dags/example_setup_teardown.py took 0.181 seconds
[2024-09-15T07:12:48.791+0000] {processor.py:186} INFO - Started process (PID=1177) to work on /home/airflow/.local/lib/python3.12/site-packages/airflow/example_dags/example_setup_teardown.py
[2024-09-15T07:12:48.793+0000] {processor.py:914} INFO - Processing file /home/airflow/.local/lib/python3.12/site-packages/airflow/example_dags/example_setup_teardown.py for tasks to queue
[2024-09-15T07:12:48.797+0000] {logging_mixin.py:190} INFO - [2024-09-15T07:12:48.796+0000] {dagbag.py:587} INFO - Filling up the DagBag from /home/airflow/.local/lib/python3.12/site-packages/airflow/example_dags/example_setup_teardown.py
[2024-09-15T07:12:48.819+0000] {processor.py:925} INFO - DAG(s) 'example_setup_teardown' retrieved from /home/airflow/.local/lib/python3.12/site-packages/airflow/example_dags/example_setup_teardown.py
[2024-09-15T07:12:48.882+0000] {logging_mixin.py:190} INFO - [2024-09-15T07:12:48.881+0000] {dag.py:3229} INFO - Sync 1 DAGs
[2024-09-15T07:12:48.929+0000] {logging_mixin.py:190} INFO - [2024-09-15T07:12:48.928+0000] {dag.py:4156} INFO - Setting next_dagrun for example_setup_teardown to None, run_after=None
[2024-09-15T07:12:48.997+0000] {processor.py:208} INFO - Processing /home/airflow/.local/lib/python3.12/site-packages/airflow/example_dags/example_setup_teardown.py took 0.221 seconds
[2024-09-15T07:13:19.776+0000] {processor.py:186} INFO - Started process (PID=1239) to work on /home/airflow/.local/lib/python3.12/site-packages/airflow/example_dags/example_setup_teardown.py
[2024-09-15T07:13:19.779+0000] {processor.py:914} INFO - Processing file /home/airflow/.local/lib/python3.12/site-packages/airflow/example_dags/example_setup_teardown.py for tasks to queue
[2024-09-15T07:13:19.782+0000] {logging_mixin.py:190} INFO - [2024-09-15T07:13:19.781+0000] {dagbag.py:587} INFO - Filling up the DagBag from /home/airflow/.local/lib/python3.12/site-packages/airflow/example_dags/example_setup_teardown.py
[2024-09-15T07:13:19.799+0000] {processor.py:925} INFO - DAG(s) 'example_setup_teardown' retrieved from /home/airflow/.local/lib/python3.12/site-packages/airflow/example_dags/example_setup_teardown.py
[2024-09-15T07:13:19.837+0000] {logging_mixin.py:190} INFO - [2024-09-15T07:13:19.837+0000] {dag.py:3229} INFO - Sync 1 DAGs
[2024-09-15T07:13:19.869+0000] {logging_mixin.py:190} INFO - [2024-09-15T07:13:19.869+0000] {dag.py:4156} INFO - Setting next_dagrun for example_setup_teardown to None, run_after=None
[2024-09-15T07:13:19.914+0000] {processor.py:208} INFO - Processing /home/airflow/.local/lib/python3.12/site-packages/airflow/example_dags/example_setup_teardown.py took 0.154 seconds
[2024-09-15T07:13:50.130+0000] {processor.py:186} INFO - Started process (PID=1302) to work on /home/airflow/.local/lib/python3.12/site-packages/airflow/example_dags/example_setup_teardown.py
[2024-09-15T07:13:50.131+0000] {processor.py:914} INFO - Processing file /home/airflow/.local/lib/python3.12/site-packages/airflow/example_dags/example_setup_teardown.py for tasks to queue
[2024-09-15T07:13:50.134+0000] {logging_mixin.py:190} INFO - [2024-09-15T07:13:50.133+0000] {dagbag.py:587} INFO - Filling up the DagBag from /home/airflow/.local/lib/python3.12/site-packages/airflow/example_dags/example_setup_teardown.py
[2024-09-15T07:13:50.150+0000] {processor.py:925} INFO - DAG(s) 'example_setup_teardown' retrieved from /home/airflow/.local/lib/python3.12/site-packages/airflow/example_dags/example_setup_teardown.py
[2024-09-15T07:13:50.195+0000] {logging_mixin.py:190} INFO - [2024-09-15T07:13:50.195+0000] {dag.py:3229} INFO - Sync 1 DAGs
[2024-09-15T07:13:50.226+0000] {logging_mixin.py:190} INFO - [2024-09-15T07:13:50.226+0000] {dag.py:4156} INFO - Setting next_dagrun for example_setup_teardown to None, run_after=None
[2024-09-15T07:13:50.270+0000] {processor.py:208} INFO - Processing /home/airflow/.local/lib/python3.12/site-packages/airflow/example_dags/example_setup_teardown.py took 0.152 seconds
[2024-09-15T07:14:20.791+0000] {processor.py:186} INFO - Started process (PID=1365) to work on /home/airflow/.local/lib/python3.12/site-packages/airflow/example_dags/example_setup_teardown.py
[2024-09-15T07:14:20.794+0000] {processor.py:914} INFO - Processing file /home/airflow/.local/lib/python3.12/site-packages/airflow/example_dags/example_setup_teardown.py for tasks to queue
[2024-09-15T07:14:20.797+0000] {logging_mixin.py:190} INFO - [2024-09-15T07:14:20.796+0000] {dagbag.py:587} INFO - Filling up the DagBag from /home/airflow/.local/lib/python3.12/site-packages/airflow/example_dags/example_setup_teardown.py
[2024-09-15T07:14:20.820+0000] {processor.py:925} INFO - DAG(s) 'example_setup_teardown' retrieved from /home/airflow/.local/lib/python3.12/site-packages/airflow/example_dags/example_setup_teardown.py
[2024-09-15T07:14:20.872+0000] {logging_mixin.py:190} INFO - [2024-09-15T07:14:20.871+0000] {dag.py:3229} INFO - Sync 1 DAGs
[2024-09-15T07:14:20.913+0000] {logging_mixin.py:190} INFO - [2024-09-15T07:14:20.913+0000] {dag.py:4156} INFO - Setting next_dagrun for example_setup_teardown to None, run_after=None
[2024-09-15T07:14:20.963+0000] {processor.py:208} INFO - Processing /home/airflow/.local/lib/python3.12/site-packages/airflow/example_dags/example_setup_teardown.py took 0.185 seconds
[2024-09-15T07:14:51.303+0000] {processor.py:186} INFO - Started process (PID=1427) to work on /home/airflow/.local/lib/python3.12/site-packages/airflow/example_dags/example_setup_teardown.py
[2024-09-15T07:14:51.305+0000] {processor.py:914} INFO - Processing file /home/airflow/.local/lib/python3.12/site-packages/airflow/example_dags/example_setup_teardown.py for tasks to queue
[2024-09-15T07:14:51.308+0000] {logging_mixin.py:190} INFO - [2024-09-15T07:14:51.307+0000] {dagbag.py:587} INFO - Filling up the DagBag from /home/airflow/.local/lib/python3.12/site-packages/airflow/example_dags/example_setup_teardown.py
[2024-09-15T07:14:51.323+0000] {processor.py:925} INFO - DAG(s) 'example_setup_teardown' retrieved from /home/airflow/.local/lib/python3.12/site-packages/airflow/example_dags/example_setup_teardown.py
[2024-09-15T07:14:51.370+0000] {logging_mixin.py:190} INFO - [2024-09-15T07:14:51.369+0000] {dag.py:3229} INFO - Sync 1 DAGs
[2024-09-15T07:14:51.410+0000] {logging_mixin.py:190} INFO - [2024-09-15T07:14:51.409+0000] {dag.py:4156} INFO - Setting next_dagrun for example_setup_teardown to None, run_after=None
[2024-09-15T07:14:51.456+0000] {processor.py:208} INFO - Processing /home/airflow/.local/lib/python3.12/site-packages/airflow/example_dags/example_setup_teardown.py took 0.168 seconds
[2024-09-15T07:15:21.850+0000] {processor.py:186} INFO - Started process (PID=1487) to work on /home/airflow/.local/lib/python3.12/site-packages/airflow/example_dags/example_setup_teardown.py
[2024-09-15T07:15:21.852+0000] {processor.py:914} INFO - Processing file /home/airflow/.local/lib/python3.12/site-packages/airflow/example_dags/example_setup_teardown.py for tasks to queue
[2024-09-15T07:15:21.856+0000] {logging_mixin.py:190} INFO - [2024-09-15T07:15:21.855+0000] {dagbag.py:587} INFO - Filling up the DagBag from /home/airflow/.local/lib/python3.12/site-packages/airflow/example_dags/example_setup_teardown.py
[2024-09-15T07:15:21.880+0000] {processor.py:925} INFO - DAG(s) 'example_setup_teardown' retrieved from /home/airflow/.local/lib/python3.12/site-packages/airflow/example_dags/example_setup_teardown.py
[2024-09-15T07:15:21.955+0000] {logging_mixin.py:190} INFO - [2024-09-15T07:15:21.954+0000] {dag.py:3229} INFO - Sync 1 DAGs
[2024-09-15T07:15:22.009+0000] {logging_mixin.py:190} INFO - [2024-09-15T07:15:22.009+0000] {dag.py:4156} INFO - Setting next_dagrun for example_setup_teardown to None, run_after=None
[2024-09-15T07:15:22.102+0000] {processor.py:208} INFO - Processing /home/airflow/.local/lib/python3.12/site-packages/airflow/example_dags/example_setup_teardown.py took 0.268 seconds
[2024-09-15T07:15:53.230+0000] {processor.py:186} INFO - Started process (PID=1549) to work on /home/airflow/.local/lib/python3.12/site-packages/airflow/example_dags/example_setup_teardown.py
[2024-09-15T07:15:53.232+0000] {processor.py:914} INFO - Processing file /home/airflow/.local/lib/python3.12/site-packages/airflow/example_dags/example_setup_teardown.py for tasks to queue
[2024-09-15T07:15:53.234+0000] {logging_mixin.py:190} INFO - [2024-09-15T07:15:53.233+0000] {dagbag.py:587} INFO - Filling up the DagBag from /home/airflow/.local/lib/python3.12/site-packages/airflow/example_dags/example_setup_teardown.py
[2024-09-15T07:15:53.252+0000] {processor.py:925} INFO - DAG(s) 'example_setup_teardown' retrieved from /home/airflow/.local/lib/python3.12/site-packages/airflow/example_dags/example_setup_teardown.py
[2024-09-15T07:15:53.293+0000] {logging_mixin.py:190} INFO - [2024-09-15T07:15:53.292+0000] {dag.py:3229} INFO - Sync 1 DAGs
[2024-09-15T07:15:53.320+0000] {logging_mixin.py:190} INFO - [2024-09-15T07:15:53.320+0000] {dag.py:4156} INFO - Setting next_dagrun for example_setup_teardown to None, run_after=None
[2024-09-15T07:15:53.357+0000] {processor.py:208} INFO - Processing /home/airflow/.local/lib/python3.12/site-packages/airflow/example_dags/example_setup_teardown.py took 0.139 seconds
[2024-09-15T07:18:21.509+0000] {processor.py:186} INFO - Started process (PID=1605) to work on /home/airflow/.local/lib/python3.12/site-packages/airflow/example_dags/example_setup_teardown.py
[2024-09-15T07:18:21.514+0000] {processor.py:914} INFO - Processing file /home/airflow/.local/lib/python3.12/site-packages/airflow/example_dags/example_setup_teardown.py for tasks to queue
[2024-09-15T07:18:21.519+0000] {logging_mixin.py:190} INFO - [2024-09-15T07:18:21.518+0000] {dagbag.py:587} INFO - Filling up the DagBag from /home/airflow/.local/lib/python3.12/site-packages/airflow/example_dags/example_setup_teardown.py
[2024-09-15T07:18:21.555+0000] {processor.py:925} INFO - DAG(s) 'example_setup_teardown' retrieved from /home/airflow/.local/lib/python3.12/site-packages/airflow/example_dags/example_setup_teardown.py
[2024-09-15T07:18:21.616+0000] {logging_mixin.py:190} INFO - [2024-09-15T07:18:21.613+0000] {dag.py:3229} INFO - Sync 1 DAGs
[2024-09-15T07:18:21.669+0000] {logging_mixin.py:190} INFO - [2024-09-15T07:18:21.668+0000] {dag.py:4156} INFO - Setting next_dagrun for example_setup_teardown to None, run_after=None
[2024-09-15T07:18:21.728+0000] {processor.py:208} INFO - Processing /home/airflow/.local/lib/python3.12/site-packages/airflow/example_dags/example_setup_teardown.py took 0.235 seconds
[2024-09-15T07:18:52.293+0000] {processor.py:186} INFO - Started process (PID=1667) to work on /home/airflow/.local/lib/python3.12/site-packages/airflow/example_dags/example_setup_teardown.py
[2024-09-15T07:18:52.295+0000] {processor.py:914} INFO - Processing file /home/airflow/.local/lib/python3.12/site-packages/airflow/example_dags/example_setup_teardown.py for tasks to queue
[2024-09-15T07:18:52.298+0000] {logging_mixin.py:190} INFO - [2024-09-15T07:18:52.298+0000] {dagbag.py:587} INFO - Filling up the DagBag from /home/airflow/.local/lib/python3.12/site-packages/airflow/example_dags/example_setup_teardown.py
[2024-09-15T07:18:52.315+0000] {processor.py:925} INFO - DAG(s) 'example_setup_teardown' retrieved from /home/airflow/.local/lib/python3.12/site-packages/airflow/example_dags/example_setup_teardown.py
[2024-09-15T07:18:52.367+0000] {logging_mixin.py:190} INFO - [2024-09-15T07:18:52.366+0000] {dag.py:3229} INFO - Sync 1 DAGs
[2024-09-15T07:18:52.417+0000] {logging_mixin.py:190} INFO - [2024-09-15T07:18:52.416+0000] {dag.py:4156} INFO - Setting next_dagrun for example_setup_teardown to None, run_after=None
[2024-09-15T07:18:52.480+0000] {processor.py:208} INFO - Processing /home/airflow/.local/lib/python3.12/site-packages/airflow/example_dags/example_setup_teardown.py took 0.201 seconds
[2024-09-15T07:19:23.149+0000] {processor.py:186} INFO - Started process (PID=1729) to work on /home/airflow/.local/lib/python3.12/site-packages/airflow/example_dags/example_setup_teardown.py
[2024-09-15T07:19:23.151+0000] {processor.py:914} INFO - Processing file /home/airflow/.local/lib/python3.12/site-packages/airflow/example_dags/example_setup_teardown.py for tasks to queue
[2024-09-15T07:19:23.153+0000] {logging_mixin.py:190} INFO - [2024-09-15T07:19:23.153+0000] {dagbag.py:587} INFO - Filling up the DagBag from /home/airflow/.local/lib/python3.12/site-packages/airflow/example_dags/example_setup_teardown.py
[2024-09-15T07:19:23.168+0000] {processor.py:925} INFO - DAG(s) 'example_setup_teardown' retrieved from /home/airflow/.local/lib/python3.12/site-packages/airflow/example_dags/example_setup_teardown.py
[2024-09-15T07:19:23.205+0000] {logging_mixin.py:190} INFO - [2024-09-15T07:19:23.205+0000] {dag.py:3229} INFO - Sync 1 DAGs
[2024-09-15T07:19:23.233+0000] {logging_mixin.py:190} INFO - [2024-09-15T07:19:23.233+0000] {dag.py:4156} INFO - Setting next_dagrun for example_setup_teardown to None, run_after=None
[2024-09-15T07:19:23.269+0000] {processor.py:208} INFO - Processing /home/airflow/.local/lib/python3.12/site-packages/airflow/example_dags/example_setup_teardown.py took 0.130 seconds
[2024-09-15T07:19:53.642+0000] {processor.py:186} INFO - Started process (PID=1791) to work on /home/airflow/.local/lib/python3.12/site-packages/airflow/example_dags/example_setup_teardown.py
[2024-09-15T07:19:53.644+0000] {processor.py:914} INFO - Processing file /home/airflow/.local/lib/python3.12/site-packages/airflow/example_dags/example_setup_teardown.py for tasks to queue
[2024-09-15T07:19:53.647+0000] {logging_mixin.py:190} INFO - [2024-09-15T07:19:53.646+0000] {dagbag.py:587} INFO - Filling up the DagBag from /home/airflow/.local/lib/python3.12/site-packages/airflow/example_dags/example_setup_teardown.py
[2024-09-15T07:19:53.664+0000] {processor.py:925} INFO - DAG(s) 'example_setup_teardown' retrieved from /home/airflow/.local/lib/python3.12/site-packages/airflow/example_dags/example_setup_teardown.py
[2024-09-15T07:19:53.707+0000] {logging_mixin.py:190} INFO - [2024-09-15T07:19:53.707+0000] {dag.py:3229} INFO - Sync 1 DAGs
[2024-09-15T07:19:53.742+0000] {logging_mixin.py:190} INFO - [2024-09-15T07:19:53.741+0000] {dag.py:4156} INFO - Setting next_dagrun for example_setup_teardown to None, run_after=None
[2024-09-15T07:19:53.781+0000] {processor.py:208} INFO - Processing /home/airflow/.local/lib/python3.12/site-packages/airflow/example_dags/example_setup_teardown.py took 0.150 seconds
[2024-09-15T07:20:24.118+0000] {processor.py:186} INFO - Started process (PID=1853) to work on /home/airflow/.local/lib/python3.12/site-packages/airflow/example_dags/example_setup_teardown.py
[2024-09-15T07:20:24.120+0000] {processor.py:914} INFO - Processing file /home/airflow/.local/lib/python3.12/site-packages/airflow/example_dags/example_setup_teardown.py for tasks to queue
[2024-09-15T07:20:24.123+0000] {logging_mixin.py:190} INFO - [2024-09-15T07:20:24.122+0000] {dagbag.py:587} INFO - Filling up the DagBag from /home/airflow/.local/lib/python3.12/site-packages/airflow/example_dags/example_setup_teardown.py
[2024-09-15T07:20:24.141+0000] {processor.py:925} INFO - DAG(s) 'example_setup_teardown' retrieved from /home/airflow/.local/lib/python3.12/site-packages/airflow/example_dags/example_setup_teardown.py
[2024-09-15T07:20:24.191+0000] {logging_mixin.py:190} INFO - [2024-09-15T07:20:24.190+0000] {dag.py:3229} INFO - Sync 1 DAGs
[2024-09-15T07:20:24.234+0000] {logging_mixin.py:190} INFO - [2024-09-15T07:20:24.234+0000] {dag.py:4156} INFO - Setting next_dagrun for example_setup_teardown to None, run_after=None
[2024-09-15T07:20:24.284+0000] {processor.py:208} INFO - Processing /home/airflow/.local/lib/python3.12/site-packages/airflow/example_dags/example_setup_teardown.py took 0.180 seconds
[2024-09-15T07:23:01.903+0000] {processor.py:186} INFO - Started process (PID=1912) to work on /home/airflow/.local/lib/python3.12/site-packages/airflow/example_dags/example_setup_teardown.py
[2024-09-15T07:23:01.914+0000] {processor.py:914} INFO - Processing file /home/airflow/.local/lib/python3.12/site-packages/airflow/example_dags/example_setup_teardown.py for tasks to queue
[2024-09-15T07:23:01.918+0000] {logging_mixin.py:190} INFO - [2024-09-15T07:23:01.917+0000] {dagbag.py:587} INFO - Filling up the DagBag from /home/airflow/.local/lib/python3.12/site-packages/airflow/example_dags/example_setup_teardown.py
[2024-09-15T07:23:01.947+0000] {processor.py:925} INFO - DAG(s) 'example_setup_teardown' retrieved from /home/airflow/.local/lib/python3.12/site-packages/airflow/example_dags/example_setup_teardown.py
[2024-09-15T07:23:02.008+0000] {logging_mixin.py:190} INFO - [2024-09-15T07:23:02.007+0000] {dag.py:3229} INFO - Sync 1 DAGs
[2024-09-15T07:23:02.052+0000] {logging_mixin.py:190} INFO - [2024-09-15T07:23:02.051+0000] {dag.py:4156} INFO - Setting next_dagrun for example_setup_teardown to None, run_after=None
[2024-09-15T07:23:02.101+0000] {processor.py:208} INFO - Processing /home/airflow/.local/lib/python3.12/site-packages/airflow/example_dags/example_setup_teardown.py took 0.221 seconds
[2024-09-15T07:23:32.614+0000] {processor.py:186} INFO - Started process (PID=1974) to work on /home/airflow/.local/lib/python3.12/site-packages/airflow/example_dags/example_setup_teardown.py
[2024-09-15T07:23:32.616+0000] {processor.py:914} INFO - Processing file /home/airflow/.local/lib/python3.12/site-packages/airflow/example_dags/example_setup_teardown.py for tasks to queue
[2024-09-15T07:23:32.619+0000] {logging_mixin.py:190} INFO - [2024-09-15T07:23:32.618+0000] {dagbag.py:587} INFO - Filling up the DagBag from /home/airflow/.local/lib/python3.12/site-packages/airflow/example_dags/example_setup_teardown.py
[2024-09-15T07:23:32.640+0000] {processor.py:925} INFO - DAG(s) 'example_setup_teardown' retrieved from /home/airflow/.local/lib/python3.12/site-packages/airflow/example_dags/example_setup_teardown.py
[2024-09-15T07:23:32.690+0000] {logging_mixin.py:190} INFO - [2024-09-15T07:23:32.689+0000] {dag.py:3229} INFO - Sync 1 DAGs
[2024-09-15T07:23:32.731+0000] {logging_mixin.py:190} INFO - [2024-09-15T07:23:32.730+0000] {dag.py:4156} INFO - Setting next_dagrun for example_setup_teardown to None, run_after=None
[2024-09-15T07:23:32.784+0000] {processor.py:208} INFO - Processing /home/airflow/.local/lib/python3.12/site-packages/airflow/example_dags/example_setup_teardown.py took 0.184 seconds
[2024-09-15T07:24:03.363+0000] {processor.py:186} INFO - Started process (PID=2036) to work on /home/airflow/.local/lib/python3.12/site-packages/airflow/example_dags/example_setup_teardown.py
[2024-09-15T07:24:03.365+0000] {processor.py:914} INFO - Processing file /home/airflow/.local/lib/python3.12/site-packages/airflow/example_dags/example_setup_teardown.py for tasks to queue
[2024-09-15T07:24:03.370+0000] {logging_mixin.py:190} INFO - [2024-09-15T07:24:03.368+0000] {dagbag.py:587} INFO - Filling up the DagBag from /home/airflow/.local/lib/python3.12/site-packages/airflow/example_dags/example_setup_teardown.py
[2024-09-15T07:24:03.390+0000] {processor.py:925} INFO - DAG(s) 'example_setup_teardown' retrieved from /home/airflow/.local/lib/python3.12/site-packages/airflow/example_dags/example_setup_teardown.py
[2024-09-15T07:24:03.427+0000] {logging_mixin.py:190} INFO - [2024-09-15T07:24:03.427+0000] {dag.py:3229} INFO - Sync 1 DAGs
[2024-09-15T07:24:03.460+0000] {logging_mixin.py:190} INFO - [2024-09-15T07:24:03.460+0000] {dag.py:4156} INFO - Setting next_dagrun for example_setup_teardown to None, run_after=None
[2024-09-15T07:24:03.495+0000] {processor.py:208} INFO - Processing /home/airflow/.local/lib/python3.12/site-packages/airflow/example_dags/example_setup_teardown.py took 0.142 seconds
[2024-09-15T07:24:33.971+0000] {processor.py:186} INFO - Started process (PID=2098) to work on /home/airflow/.local/lib/python3.12/site-packages/airflow/example_dags/example_setup_teardown.py
[2024-09-15T07:24:33.972+0000] {processor.py:914} INFO - Processing file /home/airflow/.local/lib/python3.12/site-packages/airflow/example_dags/example_setup_teardown.py for tasks to queue
[2024-09-15T07:24:33.974+0000] {logging_mixin.py:190} INFO - [2024-09-15T07:24:33.974+0000] {dagbag.py:587} INFO - Filling up the DagBag from /home/airflow/.local/lib/python3.12/site-packages/airflow/example_dags/example_setup_teardown.py
[2024-09-15T07:24:33.989+0000] {processor.py:925} INFO - DAG(s) 'example_setup_teardown' retrieved from /home/airflow/.local/lib/python3.12/site-packages/airflow/example_dags/example_setup_teardown.py
[2024-09-15T07:24:34.036+0000] {logging_mixin.py:190} INFO - [2024-09-15T07:24:34.035+0000] {dag.py:3229} INFO - Sync 1 DAGs
[2024-09-15T07:24:34.077+0000] {logging_mixin.py:190} INFO - [2024-09-15T07:24:34.076+0000] {dag.py:4156} INFO - Setting next_dagrun for example_setup_teardown to None, run_after=None
[2024-09-15T07:24:34.136+0000] {processor.py:208} INFO - Processing /home/airflow/.local/lib/python3.12/site-packages/airflow/example_dags/example_setup_teardown.py took 0.177 seconds
[2024-09-15T07:25:04.496+0000] {processor.py:186} INFO - Started process (PID=2160) to work on /home/airflow/.local/lib/python3.12/site-packages/airflow/example_dags/example_setup_teardown.py
[2024-09-15T07:25:04.498+0000] {processor.py:914} INFO - Processing file /home/airflow/.local/lib/python3.12/site-packages/airflow/example_dags/example_setup_teardown.py for tasks to queue
[2024-09-15T07:25:04.501+0000] {logging_mixin.py:190} INFO - [2024-09-15T07:25:04.500+0000] {dagbag.py:587} INFO - Filling up the DagBag from /home/airflow/.local/lib/python3.12/site-packages/airflow/example_dags/example_setup_teardown.py
[2024-09-15T07:25:04.522+0000] {processor.py:925} INFO - DAG(s) 'example_setup_teardown' retrieved from /home/airflow/.local/lib/python3.12/site-packages/airflow/example_dags/example_setup_teardown.py
[2024-09-15T07:25:04.568+0000] {logging_mixin.py:190} INFO - [2024-09-15T07:25:04.568+0000] {dag.py:3229} INFO - Sync 1 DAGs
[2024-09-15T07:25:04.609+0000] {logging_mixin.py:190} INFO - [2024-09-15T07:25:04.609+0000] {dag.py:4156} INFO - Setting next_dagrun for example_setup_teardown to None, run_after=None
[2024-09-15T07:25:04.646+0000] {processor.py:208} INFO - Processing /home/airflow/.local/lib/python3.12/site-packages/airflow/example_dags/example_setup_teardown.py took 0.165 seconds
[2024-09-15T08:02:09.507+0000] {processor.py:186} INFO - Started process (PID=2220) to work on /home/airflow/.local/lib/python3.12/site-packages/airflow/example_dags/example_setup_teardown.py
[2024-09-15T08:02:09.521+0000] {processor.py:914} INFO - Processing file /home/airflow/.local/lib/python3.12/site-packages/airflow/example_dags/example_setup_teardown.py for tasks to queue
[2024-09-15T08:02:09.524+0000] {logging_mixin.py:190} INFO - [2024-09-15T08:02:09.524+0000] {dagbag.py:587} INFO - Filling up the DagBag from /home/airflow/.local/lib/python3.12/site-packages/airflow/example_dags/example_setup_teardown.py
[2024-09-15T08:02:09.567+0000] {processor.py:925} INFO - DAG(s) 'example_setup_teardown' retrieved from /home/airflow/.local/lib/python3.12/site-packages/airflow/example_dags/example_setup_teardown.py
[2024-09-15T08:02:09.663+0000] {logging_mixin.py:190} INFO - [2024-09-15T08:02:09.662+0000] {dag.py:3229} INFO - Sync 1 DAGs
[2024-09-15T08:02:09.752+0000] {logging_mixin.py:190} INFO - [2024-09-15T08:02:09.751+0000] {dag.py:4156} INFO - Setting next_dagrun for example_setup_teardown to None, run_after=None
[2024-09-15T08:02:09.898+0000] {processor.py:208} INFO - Processing /home/airflow/.local/lib/python3.12/site-packages/airflow/example_dags/example_setup_teardown.py took 0.402 seconds
