[2024-09-15T06:52:53.570+0000] {processor.py:186} INFO - Started process (PID=89) to work on /home/airflow/.local/lib/python3.12/site-packages/airflow/example_dags/example_trigger_target_dag.py
[2024-09-15T06:52:53.573+0000] {processor.py:914} INFO - Processing file /home/airflow/.local/lib/python3.12/site-packages/airflow/example_dags/example_trigger_target_dag.py for tasks to queue
[2024-09-15T06:52:53.578+0000] {logging_mixin.py:190} INFO - [2024-09-15T06:52:53.578+0000] {dagbag.py:587} INFO - Filling up the DagBag from /home/airflow/.local/lib/python3.12/site-packages/airflow/example_dags/example_trigger_target_dag.py
[2024-09-15T06:52:53.597+0000] {processor.py:925} INFO - DAG(s) 'example_trigger_target_dag' retrieved from /home/airflow/.local/lib/python3.12/site-packages/airflow/example_dags/example_trigger_target_dag.py
[2024-09-15T06:52:53.955+0000] {logging_mixin.py:190} INFO - [2024-09-15T06:52:53.953+0000] {override.py:1900} INFO - Created Permission View: can delete on DAG:example_trigger_target_dag
[2024-09-15T06:52:53.991+0000] {logging_mixin.py:190} INFO - [2024-09-15T06:52:53.988+0000] {override.py:1900} INFO - Created Permission View: can edit on DAG:example_trigger_target_dag
[2024-09-15T06:52:54.026+0000] {logging_mixin.py:190} INFO - [2024-09-15T06:52:54.024+0000] {override.py:1900} INFO - Created Permission View: can read on DAG:example_trigger_target_dag
[2024-09-15T06:52:54.050+0000] {logging_mixin.py:190} INFO - [2024-09-15T06:52:54.050+0000] {override.py:1900} INFO - Created Permission View: can delete on DAG Run:example_trigger_target_dag
[2024-09-15T06:52:54.079+0000] {logging_mixin.py:190} INFO - [2024-09-15T06:52:54.078+0000] {override.py:1900} INFO - Created Permission View: can create on DAG Run:example_trigger_target_dag
[2024-09-15T06:52:54.102+0000] {logging_mixin.py:190} INFO - [2024-09-15T06:52:54.101+0000] {override.py:1900} INFO - Created Permission View: can read on DAG Run:example_trigger_target_dag
[2024-09-15T06:52:54.132+0000] {logging_mixin.py:190} INFO - [2024-09-15T06:52:54.131+0000] {override.py:1900} INFO - Created Permission View: menu access on DAG Run:example_trigger_target_dag
[2024-09-15T06:52:54.137+0000] {logging_mixin.py:190} INFO - [2024-09-15T06:52:54.136+0000] {dag.py:3229} INFO - Sync 1 DAGs
[2024-09-15T06:52:54.193+0000] {logging_mixin.py:190} INFO - [2024-09-15T06:52:54.193+0000] {dag.py:3252} INFO - Creating ORM DAG for example_trigger_target_dag
[2024-09-15T06:52:54.195+0000] {logging_mixin.py:190} INFO - [2024-09-15T06:52:54.195+0000] {dag.py:4156} INFO - Setting next_dagrun for example_trigger_target_dag to None, run_after=None
[2024-09-15T06:52:54.245+0000] {processor.py:208} INFO - Processing /home/airflow/.local/lib/python3.12/site-packages/airflow/example_dags/example_trigger_target_dag.py took 0.691 seconds
[2024-09-15T06:54:09.523+0000] {processor.py:186} INFO - Started process (PID=151) to work on /home/airflow/.local/lib/python3.12/site-packages/airflow/example_dags/example_trigger_target_dag.py
[2024-09-15T06:54:09.525+0000] {processor.py:914} INFO - Processing file /home/airflow/.local/lib/python3.12/site-packages/airflow/example_dags/example_trigger_target_dag.py for tasks to queue
[2024-09-15T06:54:09.531+0000] {logging_mixin.py:190} INFO - [2024-09-15T06:54:09.530+0000] {dagbag.py:587} INFO - Filling up the DagBag from /home/airflow/.local/lib/python3.12/site-packages/airflow/example_dags/example_trigger_target_dag.py
[2024-09-15T06:54:09.545+0000] {processor.py:925} INFO - DAG(s) 'example_trigger_target_dag' retrieved from /home/airflow/.local/lib/python3.12/site-packages/airflow/example_dags/example_trigger_target_dag.py
[2024-09-15T06:54:09.589+0000] {logging_mixin.py:190} INFO - [2024-09-15T06:54:09.588+0000] {dag.py:3229} INFO - Sync 1 DAGs
[2024-09-15T06:54:09.635+0000] {logging_mixin.py:190} INFO - [2024-09-15T06:54:09.634+0000] {dag.py:4156} INFO - Setting next_dagrun for example_trigger_target_dag to None, run_after=None
[2024-09-15T06:54:09.700+0000] {processor.py:208} INFO - Processing /home/airflow/.local/lib/python3.12/site-packages/airflow/example_dags/example_trigger_target_dag.py took 0.190 seconds
[2024-09-15T06:54:41.641+0000] {processor.py:186} INFO - Started process (PID=213) to work on /home/airflow/.local/lib/python3.12/site-packages/airflow/example_dags/example_trigger_target_dag.py
[2024-09-15T06:54:41.643+0000] {processor.py:914} INFO - Processing file /home/airflow/.local/lib/python3.12/site-packages/airflow/example_dags/example_trigger_target_dag.py for tasks to queue
[2024-09-15T06:54:41.649+0000] {logging_mixin.py:190} INFO - [2024-09-15T06:54:41.648+0000] {dagbag.py:587} INFO - Filling up the DagBag from /home/airflow/.local/lib/python3.12/site-packages/airflow/example_dags/example_trigger_target_dag.py
[2024-09-15T06:54:41.670+0000] {processor.py:925} INFO - DAG(s) 'example_trigger_target_dag' retrieved from /home/airflow/.local/lib/python3.12/site-packages/airflow/example_dags/example_trigger_target_dag.py
[2024-09-15T06:54:41.739+0000] {logging_mixin.py:190} INFO - [2024-09-15T06:54:41.738+0000] {dag.py:3229} INFO - Sync 1 DAGs
[2024-09-15T06:54:41.818+0000] {logging_mixin.py:190} INFO - [2024-09-15T06:54:41.818+0000] {dag.py:4156} INFO - Setting next_dagrun for example_trigger_target_dag to None, run_after=None
[2024-09-15T06:54:41.903+0000] {processor.py:208} INFO - Processing /home/airflow/.local/lib/python3.12/site-packages/airflow/example_dags/example_trigger_target_dag.py took 0.278 seconds
[2024-09-15T06:55:15.152+0000] {processor.py:186} INFO - Started process (PID=275) to work on /home/airflow/.local/lib/python3.12/site-packages/airflow/example_dags/example_trigger_target_dag.py
[2024-09-15T06:55:15.158+0000] {processor.py:914} INFO - Processing file /home/airflow/.local/lib/python3.12/site-packages/airflow/example_dags/example_trigger_target_dag.py for tasks to queue
[2024-09-15T06:55:15.163+0000] {logging_mixin.py:190} INFO - [2024-09-15T06:55:15.162+0000] {dagbag.py:587} INFO - Filling up the DagBag from /home/airflow/.local/lib/python3.12/site-packages/airflow/example_dags/example_trigger_target_dag.py
[2024-09-15T06:55:15.188+0000] {processor.py:925} INFO - DAG(s) 'example_trigger_target_dag' retrieved from /home/airflow/.local/lib/python3.12/site-packages/airflow/example_dags/example_trigger_target_dag.py
[2024-09-15T06:55:15.238+0000] {logging_mixin.py:190} INFO - [2024-09-15T06:55:15.237+0000] {dag.py:3229} INFO - Sync 1 DAGs
[2024-09-15T06:55:15.275+0000] {logging_mixin.py:190} INFO - [2024-09-15T06:55:15.275+0000] {dag.py:4156} INFO - Setting next_dagrun for example_trigger_target_dag to None, run_after=None
[2024-09-15T06:55:15.330+0000] {processor.py:208} INFO - Processing /home/airflow/.local/lib/python3.12/site-packages/airflow/example_dags/example_trigger_target_dag.py took 0.194 seconds
[2024-09-15T06:57:50.012+0000] {processor.py:186} INFO - Started process (PID=319) to work on /home/airflow/.local/lib/python3.12/site-packages/airflow/example_dags/example_trigger_target_dag.py
[2024-09-15T06:57:50.015+0000] {processor.py:914} INFO - Processing file /home/airflow/.local/lib/python3.12/site-packages/airflow/example_dags/example_trigger_target_dag.py for tasks to queue
[2024-09-15T06:57:50.018+0000] {logging_mixin.py:190} INFO - [2024-09-15T06:57:50.018+0000] {dagbag.py:587} INFO - Filling up the DagBag from /home/airflow/.local/lib/python3.12/site-packages/airflow/example_dags/example_trigger_target_dag.py
[2024-09-15T06:57:50.036+0000] {processor.py:925} INFO - DAG(s) 'example_trigger_target_dag' retrieved from /home/airflow/.local/lib/python3.12/site-packages/airflow/example_dags/example_trigger_target_dag.py
[2024-09-15T06:57:50.081+0000] {logging_mixin.py:190} INFO - [2024-09-15T06:57:50.081+0000] {dag.py:3229} INFO - Sync 1 DAGs
[2024-09-15T06:57:50.117+0000] {logging_mixin.py:190} INFO - [2024-09-15T06:57:50.116+0000] {dag.py:4156} INFO - Setting next_dagrun for example_trigger_target_dag to None, run_after=None
[2024-09-15T06:57:50.153+0000] {processor.py:208} INFO - Processing /home/airflow/.local/lib/python3.12/site-packages/airflow/example_dags/example_trigger_target_dag.py took 0.161 seconds
[2024-09-15T06:58:20.409+0000] {processor.py:186} INFO - Started process (PID=381) to work on /home/airflow/.local/lib/python3.12/site-packages/airflow/example_dags/example_trigger_target_dag.py
[2024-09-15T06:58:20.411+0000] {processor.py:914} INFO - Processing file /home/airflow/.local/lib/python3.12/site-packages/airflow/example_dags/example_trigger_target_dag.py for tasks to queue
[2024-09-15T06:58:20.414+0000] {logging_mixin.py:190} INFO - [2024-09-15T06:58:20.413+0000] {dagbag.py:587} INFO - Filling up the DagBag from /home/airflow/.local/lib/python3.12/site-packages/airflow/example_dags/example_trigger_target_dag.py
[2024-09-15T06:58:20.433+0000] {processor.py:925} INFO - DAG(s) 'example_trigger_target_dag' retrieved from /home/airflow/.local/lib/python3.12/site-packages/airflow/example_dags/example_trigger_target_dag.py
[2024-09-15T06:58:20.499+0000] {logging_mixin.py:190} INFO - [2024-09-15T06:58:20.498+0000] {dag.py:3229} INFO - Sync 1 DAGs
[2024-09-15T06:58:20.586+0000] {logging_mixin.py:190} INFO - [2024-09-15T06:58:20.585+0000] {dag.py:4156} INFO - Setting next_dagrun for example_trigger_target_dag to None, run_after=None
[2024-09-15T06:58:20.654+0000] {processor.py:208} INFO - Processing /home/airflow/.local/lib/python3.12/site-packages/airflow/example_dags/example_trigger_target_dag.py took 0.259 seconds
[2024-09-15T06:58:50.861+0000] {processor.py:186} INFO - Started process (PID=443) to work on /home/airflow/.local/lib/python3.12/site-packages/airflow/example_dags/example_trigger_target_dag.py
[2024-09-15T06:58:50.863+0000] {processor.py:914} INFO - Processing file /home/airflow/.local/lib/python3.12/site-packages/airflow/example_dags/example_trigger_target_dag.py for tasks to queue
[2024-09-15T06:58:50.865+0000] {logging_mixin.py:190} INFO - [2024-09-15T06:58:50.865+0000] {dagbag.py:587} INFO - Filling up the DagBag from /home/airflow/.local/lib/python3.12/site-packages/airflow/example_dags/example_trigger_target_dag.py
[2024-09-15T06:58:50.878+0000] {processor.py:925} INFO - DAG(s) 'example_trigger_target_dag' retrieved from /home/airflow/.local/lib/python3.12/site-packages/airflow/example_dags/example_trigger_target_dag.py
[2024-09-15T06:58:50.917+0000] {logging_mixin.py:190} INFO - [2024-09-15T06:58:50.916+0000] {dag.py:3229} INFO - Sync 1 DAGs
[2024-09-15T06:58:50.948+0000] {logging_mixin.py:190} INFO - [2024-09-15T06:58:50.948+0000] {dag.py:4156} INFO - Setting next_dagrun for example_trigger_target_dag to None, run_after=None
[2024-09-15T06:58:50.984+0000] {processor.py:208} INFO - Processing /home/airflow/.local/lib/python3.12/site-packages/airflow/example_dags/example_trigger_target_dag.py took 0.133 seconds
[2024-09-15T06:59:21.577+0000] {processor.py:186} INFO - Started process (PID=505) to work on /home/airflow/.local/lib/python3.12/site-packages/airflow/example_dags/example_trigger_target_dag.py
[2024-09-15T06:59:21.579+0000] {processor.py:914} INFO - Processing file /home/airflow/.local/lib/python3.12/site-packages/airflow/example_dags/example_trigger_target_dag.py for tasks to queue
[2024-09-15T06:59:21.581+0000] {logging_mixin.py:190} INFO - [2024-09-15T06:59:21.580+0000] {dagbag.py:587} INFO - Filling up the DagBag from /home/airflow/.local/lib/python3.12/site-packages/airflow/example_dags/example_trigger_target_dag.py
[2024-09-15T06:59:21.593+0000] {processor.py:925} INFO - DAG(s) 'example_trigger_target_dag' retrieved from /home/airflow/.local/lib/python3.12/site-packages/airflow/example_dags/example_trigger_target_dag.py
[2024-09-15T06:59:21.632+0000] {logging_mixin.py:190} INFO - [2024-09-15T06:59:21.632+0000] {dag.py:3229} INFO - Sync 1 DAGs
[2024-09-15T06:59:21.665+0000] {logging_mixin.py:190} INFO - [2024-09-15T06:59:21.664+0000] {dag.py:4156} INFO - Setting next_dagrun for example_trigger_target_dag to None, run_after=None
[2024-09-15T06:59:21.709+0000] {processor.py:208} INFO - Processing /home/airflow/.local/lib/python3.12/site-packages/airflow/example_dags/example_trigger_target_dag.py took 0.142 seconds
[2024-09-15T06:59:52.317+0000] {processor.py:186} INFO - Started process (PID=566) to work on /home/airflow/.local/lib/python3.12/site-packages/airflow/example_dags/example_trigger_target_dag.py
[2024-09-15T06:59:52.320+0000] {processor.py:914} INFO - Processing file /home/airflow/.local/lib/python3.12/site-packages/airflow/example_dags/example_trigger_target_dag.py for tasks to queue
[2024-09-15T06:59:52.322+0000] {logging_mixin.py:190} INFO - [2024-09-15T06:59:52.322+0000] {dagbag.py:587} INFO - Filling up the DagBag from /home/airflow/.local/lib/python3.12/site-packages/airflow/example_dags/example_trigger_target_dag.py
[2024-09-15T06:59:52.335+0000] {processor.py:925} INFO - DAG(s) 'example_trigger_target_dag' retrieved from /home/airflow/.local/lib/python3.12/site-packages/airflow/example_dags/example_trigger_target_dag.py
[2024-09-15T06:59:52.374+0000] {logging_mixin.py:190} INFO - [2024-09-15T06:59:52.373+0000] {dag.py:3229} INFO - Sync 1 DAGs
[2024-09-15T06:59:52.411+0000] {logging_mixin.py:190} INFO - [2024-09-15T06:59:52.411+0000] {dag.py:4156} INFO - Setting next_dagrun for example_trigger_target_dag to None, run_after=None
[2024-09-15T06:59:52.492+0000] {processor.py:208} INFO - Processing /home/airflow/.local/lib/python3.12/site-packages/airflow/example_dags/example_trigger_target_dag.py took 0.187 seconds
[2024-09-15T07:00:39.028+0000] {processor.py:186} INFO - Started process (PID=629) to work on /home/airflow/.local/lib/python3.12/site-packages/airflow/example_dags/example_trigger_target_dag.py
[2024-09-15T07:00:39.031+0000] {processor.py:914} INFO - Processing file /home/airflow/.local/lib/python3.12/site-packages/airflow/example_dags/example_trigger_target_dag.py for tasks to queue
[2024-09-15T07:00:39.034+0000] {logging_mixin.py:190} INFO - [2024-09-15T07:00:39.033+0000] {dagbag.py:587} INFO - Filling up the DagBag from /home/airflow/.local/lib/python3.12/site-packages/airflow/example_dags/example_trigger_target_dag.py
[2024-09-15T07:00:39.049+0000] {processor.py:925} INFO - DAG(s) 'example_trigger_target_dag' retrieved from /home/airflow/.local/lib/python3.12/site-packages/airflow/example_dags/example_trigger_target_dag.py
[2024-09-15T07:00:39.090+0000] {logging_mixin.py:190} INFO - [2024-09-15T07:00:39.089+0000] {dag.py:3229} INFO - Sync 1 DAGs
[2024-09-15T07:00:39.130+0000] {logging_mixin.py:190} INFO - [2024-09-15T07:00:39.129+0000] {dag.py:4156} INFO - Setting next_dagrun for example_trigger_target_dag to None, run_after=None
[2024-09-15T07:00:39.175+0000] {processor.py:208} INFO - Processing /home/airflow/.local/lib/python3.12/site-packages/airflow/example_dags/example_trigger_target_dag.py took 0.157 seconds
[2024-09-15T07:04:30.028+0000] {processor.py:186} INFO - Started process (PID=685) to work on /home/airflow/.local/lib/python3.12/site-packages/airflow/example_dags/example_trigger_target_dag.py
[2024-09-15T07:04:30.030+0000] {processor.py:914} INFO - Processing file /home/airflow/.local/lib/python3.12/site-packages/airflow/example_dags/example_trigger_target_dag.py for tasks to queue
[2024-09-15T07:04:30.049+0000] {logging_mixin.py:190} INFO - [2024-09-15T07:04:30.040+0000] {dagbag.py:587} INFO - Filling up the DagBag from /home/airflow/.local/lib/python3.12/site-packages/airflow/example_dags/example_trigger_target_dag.py
[2024-09-15T07:04:30.167+0000] {processor.py:925} INFO - DAG(s) 'example_trigger_target_dag' retrieved from /home/airflow/.local/lib/python3.12/site-packages/airflow/example_dags/example_trigger_target_dag.py
[2024-09-15T07:04:35.393+0000] {logging_mixin.py:190} INFO - [2024-09-15T07:04:35.386+0000] {dag.py:3229} INFO - Sync 1 DAGs
[2024-09-15T07:04:35.454+0000] {logging_mixin.py:190} INFO - [2024-09-15T07:04:35.454+0000] {dag.py:4156} INFO - Setting next_dagrun for example_trigger_target_dag to None, run_after=None
[2024-09-15T07:04:35.527+0000] {processor.py:208} INFO - Processing /home/airflow/.local/lib/python3.12/site-packages/airflow/example_dags/example_trigger_target_dag.py took 5.663 seconds
[2024-09-15T07:05:07.194+0000] {processor.py:186} INFO - Started process (PID=751) to work on /home/airflow/.local/lib/python3.12/site-packages/airflow/example_dags/example_trigger_target_dag.py
[2024-09-15T07:05:07.197+0000] {processor.py:914} INFO - Processing file /home/airflow/.local/lib/python3.12/site-packages/airflow/example_dags/example_trigger_target_dag.py for tasks to queue
[2024-09-15T07:05:07.200+0000] {logging_mixin.py:190} INFO - [2024-09-15T07:05:07.199+0000] {dagbag.py:587} INFO - Filling up the DagBag from /home/airflow/.local/lib/python3.12/site-packages/airflow/example_dags/example_trigger_target_dag.py
[2024-09-15T07:05:07.222+0000] {processor.py:925} INFO - DAG(s) 'example_trigger_target_dag' retrieved from /home/airflow/.local/lib/python3.12/site-packages/airflow/example_dags/example_trigger_target_dag.py
[2024-09-15T07:05:07.275+0000] {logging_mixin.py:190} INFO - [2024-09-15T07:05:07.274+0000] {dag.py:3229} INFO - Sync 1 DAGs
[2024-09-15T07:05:07.314+0000] {logging_mixin.py:190} INFO - [2024-09-15T07:05:07.314+0000] {dag.py:4156} INFO - Setting next_dagrun for example_trigger_target_dag to None, run_after=None
[2024-09-15T07:05:07.365+0000] {processor.py:208} INFO - Processing /home/airflow/.local/lib/python3.12/site-packages/airflow/example_dags/example_trigger_target_dag.py took 0.188 seconds
[2024-09-15T07:05:38.673+0000] {processor.py:186} INFO - Started process (PID=816) to work on /home/airflow/.local/lib/python3.12/site-packages/airflow/example_dags/example_trigger_target_dag.py
[2024-09-15T07:05:38.675+0000] {processor.py:914} INFO - Processing file /home/airflow/.local/lib/python3.12/site-packages/airflow/example_dags/example_trigger_target_dag.py for tasks to queue
[2024-09-15T07:05:38.678+0000] {logging_mixin.py:190} INFO - [2024-09-15T07:05:38.677+0000] {dagbag.py:587} INFO - Filling up the DagBag from /home/airflow/.local/lib/python3.12/site-packages/airflow/example_dags/example_trigger_target_dag.py
[2024-09-15T07:05:38.691+0000] {processor.py:925} INFO - DAG(s) 'example_trigger_target_dag' retrieved from /home/airflow/.local/lib/python3.12/site-packages/airflow/example_dags/example_trigger_target_dag.py
[2024-09-15T07:05:38.734+0000] {logging_mixin.py:190} INFO - [2024-09-15T07:05:38.734+0000] {dag.py:3229} INFO - Sync 1 DAGs
[2024-09-15T07:05:38.769+0000] {logging_mixin.py:190} INFO - [2024-09-15T07:05:38.769+0000] {dag.py:4156} INFO - Setting next_dagrun for example_trigger_target_dag to None, run_after=None
[2024-09-15T07:05:38.809+0000] {processor.py:208} INFO - Processing /home/airflow/.local/lib/python3.12/site-packages/airflow/example_dags/example_trigger_target_dag.py took 0.149 seconds
[2024-09-15T07:06:09.176+0000] {processor.py:186} INFO - Started process (PID=878) to work on /home/airflow/.local/lib/python3.12/site-packages/airflow/example_dags/example_trigger_target_dag.py
[2024-09-15T07:06:09.178+0000] {processor.py:914} INFO - Processing file /home/airflow/.local/lib/python3.12/site-packages/airflow/example_dags/example_trigger_target_dag.py for tasks to queue
[2024-09-15T07:06:09.180+0000] {logging_mixin.py:190} INFO - [2024-09-15T07:06:09.180+0000] {dagbag.py:587} INFO - Filling up the DagBag from /home/airflow/.local/lib/python3.12/site-packages/airflow/example_dags/example_trigger_target_dag.py
[2024-09-15T07:06:09.198+0000] {processor.py:925} INFO - DAG(s) 'example_trigger_target_dag' retrieved from /home/airflow/.local/lib/python3.12/site-packages/airflow/example_dags/example_trigger_target_dag.py
[2024-09-15T07:06:09.237+0000] {logging_mixin.py:190} INFO - [2024-09-15T07:06:09.237+0000] {dag.py:3229} INFO - Sync 1 DAGs
[2024-09-15T07:06:09.274+0000] {logging_mixin.py:190} INFO - [2024-09-15T07:06:09.273+0000] {dag.py:4156} INFO - Setting next_dagrun for example_trigger_target_dag to None, run_after=None
[2024-09-15T07:06:09.306+0000] {processor.py:208} INFO - Processing /home/airflow/.local/lib/python3.12/site-packages/airflow/example_dags/example_trigger_target_dag.py took 0.140 seconds
[2024-09-15T07:06:40.873+0000] {processor.py:186} INFO - Started process (PID=944) to work on /home/airflow/.local/lib/python3.12/site-packages/airflow/example_dags/example_trigger_target_dag.py
[2024-09-15T07:06:40.875+0000] {processor.py:914} INFO - Processing file /home/airflow/.local/lib/python3.12/site-packages/airflow/example_dags/example_trigger_target_dag.py for tasks to queue
[2024-09-15T07:06:40.877+0000] {logging_mixin.py:190} INFO - [2024-09-15T07:06:40.877+0000] {dagbag.py:587} INFO - Filling up the DagBag from /home/airflow/.local/lib/python3.12/site-packages/airflow/example_dags/example_trigger_target_dag.py
[2024-09-15T07:06:40.892+0000] {processor.py:925} INFO - DAG(s) 'example_trigger_target_dag' retrieved from /home/airflow/.local/lib/python3.12/site-packages/airflow/example_dags/example_trigger_target_dag.py
[2024-09-15T07:06:40.929+0000] {logging_mixin.py:190} INFO - [2024-09-15T07:06:40.929+0000] {dag.py:3229} INFO - Sync 1 DAGs
[2024-09-15T07:06:40.958+0000] {logging_mixin.py:190} INFO - [2024-09-15T07:06:40.958+0000] {dag.py:4156} INFO - Setting next_dagrun for example_trigger_target_dag to None, run_after=None
[2024-09-15T07:06:40.997+0000] {processor.py:208} INFO - Processing /home/airflow/.local/lib/python3.12/site-packages/airflow/example_dags/example_trigger_target_dag.py took 0.135 seconds
[2024-09-15T07:07:27.055+0000] {processor.py:186} INFO - Started process (PID=1007) to work on /home/airflow/.local/lib/python3.12/site-packages/airflow/example_dags/example_trigger_target_dag.py
[2024-09-15T07:07:27.057+0000] {processor.py:914} INFO - Processing file /home/airflow/.local/lib/python3.12/site-packages/airflow/example_dags/example_trigger_target_dag.py for tasks to queue
[2024-09-15T07:07:27.060+0000] {logging_mixin.py:190} INFO - [2024-09-15T07:07:27.060+0000] {dagbag.py:587} INFO - Filling up the DagBag from /home/airflow/.local/lib/python3.12/site-packages/airflow/example_dags/example_trigger_target_dag.py
[2024-09-15T07:07:27.080+0000] {processor.py:925} INFO - DAG(s) 'example_trigger_target_dag' retrieved from /home/airflow/.local/lib/python3.12/site-packages/airflow/example_dags/example_trigger_target_dag.py
[2024-09-15T07:07:27.131+0000] {logging_mixin.py:190} INFO - [2024-09-15T07:07:27.130+0000] {dag.py:3229} INFO - Sync 1 DAGs
[2024-09-15T07:07:27.167+0000] {logging_mixin.py:190} INFO - [2024-09-15T07:07:27.167+0000] {dag.py:4156} INFO - Setting next_dagrun for example_trigger_target_dag to None, run_after=None
[2024-09-15T07:07:27.217+0000] {processor.py:208} INFO - Processing /home/airflow/.local/lib/python3.12/site-packages/airflow/example_dags/example_trigger_target_dag.py took 0.174 seconds
[2024-09-15T07:07:57.588+0000] {processor.py:186} INFO - Started process (PID=1069) to work on /home/airflow/.local/lib/python3.12/site-packages/airflow/example_dags/example_trigger_target_dag.py
[2024-09-15T07:07:57.591+0000] {processor.py:914} INFO - Processing file /home/airflow/.local/lib/python3.12/site-packages/airflow/example_dags/example_trigger_target_dag.py for tasks to queue
[2024-09-15T07:07:57.595+0000] {logging_mixin.py:190} INFO - [2024-09-15T07:07:57.594+0000] {dagbag.py:587} INFO - Filling up the DagBag from /home/airflow/.local/lib/python3.12/site-packages/airflow/example_dags/example_trigger_target_dag.py
[2024-09-15T07:07:57.617+0000] {processor.py:925} INFO - DAG(s) 'example_trigger_target_dag' retrieved from /home/airflow/.local/lib/python3.12/site-packages/airflow/example_dags/example_trigger_target_dag.py
[2024-09-15T07:07:57.676+0000] {logging_mixin.py:190} INFO - [2024-09-15T07:07:57.675+0000] {dag.py:3229} INFO - Sync 1 DAGs
[2024-09-15T07:07:57.724+0000] {logging_mixin.py:190} INFO - [2024-09-15T07:07:57.723+0000] {dag.py:4156} INFO - Setting next_dagrun for example_trigger_target_dag to None, run_after=None
[2024-09-15T07:07:57.774+0000] {processor.py:208} INFO - Processing /home/airflow/.local/lib/python3.12/site-packages/airflow/example_dags/example_trigger_target_dag.py took 0.202 seconds
[2024-09-15T07:12:19.105+0000] {processor.py:186} INFO - Started process (PID=1123) to work on /home/airflow/.local/lib/python3.12/site-packages/airflow/example_dags/example_trigger_target_dag.py
[2024-09-15T07:12:19.107+0000] {processor.py:914} INFO - Processing file /home/airflow/.local/lib/python3.12/site-packages/airflow/example_dags/example_trigger_target_dag.py for tasks to queue
[2024-09-15T07:12:19.110+0000] {logging_mixin.py:190} INFO - [2024-09-15T07:12:19.110+0000] {dagbag.py:587} INFO - Filling up the DagBag from /home/airflow/.local/lib/python3.12/site-packages/airflow/example_dags/example_trigger_target_dag.py
[2024-09-15T07:12:19.127+0000] {processor.py:925} INFO - DAG(s) 'example_trigger_target_dag' retrieved from /home/airflow/.local/lib/python3.12/site-packages/airflow/example_dags/example_trigger_target_dag.py
[2024-09-15T07:12:19.163+0000] {logging_mixin.py:190} INFO - [2024-09-15T07:12:19.162+0000] {dag.py:3229} INFO - Sync 1 DAGs
[2024-09-15T07:12:19.189+0000] {logging_mixin.py:190} INFO - [2024-09-15T07:12:19.188+0000] {dag.py:4156} INFO - Setting next_dagrun for example_trigger_target_dag to None, run_after=None
[2024-09-15T07:12:19.229+0000] {processor.py:208} INFO - Processing /home/airflow/.local/lib/python3.12/site-packages/airflow/example_dags/example_trigger_target_dag.py took 0.137 seconds
[2024-09-15T07:12:50.258+0000] {processor.py:186} INFO - Started process (PID=1185) to work on /home/airflow/.local/lib/python3.12/site-packages/airflow/example_dags/example_trigger_target_dag.py
[2024-09-15T07:12:50.261+0000] {processor.py:914} INFO - Processing file /home/airflow/.local/lib/python3.12/site-packages/airflow/example_dags/example_trigger_target_dag.py for tasks to queue
[2024-09-15T07:12:50.264+0000] {logging_mixin.py:190} INFO - [2024-09-15T07:12:50.263+0000] {dagbag.py:587} INFO - Filling up the DagBag from /home/airflow/.local/lib/python3.12/site-packages/airflow/example_dags/example_trigger_target_dag.py
[2024-09-15T07:12:50.288+0000] {processor.py:925} INFO - DAG(s) 'example_trigger_target_dag' retrieved from /home/airflow/.local/lib/python3.12/site-packages/airflow/example_dags/example_trigger_target_dag.py
[2024-09-15T07:12:50.344+0000] {logging_mixin.py:190} INFO - [2024-09-15T07:12:50.343+0000] {dag.py:3229} INFO - Sync 1 DAGs
[2024-09-15T07:12:50.382+0000] {logging_mixin.py:190} INFO - [2024-09-15T07:12:50.382+0000] {dag.py:4156} INFO - Setting next_dagrun for example_trigger_target_dag to None, run_after=None
[2024-09-15T07:12:50.435+0000] {processor.py:208} INFO - Processing /home/airflow/.local/lib/python3.12/site-packages/airflow/example_dags/example_trigger_target_dag.py took 0.195 seconds
[2024-09-15T07:13:20.655+0000] {processor.py:186} INFO - Started process (PID=1247) to work on /home/airflow/.local/lib/python3.12/site-packages/airflow/example_dags/example_trigger_target_dag.py
[2024-09-15T07:13:20.656+0000] {processor.py:914} INFO - Processing file /home/airflow/.local/lib/python3.12/site-packages/airflow/example_dags/example_trigger_target_dag.py for tasks to queue
[2024-09-15T07:13:20.659+0000] {logging_mixin.py:190} INFO - [2024-09-15T07:13:20.659+0000] {dagbag.py:587} INFO - Filling up the DagBag from /home/airflow/.local/lib/python3.12/site-packages/airflow/example_dags/example_trigger_target_dag.py
[2024-09-15T07:13:20.676+0000] {processor.py:925} INFO - DAG(s) 'example_trigger_target_dag' retrieved from /home/airflow/.local/lib/python3.12/site-packages/airflow/example_dags/example_trigger_target_dag.py
[2024-09-15T07:13:20.713+0000] {logging_mixin.py:190} INFO - [2024-09-15T07:13:20.712+0000] {dag.py:3229} INFO - Sync 1 DAGs
[2024-09-15T07:13:20.747+0000] {logging_mixin.py:190} INFO - [2024-09-15T07:13:20.747+0000] {dag.py:4156} INFO - Setting next_dagrun for example_trigger_target_dag to None, run_after=None
[2024-09-15T07:13:20.795+0000] {processor.py:208} INFO - Processing /home/airflow/.local/lib/python3.12/site-packages/airflow/example_dags/example_trigger_target_dag.py took 0.154 seconds
[2024-09-15T07:13:51.062+0000] {processor.py:186} INFO - Started process (PID=1310) to work on /home/airflow/.local/lib/python3.12/site-packages/airflow/example_dags/example_trigger_target_dag.py
[2024-09-15T07:13:51.063+0000] {processor.py:914} INFO - Processing file /home/airflow/.local/lib/python3.12/site-packages/airflow/example_dags/example_trigger_target_dag.py for tasks to queue
[2024-09-15T07:13:51.066+0000] {logging_mixin.py:190} INFO - [2024-09-15T07:13:51.065+0000] {dagbag.py:587} INFO - Filling up the DagBag from /home/airflow/.local/lib/python3.12/site-packages/airflow/example_dags/example_trigger_target_dag.py
[2024-09-15T07:13:51.083+0000] {processor.py:925} INFO - DAG(s) 'example_trigger_target_dag' retrieved from /home/airflow/.local/lib/python3.12/site-packages/airflow/example_dags/example_trigger_target_dag.py
[2024-09-15T07:13:51.117+0000] {logging_mixin.py:190} INFO - [2024-09-15T07:13:51.117+0000] {dag.py:3229} INFO - Sync 1 DAGs
[2024-09-15T07:13:51.147+0000] {logging_mixin.py:190} INFO - [2024-09-15T07:13:51.146+0000] {dag.py:4156} INFO - Setting next_dagrun for example_trigger_target_dag to None, run_after=None
[2024-09-15T07:13:51.186+0000] {processor.py:208} INFO - Processing /home/airflow/.local/lib/python3.12/site-packages/airflow/example_dags/example_trigger_target_dag.py took 0.134 seconds
[2024-09-15T07:14:22.001+0000] {processor.py:186} INFO - Started process (PID=1373) to work on /home/airflow/.local/lib/python3.12/site-packages/airflow/example_dags/example_trigger_target_dag.py
[2024-09-15T07:14:22.003+0000] {processor.py:914} INFO - Processing file /home/airflow/.local/lib/python3.12/site-packages/airflow/example_dags/example_trigger_target_dag.py for tasks to queue
[2024-09-15T07:14:22.006+0000] {logging_mixin.py:190} INFO - [2024-09-15T07:14:22.005+0000] {dagbag.py:587} INFO - Filling up the DagBag from /home/airflow/.local/lib/python3.12/site-packages/airflow/example_dags/example_trigger_target_dag.py
[2024-09-15T07:14:22.027+0000] {processor.py:925} INFO - DAG(s) 'example_trigger_target_dag' retrieved from /home/airflow/.local/lib/python3.12/site-packages/airflow/example_dags/example_trigger_target_dag.py
[2024-09-15T07:14:22.110+0000] {logging_mixin.py:190} INFO - [2024-09-15T07:14:22.110+0000] {dag.py:3229} INFO - Sync 1 DAGs
[2024-09-15T07:14:22.180+0000] {logging_mixin.py:190} INFO - [2024-09-15T07:14:22.180+0000] {dag.py:4156} INFO - Setting next_dagrun for example_trigger_target_dag to None, run_after=None
[2024-09-15T07:14:22.245+0000] {processor.py:208} INFO - Processing /home/airflow/.local/lib/python3.12/site-packages/airflow/example_dags/example_trigger_target_dag.py took 0.257 seconds
[2024-09-15T07:14:52.399+0000] {processor.py:186} INFO - Started process (PID=1435) to work on /home/airflow/.local/lib/python3.12/site-packages/airflow/example_dags/example_trigger_target_dag.py
[2024-09-15T07:14:52.402+0000] {processor.py:914} INFO - Processing file /home/airflow/.local/lib/python3.12/site-packages/airflow/example_dags/example_trigger_target_dag.py for tasks to queue
[2024-09-15T07:14:52.405+0000] {logging_mixin.py:190} INFO - [2024-09-15T07:14:52.404+0000] {dagbag.py:587} INFO - Filling up the DagBag from /home/airflow/.local/lib/python3.12/site-packages/airflow/example_dags/example_trigger_target_dag.py
[2024-09-15T07:14:52.421+0000] {processor.py:925} INFO - DAG(s) 'example_trigger_target_dag' retrieved from /home/airflow/.local/lib/python3.12/site-packages/airflow/example_dags/example_trigger_target_dag.py
[2024-09-15T07:14:52.472+0000] {logging_mixin.py:190} INFO - [2024-09-15T07:14:52.471+0000] {dag.py:3229} INFO - Sync 1 DAGs
[2024-09-15T07:14:52.510+0000] {logging_mixin.py:190} INFO - [2024-09-15T07:14:52.509+0000] {dag.py:4156} INFO - Setting next_dagrun for example_trigger_target_dag to None, run_after=None
[2024-09-15T07:14:52.563+0000] {processor.py:208} INFO - Processing /home/airflow/.local/lib/python3.12/site-packages/airflow/example_dags/example_trigger_target_dag.py took 0.175 seconds
[2024-09-15T07:15:23.551+0000] {processor.py:186} INFO - Started process (PID=1496) to work on /home/airflow/.local/lib/python3.12/site-packages/airflow/example_dags/example_trigger_target_dag.py
[2024-09-15T07:15:23.553+0000] {processor.py:914} INFO - Processing file /home/airflow/.local/lib/python3.12/site-packages/airflow/example_dags/example_trigger_target_dag.py for tasks to queue
[2024-09-15T07:15:23.555+0000] {logging_mixin.py:190} INFO - [2024-09-15T07:15:23.555+0000] {dagbag.py:587} INFO - Filling up the DagBag from /home/airflow/.local/lib/python3.12/site-packages/airflow/example_dags/example_trigger_target_dag.py
[2024-09-15T07:15:23.573+0000] {processor.py:925} INFO - DAG(s) 'example_trigger_target_dag' retrieved from /home/airflow/.local/lib/python3.12/site-packages/airflow/example_dags/example_trigger_target_dag.py
[2024-09-15T07:15:23.634+0000] {logging_mixin.py:190} INFO - [2024-09-15T07:15:23.633+0000] {dag.py:3229} INFO - Sync 1 DAGs
[2024-09-15T07:15:23.678+0000] {logging_mixin.py:190} INFO - [2024-09-15T07:15:23.677+0000] {dag.py:4156} INFO - Setting next_dagrun for example_trigger_target_dag to None, run_after=None
[2024-09-15T07:15:23.731+0000] {processor.py:208} INFO - Processing /home/airflow/.local/lib/python3.12/site-packages/airflow/example_dags/example_trigger_target_dag.py took 0.195 seconds
[2024-09-15T07:15:54.246+0000] {processor.py:186} INFO - Started process (PID=1557) to work on /home/airflow/.local/lib/python3.12/site-packages/airflow/example_dags/example_trigger_target_dag.py
[2024-09-15T07:15:54.247+0000] {processor.py:914} INFO - Processing file /home/airflow/.local/lib/python3.12/site-packages/airflow/example_dags/example_trigger_target_dag.py for tasks to queue
[2024-09-15T07:15:54.250+0000] {logging_mixin.py:190} INFO - [2024-09-15T07:15:54.249+0000] {dagbag.py:587} INFO - Filling up the DagBag from /home/airflow/.local/lib/python3.12/site-packages/airflow/example_dags/example_trigger_target_dag.py
[2024-09-15T07:15:54.269+0000] {processor.py:925} INFO - DAG(s) 'example_trigger_target_dag' retrieved from /home/airflow/.local/lib/python3.12/site-packages/airflow/example_dags/example_trigger_target_dag.py
[2024-09-15T07:15:54.309+0000] {logging_mixin.py:190} INFO - [2024-09-15T07:15:54.309+0000] {dag.py:3229} INFO - Sync 1 DAGs
[2024-09-15T07:15:54.346+0000] {logging_mixin.py:190} INFO - [2024-09-15T07:15:54.345+0000] {dag.py:4156} INFO - Setting next_dagrun for example_trigger_target_dag to None, run_after=None
[2024-09-15T07:15:54.395+0000] {processor.py:208} INFO - Processing /home/airflow/.local/lib/python3.12/site-packages/airflow/example_dags/example_trigger_target_dag.py took 0.159 seconds
[2024-09-15T07:18:22.713+0000] {processor.py:186} INFO - Started process (PID=1613) to work on /home/airflow/.local/lib/python3.12/site-packages/airflow/example_dags/example_trigger_target_dag.py
[2024-09-15T07:18:22.715+0000] {processor.py:914} INFO - Processing file /home/airflow/.local/lib/python3.12/site-packages/airflow/example_dags/example_trigger_target_dag.py for tasks to queue
[2024-09-15T07:18:22.718+0000] {logging_mixin.py:190} INFO - [2024-09-15T07:18:22.717+0000] {dagbag.py:587} INFO - Filling up the DagBag from /home/airflow/.local/lib/python3.12/site-packages/airflow/example_dags/example_trigger_target_dag.py
[2024-09-15T07:18:22.733+0000] {processor.py:925} INFO - DAG(s) 'example_trigger_target_dag' retrieved from /home/airflow/.local/lib/python3.12/site-packages/airflow/example_dags/example_trigger_target_dag.py
[2024-09-15T07:18:22.775+0000] {logging_mixin.py:190} INFO - [2024-09-15T07:18:22.774+0000] {dag.py:3229} INFO - Sync 1 DAGs
[2024-09-15T07:18:22.812+0000] {logging_mixin.py:190} INFO - [2024-09-15T07:18:22.812+0000] {dag.py:4156} INFO - Setting next_dagrun for example_trigger_target_dag to None, run_after=None
[2024-09-15T07:18:22.855+0000] {processor.py:208} INFO - Processing /home/airflow/.local/lib/python3.12/site-packages/airflow/example_dags/example_trigger_target_dag.py took 0.153 seconds
[2024-09-15T07:18:53.407+0000] {processor.py:186} INFO - Started process (PID=1675) to work on /home/airflow/.local/lib/python3.12/site-packages/airflow/example_dags/example_trigger_target_dag.py
[2024-09-15T07:18:53.415+0000] {processor.py:914} INFO - Processing file /home/airflow/.local/lib/python3.12/site-packages/airflow/example_dags/example_trigger_target_dag.py for tasks to queue
[2024-09-15T07:18:53.418+0000] {logging_mixin.py:190} INFO - [2024-09-15T07:18:53.418+0000] {dagbag.py:587} INFO - Filling up the DagBag from /home/airflow/.local/lib/python3.12/site-packages/airflow/example_dags/example_trigger_target_dag.py
[2024-09-15T07:18:53.435+0000] {processor.py:925} INFO - DAG(s) 'example_trigger_target_dag' retrieved from /home/airflow/.local/lib/python3.12/site-packages/airflow/example_dags/example_trigger_target_dag.py
[2024-09-15T07:18:53.483+0000] {logging_mixin.py:190} INFO - [2024-09-15T07:18:53.483+0000] {dag.py:3229} INFO - Sync 1 DAGs
[2024-09-15T07:18:53.527+0000] {logging_mixin.py:190} INFO - [2024-09-15T07:18:53.527+0000] {dag.py:4156} INFO - Setting next_dagrun for example_trigger_target_dag to None, run_after=None
[2024-09-15T07:18:53.574+0000] {processor.py:208} INFO - Processing /home/airflow/.local/lib/python3.12/site-packages/airflow/example_dags/example_trigger_target_dag.py took 0.183 seconds
[2024-09-15T07:19:24.140+0000] {processor.py:186} INFO - Started process (PID=1737) to work on /home/airflow/.local/lib/python3.12/site-packages/airflow/example_dags/example_trigger_target_dag.py
[2024-09-15T07:19:24.142+0000] {processor.py:914} INFO - Processing file /home/airflow/.local/lib/python3.12/site-packages/airflow/example_dags/example_trigger_target_dag.py for tasks to queue
[2024-09-15T07:19:24.144+0000] {logging_mixin.py:190} INFO - [2024-09-15T07:19:24.143+0000] {dagbag.py:587} INFO - Filling up the DagBag from /home/airflow/.local/lib/python3.12/site-packages/airflow/example_dags/example_trigger_target_dag.py
[2024-09-15T07:19:24.163+0000] {processor.py:925} INFO - DAG(s) 'example_trigger_target_dag' retrieved from /home/airflow/.local/lib/python3.12/site-packages/airflow/example_dags/example_trigger_target_dag.py
[2024-09-15T07:19:24.207+0000] {logging_mixin.py:190} INFO - [2024-09-15T07:19:24.206+0000] {dag.py:3229} INFO - Sync 1 DAGs
[2024-09-15T07:19:24.235+0000] {logging_mixin.py:190} INFO - [2024-09-15T07:19:24.234+0000] {dag.py:4156} INFO - Setting next_dagrun for example_trigger_target_dag to None, run_after=None
[2024-09-15T07:19:24.268+0000] {processor.py:208} INFO - Processing /home/airflow/.local/lib/python3.12/site-packages/airflow/example_dags/example_trigger_target_dag.py took 0.139 seconds
[2024-09-15T07:19:54.469+0000] {processor.py:186} INFO - Started process (PID=1799) to work on /home/airflow/.local/lib/python3.12/site-packages/airflow/example_dags/example_trigger_target_dag.py
[2024-09-15T07:19:54.471+0000] {processor.py:914} INFO - Processing file /home/airflow/.local/lib/python3.12/site-packages/airflow/example_dags/example_trigger_target_dag.py for tasks to queue
[2024-09-15T07:19:54.473+0000] {logging_mixin.py:190} INFO - [2024-09-15T07:19:54.472+0000] {dagbag.py:587} INFO - Filling up the DagBag from /home/airflow/.local/lib/python3.12/site-packages/airflow/example_dags/example_trigger_target_dag.py
[2024-09-15T07:19:54.487+0000] {processor.py:925} INFO - DAG(s) 'example_trigger_target_dag' retrieved from /home/airflow/.local/lib/python3.12/site-packages/airflow/example_dags/example_trigger_target_dag.py
[2024-09-15T07:19:54.524+0000] {logging_mixin.py:190} INFO - [2024-09-15T07:19:54.523+0000] {dag.py:3229} INFO - Sync 1 DAGs
[2024-09-15T07:19:54.557+0000] {logging_mixin.py:190} INFO - [2024-09-15T07:19:54.556+0000] {dag.py:4156} INFO - Setting next_dagrun for example_trigger_target_dag to None, run_after=None
[2024-09-15T07:19:54.599+0000] {processor.py:208} INFO - Processing /home/airflow/.local/lib/python3.12/site-packages/airflow/example_dags/example_trigger_target_dag.py took 0.139 seconds
[2024-09-15T07:20:25.117+0000] {processor.py:186} INFO - Started process (PID=1861) to work on /home/airflow/.local/lib/python3.12/site-packages/airflow/example_dags/example_trigger_target_dag.py
[2024-09-15T07:20:25.119+0000] {processor.py:914} INFO - Processing file /home/airflow/.local/lib/python3.12/site-packages/airflow/example_dags/example_trigger_target_dag.py for tasks to queue
[2024-09-15T07:20:25.122+0000] {logging_mixin.py:190} INFO - [2024-09-15T07:20:25.121+0000] {dagbag.py:587} INFO - Filling up the DagBag from /home/airflow/.local/lib/python3.12/site-packages/airflow/example_dags/example_trigger_target_dag.py
[2024-09-15T07:20:25.144+0000] {processor.py:925} INFO - DAG(s) 'example_trigger_target_dag' retrieved from /home/airflow/.local/lib/python3.12/site-packages/airflow/example_dags/example_trigger_target_dag.py
[2024-09-15T07:20:25.185+0000] {logging_mixin.py:190} INFO - [2024-09-15T07:20:25.184+0000] {dag.py:3229} INFO - Sync 1 DAGs
[2024-09-15T07:20:25.216+0000] {logging_mixin.py:190} INFO - [2024-09-15T07:20:25.215+0000] {dag.py:4156} INFO - Setting next_dagrun for example_trigger_target_dag to None, run_after=None
[2024-09-15T07:20:25.260+0000] {processor.py:208} INFO - Processing /home/airflow/.local/lib/python3.12/site-packages/airflow/example_dags/example_trigger_target_dag.py took 0.155 seconds
[2024-09-15T07:23:03.117+0000] {processor.py:186} INFO - Started process (PID=1920) to work on /home/airflow/.local/lib/python3.12/site-packages/airflow/example_dags/example_trigger_target_dag.py
[2024-09-15T07:23:03.119+0000] {processor.py:914} INFO - Processing file /home/airflow/.local/lib/python3.12/site-packages/airflow/example_dags/example_trigger_target_dag.py for tasks to queue
[2024-09-15T07:23:03.122+0000] {logging_mixin.py:190} INFO - [2024-09-15T07:23:03.121+0000] {dagbag.py:587} INFO - Filling up the DagBag from /home/airflow/.local/lib/python3.12/site-packages/airflow/example_dags/example_trigger_target_dag.py
[2024-09-15T07:23:03.139+0000] {processor.py:925} INFO - DAG(s) 'example_trigger_target_dag' retrieved from /home/airflow/.local/lib/python3.12/site-packages/airflow/example_dags/example_trigger_target_dag.py
[2024-09-15T07:23:03.173+0000] {logging_mixin.py:190} INFO - [2024-09-15T07:23:03.173+0000] {dag.py:3229} INFO - Sync 1 DAGs
[2024-09-15T07:23:03.204+0000] {logging_mixin.py:190} INFO - [2024-09-15T07:23:03.203+0000] {dag.py:4156} INFO - Setting next_dagrun for example_trigger_target_dag to None, run_after=None
[2024-09-15T07:23:03.235+0000] {processor.py:208} INFO - Processing /home/airflow/.local/lib/python3.12/site-packages/airflow/example_dags/example_trigger_target_dag.py took 0.130 seconds
[2024-09-15T07:23:33.848+0000] {processor.py:186} INFO - Started process (PID=1982) to work on /home/airflow/.local/lib/python3.12/site-packages/airflow/example_dags/example_trigger_target_dag.py
[2024-09-15T07:23:33.851+0000] {processor.py:914} INFO - Processing file /home/airflow/.local/lib/python3.12/site-packages/airflow/example_dags/example_trigger_target_dag.py for tasks to queue
[2024-09-15T07:23:33.854+0000] {logging_mixin.py:190} INFO - [2024-09-15T07:23:33.853+0000] {dagbag.py:587} INFO - Filling up the DagBag from /home/airflow/.local/lib/python3.12/site-packages/airflow/example_dags/example_trigger_target_dag.py
[2024-09-15T07:23:33.870+0000] {processor.py:925} INFO - DAG(s) 'example_trigger_target_dag' retrieved from /home/airflow/.local/lib/python3.12/site-packages/airflow/example_dags/example_trigger_target_dag.py
[2024-09-15T07:23:33.915+0000] {logging_mixin.py:190} INFO - [2024-09-15T07:23:33.914+0000] {dag.py:3229} INFO - Sync 1 DAGs
[2024-09-15T07:23:33.957+0000] {logging_mixin.py:190} INFO - [2024-09-15T07:23:33.957+0000] {dag.py:4156} INFO - Setting next_dagrun for example_trigger_target_dag to None, run_after=None
[2024-09-15T07:23:34.006+0000] {processor.py:208} INFO - Processing /home/airflow/.local/lib/python3.12/site-packages/airflow/example_dags/example_trigger_target_dag.py took 0.173 seconds
[2024-09-15T07:24:04.180+0000] {processor.py:186} INFO - Started process (PID=2044) to work on /home/airflow/.local/lib/python3.12/site-packages/airflow/example_dags/example_trigger_target_dag.py
[2024-09-15T07:24:04.182+0000] {processor.py:914} INFO - Processing file /home/airflow/.local/lib/python3.12/site-packages/airflow/example_dags/example_trigger_target_dag.py for tasks to queue
[2024-09-15T07:24:04.185+0000] {logging_mixin.py:190} INFO - [2024-09-15T07:24:04.185+0000] {dagbag.py:587} INFO - Filling up the DagBag from /home/airflow/.local/lib/python3.12/site-packages/airflow/example_dags/example_trigger_target_dag.py
[2024-09-15T07:24:04.202+0000] {processor.py:925} INFO - DAG(s) 'example_trigger_target_dag' retrieved from /home/airflow/.local/lib/python3.12/site-packages/airflow/example_dags/example_trigger_target_dag.py
[2024-09-15T07:24:04.240+0000] {logging_mixin.py:190} INFO - [2024-09-15T07:24:04.239+0000] {dag.py:3229} INFO - Sync 1 DAGs
[2024-09-15T07:24:04.280+0000] {logging_mixin.py:190} INFO - [2024-09-15T07:24:04.279+0000] {dag.py:4156} INFO - Setting next_dagrun for example_trigger_target_dag to None, run_after=None
[2024-09-15T07:24:04.310+0000] {processor.py:208} INFO - Processing /home/airflow/.local/lib/python3.12/site-packages/airflow/example_dags/example_trigger_target_dag.py took 0.142 seconds
[2024-09-15T07:24:34.863+0000] {processor.py:186} INFO - Started process (PID=2106) to work on /home/airflow/.local/lib/python3.12/site-packages/airflow/example_dags/example_trigger_target_dag.py
[2024-09-15T07:24:34.900+0000] {processor.py:914} INFO - Processing file /home/airflow/.local/lib/python3.12/site-packages/airflow/example_dags/example_trigger_target_dag.py for tasks to queue
[2024-09-15T07:24:34.949+0000] {logging_mixin.py:190} INFO - [2024-09-15T07:24:34.948+0000] {dagbag.py:587} INFO - Filling up the DagBag from /home/airflow/.local/lib/python3.12/site-packages/airflow/example_dags/example_trigger_target_dag.py
[2024-09-15T07:24:34.980+0000] {processor.py:925} INFO - DAG(s) 'example_trigger_target_dag' retrieved from /home/airflow/.local/lib/python3.12/site-packages/airflow/example_dags/example_trigger_target_dag.py
[2024-09-15T07:24:35.024+0000] {logging_mixin.py:190} INFO - [2024-09-15T07:24:35.023+0000] {dag.py:3229} INFO - Sync 1 DAGs
[2024-09-15T07:24:35.059+0000] {logging_mixin.py:190} INFO - [2024-09-15T07:24:35.058+0000] {dag.py:4156} INFO - Setting next_dagrun for example_trigger_target_dag to None, run_after=None
[2024-09-15T07:24:35.098+0000] {processor.py:208} INFO - Processing /home/airflow/.local/lib/python3.12/site-packages/airflow/example_dags/example_trigger_target_dag.py took 0.253 seconds
[2024-09-15T07:25:05.575+0000] {processor.py:186} INFO - Started process (PID=2168) to work on /home/airflow/.local/lib/python3.12/site-packages/airflow/example_dags/example_trigger_target_dag.py
[2024-09-15T07:25:05.577+0000] {processor.py:914} INFO - Processing file /home/airflow/.local/lib/python3.12/site-packages/airflow/example_dags/example_trigger_target_dag.py for tasks to queue
[2024-09-15T07:25:05.581+0000] {logging_mixin.py:190} INFO - [2024-09-15T07:25:05.580+0000] {dagbag.py:587} INFO - Filling up the DagBag from /home/airflow/.local/lib/python3.12/site-packages/airflow/example_dags/example_trigger_target_dag.py
[2024-09-15T07:25:05.598+0000] {processor.py:925} INFO - DAG(s) 'example_trigger_target_dag' retrieved from /home/airflow/.local/lib/python3.12/site-packages/airflow/example_dags/example_trigger_target_dag.py
[2024-09-15T07:25:05.645+0000] {logging_mixin.py:190} INFO - [2024-09-15T07:25:05.644+0000] {dag.py:3229} INFO - Sync 1 DAGs
[2024-09-15T07:25:05.681+0000] {logging_mixin.py:190} INFO - [2024-09-15T07:25:05.680+0000] {dag.py:4156} INFO - Setting next_dagrun for example_trigger_target_dag to None, run_after=None
[2024-09-15T07:25:05.726+0000] {processor.py:208} INFO - Processing /home/airflow/.local/lib/python3.12/site-packages/airflow/example_dags/example_trigger_target_dag.py took 0.164 seconds
[2024-09-15T08:02:13.347+0000] {processor.py:186} INFO - Started process (PID=2228) to work on /home/airflow/.local/lib/python3.12/site-packages/airflow/example_dags/example_trigger_target_dag.py
[2024-09-15T08:02:13.350+0000] {processor.py:914} INFO - Processing file /home/airflow/.local/lib/python3.12/site-packages/airflow/example_dags/example_trigger_target_dag.py for tasks to queue
[2024-09-15T08:02:13.354+0000] {logging_mixin.py:190} INFO - [2024-09-15T08:02:13.353+0000] {dagbag.py:587} INFO - Filling up the DagBag from /home/airflow/.local/lib/python3.12/site-packages/airflow/example_dags/example_trigger_target_dag.py
[2024-09-15T08:02:13.382+0000] {processor.py:925} INFO - DAG(s) 'example_trigger_target_dag' retrieved from /home/airflow/.local/lib/python3.12/site-packages/airflow/example_dags/example_trigger_target_dag.py
[2024-09-15T08:02:13.464+0000] {logging_mixin.py:190} INFO - [2024-09-15T08:02:13.464+0000] {dag.py:3229} INFO - Sync 1 DAGs
[2024-09-15T08:02:13.516+0000] {logging_mixin.py:190} INFO - [2024-09-15T08:02:13.516+0000] {dag.py:4156} INFO - Setting next_dagrun for example_trigger_target_dag to None, run_after=None
[2024-09-15T08:02:13.593+0000] {processor.py:208} INFO - Processing /home/airflow/.local/lib/python3.12/site-packages/airflow/example_dags/example_trigger_target_dag.py took 0.274 seconds
[2024-09-15T08:02:44.291+0000] {processor.py:186} INFO - Started process (PID=2291) to work on /home/airflow/.local/lib/python3.12/site-packages/airflow/example_dags/example_trigger_target_dag.py
[2024-09-15T08:02:44.293+0000] {processor.py:914} INFO - Processing file /home/airflow/.local/lib/python3.12/site-packages/airflow/example_dags/example_trigger_target_dag.py for tasks to queue
[2024-09-15T08:02:44.296+0000] {logging_mixin.py:190} INFO - [2024-09-15T08:02:44.296+0000] {dagbag.py:587} INFO - Filling up the DagBag from /home/airflow/.local/lib/python3.12/site-packages/airflow/example_dags/example_trigger_target_dag.py
[2024-09-15T08:02:44.331+0000] {processor.py:925} INFO - DAG(s) 'example_trigger_target_dag' retrieved from /home/airflow/.local/lib/python3.12/site-packages/airflow/example_dags/example_trigger_target_dag.py
[2024-09-15T08:02:44.400+0000] {logging_mixin.py:190} INFO - [2024-09-15T08:02:44.398+0000] {dag.py:3229} INFO - Sync 1 DAGs
[2024-09-15T08:02:44.449+0000] {logging_mixin.py:190} INFO - [2024-09-15T08:02:44.448+0000] {dag.py:4156} INFO - Setting next_dagrun for example_trigger_target_dag to None, run_after=None
[2024-09-15T08:02:44.495+0000] {processor.py:208} INFO - Processing /home/airflow/.local/lib/python3.12/site-packages/airflow/example_dags/example_trigger_target_dag.py took 0.221 seconds
