[2024-09-15T06:53:11.149+0000] {processor.py:186} INFO - Started process (PID=113) to work on /home/airflow/.local/lib/python3.12/site-packages/airflow/example_dags/example_branch_datetime_operator.py
[2024-09-15T06:53:11.151+0000] {processor.py:914} INFO - Processing file /home/airflow/.local/lib/python3.12/site-packages/airflow/example_dags/example_branch_datetime_operator.py for tasks to queue
[2024-09-15T06:53:11.157+0000] {logging_mixin.py:190} INFO - [2024-09-15T06:53:11.156+0000] {dagbag.py:587} INFO - Filling up the DagBag from /home/airflow/.local/lib/python3.12/site-packages/airflow/example_dags/example_branch_datetime_operator.py
[2024-09-15T06:53:11.209+0000] {processor.py:925} INFO - DAG(s) 'example_branch_datetime_operator_3', 'example_branch_datetime_operator', 'example_branch_datetime_operator_2' retrieved from /home/airflow/.local/lib/python3.12/site-packages/airflow/example_dags/example_branch_datetime_operator.py
[2024-09-15T06:53:11.624+0000] {logging_mixin.py:190} INFO - [2024-09-15T06:53:11.623+0000] {override.py:1900} INFO - Created Permission View: can delete on DAG:example_branch_datetime_operator_3
[2024-09-15T06:53:11.665+0000] {logging_mixin.py:190} INFO - [2024-09-15T06:53:11.664+0000] {override.py:1900} INFO - Created Permission View: can edit on DAG:example_branch_datetime_operator_3
[2024-09-15T06:53:11.689+0000] {logging_mixin.py:190} INFO - [2024-09-15T06:53:11.689+0000] {override.py:1900} INFO - Created Permission View: can read on DAG:example_branch_datetime_operator_3
[2024-09-15T06:53:11.756+0000] {logging_mixin.py:190} INFO - [2024-09-15T06:53:11.755+0000] {override.py:1900} INFO - Created Permission View: can delete on DAG Run:example_branch_datetime_operator_3
[2024-09-15T06:53:11.814+0000] {logging_mixin.py:190} INFO - [2024-09-15T06:53:11.811+0000] {override.py:1900} INFO - Created Permission View: can create on DAG Run:example_branch_datetime_operator_3
[2024-09-15T06:53:11.860+0000] {logging_mixin.py:190} INFO - [2024-09-15T06:53:11.859+0000] {override.py:1900} INFO - Created Permission View: can read on DAG Run:example_branch_datetime_operator_3
[2024-09-15T06:53:11.891+0000] {logging_mixin.py:190} INFO - [2024-09-15T06:53:11.890+0000] {override.py:1900} INFO - Created Permission View: menu access on DAG Run:example_branch_datetime_operator_3
[2024-09-15T06:53:11.951+0000] {logging_mixin.py:190} INFO - [2024-09-15T06:53:11.950+0000] {override.py:1900} INFO - Created Permission View: can delete on DAG:example_branch_datetime_operator
[2024-09-15T06:53:11.982+0000] {logging_mixin.py:190} INFO - [2024-09-15T06:53:11.981+0000] {override.py:1900} INFO - Created Permission View: can edit on DAG:example_branch_datetime_operator
[2024-09-15T06:53:12.009+0000] {logging_mixin.py:190} INFO - [2024-09-15T06:53:12.008+0000] {override.py:1900} INFO - Created Permission View: can read on DAG:example_branch_datetime_operator
[2024-09-15T06:53:12.052+0000] {logging_mixin.py:190} INFO - [2024-09-15T06:53:12.051+0000] {override.py:1900} INFO - Created Permission View: can delete on DAG Run:example_branch_datetime_operator
[2024-09-15T06:53:12.094+0000] {logging_mixin.py:190} INFO - [2024-09-15T06:53:12.093+0000] {override.py:1900} INFO - Created Permission View: can create on DAG Run:example_branch_datetime_operator
[2024-09-15T06:53:12.155+0000] {logging_mixin.py:190} INFO - [2024-09-15T06:53:12.154+0000] {override.py:1900} INFO - Created Permission View: can read on DAG Run:example_branch_datetime_operator
[2024-09-15T06:53:12.191+0000] {logging_mixin.py:190} INFO - [2024-09-15T06:53:12.190+0000] {override.py:1900} INFO - Created Permission View: menu access on DAG Run:example_branch_datetime_operator
[2024-09-15T06:53:12.260+0000] {logging_mixin.py:190} INFO - [2024-09-15T06:53:12.259+0000] {override.py:1900} INFO - Created Permission View: can delete on DAG:example_branch_datetime_operator_2
[2024-09-15T06:53:12.328+0000] {logging_mixin.py:190} INFO - [2024-09-15T06:53:12.327+0000] {override.py:1900} INFO - Created Permission View: can edit on DAG:example_branch_datetime_operator_2
[2024-09-15T06:53:12.367+0000] {logging_mixin.py:190} INFO - [2024-09-15T06:53:12.366+0000] {override.py:1900} INFO - Created Permission View: can read on DAG:example_branch_datetime_operator_2
[2024-09-15T06:53:12.416+0000] {logging_mixin.py:190} INFO - [2024-09-15T06:53:12.416+0000] {override.py:1900} INFO - Created Permission View: can delete on DAG Run:example_branch_datetime_operator_2
[2024-09-15T06:53:12.441+0000] {logging_mixin.py:190} INFO - [2024-09-15T06:53:12.441+0000] {override.py:1900} INFO - Created Permission View: can create on DAG Run:example_branch_datetime_operator_2
[2024-09-15T06:53:12.482+0000] {logging_mixin.py:190} INFO - [2024-09-15T06:53:12.482+0000] {override.py:1900} INFO - Created Permission View: can read on DAG Run:example_branch_datetime_operator_2
[2024-09-15T06:53:12.509+0000] {logging_mixin.py:190} INFO - [2024-09-15T06:53:12.508+0000] {override.py:1900} INFO - Created Permission View: menu access on DAG Run:example_branch_datetime_operator_2
[2024-09-15T06:53:12.511+0000] {logging_mixin.py:190} INFO - [2024-09-15T06:53:12.510+0000] {dag.py:3229} INFO - Sync 3 DAGs
[2024-09-15T06:53:12.550+0000] {logging_mixin.py:190} INFO - [2024-09-15T06:53:12.549+0000] {dag.py:3252} INFO - Creating ORM DAG for example_branch_datetime_operator
[2024-09-15T06:53:12.554+0000] {logging_mixin.py:190} INFO - [2024-09-15T06:53:12.554+0000] {dag.py:3252} INFO - Creating ORM DAG for example_branch_datetime_operator_2
[2024-09-15T06:53:12.557+0000] {logging_mixin.py:190} INFO - [2024-09-15T06:53:12.556+0000] {dag.py:3252} INFO - Creating ORM DAG for example_branch_datetime_operator_3
[2024-09-15T06:53:12.592+0000] {logging_mixin.py:190} INFO - [2024-09-15T06:53:12.591+0000] {dag.py:4156} INFO - Setting next_dagrun for example_branch_datetime_operator to 2024-09-14 00:00:00+00:00, run_after=2024-09-15 00:00:00+00:00
[2024-09-15T06:53:12.599+0000] {logging_mixin.py:190} INFO - [2024-09-15T06:53:12.599+0000] {dag.py:4156} INFO - Setting next_dagrun for example_branch_datetime_operator_2 to 2024-09-14 00:00:00+00:00, run_after=2024-09-15 00:00:00+00:00
[2024-09-15T06:53:12.605+0000] {logging_mixin.py:190} INFO - [2024-09-15T06:53:12.604+0000] {dag.py:4156} INFO - Setting next_dagrun for example_branch_datetime_operator_3 to 2024-09-14 00:00:00+00:00, run_after=2024-09-15 00:00:00+00:00
[2024-09-15T06:53:12.676+0000] {processor.py:208} INFO - Processing /home/airflow/.local/lib/python3.12/site-packages/airflow/example_dags/example_branch_datetime_operator.py took 1.537 seconds
[2024-09-15T06:54:13.953+0000] {processor.py:186} INFO - Started process (PID=175) to work on /home/airflow/.local/lib/python3.12/site-packages/airflow/example_dags/example_branch_datetime_operator.py
[2024-09-15T06:54:13.956+0000] {processor.py:914} INFO - Processing file /home/airflow/.local/lib/python3.12/site-packages/airflow/example_dags/example_branch_datetime_operator.py for tasks to queue
[2024-09-15T06:54:13.962+0000] {logging_mixin.py:190} INFO - [2024-09-15T06:54:13.961+0000] {dagbag.py:587} INFO - Filling up the DagBag from /home/airflow/.local/lib/python3.12/site-packages/airflow/example_dags/example_branch_datetime_operator.py
[2024-09-15T06:54:14.022+0000] {processor.py:925} INFO - DAG(s) 'example_branch_datetime_operator', 'example_branch_datetime_operator_3', 'example_branch_datetime_operator_2' retrieved from /home/airflow/.local/lib/python3.12/site-packages/airflow/example_dags/example_branch_datetime_operator.py
[2024-09-15T06:54:14.215+0000] {logging_mixin.py:190} INFO - [2024-09-15T06:54:14.214+0000] {dag.py:3229} INFO - Sync 3 DAGs
[2024-09-15T06:54:14.291+0000] {logging_mixin.py:190} INFO - [2024-09-15T06:54:14.290+0000] {dag.py:4156} INFO - Setting next_dagrun for example_branch_datetime_operator to 2024-09-14 00:00:00+00:00, run_after=2024-09-15 00:00:00+00:00
[2024-09-15T06:54:14.317+0000] {logging_mixin.py:190} INFO - [2024-09-15T06:54:14.317+0000] {dag.py:4156} INFO - Setting next_dagrun for example_branch_datetime_operator_2 to 2024-09-14 00:00:00+00:00, run_after=2024-09-15 00:00:00+00:00
[2024-09-15T06:54:14.325+0000] {logging_mixin.py:190} INFO - [2024-09-15T06:54:14.324+0000] {dag.py:4156} INFO - Setting next_dagrun for example_branch_datetime_operator_3 to 2024-09-14 00:00:00+00:00, run_after=2024-09-15 00:00:00+00:00
[2024-09-15T06:54:14.370+0000] {processor.py:208} INFO - Processing /home/airflow/.local/lib/python3.12/site-packages/airflow/example_dags/example_branch_datetime_operator.py took 0.432 seconds
[2024-09-15T06:54:48.999+0000] {processor.py:186} INFO - Started process (PID=237) to work on /home/airflow/.local/lib/python3.12/site-packages/airflow/example_dags/example_branch_datetime_operator.py
[2024-09-15T06:54:49.001+0000] {processor.py:914} INFO - Processing file /home/airflow/.local/lib/python3.12/site-packages/airflow/example_dags/example_branch_datetime_operator.py for tasks to queue
[2024-09-15T06:54:49.006+0000] {logging_mixin.py:190} INFO - [2024-09-15T06:54:49.005+0000] {dagbag.py:587} INFO - Filling up the DagBag from /home/airflow/.local/lib/python3.12/site-packages/airflow/example_dags/example_branch_datetime_operator.py
[2024-09-15T06:54:49.035+0000] {processor.py:925} INFO - DAG(s) 'example_branch_datetime_operator_3', 'example_branch_datetime_operator', 'example_branch_datetime_operator_2' retrieved from /home/airflow/.local/lib/python3.12/site-packages/airflow/example_dags/example_branch_datetime_operator.py
[2024-09-15T06:54:49.105+0000] {logging_mixin.py:190} INFO - [2024-09-15T06:54:49.105+0000] {dag.py:3229} INFO - Sync 3 DAGs
[2024-09-15T06:54:49.190+0000] {logging_mixin.py:190} INFO - [2024-09-15T06:54:49.189+0000] {dag.py:4156} INFO - Setting next_dagrun for example_branch_datetime_operator to 2024-09-14 00:00:00+00:00, run_after=2024-09-15 00:00:00+00:00
[2024-09-15T06:54:49.204+0000] {logging_mixin.py:190} INFO - [2024-09-15T06:54:49.203+0000] {dag.py:4156} INFO - Setting next_dagrun for example_branch_datetime_operator_2 to 2024-09-14 00:00:00+00:00, run_after=2024-09-15 00:00:00+00:00
[2024-09-15T06:54:49.211+0000] {logging_mixin.py:190} INFO - [2024-09-15T06:54:49.211+0000] {dag.py:4156} INFO - Setting next_dagrun for example_branch_datetime_operator_3 to 2024-09-14 00:00:00+00:00, run_after=2024-09-15 00:00:00+00:00
[2024-09-15T06:54:49.254+0000] {processor.py:208} INFO - Processing /home/airflow/.local/lib/python3.12/site-packages/airflow/example_dags/example_branch_datetime_operator.py took 0.267 seconds
[2024-09-15T06:57:53.720+0000] {processor.py:186} INFO - Started process (PID=339) to work on /home/airflow/.local/lib/python3.12/site-packages/airflow/example_dags/example_branch_datetime_operator.py
[2024-09-15T06:57:53.722+0000] {processor.py:914} INFO - Processing file /home/airflow/.local/lib/python3.12/site-packages/airflow/example_dags/example_branch_datetime_operator.py for tasks to queue
[2024-09-15T06:57:53.725+0000] {logging_mixin.py:190} INFO - [2024-09-15T06:57:53.725+0000] {dagbag.py:587} INFO - Filling up the DagBag from /home/airflow/.local/lib/python3.12/site-packages/airflow/example_dags/example_branch_datetime_operator.py
[2024-09-15T06:57:53.752+0000] {processor.py:925} INFO - DAG(s) 'example_branch_datetime_operator_3', 'example_branch_datetime_operator_2', 'example_branch_datetime_operator' retrieved from /home/airflow/.local/lib/python3.12/site-packages/airflow/example_dags/example_branch_datetime_operator.py
[2024-09-15T06:57:53.808+0000] {logging_mixin.py:190} INFO - [2024-09-15T06:57:53.808+0000] {dag.py:3229} INFO - Sync 3 DAGs
[2024-09-15T06:57:53.869+0000] {logging_mixin.py:190} INFO - [2024-09-15T06:57:53.869+0000] {dag.py:4156} INFO - Setting next_dagrun for example_branch_datetime_operator to 2024-09-14 00:00:00+00:00, run_after=2024-09-15 00:00:00+00:00
[2024-09-15T06:57:53.882+0000] {logging_mixin.py:190} INFO - [2024-09-15T06:57:53.882+0000] {dag.py:4156} INFO - Setting next_dagrun for example_branch_datetime_operator_2 to 2024-09-14 00:00:00+00:00, run_after=2024-09-15 00:00:00+00:00
[2024-09-15T06:57:53.889+0000] {logging_mixin.py:190} INFO - [2024-09-15T06:57:53.888+0000] {dag.py:4156} INFO - Setting next_dagrun for example_branch_datetime_operator_3 to 2024-09-14 00:00:00+00:00, run_after=2024-09-15 00:00:00+00:00
[2024-09-15T06:57:53.925+0000] {processor.py:208} INFO - Processing /home/airflow/.local/lib/python3.12/site-packages/airflow/example_dags/example_branch_datetime_operator.py took 0.216 seconds
[2024-09-15T06:58:24.355+0000] {processor.py:186} INFO - Started process (PID=401) to work on /home/airflow/.local/lib/python3.12/site-packages/airflow/example_dags/example_branch_datetime_operator.py
[2024-09-15T06:58:24.357+0000] {processor.py:914} INFO - Processing file /home/airflow/.local/lib/python3.12/site-packages/airflow/example_dags/example_branch_datetime_operator.py for tasks to queue
[2024-09-15T06:58:24.360+0000] {logging_mixin.py:190} INFO - [2024-09-15T06:58:24.359+0000] {dagbag.py:587} INFO - Filling up the DagBag from /home/airflow/.local/lib/python3.12/site-packages/airflow/example_dags/example_branch_datetime_operator.py
[2024-09-15T06:58:24.382+0000] {processor.py:925} INFO - DAG(s) 'example_branch_datetime_operator_3', 'example_branch_datetime_operator', 'example_branch_datetime_operator_2' retrieved from /home/airflow/.local/lib/python3.12/site-packages/airflow/example_dags/example_branch_datetime_operator.py
[2024-09-15T06:58:24.451+0000] {logging_mixin.py:190} INFO - [2024-09-15T06:58:24.451+0000] {dag.py:3229} INFO - Sync 3 DAGs
[2024-09-15T06:58:24.508+0000] {logging_mixin.py:190} INFO - [2024-09-15T06:58:24.507+0000] {dag.py:4156} INFO - Setting next_dagrun for example_branch_datetime_operator to 2024-09-14 00:00:00+00:00, run_after=2024-09-15 00:00:00+00:00
[2024-09-15T06:58:24.519+0000] {logging_mixin.py:190} INFO - [2024-09-15T06:58:24.518+0000] {dag.py:4156} INFO - Setting next_dagrun for example_branch_datetime_operator_2 to 2024-09-14 00:00:00+00:00, run_after=2024-09-15 00:00:00+00:00
[2024-09-15T06:58:24.524+0000] {logging_mixin.py:190} INFO - [2024-09-15T06:58:24.523+0000] {dag.py:4156} INFO - Setting next_dagrun for example_branch_datetime_operator_3 to 2024-09-14 00:00:00+00:00, run_after=2024-09-15 00:00:00+00:00
[2024-09-15T06:58:24.557+0000] {processor.py:208} INFO - Processing /home/airflow/.local/lib/python3.12/site-packages/airflow/example_dags/example_branch_datetime_operator.py took 0.213 seconds
[2024-09-15T06:58:55.680+0000] {processor.py:186} INFO - Started process (PID=463) to work on /home/airflow/.local/lib/python3.12/site-packages/airflow/example_dags/example_branch_datetime_operator.py
[2024-09-15T06:58:55.682+0000] {processor.py:914} INFO - Processing file /home/airflow/.local/lib/python3.12/site-packages/airflow/example_dags/example_branch_datetime_operator.py for tasks to queue
[2024-09-15T06:58:55.685+0000] {logging_mixin.py:190} INFO - [2024-09-15T06:58:55.685+0000] {dagbag.py:587} INFO - Filling up the DagBag from /home/airflow/.local/lib/python3.12/site-packages/airflow/example_dags/example_branch_datetime_operator.py
[2024-09-15T06:58:55.717+0000] {processor.py:925} INFO - DAG(s) 'example_branch_datetime_operator_3', 'example_branch_datetime_operator_2', 'example_branch_datetime_operator' retrieved from /home/airflow/.local/lib/python3.12/site-packages/airflow/example_dags/example_branch_datetime_operator.py
[2024-09-15T06:58:55.790+0000] {logging_mixin.py:190} INFO - [2024-09-15T06:58:55.790+0000] {dag.py:3229} INFO - Sync 3 DAGs
[2024-09-15T06:58:55.855+0000] {logging_mixin.py:190} INFO - [2024-09-15T06:58:55.855+0000] {dag.py:4156} INFO - Setting next_dagrun for example_branch_datetime_operator to 2024-09-14 00:00:00+00:00, run_after=2024-09-15 00:00:00+00:00
[2024-09-15T06:58:55.869+0000] {logging_mixin.py:190} INFO - [2024-09-15T06:58:55.868+0000] {dag.py:4156} INFO - Setting next_dagrun for example_branch_datetime_operator_2 to 2024-09-14 00:00:00+00:00, run_after=2024-09-15 00:00:00+00:00
[2024-09-15T06:58:55.876+0000] {logging_mixin.py:190} INFO - [2024-09-15T06:58:55.876+0000] {dag.py:4156} INFO - Setting next_dagrun for example_branch_datetime_operator_3 to 2024-09-14 00:00:00+00:00, run_after=2024-09-15 00:00:00+00:00
[2024-09-15T06:58:55.938+0000] {processor.py:208} INFO - Processing /home/airflow/.local/lib/python3.12/site-packages/airflow/example_dags/example_branch_datetime_operator.py took 0.274 seconds
[2024-09-15T06:59:26.663+0000] {processor.py:186} INFO - Started process (PID=525) to work on /home/airflow/.local/lib/python3.12/site-packages/airflow/example_dags/example_branch_datetime_operator.py
[2024-09-15T06:59:26.665+0000] {processor.py:914} INFO - Processing file /home/airflow/.local/lib/python3.12/site-packages/airflow/example_dags/example_branch_datetime_operator.py for tasks to queue
[2024-09-15T06:59:26.667+0000] {logging_mixin.py:190} INFO - [2024-09-15T06:59:26.667+0000] {dagbag.py:587} INFO - Filling up the DagBag from /home/airflow/.local/lib/python3.12/site-packages/airflow/example_dags/example_branch_datetime_operator.py
[2024-09-15T06:59:26.697+0000] {processor.py:925} INFO - DAG(s) 'example_branch_datetime_operator_2', 'example_branch_datetime_operator_3', 'example_branch_datetime_operator' retrieved from /home/airflow/.local/lib/python3.12/site-packages/airflow/example_dags/example_branch_datetime_operator.py
[2024-09-15T06:59:26.779+0000] {logging_mixin.py:190} INFO - [2024-09-15T06:59:26.778+0000] {dag.py:3229} INFO - Sync 3 DAGs
[2024-09-15T06:59:26.844+0000] {logging_mixin.py:190} INFO - [2024-09-15T06:59:26.843+0000] {dag.py:4156} INFO - Setting next_dagrun for example_branch_datetime_operator to 2024-09-14 00:00:00+00:00, run_after=2024-09-15 00:00:00+00:00
[2024-09-15T06:59:26.857+0000] {logging_mixin.py:190} INFO - [2024-09-15T06:59:26.857+0000] {dag.py:4156} INFO - Setting next_dagrun for example_branch_datetime_operator_2 to 2024-09-14 00:00:00+00:00, run_after=2024-09-15 00:00:00+00:00
[2024-09-15T06:59:26.865+0000] {logging_mixin.py:190} INFO - [2024-09-15T06:59:26.865+0000] {dag.py:4156} INFO - Setting next_dagrun for example_branch_datetime_operator_3 to 2024-09-14 00:00:00+00:00, run_after=2024-09-15 00:00:00+00:00
[2024-09-15T06:59:26.902+0000] {processor.py:208} INFO - Processing /home/airflow/.local/lib/python3.12/site-packages/airflow/example_dags/example_branch_datetime_operator.py took 0.252 seconds
[2024-09-15T06:59:57.645+0000] {processor.py:186} INFO - Started process (PID=587) to work on /home/airflow/.local/lib/python3.12/site-packages/airflow/example_dags/example_branch_datetime_operator.py
[2024-09-15T06:59:57.647+0000] {processor.py:914} INFO - Processing file /home/airflow/.local/lib/python3.12/site-packages/airflow/example_dags/example_branch_datetime_operator.py for tasks to queue
[2024-09-15T06:59:57.651+0000] {logging_mixin.py:190} INFO - [2024-09-15T06:59:57.650+0000] {dagbag.py:587} INFO - Filling up the DagBag from /home/airflow/.local/lib/python3.12/site-packages/airflow/example_dags/example_branch_datetime_operator.py
[2024-09-15T06:59:57.684+0000] {processor.py:925} INFO - DAG(s) 'example_branch_datetime_operator_2', 'example_branch_datetime_operator_3', 'example_branch_datetime_operator' retrieved from /home/airflow/.local/lib/python3.12/site-packages/airflow/example_dags/example_branch_datetime_operator.py
[2024-09-15T06:59:57.756+0000] {logging_mixin.py:190} INFO - [2024-09-15T06:59:57.755+0000] {dag.py:3229} INFO - Sync 3 DAGs
[2024-09-15T06:59:57.816+0000] {logging_mixin.py:190} INFO - [2024-09-15T06:59:57.816+0000] {dag.py:4156} INFO - Setting next_dagrun for example_branch_datetime_operator to 2024-09-14 00:00:00+00:00, run_after=2024-09-15 00:00:00+00:00
[2024-09-15T06:59:57.831+0000] {logging_mixin.py:190} INFO - [2024-09-15T06:59:57.830+0000] {dag.py:4156} INFO - Setting next_dagrun for example_branch_datetime_operator_2 to 2024-09-14 00:00:00+00:00, run_after=2024-09-15 00:00:00+00:00
[2024-09-15T06:59:57.839+0000] {logging_mixin.py:190} INFO - [2024-09-15T06:59:57.839+0000] {dag.py:4156} INFO - Setting next_dagrun for example_branch_datetime_operator_3 to 2024-09-14 00:00:00+00:00, run_after=2024-09-15 00:00:00+00:00
[2024-09-15T06:59:57.878+0000] {processor.py:208} INFO - Processing /home/airflow/.local/lib/python3.12/site-packages/airflow/example_dags/example_branch_datetime_operator.py took 0.244 seconds
[2024-09-15T07:00:42.877+0000] {processor.py:186} INFO - Started process (PID=649) to work on /home/airflow/.local/lib/python3.12/site-packages/airflow/example_dags/example_branch_datetime_operator.py
[2024-09-15T07:00:42.880+0000] {processor.py:914} INFO - Processing file /home/airflow/.local/lib/python3.12/site-packages/airflow/example_dags/example_branch_datetime_operator.py for tasks to queue
[2024-09-15T07:00:42.883+0000] {logging_mixin.py:190} INFO - [2024-09-15T07:00:42.882+0000] {dagbag.py:587} INFO - Filling up the DagBag from /home/airflow/.local/lib/python3.12/site-packages/airflow/example_dags/example_branch_datetime_operator.py
[2024-09-15T07:00:42.914+0000] {processor.py:925} INFO - DAG(s) 'example_branch_datetime_operator_2', 'example_branch_datetime_operator_3', 'example_branch_datetime_operator' retrieved from /home/airflow/.local/lib/python3.12/site-packages/airflow/example_dags/example_branch_datetime_operator.py
[2024-09-15T07:00:42.981+0000] {logging_mixin.py:190} INFO - [2024-09-15T07:00:42.981+0000] {dag.py:3229} INFO - Sync 3 DAGs
[2024-09-15T07:00:43.048+0000] {logging_mixin.py:190} INFO - [2024-09-15T07:00:43.048+0000] {dag.py:4156} INFO - Setting next_dagrun for example_branch_datetime_operator to 2024-09-14 00:00:00+00:00, run_after=2024-09-15 00:00:00+00:00
[2024-09-15T07:00:43.060+0000] {logging_mixin.py:190} INFO - [2024-09-15T07:00:43.060+0000] {dag.py:4156} INFO - Setting next_dagrun for example_branch_datetime_operator_2 to 2024-09-14 00:00:00+00:00, run_after=2024-09-15 00:00:00+00:00
[2024-09-15T07:00:43.066+0000] {logging_mixin.py:190} INFO - [2024-09-15T07:00:43.065+0000] {dag.py:4156} INFO - Setting next_dagrun for example_branch_datetime_operator_3 to 2024-09-14 00:00:00+00:00, run_after=2024-09-15 00:00:00+00:00
[2024-09-15T07:00:43.104+0000] {processor.py:208} INFO - Processing /home/airflow/.local/lib/python3.12/site-packages/airflow/example_dags/example_branch_datetime_operator.py took 0.248 seconds
[2024-09-15T07:04:41.526+0000] {processor.py:186} INFO - Started process (PID=721) to work on /home/airflow/.local/lib/python3.12/site-packages/airflow/example_dags/example_branch_datetime_operator.py
[2024-09-15T07:04:41.528+0000] {processor.py:914} INFO - Processing file /home/airflow/.local/lib/python3.12/site-packages/airflow/example_dags/example_branch_datetime_operator.py for tasks to queue
[2024-09-15T07:04:41.531+0000] {logging_mixin.py:190} INFO - [2024-09-15T07:04:41.530+0000] {dagbag.py:587} INFO - Filling up the DagBag from /home/airflow/.local/lib/python3.12/site-packages/airflow/example_dags/example_branch_datetime_operator.py
[2024-09-15T07:04:41.558+0000] {processor.py:925} INFO - DAG(s) 'example_branch_datetime_operator', 'example_branch_datetime_operator_2', 'example_branch_datetime_operator_3' retrieved from /home/airflow/.local/lib/python3.12/site-packages/airflow/example_dags/example_branch_datetime_operator.py
[2024-09-15T07:04:41.613+0000] {logging_mixin.py:190} INFO - [2024-09-15T07:04:41.612+0000] {dag.py:3229} INFO - Sync 3 DAGs
[2024-09-15T07:04:41.688+0000] {logging_mixin.py:190} INFO - [2024-09-15T07:04:41.688+0000] {dag.py:4156} INFO - Setting next_dagrun for example_branch_datetime_operator to 2024-09-14 00:00:00+00:00, run_after=2024-09-15 00:00:00+00:00
[2024-09-15T07:04:41.699+0000] {logging_mixin.py:190} INFO - [2024-09-15T07:04:41.699+0000] {dag.py:4156} INFO - Setting next_dagrun for example_branch_datetime_operator_2 to 2024-09-14 00:00:00+00:00, run_after=2024-09-15 00:00:00+00:00
[2024-09-15T07:04:41.707+0000] {logging_mixin.py:190} INFO - [2024-09-15T07:04:41.706+0000] {dag.py:4156} INFO - Setting next_dagrun for example_branch_datetime_operator_3 to 2024-09-14 00:00:00+00:00, run_after=2024-09-15 00:00:00+00:00
[2024-09-15T07:04:41.741+0000] {processor.py:208} INFO - Processing /home/airflow/.local/lib/python3.12/site-packages/airflow/example_dags/example_branch_datetime_operator.py took 0.229 seconds
[2024-09-15T07:05:14.312+0000] {processor.py:186} INFO - Started process (PID=783) to work on /home/airflow/.local/lib/python3.12/site-packages/airflow/example_dags/example_branch_datetime_operator.py
[2024-09-15T07:05:14.314+0000] {processor.py:914} INFO - Processing file /home/airflow/.local/lib/python3.12/site-packages/airflow/example_dags/example_branch_datetime_operator.py for tasks to queue
[2024-09-15T07:05:14.318+0000] {logging_mixin.py:190} INFO - [2024-09-15T07:05:14.318+0000] {dagbag.py:587} INFO - Filling up the DagBag from /home/airflow/.local/lib/python3.12/site-packages/airflow/example_dags/example_branch_datetime_operator.py
[2024-09-15T07:05:14.394+0000] {processor.py:925} INFO - DAG(s) 'example_branch_datetime_operator', 'example_branch_datetime_operator_2', 'example_branch_datetime_operator_3' retrieved from /home/airflow/.local/lib/python3.12/site-packages/airflow/example_dags/example_branch_datetime_operator.py
[2024-09-15T07:05:14.580+0000] {logging_mixin.py:190} INFO - [2024-09-15T07:05:14.579+0000] {dag.py:3229} INFO - Sync 3 DAGs
[2024-09-15T07:05:14.742+0000] {logging_mixin.py:190} INFO - [2024-09-15T07:05:14.739+0000] {dag.py:4156} INFO - Setting next_dagrun for example_branch_datetime_operator to 2024-09-14 00:00:00+00:00, run_after=2024-09-15 00:00:00+00:00
[2024-09-15T07:05:14.772+0000] {logging_mixin.py:190} INFO - [2024-09-15T07:05:14.771+0000] {dag.py:4156} INFO - Setting next_dagrun for example_branch_datetime_operator_2 to 2024-09-14 00:00:00+00:00, run_after=2024-09-15 00:00:00+00:00
[2024-09-15T07:05:14.793+0000] {logging_mixin.py:190} INFO - [2024-09-15T07:05:14.792+0000] {dag.py:4156} INFO - Setting next_dagrun for example_branch_datetime_operator_3 to 2024-09-14 00:00:00+00:00, run_after=2024-09-15 00:00:00+00:00
[2024-09-15T07:05:14.912+0000] {processor.py:208} INFO - Processing /home/airflow/.local/lib/python3.12/site-packages/airflow/example_dags/example_branch_datetime_operator.py took 0.649 seconds
[2024-09-15T07:05:45.731+0000] {processor.py:186} INFO - Started process (PID=845) to work on /home/airflow/.local/lib/python3.12/site-packages/airflow/example_dags/example_branch_datetime_operator.py
[2024-09-15T07:05:45.733+0000] {processor.py:914} INFO - Processing file /home/airflow/.local/lib/python3.12/site-packages/airflow/example_dags/example_branch_datetime_operator.py for tasks to queue
[2024-09-15T07:05:45.737+0000] {logging_mixin.py:190} INFO - [2024-09-15T07:05:45.736+0000] {dagbag.py:587} INFO - Filling up the DagBag from /home/airflow/.local/lib/python3.12/site-packages/airflow/example_dags/example_branch_datetime_operator.py
[2024-09-15T07:05:45.781+0000] {processor.py:925} INFO - DAG(s) 'example_branch_datetime_operator_3', 'example_branch_datetime_operator_2', 'example_branch_datetime_operator' retrieved from /home/airflow/.local/lib/python3.12/site-packages/airflow/example_dags/example_branch_datetime_operator.py
[2024-09-15T07:05:45.898+0000] {logging_mixin.py:190} INFO - [2024-09-15T07:05:45.897+0000] {dag.py:3229} INFO - Sync 3 DAGs
[2024-09-15T07:05:46.014+0000] {logging_mixin.py:190} INFO - [2024-09-15T07:05:46.013+0000] {dag.py:4156} INFO - Setting next_dagrun for example_branch_datetime_operator to 2024-09-14 00:00:00+00:00, run_after=2024-09-15 00:00:00+00:00
[2024-09-15T07:05:46.034+0000] {logging_mixin.py:190} INFO - [2024-09-15T07:05:46.034+0000] {dag.py:4156} INFO - Setting next_dagrun for example_branch_datetime_operator_2 to 2024-09-14 00:00:00+00:00, run_after=2024-09-15 00:00:00+00:00
[2024-09-15T07:05:46.049+0000] {logging_mixin.py:190} INFO - [2024-09-15T07:05:46.048+0000] {dag.py:4156} INFO - Setting next_dagrun for example_branch_datetime_operator_3 to 2024-09-14 00:00:00+00:00, run_after=2024-09-15 00:00:00+00:00
[2024-09-15T07:05:46.094+0000] {processor.py:208} INFO - Processing /home/airflow/.local/lib/python3.12/site-packages/airflow/example_dags/example_branch_datetime_operator.py took 0.380 seconds
[2024-09-15T07:06:16.637+0000] {processor.py:186} INFO - Started process (PID=907) to work on /home/airflow/.local/lib/python3.12/site-packages/airflow/example_dags/example_branch_datetime_operator.py
[2024-09-15T07:06:16.639+0000] {processor.py:914} INFO - Processing file /home/airflow/.local/lib/python3.12/site-packages/airflow/example_dags/example_branch_datetime_operator.py for tasks to queue
[2024-09-15T07:06:16.642+0000] {logging_mixin.py:190} INFO - [2024-09-15T07:06:16.641+0000] {dagbag.py:587} INFO - Filling up the DagBag from /home/airflow/.local/lib/python3.12/site-packages/airflow/example_dags/example_branch_datetime_operator.py
[2024-09-15T07:06:16.677+0000] {processor.py:925} INFO - DAG(s) 'example_branch_datetime_operator_3', 'example_branch_datetime_operator_2', 'example_branch_datetime_operator' retrieved from /home/airflow/.local/lib/python3.12/site-packages/airflow/example_dags/example_branch_datetime_operator.py
[2024-09-15T07:06:16.797+0000] {logging_mixin.py:190} INFO - [2024-09-15T07:06:16.797+0000] {dag.py:3229} INFO - Sync 3 DAGs
[2024-09-15T07:06:16.908+0000] {logging_mixin.py:190} INFO - [2024-09-15T07:06:16.907+0000] {dag.py:4156} INFO - Setting next_dagrun for example_branch_datetime_operator to 2024-09-14 00:00:00+00:00, run_after=2024-09-15 00:00:00+00:00
[2024-09-15T07:06:16.951+0000] {logging_mixin.py:190} INFO - [2024-09-15T07:06:16.950+0000] {dag.py:4156} INFO - Setting next_dagrun for example_branch_datetime_operator_2 to 2024-09-14 00:00:00+00:00, run_after=2024-09-15 00:00:00+00:00
[2024-09-15T07:06:16.964+0000] {logging_mixin.py:190} INFO - [2024-09-15T07:06:16.962+0000] {dag.py:4156} INFO - Setting next_dagrun for example_branch_datetime_operator_3 to 2024-09-14 00:00:00+00:00, run_after=2024-09-15 00:00:00+00:00
[2024-09-15T07:06:17.030+0000] {processor.py:208} INFO - Processing /home/airflow/.local/lib/python3.12/site-packages/airflow/example_dags/example_branch_datetime_operator.py took 0.409 seconds
[2024-09-15T07:06:47.648+0000] {processor.py:186} INFO - Started process (PID=968) to work on /home/airflow/.local/lib/python3.12/site-packages/airflow/example_dags/example_branch_datetime_operator.py
[2024-09-15T07:06:47.650+0000] {processor.py:914} INFO - Processing file /home/airflow/.local/lib/python3.12/site-packages/airflow/example_dags/example_branch_datetime_operator.py for tasks to queue
[2024-09-15T07:06:47.654+0000] {logging_mixin.py:190} INFO - [2024-09-15T07:06:47.653+0000] {dagbag.py:587} INFO - Filling up the DagBag from /home/airflow/.local/lib/python3.12/site-packages/airflow/example_dags/example_branch_datetime_operator.py
[2024-09-15T07:06:47.683+0000] {processor.py:925} INFO - DAG(s) 'example_branch_datetime_operator_2', 'example_branch_datetime_operator_3', 'example_branch_datetime_operator' retrieved from /home/airflow/.local/lib/python3.12/site-packages/airflow/example_dags/example_branch_datetime_operator.py
[2024-09-15T07:06:47.765+0000] {logging_mixin.py:190} INFO - [2024-09-15T07:06:47.765+0000] {dag.py:3229} INFO - Sync 3 DAGs
[2024-09-15T07:06:47.845+0000] {logging_mixin.py:190} INFO - [2024-09-15T07:06:47.844+0000] {dag.py:4156} INFO - Setting next_dagrun for example_branch_datetime_operator to 2024-09-14 00:00:00+00:00, run_after=2024-09-15 00:00:00+00:00
[2024-09-15T07:06:47.860+0000] {logging_mixin.py:190} INFO - [2024-09-15T07:06:47.859+0000] {dag.py:4156} INFO - Setting next_dagrun for example_branch_datetime_operator_2 to 2024-09-14 00:00:00+00:00, run_after=2024-09-15 00:00:00+00:00
[2024-09-15T07:06:47.868+0000] {logging_mixin.py:190} INFO - [2024-09-15T07:06:47.867+0000] {dag.py:4156} INFO - Setting next_dagrun for example_branch_datetime_operator_3 to 2024-09-14 00:00:00+00:00, run_after=2024-09-15 00:00:00+00:00
[2024-09-15T07:06:47.908+0000] {processor.py:208} INFO - Processing /home/airflow/.local/lib/python3.12/site-packages/airflow/example_dags/example_branch_datetime_operator.py took 0.275 seconds
[2024-09-15T07:07:31.214+0000] {processor.py:186} INFO - Started process (PID=1031) to work on /home/airflow/.local/lib/python3.12/site-packages/airflow/example_dags/example_branch_datetime_operator.py
[2024-09-15T07:07:31.215+0000] {processor.py:914} INFO - Processing file /home/airflow/.local/lib/python3.12/site-packages/airflow/example_dags/example_branch_datetime_operator.py for tasks to queue
[2024-09-15T07:07:31.219+0000] {logging_mixin.py:190} INFO - [2024-09-15T07:07:31.218+0000] {dagbag.py:587} INFO - Filling up the DagBag from /home/airflow/.local/lib/python3.12/site-packages/airflow/example_dags/example_branch_datetime_operator.py
[2024-09-15T07:07:31.248+0000] {processor.py:925} INFO - DAG(s) 'example_branch_datetime_operator', 'example_branch_datetime_operator_2', 'example_branch_datetime_operator_3' retrieved from /home/airflow/.local/lib/python3.12/site-packages/airflow/example_dags/example_branch_datetime_operator.py
[2024-09-15T07:07:31.314+0000] {logging_mixin.py:190} INFO - [2024-09-15T07:07:31.313+0000] {dag.py:3229} INFO - Sync 3 DAGs
[2024-09-15T07:07:31.374+0000] {logging_mixin.py:190} INFO - [2024-09-15T07:07:31.373+0000] {dag.py:4156} INFO - Setting next_dagrun for example_branch_datetime_operator to 2024-09-14 00:00:00+00:00, run_after=2024-09-15 00:00:00+00:00
[2024-09-15T07:07:31.391+0000] {logging_mixin.py:190} INFO - [2024-09-15T07:07:31.390+0000] {dag.py:4156} INFO - Setting next_dagrun for example_branch_datetime_operator_2 to 2024-09-14 00:00:00+00:00, run_after=2024-09-15 00:00:00+00:00
[2024-09-15T07:07:31.398+0000] {logging_mixin.py:190} INFO - [2024-09-15T07:07:31.397+0000] {dag.py:4156} INFO - Setting next_dagrun for example_branch_datetime_operator_3 to 2024-09-14 00:00:00+00:00, run_after=2024-09-15 00:00:00+00:00
[2024-09-15T07:07:31.442+0000] {processor.py:208} INFO - Processing /home/airflow/.local/lib/python3.12/site-packages/airflow/example_dags/example_branch_datetime_operator.py took 0.240 seconds
[2024-09-15T07:08:03.536+0000] {processor.py:186} INFO - Started process (PID=1093) to work on /home/airflow/.local/lib/python3.12/site-packages/airflow/example_dags/example_branch_datetime_operator.py
[2024-09-15T07:08:03.538+0000] {processor.py:914} INFO - Processing file /home/airflow/.local/lib/python3.12/site-packages/airflow/example_dags/example_branch_datetime_operator.py for tasks to queue
[2024-09-15T07:08:03.543+0000] {logging_mixin.py:190} INFO - [2024-09-15T07:08:03.542+0000] {dagbag.py:587} INFO - Filling up the DagBag from /home/airflow/.local/lib/python3.12/site-packages/airflow/example_dags/example_branch_datetime_operator.py
[2024-09-15T07:08:03.595+0000] {processor.py:925} INFO - DAG(s) 'example_branch_datetime_operator_3', 'example_branch_datetime_operator_2', 'example_branch_datetime_operator' retrieved from /home/airflow/.local/lib/python3.12/site-packages/airflow/example_dags/example_branch_datetime_operator.py
[2024-09-15T07:08:03.824+0000] {logging_mixin.py:190} INFO - [2024-09-15T07:08:03.823+0000] {dag.py:3229} INFO - Sync 3 DAGs
[2024-09-15T07:08:03.944+0000] {logging_mixin.py:190} INFO - [2024-09-15T07:08:03.943+0000] {dag.py:4156} INFO - Setting next_dagrun for example_branch_datetime_operator to 2024-09-14 00:00:00+00:00, run_after=2024-09-15 00:00:00+00:00
[2024-09-15T07:08:03.958+0000] {logging_mixin.py:190} INFO - [2024-09-15T07:08:03.958+0000] {dag.py:4156} INFO - Setting next_dagrun for example_branch_datetime_operator_2 to 2024-09-14 00:00:00+00:00, run_after=2024-09-15 00:00:00+00:00
[2024-09-15T07:08:03.970+0000] {logging_mixin.py:190} INFO - [2024-09-15T07:08:03.968+0000] {dag.py:4156} INFO - Setting next_dagrun for example_branch_datetime_operator_3 to 2024-09-14 00:00:00+00:00, run_after=2024-09-15 00:00:00+00:00
[2024-09-15T07:08:04.034+0000] {processor.py:208} INFO - Processing /home/airflow/.local/lib/python3.12/site-packages/airflow/example_dags/example_branch_datetime_operator.py took 0.514 seconds
[2024-09-15T07:12:22.994+0000] {processor.py:186} INFO - Started process (PID=1147) to work on /home/airflow/.local/lib/python3.12/site-packages/airflow/example_dags/example_branch_datetime_operator.py
[2024-09-15T07:12:22.996+0000] {processor.py:914} INFO - Processing file /home/airflow/.local/lib/python3.12/site-packages/airflow/example_dags/example_branch_datetime_operator.py for tasks to queue
[2024-09-15T07:12:23.000+0000] {logging_mixin.py:190} INFO - [2024-09-15T07:12:22.999+0000] {dagbag.py:587} INFO - Filling up the DagBag from /home/airflow/.local/lib/python3.12/site-packages/airflow/example_dags/example_branch_datetime_operator.py
[2024-09-15T07:12:23.028+0000] {processor.py:925} INFO - DAG(s) 'example_branch_datetime_operator_3', 'example_branch_datetime_operator', 'example_branch_datetime_operator_2' retrieved from /home/airflow/.local/lib/python3.12/site-packages/airflow/example_dags/example_branch_datetime_operator.py
[2024-09-15T07:12:23.097+0000] {logging_mixin.py:190} INFO - [2024-09-15T07:12:23.096+0000] {dag.py:3229} INFO - Sync 3 DAGs
[2024-09-15T07:12:23.170+0000] {logging_mixin.py:190} INFO - [2024-09-15T07:12:23.169+0000] {dag.py:4156} INFO - Setting next_dagrun for example_branch_datetime_operator to 2024-09-14 00:00:00+00:00, run_after=2024-09-15 00:00:00+00:00
[2024-09-15T07:12:23.183+0000] {logging_mixin.py:190} INFO - [2024-09-15T07:12:23.182+0000] {dag.py:4156} INFO - Setting next_dagrun for example_branch_datetime_operator_2 to 2024-09-14 00:00:00+00:00, run_after=2024-09-15 00:00:00+00:00
[2024-09-15T07:12:23.195+0000] {logging_mixin.py:190} INFO - [2024-09-15T07:12:23.195+0000] {dag.py:4156} INFO - Setting next_dagrun for example_branch_datetime_operator_3 to 2024-09-14 00:00:00+00:00, run_after=2024-09-15 00:00:00+00:00
[2024-09-15T07:12:23.241+0000] {processor.py:208} INFO - Processing /home/airflow/.local/lib/python3.12/site-packages/airflow/example_dags/example_branch_datetime_operator.py took 0.261 seconds
[2024-09-15T07:12:54.466+0000] {processor.py:186} INFO - Started process (PID=1209) to work on /home/airflow/.local/lib/python3.12/site-packages/airflow/example_dags/example_branch_datetime_operator.py
[2024-09-15T07:12:54.468+0000] {processor.py:914} INFO - Processing file /home/airflow/.local/lib/python3.12/site-packages/airflow/example_dags/example_branch_datetime_operator.py for tasks to queue
[2024-09-15T07:12:54.471+0000] {logging_mixin.py:190} INFO - [2024-09-15T07:12:54.470+0000] {dagbag.py:587} INFO - Filling up the DagBag from /home/airflow/.local/lib/python3.12/site-packages/airflow/example_dags/example_branch_datetime_operator.py
[2024-09-15T07:12:54.501+0000] {processor.py:925} INFO - DAG(s) 'example_branch_datetime_operator_2', 'example_branch_datetime_operator_3', 'example_branch_datetime_operator' retrieved from /home/airflow/.local/lib/python3.12/site-packages/airflow/example_dags/example_branch_datetime_operator.py
[2024-09-15T07:12:54.579+0000] {logging_mixin.py:190} INFO - [2024-09-15T07:12:54.578+0000] {dag.py:3229} INFO - Sync 3 DAGs
[2024-09-15T07:12:54.646+0000] {logging_mixin.py:190} INFO - [2024-09-15T07:12:54.645+0000] {dag.py:4156} INFO - Setting next_dagrun for example_branch_datetime_operator to 2024-09-14 00:00:00+00:00, run_after=2024-09-15 00:00:00+00:00
[2024-09-15T07:12:54.663+0000] {logging_mixin.py:190} INFO - [2024-09-15T07:12:54.663+0000] {dag.py:4156} INFO - Setting next_dagrun for example_branch_datetime_operator_2 to 2024-09-14 00:00:00+00:00, run_after=2024-09-15 00:00:00+00:00
[2024-09-15T07:12:54.671+0000] {logging_mixin.py:190} INFO - [2024-09-15T07:12:54.670+0000] {dag.py:4156} INFO - Setting next_dagrun for example_branch_datetime_operator_3 to 2024-09-14 00:00:00+00:00, run_after=2024-09-15 00:00:00+00:00
[2024-09-15T07:12:54.713+0000] {processor.py:208} INFO - Processing /home/airflow/.local/lib/python3.12/site-packages/airflow/example_dags/example_branch_datetime_operator.py took 0.263 seconds
[2024-09-15T07:13:25.445+0000] {processor.py:186} INFO - Started process (PID=1271) to work on /home/airflow/.local/lib/python3.12/site-packages/airflow/example_dags/example_branch_datetime_operator.py
[2024-09-15T07:13:25.447+0000] {processor.py:914} INFO - Processing file /home/airflow/.local/lib/python3.12/site-packages/airflow/example_dags/example_branch_datetime_operator.py for tasks to queue
[2024-09-15T07:13:25.449+0000] {logging_mixin.py:190} INFO - [2024-09-15T07:13:25.449+0000] {dagbag.py:587} INFO - Filling up the DagBag from /home/airflow/.local/lib/python3.12/site-packages/airflow/example_dags/example_branch_datetime_operator.py
[2024-09-15T07:13:25.477+0000] {processor.py:925} INFO - DAG(s) 'example_branch_datetime_operator', 'example_branch_datetime_operator_3', 'example_branch_datetime_operator_2' retrieved from /home/airflow/.local/lib/python3.12/site-packages/airflow/example_dags/example_branch_datetime_operator.py
[2024-09-15T07:13:25.536+0000] {logging_mixin.py:190} INFO - [2024-09-15T07:13:25.535+0000] {dag.py:3229} INFO - Sync 3 DAGs
[2024-09-15T07:13:25.591+0000] {logging_mixin.py:190} INFO - [2024-09-15T07:13:25.591+0000] {dag.py:4156} INFO - Setting next_dagrun for example_branch_datetime_operator to 2024-09-14 00:00:00+00:00, run_after=2024-09-15 00:00:00+00:00
[2024-09-15T07:13:25.605+0000] {logging_mixin.py:190} INFO - [2024-09-15T07:13:25.604+0000] {dag.py:4156} INFO - Setting next_dagrun for example_branch_datetime_operator_2 to 2024-09-14 00:00:00+00:00, run_after=2024-09-15 00:00:00+00:00
[2024-09-15T07:13:25.611+0000] {logging_mixin.py:190} INFO - [2024-09-15T07:13:25.611+0000] {dag.py:4156} INFO - Setting next_dagrun for example_branch_datetime_operator_3 to 2024-09-14 00:00:00+00:00, run_after=2024-09-15 00:00:00+00:00
[2024-09-15T07:13:25.649+0000] {processor.py:208} INFO - Processing /home/airflow/.local/lib/python3.12/site-packages/airflow/example_dags/example_branch_datetime_operator.py took 0.214 seconds
[2024-09-15T07:13:56.328+0000] {processor.py:186} INFO - Started process (PID=1334) to work on /home/airflow/.local/lib/python3.12/site-packages/airflow/example_dags/example_branch_datetime_operator.py
[2024-09-15T07:13:56.330+0000] {processor.py:914} INFO - Processing file /home/airflow/.local/lib/python3.12/site-packages/airflow/example_dags/example_branch_datetime_operator.py for tasks to queue
[2024-09-15T07:13:56.333+0000] {logging_mixin.py:190} INFO - [2024-09-15T07:13:56.332+0000] {dagbag.py:587} INFO - Filling up the DagBag from /home/airflow/.local/lib/python3.12/site-packages/airflow/example_dags/example_branch_datetime_operator.py
[2024-09-15T07:13:56.356+0000] {processor.py:925} INFO - DAG(s) 'example_branch_datetime_operator', 'example_branch_datetime_operator_3', 'example_branch_datetime_operator_2' retrieved from /home/airflow/.local/lib/python3.12/site-packages/airflow/example_dags/example_branch_datetime_operator.py
[2024-09-15T07:13:56.414+0000] {logging_mixin.py:190} INFO - [2024-09-15T07:13:56.414+0000] {dag.py:3229} INFO - Sync 3 DAGs
[2024-09-15T07:13:56.470+0000] {logging_mixin.py:190} INFO - [2024-09-15T07:13:56.469+0000] {dag.py:4156} INFO - Setting next_dagrun for example_branch_datetime_operator to 2024-09-14 00:00:00+00:00, run_after=2024-09-15 00:00:00+00:00
[2024-09-15T07:13:56.481+0000] {logging_mixin.py:190} INFO - [2024-09-15T07:13:56.481+0000] {dag.py:4156} INFO - Setting next_dagrun for example_branch_datetime_operator_2 to 2024-09-14 00:00:00+00:00, run_after=2024-09-15 00:00:00+00:00
[2024-09-15T07:13:56.487+0000] {logging_mixin.py:190} INFO - [2024-09-15T07:13:56.487+0000] {dag.py:4156} INFO - Setting next_dagrun for example_branch_datetime_operator_3 to 2024-09-14 00:00:00+00:00, run_after=2024-09-15 00:00:00+00:00
[2024-09-15T07:13:56.528+0000] {processor.py:208} INFO - Processing /home/airflow/.local/lib/python3.12/site-packages/airflow/example_dags/example_branch_datetime_operator.py took 0.211 seconds
[2024-09-15T07:14:27.475+0000] {processor.py:186} INFO - Started process (PID=1397) to work on /home/airflow/.local/lib/python3.12/site-packages/airflow/example_dags/example_branch_datetime_operator.py
[2024-09-15T07:14:27.477+0000] {processor.py:914} INFO - Processing file /home/airflow/.local/lib/python3.12/site-packages/airflow/example_dags/example_branch_datetime_operator.py for tasks to queue
[2024-09-15T07:14:27.481+0000] {logging_mixin.py:190} INFO - [2024-09-15T07:14:27.480+0000] {dagbag.py:587} INFO - Filling up the DagBag from /home/airflow/.local/lib/python3.12/site-packages/airflow/example_dags/example_branch_datetime_operator.py
[2024-09-15T07:14:27.510+0000] {processor.py:925} INFO - DAG(s) 'example_branch_datetime_operator_2', 'example_branch_datetime_operator', 'example_branch_datetime_operator_3' retrieved from /home/airflow/.local/lib/python3.12/site-packages/airflow/example_dags/example_branch_datetime_operator.py
[2024-09-15T07:14:27.581+0000] {logging_mixin.py:190} INFO - [2024-09-15T07:14:27.580+0000] {dag.py:3229} INFO - Sync 3 DAGs
[2024-09-15T07:14:27.646+0000] {logging_mixin.py:190} INFO - [2024-09-15T07:14:27.646+0000] {dag.py:4156} INFO - Setting next_dagrun for example_branch_datetime_operator to 2024-09-14 00:00:00+00:00, run_after=2024-09-15 00:00:00+00:00
[2024-09-15T07:14:27.659+0000] {logging_mixin.py:190} INFO - [2024-09-15T07:14:27.658+0000] {dag.py:4156} INFO - Setting next_dagrun for example_branch_datetime_operator_2 to 2024-09-14 00:00:00+00:00, run_after=2024-09-15 00:00:00+00:00
[2024-09-15T07:14:27.666+0000] {logging_mixin.py:190} INFO - [2024-09-15T07:14:27.665+0000] {dag.py:4156} INFO - Setting next_dagrun for example_branch_datetime_operator_3 to 2024-09-14 00:00:00+00:00, run_after=2024-09-15 00:00:00+00:00
[2024-09-15T07:14:27.709+0000] {processor.py:208} INFO - Processing /home/airflow/.local/lib/python3.12/site-packages/airflow/example_dags/example_branch_datetime_operator.py took 0.247 seconds
[2024-09-15T07:14:58.309+0000] {processor.py:186} INFO - Started process (PID=1459) to work on /home/airflow/.local/lib/python3.12/site-packages/airflow/example_dags/example_branch_datetime_operator.py
[2024-09-15T07:14:58.311+0000] {processor.py:914} INFO - Processing file /home/airflow/.local/lib/python3.12/site-packages/airflow/example_dags/example_branch_datetime_operator.py for tasks to queue
[2024-09-15T07:14:58.314+0000] {logging_mixin.py:190} INFO - [2024-09-15T07:14:58.313+0000] {dagbag.py:587} INFO - Filling up the DagBag from /home/airflow/.local/lib/python3.12/site-packages/airflow/example_dags/example_branch_datetime_operator.py
[2024-09-15T07:14:58.338+0000] {processor.py:925} INFO - DAG(s) 'example_branch_datetime_operator_3', 'example_branch_datetime_operator_2', 'example_branch_datetime_operator' retrieved from /home/airflow/.local/lib/python3.12/site-packages/airflow/example_dags/example_branch_datetime_operator.py
[2024-09-15T07:14:58.417+0000] {logging_mixin.py:190} INFO - [2024-09-15T07:14:58.416+0000] {dag.py:3229} INFO - Sync 3 DAGs
[2024-09-15T07:14:58.487+0000] {logging_mixin.py:190} INFO - [2024-09-15T07:14:58.487+0000] {dag.py:4156} INFO - Setting next_dagrun for example_branch_datetime_operator to 2024-09-14 00:00:00+00:00, run_after=2024-09-15 00:00:00+00:00
[2024-09-15T07:14:58.501+0000] {logging_mixin.py:190} INFO - [2024-09-15T07:14:58.500+0000] {dag.py:4156} INFO - Setting next_dagrun for example_branch_datetime_operator_2 to 2024-09-14 00:00:00+00:00, run_after=2024-09-15 00:00:00+00:00
[2024-09-15T07:14:58.507+0000] {logging_mixin.py:190} INFO - [2024-09-15T07:14:58.507+0000] {dag.py:4156} INFO - Setting next_dagrun for example_branch_datetime_operator_3 to 2024-09-14 00:00:00+00:00, run_after=2024-09-15 00:00:00+00:00
[2024-09-15T07:14:58.556+0000] {processor.py:208} INFO - Processing /home/airflow/.local/lib/python3.12/site-packages/airflow/example_dags/example_branch_datetime_operator.py took 0.261 seconds
[2024-09-15T07:15:44.050+0000] {processor.py:186} INFO - Started process (PID=1520) to work on /home/airflow/.local/lib/python3.12/site-packages/airflow/example_dags/example_branch_datetime_operator.py
[2024-09-15T07:15:44.052+0000] {processor.py:914} INFO - Processing file /home/airflow/.local/lib/python3.12/site-packages/airflow/example_dags/example_branch_datetime_operator.py for tasks to queue
[2024-09-15T07:15:44.055+0000] {logging_mixin.py:190} INFO - [2024-09-15T07:15:44.055+0000] {dagbag.py:587} INFO - Filling up the DagBag from /home/airflow/.local/lib/python3.12/site-packages/airflow/example_dags/example_branch_datetime_operator.py
[2024-09-15T07:15:44.079+0000] {processor.py:925} INFO - DAG(s) 'example_branch_datetime_operator_2', 'example_branch_datetime_operator_3', 'example_branch_datetime_operator' retrieved from /home/airflow/.local/lib/python3.12/site-packages/airflow/example_dags/example_branch_datetime_operator.py
[2024-09-15T07:15:44.145+0000] {logging_mixin.py:190} INFO - [2024-09-15T07:15:44.144+0000] {dag.py:3229} INFO - Sync 3 DAGs
[2024-09-15T07:15:44.216+0000] {logging_mixin.py:190} INFO - [2024-09-15T07:15:44.216+0000] {dag.py:4156} INFO - Setting next_dagrun for example_branch_datetime_operator to 2024-09-14 00:00:00+00:00, run_after=2024-09-15 00:00:00+00:00
[2024-09-15T07:15:44.233+0000] {logging_mixin.py:190} INFO - [2024-09-15T07:15:44.233+0000] {dag.py:4156} INFO - Setting next_dagrun for example_branch_datetime_operator_2 to 2024-09-14 00:00:00+00:00, run_after=2024-09-15 00:00:00+00:00
[2024-09-15T07:15:44.240+0000] {logging_mixin.py:190} INFO - [2024-09-15T07:15:44.240+0000] {dag.py:4156} INFO - Setting next_dagrun for example_branch_datetime_operator_3 to 2024-09-14 00:00:00+00:00, run_after=2024-09-15 00:00:00+00:00
[2024-09-15T07:15:44.278+0000] {processor.py:208} INFO - Processing /home/airflow/.local/lib/python3.12/site-packages/airflow/example_dags/example_branch_datetime_operator.py took 0.241 seconds
[2024-09-15T07:16:15.483+0000] {processor.py:186} INFO - Started process (PID=1581) to work on /home/airflow/.local/lib/python3.12/site-packages/airflow/example_dags/example_branch_datetime_operator.py
[2024-09-15T07:16:15.485+0000] {processor.py:914} INFO - Processing file /home/airflow/.local/lib/python3.12/site-packages/airflow/example_dags/example_branch_datetime_operator.py for tasks to queue
[2024-09-15T07:16:15.492+0000] {logging_mixin.py:190} INFO - [2024-09-15T07:16:15.491+0000] {dagbag.py:587} INFO - Filling up the DagBag from /home/airflow/.local/lib/python3.12/site-packages/airflow/example_dags/example_branch_datetime_operator.py
[2024-09-15T07:16:15.562+0000] {processor.py:925} INFO - DAG(s) 'example_branch_datetime_operator', 'example_branch_datetime_operator_3', 'example_branch_datetime_operator_2' retrieved from /home/airflow/.local/lib/python3.12/site-packages/airflow/example_dags/example_branch_datetime_operator.py
[2024-09-15T07:16:15.669+0000] {logging_mixin.py:190} INFO - [2024-09-15T07:16:15.668+0000] {dag.py:3229} INFO - Sync 3 DAGs
[2024-09-15T07:16:15.751+0000] {logging_mixin.py:190} INFO - [2024-09-15T07:16:15.750+0000] {dag.py:4156} INFO - Setting next_dagrun for example_branch_datetime_operator to 2024-09-14 00:00:00+00:00, run_after=2024-09-15 00:00:00+00:00
[2024-09-15T07:16:15.764+0000] {logging_mixin.py:190} INFO - [2024-09-15T07:16:15.764+0000] {dag.py:4156} INFO - Setting next_dagrun for example_branch_datetime_operator_2 to 2024-09-14 00:00:00+00:00, run_after=2024-09-15 00:00:00+00:00
[2024-09-15T07:16:15.774+0000] {logging_mixin.py:190} INFO - [2024-09-15T07:16:15.774+0000] {dag.py:4156} INFO - Setting next_dagrun for example_branch_datetime_operator_3 to 2024-09-14 00:00:00+00:00, run_after=2024-09-15 00:00:00+00:00
[2024-09-15T07:16:15.842+0000] {processor.py:208} INFO - Processing /home/airflow/.local/lib/python3.12/site-packages/airflow/example_dags/example_branch_datetime_operator.py took 0.376 seconds
[2024-09-15T07:18:26.381+0000] {processor.py:186} INFO - Started process (PID=1637) to work on /home/airflow/.local/lib/python3.12/site-packages/airflow/example_dags/example_branch_datetime_operator.py
[2024-09-15T07:18:26.383+0000] {processor.py:914} INFO - Processing file /home/airflow/.local/lib/python3.12/site-packages/airflow/example_dags/example_branch_datetime_operator.py for tasks to queue
[2024-09-15T07:18:26.385+0000] {logging_mixin.py:190} INFO - [2024-09-15T07:18:26.385+0000] {dagbag.py:587} INFO - Filling up the DagBag from /home/airflow/.local/lib/python3.12/site-packages/airflow/example_dags/example_branch_datetime_operator.py
[2024-09-15T07:18:26.408+0000] {processor.py:925} INFO - DAG(s) 'example_branch_datetime_operator', 'example_branch_datetime_operator_2', 'example_branch_datetime_operator_3' retrieved from /home/airflow/.local/lib/python3.12/site-packages/airflow/example_dags/example_branch_datetime_operator.py
[2024-09-15T07:18:26.462+0000] {logging_mixin.py:190} INFO - [2024-09-15T07:18:26.462+0000] {dag.py:3229} INFO - Sync 3 DAGs
[2024-09-15T07:18:26.519+0000] {logging_mixin.py:190} INFO - [2024-09-15T07:18:26.518+0000] {dag.py:4156} INFO - Setting next_dagrun for example_branch_datetime_operator to 2024-09-14 00:00:00+00:00, run_after=2024-09-15 00:00:00+00:00
[2024-09-15T07:18:26.531+0000] {logging_mixin.py:190} INFO - [2024-09-15T07:18:26.530+0000] {dag.py:4156} INFO - Setting next_dagrun for example_branch_datetime_operator_2 to 2024-09-14 00:00:00+00:00, run_after=2024-09-15 00:00:00+00:00
[2024-09-15T07:18:26.538+0000] {logging_mixin.py:190} INFO - [2024-09-15T07:18:26.537+0000] {dag.py:4156} INFO - Setting next_dagrun for example_branch_datetime_operator_3 to 2024-09-14 00:00:00+00:00, run_after=2024-09-15 00:00:00+00:00
[2024-09-15T07:18:26.574+0000] {processor.py:208} INFO - Processing /home/airflow/.local/lib/python3.12/site-packages/airflow/example_dags/example_branch_datetime_operator.py took 0.202 seconds
[2024-09-15T07:18:57.756+0000] {processor.py:186} INFO - Started process (PID=1699) to work on /home/airflow/.local/lib/python3.12/site-packages/airflow/example_dags/example_branch_datetime_operator.py
[2024-09-15T07:18:57.759+0000] {processor.py:914} INFO - Processing file /home/airflow/.local/lib/python3.12/site-packages/airflow/example_dags/example_branch_datetime_operator.py for tasks to queue
[2024-09-15T07:18:57.763+0000] {logging_mixin.py:190} INFO - [2024-09-15T07:18:57.762+0000] {dagbag.py:587} INFO - Filling up the DagBag from /home/airflow/.local/lib/python3.12/site-packages/airflow/example_dags/example_branch_datetime_operator.py
[2024-09-15T07:18:57.793+0000] {processor.py:925} INFO - DAG(s) 'example_branch_datetime_operator_3', 'example_branch_datetime_operator', 'example_branch_datetime_operator_2' retrieved from /home/airflow/.local/lib/python3.12/site-packages/airflow/example_dags/example_branch_datetime_operator.py
[2024-09-15T07:18:57.855+0000] {logging_mixin.py:190} INFO - [2024-09-15T07:18:57.855+0000] {dag.py:3229} INFO - Sync 3 DAGs
[2024-09-15T07:18:57.936+0000] {logging_mixin.py:190} INFO - [2024-09-15T07:18:57.935+0000] {dag.py:4156} INFO - Setting next_dagrun for example_branch_datetime_operator to 2024-09-14 00:00:00+00:00, run_after=2024-09-15 00:00:00+00:00
[2024-09-15T07:18:57.949+0000] {logging_mixin.py:190} INFO - [2024-09-15T07:18:57.948+0000] {dag.py:4156} INFO - Setting next_dagrun for example_branch_datetime_operator_2 to 2024-09-14 00:00:00+00:00, run_after=2024-09-15 00:00:00+00:00
[2024-09-15T07:18:57.958+0000] {logging_mixin.py:190} INFO - [2024-09-15T07:18:57.958+0000] {dag.py:4156} INFO - Setting next_dagrun for example_branch_datetime_operator_3 to 2024-09-14 00:00:00+00:00, run_after=2024-09-15 00:00:00+00:00
[2024-09-15T07:18:58.003+0000] {processor.py:208} INFO - Processing /home/airflow/.local/lib/python3.12/site-packages/airflow/example_dags/example_branch_datetime_operator.py took 0.261 seconds
[2024-09-15T07:19:28.603+0000] {processor.py:186} INFO - Started process (PID=1761) to work on /home/airflow/.local/lib/python3.12/site-packages/airflow/example_dags/example_branch_datetime_operator.py
[2024-09-15T07:19:28.605+0000] {processor.py:914} INFO - Processing file /home/airflow/.local/lib/python3.12/site-packages/airflow/example_dags/example_branch_datetime_operator.py for tasks to queue
[2024-09-15T07:19:28.608+0000] {logging_mixin.py:190} INFO - [2024-09-15T07:19:28.607+0000] {dagbag.py:587} INFO - Filling up the DagBag from /home/airflow/.local/lib/python3.12/site-packages/airflow/example_dags/example_branch_datetime_operator.py
[2024-09-15T07:19:28.631+0000] {processor.py:925} INFO - DAG(s) 'example_branch_datetime_operator_2', 'example_branch_datetime_operator', 'example_branch_datetime_operator_3' retrieved from /home/airflow/.local/lib/python3.12/site-packages/airflow/example_dags/example_branch_datetime_operator.py
[2024-09-15T07:19:28.688+0000] {logging_mixin.py:190} INFO - [2024-09-15T07:19:28.688+0000] {dag.py:3229} INFO - Sync 3 DAGs
[2024-09-15T07:19:28.743+0000] {logging_mixin.py:190} INFO - [2024-09-15T07:19:28.742+0000] {dag.py:4156} INFO - Setting next_dagrun for example_branch_datetime_operator to 2024-09-14 00:00:00+00:00, run_after=2024-09-15 00:00:00+00:00
[2024-09-15T07:19:28.754+0000] {logging_mixin.py:190} INFO - [2024-09-15T07:19:28.754+0000] {dag.py:4156} INFO - Setting next_dagrun for example_branch_datetime_operator_2 to 2024-09-14 00:00:00+00:00, run_after=2024-09-15 00:00:00+00:00
[2024-09-15T07:19:28.761+0000] {logging_mixin.py:190} INFO - [2024-09-15T07:19:28.760+0000] {dag.py:4156} INFO - Setting next_dagrun for example_branch_datetime_operator_3 to 2024-09-14 00:00:00+00:00, run_after=2024-09-15 00:00:00+00:00
[2024-09-15T07:19:28.798+0000] {processor.py:208} INFO - Processing /home/airflow/.local/lib/python3.12/site-packages/airflow/example_dags/example_branch_datetime_operator.py took 0.204 seconds
[2024-09-15T07:19:59.042+0000] {processor.py:186} INFO - Started process (PID=1823) to work on /home/airflow/.local/lib/python3.12/site-packages/airflow/example_dags/example_branch_datetime_operator.py
[2024-09-15T07:19:59.044+0000] {processor.py:914} INFO - Processing file /home/airflow/.local/lib/python3.12/site-packages/airflow/example_dags/example_branch_datetime_operator.py for tasks to queue
[2024-09-15T07:19:59.046+0000] {logging_mixin.py:190} INFO - [2024-09-15T07:19:59.046+0000] {dagbag.py:587} INFO - Filling up the DagBag from /home/airflow/.local/lib/python3.12/site-packages/airflow/example_dags/example_branch_datetime_operator.py
[2024-09-15T07:19:59.071+0000] {processor.py:925} INFO - DAG(s) 'example_branch_datetime_operator_2', 'example_branch_datetime_operator', 'example_branch_datetime_operator_3' retrieved from /home/airflow/.local/lib/python3.12/site-packages/airflow/example_dags/example_branch_datetime_operator.py
[2024-09-15T07:19:59.124+0000] {logging_mixin.py:190} INFO - [2024-09-15T07:19:59.124+0000] {dag.py:3229} INFO - Sync 3 DAGs
[2024-09-15T07:19:59.184+0000] {logging_mixin.py:190} INFO - [2024-09-15T07:19:59.184+0000] {dag.py:4156} INFO - Setting next_dagrun for example_branch_datetime_operator to 2024-09-14 00:00:00+00:00, run_after=2024-09-15 00:00:00+00:00
[2024-09-15T07:19:59.199+0000] {logging_mixin.py:190} INFO - [2024-09-15T07:19:59.198+0000] {dag.py:4156} INFO - Setting next_dagrun for example_branch_datetime_operator_2 to 2024-09-14 00:00:00+00:00, run_after=2024-09-15 00:00:00+00:00
[2024-09-15T07:19:59.206+0000] {logging_mixin.py:190} INFO - [2024-09-15T07:19:59.206+0000] {dag.py:4156} INFO - Setting next_dagrun for example_branch_datetime_operator_3 to 2024-09-14 00:00:00+00:00, run_after=2024-09-15 00:00:00+00:00
[2024-09-15T07:19:59.241+0000] {processor.py:208} INFO - Processing /home/airflow/.local/lib/python3.12/site-packages/airflow/example_dags/example_branch_datetime_operator.py took 0.211 seconds
[2024-09-15T07:20:36.147+0000] {processor.py:186} INFO - Started process (PID=1885) to work on /home/airflow/.local/lib/python3.12/site-packages/airflow/example_dags/example_branch_datetime_operator.py
[2024-09-15T07:20:36.148+0000] {processor.py:914} INFO - Processing file /home/airflow/.local/lib/python3.12/site-packages/airflow/example_dags/example_branch_datetime_operator.py for tasks to queue
[2024-09-15T07:20:36.151+0000] {logging_mixin.py:190} INFO - [2024-09-15T07:20:36.150+0000] {dagbag.py:587} INFO - Filling up the DagBag from /home/airflow/.local/lib/python3.12/site-packages/airflow/example_dags/example_branch_datetime_operator.py
[2024-09-15T07:20:36.176+0000] {processor.py:925} INFO - DAG(s) 'example_branch_datetime_operator_3', 'example_branch_datetime_operator', 'example_branch_datetime_operator_2' retrieved from /home/airflow/.local/lib/python3.12/site-packages/airflow/example_dags/example_branch_datetime_operator.py
[2024-09-15T07:20:36.224+0000] {logging_mixin.py:190} INFO - [2024-09-15T07:20:36.223+0000] {dag.py:3229} INFO - Sync 3 DAGs
[2024-09-15T07:20:36.273+0000] {logging_mixin.py:190} INFO - [2024-09-15T07:20:36.272+0000] {dag.py:4156} INFO - Setting next_dagrun for example_branch_datetime_operator to 2024-09-14 00:00:00+00:00, run_after=2024-09-15 00:00:00+00:00
[2024-09-15T07:20:36.283+0000] {logging_mixin.py:190} INFO - [2024-09-15T07:20:36.283+0000] {dag.py:4156} INFO - Setting next_dagrun for example_branch_datetime_operator_2 to 2024-09-14 00:00:00+00:00, run_after=2024-09-15 00:00:00+00:00
[2024-09-15T07:20:36.288+0000] {logging_mixin.py:190} INFO - [2024-09-15T07:20:36.288+0000] {dag.py:4156} INFO - Setting next_dagrun for example_branch_datetime_operator_3 to 2024-09-14 00:00:00+00:00, run_after=2024-09-15 00:00:00+00:00
[2024-09-15T07:20:36.320+0000] {processor.py:208} INFO - Processing /home/airflow/.local/lib/python3.12/site-packages/airflow/example_dags/example_branch_datetime_operator.py took 0.183 seconds
[2024-09-15T07:23:07.256+0000] {processor.py:186} INFO - Started process (PID=1947) to work on /home/airflow/.local/lib/python3.12/site-packages/airflow/example_dags/example_branch_datetime_operator.py
[2024-09-15T07:23:07.258+0000] {processor.py:914} INFO - Processing file /home/airflow/.local/lib/python3.12/site-packages/airflow/example_dags/example_branch_datetime_operator.py for tasks to queue
[2024-09-15T07:23:07.260+0000] {logging_mixin.py:190} INFO - [2024-09-15T07:23:07.260+0000] {dagbag.py:587} INFO - Filling up the DagBag from /home/airflow/.local/lib/python3.12/site-packages/airflow/example_dags/example_branch_datetime_operator.py
[2024-09-15T07:23:07.281+0000] {processor.py:925} INFO - DAG(s) 'example_branch_datetime_operator', 'example_branch_datetime_operator_3', 'example_branch_datetime_operator_2' retrieved from /home/airflow/.local/lib/python3.12/site-packages/airflow/example_dags/example_branch_datetime_operator.py
[2024-09-15T07:23:07.343+0000] {logging_mixin.py:190} INFO - [2024-09-15T07:23:07.342+0000] {dag.py:3229} INFO - Sync 3 DAGs
[2024-09-15T07:23:07.403+0000] {logging_mixin.py:190} INFO - [2024-09-15T07:23:07.403+0000] {dag.py:4156} INFO - Setting next_dagrun for example_branch_datetime_operator to 2024-09-14 00:00:00+00:00, run_after=2024-09-15 00:00:00+00:00
[2024-09-15T07:23:07.417+0000] {logging_mixin.py:190} INFO - [2024-09-15T07:23:07.416+0000] {dag.py:4156} INFO - Setting next_dagrun for example_branch_datetime_operator_2 to 2024-09-14 00:00:00+00:00, run_after=2024-09-15 00:00:00+00:00
[2024-09-15T07:23:07.424+0000] {logging_mixin.py:190} INFO - [2024-09-15T07:23:07.423+0000] {dag.py:4156} INFO - Setting next_dagrun for example_branch_datetime_operator_3 to 2024-09-14 00:00:00+00:00, run_after=2024-09-15 00:00:00+00:00
[2024-09-15T07:23:07.462+0000] {processor.py:208} INFO - Processing /home/airflow/.local/lib/python3.12/site-packages/airflow/example_dags/example_branch_datetime_operator.py took 0.219 seconds
[2024-09-15T07:23:38.821+0000] {processor.py:186} INFO - Started process (PID=2009) to work on /home/airflow/.local/lib/python3.12/site-packages/airflow/example_dags/example_branch_datetime_operator.py
[2024-09-15T07:23:38.824+0000] {processor.py:914} INFO - Processing file /home/airflow/.local/lib/python3.12/site-packages/airflow/example_dags/example_branch_datetime_operator.py for tasks to queue
[2024-09-15T07:23:38.828+0000] {logging_mixin.py:190} INFO - [2024-09-15T07:23:38.827+0000] {dagbag.py:587} INFO - Filling up the DagBag from /home/airflow/.local/lib/python3.12/site-packages/airflow/example_dags/example_branch_datetime_operator.py
[2024-09-15T07:23:38.855+0000] {processor.py:925} INFO - DAG(s) 'example_branch_datetime_operator', 'example_branch_datetime_operator_2', 'example_branch_datetime_operator_3' retrieved from /home/airflow/.local/lib/python3.12/site-packages/airflow/example_dags/example_branch_datetime_operator.py
[2024-09-15T07:23:38.917+0000] {logging_mixin.py:190} INFO - [2024-09-15T07:23:38.916+0000] {dag.py:3229} INFO - Sync 3 DAGs
[2024-09-15T07:23:38.995+0000] {logging_mixin.py:190} INFO - [2024-09-15T07:23:38.994+0000] {dag.py:4156} INFO - Setting next_dagrun for example_branch_datetime_operator to 2024-09-14 00:00:00+00:00, run_after=2024-09-15 00:00:00+00:00
[2024-09-15T07:23:39.011+0000] {logging_mixin.py:190} INFO - [2024-09-15T07:23:39.010+0000] {dag.py:4156} INFO - Setting next_dagrun for example_branch_datetime_operator_2 to 2024-09-14 00:00:00+00:00, run_after=2024-09-15 00:00:00+00:00
[2024-09-15T07:23:39.019+0000] {logging_mixin.py:190} INFO - [2024-09-15T07:23:39.019+0000] {dag.py:4156} INFO - Setting next_dagrun for example_branch_datetime_operator_3 to 2024-09-14 00:00:00+00:00, run_after=2024-09-15 00:00:00+00:00
[2024-09-15T07:23:39.063+0000] {processor.py:208} INFO - Processing /home/airflow/.local/lib/python3.12/site-packages/airflow/example_dags/example_branch_datetime_operator.py took 0.254 seconds
[2024-09-15T07:24:09.802+0000] {processor.py:186} INFO - Started process (PID=2071) to work on /home/airflow/.local/lib/python3.12/site-packages/airflow/example_dags/example_branch_datetime_operator.py
[2024-09-15T07:24:09.804+0000] {processor.py:914} INFO - Processing file /home/airflow/.local/lib/python3.12/site-packages/airflow/example_dags/example_branch_datetime_operator.py for tasks to queue
[2024-09-15T07:24:09.806+0000] {logging_mixin.py:190} INFO - [2024-09-15T07:24:09.806+0000] {dagbag.py:587} INFO - Filling up the DagBag from /home/airflow/.local/lib/python3.12/site-packages/airflow/example_dags/example_branch_datetime_operator.py
[2024-09-15T07:24:09.838+0000] {processor.py:925} INFO - DAG(s) 'example_branch_datetime_operator_2', 'example_branch_datetime_operator', 'example_branch_datetime_operator_3' retrieved from /home/airflow/.local/lib/python3.12/site-packages/airflow/example_dags/example_branch_datetime_operator.py
[2024-09-15T07:24:09.898+0000] {logging_mixin.py:190} INFO - [2024-09-15T07:24:09.898+0000] {dag.py:3229} INFO - Sync 3 DAGs
[2024-09-15T07:24:09.947+0000] {logging_mixin.py:190} INFO - [2024-09-15T07:24:09.947+0000] {dag.py:4156} INFO - Setting next_dagrun for example_branch_datetime_operator to 2024-09-14 00:00:00+00:00, run_after=2024-09-15 00:00:00+00:00
[2024-09-15T07:24:09.957+0000] {logging_mixin.py:190} INFO - [2024-09-15T07:24:09.956+0000] {dag.py:4156} INFO - Setting next_dagrun for example_branch_datetime_operator_2 to 2024-09-14 00:00:00+00:00, run_after=2024-09-15 00:00:00+00:00
[2024-09-15T07:24:09.963+0000] {logging_mixin.py:190} INFO - [2024-09-15T07:24:09.963+0000] {dag.py:4156} INFO - Setting next_dagrun for example_branch_datetime_operator_3 to 2024-09-14 00:00:00+00:00, run_after=2024-09-15 00:00:00+00:00
[2024-09-15T07:24:09.996+0000] {processor.py:208} INFO - Processing /home/airflow/.local/lib/python3.12/site-packages/airflow/example_dags/example_branch_datetime_operator.py took 0.209 seconds
[2024-09-15T07:24:41.150+0000] {processor.py:186} INFO - Started process (PID=2133) to work on /home/airflow/.local/lib/python3.12/site-packages/airflow/example_dags/example_branch_datetime_operator.py
[2024-09-15T07:24:41.151+0000] {processor.py:914} INFO - Processing file /home/airflow/.local/lib/python3.12/site-packages/airflow/example_dags/example_branch_datetime_operator.py for tasks to queue
[2024-09-15T07:24:41.154+0000] {logging_mixin.py:190} INFO - [2024-09-15T07:24:41.153+0000] {dagbag.py:587} INFO - Filling up the DagBag from /home/airflow/.local/lib/python3.12/site-packages/airflow/example_dags/example_branch_datetime_operator.py
[2024-09-15T07:24:41.179+0000] {processor.py:925} INFO - DAG(s) 'example_branch_datetime_operator', 'example_branch_datetime_operator_2', 'example_branch_datetime_operator_3' retrieved from /home/airflow/.local/lib/python3.12/site-packages/airflow/example_dags/example_branch_datetime_operator.py
[2024-09-15T07:24:41.230+0000] {logging_mixin.py:190} INFO - [2024-09-15T07:24:41.230+0000] {dag.py:3229} INFO - Sync 3 DAGs
[2024-09-15T07:24:41.281+0000] {logging_mixin.py:190} INFO - [2024-09-15T07:24:41.280+0000] {dag.py:4156} INFO - Setting next_dagrun for example_branch_datetime_operator to 2024-09-14 00:00:00+00:00, run_after=2024-09-15 00:00:00+00:00
[2024-09-15T07:24:41.296+0000] {logging_mixin.py:190} INFO - [2024-09-15T07:24:41.296+0000] {dag.py:4156} INFO - Setting next_dagrun for example_branch_datetime_operator_2 to 2024-09-14 00:00:00+00:00, run_after=2024-09-15 00:00:00+00:00
[2024-09-15T07:24:41.302+0000] {logging_mixin.py:190} INFO - [2024-09-15T07:24:41.302+0000] {dag.py:4156} INFO - Setting next_dagrun for example_branch_datetime_operator_3 to 2024-09-14 00:00:00+00:00, run_after=2024-09-15 00:00:00+00:00
[2024-09-15T07:24:41.343+0000] {processor.py:208} INFO - Processing /home/airflow/.local/lib/python3.12/site-packages/airflow/example_dags/example_branch_datetime_operator.py took 0.203 seconds
[2024-09-15T07:25:11.797+0000] {processor.py:186} INFO - Started process (PID=2195) to work on /home/airflow/.local/lib/python3.12/site-packages/airflow/example_dags/example_branch_datetime_operator.py
[2024-09-15T07:25:11.799+0000] {processor.py:914} INFO - Processing file /home/airflow/.local/lib/python3.12/site-packages/airflow/example_dags/example_branch_datetime_operator.py for tasks to queue
[2024-09-15T07:25:11.803+0000] {logging_mixin.py:190} INFO - [2024-09-15T07:25:11.802+0000] {dagbag.py:587} INFO - Filling up the DagBag from /home/airflow/.local/lib/python3.12/site-packages/airflow/example_dags/example_branch_datetime_operator.py
[2024-09-15T07:25:11.831+0000] {processor.py:925} INFO - DAG(s) 'example_branch_datetime_operator', 'example_branch_datetime_operator_2', 'example_branch_datetime_operator_3' retrieved from /home/airflow/.local/lib/python3.12/site-packages/airflow/example_dags/example_branch_datetime_operator.py
[2024-09-15T07:25:11.903+0000] {logging_mixin.py:190} INFO - [2024-09-15T07:25:11.902+0000] {dag.py:3229} INFO - Sync 3 DAGs
[2024-09-15T07:25:11.992+0000] {logging_mixin.py:190} INFO - [2024-09-15T07:25:11.991+0000] {dag.py:4156} INFO - Setting next_dagrun for example_branch_datetime_operator to 2024-09-14 00:00:00+00:00, run_after=2024-09-15 00:00:00+00:00
[2024-09-15T07:25:12.006+0000] {logging_mixin.py:190} INFO - [2024-09-15T07:25:12.006+0000] {dag.py:4156} INFO - Setting next_dagrun for example_branch_datetime_operator_2 to 2024-09-14 00:00:00+00:00, run_after=2024-09-15 00:00:00+00:00
[2024-09-15T07:25:12.012+0000] {logging_mixin.py:190} INFO - [2024-09-15T07:25:12.012+0000] {dag.py:4156} INFO - Setting next_dagrun for example_branch_datetime_operator_3 to 2024-09-14 00:00:00+00:00, run_after=2024-09-15 00:00:00+00:00
[2024-09-15T07:25:12.054+0000] {processor.py:208} INFO - Processing /home/airflow/.local/lib/python3.12/site-packages/airflow/example_dags/example_branch_datetime_operator.py took 0.271 seconds
