[2024-09-15T06:52:52.308+0000] {processor.py:186} INFO - Started process (PID=87) to work on /home/airflow/.local/lib/python3.12/site-packages/airflow/example_dags/example_latest_only_with_trigger.py
[2024-09-15T06:52:52.312+0000] {processor.py:914} INFO - Processing file /home/airflow/.local/lib/python3.12/site-packages/airflow/example_dags/example_latest_only_with_trigger.py for tasks to queue
[2024-09-15T06:52:52.329+0000] {logging_mixin.py:190} INFO - [2024-09-15T06:52:52.327+0000] {dagbag.py:587} INFO - Filling up the DagBag from /home/airflow/.local/lib/python3.12/site-packages/airflow/example_dags/example_latest_only_with_trigger.py
[2024-09-15T06:52:52.385+0000] {processor.py:925} INFO - DAG(s) 'latest_only_with_trigger' retrieved from /home/airflow/.local/lib/python3.12/site-packages/airflow/example_dags/example_latest_only_with_trigger.py
[2024-09-15T06:52:52.865+0000] {logging_mixin.py:190} INFO - [2024-09-15T06:52:52.864+0000] {override.py:1900} INFO - Created Permission View: can delete on DAG:latest_only_with_trigger
[2024-09-15T06:52:52.935+0000] {logging_mixin.py:190} INFO - [2024-09-15T06:52:52.934+0000] {override.py:1900} INFO - Created Permission View: can edit on DAG:latest_only_with_trigger
[2024-09-15T06:52:52.977+0000] {logging_mixin.py:190} INFO - [2024-09-15T06:52:52.976+0000] {override.py:1900} INFO - Created Permission View: can read on DAG:latest_only_with_trigger
[2024-09-15T06:52:53.014+0000] {logging_mixin.py:190} INFO - [2024-09-15T06:52:53.013+0000] {override.py:1900} INFO - Created Permission View: can delete on DAG Run:latest_only_with_trigger
[2024-09-15T06:52:53.146+0000] {logging_mixin.py:190} INFO - [2024-09-15T06:52:53.146+0000] {override.py:1900} INFO - Created Permission View: can create on DAG Run:latest_only_with_trigger
[2024-09-15T06:52:53.195+0000] {logging_mixin.py:190} INFO - [2024-09-15T06:52:53.194+0000] {override.py:1900} INFO - Created Permission View: can read on DAG Run:latest_only_with_trigger
[2024-09-15T06:52:53.230+0000] {logging_mixin.py:190} INFO - [2024-09-15T06:52:53.230+0000] {override.py:1900} INFO - Created Permission View: menu access on DAG Run:latest_only_with_trigger
[2024-09-15T06:52:53.233+0000] {logging_mixin.py:190} INFO - [2024-09-15T06:52:53.232+0000] {dag.py:3229} INFO - Sync 1 DAGs
[2024-09-15T06:52:53.274+0000] {logging_mixin.py:190} INFO - [2024-09-15T06:52:53.272+0000] {dag.py:3252} INFO - Creating ORM DAG for latest_only_with_trigger
[2024-09-15T06:52:53.384+0000] {logging_mixin.py:190} INFO - [2024-09-15T06:52:53.384+0000] {dag.py:4156} INFO - Setting next_dagrun for latest_only_with_trigger to 2024-09-15 00:00:00+00:00, run_after=2024-09-15 04:00:00+00:00
[2024-09-15T06:52:53.456+0000] {processor.py:208} INFO - Processing /home/airflow/.local/lib/python3.12/site-packages/airflow/example_dags/example_latest_only_with_trigger.py took 1.187 seconds
[2024-09-15T06:54:09.267+0000] {processor.py:186} INFO - Started process (PID=149) to work on /home/airflow/.local/lib/python3.12/site-packages/airflow/example_dags/example_latest_only_with_trigger.py
[2024-09-15T06:54:09.268+0000] {processor.py:914} INFO - Processing file /home/airflow/.local/lib/python3.12/site-packages/airflow/example_dags/example_latest_only_with_trigger.py for tasks to queue
[2024-09-15T06:54:09.276+0000] {logging_mixin.py:190} INFO - [2024-09-15T06:54:09.274+0000] {dagbag.py:587} INFO - Filling up the DagBag from /home/airflow/.local/lib/python3.12/site-packages/airflow/example_dags/example_latest_only_with_trigger.py
[2024-09-15T06:54:09.296+0000] {processor.py:925} INFO - DAG(s) 'latest_only_with_trigger' retrieved from /home/airflow/.local/lib/python3.12/site-packages/airflow/example_dags/example_latest_only_with_trigger.py
[2024-09-15T06:54:09.342+0000] {logging_mixin.py:190} INFO - [2024-09-15T06:54:09.342+0000] {dag.py:3229} INFO - Sync 1 DAGs
[2024-09-15T06:54:09.399+0000] {logging_mixin.py:190} INFO - [2024-09-15T06:54:09.399+0000] {dag.py:4156} INFO - Setting next_dagrun for latest_only_with_trigger to 2024-09-15 00:00:00+00:00, run_after=2024-09-15 04:00:00+00:00
[2024-09-15T06:54:09.454+0000] {processor.py:208} INFO - Processing /home/airflow/.local/lib/python3.12/site-packages/airflow/example_dags/example_latest_only_with_trigger.py took 0.201 seconds
[2024-09-15T06:54:41.150+0000] {processor.py:186} INFO - Started process (PID=211) to work on /home/airflow/.local/lib/python3.12/site-packages/airflow/example_dags/example_latest_only_with_trigger.py
[2024-09-15T06:54:41.152+0000] {processor.py:914} INFO - Processing file /home/airflow/.local/lib/python3.12/site-packages/airflow/example_dags/example_latest_only_with_trigger.py for tasks to queue
[2024-09-15T06:54:41.162+0000] {logging_mixin.py:190} INFO - [2024-09-15T06:54:41.161+0000] {dagbag.py:587} INFO - Filling up the DagBag from /home/airflow/.local/lib/python3.12/site-packages/airflow/example_dags/example_latest_only_with_trigger.py
[2024-09-15T06:54:41.194+0000] {processor.py:925} INFO - DAG(s) 'latest_only_with_trigger' retrieved from /home/airflow/.local/lib/python3.12/site-packages/airflow/example_dags/example_latest_only_with_trigger.py
[2024-09-15T06:54:41.306+0000] {logging_mixin.py:190} INFO - [2024-09-15T06:54:41.305+0000] {dag.py:3229} INFO - Sync 1 DAGs
[2024-09-15T06:54:41.414+0000] {logging_mixin.py:190} INFO - [2024-09-15T06:54:41.414+0000] {dag.py:4156} INFO - Setting next_dagrun for latest_only_with_trigger to 2024-09-15 00:00:00+00:00, run_after=2024-09-15 04:00:00+00:00
[2024-09-15T06:54:41.502+0000] {processor.py:208} INFO - Processing /home/airflow/.local/lib/python3.12/site-packages/airflow/example_dags/example_latest_only_with_trigger.py took 0.369 seconds
[2024-09-15T06:55:14.774+0000] {processor.py:186} INFO - Started process (PID=273) to work on /home/airflow/.local/lib/python3.12/site-packages/airflow/example_dags/example_latest_only_with_trigger.py
[2024-09-15T06:55:14.779+0000] {processor.py:914} INFO - Processing file /home/airflow/.local/lib/python3.12/site-packages/airflow/example_dags/example_latest_only_with_trigger.py for tasks to queue
[2024-09-15T06:55:14.785+0000] {logging_mixin.py:190} INFO - [2024-09-15T06:55:14.784+0000] {dagbag.py:587} INFO - Filling up the DagBag from /home/airflow/.local/lib/python3.12/site-packages/airflow/example_dags/example_latest_only_with_trigger.py
[2024-09-15T06:55:14.823+0000] {processor.py:925} INFO - DAG(s) 'latest_only_with_trigger' retrieved from /home/airflow/.local/lib/python3.12/site-packages/airflow/example_dags/example_latest_only_with_trigger.py
[2024-09-15T06:55:14.884+0000] {logging_mixin.py:190} INFO - [2024-09-15T06:55:14.883+0000] {dag.py:3229} INFO - Sync 1 DAGs
[2024-09-15T06:55:14.966+0000] {logging_mixin.py:190} INFO - [2024-09-15T06:55:14.965+0000] {dag.py:4156} INFO - Setting next_dagrun for latest_only_with_trigger to 2024-09-15 00:00:00+00:00, run_after=2024-09-15 04:00:00+00:00
[2024-09-15T06:55:15.039+0000] {processor.py:208} INFO - Processing /home/airflow/.local/lib/python3.12/site-packages/airflow/example_dags/example_latest_only_with_trigger.py took 0.284 seconds
[2024-09-15T06:57:49.563+0000] {processor.py:186} INFO - Started process (PID=317) to work on /home/airflow/.local/lib/python3.12/site-packages/airflow/example_dags/example_latest_only_with_trigger.py
[2024-09-15T06:57:49.565+0000] {processor.py:914} INFO - Processing file /home/airflow/.local/lib/python3.12/site-packages/airflow/example_dags/example_latest_only_with_trigger.py for tasks to queue
[2024-09-15T06:57:49.571+0000] {logging_mixin.py:190} INFO - [2024-09-15T06:57:49.569+0000] {dagbag.py:587} INFO - Filling up the DagBag from /home/airflow/.local/lib/python3.12/site-packages/airflow/example_dags/example_latest_only_with_trigger.py
[2024-09-15T06:57:49.603+0000] {processor.py:925} INFO - DAG(s) 'latest_only_with_trigger' retrieved from /home/airflow/.local/lib/python3.12/site-packages/airflow/example_dags/example_latest_only_with_trigger.py
[2024-09-15T06:57:49.702+0000] {logging_mixin.py:190} INFO - [2024-09-15T06:57:49.702+0000] {dag.py:3229} INFO - Sync 1 DAGs
[2024-09-15T06:57:49.805+0000] {logging_mixin.py:190} INFO - [2024-09-15T06:57:49.804+0000] {dag.py:4156} INFO - Setting next_dagrun for latest_only_with_trigger to 2024-09-15 00:00:00+00:00, run_after=2024-09-15 04:00:00+00:00
[2024-09-15T06:57:49.902+0000] {processor.py:208} INFO - Processing /home/airflow/.local/lib/python3.12/site-packages/airflow/example_dags/example_latest_only_with_trigger.py took 0.361 seconds
[2024-09-15T06:58:20.082+0000] {processor.py:186} INFO - Started process (PID=379) to work on /home/airflow/.local/lib/python3.12/site-packages/airflow/example_dags/example_latest_only_with_trigger.py
[2024-09-15T06:58:20.084+0000] {processor.py:914} INFO - Processing file /home/airflow/.local/lib/python3.12/site-packages/airflow/example_dags/example_latest_only_with_trigger.py for tasks to queue
[2024-09-15T06:58:20.088+0000] {logging_mixin.py:190} INFO - [2024-09-15T06:58:20.087+0000] {dagbag.py:587} INFO - Filling up the DagBag from /home/airflow/.local/lib/python3.12/site-packages/airflow/example_dags/example_latest_only_with_trigger.py
[2024-09-15T06:58:20.110+0000] {processor.py:925} INFO - DAG(s) 'latest_only_with_trigger' retrieved from /home/airflow/.local/lib/python3.12/site-packages/airflow/example_dags/example_latest_only_with_trigger.py
[2024-09-15T06:58:20.180+0000] {logging_mixin.py:190} INFO - [2024-09-15T06:58:20.179+0000] {dag.py:3229} INFO - Sync 1 DAGs
[2024-09-15T06:58:20.240+0000] {logging_mixin.py:190} INFO - [2024-09-15T06:58:20.240+0000] {dag.py:4156} INFO - Setting next_dagrun for latest_only_with_trigger to 2024-09-15 00:00:00+00:00, run_after=2024-09-15 04:00:00+00:00
[2024-09-15T06:58:20.303+0000] {processor.py:208} INFO - Processing /home/airflow/.local/lib/python3.12/site-packages/airflow/example_dags/example_latest_only_with_trigger.py took 0.232 seconds
[2024-09-15T06:58:50.664+0000] {processor.py:186} INFO - Started process (PID=441) to work on /home/airflow/.local/lib/python3.12/site-packages/airflow/example_dags/example_latest_only_with_trigger.py
[2024-09-15T06:58:50.665+0000] {processor.py:914} INFO - Processing file /home/airflow/.local/lib/python3.12/site-packages/airflow/example_dags/example_latest_only_with_trigger.py for tasks to queue
[2024-09-15T06:58:50.668+0000] {logging_mixin.py:190} INFO - [2024-09-15T06:58:50.667+0000] {dagbag.py:587} INFO - Filling up the DagBag from /home/airflow/.local/lib/python3.12/site-packages/airflow/example_dags/example_latest_only_with_trigger.py
[2024-09-15T06:58:50.681+0000] {processor.py:925} INFO - DAG(s) 'latest_only_with_trigger' retrieved from /home/airflow/.local/lib/python3.12/site-packages/airflow/example_dags/example_latest_only_with_trigger.py
[2024-09-15T06:58:50.717+0000] {logging_mixin.py:190} INFO - [2024-09-15T06:58:50.716+0000] {dag.py:3229} INFO - Sync 1 DAGs
[2024-09-15T06:58:50.758+0000] {logging_mixin.py:190} INFO - [2024-09-15T06:58:50.757+0000] {dag.py:4156} INFO - Setting next_dagrun for latest_only_with_trigger to 2024-09-15 00:00:00+00:00, run_after=2024-09-15 04:00:00+00:00
[2024-09-15T06:58:50.790+0000] {processor.py:208} INFO - Processing /home/airflow/.local/lib/python3.12/site-packages/airflow/example_dags/example_latest_only_with_trigger.py took 0.136 seconds
[2024-09-15T06:59:21.382+0000] {processor.py:186} INFO - Started process (PID=503) to work on /home/airflow/.local/lib/python3.12/site-packages/airflow/example_dags/example_latest_only_with_trigger.py
[2024-09-15T06:59:21.383+0000] {processor.py:914} INFO - Processing file /home/airflow/.local/lib/python3.12/site-packages/airflow/example_dags/example_latest_only_with_trigger.py for tasks to queue
[2024-09-15T06:59:21.388+0000] {logging_mixin.py:190} INFO - [2024-09-15T06:59:21.387+0000] {dagbag.py:587} INFO - Filling up the DagBag from /home/airflow/.local/lib/python3.12/site-packages/airflow/example_dags/example_latest_only_with_trigger.py
[2024-09-15T06:59:21.402+0000] {processor.py:925} INFO - DAG(s) 'latest_only_with_trigger' retrieved from /home/airflow/.local/lib/python3.12/site-packages/airflow/example_dags/example_latest_only_with_trigger.py
[2024-09-15T06:59:21.434+0000] {logging_mixin.py:190} INFO - [2024-09-15T06:59:21.434+0000] {dag.py:3229} INFO - Sync 1 DAGs
[2024-09-15T06:59:21.474+0000] {logging_mixin.py:190} INFO - [2024-09-15T06:59:21.474+0000] {dag.py:4156} INFO - Setting next_dagrun for latest_only_with_trigger to 2024-09-15 00:00:00+00:00, run_after=2024-09-15 04:00:00+00:00
[2024-09-15T06:59:21.507+0000] {processor.py:208} INFO - Processing /home/airflow/.local/lib/python3.12/site-packages/airflow/example_dags/example_latest_only_with_trigger.py took 0.134 seconds
[2024-09-15T06:59:52.088+0000] {processor.py:186} INFO - Started process (PID=565) to work on /home/airflow/.local/lib/python3.12/site-packages/airflow/example_dags/example_latest_only_with_trigger.py
[2024-09-15T06:59:52.090+0000] {processor.py:914} INFO - Processing file /home/airflow/.local/lib/python3.12/site-packages/airflow/example_dags/example_latest_only_with_trigger.py for tasks to queue
[2024-09-15T06:59:52.093+0000] {logging_mixin.py:190} INFO - [2024-09-15T06:59:52.092+0000] {dagbag.py:587} INFO - Filling up the DagBag from /home/airflow/.local/lib/python3.12/site-packages/airflow/example_dags/example_latest_only_with_trigger.py
[2024-09-15T06:59:52.110+0000] {processor.py:925} INFO - DAG(s) 'latest_only_with_trigger' retrieved from /home/airflow/.local/lib/python3.12/site-packages/airflow/example_dags/example_latest_only_with_trigger.py
[2024-09-15T06:59:52.160+0000] {logging_mixin.py:190} INFO - [2024-09-15T06:59:52.160+0000] {dag.py:3229} INFO - Sync 1 DAGs
[2024-09-15T06:59:52.211+0000] {logging_mixin.py:190} INFO - [2024-09-15T06:59:52.210+0000] {dag.py:4156} INFO - Setting next_dagrun for latest_only_with_trigger to 2024-09-15 00:00:00+00:00, run_after=2024-09-15 04:00:00+00:00
[2024-09-15T06:59:52.247+0000] {processor.py:208} INFO - Processing /home/airflow/.local/lib/python3.12/site-packages/airflow/example_dags/example_latest_only_with_trigger.py took 0.169 seconds
[2024-09-15T07:00:38.774+0000] {processor.py:186} INFO - Started process (PID=627) to work on /home/airflow/.local/lib/python3.12/site-packages/airflow/example_dags/example_latest_only_with_trigger.py
[2024-09-15T07:00:38.776+0000] {processor.py:914} INFO - Processing file /home/airflow/.local/lib/python3.12/site-packages/airflow/example_dags/example_latest_only_with_trigger.py for tasks to queue
[2024-09-15T07:00:38.779+0000] {logging_mixin.py:190} INFO - [2024-09-15T07:00:38.778+0000] {dagbag.py:587} INFO - Filling up the DagBag from /home/airflow/.local/lib/python3.12/site-packages/airflow/example_dags/example_latest_only_with_trigger.py
[2024-09-15T07:00:38.804+0000] {processor.py:925} INFO - DAG(s) 'latest_only_with_trigger' retrieved from /home/airflow/.local/lib/python3.12/site-packages/airflow/example_dags/example_latest_only_with_trigger.py
[2024-09-15T07:00:38.851+0000] {logging_mixin.py:190} INFO - [2024-09-15T07:00:38.850+0000] {dag.py:3229} INFO - Sync 1 DAGs
[2024-09-15T07:00:38.915+0000] {logging_mixin.py:190} INFO - [2024-09-15T07:00:38.914+0000] {dag.py:4156} INFO - Setting next_dagrun for latest_only_with_trigger to 2024-09-15 00:00:00+00:00, run_after=2024-09-15 04:00:00+00:00
[2024-09-15T07:00:38.959+0000] {processor.py:208} INFO - Processing /home/airflow/.local/lib/python3.12/site-packages/airflow/example_dags/example_latest_only_with_trigger.py took 0.202 seconds
[2024-09-15T07:02:27.069+0000] {processor.py:186} INFO - Started process (PID=683) to work on /home/airflow/.local/lib/python3.12/site-packages/airflow/example_dags/example_latest_only_with_trigger.py
[2024-09-15T07:02:27.152+0000] {processor.py:914} INFO - Processing file /home/airflow/.local/lib/python3.12/site-packages/airflow/example_dags/example_latest_only_with_trigger.py for tasks to queue
[2024-09-15T07:02:27.179+0000] {logging_mixin.py:190} INFO - [2024-09-15T07:02:27.161+0000] {dagbag.py:587} INFO - Filling up the DagBag from /home/airflow/.local/lib/python3.12/site-packages/airflow/example_dags/example_latest_only_with_trigger.py
[2024-09-15T07:02:27.969+0000] {processor.py:925} INFO - DAG(s) 'latest_only_with_trigger' retrieved from /home/airflow/.local/lib/python3.12/site-packages/airflow/example_dags/example_latest_only_with_trigger.py
[2024-09-15T07:03:08.267+0000] {processor.py:211} ERROR - Got an exception! Propagating...
Traceback (most recent call last):
  File "/home/airflow/.local/lib/python3.12/site-packages/sqlalchemy/engine/base.py", line 3371, in _wrap_pool_connect
    return fn()
           ^^^^
  File "/home/airflow/.local/lib/python3.12/site-packages/sqlalchemy/pool/base.py", line 327, in connect
    return _ConnectionFairy._checkout(self)
           ^^^^^^^^^^^^^^^^^^^^^^^^^^^^^^^^
  File "/home/airflow/.local/lib/python3.12/site-packages/sqlalchemy/pool/base.py", line 894, in _checkout
    fairy = _ConnectionRecord.checkout(pool)
            ^^^^^^^^^^^^^^^^^^^^^^^^^^^^^^^^
  File "/home/airflow/.local/lib/python3.12/site-packages/sqlalchemy/pool/base.py", line 493, in checkout
    rec = pool._do_get()
          ^^^^^^^^^^^^^^
  File "/home/airflow/.local/lib/python3.12/site-packages/sqlalchemy/pool/impl.py", line 145, in _do_get
    with util.safe_reraise():
  File "/home/airflow/.local/lib/python3.12/site-packages/sqlalchemy/util/langhelpers.py", line 70, in __exit__
    compat.raise_(
  File "/home/airflow/.local/lib/python3.12/site-packages/sqlalchemy/util/compat.py", line 211, in raise_
    raise exception
  File "/home/airflow/.local/lib/python3.12/site-packages/sqlalchemy/pool/impl.py", line 143, in _do_get
    return self._create_connection()
           ^^^^^^^^^^^^^^^^^^^^^^^^^
  File "/home/airflow/.local/lib/python3.12/site-packages/sqlalchemy/pool/base.py", line 273, in _create_connection
    return _ConnectionRecord(self)
           ^^^^^^^^^^^^^^^^^^^^^^^
  File "/home/airflow/.local/lib/python3.12/site-packages/sqlalchemy/pool/base.py", line 388, in __init__
    self.__connect()
  File "/home/airflow/.local/lib/python3.12/site-packages/sqlalchemy/pool/base.py", line 690, in __connect
    with util.safe_reraise():
  File "/home/airflow/.local/lib/python3.12/site-packages/sqlalchemy/util/langhelpers.py", line 70, in __exit__
    compat.raise_(
  File "/home/airflow/.local/lib/python3.12/site-packages/sqlalchemy/util/compat.py", line 211, in raise_
    raise exception
  File "/home/airflow/.local/lib/python3.12/site-packages/sqlalchemy/pool/base.py", line 686, in __connect
    self.dbapi_connection = connection = pool._invoke_creator(self)
                                         ^^^^^^^^^^^^^^^^^^^^^^^^^^
  File "/home/airflow/.local/lib/python3.12/site-packages/sqlalchemy/engine/create.py", line 574, in connect
    return dialect.connect(*cargs, **cparams)
           ^^^^^^^^^^^^^^^^^^^^^^^^^^^^^^^^^^
  File "/home/airflow/.local/lib/python3.12/site-packages/sqlalchemy/engine/default.py", line 598, in connect
    return self.dbapi.connect(*cargs, **cparams)
           ^^^^^^^^^^^^^^^^^^^^^^^^^^^^^^^^^^^^^
  File "/home/airflow/.local/lib/python3.12/site-packages/psycopg2/__init__.py", line 122, in connect
    conn = _connect(dsn, connection_factory=connection_factory, **kwasync)
           ^^^^^^^^^^^^^^^^^^^^^^^^^^^^^^^^^^^^^^^^^^^^^^^^^^^^^^^^^^^^^^^
psycopg2.OperationalError: could not translate host name "postgres" to address: Temporary failure in name resolution


The above exception was the direct cause of the following exception:

Traceback (most recent call last):
  File "/home/airflow/.local/lib/python3.12/site-packages/airflow/dag_processing/processor.py", line 207, in _run_file_processor
    _handle_dag_file_processing()
  File "/home/airflow/.local/lib/python3.12/site-packages/airflow/dag_processing/processor.py", line 188, in _handle_dag_file_processing
    result: tuple[int, int, int] = dag_file_processor.process_file(
                                   ^^^^^^^^^^^^^^^^^^^^^^^^^^^^^^^^
  File "/home/airflow/.local/lib/python3.12/site-packages/airflow/utils/session.py", line 97, in wrapper
    return func(*args, session=session, **kwargs)
           ^^^^^^^^^^^^^^^^^^^^^^^^^^^^^^^^^^^^^^
  File "/home/airflow/.local/lib/python3.12/site-packages/airflow/dag_processing/processor.py", line 942, in process_file
    serialize_errors = DagFileProcessor.save_dag_to_db(
                       ^^^^^^^^^^^^^^^^^^^^^^^^^^^^^^^^
  File "/home/airflow/.local/lib/python3.12/site-packages/airflow/api_internal/internal_api_call.py", line 139, in wrapper
    return func(*args, **kwargs)
           ^^^^^^^^^^^^^^^^^^^^^
  File "/home/airflow/.local/lib/python3.12/site-packages/airflow/utils/session.py", line 97, in wrapper
    return func(*args, session=session, **kwargs)
           ^^^^^^^^^^^^^^^^^^^^^^^^^^^^^^^^^^^^^^
  File "/home/airflow/.local/lib/python3.12/site-packages/airflow/dag_processing/processor.py", line 982, in save_dag_to_db
    import_errors = DagBag._sync_to_db(dags=dags, processor_subdir=dag_directory, session=session)
                    ^^^^^^^^^^^^^^^^^^^^^^^^^^^^^^^^^^^^^^^^^^^^^^^^^^^^^^^^^^^^^^^^^^^^^^^^^^^^^^
  File "/home/airflow/.local/lib/python3.12/site-packages/airflow/utils/session.py", line 94, in wrapper
    return func(*args, **kwargs)
           ^^^^^^^^^^^^^^^^^^^^^
  File "/home/airflow/.local/lib/python3.12/site-packages/airflow/models/dagbag.py", line 707, in _sync_to_db
    for attempt in run_with_db_retries(logger=log):
                   ^^^^^^^^^^^^^^^^^^^^^^^^^^^^^^^
  File "/home/airflow/.local/lib/python3.12/site-packages/tenacity/__init__.py", line 443, in __iter__
    do = self.iter(retry_state=retry_state)
         ^^^^^^^^^^^^^^^^^^^^^^^^^^^^^^^^^^
  File "/home/airflow/.local/lib/python3.12/site-packages/tenacity/__init__.py", line 376, in iter
    result = action(retry_state)
             ^^^^^^^^^^^^^^^^^^^
  File "/home/airflow/.local/lib/python3.12/site-packages/tenacity/__init__.py", line 418, in exc_check
    raise retry_exc.reraise()
          ^^^^^^^^^^^^^^^^^^^
  File "/home/airflow/.local/lib/python3.12/site-packages/tenacity/__init__.py", line 185, in reraise
    raise self.last_attempt.result()
          ^^^^^^^^^^^^^^^^^^^^^^^^^^
  File "/usr/local/lib/python3.12/concurrent/futures/_base.py", line 449, in result
    return self.__get_result()
           ^^^^^^^^^^^^^^^^^^^
  File "/usr/local/lib/python3.12/concurrent/futures/_base.py", line 401, in __get_result
    raise self._exception
  File "/home/airflow/.local/lib/python3.12/site-packages/airflow/models/dagbag.py", line 720, in _sync_to_db
    _serialize_dag_capturing_errors(dag, session, processor_subdir)
  File "/home/airflow/.local/lib/python3.12/site-packages/airflow/models/dagbag.py", line 685, in _serialize_dag_capturing_errors
    dag_was_updated = SerializedDagModel.write_dag(
                      ^^^^^^^^^^^^^^^^^^^^^^^^^^^^^
  File "/home/airflow/.local/lib/python3.12/site-packages/airflow/utils/session.py", line 94, in wrapper
    return func(*args, **kwargs)
           ^^^^^^^^^^^^^^^^^^^^^
  File "/home/airflow/.local/lib/python3.12/site-packages/airflow/models/serialized_dag.py", line 160, in write_dag
    if session.scalar(
       ^^^^^^^^^^^^^^^
  File "/home/airflow/.local/lib/python3.12/site-packages/sqlalchemy/orm/session.py", line 1747, in scalar
    return self.execute(
           ^^^^^^^^^^^^^
  File "/home/airflow/.local/lib/python3.12/site-packages/sqlalchemy/orm/session.py", line 1716, in execute
    conn = self._connection_for_bind(bind)
           ^^^^^^^^^^^^^^^^^^^^^^^^^^^^^^^
  File "/home/airflow/.local/lib/python3.12/site-packages/sqlalchemy/orm/session.py", line 1555, in _connection_for_bind
    return self._transaction._connection_for_bind(
           ^^^^^^^^^^^^^^^^^^^^^^^^^^^^^^^^^^^^^^^
  File "/home/airflow/.local/lib/python3.12/site-packages/sqlalchemy/orm/session.py", line 750, in _connection_for_bind
    conn = bind.connect()
           ^^^^^^^^^^^^^^
  File "/home/airflow/.local/lib/python3.12/site-packages/sqlalchemy/future/engine.py", line 412, in connect
    return super(Engine, self).connect()
           ^^^^^^^^^^^^^^^^^^^^^^^^^^^^^
  File "/home/airflow/.local/lib/python3.12/site-packages/sqlalchemy/engine/base.py", line 3325, in connect
    return self._connection_cls(self, close_with_result=close_with_result)
           ^^^^^^^^^^^^^^^^^^^^^^^^^^^^^^^^^^^^^^^^^^^^^^^^^^^^^^^^^^^^^^^
  File "/home/airflow/.local/lib/python3.12/site-packages/sqlalchemy/engine/base.py", line 96, in __init__
    else engine.raw_connection()
         ^^^^^^^^^^^^^^^^^^^^^^^
  File "/home/airflow/.local/lib/python3.12/site-packages/sqlalchemy/engine/base.py", line 3404, in raw_connection
    return self._wrap_pool_connect(self.pool.connect, _connection)
           ^^^^^^^^^^^^^^^^^^^^^^^^^^^^^^^^^^^^^^^^^^^^^^^^^^^^^^^
  File "/home/airflow/.local/lib/python3.12/site-packages/sqlalchemy/engine/base.py", line 3374, in _wrap_pool_connect
    Connection._handle_dbapi_exception_noconnection(
  File "/home/airflow/.local/lib/python3.12/site-packages/sqlalchemy/engine/base.py", line 2208, in _handle_dbapi_exception_noconnection
    util.raise_(
  File "/home/airflow/.local/lib/python3.12/site-packages/sqlalchemy/util/compat.py", line 211, in raise_
    raise exception
  File "/home/airflow/.local/lib/python3.12/site-packages/sqlalchemy/engine/base.py", line 3371, in _wrap_pool_connect
    return fn()
           ^^^^
  File "/home/airflow/.local/lib/python3.12/site-packages/sqlalchemy/pool/base.py", line 327, in connect
    return _ConnectionFairy._checkout(self)
           ^^^^^^^^^^^^^^^^^^^^^^^^^^^^^^^^
  File "/home/airflow/.local/lib/python3.12/site-packages/sqlalchemy/pool/base.py", line 894, in _checkout
    fairy = _ConnectionRecord.checkout(pool)
            ^^^^^^^^^^^^^^^^^^^^^^^^^^^^^^^^
  File "/home/airflow/.local/lib/python3.12/site-packages/sqlalchemy/pool/base.py", line 493, in checkout
    rec = pool._do_get()
          ^^^^^^^^^^^^^^
  File "/home/airflow/.local/lib/python3.12/site-packages/sqlalchemy/pool/impl.py", line 145, in _do_get
    with util.safe_reraise():
  File "/home/airflow/.local/lib/python3.12/site-packages/sqlalchemy/util/langhelpers.py", line 70, in __exit__
    compat.raise_(
  File "/home/airflow/.local/lib/python3.12/site-packages/sqlalchemy/util/compat.py", line 211, in raise_
    raise exception
  File "/home/airflow/.local/lib/python3.12/site-packages/sqlalchemy/pool/impl.py", line 143, in _do_get
    return self._create_connection()
           ^^^^^^^^^^^^^^^^^^^^^^^^^
  File "/home/airflow/.local/lib/python3.12/site-packages/sqlalchemy/pool/base.py", line 273, in _create_connection
    return _ConnectionRecord(self)
           ^^^^^^^^^^^^^^^^^^^^^^^
  File "/home/airflow/.local/lib/python3.12/site-packages/sqlalchemy/pool/base.py", line 388, in __init__
    self.__connect()
  File "/home/airflow/.local/lib/python3.12/site-packages/sqlalchemy/pool/base.py", line 690, in __connect
    with util.safe_reraise():
  File "/home/airflow/.local/lib/python3.12/site-packages/sqlalchemy/util/langhelpers.py", line 70, in __exit__
    compat.raise_(
  File "/home/airflow/.local/lib/python3.12/site-packages/sqlalchemy/util/compat.py", line 211, in raise_
    raise exception
  File "/home/airflow/.local/lib/python3.12/site-packages/sqlalchemy/pool/base.py", line 686, in __connect
    self.dbapi_connection = connection = pool._invoke_creator(self)
                                         ^^^^^^^^^^^^^^^^^^^^^^^^^^
  File "/home/airflow/.local/lib/python3.12/site-packages/sqlalchemy/engine/create.py", line 574, in connect
    return dialect.connect(*cargs, **cparams)
           ^^^^^^^^^^^^^^^^^^^^^^^^^^^^^^^^^^
  File "/home/airflow/.local/lib/python3.12/site-packages/sqlalchemy/engine/default.py", line 598, in connect
    return self.dbapi.connect(*cargs, **cparams)
           ^^^^^^^^^^^^^^^^^^^^^^^^^^^^^^^^^^^^^
  File "/home/airflow/.local/lib/python3.12/site-packages/psycopg2/__init__.py", line 122, in connect
    conn = _connect(dsn, connection_factory=connection_factory, **kwasync)
           ^^^^^^^^^^^^^^^^^^^^^^^^^^^^^^^^^^^^^^^^^^^^^^^^^^^^^^^^^^^^^^^
sqlalchemy.exc.OperationalError: (psycopg2.OperationalError) could not translate host name "postgres" to address: Temporary failure in name resolution

(Background on this error at: https://sqlalche.me/e/14/e3q8)
[2024-09-15T07:05:00.019+0000] {processor.py:186} INFO - Started process (PID=739) to work on /home/airflow/.local/lib/python3.12/site-packages/airflow/example_dags/example_latest_only_with_trigger.py
[2024-09-15T07:05:00.020+0000] {processor.py:914} INFO - Processing file /home/airflow/.local/lib/python3.12/site-packages/airflow/example_dags/example_latest_only_with_trigger.py for tasks to queue
[2024-09-15T07:05:00.023+0000] {logging_mixin.py:190} INFO - [2024-09-15T07:05:00.023+0000] {dagbag.py:587} INFO - Filling up the DagBag from /home/airflow/.local/lib/python3.12/site-packages/airflow/example_dags/example_latest_only_with_trigger.py
[2024-09-15T07:05:00.042+0000] {processor.py:925} INFO - DAG(s) 'latest_only_with_trigger' retrieved from /home/airflow/.local/lib/python3.12/site-packages/airflow/example_dags/example_latest_only_with_trigger.py
[2024-09-15T07:05:00.284+0000] {logging_mixin.py:190} INFO - [2024-09-15T07:05:00.284+0000] {dag.py:3229} INFO - Sync 1 DAGs
[2024-09-15T07:05:00.328+0000] {logging_mixin.py:190} INFO - [2024-09-15T07:05:00.328+0000] {dag.py:4156} INFO - Setting next_dagrun for latest_only_with_trigger to 2024-09-15 00:00:00+00:00, run_after=2024-09-15 04:00:00+00:00
[2024-09-15T07:05:00.365+0000] {processor.py:208} INFO - Processing /home/airflow/.local/lib/python3.12/site-packages/airflow/example_dags/example_latest_only_with_trigger.py took 0.360 seconds
[2024-09-15T07:05:30.466+0000] {processor.py:186} INFO - Started process (PID=801) to work on /home/airflow/.local/lib/python3.12/site-packages/airflow/example_dags/example_latest_only_with_trigger.py
[2024-09-15T07:05:30.468+0000] {processor.py:914} INFO - Processing file /home/airflow/.local/lib/python3.12/site-packages/airflow/example_dags/example_latest_only_with_trigger.py for tasks to queue
[2024-09-15T07:05:30.470+0000] {logging_mixin.py:190} INFO - [2024-09-15T07:05:30.470+0000] {dagbag.py:587} INFO - Filling up the DagBag from /home/airflow/.local/lib/python3.12/site-packages/airflow/example_dags/example_latest_only_with_trigger.py
[2024-09-15T07:05:30.485+0000] {processor.py:925} INFO - DAG(s) 'latest_only_with_trigger' retrieved from /home/airflow/.local/lib/python3.12/site-packages/airflow/example_dags/example_latest_only_with_trigger.py
[2024-09-15T07:05:30.521+0000] {logging_mixin.py:190} INFO - [2024-09-15T07:05:30.521+0000] {dag.py:3229} INFO - Sync 1 DAGs
[2024-09-15T07:05:30.563+0000] {logging_mixin.py:190} INFO - [2024-09-15T07:05:30.562+0000] {dag.py:4156} INFO - Setting next_dagrun for latest_only_with_trigger to 2024-09-15 00:00:00+00:00, run_after=2024-09-15 04:00:00+00:00
[2024-09-15T07:05:30.597+0000] {processor.py:208} INFO - Processing /home/airflow/.local/lib/python3.12/site-packages/airflow/example_dags/example_latest_only_with_trigger.py took 0.142 seconds
[2024-09-15T07:06:00.915+0000] {processor.py:186} INFO - Started process (PID=863) to work on /home/airflow/.local/lib/python3.12/site-packages/airflow/example_dags/example_latest_only_with_trigger.py
[2024-09-15T07:06:00.917+0000] {processor.py:914} INFO - Processing file /home/airflow/.local/lib/python3.12/site-packages/airflow/example_dags/example_latest_only_with_trigger.py for tasks to queue
[2024-09-15T07:06:00.920+0000] {logging_mixin.py:190} INFO - [2024-09-15T07:06:00.920+0000] {dagbag.py:587} INFO - Filling up the DagBag from /home/airflow/.local/lib/python3.12/site-packages/airflow/example_dags/example_latest_only_with_trigger.py
[2024-09-15T07:06:00.936+0000] {processor.py:925} INFO - DAG(s) 'latest_only_with_trigger' retrieved from /home/airflow/.local/lib/python3.12/site-packages/airflow/example_dags/example_latest_only_with_trigger.py
[2024-09-15T07:06:00.978+0000] {logging_mixin.py:190} INFO - [2024-09-15T07:06:00.977+0000] {dag.py:3229} INFO - Sync 1 DAGs
[2024-09-15T07:06:01.031+0000] {logging_mixin.py:190} INFO - [2024-09-15T07:06:01.030+0000] {dag.py:4156} INFO - Setting next_dagrun for latest_only_with_trigger to 2024-09-15 00:00:00+00:00, run_after=2024-09-15 04:00:00+00:00
[2024-09-15T07:06:01.068+0000] {processor.py:208} INFO - Processing /home/airflow/.local/lib/python3.12/site-packages/airflow/example_dags/example_latest_only_with_trigger.py took 0.165 seconds
[2024-09-15T07:06:31.648+0000] {processor.py:186} INFO - Started process (PID=925) to work on /home/airflow/.local/lib/python3.12/site-packages/airflow/example_dags/example_latest_only_with_trigger.py
[2024-09-15T07:06:31.650+0000] {processor.py:914} INFO - Processing file /home/airflow/.local/lib/python3.12/site-packages/airflow/example_dags/example_latest_only_with_trigger.py for tasks to queue
[2024-09-15T07:06:31.654+0000] {logging_mixin.py:190} INFO - [2024-09-15T07:06:31.653+0000] {dagbag.py:587} INFO - Filling up the DagBag from /home/airflow/.local/lib/python3.12/site-packages/airflow/example_dags/example_latest_only_with_trigger.py
[2024-09-15T07:06:31.672+0000] {processor.py:925} INFO - DAG(s) 'latest_only_with_trigger' retrieved from /home/airflow/.local/lib/python3.12/site-packages/airflow/example_dags/example_latest_only_with_trigger.py
[2024-09-15T07:06:31.733+0000] {logging_mixin.py:190} INFO - [2024-09-15T07:06:31.733+0000] {dag.py:3229} INFO - Sync 1 DAGs
[2024-09-15T07:06:31.799+0000] {logging_mixin.py:190} INFO - [2024-09-15T07:06:31.799+0000] {dag.py:4156} INFO - Setting next_dagrun for latest_only_with_trigger to 2024-09-15 00:00:00+00:00, run_after=2024-09-15 04:00:00+00:00
[2024-09-15T07:06:31.847+0000] {processor.py:208} INFO - Processing /home/airflow/.local/lib/python3.12/site-packages/airflow/example_dags/example_latest_only_with_trigger.py took 0.211 seconds
[2024-09-15T07:07:02.431+0000] {processor.py:186} INFO - Started process (PID=986) to work on /home/airflow/.local/lib/python3.12/site-packages/airflow/example_dags/example_latest_only_with_trigger.py
[2024-09-15T07:07:02.433+0000] {processor.py:914} INFO - Processing file /home/airflow/.local/lib/python3.12/site-packages/airflow/example_dags/example_latest_only_with_trigger.py for tasks to queue
[2024-09-15T07:07:02.438+0000] {logging_mixin.py:190} INFO - [2024-09-15T07:07:02.436+0000] {dagbag.py:587} INFO - Filling up the DagBag from /home/airflow/.local/lib/python3.12/site-packages/airflow/example_dags/example_latest_only_with_trigger.py
[2024-09-15T07:07:02.463+0000] {processor.py:925} INFO - DAG(s) 'latest_only_with_trigger' retrieved from /home/airflow/.local/lib/python3.12/site-packages/airflow/example_dags/example_latest_only_with_trigger.py
[2024-09-15T07:07:02.579+0000] {logging_mixin.py:190} INFO - [2024-09-15T07:07:02.579+0000] {dag.py:3229} INFO - Sync 1 DAGs
[2024-09-15T07:07:02.660+0000] {logging_mixin.py:190} INFO - [2024-09-15T07:07:02.659+0000] {dag.py:4156} INFO - Setting next_dagrun for latest_only_with_trigger to 2024-09-15 00:00:00+00:00, run_after=2024-09-15 04:00:00+00:00
[2024-09-15T07:07:02.712+0000] {processor.py:208} INFO - Processing /home/airflow/.local/lib/python3.12/site-packages/airflow/example_dags/example_latest_only_with_trigger.py took 0.298 seconds
[2024-09-15T07:07:34.270+0000] {processor.py:186} INFO - Started process (PID=1049) to work on /home/airflow/.local/lib/python3.12/site-packages/airflow/example_dags/example_latest_only_with_trigger.py
[2024-09-15T07:07:34.272+0000] {processor.py:914} INFO - Processing file /home/airflow/.local/lib/python3.12/site-packages/airflow/example_dags/example_latest_only_with_trigger.py for tasks to queue
[2024-09-15T07:07:34.275+0000] {logging_mixin.py:190} INFO - [2024-09-15T07:07:34.274+0000] {dagbag.py:587} INFO - Filling up the DagBag from /home/airflow/.local/lib/python3.12/site-packages/airflow/example_dags/example_latest_only_with_trigger.py
[2024-09-15T07:07:34.299+0000] {processor.py:925} INFO - DAG(s) 'latest_only_with_trigger' retrieved from /home/airflow/.local/lib/python3.12/site-packages/airflow/example_dags/example_latest_only_with_trigger.py
[2024-09-15T07:07:34.351+0000] {logging_mixin.py:190} INFO - [2024-09-15T07:07:34.350+0000] {dag.py:3229} INFO - Sync 1 DAGs
[2024-09-15T07:07:34.423+0000] {logging_mixin.py:190} INFO - [2024-09-15T07:07:34.422+0000] {dag.py:4156} INFO - Setting next_dagrun for latest_only_with_trigger to 2024-09-15 00:00:00+00:00, run_after=2024-09-15 04:00:00+00:00
[2024-09-15T07:07:34.479+0000] {processor.py:208} INFO - Processing /home/airflow/.local/lib/python3.12/site-packages/airflow/example_dags/example_latest_only_with_trigger.py took 0.223 seconds
[2024-09-15T07:12:18.887+0000] {processor.py:186} INFO - Started process (PID=1121) to work on /home/airflow/.local/lib/python3.12/site-packages/airflow/example_dags/example_latest_only_with_trigger.py
[2024-09-15T07:12:18.888+0000] {processor.py:914} INFO - Processing file /home/airflow/.local/lib/python3.12/site-packages/airflow/example_dags/example_latest_only_with_trigger.py for tasks to queue
[2024-09-15T07:12:18.891+0000] {logging_mixin.py:190} INFO - [2024-09-15T07:12:18.890+0000] {dagbag.py:587} INFO - Filling up the DagBag from /home/airflow/.local/lib/python3.12/site-packages/airflow/example_dags/example_latest_only_with_trigger.py
[2024-09-15T07:12:18.907+0000] {processor.py:925} INFO - DAG(s) 'latest_only_with_trigger' retrieved from /home/airflow/.local/lib/python3.12/site-packages/airflow/example_dags/example_latest_only_with_trigger.py
[2024-09-15T07:12:18.943+0000] {logging_mixin.py:190} INFO - [2024-09-15T07:12:18.943+0000] {dag.py:3229} INFO - Sync 1 DAGs
[2024-09-15T07:12:18.997+0000] {logging_mixin.py:190} INFO - [2024-09-15T07:12:18.996+0000] {dag.py:4156} INFO - Setting next_dagrun for latest_only_with_trigger to 2024-09-15 00:00:00+00:00, run_after=2024-09-15 04:00:00+00:00
[2024-09-15T07:12:19.040+0000] {processor.py:208} INFO - Processing /home/airflow/.local/lib/python3.12/site-packages/airflow/example_dags/example_latest_only_with_trigger.py took 0.163 seconds
[2024-09-15T07:12:49.948+0000] {processor.py:186} INFO - Started process (PID=1183) to work on /home/airflow/.local/lib/python3.12/site-packages/airflow/example_dags/example_latest_only_with_trigger.py
[2024-09-15T07:12:49.950+0000] {processor.py:914} INFO - Processing file /home/airflow/.local/lib/python3.12/site-packages/airflow/example_dags/example_latest_only_with_trigger.py for tasks to queue
[2024-09-15T07:12:49.953+0000] {logging_mixin.py:190} INFO - [2024-09-15T07:12:49.953+0000] {dagbag.py:587} INFO - Filling up the DagBag from /home/airflow/.local/lib/python3.12/site-packages/airflow/example_dags/example_latest_only_with_trigger.py
[2024-09-15T07:12:49.974+0000] {processor.py:925} INFO - DAG(s) 'latest_only_with_trigger' retrieved from /home/airflow/.local/lib/python3.12/site-packages/airflow/example_dags/example_latest_only_with_trigger.py
[2024-09-15T07:12:50.043+0000] {logging_mixin.py:190} INFO - [2024-09-15T07:12:50.043+0000] {dag.py:3229} INFO - Sync 1 DAGs
[2024-09-15T07:12:50.110+0000] {logging_mixin.py:190} INFO - [2024-09-15T07:12:50.109+0000] {dag.py:4156} INFO - Setting next_dagrun for latest_only_with_trigger to 2024-09-15 00:00:00+00:00, run_after=2024-09-15 04:00:00+00:00
[2024-09-15T07:12:50.155+0000] {processor.py:208} INFO - Processing /home/airflow/.local/lib/python3.12/site-packages/airflow/example_dags/example_latest_only_with_trigger.py took 0.222 seconds
[2024-09-15T07:13:20.441+0000] {processor.py:186} INFO - Started process (PID=1245) to work on /home/airflow/.local/lib/python3.12/site-packages/airflow/example_dags/example_latest_only_with_trigger.py
[2024-09-15T07:13:20.443+0000] {processor.py:914} INFO - Processing file /home/airflow/.local/lib/python3.12/site-packages/airflow/example_dags/example_latest_only_with_trigger.py for tasks to queue
[2024-09-15T07:13:20.446+0000] {logging_mixin.py:190} INFO - [2024-09-15T07:13:20.445+0000] {dagbag.py:587} INFO - Filling up the DagBag from /home/airflow/.local/lib/python3.12/site-packages/airflow/example_dags/example_latest_only_with_trigger.py
[2024-09-15T07:13:20.459+0000] {processor.py:925} INFO - DAG(s) 'latest_only_with_trigger' retrieved from /home/airflow/.local/lib/python3.12/site-packages/airflow/example_dags/example_latest_only_with_trigger.py
[2024-09-15T07:13:20.502+0000] {logging_mixin.py:190} INFO - [2024-09-15T07:13:20.502+0000] {dag.py:3229} INFO - Sync 1 DAGs
[2024-09-15T07:13:20.553+0000] {logging_mixin.py:190} INFO - [2024-09-15T07:13:20.553+0000] {dag.py:4156} INFO - Setting next_dagrun for latest_only_with_trigger to 2024-09-15 00:00:00+00:00, run_after=2024-09-15 04:00:00+00:00
[2024-09-15T07:13:20.590+0000] {processor.py:208} INFO - Processing /home/airflow/.local/lib/python3.12/site-packages/airflow/example_dags/example_latest_only_with_trigger.py took 0.162 seconds
[2024-09-15T07:13:50.837+0000] {processor.py:186} INFO - Started process (PID=1308) to work on /home/airflow/.local/lib/python3.12/site-packages/airflow/example_dags/example_latest_only_with_trigger.py
[2024-09-15T07:13:50.839+0000] {processor.py:914} INFO - Processing file /home/airflow/.local/lib/python3.12/site-packages/airflow/example_dags/example_latest_only_with_trigger.py for tasks to queue
[2024-09-15T07:13:50.842+0000] {logging_mixin.py:190} INFO - [2024-09-15T07:13:50.841+0000] {dagbag.py:587} INFO - Filling up the DagBag from /home/airflow/.local/lib/python3.12/site-packages/airflow/example_dags/example_latest_only_with_trigger.py
[2024-09-15T07:13:50.862+0000] {processor.py:925} INFO - DAG(s) 'latest_only_with_trigger' retrieved from /home/airflow/.local/lib/python3.12/site-packages/airflow/example_dags/example_latest_only_with_trigger.py
[2024-09-15T07:13:50.906+0000] {logging_mixin.py:190} INFO - [2024-09-15T07:13:50.905+0000] {dag.py:3229} INFO - Sync 1 DAGs
[2024-09-15T07:13:50.963+0000] {logging_mixin.py:190} INFO - [2024-09-15T07:13:50.962+0000] {dag.py:4156} INFO - Setting next_dagrun for latest_only_with_trigger to 2024-09-15 00:00:00+00:00, run_after=2024-09-15 04:00:00+00:00
[2024-09-15T07:13:51.003+0000] {processor.py:208} INFO - Processing /home/airflow/.local/lib/python3.12/site-packages/airflow/example_dags/example_latest_only_with_trigger.py took 0.180 seconds
[2024-09-15T07:14:21.668+0000] {processor.py:186} INFO - Started process (PID=1371) to work on /home/airflow/.local/lib/python3.12/site-packages/airflow/example_dags/example_latest_only_with_trigger.py
[2024-09-15T07:14:21.670+0000] {processor.py:914} INFO - Processing file /home/airflow/.local/lib/python3.12/site-packages/airflow/example_dags/example_latest_only_with_trigger.py for tasks to queue
[2024-09-15T07:14:21.676+0000] {logging_mixin.py:190} INFO - [2024-09-15T07:14:21.674+0000] {dagbag.py:587} INFO - Filling up the DagBag from /home/airflow/.local/lib/python3.12/site-packages/airflow/example_dags/example_latest_only_with_trigger.py
[2024-09-15T07:14:21.713+0000] {processor.py:925} INFO - DAG(s) 'latest_only_with_trigger' retrieved from /home/airflow/.local/lib/python3.12/site-packages/airflow/example_dags/example_latest_only_with_trigger.py
[2024-09-15T07:14:21.781+0000] {logging_mixin.py:190} INFO - [2024-09-15T07:14:21.780+0000] {dag.py:3229} INFO - Sync 1 DAGs
[2024-09-15T07:14:21.850+0000] {logging_mixin.py:190} INFO - [2024-09-15T07:14:21.849+0000] {dag.py:4156} INFO - Setting next_dagrun for latest_only_with_trigger to 2024-09-15 00:00:00+00:00, run_after=2024-09-15 04:00:00+00:00
[2024-09-15T07:14:21.919+0000] {processor.py:208} INFO - Processing /home/airflow/.local/lib/python3.12/site-packages/airflow/example_dags/example_latest_only_with_trigger.py took 0.272 seconds
[2024-09-15T07:14:52.140+0000] {processor.py:186} INFO - Started process (PID=1433) to work on /home/airflow/.local/lib/python3.12/site-packages/airflow/example_dags/example_latest_only_with_trigger.py
[2024-09-15T07:14:52.142+0000] {processor.py:914} INFO - Processing file /home/airflow/.local/lib/python3.12/site-packages/airflow/example_dags/example_latest_only_with_trigger.py for tasks to queue
[2024-09-15T07:14:52.145+0000] {logging_mixin.py:190} INFO - [2024-09-15T07:14:52.144+0000] {dagbag.py:587} INFO - Filling up the DagBag from /home/airflow/.local/lib/python3.12/site-packages/airflow/example_dags/example_latest_only_with_trigger.py
[2024-09-15T07:14:52.166+0000] {processor.py:925} INFO - DAG(s) 'latest_only_with_trigger' retrieved from /home/airflow/.local/lib/python3.12/site-packages/airflow/example_dags/example_latest_only_with_trigger.py
[2024-09-15T07:14:52.211+0000] {logging_mixin.py:190} INFO - [2024-09-15T07:14:52.210+0000] {dag.py:3229} INFO - Sync 1 DAGs
[2024-09-15T07:14:52.279+0000] {logging_mixin.py:190} INFO - [2024-09-15T07:14:52.279+0000] {dag.py:4156} INFO - Setting next_dagrun for latest_only_with_trigger to 2024-09-15 00:00:00+00:00, run_after=2024-09-15 04:00:00+00:00
[2024-09-15T07:14:52.319+0000] {processor.py:208} INFO - Processing /home/airflow/.local/lib/python3.12/site-packages/airflow/example_dags/example_latest_only_with_trigger.py took 0.191 seconds
[2024-09-15T07:15:23.246+0000] {processor.py:186} INFO - Started process (PID=1494) to work on /home/airflow/.local/lib/python3.12/site-packages/airflow/example_dags/example_latest_only_with_trigger.py
[2024-09-15T07:15:23.248+0000] {processor.py:914} INFO - Processing file /home/airflow/.local/lib/python3.12/site-packages/airflow/example_dags/example_latest_only_with_trigger.py for tasks to queue
[2024-09-15T07:15:23.252+0000] {logging_mixin.py:190} INFO - [2024-09-15T07:15:23.251+0000] {dagbag.py:587} INFO - Filling up the DagBag from /home/airflow/.local/lib/python3.12/site-packages/airflow/example_dags/example_latest_only_with_trigger.py
[2024-09-15T07:15:23.273+0000] {processor.py:925} INFO - DAG(s) 'latest_only_with_trigger' retrieved from /home/airflow/.local/lib/python3.12/site-packages/airflow/example_dags/example_latest_only_with_trigger.py
[2024-09-15T07:15:23.344+0000] {logging_mixin.py:190} INFO - [2024-09-15T07:15:23.343+0000] {dag.py:3229} INFO - Sync 1 DAGs
[2024-09-15T07:15:23.417+0000] {logging_mixin.py:190} INFO - [2024-09-15T07:15:23.416+0000] {dag.py:4156} INFO - Setting next_dagrun for latest_only_with_trigger to 2024-09-15 00:00:00+00:00, run_after=2024-09-15 04:00:00+00:00
[2024-09-15T07:15:23.471+0000] {processor.py:208} INFO - Processing /home/airflow/.local/lib/python3.12/site-packages/airflow/example_dags/example_latest_only_with_trigger.py took 0.235 seconds
[2024-09-15T07:15:54.041+0000] {processor.py:186} INFO - Started process (PID=1555) to work on /home/airflow/.local/lib/python3.12/site-packages/airflow/example_dags/example_latest_only_with_trigger.py
[2024-09-15T07:15:54.043+0000] {processor.py:914} INFO - Processing file /home/airflow/.local/lib/python3.12/site-packages/airflow/example_dags/example_latest_only_with_trigger.py for tasks to queue
[2024-09-15T07:15:54.046+0000] {logging_mixin.py:190} INFO - [2024-09-15T07:15:54.045+0000] {dagbag.py:587} INFO - Filling up the DagBag from /home/airflow/.local/lib/python3.12/site-packages/airflow/example_dags/example_latest_only_with_trigger.py
[2024-09-15T07:15:54.060+0000] {processor.py:925} INFO - DAG(s) 'latest_only_with_trigger' retrieved from /home/airflow/.local/lib/python3.12/site-packages/airflow/example_dags/example_latest_only_with_trigger.py
[2024-09-15T07:15:54.099+0000] {logging_mixin.py:190} INFO - [2024-09-15T07:15:54.098+0000] {dag.py:3229} INFO - Sync 1 DAGs
[2024-09-15T07:15:54.151+0000] {logging_mixin.py:190} INFO - [2024-09-15T07:15:54.150+0000] {dag.py:4156} INFO - Setting next_dagrun for latest_only_with_trigger to 2024-09-15 00:00:00+00:00, run_after=2024-09-15 04:00:00+00:00
[2024-09-15T07:15:54.186+0000] {processor.py:208} INFO - Processing /home/airflow/.local/lib/python3.12/site-packages/airflow/example_dags/example_latest_only_with_trigger.py took 0.156 seconds
[2024-09-15T07:18:22.510+0000] {processor.py:186} INFO - Started process (PID=1611) to work on /home/airflow/.local/lib/python3.12/site-packages/airflow/example_dags/example_latest_only_with_trigger.py
[2024-09-15T07:18:22.512+0000] {processor.py:914} INFO - Processing file /home/airflow/.local/lib/python3.12/site-packages/airflow/example_dags/example_latest_only_with_trigger.py for tasks to queue
[2024-09-15T07:18:22.515+0000] {logging_mixin.py:190} INFO - [2024-09-15T07:18:22.514+0000] {dagbag.py:587} INFO - Filling up the DagBag from /home/airflow/.local/lib/python3.12/site-packages/airflow/example_dags/example_latest_only_with_trigger.py
[2024-09-15T07:18:22.532+0000] {processor.py:925} INFO - DAG(s) 'latest_only_with_trigger' retrieved from /home/airflow/.local/lib/python3.12/site-packages/airflow/example_dags/example_latest_only_with_trigger.py
[2024-09-15T07:18:22.568+0000] {logging_mixin.py:190} INFO - [2024-09-15T07:18:22.568+0000] {dag.py:3229} INFO - Sync 1 DAGs
[2024-09-15T07:18:22.613+0000] {logging_mixin.py:190} INFO - [2024-09-15T07:18:22.613+0000] {dag.py:4156} INFO - Setting next_dagrun for latest_only_with_trigger to 2024-09-15 00:00:00+00:00, run_after=2024-09-15 04:00:00+00:00
[2024-09-15T07:18:22.651+0000] {processor.py:208} INFO - Processing /home/airflow/.local/lib/python3.12/site-packages/airflow/example_dags/example_latest_only_with_trigger.py took 0.158 seconds
[2024-09-15T07:18:53.125+0000] {processor.py:186} INFO - Started process (PID=1673) to work on /home/airflow/.local/lib/python3.12/site-packages/airflow/example_dags/example_latest_only_with_trigger.py
[2024-09-15T07:18:53.127+0000] {processor.py:914} INFO - Processing file /home/airflow/.local/lib/python3.12/site-packages/airflow/example_dags/example_latest_only_with_trigger.py for tasks to queue
[2024-09-15T07:18:53.130+0000] {logging_mixin.py:190} INFO - [2024-09-15T07:18:53.129+0000] {dagbag.py:587} INFO - Filling up the DagBag from /home/airflow/.local/lib/python3.12/site-packages/airflow/example_dags/example_latest_only_with_trigger.py
[2024-09-15T07:18:53.152+0000] {processor.py:925} INFO - DAG(s) 'latest_only_with_trigger' retrieved from /home/airflow/.local/lib/python3.12/site-packages/airflow/example_dags/example_latest_only_with_trigger.py
[2024-09-15T07:18:53.200+0000] {logging_mixin.py:190} INFO - [2024-09-15T07:18:53.200+0000] {dag.py:3229} INFO - Sync 1 DAGs
[2024-09-15T07:18:53.265+0000] {logging_mixin.py:190} INFO - [2024-09-15T07:18:53.264+0000] {dag.py:4156} INFO - Setting next_dagrun for latest_only_with_trigger to 2024-09-15 00:00:00+00:00, run_after=2024-09-15 04:00:00+00:00
[2024-09-15T07:18:53.325+0000] {processor.py:208} INFO - Processing /home/airflow/.local/lib/python3.12/site-packages/airflow/example_dags/example_latest_only_with_trigger.py took 0.215 seconds
[2024-09-15T07:19:23.937+0000] {processor.py:186} INFO - Started process (PID=1735) to work on /home/airflow/.local/lib/python3.12/site-packages/airflow/example_dags/example_latest_only_with_trigger.py
[2024-09-15T07:19:23.938+0000] {processor.py:914} INFO - Processing file /home/airflow/.local/lib/python3.12/site-packages/airflow/example_dags/example_latest_only_with_trigger.py for tasks to queue
[2024-09-15T07:19:23.942+0000] {logging_mixin.py:190} INFO - [2024-09-15T07:19:23.941+0000] {dagbag.py:587} INFO - Filling up the DagBag from /home/airflow/.local/lib/python3.12/site-packages/airflow/example_dags/example_latest_only_with_trigger.py
[2024-09-15T07:19:23.956+0000] {processor.py:925} INFO - DAG(s) 'latest_only_with_trigger' retrieved from /home/airflow/.local/lib/python3.12/site-packages/airflow/example_dags/example_latest_only_with_trigger.py
[2024-09-15T07:19:23.993+0000] {logging_mixin.py:190} INFO - [2024-09-15T07:19:23.993+0000] {dag.py:3229} INFO - Sync 1 DAGs
[2024-09-15T07:19:24.042+0000] {logging_mixin.py:190} INFO - [2024-09-15T07:19:24.041+0000] {dag.py:4156} INFO - Setting next_dagrun for latest_only_with_trigger to 2024-09-15 00:00:00+00:00, run_after=2024-09-15 04:00:00+00:00
[2024-09-15T07:19:24.083+0000] {processor.py:208} INFO - Processing /home/airflow/.local/lib/python3.12/site-packages/airflow/example_dags/example_latest_only_with_trigger.py took 0.158 seconds
[2024-09-15T07:19:54.270+0000] {processor.py:186} INFO - Started process (PID=1797) to work on /home/airflow/.local/lib/python3.12/site-packages/airflow/example_dags/example_latest_only_with_trigger.py
[2024-09-15T07:19:54.271+0000] {processor.py:914} INFO - Processing file /home/airflow/.local/lib/python3.12/site-packages/airflow/example_dags/example_latest_only_with_trigger.py for tasks to queue
[2024-09-15T07:19:54.274+0000] {logging_mixin.py:190} INFO - [2024-09-15T07:19:54.273+0000] {dagbag.py:587} INFO - Filling up the DagBag from /home/airflow/.local/lib/python3.12/site-packages/airflow/example_dags/example_latest_only_with_trigger.py
[2024-09-15T07:19:54.287+0000] {processor.py:925} INFO - DAG(s) 'latest_only_with_trigger' retrieved from /home/airflow/.local/lib/python3.12/site-packages/airflow/example_dags/example_latest_only_with_trigger.py
[2024-09-15T07:19:54.324+0000] {logging_mixin.py:190} INFO - [2024-09-15T07:19:54.324+0000] {dag.py:3229} INFO - Sync 1 DAGs
[2024-09-15T07:19:54.374+0000] {logging_mixin.py:190} INFO - [2024-09-15T07:19:54.374+0000] {dag.py:4156} INFO - Setting next_dagrun for latest_only_with_trigger to 2024-09-15 00:00:00+00:00, run_after=2024-09-15 04:00:00+00:00
[2024-09-15T07:19:54.413+0000] {processor.py:208} INFO - Processing /home/airflow/.local/lib/python3.12/site-packages/airflow/example_dags/example_latest_only_with_trigger.py took 0.154 seconds
[2024-09-15T07:20:24.884+0000] {processor.py:186} INFO - Started process (PID=1859) to work on /home/airflow/.local/lib/python3.12/site-packages/airflow/example_dags/example_latest_only_with_trigger.py
[2024-09-15T07:20:24.886+0000] {processor.py:914} INFO - Processing file /home/airflow/.local/lib/python3.12/site-packages/airflow/example_dags/example_latest_only_with_trigger.py for tasks to queue
[2024-09-15T07:20:24.890+0000] {logging_mixin.py:190} INFO - [2024-09-15T07:20:24.889+0000] {dagbag.py:587} INFO - Filling up the DagBag from /home/airflow/.local/lib/python3.12/site-packages/airflow/example_dags/example_latest_only_with_trigger.py
[2024-09-15T07:20:24.905+0000] {processor.py:925} INFO - DAG(s) 'latest_only_with_trigger' retrieved from /home/airflow/.local/lib/python3.12/site-packages/airflow/example_dags/example_latest_only_with_trigger.py
[2024-09-15T07:20:24.947+0000] {logging_mixin.py:190} INFO - [2024-09-15T07:20:24.947+0000] {dag.py:3229} INFO - Sync 1 DAGs
[2024-09-15T07:20:24.994+0000] {logging_mixin.py:190} INFO - [2024-09-15T07:20:24.993+0000] {dag.py:4156} INFO - Setting next_dagrun for latest_only_with_trigger to 2024-09-15 00:00:00+00:00, run_after=2024-09-15 04:00:00+00:00
[2024-09-15T07:20:25.049+0000] {processor.py:208} INFO - Processing /home/airflow/.local/lib/python3.12/site-packages/airflow/example_dags/example_latest_only_with_trigger.py took 0.178 seconds
[2024-09-15T07:23:02.906+0000] {processor.py:186} INFO - Started process (PID=1918) to work on /home/airflow/.local/lib/python3.12/site-packages/airflow/example_dags/example_latest_only_with_trigger.py
[2024-09-15T07:23:02.908+0000] {processor.py:914} INFO - Processing file /home/airflow/.local/lib/python3.12/site-packages/airflow/example_dags/example_latest_only_with_trigger.py for tasks to queue
[2024-09-15T07:23:02.911+0000] {logging_mixin.py:190} INFO - [2024-09-15T07:23:02.910+0000] {dagbag.py:587} INFO - Filling up the DagBag from /home/airflow/.local/lib/python3.12/site-packages/airflow/example_dags/example_latest_only_with_trigger.py
[2024-09-15T07:23:02.927+0000] {processor.py:925} INFO - DAG(s) 'latest_only_with_trigger' retrieved from /home/airflow/.local/lib/python3.12/site-packages/airflow/example_dags/example_latest_only_with_trigger.py
[2024-09-15T07:23:02.966+0000] {logging_mixin.py:190} INFO - [2024-09-15T07:23:02.966+0000] {dag.py:3229} INFO - Sync 1 DAGs
[2024-09-15T07:23:03.020+0000] {logging_mixin.py:190} INFO - [2024-09-15T07:23:03.019+0000] {dag.py:4156} INFO - Setting next_dagrun for latest_only_with_trigger to 2024-09-15 00:00:00+00:00, run_after=2024-09-15 04:00:00+00:00
[2024-09-15T07:23:03.057+0000] {processor.py:208} INFO - Processing /home/airflow/.local/lib/python3.12/site-packages/airflow/example_dags/example_latest_only_with_trigger.py took 0.163 seconds
[2024-09-15T07:23:33.545+0000] {processor.py:186} INFO - Started process (PID=1980) to work on /home/airflow/.local/lib/python3.12/site-packages/airflow/example_dags/example_latest_only_with_trigger.py
[2024-09-15T07:23:33.547+0000] {processor.py:914} INFO - Processing file /home/airflow/.local/lib/python3.12/site-packages/airflow/example_dags/example_latest_only_with_trigger.py for tasks to queue
[2024-09-15T07:23:33.550+0000] {logging_mixin.py:190} INFO - [2024-09-15T07:23:33.549+0000] {dagbag.py:587} INFO - Filling up the DagBag from /home/airflow/.local/lib/python3.12/site-packages/airflow/example_dags/example_latest_only_with_trigger.py
[2024-09-15T07:23:33.571+0000] {processor.py:925} INFO - DAG(s) 'latest_only_with_trigger' retrieved from /home/airflow/.local/lib/python3.12/site-packages/airflow/example_dags/example_latest_only_with_trigger.py
[2024-09-15T07:23:33.627+0000] {logging_mixin.py:190} INFO - [2024-09-15T07:23:33.626+0000] {dag.py:3229} INFO - Sync 1 DAGs
[2024-09-15T07:23:33.696+0000] {logging_mixin.py:190} INFO - [2024-09-15T07:23:33.695+0000] {dag.py:4156} INFO - Setting next_dagrun for latest_only_with_trigger to 2024-09-15 00:00:00+00:00, run_after=2024-09-15 04:00:00+00:00
[2024-09-15T07:23:33.750+0000] {processor.py:208} INFO - Processing /home/airflow/.local/lib/python3.12/site-packages/airflow/example_dags/example_latest_only_with_trigger.py took 0.219 seconds
[2024-09-15T07:24:03.973+0000] {processor.py:186} INFO - Started process (PID=2042) to work on /home/airflow/.local/lib/python3.12/site-packages/airflow/example_dags/example_latest_only_with_trigger.py
[2024-09-15T07:24:03.975+0000] {processor.py:914} INFO - Processing file /home/airflow/.local/lib/python3.12/site-packages/airflow/example_dags/example_latest_only_with_trigger.py for tasks to queue
[2024-09-15T07:24:03.978+0000] {logging_mixin.py:190} INFO - [2024-09-15T07:24:03.977+0000] {dagbag.py:587} INFO - Filling up the DagBag from /home/airflow/.local/lib/python3.12/site-packages/airflow/example_dags/example_latest_only_with_trigger.py
[2024-09-15T07:24:03.993+0000] {processor.py:925} INFO - DAG(s) 'latest_only_with_trigger' retrieved from /home/airflow/.local/lib/python3.12/site-packages/airflow/example_dags/example_latest_only_with_trigger.py
[2024-09-15T07:24:04.035+0000] {logging_mixin.py:190} INFO - [2024-09-15T07:24:04.034+0000] {dag.py:3229} INFO - Sync 1 DAGs
[2024-09-15T07:24:04.082+0000] {logging_mixin.py:190} INFO - [2024-09-15T07:24:04.081+0000] {dag.py:4156} INFO - Setting next_dagrun for latest_only_with_trigger to 2024-09-15 00:00:00+00:00, run_after=2024-09-15 04:00:00+00:00
[2024-09-15T07:24:04.120+0000] {processor.py:208} INFO - Processing /home/airflow/.local/lib/python3.12/site-packages/airflow/example_dags/example_latest_only_with_trigger.py took 0.159 seconds
[2024-09-15T07:24:34.628+0000] {processor.py:186} INFO - Started process (PID=2104) to work on /home/airflow/.local/lib/python3.12/site-packages/airflow/example_dags/example_latest_only_with_trigger.py
[2024-09-15T07:24:34.629+0000] {processor.py:914} INFO - Processing file /home/airflow/.local/lib/python3.12/site-packages/airflow/example_dags/example_latest_only_with_trigger.py for tasks to queue
[2024-09-15T07:24:34.632+0000] {logging_mixin.py:190} INFO - [2024-09-15T07:24:34.631+0000] {dagbag.py:587} INFO - Filling up the DagBag from /home/airflow/.local/lib/python3.12/site-packages/airflow/example_dags/example_latest_only_with_trigger.py
[2024-09-15T07:24:34.646+0000] {processor.py:925} INFO - DAG(s) 'latest_only_with_trigger' retrieved from /home/airflow/.local/lib/python3.12/site-packages/airflow/example_dags/example_latest_only_with_trigger.py
[2024-09-15T07:24:34.687+0000] {logging_mixin.py:190} INFO - [2024-09-15T07:24:34.686+0000] {dag.py:3229} INFO - Sync 1 DAGs
[2024-09-15T07:24:34.744+0000] {logging_mixin.py:190} INFO - [2024-09-15T07:24:34.744+0000] {dag.py:4156} INFO - Setting next_dagrun for latest_only_with_trigger to 2024-09-15 00:00:00+00:00, run_after=2024-09-15 04:00:00+00:00
[2024-09-15T07:24:34.788+0000] {processor.py:208} INFO - Processing /home/airflow/.local/lib/python3.12/site-packages/airflow/example_dags/example_latest_only_with_trigger.py took 0.171 seconds
[2024-09-15T07:25:05.303+0000] {processor.py:186} INFO - Started process (PID=2166) to work on /home/airflow/.local/lib/python3.12/site-packages/airflow/example_dags/example_latest_only_with_trigger.py
[2024-09-15T07:25:05.305+0000] {processor.py:914} INFO - Processing file /home/airflow/.local/lib/python3.12/site-packages/airflow/example_dags/example_latest_only_with_trigger.py for tasks to queue
[2024-09-15T07:25:05.308+0000] {logging_mixin.py:190} INFO - [2024-09-15T07:25:05.307+0000] {dagbag.py:587} INFO - Filling up the DagBag from /home/airflow/.local/lib/python3.12/site-packages/airflow/example_dags/example_latest_only_with_trigger.py
[2024-09-15T07:25:05.326+0000] {processor.py:925} INFO - DAG(s) 'latest_only_with_trigger' retrieved from /home/airflow/.local/lib/python3.12/site-packages/airflow/example_dags/example_latest_only_with_trigger.py
[2024-09-15T07:25:05.384+0000] {logging_mixin.py:190} INFO - [2024-09-15T07:25:05.383+0000] {dag.py:3229} INFO - Sync 1 DAGs
[2024-09-15T07:25:05.436+0000] {logging_mixin.py:190} INFO - [2024-09-15T07:25:05.436+0000] {dag.py:4156} INFO - Setting next_dagrun for latest_only_with_trigger to 2024-09-15 00:00:00+00:00, run_after=2024-09-15 04:00:00+00:00
[2024-09-15T07:25:05.496+0000] {processor.py:208} INFO - Processing /home/airflow/.local/lib/python3.12/site-packages/airflow/example_dags/example_latest_only_with_trigger.py took 0.205 seconds
[2024-09-15T08:02:12.484+0000] {processor.py:186} INFO - Started process (PID=2226) to work on /home/airflow/.local/lib/python3.12/site-packages/airflow/example_dags/example_latest_only_with_trigger.py
[2024-09-15T08:02:12.489+0000] {processor.py:914} INFO - Processing file /home/airflow/.local/lib/python3.12/site-packages/airflow/example_dags/example_latest_only_with_trigger.py for tasks to queue
[2024-09-15T08:02:12.504+0000] {logging_mixin.py:190} INFO - [2024-09-15T08:02:12.495+0000] {dagbag.py:587} INFO - Filling up the DagBag from /home/airflow/.local/lib/python3.12/site-packages/airflow/example_dags/example_latest_only_with_trigger.py
[2024-09-15T08:02:12.544+0000] {processor.py:925} INFO - DAG(s) 'latest_only_with_trigger' retrieved from /home/airflow/.local/lib/python3.12/site-packages/airflow/example_dags/example_latest_only_with_trigger.py
[2024-09-15T08:02:12.764+0000] {logging_mixin.py:190} INFO - [2024-09-15T08:02:12.753+0000] {dag.py:3229} INFO - Sync 1 DAGs
[2024-09-15T08:02:12.997+0000] {logging_mixin.py:190} INFO - [2024-09-15T08:02:12.996+0000] {dag.py:4156} INFO - Setting next_dagrun for latest_only_with_trigger to 2024-09-15 04:00:00+00:00, run_after=2024-09-15 08:00:00+00:00
[2024-09-15T08:02:13.135+0000] {processor.py:208} INFO - Processing /home/airflow/.local/lib/python3.12/site-packages/airflow/example_dags/example_latest_only_with_trigger.py took 0.684 seconds
