[2024-09-15T06:53:03.921+0000] {processor.py:186} INFO - Started process (PID=102) to work on /home/airflow/.local/lib/python3.12/site-packages/airflow/example_dags/example_task_group.py
[2024-09-15T06:53:03.923+0000] {processor.py:914} INFO - Processing file /home/airflow/.local/lib/python3.12/site-packages/airflow/example_dags/example_task_group.py for tasks to queue
[2024-09-15T06:53:03.929+0000] {logging_mixin.py:190} INFO - [2024-09-15T06:53:03.929+0000] {dagbag.py:587} INFO - Filling up the DagBag from /home/airflow/.local/lib/python3.12/site-packages/airflow/example_dags/example_task_group.py
[2024-09-15T06:53:03.955+0000] {processor.py:925} INFO - DAG(s) 'example_task_group' retrieved from /home/airflow/.local/lib/python3.12/site-packages/airflow/example_dags/example_task_group.py
[2024-09-15T06:53:04.249+0000] {logging_mixin.py:190} INFO - [2024-09-15T06:53:04.247+0000] {override.py:1900} INFO - Created Permission View: can delete on DAG:example_task_group
[2024-09-15T06:53:04.276+0000] {logging_mixin.py:190} INFO - [2024-09-15T06:53:04.275+0000] {override.py:1900} INFO - Created Permission View: can edit on DAG:example_task_group
[2024-09-15T06:53:04.301+0000] {logging_mixin.py:190} INFO - [2024-09-15T06:53:04.300+0000] {override.py:1900} INFO - Created Permission View: can read on DAG:example_task_group
[2024-09-15T06:53:04.417+0000] {logging_mixin.py:190} INFO - [2024-09-15T06:53:04.416+0000] {override.py:1900} INFO - Created Permission View: can delete on DAG Run:example_task_group
[2024-09-15T06:53:04.506+0000] {logging_mixin.py:190} INFO - [2024-09-15T06:53:04.506+0000] {override.py:1900} INFO - Created Permission View: can create on DAG Run:example_task_group
[2024-09-15T06:53:04.560+0000] {logging_mixin.py:190} INFO - [2024-09-15T06:53:04.559+0000] {override.py:1900} INFO - Created Permission View: can read on DAG Run:example_task_group
[2024-09-15T06:53:04.581+0000] {logging_mixin.py:190} INFO - [2024-09-15T06:53:04.581+0000] {override.py:1900} INFO - Created Permission View: menu access on DAG Run:example_task_group
[2024-09-15T06:53:04.586+0000] {logging_mixin.py:190} INFO - [2024-09-15T06:53:04.586+0000] {dag.py:3229} INFO - Sync 1 DAGs
[2024-09-15T06:53:04.646+0000] {logging_mixin.py:190} INFO - [2024-09-15T06:53:04.646+0000] {dag.py:3252} INFO - Creating ORM DAG for example_task_group
[2024-09-15T06:53:04.650+0000] {logging_mixin.py:190} INFO - [2024-09-15T06:53:04.650+0000] {dag.py:4156} INFO - Setting next_dagrun for example_task_group to None, run_after=None
[2024-09-15T06:53:04.690+0000] {processor.py:208} INFO - Processing /home/airflow/.local/lib/python3.12/site-packages/airflow/example_dags/example_task_group.py took 0.783 seconds
[2024-09-15T06:54:11.730+0000] {processor.py:186} INFO - Started process (PID=164) to work on /home/airflow/.local/lib/python3.12/site-packages/airflow/example_dags/example_task_group.py
[2024-09-15T06:54:11.732+0000] {processor.py:914} INFO - Processing file /home/airflow/.local/lib/python3.12/site-packages/airflow/example_dags/example_task_group.py for tasks to queue
[2024-09-15T06:54:11.737+0000] {logging_mixin.py:190} INFO - [2024-09-15T06:54:11.736+0000] {dagbag.py:587} INFO - Filling up the DagBag from /home/airflow/.local/lib/python3.12/site-packages/airflow/example_dags/example_task_group.py
[2024-09-15T06:54:11.768+0000] {processor.py:925} INFO - DAG(s) 'example_task_group' retrieved from /home/airflow/.local/lib/python3.12/site-packages/airflow/example_dags/example_task_group.py
[2024-09-15T06:54:11.826+0000] {logging_mixin.py:190} INFO - [2024-09-15T06:54:11.826+0000] {dag.py:3229} INFO - Sync 1 DAGs
[2024-09-15T06:54:11.860+0000] {logging_mixin.py:190} INFO - [2024-09-15T06:54:11.860+0000] {dag.py:4156} INFO - Setting next_dagrun for example_task_group to None, run_after=None
[2024-09-15T06:54:11.908+0000] {processor.py:208} INFO - Processing /home/airflow/.local/lib/python3.12/site-packages/airflow/example_dags/example_task_group.py took 0.195 seconds
[2024-09-15T06:54:45.133+0000] {processor.py:186} INFO - Started process (PID=226) to work on /home/airflow/.local/lib/python3.12/site-packages/airflow/example_dags/example_task_group.py
[2024-09-15T06:54:45.136+0000] {processor.py:914} INFO - Processing file /home/airflow/.local/lib/python3.12/site-packages/airflow/example_dags/example_task_group.py for tasks to queue
[2024-09-15T06:54:45.143+0000] {logging_mixin.py:190} INFO - [2024-09-15T06:54:45.141+0000] {dagbag.py:587} INFO - Filling up the DagBag from /home/airflow/.local/lib/python3.12/site-packages/airflow/example_dags/example_task_group.py
[2024-09-15T06:54:45.178+0000] {processor.py:925} INFO - DAG(s) 'example_task_group' retrieved from /home/airflow/.local/lib/python3.12/site-packages/airflow/example_dags/example_task_group.py
[2024-09-15T06:54:45.264+0000] {logging_mixin.py:190} INFO - [2024-09-15T06:54:45.263+0000] {dag.py:3229} INFO - Sync 1 DAGs
[2024-09-15T06:54:45.329+0000] {logging_mixin.py:190} INFO - [2024-09-15T06:54:45.328+0000] {dag.py:4156} INFO - Setting next_dagrun for example_task_group to None, run_after=None
[2024-09-15T06:54:45.427+0000] {processor.py:208} INFO - Processing /home/airflow/.local/lib/python3.12/site-packages/airflow/example_dags/example_task_group.py took 0.318 seconds
[2024-09-15T06:55:18.965+0000] {processor.py:186} INFO - Started process (PID=288) to work on /home/airflow/.local/lib/python3.12/site-packages/airflow/example_dags/example_task_group.py
[2024-09-15T06:55:18.967+0000] {processor.py:914} INFO - Processing file /home/airflow/.local/lib/python3.12/site-packages/airflow/example_dags/example_task_group.py for tasks to queue
[2024-09-15T06:55:18.972+0000] {logging_mixin.py:190} INFO - [2024-09-15T06:55:18.971+0000] {dagbag.py:587} INFO - Filling up the DagBag from /home/airflow/.local/lib/python3.12/site-packages/airflow/example_dags/example_task_group.py
[2024-09-15T06:55:18.998+0000] {processor.py:925} INFO - DAG(s) 'example_task_group' retrieved from /home/airflow/.local/lib/python3.12/site-packages/airflow/example_dags/example_task_group.py
[2024-09-15T06:55:19.057+0000] {logging_mixin.py:190} INFO - [2024-09-15T06:55:19.056+0000] {dag.py:3229} INFO - Sync 1 DAGs
[2024-09-15T06:55:19.110+0000] {logging_mixin.py:190} INFO - [2024-09-15T06:55:19.110+0000] {dag.py:4156} INFO - Setting next_dagrun for example_task_group to None, run_after=None
[2024-09-15T06:55:19.205+0000] {processor.py:208} INFO - Processing /home/airflow/.local/lib/python3.12/site-packages/airflow/example_dags/example_task_group.py took 0.257 seconds
[2024-09-15T06:57:52.073+0000] {processor.py:186} INFO - Started process (PID=332) to work on /home/airflow/.local/lib/python3.12/site-packages/airflow/example_dags/example_task_group.py
[2024-09-15T06:57:52.075+0000] {processor.py:914} INFO - Processing file /home/airflow/.local/lib/python3.12/site-packages/airflow/example_dags/example_task_group.py for tasks to queue
[2024-09-15T06:57:52.077+0000] {logging_mixin.py:190} INFO - [2024-09-15T06:57:52.077+0000] {dagbag.py:587} INFO - Filling up the DagBag from /home/airflow/.local/lib/python3.12/site-packages/airflow/example_dags/example_task_group.py
[2024-09-15T06:57:52.097+0000] {processor.py:925} INFO - DAG(s) 'example_task_group' retrieved from /home/airflow/.local/lib/python3.12/site-packages/airflow/example_dags/example_task_group.py
[2024-09-15T06:57:52.142+0000] {logging_mixin.py:190} INFO - [2024-09-15T06:57:52.141+0000] {dag.py:3229} INFO - Sync 1 DAGs
[2024-09-15T06:57:52.173+0000] {logging_mixin.py:190} INFO - [2024-09-15T06:57:52.172+0000] {dag.py:4156} INFO - Setting next_dagrun for example_task_group to None, run_after=None
[2024-09-15T06:57:52.219+0000] {processor.py:208} INFO - Processing /home/airflow/.local/lib/python3.12/site-packages/airflow/example_dags/example_task_group.py took 0.159 seconds
[2024-09-15T06:58:23.173+0000] {processor.py:186} INFO - Started process (PID=394) to work on /home/airflow/.local/lib/python3.12/site-packages/airflow/example_dags/example_task_group.py
[2024-09-15T06:58:23.186+0000] {processor.py:914} INFO - Processing file /home/airflow/.local/lib/python3.12/site-packages/airflow/example_dags/example_task_group.py for tasks to queue
[2024-09-15T06:58:23.200+0000] {logging_mixin.py:190} INFO - [2024-09-15T06:58:23.193+0000] {dagbag.py:587} INFO - Filling up the DagBag from /home/airflow/.local/lib/python3.12/site-packages/airflow/example_dags/example_task_group.py
[2024-09-15T06:58:23.238+0000] {processor.py:925} INFO - DAG(s) 'example_task_group' retrieved from /home/airflow/.local/lib/python3.12/site-packages/airflow/example_dags/example_task_group.py
[2024-09-15T06:58:23.297+0000] {logging_mixin.py:190} INFO - [2024-09-15T06:58:23.296+0000] {dag.py:3229} INFO - Sync 1 DAGs
[2024-09-15T06:58:23.342+0000] {logging_mixin.py:190} INFO - [2024-09-15T06:58:23.341+0000] {dag.py:4156} INFO - Setting next_dagrun for example_task_group to None, run_after=None
[2024-09-15T06:58:23.389+0000] {processor.py:208} INFO - Processing /home/airflow/.local/lib/python3.12/site-packages/airflow/example_dags/example_task_group.py took 0.246 seconds
[2024-09-15T06:58:54.566+0000] {processor.py:186} INFO - Started process (PID=456) to work on /home/airflow/.local/lib/python3.12/site-packages/airflow/example_dags/example_task_group.py
[2024-09-15T06:58:54.574+0000] {processor.py:914} INFO - Processing file /home/airflow/.local/lib/python3.12/site-packages/airflow/example_dags/example_task_group.py for tasks to queue
[2024-09-15T06:58:54.577+0000] {logging_mixin.py:190} INFO - [2024-09-15T06:58:54.576+0000] {dagbag.py:587} INFO - Filling up the DagBag from /home/airflow/.local/lib/python3.12/site-packages/airflow/example_dags/example_task_group.py
[2024-09-15T06:58:54.599+0000] {processor.py:925} INFO - DAG(s) 'example_task_group' retrieved from /home/airflow/.local/lib/python3.12/site-packages/airflow/example_dags/example_task_group.py
[2024-09-15T06:58:54.655+0000] {logging_mixin.py:190} INFO - [2024-09-15T06:58:54.654+0000] {dag.py:3229} INFO - Sync 1 DAGs
[2024-09-15T06:58:54.694+0000] {logging_mixin.py:190} INFO - [2024-09-15T06:58:54.693+0000] {dag.py:4156} INFO - Setting next_dagrun for example_task_group to None, run_after=None
[2024-09-15T06:58:54.752+0000] {processor.py:208} INFO - Processing /home/airflow/.local/lib/python3.12/site-packages/airflow/example_dags/example_task_group.py took 0.203 seconds
[2024-09-15T06:59:25.413+0000] {processor.py:186} INFO - Started process (PID=518) to work on /home/airflow/.local/lib/python3.12/site-packages/airflow/example_dags/example_task_group.py
[2024-09-15T06:59:25.415+0000] {processor.py:914} INFO - Processing file /home/airflow/.local/lib/python3.12/site-packages/airflow/example_dags/example_task_group.py for tasks to queue
[2024-09-15T06:59:25.417+0000] {logging_mixin.py:190} INFO - [2024-09-15T06:59:25.417+0000] {dagbag.py:587} INFO - Filling up the DagBag from /home/airflow/.local/lib/python3.12/site-packages/airflow/example_dags/example_task_group.py
[2024-09-15T06:59:25.431+0000] {processor.py:925} INFO - DAG(s) 'example_task_group' retrieved from /home/airflow/.local/lib/python3.12/site-packages/airflow/example_dags/example_task_group.py
[2024-09-15T06:59:25.476+0000] {logging_mixin.py:190} INFO - [2024-09-15T06:59:25.475+0000] {dag.py:3229} INFO - Sync 1 DAGs
[2024-09-15T06:59:25.509+0000] {logging_mixin.py:190} INFO - [2024-09-15T06:59:25.508+0000] {dag.py:4156} INFO - Setting next_dagrun for example_task_group to None, run_after=None
[2024-09-15T06:59:25.551+0000] {processor.py:208} INFO - Processing /home/airflow/.local/lib/python3.12/site-packages/airflow/example_dags/example_task_group.py took 0.147 seconds
[2024-09-15T06:59:55.714+0000] {processor.py:186} INFO - Started process (PID=580) to work on /home/airflow/.local/lib/python3.12/site-packages/airflow/example_dags/example_task_group.py
[2024-09-15T06:59:55.716+0000] {processor.py:914} INFO - Processing file /home/airflow/.local/lib/python3.12/site-packages/airflow/example_dags/example_task_group.py for tasks to queue
[2024-09-15T06:59:55.719+0000] {logging_mixin.py:190} INFO - [2024-09-15T06:59:55.719+0000] {dagbag.py:587} INFO - Filling up the DagBag from /home/airflow/.local/lib/python3.12/site-packages/airflow/example_dags/example_task_group.py
[2024-09-15T06:59:55.740+0000] {processor.py:925} INFO - DAG(s) 'example_task_group' retrieved from /home/airflow/.local/lib/python3.12/site-packages/airflow/example_dags/example_task_group.py
[2024-09-15T06:59:55.787+0000] {logging_mixin.py:190} INFO - [2024-09-15T06:59:55.786+0000] {dag.py:3229} INFO - Sync 1 DAGs
[2024-09-15T06:59:55.845+0000] {logging_mixin.py:190} INFO - [2024-09-15T06:59:55.845+0000] {dag.py:4156} INFO - Setting next_dagrun for example_task_group to None, run_after=None
[2024-09-15T06:59:55.932+0000] {processor.py:208} INFO - Processing /home/airflow/.local/lib/python3.12/site-packages/airflow/example_dags/example_task_group.py took 0.235 seconds
[2024-09-15T07:00:41.692+0000] {processor.py:186} INFO - Started process (PID=642) to work on /home/airflow/.local/lib/python3.12/site-packages/airflow/example_dags/example_task_group.py
[2024-09-15T07:00:41.696+0000] {processor.py:914} INFO - Processing file /home/airflow/.local/lib/python3.12/site-packages/airflow/example_dags/example_task_group.py for tasks to queue
[2024-09-15T07:00:41.699+0000] {logging_mixin.py:190} INFO - [2024-09-15T07:00:41.698+0000] {dagbag.py:587} INFO - Filling up the DagBag from /home/airflow/.local/lib/python3.12/site-packages/airflow/example_dags/example_task_group.py
[2024-09-15T07:00:41.717+0000] {processor.py:925} INFO - DAG(s) 'example_task_group' retrieved from /home/airflow/.local/lib/python3.12/site-packages/airflow/example_dags/example_task_group.py
[2024-09-15T07:00:41.773+0000] {logging_mixin.py:190} INFO - [2024-09-15T07:00:41.773+0000] {dag.py:3229} INFO - Sync 1 DAGs
[2024-09-15T07:00:41.804+0000] {logging_mixin.py:190} INFO - [2024-09-15T07:00:41.803+0000] {dag.py:4156} INFO - Setting next_dagrun for example_task_group to None, run_after=None
[2024-09-15T07:00:41.847+0000] {processor.py:208} INFO - Processing /home/airflow/.local/lib/python3.12/site-packages/airflow/example_dags/example_task_group.py took 0.174 seconds
[2024-09-15T07:04:39.678+0000] {processor.py:186} INFO - Started process (PID=710) to work on /home/airflow/.local/lib/python3.12/site-packages/airflow/example_dags/example_task_group.py
[2024-09-15T07:04:39.680+0000] {processor.py:914} INFO - Processing file /home/airflow/.local/lib/python3.12/site-packages/airflow/example_dags/example_task_group.py for tasks to queue
[2024-09-15T07:04:39.683+0000] {logging_mixin.py:190} INFO - [2024-09-15T07:04:39.682+0000] {dagbag.py:587} INFO - Filling up the DagBag from /home/airflow/.local/lib/python3.12/site-packages/airflow/example_dags/example_task_group.py
[2024-09-15T07:04:39.702+0000] {processor.py:925} INFO - DAG(s) 'example_task_group' retrieved from /home/airflow/.local/lib/python3.12/site-packages/airflow/example_dags/example_task_group.py
[2024-09-15T07:04:39.748+0000] {logging_mixin.py:190} INFO - [2024-09-15T07:04:39.748+0000] {dag.py:3229} INFO - Sync 1 DAGs
[2024-09-15T07:04:39.778+0000] {logging_mixin.py:190} INFO - [2024-09-15T07:04:39.778+0000] {dag.py:4156} INFO - Setting next_dagrun for example_task_group to None, run_after=None
[2024-09-15T07:04:39.829+0000] {processor.py:208} INFO - Processing /home/airflow/.local/lib/python3.12/site-packages/airflow/example_dags/example_task_group.py took 0.165 seconds
[2024-09-15T07:05:11.028+0000] {processor.py:186} INFO - Started process (PID=772) to work on /home/airflow/.local/lib/python3.12/site-packages/airflow/example_dags/example_task_group.py
[2024-09-15T07:05:11.030+0000] {processor.py:914} INFO - Processing file /home/airflow/.local/lib/python3.12/site-packages/airflow/example_dags/example_task_group.py for tasks to queue
[2024-09-15T07:05:11.033+0000] {logging_mixin.py:190} INFO - [2024-09-15T07:05:11.033+0000] {dagbag.py:587} INFO - Filling up the DagBag from /home/airflow/.local/lib/python3.12/site-packages/airflow/example_dags/example_task_group.py
[2024-09-15T07:05:11.057+0000] {processor.py:925} INFO - DAG(s) 'example_task_group' retrieved from /home/airflow/.local/lib/python3.12/site-packages/airflow/example_dags/example_task_group.py
[2024-09-15T07:05:11.124+0000] {logging_mixin.py:190} INFO - [2024-09-15T07:05:11.123+0000] {dag.py:3229} INFO - Sync 1 DAGs
[2024-09-15T07:05:11.175+0000] {logging_mixin.py:190} INFO - [2024-09-15T07:05:11.175+0000] {dag.py:4156} INFO - Setting next_dagrun for example_task_group to None, run_after=None
[2024-09-15T07:05:11.242+0000] {processor.py:208} INFO - Processing /home/airflow/.local/lib/python3.12/site-packages/airflow/example_dags/example_task_group.py took 0.229 seconds
[2024-09-15T07:05:41.855+0000] {processor.py:186} INFO - Started process (PID=834) to work on /home/airflow/.local/lib/python3.12/site-packages/airflow/example_dags/example_task_group.py
[2024-09-15T07:05:41.857+0000] {processor.py:914} INFO - Processing file /home/airflow/.local/lib/python3.12/site-packages/airflow/example_dags/example_task_group.py for tasks to queue
[2024-09-15T07:05:41.860+0000] {logging_mixin.py:190} INFO - [2024-09-15T07:05:41.860+0000] {dagbag.py:587} INFO - Filling up the DagBag from /home/airflow/.local/lib/python3.12/site-packages/airflow/example_dags/example_task_group.py
[2024-09-15T07:05:41.879+0000] {processor.py:925} INFO - DAG(s) 'example_task_group' retrieved from /home/airflow/.local/lib/python3.12/site-packages/airflow/example_dags/example_task_group.py
[2024-09-15T07:05:41.923+0000] {logging_mixin.py:190} INFO - [2024-09-15T07:05:41.922+0000] {dag.py:3229} INFO - Sync 1 DAGs
[2024-09-15T07:05:41.963+0000] {logging_mixin.py:190} INFO - [2024-09-15T07:05:41.962+0000] {dag.py:4156} INFO - Setting next_dagrun for example_task_group to None, run_after=None
[2024-09-15T07:05:42.002+0000] {processor.py:208} INFO - Processing /home/airflow/.local/lib/python3.12/site-packages/airflow/example_dags/example_task_group.py took 0.158 seconds
[2024-09-15T07:06:12.658+0000] {processor.py:186} INFO - Started process (PID=896) to work on /home/airflow/.local/lib/python3.12/site-packages/airflow/example_dags/example_task_group.py
[2024-09-15T07:06:12.661+0000] {processor.py:914} INFO - Processing file /home/airflow/.local/lib/python3.12/site-packages/airflow/example_dags/example_task_group.py for tasks to queue
[2024-09-15T07:06:12.664+0000] {logging_mixin.py:190} INFO - [2024-09-15T07:06:12.664+0000] {dagbag.py:587} INFO - Filling up the DagBag from /home/airflow/.local/lib/python3.12/site-packages/airflow/example_dags/example_task_group.py
[2024-09-15T07:06:12.686+0000] {processor.py:925} INFO - DAG(s) 'example_task_group' retrieved from /home/airflow/.local/lib/python3.12/site-packages/airflow/example_dags/example_task_group.py
[2024-09-15T07:06:12.742+0000] {logging_mixin.py:190} INFO - [2024-09-15T07:06:12.741+0000] {dag.py:3229} INFO - Sync 1 DAGs
[2024-09-15T07:06:12.782+0000] {logging_mixin.py:190} INFO - [2024-09-15T07:06:12.781+0000] {dag.py:4156} INFO - Setting next_dagrun for example_task_group to None, run_after=None
[2024-09-15T07:06:12.852+0000] {processor.py:208} INFO - Processing /home/airflow/.local/lib/python3.12/site-packages/airflow/example_dags/example_task_group.py took 0.206 seconds
[2024-09-15T07:06:43.691+0000] {processor.py:186} INFO - Started process (PID=957) to work on /home/airflow/.local/lib/python3.12/site-packages/airflow/example_dags/example_task_group.py
[2024-09-15T07:06:43.693+0000] {processor.py:914} INFO - Processing file /home/airflow/.local/lib/python3.12/site-packages/airflow/example_dags/example_task_group.py for tasks to queue
[2024-09-15T07:06:43.697+0000] {logging_mixin.py:190} INFO - [2024-09-15T07:06:43.696+0000] {dagbag.py:587} INFO - Filling up the DagBag from /home/airflow/.local/lib/python3.12/site-packages/airflow/example_dags/example_task_group.py
[2024-09-15T07:06:43.726+0000] {processor.py:925} INFO - DAG(s) 'example_task_group' retrieved from /home/airflow/.local/lib/python3.12/site-packages/airflow/example_dags/example_task_group.py
[2024-09-15T07:06:43.781+0000] {logging_mixin.py:190} INFO - [2024-09-15T07:06:43.781+0000] {dag.py:3229} INFO - Sync 1 DAGs
[2024-09-15T07:06:43.835+0000] {logging_mixin.py:190} INFO - [2024-09-15T07:06:43.826+0000] {dag.py:4156} INFO - Setting next_dagrun for example_task_group to None, run_after=None
[2024-09-15T07:06:43.878+0000] {processor.py:208} INFO - Processing /home/airflow/.local/lib/python3.12/site-packages/airflow/example_dags/example_task_group.py took 0.200 seconds
[2024-09-15T07:07:29.241+0000] {processor.py:186} INFO - Started process (PID=1020) to work on /home/airflow/.local/lib/python3.12/site-packages/airflow/example_dags/example_task_group.py
[2024-09-15T07:07:29.243+0000] {processor.py:914} INFO - Processing file /home/airflow/.local/lib/python3.12/site-packages/airflow/example_dags/example_task_group.py for tasks to queue
[2024-09-15T07:07:29.246+0000] {logging_mixin.py:190} INFO - [2024-09-15T07:07:29.245+0000] {dagbag.py:587} INFO - Filling up the DagBag from /home/airflow/.local/lib/python3.12/site-packages/airflow/example_dags/example_task_group.py
[2024-09-15T07:07:29.264+0000] {processor.py:925} INFO - DAG(s) 'example_task_group' retrieved from /home/airflow/.local/lib/python3.12/site-packages/airflow/example_dags/example_task_group.py
[2024-09-15T07:07:29.322+0000] {logging_mixin.py:190} INFO - [2024-09-15T07:07:29.322+0000] {dag.py:3229} INFO - Sync 1 DAGs
[2024-09-15T07:07:29.361+0000] {logging_mixin.py:190} INFO - [2024-09-15T07:07:29.361+0000] {dag.py:4156} INFO - Setting next_dagrun for example_task_group to None, run_after=None
[2024-09-15T07:07:29.404+0000] {processor.py:208} INFO - Processing /home/airflow/.local/lib/python3.12/site-packages/airflow/example_dags/example_task_group.py took 0.174 seconds
[2024-09-15T07:08:00.089+0000] {processor.py:186} INFO - Started process (PID=1082) to work on /home/airflow/.local/lib/python3.12/site-packages/airflow/example_dags/example_task_group.py
[2024-09-15T07:08:00.092+0000] {processor.py:914} INFO - Processing file /home/airflow/.local/lib/python3.12/site-packages/airflow/example_dags/example_task_group.py for tasks to queue
[2024-09-15T07:08:00.095+0000] {logging_mixin.py:190} INFO - [2024-09-15T07:08:00.094+0000] {dagbag.py:587} INFO - Filling up the DagBag from /home/airflow/.local/lib/python3.12/site-packages/airflow/example_dags/example_task_group.py
[2024-09-15T07:08:00.122+0000] {processor.py:925} INFO - DAG(s) 'example_task_group' retrieved from /home/airflow/.local/lib/python3.12/site-packages/airflow/example_dags/example_task_group.py
[2024-09-15T07:08:00.181+0000] {logging_mixin.py:190} INFO - [2024-09-15T07:08:00.180+0000] {dag.py:3229} INFO - Sync 1 DAGs
[2024-09-15T07:08:00.223+0000] {logging_mixin.py:190} INFO - [2024-09-15T07:08:00.223+0000] {dag.py:4156} INFO - Setting next_dagrun for example_task_group to None, run_after=None
[2024-09-15T07:08:00.275+0000] {processor.py:208} INFO - Processing /home/airflow/.local/lib/python3.12/site-packages/airflow/example_dags/example_task_group.py took 0.204 seconds
[2024-09-15T07:12:20.943+0000] {processor.py:186} INFO - Started process (PID=1136) to work on /home/airflow/.local/lib/python3.12/site-packages/airflow/example_dags/example_task_group.py
[2024-09-15T07:12:20.945+0000] {processor.py:914} INFO - Processing file /home/airflow/.local/lib/python3.12/site-packages/airflow/example_dags/example_task_group.py for tasks to queue
[2024-09-15T07:12:20.948+0000] {logging_mixin.py:190} INFO - [2024-09-15T07:12:20.947+0000] {dagbag.py:587} INFO - Filling up the DagBag from /home/airflow/.local/lib/python3.12/site-packages/airflow/example_dags/example_task_group.py
[2024-09-15T07:12:20.970+0000] {processor.py:925} INFO - DAG(s) 'example_task_group' retrieved from /home/airflow/.local/lib/python3.12/site-packages/airflow/example_dags/example_task_group.py
[2024-09-15T07:12:21.011+0000] {logging_mixin.py:190} INFO - [2024-09-15T07:12:21.011+0000] {dag.py:3229} INFO - Sync 1 DAGs
[2024-09-15T07:12:21.044+0000] {logging_mixin.py:190} INFO - [2024-09-15T07:12:21.044+0000] {dag.py:4156} INFO - Setting next_dagrun for example_task_group to None, run_after=None
[2024-09-15T07:12:21.086+0000] {processor.py:208} INFO - Processing /home/airflow/.local/lib/python3.12/site-packages/airflow/example_dags/example_task_group.py took 0.156 seconds
[2024-09-15T07:12:52.434+0000] {processor.py:186} INFO - Started process (PID=1198) to work on /home/airflow/.local/lib/python3.12/site-packages/airflow/example_dags/example_task_group.py
[2024-09-15T07:12:52.436+0000] {processor.py:914} INFO - Processing file /home/airflow/.local/lib/python3.12/site-packages/airflow/example_dags/example_task_group.py for tasks to queue
[2024-09-15T07:12:52.442+0000] {logging_mixin.py:190} INFO - [2024-09-15T07:12:52.441+0000] {dagbag.py:587} INFO - Filling up the DagBag from /home/airflow/.local/lib/python3.12/site-packages/airflow/example_dags/example_task_group.py
[2024-09-15T07:12:52.462+0000] {processor.py:925} INFO - DAG(s) 'example_task_group' retrieved from /home/airflow/.local/lib/python3.12/site-packages/airflow/example_dags/example_task_group.py
[2024-09-15T07:12:52.526+0000] {logging_mixin.py:190} INFO - [2024-09-15T07:12:52.525+0000] {dag.py:3229} INFO - Sync 1 DAGs
[2024-09-15T07:12:52.572+0000] {logging_mixin.py:190} INFO - [2024-09-15T07:12:52.571+0000] {dag.py:4156} INFO - Setting next_dagrun for example_task_group to None, run_after=None
[2024-09-15T07:12:52.625+0000] {processor.py:208} INFO - Processing /home/airflow/.local/lib/python3.12/site-packages/airflow/example_dags/example_task_group.py took 0.205 seconds
[2024-09-15T07:13:22.862+0000] {processor.py:186} INFO - Started process (PID=1260) to work on /home/airflow/.local/lib/python3.12/site-packages/airflow/example_dags/example_task_group.py
[2024-09-15T07:13:22.864+0000] {processor.py:914} INFO - Processing file /home/airflow/.local/lib/python3.12/site-packages/airflow/example_dags/example_task_group.py for tasks to queue
[2024-09-15T07:13:22.866+0000] {logging_mixin.py:190} INFO - [2024-09-15T07:13:22.866+0000] {dagbag.py:587} INFO - Filling up the DagBag from /home/airflow/.local/lib/python3.12/site-packages/airflow/example_dags/example_task_group.py
[2024-09-15T07:13:22.882+0000] {processor.py:925} INFO - DAG(s) 'example_task_group' retrieved from /home/airflow/.local/lib/python3.12/site-packages/airflow/example_dags/example_task_group.py
[2024-09-15T07:13:22.928+0000] {logging_mixin.py:190} INFO - [2024-09-15T07:13:22.928+0000] {dag.py:3229} INFO - Sync 1 DAGs
[2024-09-15T07:13:22.962+0000] {logging_mixin.py:190} INFO - [2024-09-15T07:13:22.962+0000] {dag.py:4156} INFO - Setting next_dagrun for example_task_group to None, run_after=None
[2024-09-15T07:13:23.006+0000] {processor.py:208} INFO - Processing /home/airflow/.local/lib/python3.12/site-packages/airflow/example_dags/example_task_group.py took 0.155 seconds
[2024-09-15T07:13:53.835+0000] {processor.py:186} INFO - Started process (PID=1323) to work on /home/airflow/.local/lib/python3.12/site-packages/airflow/example_dags/example_task_group.py
[2024-09-15T07:13:53.836+0000] {processor.py:914} INFO - Processing file /home/airflow/.local/lib/python3.12/site-packages/airflow/example_dags/example_task_group.py for tasks to queue
[2024-09-15T07:13:53.839+0000] {logging_mixin.py:190} INFO - [2024-09-15T07:13:53.838+0000] {dagbag.py:587} INFO - Filling up the DagBag from /home/airflow/.local/lib/python3.12/site-packages/airflow/example_dags/example_task_group.py
[2024-09-15T07:13:53.854+0000] {processor.py:925} INFO - DAG(s) 'example_task_group' retrieved from /home/airflow/.local/lib/python3.12/site-packages/airflow/example_dags/example_task_group.py
[2024-09-15T07:13:53.900+0000] {logging_mixin.py:190} INFO - [2024-09-15T07:13:53.900+0000] {dag.py:3229} INFO - Sync 1 DAGs
[2024-09-15T07:13:53.936+0000] {logging_mixin.py:190} INFO - [2024-09-15T07:13:53.936+0000] {dag.py:4156} INFO - Setting next_dagrun for example_task_group to None, run_after=None
[2024-09-15T07:13:53.972+0000] {processor.py:208} INFO - Processing /home/airflow/.local/lib/python3.12/site-packages/airflow/example_dags/example_task_group.py took 0.147 seconds
[2024-09-15T07:14:24.596+0000] {processor.py:186} INFO - Started process (PID=1386) to work on /home/airflow/.local/lib/python3.12/site-packages/airflow/example_dags/example_task_group.py
[2024-09-15T07:14:24.597+0000] {processor.py:914} INFO - Processing file /home/airflow/.local/lib/python3.12/site-packages/airflow/example_dags/example_task_group.py for tasks to queue
[2024-09-15T07:14:24.600+0000] {logging_mixin.py:190} INFO - [2024-09-15T07:14:24.599+0000] {dagbag.py:587} INFO - Filling up the DagBag from /home/airflow/.local/lib/python3.12/site-packages/airflow/example_dags/example_task_group.py
[2024-09-15T07:14:24.617+0000] {processor.py:925} INFO - DAG(s) 'example_task_group' retrieved from /home/airflow/.local/lib/python3.12/site-packages/airflow/example_dags/example_task_group.py
[2024-09-15T07:14:24.658+0000] {logging_mixin.py:190} INFO - [2024-09-15T07:14:24.658+0000] {dag.py:3229} INFO - Sync 1 DAGs
[2024-09-15T07:14:24.692+0000] {logging_mixin.py:190} INFO - [2024-09-15T07:14:24.691+0000] {dag.py:4156} INFO - Setting next_dagrun for example_task_group to None, run_after=None
[2024-09-15T07:14:24.731+0000] {processor.py:208} INFO - Processing /home/airflow/.local/lib/python3.12/site-packages/airflow/example_dags/example_task_group.py took 0.146 seconds
[2024-09-15T07:14:55.187+0000] {processor.py:186} INFO - Started process (PID=1448) to work on /home/airflow/.local/lib/python3.12/site-packages/airflow/example_dags/example_task_group.py
[2024-09-15T07:14:55.189+0000] {processor.py:914} INFO - Processing file /home/airflow/.local/lib/python3.12/site-packages/airflow/example_dags/example_task_group.py for tasks to queue
[2024-09-15T07:14:55.191+0000] {logging_mixin.py:190} INFO - [2024-09-15T07:14:55.191+0000] {dagbag.py:587} INFO - Filling up the DagBag from /home/airflow/.local/lib/python3.12/site-packages/airflow/example_dags/example_task_group.py
[2024-09-15T07:14:55.211+0000] {processor.py:925} INFO - DAG(s) 'example_task_group' retrieved from /home/airflow/.local/lib/python3.12/site-packages/airflow/example_dags/example_task_group.py
[2024-09-15T07:14:55.260+0000] {logging_mixin.py:190} INFO - [2024-09-15T07:14:55.259+0000] {dag.py:3229} INFO - Sync 1 DAGs
[2024-09-15T07:14:55.300+0000] {logging_mixin.py:190} INFO - [2024-09-15T07:14:55.300+0000] {dag.py:4156} INFO - Setting next_dagrun for example_task_group to None, run_after=None
[2024-09-15T07:14:55.350+0000] {processor.py:208} INFO - Processing /home/airflow/.local/lib/python3.12/site-packages/airflow/example_dags/example_task_group.py took 0.178 seconds
[2024-09-15T07:15:41.670+0000] {processor.py:186} INFO - Started process (PID=1509) to work on /home/airflow/.local/lib/python3.12/site-packages/airflow/example_dags/example_task_group.py
[2024-09-15T07:15:41.673+0000] {processor.py:914} INFO - Processing file /home/airflow/.local/lib/python3.12/site-packages/airflow/example_dags/example_task_group.py for tasks to queue
[2024-09-15T07:15:41.677+0000] {logging_mixin.py:190} INFO - [2024-09-15T07:15:41.676+0000] {dagbag.py:587} INFO - Filling up the DagBag from /home/airflow/.local/lib/python3.12/site-packages/airflow/example_dags/example_task_group.py
[2024-09-15T07:15:41.717+0000] {processor.py:925} INFO - DAG(s) 'example_task_group' retrieved from /home/airflow/.local/lib/python3.12/site-packages/airflow/example_dags/example_task_group.py
[2024-09-15T07:15:42.115+0000] {logging_mixin.py:190} INFO - [2024-09-15T07:15:42.114+0000] {dag.py:3229} INFO - Sync 1 DAGs
[2024-09-15T07:15:42.161+0000] {logging_mixin.py:190} INFO - [2024-09-15T07:15:42.161+0000] {dag.py:4156} INFO - Setting next_dagrun for example_task_group to None, run_after=None
[2024-09-15T07:15:42.213+0000] {processor.py:208} INFO - Processing /home/airflow/.local/lib/python3.12/site-packages/airflow/example_dags/example_task_group.py took 0.558 seconds
[2024-09-15T07:16:12.775+0000] {processor.py:186} INFO - Started process (PID=1570) to work on /home/airflow/.local/lib/python3.12/site-packages/airflow/example_dags/example_task_group.py
[2024-09-15T07:16:12.777+0000] {processor.py:914} INFO - Processing file /home/airflow/.local/lib/python3.12/site-packages/airflow/example_dags/example_task_group.py for tasks to queue
[2024-09-15T07:16:12.781+0000] {logging_mixin.py:190} INFO - [2024-09-15T07:16:12.779+0000] {dagbag.py:587} INFO - Filling up the DagBag from /home/airflow/.local/lib/python3.12/site-packages/airflow/example_dags/example_task_group.py
[2024-09-15T07:16:12.803+0000] {processor.py:925} INFO - DAG(s) 'example_task_group' retrieved from /home/airflow/.local/lib/python3.12/site-packages/airflow/example_dags/example_task_group.py
[2024-09-15T07:16:12.873+0000] {logging_mixin.py:190} INFO - [2024-09-15T07:16:12.873+0000] {dag.py:3229} INFO - Sync 1 DAGs
[2024-09-15T07:16:12.926+0000] {logging_mixin.py:190} INFO - [2024-09-15T07:16:12.925+0000] {dag.py:4156} INFO - Setting next_dagrun for example_task_group to None, run_after=None
[2024-09-15T07:16:13.007+0000] {processor.py:208} INFO - Processing /home/airflow/.local/lib/python3.12/site-packages/airflow/example_dags/example_task_group.py took 0.246 seconds
[2024-09-15T07:18:24.614+0000] {processor.py:186} INFO - Started process (PID=1626) to work on /home/airflow/.local/lib/python3.12/site-packages/airflow/example_dags/example_task_group.py
[2024-09-15T07:18:24.616+0000] {processor.py:914} INFO - Processing file /home/airflow/.local/lib/python3.12/site-packages/airflow/example_dags/example_task_group.py for tasks to queue
[2024-09-15T07:18:24.618+0000] {logging_mixin.py:190} INFO - [2024-09-15T07:18:24.617+0000] {dagbag.py:587} INFO - Filling up the DagBag from /home/airflow/.local/lib/python3.12/site-packages/airflow/example_dags/example_task_group.py
[2024-09-15T07:18:24.632+0000] {processor.py:925} INFO - DAG(s) 'example_task_group' retrieved from /home/airflow/.local/lib/python3.12/site-packages/airflow/example_dags/example_task_group.py
[2024-09-15T07:18:24.672+0000] {logging_mixin.py:190} INFO - [2024-09-15T07:18:24.671+0000] {dag.py:3229} INFO - Sync 1 DAGs
[2024-09-15T07:18:24.699+0000] {logging_mixin.py:190} INFO - [2024-09-15T07:18:24.699+0000] {dag.py:4156} INFO - Setting next_dagrun for example_task_group to None, run_after=None
[2024-09-15T07:18:24.743+0000] {processor.py:208} INFO - Processing /home/airflow/.local/lib/python3.12/site-packages/airflow/example_dags/example_task_group.py took 0.140 seconds
[2024-09-15T07:18:55.818+0000] {processor.py:186} INFO - Started process (PID=1688) to work on /home/airflow/.local/lib/python3.12/site-packages/airflow/example_dags/example_task_group.py
[2024-09-15T07:18:55.820+0000] {processor.py:914} INFO - Processing file /home/airflow/.local/lib/python3.12/site-packages/airflow/example_dags/example_task_group.py for tasks to queue
[2024-09-15T07:18:55.822+0000] {logging_mixin.py:190} INFO - [2024-09-15T07:18:55.822+0000] {dagbag.py:587} INFO - Filling up the DagBag from /home/airflow/.local/lib/python3.12/site-packages/airflow/example_dags/example_task_group.py
[2024-09-15T07:18:55.845+0000] {processor.py:925} INFO - DAG(s) 'example_task_group' retrieved from /home/airflow/.local/lib/python3.12/site-packages/airflow/example_dags/example_task_group.py
[2024-09-15T07:18:55.899+0000] {logging_mixin.py:190} INFO - [2024-09-15T07:18:55.898+0000] {dag.py:3229} INFO - Sync 1 DAGs
[2024-09-15T07:18:55.941+0000] {logging_mixin.py:190} INFO - [2024-09-15T07:18:55.941+0000] {dag.py:4156} INFO - Setting next_dagrun for example_task_group to None, run_after=None
[2024-09-15T07:18:55.999+0000] {processor.py:208} INFO - Processing /home/airflow/.local/lib/python3.12/site-packages/airflow/example_dags/example_task_group.py took 0.198 seconds
[2024-09-15T07:19:26.883+0000] {processor.py:186} INFO - Started process (PID=1750) to work on /home/airflow/.local/lib/python3.12/site-packages/airflow/example_dags/example_task_group.py
[2024-09-15T07:19:26.884+0000] {processor.py:914} INFO - Processing file /home/airflow/.local/lib/python3.12/site-packages/airflow/example_dags/example_task_group.py for tasks to queue
[2024-09-15T07:19:26.887+0000] {logging_mixin.py:190} INFO - [2024-09-15T07:19:26.886+0000] {dagbag.py:587} INFO - Filling up the DagBag from /home/airflow/.local/lib/python3.12/site-packages/airflow/example_dags/example_task_group.py
[2024-09-15T07:19:26.906+0000] {processor.py:925} INFO - DAG(s) 'example_task_group' retrieved from /home/airflow/.local/lib/python3.12/site-packages/airflow/example_dags/example_task_group.py
[2024-09-15T07:19:26.946+0000] {logging_mixin.py:190} INFO - [2024-09-15T07:19:26.945+0000] {dag.py:3229} INFO - Sync 1 DAGs
[2024-09-15T07:19:26.987+0000] {logging_mixin.py:190} INFO - [2024-09-15T07:19:26.986+0000] {dag.py:4156} INFO - Setting next_dagrun for example_task_group to None, run_after=None
[2024-09-15T07:19:27.026+0000] {processor.py:208} INFO - Processing /home/airflow/.local/lib/python3.12/site-packages/airflow/example_dags/example_task_group.py took 0.154 seconds
[2024-09-15T07:19:57.417+0000] {processor.py:186} INFO - Started process (PID=1812) to work on /home/airflow/.local/lib/python3.12/site-packages/airflow/example_dags/example_task_group.py
[2024-09-15T07:19:57.419+0000] {processor.py:914} INFO - Processing file /home/airflow/.local/lib/python3.12/site-packages/airflow/example_dags/example_task_group.py for tasks to queue
[2024-09-15T07:19:57.421+0000] {logging_mixin.py:190} INFO - [2024-09-15T07:19:57.420+0000] {dagbag.py:587} INFO - Filling up the DagBag from /home/airflow/.local/lib/python3.12/site-packages/airflow/example_dags/example_task_group.py
[2024-09-15T07:19:57.436+0000] {processor.py:925} INFO - DAG(s) 'example_task_group' retrieved from /home/airflow/.local/lib/python3.12/site-packages/airflow/example_dags/example_task_group.py
[2024-09-15T07:19:57.476+0000] {logging_mixin.py:190} INFO - [2024-09-15T07:19:57.475+0000] {dag.py:3229} INFO - Sync 1 DAGs
[2024-09-15T07:19:57.513+0000] {logging_mixin.py:190} INFO - [2024-09-15T07:19:57.513+0000] {dag.py:4156} INFO - Setting next_dagrun for example_task_group to None, run_after=None
[2024-09-15T07:19:57.564+0000] {processor.py:208} INFO - Processing /home/airflow/.local/lib/python3.12/site-packages/airflow/example_dags/example_task_group.py took 0.156 seconds
[2024-09-15T07:20:28.189+0000] {processor.py:186} INFO - Started process (PID=1874) to work on /home/airflow/.local/lib/python3.12/site-packages/airflow/example_dags/example_task_group.py
[2024-09-15T07:20:28.191+0000] {processor.py:914} INFO - Processing file /home/airflow/.local/lib/python3.12/site-packages/airflow/example_dags/example_task_group.py for tasks to queue
[2024-09-15T07:20:28.194+0000] {logging_mixin.py:190} INFO - [2024-09-15T07:20:28.193+0000] {dagbag.py:587} INFO - Filling up the DagBag from /home/airflow/.local/lib/python3.12/site-packages/airflow/example_dags/example_task_group.py
[2024-09-15T07:20:28.212+0000] {processor.py:925} INFO - DAG(s) 'example_task_group' retrieved from /home/airflow/.local/lib/python3.12/site-packages/airflow/example_dags/example_task_group.py
[2024-09-15T07:20:28.269+0000] {logging_mixin.py:190} INFO - [2024-09-15T07:20:28.268+0000] {dag.py:3229} INFO - Sync 1 DAGs
[2024-09-15T07:20:28.304+0000] {logging_mixin.py:190} INFO - [2024-09-15T07:20:28.304+0000] {dag.py:4156} INFO - Setting next_dagrun for example_task_group to None, run_after=None
[2024-09-15T07:20:28.349+0000] {processor.py:208} INFO - Processing /home/airflow/.local/lib/python3.12/site-packages/airflow/example_dags/example_task_group.py took 0.172 seconds
[2024-09-15T07:23:05.447+0000] {processor.py:186} INFO - Started process (PID=1936) to work on /home/airflow/.local/lib/python3.12/site-packages/airflow/example_dags/example_task_group.py
[2024-09-15T07:23:05.449+0000] {processor.py:914} INFO - Processing file /home/airflow/.local/lib/python3.12/site-packages/airflow/example_dags/example_task_group.py for tasks to queue
[2024-09-15T07:23:05.451+0000] {logging_mixin.py:190} INFO - [2024-09-15T07:23:05.451+0000] {dagbag.py:587} INFO - Filling up the DagBag from /home/airflow/.local/lib/python3.12/site-packages/airflow/example_dags/example_task_group.py
[2024-09-15T07:23:05.466+0000] {processor.py:925} INFO - DAG(s) 'example_task_group' retrieved from /home/airflow/.local/lib/python3.12/site-packages/airflow/example_dags/example_task_group.py
[2024-09-15T07:23:05.512+0000] {logging_mixin.py:190} INFO - [2024-09-15T07:23:05.512+0000] {dag.py:3229} INFO - Sync 1 DAGs
[2024-09-15T07:23:05.544+0000] {logging_mixin.py:190} INFO - [2024-09-15T07:23:05.543+0000] {dag.py:4156} INFO - Setting next_dagrun for example_task_group to None, run_after=None
[2024-09-15T07:23:05.583+0000] {processor.py:208} INFO - Processing /home/airflow/.local/lib/python3.12/site-packages/airflow/example_dags/example_task_group.py took 0.145 seconds
[2024-09-15T07:23:36.840+0000] {processor.py:186} INFO - Started process (PID=1998) to work on /home/airflow/.local/lib/python3.12/site-packages/airflow/example_dags/example_task_group.py
[2024-09-15T07:23:36.842+0000] {processor.py:914} INFO - Processing file /home/airflow/.local/lib/python3.12/site-packages/airflow/example_dags/example_task_group.py for tasks to queue
[2024-09-15T07:23:36.846+0000] {logging_mixin.py:190} INFO - [2024-09-15T07:23:36.845+0000] {dagbag.py:587} INFO - Filling up the DagBag from /home/airflow/.local/lib/python3.12/site-packages/airflow/example_dags/example_task_group.py
[2024-09-15T07:23:36.866+0000] {processor.py:925} INFO - DAG(s) 'example_task_group' retrieved from /home/airflow/.local/lib/python3.12/site-packages/airflow/example_dags/example_task_group.py
[2024-09-15T07:23:36.921+0000] {logging_mixin.py:190} INFO - [2024-09-15T07:23:36.920+0000] {dag.py:3229} INFO - Sync 1 DAGs
[2024-09-15T07:23:36.966+0000] {logging_mixin.py:190} INFO - [2024-09-15T07:23:36.965+0000] {dag.py:4156} INFO - Setting next_dagrun for example_task_group to None, run_after=None
[2024-09-15T07:23:37.033+0000] {processor.py:208} INFO - Processing /home/airflow/.local/lib/python3.12/site-packages/airflow/example_dags/example_task_group.py took 0.208 seconds
[2024-09-15T07:24:07.249+0000] {processor.py:186} INFO - Started process (PID=2060) to work on /home/airflow/.local/lib/python3.12/site-packages/airflow/example_dags/example_task_group.py
[2024-09-15T07:24:07.251+0000] {processor.py:914} INFO - Processing file /home/airflow/.local/lib/python3.12/site-packages/airflow/example_dags/example_task_group.py for tasks to queue
[2024-09-15T07:24:07.254+0000] {logging_mixin.py:190} INFO - [2024-09-15T07:24:07.253+0000] {dagbag.py:587} INFO - Filling up the DagBag from /home/airflow/.local/lib/python3.12/site-packages/airflow/example_dags/example_task_group.py
[2024-09-15T07:24:07.270+0000] {processor.py:925} INFO - DAG(s) 'example_task_group' retrieved from /home/airflow/.local/lib/python3.12/site-packages/airflow/example_dags/example_task_group.py
[2024-09-15T07:24:07.313+0000] {logging_mixin.py:190} INFO - [2024-09-15T07:24:07.312+0000] {dag.py:3229} INFO - Sync 1 DAGs
[2024-09-15T07:24:07.353+0000] {logging_mixin.py:190} INFO - [2024-09-15T07:24:07.353+0000] {dag.py:4156} INFO - Setting next_dagrun for example_task_group to None, run_after=None
[2024-09-15T07:24:07.396+0000] {processor.py:208} INFO - Processing /home/airflow/.local/lib/python3.12/site-packages/airflow/example_dags/example_task_group.py took 0.157 seconds
[2024-09-15T07:24:38.135+0000] {processor.py:186} INFO - Started process (PID=2122) to work on /home/airflow/.local/lib/python3.12/site-packages/airflow/example_dags/example_task_group.py
[2024-09-15T07:24:38.136+0000] {processor.py:914} INFO - Processing file /home/airflow/.local/lib/python3.12/site-packages/airflow/example_dags/example_task_group.py for tasks to queue
[2024-09-15T07:24:38.139+0000] {logging_mixin.py:190} INFO - [2024-09-15T07:24:38.138+0000] {dagbag.py:587} INFO - Filling up the DagBag from /home/airflow/.local/lib/python3.12/site-packages/airflow/example_dags/example_task_group.py
[2024-09-15T07:24:38.157+0000] {processor.py:925} INFO - DAG(s) 'example_task_group' retrieved from /home/airflow/.local/lib/python3.12/site-packages/airflow/example_dags/example_task_group.py
[2024-09-15T07:24:38.198+0000] {logging_mixin.py:190} INFO - [2024-09-15T07:24:38.197+0000] {dag.py:3229} INFO - Sync 1 DAGs
[2024-09-15T07:24:38.227+0000] {logging_mixin.py:190} INFO - [2024-09-15T07:24:38.227+0000] {dag.py:4156} INFO - Setting next_dagrun for example_task_group to None, run_after=None
[2024-09-15T07:24:38.271+0000] {processor.py:208} INFO - Processing /home/airflow/.local/lib/python3.12/site-packages/airflow/example_dags/example_task_group.py took 0.146 seconds
[2024-09-15T07:25:09.028+0000] {processor.py:186} INFO - Started process (PID=2183) to work on /home/airflow/.local/lib/python3.12/site-packages/airflow/example_dags/example_task_group.py
[2024-09-15T07:25:09.031+0000] {processor.py:914} INFO - Processing file /home/airflow/.local/lib/python3.12/site-packages/airflow/example_dags/example_task_group.py for tasks to queue
[2024-09-15T07:25:09.035+0000] {logging_mixin.py:190} INFO - [2024-09-15T07:25:09.034+0000] {dagbag.py:587} INFO - Filling up the DagBag from /home/airflow/.local/lib/python3.12/site-packages/airflow/example_dags/example_task_group.py
[2024-09-15T07:25:09.059+0000] {processor.py:925} INFO - DAG(s) 'example_task_group' retrieved from /home/airflow/.local/lib/python3.12/site-packages/airflow/example_dags/example_task_group.py
[2024-09-15T07:25:09.112+0000] {logging_mixin.py:190} INFO - [2024-09-15T07:25:09.111+0000] {dag.py:3229} INFO - Sync 1 DAGs
[2024-09-15T07:25:09.155+0000] {logging_mixin.py:190} INFO - [2024-09-15T07:25:09.154+0000] {dag.py:4156} INFO - Setting next_dagrun for example_task_group to None, run_after=None
[2024-09-15T07:25:09.189+0000] {processor.py:208} INFO - Processing /home/airflow/.local/lib/python3.12/site-packages/airflow/example_dags/example_task_group.py took 0.174 seconds
[2024-09-15T08:02:18.249+0000] {processor.py:186} INFO - Started process (PID=2241) to work on /home/airflow/.local/lib/python3.12/site-packages/airflow/example_dags/example_task_group.py
[2024-09-15T08:02:18.255+0000] {processor.py:914} INFO - Processing file /home/airflow/.local/lib/python3.12/site-packages/airflow/example_dags/example_task_group.py for tasks to queue
[2024-09-15T08:02:18.261+0000] {logging_mixin.py:190} INFO - [2024-09-15T08:02:18.261+0000] {dagbag.py:587} INFO - Filling up the DagBag from /home/airflow/.local/lib/python3.12/site-packages/airflow/example_dags/example_task_group.py
[2024-09-15T08:02:18.298+0000] {processor.py:925} INFO - DAG(s) 'example_task_group' retrieved from /home/airflow/.local/lib/python3.12/site-packages/airflow/example_dags/example_task_group.py
[2024-09-15T08:02:18.355+0000] {logging_mixin.py:190} INFO - [2024-09-15T08:02:18.354+0000] {dag.py:3229} INFO - Sync 1 DAGs
[2024-09-15T08:02:18.406+0000] {logging_mixin.py:190} INFO - [2024-09-15T08:02:18.405+0000] {dag.py:4156} INFO - Setting next_dagrun for example_task_group to None, run_after=None
[2024-09-15T08:02:18.485+0000] {processor.py:208} INFO - Processing /home/airflow/.local/lib/python3.12/site-packages/airflow/example_dags/example_task_group.py took 0.267 seconds
[2024-09-15T08:04:51.751+0000] {processor.py:186} INFO - Started process (PID=2310) to work on /home/airflow/.local/lib/python3.12/site-packages/airflow/example_dags/example_task_group.py
[2024-09-15T08:04:51.753+0000] {processor.py:914} INFO - Processing file /home/airflow/.local/lib/python3.12/site-packages/airflow/example_dags/example_task_group.py for tasks to queue
[2024-09-15T08:04:51.755+0000] {logging_mixin.py:190} INFO - [2024-09-15T08:04:51.754+0000] {dagbag.py:587} INFO - Filling up the DagBag from /home/airflow/.local/lib/python3.12/site-packages/airflow/example_dags/example_task_group.py
[2024-09-15T08:04:51.772+0000] {processor.py:925} INFO - DAG(s) 'example_task_group' retrieved from /home/airflow/.local/lib/python3.12/site-packages/airflow/example_dags/example_task_group.py
[2024-09-15T08:04:51.811+0000] {logging_mixin.py:190} INFO - [2024-09-15T08:04:51.811+0000] {dag.py:3229} INFO - Sync 1 DAGs
[2024-09-15T08:04:51.845+0000] {logging_mixin.py:190} INFO - [2024-09-15T08:04:51.845+0000] {dag.py:4156} INFO - Setting next_dagrun for example_task_group to None, run_after=None
[2024-09-15T08:04:51.883+0000] {processor.py:208} INFO - Processing /home/airflow/.local/lib/python3.12/site-packages/airflow/example_dags/example_task_group.py took 0.143 seconds
[2024-09-15T08:05:22.366+0000] {processor.py:186} INFO - Started process (PID=2372) to work on /home/airflow/.local/lib/python3.12/site-packages/airflow/example_dags/example_task_group.py
[2024-09-15T08:05:22.367+0000] {processor.py:914} INFO - Processing file /home/airflow/.local/lib/python3.12/site-packages/airflow/example_dags/example_task_group.py for tasks to queue
[2024-09-15T08:05:22.371+0000] {logging_mixin.py:190} INFO - [2024-09-15T08:05:22.370+0000] {dagbag.py:587} INFO - Filling up the DagBag from /home/airflow/.local/lib/python3.12/site-packages/airflow/example_dags/example_task_group.py
[2024-09-15T08:05:22.391+0000] {processor.py:925} INFO - DAG(s) 'example_task_group' retrieved from /home/airflow/.local/lib/python3.12/site-packages/airflow/example_dags/example_task_group.py
[2024-09-15T08:05:22.446+0000] {logging_mixin.py:190} INFO - [2024-09-15T08:05:22.445+0000] {dag.py:3229} INFO - Sync 1 DAGs
[2024-09-15T08:05:22.488+0000] {logging_mixin.py:190} INFO - [2024-09-15T08:05:22.487+0000] {dag.py:4156} INFO - Setting next_dagrun for example_task_group to None, run_after=None
[2024-09-15T08:05:22.532+0000] {processor.py:208} INFO - Processing /home/airflow/.local/lib/python3.12/site-packages/airflow/example_dags/example_task_group.py took 0.179 seconds
[2024-09-15T08:05:53.463+0000] {processor.py:186} INFO - Started process (PID=2435) to work on /home/airflow/.local/lib/python3.12/site-packages/airflow/example_dags/example_task_group.py
[2024-09-15T08:05:53.466+0000] {processor.py:914} INFO - Processing file /home/airflow/.local/lib/python3.12/site-packages/airflow/example_dags/example_task_group.py for tasks to queue
[2024-09-15T08:05:53.477+0000] {logging_mixin.py:190} INFO - [2024-09-15T08:05:53.476+0000] {dagbag.py:587} INFO - Filling up the DagBag from /home/airflow/.local/lib/python3.12/site-packages/airflow/example_dags/example_task_group.py
[2024-09-15T08:05:53.511+0000] {processor.py:925} INFO - DAG(s) 'example_task_group' retrieved from /home/airflow/.local/lib/python3.12/site-packages/airflow/example_dags/example_task_group.py
[2024-09-15T08:05:53.590+0000] {logging_mixin.py:190} INFO - [2024-09-15T08:05:53.590+0000] {dag.py:3229} INFO - Sync 1 DAGs
[2024-09-15T08:05:53.648+0000] {logging_mixin.py:190} INFO - [2024-09-15T08:05:53.647+0000] {dag.py:4156} INFO - Setting next_dagrun for example_task_group to None, run_after=None
[2024-09-15T08:05:53.720+0000] {processor.py:208} INFO - Processing /home/airflow/.local/lib/python3.12/site-packages/airflow/example_dags/example_task_group.py took 0.280 seconds
[2024-09-15T08:06:23.891+0000] {processor.py:186} INFO - Started process (PID=2497) to work on /home/airflow/.local/lib/python3.12/site-packages/airflow/example_dags/example_task_group.py
[2024-09-15T08:06:23.892+0000] {processor.py:914} INFO - Processing file /home/airflow/.local/lib/python3.12/site-packages/airflow/example_dags/example_task_group.py for tasks to queue
[2024-09-15T08:06:23.895+0000] {logging_mixin.py:190} INFO - [2024-09-15T08:06:23.894+0000] {dagbag.py:587} INFO - Filling up the DagBag from /home/airflow/.local/lib/python3.12/site-packages/airflow/example_dags/example_task_group.py
[2024-09-15T08:06:23.913+0000] {processor.py:925} INFO - DAG(s) 'example_task_group' retrieved from /home/airflow/.local/lib/python3.12/site-packages/airflow/example_dags/example_task_group.py
[2024-09-15T08:06:23.964+0000] {logging_mixin.py:190} INFO - [2024-09-15T08:06:23.963+0000] {dag.py:3229} INFO - Sync 1 DAGs
[2024-09-15T08:06:24.003+0000] {logging_mixin.py:190} INFO - [2024-09-15T08:06:24.002+0000] {dag.py:4156} INFO - Setting next_dagrun for example_task_group to None, run_after=None
[2024-09-15T08:06:24.050+0000] {processor.py:208} INFO - Processing /home/airflow/.local/lib/python3.12/site-packages/airflow/example_dags/example_task_group.py took 0.170 seconds
[2024-09-15T08:06:56.282+0000] {processor.py:186} INFO - Started process (PID=2561) to work on /home/airflow/.local/lib/python3.12/site-packages/airflow/example_dags/example_task_group.py
[2024-09-15T08:06:56.291+0000] {processor.py:914} INFO - Processing file /home/airflow/.local/lib/python3.12/site-packages/airflow/example_dags/example_task_group.py for tasks to queue
[2024-09-15T08:06:56.295+0000] {logging_mixin.py:190} INFO - [2024-09-15T08:06:56.294+0000] {dagbag.py:587} INFO - Filling up the DagBag from /home/airflow/.local/lib/python3.12/site-packages/airflow/example_dags/example_task_group.py
[2024-09-15T08:06:56.328+0000] {processor.py:925} INFO - DAG(s) 'example_task_group' retrieved from /home/airflow/.local/lib/python3.12/site-packages/airflow/example_dags/example_task_group.py
[2024-09-15T08:06:56.423+0000] {logging_mixin.py:190} INFO - [2024-09-15T08:06:56.423+0000] {dag.py:3229} INFO - Sync 1 DAGs
[2024-09-15T08:06:56.478+0000] {logging_mixin.py:190} INFO - [2024-09-15T08:06:56.477+0000] {dag.py:4156} INFO - Setting next_dagrun for example_task_group to None, run_after=None
[2024-09-15T08:06:56.565+0000] {processor.py:208} INFO - Processing /home/airflow/.local/lib/python3.12/site-packages/airflow/example_dags/example_task_group.py took 0.318 seconds
[2024-09-15T08:07:27.509+0000] {processor.py:186} INFO - Started process (PID=2623) to work on /home/airflow/.local/lib/python3.12/site-packages/airflow/example_dags/example_task_group.py
[2024-09-15T08:07:27.512+0000] {processor.py:914} INFO - Processing file /home/airflow/.local/lib/python3.12/site-packages/airflow/example_dags/example_task_group.py for tasks to queue
[2024-09-15T08:07:27.515+0000] {logging_mixin.py:190} INFO - [2024-09-15T08:07:27.514+0000] {dagbag.py:587} INFO - Filling up the DagBag from /home/airflow/.local/lib/python3.12/site-packages/airflow/example_dags/example_task_group.py
[2024-09-15T08:07:27.537+0000] {processor.py:925} INFO - DAG(s) 'example_task_group' retrieved from /home/airflow/.local/lib/python3.12/site-packages/airflow/example_dags/example_task_group.py
[2024-09-15T08:07:27.591+0000] {logging_mixin.py:190} INFO - [2024-09-15T08:07:27.591+0000] {dag.py:3229} INFO - Sync 1 DAGs
[2024-09-15T08:07:27.630+0000] {logging_mixin.py:190} INFO - [2024-09-15T08:07:27.629+0000] {dag.py:4156} INFO - Setting next_dagrun for example_task_group to None, run_after=None
[2024-09-15T08:07:27.685+0000] {processor.py:208} INFO - Processing /home/airflow/.local/lib/python3.12/site-packages/airflow/example_dags/example_task_group.py took 0.190 seconds
[2024-09-15T08:07:58.045+0000] {processor.py:186} INFO - Started process (PID=2685) to work on /home/airflow/.local/lib/python3.12/site-packages/airflow/example_dags/example_task_group.py
[2024-09-15T08:07:58.046+0000] {processor.py:914} INFO - Processing file /home/airflow/.local/lib/python3.12/site-packages/airflow/example_dags/example_task_group.py for tasks to queue
[2024-09-15T08:07:58.048+0000] {logging_mixin.py:190} INFO - [2024-09-15T08:07:58.048+0000] {dagbag.py:587} INFO - Filling up the DagBag from /home/airflow/.local/lib/python3.12/site-packages/airflow/example_dags/example_task_group.py
[2024-09-15T08:07:58.064+0000] {processor.py:925} INFO - DAG(s) 'example_task_group' retrieved from /home/airflow/.local/lib/python3.12/site-packages/airflow/example_dags/example_task_group.py
[2024-09-15T08:07:58.102+0000] {logging_mixin.py:190} INFO - [2024-09-15T08:07:58.101+0000] {dag.py:3229} INFO - Sync 1 DAGs
[2024-09-15T08:07:58.132+0000] {logging_mixin.py:190} INFO - [2024-09-15T08:07:58.132+0000] {dag.py:4156} INFO - Setting next_dagrun for example_task_group to None, run_after=None
[2024-09-15T08:07:58.169+0000] {processor.py:208} INFO - Processing /home/airflow/.local/lib/python3.12/site-packages/airflow/example_dags/example_task_group.py took 0.134 seconds
[2024-09-15T08:16:29.743+0000] {processor.py:186} INFO - Started process (PID=3113) to work on /home/airflow/.local/lib/python3.12/site-packages/airflow/example_dags/example_task_group.py
[2024-09-15T08:16:29.746+0000] {processor.py:914} INFO - Processing file /home/airflow/.local/lib/python3.12/site-packages/airflow/example_dags/example_task_group.py for tasks to queue
[2024-09-15T08:16:29.751+0000] {logging_mixin.py:190} INFO - [2024-09-15T08:16:29.750+0000] {dagbag.py:587} INFO - Filling up the DagBag from /home/airflow/.local/lib/python3.12/site-packages/airflow/example_dags/example_task_group.py
[2024-09-15T08:16:29.775+0000] {processor.py:925} INFO - DAG(s) 'example_task_group' retrieved from /home/airflow/.local/lib/python3.12/site-packages/airflow/example_dags/example_task_group.py
[2024-09-15T08:16:29.845+0000] {logging_mixin.py:190} INFO - [2024-09-15T08:16:29.844+0000] {dag.py:3229} INFO - Sync 1 DAGs
[2024-09-15T08:16:29.888+0000] {logging_mixin.py:190} INFO - [2024-09-15T08:16:29.887+0000] {dag.py:4156} INFO - Setting next_dagrun for example_task_group to None, run_after=None
[2024-09-15T08:16:29.961+0000] {processor.py:208} INFO - Processing /home/airflow/.local/lib/python3.12/site-packages/airflow/example_dags/example_task_group.py took 0.238 seconds
[2024-09-15T08:18:42.141+0000] {processor.py:186} INFO - Started process (PID=3151) to work on /home/airflow/.local/lib/python3.12/site-packages/airflow/example_dags/example_task_group.py
[2024-09-15T08:18:42.143+0000] {processor.py:914} INFO - Processing file /home/airflow/.local/lib/python3.12/site-packages/airflow/example_dags/example_task_group.py for tasks to queue
[2024-09-15T08:18:42.145+0000] {logging_mixin.py:190} INFO - [2024-09-15T08:18:42.145+0000] {dagbag.py:587} INFO - Filling up the DagBag from /home/airflow/.local/lib/python3.12/site-packages/airflow/example_dags/example_task_group.py
[2024-09-15T08:18:42.163+0000] {processor.py:925} INFO - DAG(s) 'example_task_group' retrieved from /home/airflow/.local/lib/python3.12/site-packages/airflow/example_dags/example_task_group.py
[2024-09-15T08:18:42.206+0000] {logging_mixin.py:190} INFO - [2024-09-15T08:18:42.206+0000] {dag.py:3229} INFO - Sync 1 DAGs
[2024-09-15T08:18:42.239+0000] {logging_mixin.py:190} INFO - [2024-09-15T08:18:42.239+0000] {dag.py:4156} INFO - Setting next_dagrun for example_task_group to None, run_after=None
[2024-09-15T08:18:42.285+0000] {processor.py:208} INFO - Processing /home/airflow/.local/lib/python3.12/site-packages/airflow/example_dags/example_task_group.py took 0.154 seconds
[2024-09-15T08:19:14.383+0000] {processor.py:186} INFO - Started process (PID=3214) to work on /home/airflow/.local/lib/python3.12/site-packages/airflow/example_dags/example_task_group.py
[2024-09-15T08:19:14.385+0000] {processor.py:914} INFO - Processing file /home/airflow/.local/lib/python3.12/site-packages/airflow/example_dags/example_task_group.py for tasks to queue
[2024-09-15T08:19:14.389+0000] {logging_mixin.py:190} INFO - [2024-09-15T08:19:14.388+0000] {dagbag.py:587} INFO - Filling up the DagBag from /home/airflow/.local/lib/python3.12/site-packages/airflow/example_dags/example_task_group.py
[2024-09-15T08:19:14.411+0000] {processor.py:925} INFO - DAG(s) 'example_task_group' retrieved from /home/airflow/.local/lib/python3.12/site-packages/airflow/example_dags/example_task_group.py
[2024-09-15T08:19:14.474+0000] {logging_mixin.py:190} INFO - [2024-09-15T08:19:14.473+0000] {dag.py:3229} INFO - Sync 1 DAGs
[2024-09-15T08:19:14.516+0000] {logging_mixin.py:190} INFO - [2024-09-15T08:19:14.516+0000] {dag.py:4156} INFO - Setting next_dagrun for example_task_group to None, run_after=None
[2024-09-15T08:19:14.570+0000] {processor.py:208} INFO - Processing /home/airflow/.local/lib/python3.12/site-packages/airflow/example_dags/example_task_group.py took 0.209 seconds
[2024-09-15T08:19:45.276+0000] {processor.py:186} INFO - Started process (PID=3276) to work on /home/airflow/.local/lib/python3.12/site-packages/airflow/example_dags/example_task_group.py
[2024-09-15T08:19:45.278+0000] {processor.py:914} INFO - Processing file /home/airflow/.local/lib/python3.12/site-packages/airflow/example_dags/example_task_group.py for tasks to queue
[2024-09-15T08:19:45.281+0000] {logging_mixin.py:190} INFO - [2024-09-15T08:19:45.280+0000] {dagbag.py:587} INFO - Filling up the DagBag from /home/airflow/.local/lib/python3.12/site-packages/airflow/example_dags/example_task_group.py
[2024-09-15T08:19:45.297+0000] {processor.py:925} INFO - DAG(s) 'example_task_group' retrieved from /home/airflow/.local/lib/python3.12/site-packages/airflow/example_dags/example_task_group.py
[2024-09-15T08:19:45.350+0000] {logging_mixin.py:190} INFO - [2024-09-15T08:19:45.350+0000] {dag.py:3229} INFO - Sync 1 DAGs
[2024-09-15T08:19:45.382+0000] {logging_mixin.py:190} INFO - [2024-09-15T08:19:45.382+0000] {dag.py:4156} INFO - Setting next_dagrun for example_task_group to None, run_after=None
[2024-09-15T08:19:45.429+0000] {processor.py:208} INFO - Processing /home/airflow/.local/lib/python3.12/site-packages/airflow/example_dags/example_task_group.py took 0.164 seconds
[2024-09-15T08:20:15.850+0000] {processor.py:186} INFO - Started process (PID=3338) to work on /home/airflow/.local/lib/python3.12/site-packages/airflow/example_dags/example_task_group.py
[2024-09-15T08:20:15.852+0000] {processor.py:914} INFO - Processing file /home/airflow/.local/lib/python3.12/site-packages/airflow/example_dags/example_task_group.py for tasks to queue
[2024-09-15T08:20:15.856+0000] {logging_mixin.py:190} INFO - [2024-09-15T08:20:15.855+0000] {dagbag.py:587} INFO - Filling up the DagBag from /home/airflow/.local/lib/python3.12/site-packages/airflow/example_dags/example_task_group.py
[2024-09-15T08:20:15.876+0000] {processor.py:925} INFO - DAG(s) 'example_task_group' retrieved from /home/airflow/.local/lib/python3.12/site-packages/airflow/example_dags/example_task_group.py
[2024-09-15T08:20:15.924+0000] {logging_mixin.py:190} INFO - [2024-09-15T08:20:15.923+0000] {dag.py:3229} INFO - Sync 1 DAGs
[2024-09-15T08:20:15.968+0000] {logging_mixin.py:190} INFO - [2024-09-15T08:20:15.967+0000] {dag.py:4156} INFO - Setting next_dagrun for example_task_group to None, run_after=None
[2024-09-15T08:20:16.014+0000] {processor.py:208} INFO - Processing /home/airflow/.local/lib/python3.12/site-packages/airflow/example_dags/example_task_group.py took 0.175 seconds
[2024-09-15T08:21:50.826+0000] {processor.py:186} INFO - Started process (PID=3401) to work on /home/airflow/.local/lib/python3.12/site-packages/airflow/example_dags/example_task_group.py
[2024-09-15T08:21:50.828+0000] {processor.py:914} INFO - Processing file /home/airflow/.local/lib/python3.12/site-packages/airflow/example_dags/example_task_group.py for tasks to queue
[2024-09-15T08:21:50.831+0000] {logging_mixin.py:190} INFO - [2024-09-15T08:21:50.830+0000] {dagbag.py:587} INFO - Filling up the DagBag from /home/airflow/.local/lib/python3.12/site-packages/airflow/example_dags/example_task_group.py
[2024-09-15T08:21:50.851+0000] {processor.py:925} INFO - DAG(s) 'example_task_group' retrieved from /home/airflow/.local/lib/python3.12/site-packages/airflow/example_dags/example_task_group.py
[2024-09-15T08:21:50.893+0000] {logging_mixin.py:190} INFO - [2024-09-15T08:21:50.893+0000] {dag.py:3229} INFO - Sync 1 DAGs
[2024-09-15T08:21:50.924+0000] {logging_mixin.py:190} INFO - [2024-09-15T08:21:50.924+0000] {dag.py:4156} INFO - Setting next_dagrun for example_task_group to None, run_after=None
[2024-09-15T08:21:50.965+0000] {processor.py:208} INFO - Processing /home/airflow/.local/lib/python3.12/site-packages/airflow/example_dags/example_task_group.py took 0.152 seconds
[2024-09-15T08:22:26.173+0000] {processor.py:186} INFO - Started process (PID=3463) to work on /home/airflow/.local/lib/python3.12/site-packages/airflow/example_dags/example_task_group.py
[2024-09-15T08:22:26.176+0000] {processor.py:914} INFO - Processing file /home/airflow/.local/lib/python3.12/site-packages/airflow/example_dags/example_task_group.py for tasks to queue
[2024-09-15T08:22:26.179+0000] {logging_mixin.py:190} INFO - [2024-09-15T08:22:26.178+0000] {dagbag.py:587} INFO - Filling up the DagBag from /home/airflow/.local/lib/python3.12/site-packages/airflow/example_dags/example_task_group.py
[2024-09-15T08:22:26.203+0000] {processor.py:925} INFO - DAG(s) 'example_task_group' retrieved from /home/airflow/.local/lib/python3.12/site-packages/airflow/example_dags/example_task_group.py
[2024-09-15T08:22:26.264+0000] {logging_mixin.py:190} INFO - [2024-09-15T08:22:26.264+0000] {dag.py:3229} INFO - Sync 1 DAGs
[2024-09-15T08:22:26.305+0000] {logging_mixin.py:190} INFO - [2024-09-15T08:22:26.305+0000] {dag.py:4156} INFO - Setting next_dagrun for example_task_group to None, run_after=None
[2024-09-15T08:22:26.357+0000] {processor.py:208} INFO - Processing /home/airflow/.local/lib/python3.12/site-packages/airflow/example_dags/example_task_group.py took 0.199 seconds
[2024-09-15T08:22:57.443+0000] {processor.py:186} INFO - Started process (PID=3524) to work on /home/airflow/.local/lib/python3.12/site-packages/airflow/example_dags/example_task_group.py
[2024-09-15T08:22:57.445+0000] {processor.py:914} INFO - Processing file /home/airflow/.local/lib/python3.12/site-packages/airflow/example_dags/example_task_group.py for tasks to queue
[2024-09-15T08:22:57.450+0000] {logging_mixin.py:190} INFO - [2024-09-15T08:22:57.449+0000] {dagbag.py:587} INFO - Filling up the DagBag from /home/airflow/.local/lib/python3.12/site-packages/airflow/example_dags/example_task_group.py
[2024-09-15T08:22:57.470+0000] {processor.py:925} INFO - DAG(s) 'example_task_group' retrieved from /home/airflow/.local/lib/python3.12/site-packages/airflow/example_dags/example_task_group.py
[2024-09-15T08:22:57.534+0000] {logging_mixin.py:190} INFO - [2024-09-15T08:22:57.533+0000] {dag.py:3229} INFO - Sync 1 DAGs
[2024-09-15T08:22:58.015+0000] {logging_mixin.py:190} INFO - [2024-09-15T08:22:58.014+0000] {dag.py:4156} INFO - Setting next_dagrun for example_task_group to None, run_after=None
[2024-09-15T08:22:58.074+0000] {processor.py:208} INFO - Processing /home/airflow/.local/lib/python3.12/site-packages/airflow/example_dags/example_task_group.py took 0.644 seconds
[2024-09-15T08:23:28.842+0000] {processor.py:186} INFO - Started process (PID=3585) to work on /home/airflow/.local/lib/python3.12/site-packages/airflow/example_dags/example_task_group.py
[2024-09-15T08:23:28.844+0000] {processor.py:914} INFO - Processing file /home/airflow/.local/lib/python3.12/site-packages/airflow/example_dags/example_task_group.py for tasks to queue
[2024-09-15T08:23:28.847+0000] {logging_mixin.py:190} INFO - [2024-09-15T08:23:28.846+0000] {dagbag.py:587} INFO - Filling up the DagBag from /home/airflow/.local/lib/python3.12/site-packages/airflow/example_dags/example_task_group.py
[2024-09-15T08:23:28.862+0000] {processor.py:925} INFO - DAG(s) 'example_task_group' retrieved from /home/airflow/.local/lib/python3.12/site-packages/airflow/example_dags/example_task_group.py
[2024-09-15T08:23:28.902+0000] {logging_mixin.py:190} INFO - [2024-09-15T08:23:28.902+0000] {dag.py:3229} INFO - Sync 1 DAGs
[2024-09-15T08:23:28.932+0000] {logging_mixin.py:190} INFO - [2024-09-15T08:23:28.931+0000] {dag.py:4156} INFO - Setting next_dagrun for example_task_group to None, run_after=None
[2024-09-15T08:23:28.974+0000] {processor.py:208} INFO - Processing /home/airflow/.local/lib/python3.12/site-packages/airflow/example_dags/example_task_group.py took 0.143 seconds
[2024-09-15T08:23:59.766+0000] {processor.py:186} INFO - Started process (PID=3647) to work on /home/airflow/.local/lib/python3.12/site-packages/airflow/example_dags/example_task_group.py
[2024-09-15T08:23:59.768+0000] {processor.py:914} INFO - Processing file /home/airflow/.local/lib/python3.12/site-packages/airflow/example_dags/example_task_group.py for tasks to queue
[2024-09-15T08:23:59.772+0000] {logging_mixin.py:190} INFO - [2024-09-15T08:23:59.771+0000] {dagbag.py:587} INFO - Filling up the DagBag from /home/airflow/.local/lib/python3.12/site-packages/airflow/example_dags/example_task_group.py
[2024-09-15T08:23:59.791+0000] {processor.py:925} INFO - DAG(s) 'example_task_group' retrieved from /home/airflow/.local/lib/python3.12/site-packages/airflow/example_dags/example_task_group.py
[2024-09-15T08:23:59.840+0000] {logging_mixin.py:190} INFO - [2024-09-15T08:23:59.839+0000] {dag.py:3229} INFO - Sync 1 DAGs
[2024-09-15T08:23:59.877+0000] {logging_mixin.py:190} INFO - [2024-09-15T08:23:59.876+0000] {dag.py:4156} INFO - Setting next_dagrun for example_task_group to None, run_after=None
[2024-09-15T08:23:59.923+0000] {processor.py:208} INFO - Processing /home/airflow/.local/lib/python3.12/site-packages/airflow/example_dags/example_task_group.py took 0.173 seconds
[2024-09-15T08:25:31.170+0000] {processor.py:186} INFO - Started process (PID=3719) to work on /home/airflow/.local/lib/python3.12/site-packages/airflow/example_dags/example_task_group.py
[2024-09-15T08:25:31.172+0000] {processor.py:914} INFO - Processing file /home/airflow/.local/lib/python3.12/site-packages/airflow/example_dags/example_task_group.py for tasks to queue
[2024-09-15T08:25:31.176+0000] {logging_mixin.py:190} INFO - [2024-09-15T08:25:31.175+0000] {dagbag.py:587} INFO - Filling up the DagBag from /home/airflow/.local/lib/python3.12/site-packages/airflow/example_dags/example_task_group.py
[2024-09-15T08:25:31.198+0000] {processor.py:925} INFO - DAG(s) 'example_task_group' retrieved from /home/airflow/.local/lib/python3.12/site-packages/airflow/example_dags/example_task_group.py
[2024-09-15T08:25:31.255+0000] {logging_mixin.py:190} INFO - [2024-09-15T08:25:31.255+0000] {dag.py:3229} INFO - Sync 1 DAGs
[2024-09-15T08:25:31.295+0000] {logging_mixin.py:190} INFO - [2024-09-15T08:25:31.294+0000] {dag.py:4156} INFO - Setting next_dagrun for example_task_group to None, run_after=None
[2024-09-15T08:25:31.343+0000] {processor.py:208} INFO - Processing /home/airflow/.local/lib/python3.12/site-packages/airflow/example_dags/example_task_group.py took 0.188 seconds
[2024-09-15T08:26:02.408+0000] {processor.py:186} INFO - Started process (PID=3781) to work on /home/airflow/.local/lib/python3.12/site-packages/airflow/example_dags/example_task_group.py
[2024-09-15T08:26:02.410+0000] {processor.py:914} INFO - Processing file /home/airflow/.local/lib/python3.12/site-packages/airflow/example_dags/example_task_group.py for tasks to queue
[2024-09-15T08:26:02.412+0000] {logging_mixin.py:190} INFO - [2024-09-15T08:26:02.412+0000] {dagbag.py:587} INFO - Filling up the DagBag from /home/airflow/.local/lib/python3.12/site-packages/airflow/example_dags/example_task_group.py
[2024-09-15T08:26:02.434+0000] {processor.py:925} INFO - DAG(s) 'example_task_group' retrieved from /home/airflow/.local/lib/python3.12/site-packages/airflow/example_dags/example_task_group.py
[2024-09-15T08:26:02.495+0000] {logging_mixin.py:190} INFO - [2024-09-15T08:26:02.495+0000] {dag.py:3229} INFO - Sync 1 DAGs
[2024-09-15T08:26:02.539+0000] {logging_mixin.py:190} INFO - [2024-09-15T08:26:02.539+0000] {dag.py:4156} INFO - Setting next_dagrun for example_task_group to None, run_after=None
[2024-09-15T08:26:02.588+0000] {processor.py:208} INFO - Processing /home/airflow/.local/lib/python3.12/site-packages/airflow/example_dags/example_task_group.py took 0.195 seconds
[2024-09-15T08:26:32.967+0000] {processor.py:186} INFO - Started process (PID=3843) to work on /home/airflow/.local/lib/python3.12/site-packages/airflow/example_dags/example_task_group.py
[2024-09-15T08:26:32.969+0000] {processor.py:914} INFO - Processing file /home/airflow/.local/lib/python3.12/site-packages/airflow/example_dags/example_task_group.py for tasks to queue
[2024-09-15T08:26:32.972+0000] {logging_mixin.py:190} INFO - [2024-09-15T08:26:32.971+0000] {dagbag.py:587} INFO - Filling up the DagBag from /home/airflow/.local/lib/python3.12/site-packages/airflow/example_dags/example_task_group.py
[2024-09-15T08:26:32.990+0000] {processor.py:925} INFO - DAG(s) 'example_task_group' retrieved from /home/airflow/.local/lib/python3.12/site-packages/airflow/example_dags/example_task_group.py
[2024-09-15T08:26:33.038+0000] {logging_mixin.py:190} INFO - [2024-09-15T08:26:33.037+0000] {dag.py:3229} INFO - Sync 1 DAGs
[2024-09-15T08:26:33.070+0000] {logging_mixin.py:190} INFO - [2024-09-15T08:26:33.070+0000] {dag.py:4156} INFO - Setting next_dagrun for example_task_group to None, run_after=None
[2024-09-15T08:26:33.113+0000] {processor.py:208} INFO - Processing /home/airflow/.local/lib/python3.12/site-packages/airflow/example_dags/example_task_group.py took 0.160 seconds
[2024-09-15T08:27:03.368+0000] {processor.py:186} INFO - Started process (PID=3905) to work on /home/airflow/.local/lib/python3.12/site-packages/airflow/example_dags/example_task_group.py
[2024-09-15T08:27:03.370+0000] {processor.py:914} INFO - Processing file /home/airflow/.local/lib/python3.12/site-packages/airflow/example_dags/example_task_group.py for tasks to queue
[2024-09-15T08:27:03.372+0000] {logging_mixin.py:190} INFO - [2024-09-15T08:27:03.371+0000] {dagbag.py:587} INFO - Filling up the DagBag from /home/airflow/.local/lib/python3.12/site-packages/airflow/example_dags/example_task_group.py
[2024-09-15T08:27:03.388+0000] {processor.py:925} INFO - DAG(s) 'example_task_group' retrieved from /home/airflow/.local/lib/python3.12/site-packages/airflow/example_dags/example_task_group.py
[2024-09-15T08:27:03.434+0000] {logging_mixin.py:190} INFO - [2024-09-15T08:27:03.434+0000] {dag.py:3229} INFO - Sync 1 DAGs
[2024-09-15T08:27:03.467+0000] {logging_mixin.py:190} INFO - [2024-09-15T08:27:03.466+0000] {dag.py:4156} INFO - Setting next_dagrun for example_task_group to None, run_after=None
[2024-09-15T08:27:03.508+0000] {processor.py:208} INFO - Processing /home/airflow/.local/lib/python3.12/site-packages/airflow/example_dags/example_task_group.py took 0.150 seconds
[2024-09-15T08:27:34.053+0000] {processor.py:186} INFO - Started process (PID=3967) to work on /home/airflow/.local/lib/python3.12/site-packages/airflow/example_dags/example_task_group.py
[2024-09-15T08:27:34.055+0000] {processor.py:914} INFO - Processing file /home/airflow/.local/lib/python3.12/site-packages/airflow/example_dags/example_task_group.py for tasks to queue
[2024-09-15T08:27:34.058+0000] {logging_mixin.py:190} INFO - [2024-09-15T08:27:34.057+0000] {dagbag.py:587} INFO - Filling up the DagBag from /home/airflow/.local/lib/python3.12/site-packages/airflow/example_dags/example_task_group.py
[2024-09-15T08:27:34.079+0000] {processor.py:925} INFO - DAG(s) 'example_task_group' retrieved from /home/airflow/.local/lib/python3.12/site-packages/airflow/example_dags/example_task_group.py
[2024-09-15T08:27:34.124+0000] {logging_mixin.py:190} INFO - [2024-09-15T08:27:34.123+0000] {dag.py:3229} INFO - Sync 1 DAGs
[2024-09-15T08:27:34.163+0000] {logging_mixin.py:190} INFO - [2024-09-15T08:27:34.162+0000] {dag.py:4156} INFO - Setting next_dagrun for example_task_group to None, run_after=None
[2024-09-15T08:27:34.205+0000] {processor.py:208} INFO - Processing /home/airflow/.local/lib/python3.12/site-packages/airflow/example_dags/example_task_group.py took 0.167 seconds
[2024-09-15T08:28:05.056+0000] {processor.py:186} INFO - Started process (PID=4029) to work on /home/airflow/.local/lib/python3.12/site-packages/airflow/example_dags/example_task_group.py
[2024-09-15T08:28:05.059+0000] {processor.py:914} INFO - Processing file /home/airflow/.local/lib/python3.12/site-packages/airflow/example_dags/example_task_group.py for tasks to queue
[2024-09-15T08:28:05.062+0000] {logging_mixin.py:190} INFO - [2024-09-15T08:28:05.061+0000] {dagbag.py:587} INFO - Filling up the DagBag from /home/airflow/.local/lib/python3.12/site-packages/airflow/example_dags/example_task_group.py
[2024-09-15T08:28:05.080+0000] {processor.py:925} INFO - DAG(s) 'example_task_group' retrieved from /home/airflow/.local/lib/python3.12/site-packages/airflow/example_dags/example_task_group.py
[2024-09-15T08:28:05.129+0000] {logging_mixin.py:190} INFO - [2024-09-15T08:28:05.129+0000] {dag.py:3229} INFO - Sync 1 DAGs
[2024-09-15T08:28:05.159+0000] {logging_mixin.py:190} INFO - [2024-09-15T08:28:05.159+0000] {dag.py:4156} INFO - Setting next_dagrun for example_task_group to None, run_after=None
[2024-09-15T08:28:05.200+0000] {processor.py:208} INFO - Processing /home/airflow/.local/lib/python3.12/site-packages/airflow/example_dags/example_task_group.py took 0.156 seconds
[2024-09-15T08:31:10.167+0000] {processor.py:186} INFO - Started process (PID=4113) to work on /home/airflow/.local/lib/python3.12/site-packages/airflow/example_dags/example_task_group.py
[2024-09-15T08:31:10.172+0000] {processor.py:914} INFO - Processing file /home/airflow/.local/lib/python3.12/site-packages/airflow/example_dags/example_task_group.py for tasks to queue
[2024-09-15T08:31:10.175+0000] {logging_mixin.py:190} INFO - [2024-09-15T08:31:10.174+0000] {dagbag.py:587} INFO - Filling up the DagBag from /home/airflow/.local/lib/python3.12/site-packages/airflow/example_dags/example_task_group.py
[2024-09-15T08:31:10.201+0000] {processor.py:925} INFO - DAG(s) 'example_task_group' retrieved from /home/airflow/.local/lib/python3.12/site-packages/airflow/example_dags/example_task_group.py
[2024-09-15T08:31:10.261+0000] {logging_mixin.py:190} INFO - [2024-09-15T08:31:10.260+0000] {dag.py:3229} INFO - Sync 1 DAGs
[2024-09-15T08:31:10.304+0000] {logging_mixin.py:190} INFO - [2024-09-15T08:31:10.303+0000] {dag.py:4156} INFO - Setting next_dagrun for example_task_group to None, run_after=None
[2024-09-15T08:31:10.358+0000] {processor.py:208} INFO - Processing /home/airflow/.local/lib/python3.12/site-packages/airflow/example_dags/example_task_group.py took 0.213 seconds
[2024-09-15T08:31:41.818+0000] {processor.py:186} INFO - Started process (PID=4175) to work on /home/airflow/.local/lib/python3.12/site-packages/airflow/example_dags/example_task_group.py
[2024-09-15T08:31:41.820+0000] {processor.py:914} INFO - Processing file /home/airflow/.local/lib/python3.12/site-packages/airflow/example_dags/example_task_group.py for tasks to queue
[2024-09-15T08:31:41.824+0000] {logging_mixin.py:190} INFO - [2024-09-15T08:31:41.823+0000] {dagbag.py:587} INFO - Filling up the DagBag from /home/airflow/.local/lib/python3.12/site-packages/airflow/example_dags/example_task_group.py
[2024-09-15T08:31:41.872+0000] {processor.py:925} INFO - DAG(s) 'example_task_group' retrieved from /home/airflow/.local/lib/python3.12/site-packages/airflow/example_dags/example_task_group.py
[2024-09-15T08:31:42.000+0000] {logging_mixin.py:190} INFO - [2024-09-15T08:31:42.000+0000] {dag.py:3229} INFO - Sync 1 DAGs
[2024-09-15T08:31:42.062+0000] {logging_mixin.py:190} INFO - [2024-09-15T08:31:42.062+0000] {dag.py:4156} INFO - Setting next_dagrun for example_task_group to None, run_after=None
[2024-09-15T08:31:42.143+0000] {processor.py:208} INFO - Processing /home/airflow/.local/lib/python3.12/site-packages/airflow/example_dags/example_task_group.py took 0.353 seconds
[2024-09-15T08:32:12.301+0000] {processor.py:186} INFO - Started process (PID=4238) to work on /home/airflow/.local/lib/python3.12/site-packages/airflow/example_dags/example_task_group.py
[2024-09-15T08:32:12.304+0000] {processor.py:914} INFO - Processing file /home/airflow/.local/lib/python3.12/site-packages/airflow/example_dags/example_task_group.py for tasks to queue
[2024-09-15T08:32:12.308+0000] {logging_mixin.py:190} INFO - [2024-09-15T08:32:12.307+0000] {dagbag.py:587} INFO - Filling up the DagBag from /home/airflow/.local/lib/python3.12/site-packages/airflow/example_dags/example_task_group.py
[2024-09-15T08:32:12.334+0000] {processor.py:925} INFO - DAG(s) 'example_task_group' retrieved from /home/airflow/.local/lib/python3.12/site-packages/airflow/example_dags/example_task_group.py
[2024-09-15T08:32:12.395+0000] {logging_mixin.py:190} INFO - [2024-09-15T08:32:12.394+0000] {dag.py:3229} INFO - Sync 1 DAGs
[2024-09-15T08:32:12.441+0000] {logging_mixin.py:190} INFO - [2024-09-15T08:32:12.440+0000] {dag.py:4156} INFO - Setting next_dagrun for example_task_group to None, run_after=None
[2024-09-15T08:32:12.483+0000] {processor.py:208} INFO - Processing /home/airflow/.local/lib/python3.12/site-packages/airflow/example_dags/example_task_group.py took 0.216 seconds
[2024-09-15T08:32:43.230+0000] {processor.py:186} INFO - Started process (PID=4301) to work on /home/airflow/.local/lib/python3.12/site-packages/airflow/example_dags/example_task_group.py
[2024-09-15T08:32:43.233+0000] {processor.py:914} INFO - Processing file /home/airflow/.local/lib/python3.12/site-packages/airflow/example_dags/example_task_group.py for tasks to queue
[2024-09-15T08:32:43.248+0000] {logging_mixin.py:190} INFO - [2024-09-15T08:32:43.247+0000] {dagbag.py:587} INFO - Filling up the DagBag from /home/airflow/.local/lib/python3.12/site-packages/airflow/example_dags/example_task_group.py
[2024-09-15T08:32:43.300+0000] {processor.py:925} INFO - DAG(s) 'example_task_group' retrieved from /home/airflow/.local/lib/python3.12/site-packages/airflow/example_dags/example_task_group.py
[2024-09-15T08:32:43.418+0000] {logging_mixin.py:190} INFO - [2024-09-15T08:32:43.417+0000] {dag.py:3229} INFO - Sync 1 DAGs
[2024-09-15T08:32:43.523+0000] {logging_mixin.py:190} INFO - [2024-09-15T08:32:43.522+0000] {dag.py:4156} INFO - Setting next_dagrun for example_task_group to None, run_after=None
[2024-09-15T08:32:43.611+0000] {processor.py:208} INFO - Processing /home/airflow/.local/lib/python3.12/site-packages/airflow/example_dags/example_task_group.py took 0.415 seconds
