[2024-09-15T06:52:39.111+0000] {processor.py:186} INFO - Started process (PID=79) to work on /home/airflow/.local/lib/python3.12/site-packages/airflow/example_dags/example_task_group_decorator.py
[2024-09-15T06:52:39.120+0000] {processor.py:914} INFO - Processing file /home/airflow/.local/lib/python3.12/site-packages/airflow/example_dags/example_task_group_decorator.py for tasks to queue
[2024-09-15T06:52:39.168+0000] {logging_mixin.py:190} INFO - [2024-09-15T06:52:39.138+0000] {dagbag.py:587} INFO - Filling up the DagBag from /home/airflow/.local/lib/python3.12/site-packages/airflow/example_dags/example_task_group_decorator.py
[2024-09-15T06:52:39.860+0000] {processor.py:925} INFO - DAG(s) 'example_task_group_decorator' retrieved from /home/airflow/.local/lib/python3.12/site-packages/airflow/example_dags/example_task_group_decorator.py
[2024-09-15T06:52:47.766+0000] {logging_mixin.py:190} INFO - [2024-09-15T06:52:47.765+0000] {override.py:1900} INFO - Created Permission View: can delete on DAG:example_task_group_decorator
[2024-09-15T06:52:47.830+0000] {logging_mixin.py:190} INFO - [2024-09-15T06:52:47.830+0000] {override.py:1900} INFO - Created Permission View: can edit on DAG:example_task_group_decorator
[2024-09-15T06:52:47.903+0000] {logging_mixin.py:190} INFO - [2024-09-15T06:52:47.902+0000] {override.py:1900} INFO - Created Permission View: can read on DAG:example_task_group_decorator
[2024-09-15T06:52:47.976+0000] {logging_mixin.py:190} INFO - [2024-09-15T06:52:47.976+0000] {override.py:1900} INFO - Created Permission View: can delete on DAG Run:example_task_group_decorator
[2024-09-15T06:52:48.006+0000] {logging_mixin.py:190} INFO - [2024-09-15T06:52:48.005+0000] {override.py:1900} INFO - Created Permission View: can create on DAG Run:example_task_group_decorator
[2024-09-15T06:52:48.038+0000] {logging_mixin.py:190} INFO - [2024-09-15T06:52:48.037+0000] {override.py:1900} INFO - Created Permission View: can read on DAG Run:example_task_group_decorator
[2024-09-15T06:52:48.063+0000] {logging_mixin.py:190} INFO - [2024-09-15T06:52:48.062+0000] {override.py:1900} INFO - Created Permission View: menu access on DAG Run:example_task_group_decorator
[2024-09-15T06:52:48.071+0000] {logging_mixin.py:190} INFO - [2024-09-15T06:52:48.071+0000] {dag.py:3229} INFO - Sync 1 DAGs
[2024-09-15T06:52:48.390+0000] {logging_mixin.py:190} INFO - [2024-09-15T06:52:48.389+0000] {dag.py:3252} INFO - Creating ORM DAG for example_task_group_decorator
[2024-09-15T06:52:48.397+0000] {logging_mixin.py:190} INFO - [2024-09-15T06:52:48.396+0000] {dag.py:4156} INFO - Setting next_dagrun for example_task_group_decorator to None, run_after=None
[2024-09-15T06:52:48.523+0000] {processor.py:208} INFO - Processing /home/airflow/.local/lib/python3.12/site-packages/airflow/example_dags/example_task_group_decorator.py took 9.461 seconds
[2024-09-15T06:54:07.950+0000] {processor.py:186} INFO - Started process (PID=141) to work on /home/airflow/.local/lib/python3.12/site-packages/airflow/example_dags/example_task_group_decorator.py
[2024-09-15T06:54:07.952+0000] {processor.py:914} INFO - Processing file /home/airflow/.local/lib/python3.12/site-packages/airflow/example_dags/example_task_group_decorator.py for tasks to queue
[2024-09-15T06:54:07.957+0000] {logging_mixin.py:190} INFO - [2024-09-15T06:54:07.956+0000] {dagbag.py:587} INFO - Filling up the DagBag from /home/airflow/.local/lib/python3.12/site-packages/airflow/example_dags/example_task_group_decorator.py
[2024-09-15T06:54:08.004+0000] {processor.py:925} INFO - DAG(s) 'example_task_group_decorator' retrieved from /home/airflow/.local/lib/python3.12/site-packages/airflow/example_dags/example_task_group_decorator.py
[2024-09-15T06:54:08.069+0000] {logging_mixin.py:190} INFO - [2024-09-15T06:54:08.068+0000] {dag.py:3229} INFO - Sync 1 DAGs
[2024-09-15T06:54:08.101+0000] {logging_mixin.py:190} INFO - [2024-09-15T06:54:08.101+0000] {dag.py:4156} INFO - Setting next_dagrun for example_task_group_decorator to None, run_after=None
[2024-09-15T06:54:08.160+0000] {processor.py:208} INFO - Processing /home/airflow/.local/lib/python3.12/site-packages/airflow/example_dags/example_task_group_decorator.py took 0.222 seconds
[2024-09-15T06:54:39.229+0000] {processor.py:186} INFO - Started process (PID=203) to work on /home/airflow/.local/lib/python3.12/site-packages/airflow/example_dags/example_task_group_decorator.py
[2024-09-15T06:54:39.232+0000] {processor.py:914} INFO - Processing file /home/airflow/.local/lib/python3.12/site-packages/airflow/example_dags/example_task_group_decorator.py for tasks to queue
[2024-09-15T06:54:39.238+0000] {logging_mixin.py:190} INFO - [2024-09-15T06:54:39.237+0000] {dagbag.py:587} INFO - Filling up the DagBag from /home/airflow/.local/lib/python3.12/site-packages/airflow/example_dags/example_task_group_decorator.py
[2024-09-15T06:54:39.289+0000] {processor.py:925} INFO - DAG(s) 'example_task_group_decorator' retrieved from /home/airflow/.local/lib/python3.12/site-packages/airflow/example_dags/example_task_group_decorator.py
[2024-09-15T06:54:39.365+0000] {logging_mixin.py:190} INFO - [2024-09-15T06:54:39.365+0000] {dag.py:3229} INFO - Sync 1 DAGs
[2024-09-15T06:54:39.432+0000] {logging_mixin.py:190} INFO - [2024-09-15T06:54:39.432+0000] {dag.py:4156} INFO - Setting next_dagrun for example_task_group_decorator to None, run_after=None
[2024-09-15T06:54:39.483+0000] {processor.py:208} INFO - Processing /home/airflow/.local/lib/python3.12/site-packages/airflow/example_dags/example_task_group_decorator.py took 0.269 seconds
[2024-09-15T06:55:11.427+0000] {processor.py:186} INFO - Started process (PID=264) to work on /home/airflow/.local/lib/python3.12/site-packages/airflow/example_dags/example_task_group_decorator.py
[2024-09-15T06:55:11.431+0000] {processor.py:914} INFO - Processing file /home/airflow/.local/lib/python3.12/site-packages/airflow/example_dags/example_task_group_decorator.py for tasks to queue
[2024-09-15T06:55:11.435+0000] {logging_mixin.py:190} INFO - [2024-09-15T06:55:11.434+0000] {dagbag.py:587} INFO - Filling up the DagBag from /home/airflow/.local/lib/python3.12/site-packages/airflow/example_dags/example_task_group_decorator.py
[2024-09-15T06:55:11.511+0000] {processor.py:925} INFO - DAG(s) 'example_task_group_decorator' retrieved from /home/airflow/.local/lib/python3.12/site-packages/airflow/example_dags/example_task_group_decorator.py
[2024-09-15T06:55:11.568+0000] {logging_mixin.py:190} INFO - [2024-09-15T06:55:11.568+0000] {dag.py:3229} INFO - Sync 1 DAGs
[2024-09-15T06:55:11.610+0000] {logging_mixin.py:190} INFO - [2024-09-15T06:55:11.610+0000] {dag.py:4156} INFO - Setting next_dagrun for example_task_group_decorator to None, run_after=None
[2024-09-15T06:55:11.697+0000] {processor.py:208} INFO - Processing /home/airflow/.local/lib/python3.12/site-packages/airflow/example_dags/example_task_group_decorator.py took 0.282 seconds
[2024-09-15T06:57:46.153+0000] {processor.py:186} INFO - Started process (PID=309) to work on /home/airflow/.local/lib/python3.12/site-packages/airflow/example_dags/example_task_group_decorator.py
[2024-09-15T06:57:46.156+0000] {processor.py:914} INFO - Processing file /home/airflow/.local/lib/python3.12/site-packages/airflow/example_dags/example_task_group_decorator.py for tasks to queue
[2024-09-15T06:57:46.170+0000] {logging_mixin.py:190} INFO - [2024-09-15T06:57:46.168+0000] {dagbag.py:587} INFO - Filling up the DagBag from /home/airflow/.local/lib/python3.12/site-packages/airflow/example_dags/example_task_group_decorator.py
[2024-09-15T06:57:46.287+0000] {processor.py:925} INFO - DAG(s) 'example_task_group_decorator' retrieved from /home/airflow/.local/lib/python3.12/site-packages/airflow/example_dags/example_task_group_decorator.py
[2024-09-15T06:57:46.465+0000] {logging_mixin.py:190} INFO - [2024-09-15T06:57:46.464+0000] {dag.py:3229} INFO - Sync 1 DAGs
[2024-09-15T06:57:46.591+0000] {logging_mixin.py:190} INFO - [2024-09-15T06:57:46.591+0000] {dag.py:4156} INFO - Setting next_dagrun for example_task_group_decorator to None, run_after=None
[2024-09-15T06:57:46.766+0000] {processor.py:208} INFO - Processing /home/airflow/.local/lib/python3.12/site-packages/airflow/example_dags/example_task_group_decorator.py took 0.646 seconds
[2024-09-15T06:58:17.067+0000] {processor.py:186} INFO - Started process (PID=371) to work on /home/airflow/.local/lib/python3.12/site-packages/airflow/example_dags/example_task_group_decorator.py
[2024-09-15T06:58:17.069+0000] {processor.py:914} INFO - Processing file /home/airflow/.local/lib/python3.12/site-packages/airflow/example_dags/example_task_group_decorator.py for tasks to queue
[2024-09-15T06:58:17.072+0000] {logging_mixin.py:190} INFO - [2024-09-15T06:58:17.071+0000] {dagbag.py:587} INFO - Filling up the DagBag from /home/airflow/.local/lib/python3.12/site-packages/airflow/example_dags/example_task_group_decorator.py
[2024-09-15T06:58:17.119+0000] {processor.py:925} INFO - DAG(s) 'example_task_group_decorator' retrieved from /home/airflow/.local/lib/python3.12/site-packages/airflow/example_dags/example_task_group_decorator.py
[2024-09-15T06:58:17.188+0000] {logging_mixin.py:190} INFO - [2024-09-15T06:58:17.188+0000] {dag.py:3229} INFO - Sync 1 DAGs
[2024-09-15T06:58:17.226+0000] {logging_mixin.py:190} INFO - [2024-09-15T06:58:17.226+0000] {dag.py:4156} INFO - Setting next_dagrun for example_task_group_decorator to None, run_after=None
[2024-09-15T06:58:17.273+0000] {processor.py:208} INFO - Processing /home/airflow/.local/lib/python3.12/site-packages/airflow/example_dags/example_task_group_decorator.py took 0.221 seconds
[2024-09-15T06:58:47.734+0000] {processor.py:186} INFO - Started process (PID=433) to work on /home/airflow/.local/lib/python3.12/site-packages/airflow/example_dags/example_task_group_decorator.py
[2024-09-15T06:58:47.736+0000] {processor.py:914} INFO - Processing file /home/airflow/.local/lib/python3.12/site-packages/airflow/example_dags/example_task_group_decorator.py for tasks to queue
[2024-09-15T06:58:47.738+0000] {logging_mixin.py:190} INFO - [2024-09-15T06:58:47.738+0000] {dagbag.py:587} INFO - Filling up the DagBag from /home/airflow/.local/lib/python3.12/site-packages/airflow/example_dags/example_task_group_decorator.py
[2024-09-15T06:58:47.776+0000] {processor.py:925} INFO - DAG(s) 'example_task_group_decorator' retrieved from /home/airflow/.local/lib/python3.12/site-packages/airflow/example_dags/example_task_group_decorator.py
[2024-09-15T06:58:47.828+0000] {logging_mixin.py:190} INFO - [2024-09-15T06:58:47.827+0000] {dag.py:3229} INFO - Sync 1 DAGs
[2024-09-15T06:58:47.857+0000] {logging_mixin.py:190} INFO - [2024-09-15T06:58:47.857+0000] {dag.py:4156} INFO - Setting next_dagrun for example_task_group_decorator to None, run_after=None
[2024-09-15T06:58:47.898+0000] {processor.py:208} INFO - Processing /home/airflow/.local/lib/python3.12/site-packages/airflow/example_dags/example_task_group_decorator.py took 0.174 seconds
[2024-09-15T06:59:18.334+0000] {processor.py:186} INFO - Started process (PID=495) to work on /home/airflow/.local/lib/python3.12/site-packages/airflow/example_dags/example_task_group_decorator.py
[2024-09-15T06:59:18.336+0000] {processor.py:914} INFO - Processing file /home/airflow/.local/lib/python3.12/site-packages/airflow/example_dags/example_task_group_decorator.py for tasks to queue
[2024-09-15T06:59:18.342+0000] {logging_mixin.py:190} INFO - [2024-09-15T06:59:18.340+0000] {dagbag.py:587} INFO - Filling up the DagBag from /home/airflow/.local/lib/python3.12/site-packages/airflow/example_dags/example_task_group_decorator.py
[2024-09-15T06:59:18.393+0000] {processor.py:925} INFO - DAG(s) 'example_task_group_decorator' retrieved from /home/airflow/.local/lib/python3.12/site-packages/airflow/example_dags/example_task_group_decorator.py
[2024-09-15T06:59:18.479+0000] {logging_mixin.py:190} INFO - [2024-09-15T06:59:18.479+0000] {dag.py:3229} INFO - Sync 1 DAGs
[2024-09-15T06:59:18.525+0000] {logging_mixin.py:190} INFO - [2024-09-15T06:59:18.524+0000] {dag.py:4156} INFO - Setting next_dagrun for example_task_group_decorator to None, run_after=None
[2024-09-15T06:59:18.589+0000] {processor.py:208} INFO - Processing /home/airflow/.local/lib/python3.12/site-packages/airflow/example_dags/example_task_group_decorator.py took 0.265 seconds
[2024-09-15T06:59:48.731+0000] {processor.py:186} INFO - Started process (PID=557) to work on /home/airflow/.local/lib/python3.12/site-packages/airflow/example_dags/example_task_group_decorator.py
[2024-09-15T06:59:48.733+0000] {processor.py:914} INFO - Processing file /home/airflow/.local/lib/python3.12/site-packages/airflow/example_dags/example_task_group_decorator.py for tasks to queue
[2024-09-15T06:59:48.736+0000] {logging_mixin.py:190} INFO - [2024-09-15T06:59:48.736+0000] {dagbag.py:587} INFO - Filling up the DagBag from /home/airflow/.local/lib/python3.12/site-packages/airflow/example_dags/example_task_group_decorator.py
[2024-09-15T06:59:48.778+0000] {processor.py:925} INFO - DAG(s) 'example_task_group_decorator' retrieved from /home/airflow/.local/lib/python3.12/site-packages/airflow/example_dags/example_task_group_decorator.py
[2024-09-15T06:59:48.849+0000] {logging_mixin.py:190} INFO - [2024-09-15T06:59:48.849+0000] {dag.py:3229} INFO - Sync 1 DAGs
[2024-09-15T06:59:48.882+0000] {logging_mixin.py:190} INFO - [2024-09-15T06:59:48.882+0000] {dag.py:4156} INFO - Setting next_dagrun for example_task_group_decorator to None, run_after=None
[2024-09-15T06:59:48.924+0000] {processor.py:208} INFO - Processing /home/airflow/.local/lib/python3.12/site-packages/airflow/example_dags/example_task_group_decorator.py took 0.204 seconds
[2024-09-15T07:00:35.561+0000] {processor.py:186} INFO - Started process (PID=613) to work on /home/airflow/.local/lib/python3.12/site-packages/airflow/example_dags/example_task_group_decorator.py
[2024-09-15T07:00:35.564+0000] {processor.py:914} INFO - Processing file /home/airflow/.local/lib/python3.12/site-packages/airflow/example_dags/example_task_group_decorator.py for tasks to queue
[2024-09-15T07:00:35.574+0000] {logging_mixin.py:190} INFO - [2024-09-15T07:00:35.568+0000] {dagbag.py:587} INFO - Filling up the DagBag from /home/airflow/.local/lib/python3.12/site-packages/airflow/example_dags/example_task_group_decorator.py
[2024-09-15T07:00:35.670+0000] {processor.py:925} INFO - DAG(s) 'example_task_group_decorator' retrieved from /home/airflow/.local/lib/python3.12/site-packages/airflow/example_dags/example_task_group_decorator.py
[2024-09-15T07:00:36.764+0000] {logging_mixin.py:190} INFO - [2024-09-15T07:00:36.763+0000] {dag.py:3229} INFO - Sync 1 DAGs
[2024-09-15T07:00:36.808+0000] {logging_mixin.py:190} INFO - [2024-09-15T07:00:36.807+0000] {dag.py:4156} INFO - Setting next_dagrun for example_task_group_decorator to None, run_after=None
[2024-09-15T07:00:36.873+0000] {processor.py:208} INFO - Processing /home/airflow/.local/lib/python3.12/site-packages/airflow/example_dags/example_task_group_decorator.py took 1.337 seconds
[2024-09-15T07:01:07.299+0000] {processor.py:186} INFO - Started process (PID=675) to work on /home/airflow/.local/lib/python3.12/site-packages/airflow/example_dags/example_task_group_decorator.py
[2024-09-15T07:01:07.302+0000] {processor.py:914} INFO - Processing file /home/airflow/.local/lib/python3.12/site-packages/airflow/example_dags/example_task_group_decorator.py for tasks to queue
[2024-09-15T07:01:07.306+0000] {logging_mixin.py:190} INFO - [2024-09-15T07:01:07.305+0000] {dagbag.py:587} INFO - Filling up the DagBag from /home/airflow/.local/lib/python3.12/site-packages/airflow/example_dags/example_task_group_decorator.py
[2024-09-15T07:01:07.349+0000] {processor.py:925} INFO - DAG(s) 'example_task_group_decorator' retrieved from /home/airflow/.local/lib/python3.12/site-packages/airflow/example_dags/example_task_group_decorator.py
[2024-09-15T07:01:07.430+0000] {logging_mixin.py:190} INFO - [2024-09-15T07:01:07.429+0000] {dag.py:3229} INFO - Sync 1 DAGs
[2024-09-15T07:01:07.479+0000] {logging_mixin.py:190} INFO - [2024-09-15T07:01:07.479+0000] {dag.py:4156} INFO - Setting next_dagrun for example_task_group_decorator to None, run_after=None
[2024-09-15T07:01:07.528+0000] {processor.py:208} INFO - Processing /home/airflow/.local/lib/python3.12/site-packages/airflow/example_dags/example_task_group_decorator.py took 0.256 seconds
[2024-09-15T07:04:36.288+0000] {processor.py:186} INFO - Started process (PID=690) to work on /home/airflow/.local/lib/python3.12/site-packages/airflow/example_dags/example_task_group_decorator.py
[2024-09-15T07:04:36.290+0000] {processor.py:914} INFO - Processing file /home/airflow/.local/lib/python3.12/site-packages/airflow/example_dags/example_task_group_decorator.py for tasks to queue
[2024-09-15T07:04:36.296+0000] {logging_mixin.py:190} INFO - [2024-09-15T07:04:36.295+0000] {dagbag.py:587} INFO - Filling up the DagBag from /home/airflow/.local/lib/python3.12/site-packages/airflow/example_dags/example_task_group_decorator.py
[2024-09-15T07:04:36.344+0000] {processor.py:925} INFO - DAG(s) 'example_task_group_decorator' retrieved from /home/airflow/.local/lib/python3.12/site-packages/airflow/example_dags/example_task_group_decorator.py
[2024-09-15T07:04:36.415+0000] {logging_mixin.py:190} INFO - [2024-09-15T07:04:36.415+0000] {dag.py:3229} INFO - Sync 1 DAGs
[2024-09-15T07:04:36.454+0000] {logging_mixin.py:190} INFO - [2024-09-15T07:04:36.453+0000] {dag.py:4156} INFO - Setting next_dagrun for example_task_group_decorator to None, run_after=None
[2024-09-15T07:04:36.504+0000] {processor.py:208} INFO - Processing /home/airflow/.local/lib/python3.12/site-packages/airflow/example_dags/example_task_group_decorator.py took 0.233 seconds
[2024-09-15T07:05:07.199+0000] {processor.py:186} INFO - Started process (PID=750) to work on /home/airflow/.local/lib/python3.12/site-packages/airflow/example_dags/example_task_group_decorator.py
[2024-09-15T07:05:07.201+0000] {processor.py:914} INFO - Processing file /home/airflow/.local/lib/python3.12/site-packages/airflow/example_dags/example_task_group_decorator.py for tasks to queue
[2024-09-15T07:05:07.205+0000] {logging_mixin.py:190} INFO - [2024-09-15T07:05:07.204+0000] {dagbag.py:587} INFO - Filling up the DagBag from /home/airflow/.local/lib/python3.12/site-packages/airflow/example_dags/example_task_group_decorator.py
[2024-09-15T07:05:07.255+0000] {processor.py:925} INFO - DAG(s) 'example_task_group_decorator' retrieved from /home/airflow/.local/lib/python3.12/site-packages/airflow/example_dags/example_task_group_decorator.py
[2024-09-15T07:05:07.329+0000] {logging_mixin.py:190} INFO - [2024-09-15T07:05:07.328+0000] {dag.py:3229} INFO - Sync 1 DAGs
[2024-09-15T07:05:07.372+0000] {logging_mixin.py:190} INFO - [2024-09-15T07:05:07.371+0000] {dag.py:4156} INFO - Setting next_dagrun for example_task_group_decorator to None, run_after=None
[2024-09-15T07:05:07.432+0000] {processor.py:208} INFO - Processing /home/airflow/.local/lib/python3.12/site-packages/airflow/example_dags/example_task_group_decorator.py took 0.249 seconds
[2024-09-15T07:05:38.195+0000] {processor.py:186} INFO - Started process (PID=813) to work on /home/airflow/.local/lib/python3.12/site-packages/airflow/example_dags/example_task_group_decorator.py
[2024-09-15T07:05:38.197+0000] {processor.py:914} INFO - Processing file /home/airflow/.local/lib/python3.12/site-packages/airflow/example_dags/example_task_group_decorator.py for tasks to queue
[2024-09-15T07:05:38.200+0000] {logging_mixin.py:190} INFO - [2024-09-15T07:05:38.199+0000] {dagbag.py:587} INFO - Filling up the DagBag from /home/airflow/.local/lib/python3.12/site-packages/airflow/example_dags/example_task_group_decorator.py
[2024-09-15T07:05:38.230+0000] {processor.py:925} INFO - DAG(s) 'example_task_group_decorator' retrieved from /home/airflow/.local/lib/python3.12/site-packages/airflow/example_dags/example_task_group_decorator.py
[2024-09-15T07:05:38.280+0000] {logging_mixin.py:190} INFO - [2024-09-15T07:05:38.279+0000] {dag.py:3229} INFO - Sync 1 DAGs
[2024-09-15T07:05:38.311+0000] {logging_mixin.py:190} INFO - [2024-09-15T07:05:38.311+0000] {dag.py:4156} INFO - Setting next_dagrun for example_task_group_decorator to None, run_after=None
[2024-09-15T07:05:38.350+0000] {processor.py:208} INFO - Processing /home/airflow/.local/lib/python3.12/site-packages/airflow/example_dags/example_task_group_decorator.py took 0.166 seconds
[2024-09-15T07:06:08.418+0000] {processor.py:186} INFO - Started process (PID=874) to work on /home/airflow/.local/lib/python3.12/site-packages/airflow/example_dags/example_task_group_decorator.py
[2024-09-15T07:06:08.420+0000] {processor.py:914} INFO - Processing file /home/airflow/.local/lib/python3.12/site-packages/airflow/example_dags/example_task_group_decorator.py for tasks to queue
[2024-09-15T07:06:08.423+0000] {logging_mixin.py:190} INFO - [2024-09-15T07:06:08.422+0000] {dagbag.py:587} INFO - Filling up the DagBag from /home/airflow/.local/lib/python3.12/site-packages/airflow/example_dags/example_task_group_decorator.py
[2024-09-15T07:06:08.449+0000] {processor.py:925} INFO - DAG(s) 'example_task_group_decorator' retrieved from /home/airflow/.local/lib/python3.12/site-packages/airflow/example_dags/example_task_group_decorator.py
[2024-09-15T07:06:08.493+0000] {logging_mixin.py:190} INFO - [2024-09-15T07:06:08.493+0000] {dag.py:3229} INFO - Sync 1 DAGs
[2024-09-15T07:06:08.519+0000] {logging_mixin.py:190} INFO - [2024-09-15T07:06:08.518+0000] {dag.py:4156} INFO - Setting next_dagrun for example_task_group_decorator to None, run_after=None
[2024-09-15T07:06:08.559+0000] {processor.py:208} INFO - Processing /home/airflow/.local/lib/python3.12/site-packages/airflow/example_dags/example_task_group_decorator.py took 0.150 seconds
[2024-09-15T07:06:39.275+0000] {processor.py:186} INFO - Started process (PID=936) to work on /home/airflow/.local/lib/python3.12/site-packages/airflow/example_dags/example_task_group_decorator.py
[2024-09-15T07:06:39.277+0000] {processor.py:914} INFO - Processing file /home/airflow/.local/lib/python3.12/site-packages/airflow/example_dags/example_task_group_decorator.py for tasks to queue
[2024-09-15T07:06:39.281+0000] {logging_mixin.py:190} INFO - [2024-09-15T07:06:39.280+0000] {dagbag.py:587} INFO - Filling up the DagBag from /home/airflow/.local/lib/python3.12/site-packages/airflow/example_dags/example_task_group_decorator.py
[2024-09-15T07:06:39.318+0000] {processor.py:925} INFO - DAG(s) 'example_task_group_decorator' retrieved from /home/airflow/.local/lib/python3.12/site-packages/airflow/example_dags/example_task_group_decorator.py
[2024-09-15T07:06:39.377+0000] {logging_mixin.py:190} INFO - [2024-09-15T07:06:39.377+0000] {dag.py:3229} INFO - Sync 1 DAGs
[2024-09-15T07:06:39.413+0000] {logging_mixin.py:190} INFO - [2024-09-15T07:06:39.412+0000] {dag.py:4156} INFO - Setting next_dagrun for example_task_group_decorator to None, run_after=None
[2024-09-15T07:06:39.464+0000] {processor.py:208} INFO - Processing /home/airflow/.local/lib/python3.12/site-packages/airflow/example_dags/example_task_group_decorator.py took 0.201 seconds
[2024-09-15T07:07:25.109+0000] {processor.py:186} INFO - Started process (PID=999) to work on /home/airflow/.local/lib/python3.12/site-packages/airflow/example_dags/example_task_group_decorator.py
[2024-09-15T07:07:25.119+0000] {processor.py:914} INFO - Processing file /home/airflow/.local/lib/python3.12/site-packages/airflow/example_dags/example_task_group_decorator.py for tasks to queue
[2024-09-15T07:07:25.123+0000] {logging_mixin.py:190} INFO - [2024-09-15T07:07:25.122+0000] {dagbag.py:587} INFO - Filling up the DagBag from /home/airflow/.local/lib/python3.12/site-packages/airflow/example_dags/example_task_group_decorator.py
[2024-09-15T07:07:25.183+0000] {processor.py:925} INFO - DAG(s) 'example_task_group_decorator' retrieved from /home/airflow/.local/lib/python3.12/site-packages/airflow/example_dags/example_task_group_decorator.py
[2024-09-15T07:07:25.254+0000] {logging_mixin.py:190} INFO - [2024-09-15T07:07:25.254+0000] {dag.py:3229} INFO - Sync 1 DAGs
[2024-09-15T07:07:25.327+0000] {logging_mixin.py:190} INFO - [2024-09-15T07:07:25.327+0000] {dag.py:4156} INFO - Setting next_dagrun for example_task_group_decorator to None, run_after=None
[2024-09-15T07:07:25.457+0000] {processor.py:208} INFO - Processing /home/airflow/.local/lib/python3.12/site-packages/airflow/example_dags/example_task_group_decorator.py took 0.395 seconds
[2024-09-15T07:07:56.196+0000] {processor.py:186} INFO - Started process (PID=1061) to work on /home/airflow/.local/lib/python3.12/site-packages/airflow/example_dags/example_task_group_decorator.py
[2024-09-15T07:07:56.198+0000] {processor.py:914} INFO - Processing file /home/airflow/.local/lib/python3.12/site-packages/airflow/example_dags/example_task_group_decorator.py for tasks to queue
[2024-09-15T07:07:56.201+0000] {logging_mixin.py:190} INFO - [2024-09-15T07:07:56.201+0000] {dagbag.py:587} INFO - Filling up the DagBag from /home/airflow/.local/lib/python3.12/site-packages/airflow/example_dags/example_task_group_decorator.py
[2024-09-15T07:07:56.248+0000] {processor.py:925} INFO - DAG(s) 'example_task_group_decorator' retrieved from /home/airflow/.local/lib/python3.12/site-packages/airflow/example_dags/example_task_group_decorator.py
[2024-09-15T07:07:56.319+0000] {logging_mixin.py:190} INFO - [2024-09-15T07:07:56.318+0000] {dag.py:3229} INFO - Sync 1 DAGs
[2024-09-15T07:07:56.383+0000] {logging_mixin.py:190} INFO - [2024-09-15T07:07:56.383+0000] {dag.py:4156} INFO - Setting next_dagrun for example_task_group_decorator to None, run_after=None
[2024-09-15T07:07:56.458+0000] {processor.py:208} INFO - Processing /home/airflow/.local/lib/python3.12/site-packages/airflow/example_dags/example_task_group_decorator.py took 0.277 seconds
[2024-09-15T07:12:17.589+0000] {processor.py:186} INFO - Started process (PID=1113) to work on /home/airflow/.local/lib/python3.12/site-packages/airflow/example_dags/example_task_group_decorator.py
[2024-09-15T07:12:17.597+0000] {processor.py:914} INFO - Processing file /home/airflow/.local/lib/python3.12/site-packages/airflow/example_dags/example_task_group_decorator.py for tasks to queue
[2024-09-15T07:12:17.601+0000] {logging_mixin.py:190} INFO - [2024-09-15T07:12:17.600+0000] {dagbag.py:587} INFO - Filling up the DagBag from /home/airflow/.local/lib/python3.12/site-packages/airflow/example_dags/example_task_group_decorator.py
[2024-09-15T07:12:17.654+0000] {processor.py:925} INFO - DAG(s) 'example_task_group_decorator' retrieved from /home/airflow/.local/lib/python3.12/site-packages/airflow/example_dags/example_task_group_decorator.py
[2024-09-15T07:12:17.750+0000] {logging_mixin.py:190} INFO - [2024-09-15T07:12:17.749+0000] {dag.py:3229} INFO - Sync 1 DAGs
[2024-09-15T07:12:17.810+0000] {logging_mixin.py:190} INFO - [2024-09-15T07:12:17.810+0000] {dag.py:4156} INFO - Setting next_dagrun for example_task_group_decorator to None, run_after=None
[2024-09-15T07:12:17.865+0000] {processor.py:208} INFO - Processing /home/airflow/.local/lib/python3.12/site-packages/airflow/example_dags/example_task_group_decorator.py took 0.304 seconds
[2024-09-15T07:12:48.458+0000] {processor.py:186} INFO - Started process (PID=1175) to work on /home/airflow/.local/lib/python3.12/site-packages/airflow/example_dags/example_task_group_decorator.py
[2024-09-15T07:12:48.460+0000] {processor.py:914} INFO - Processing file /home/airflow/.local/lib/python3.12/site-packages/airflow/example_dags/example_task_group_decorator.py for tasks to queue
[2024-09-15T07:12:48.464+0000] {logging_mixin.py:190} INFO - [2024-09-15T07:12:48.463+0000] {dagbag.py:587} INFO - Filling up the DagBag from /home/airflow/.local/lib/python3.12/site-packages/airflow/example_dags/example_task_group_decorator.py
[2024-09-15T07:12:48.517+0000] {processor.py:925} INFO - DAG(s) 'example_task_group_decorator' retrieved from /home/airflow/.local/lib/python3.12/site-packages/airflow/example_dags/example_task_group_decorator.py
[2024-09-15T07:12:48.595+0000] {logging_mixin.py:190} INFO - [2024-09-15T07:12:48.594+0000] {dag.py:3229} INFO - Sync 1 DAGs
[2024-09-15T07:12:48.639+0000] {logging_mixin.py:190} INFO - [2024-09-15T07:12:48.639+0000] {dag.py:4156} INFO - Setting next_dagrun for example_task_group_decorator to None, run_after=None
[2024-09-15T07:12:48.697+0000] {processor.py:208} INFO - Processing /home/airflow/.local/lib/python3.12/site-packages/airflow/example_dags/example_task_group_decorator.py took 0.267 seconds
[2024-09-15T07:13:19.442+0000] {processor.py:186} INFO - Started process (PID=1237) to work on /home/airflow/.local/lib/python3.12/site-packages/airflow/example_dags/example_task_group_decorator.py
[2024-09-15T07:13:19.444+0000] {processor.py:914} INFO - Processing file /home/airflow/.local/lib/python3.12/site-packages/airflow/example_dags/example_task_group_decorator.py for tasks to queue
[2024-09-15T07:13:19.446+0000] {logging_mixin.py:190} INFO - [2024-09-15T07:13:19.446+0000] {dagbag.py:587} INFO - Filling up the DagBag from /home/airflow/.local/lib/python3.12/site-packages/airflow/example_dags/example_task_group_decorator.py
[2024-09-15T07:13:19.480+0000] {processor.py:925} INFO - DAG(s) 'example_task_group_decorator' retrieved from /home/airflow/.local/lib/python3.12/site-packages/airflow/example_dags/example_task_group_decorator.py
[2024-09-15T07:13:19.541+0000] {logging_mixin.py:190} INFO - [2024-09-15T07:13:19.540+0000] {dag.py:3229} INFO - Sync 1 DAGs
[2024-09-15T07:13:19.574+0000] {logging_mixin.py:190} INFO - [2024-09-15T07:13:19.573+0000] {dag.py:4156} INFO - Setting next_dagrun for example_task_group_decorator to None, run_after=None
[2024-09-15T07:13:19.611+0000] {processor.py:208} INFO - Processing /home/airflow/.local/lib/python3.12/site-packages/airflow/example_dags/example_task_group_decorator.py took 0.182 seconds
[2024-09-15T07:13:49.734+0000] {processor.py:186} INFO - Started process (PID=1299) to work on /home/airflow/.local/lib/python3.12/site-packages/airflow/example_dags/example_task_group_decorator.py
[2024-09-15T07:13:49.736+0000] {processor.py:914} INFO - Processing file /home/airflow/.local/lib/python3.12/site-packages/airflow/example_dags/example_task_group_decorator.py for tasks to queue
[2024-09-15T07:13:49.738+0000] {logging_mixin.py:190} INFO - [2024-09-15T07:13:49.738+0000] {dagbag.py:587} INFO - Filling up the DagBag from /home/airflow/.local/lib/python3.12/site-packages/airflow/example_dags/example_task_group_decorator.py
[2024-09-15T07:13:49.764+0000] {processor.py:925} INFO - DAG(s) 'example_task_group_decorator' retrieved from /home/airflow/.local/lib/python3.12/site-packages/airflow/example_dags/example_task_group_decorator.py
[2024-09-15T07:13:49.807+0000] {logging_mixin.py:190} INFO - [2024-09-15T07:13:49.807+0000] {dag.py:3229} INFO - Sync 1 DAGs
[2024-09-15T07:13:49.833+0000] {logging_mixin.py:190} INFO - [2024-09-15T07:13:49.833+0000] {dag.py:4156} INFO - Setting next_dagrun for example_task_group_decorator to None, run_after=None
[2024-09-15T07:13:49.869+0000] {processor.py:208} INFO - Processing /home/airflow/.local/lib/python3.12/site-packages/airflow/example_dags/example_task_group_decorator.py took 0.144 seconds
[2024-09-15T07:14:20.096+0000] {processor.py:186} INFO - Started process (PID=1362) to work on /home/airflow/.local/lib/python3.12/site-packages/airflow/example_dags/example_task_group_decorator.py
[2024-09-15T07:14:20.098+0000] {processor.py:914} INFO - Processing file /home/airflow/.local/lib/python3.12/site-packages/airflow/example_dags/example_task_group_decorator.py for tasks to queue
[2024-09-15T07:14:20.100+0000] {logging_mixin.py:190} INFO - [2024-09-15T07:14:20.100+0000] {dagbag.py:587} INFO - Filling up the DagBag from /home/airflow/.local/lib/python3.12/site-packages/airflow/example_dags/example_task_group_decorator.py
[2024-09-15T07:14:20.125+0000] {processor.py:925} INFO - DAG(s) 'example_task_group_decorator' retrieved from /home/airflow/.local/lib/python3.12/site-packages/airflow/example_dags/example_task_group_decorator.py
[2024-09-15T07:14:20.176+0000] {logging_mixin.py:190} INFO - [2024-09-15T07:14:20.176+0000] {dag.py:3229} INFO - Sync 1 DAGs
[2024-09-15T07:14:20.210+0000] {logging_mixin.py:190} INFO - [2024-09-15T07:14:20.209+0000] {dag.py:4156} INFO - Setting next_dagrun for example_task_group_decorator to None, run_after=None
[2024-09-15T07:14:20.253+0000] {processor.py:208} INFO - Processing /home/airflow/.local/lib/python3.12/site-packages/airflow/example_dags/example_task_group_decorator.py took 0.166 seconds
[2024-09-15T07:14:50.663+0000] {processor.py:186} INFO - Started process (PID=1424) to work on /home/airflow/.local/lib/python3.12/site-packages/airflow/example_dags/example_task_group_decorator.py
[2024-09-15T07:14:50.665+0000] {processor.py:914} INFO - Processing file /home/airflow/.local/lib/python3.12/site-packages/airflow/example_dags/example_task_group_decorator.py for tasks to queue
[2024-09-15T07:14:50.668+0000] {logging_mixin.py:190} INFO - [2024-09-15T07:14:50.668+0000] {dagbag.py:587} INFO - Filling up the DagBag from /home/airflow/.local/lib/python3.12/site-packages/airflow/example_dags/example_task_group_decorator.py
[2024-09-15T07:14:50.701+0000] {processor.py:925} INFO - DAG(s) 'example_task_group_decorator' retrieved from /home/airflow/.local/lib/python3.12/site-packages/airflow/example_dags/example_task_group_decorator.py
[2024-09-15T07:14:50.750+0000] {logging_mixin.py:190} INFO - [2024-09-15T07:14:50.750+0000] {dag.py:3229} INFO - Sync 1 DAGs
[2024-09-15T07:14:50.782+0000] {logging_mixin.py:190} INFO - [2024-09-15T07:14:50.782+0000] {dag.py:4156} INFO - Setting next_dagrun for example_task_group_decorator to None, run_after=None
[2024-09-15T07:14:50.820+0000] {processor.py:208} INFO - Processing /home/airflow/.local/lib/python3.12/site-packages/airflow/example_dags/example_task_group_decorator.py took 0.167 seconds
[2024-09-15T07:15:21.568+0000] {processor.py:186} INFO - Started process (PID=1486) to work on /home/airflow/.local/lib/python3.12/site-packages/airflow/example_dags/example_task_group_decorator.py
[2024-09-15T07:15:21.570+0000] {processor.py:914} INFO - Processing file /home/airflow/.local/lib/python3.12/site-packages/airflow/example_dags/example_task_group_decorator.py for tasks to queue
[2024-09-15T07:15:21.573+0000] {logging_mixin.py:190} INFO - [2024-09-15T07:15:21.572+0000] {dagbag.py:587} INFO - Filling up the DagBag from /home/airflow/.local/lib/python3.12/site-packages/airflow/example_dags/example_task_group_decorator.py
[2024-09-15T07:15:21.613+0000] {processor.py:925} INFO - DAG(s) 'example_task_group_decorator' retrieved from /home/airflow/.local/lib/python3.12/site-packages/airflow/example_dags/example_task_group_decorator.py
[2024-09-15T07:15:21.689+0000] {logging_mixin.py:190} INFO - [2024-09-15T07:15:21.688+0000] {dag.py:3229} INFO - Sync 1 DAGs
[2024-09-15T07:15:21.723+0000] {logging_mixin.py:190} INFO - [2024-09-15T07:15:21.722+0000] {dag.py:4156} INFO - Setting next_dagrun for example_task_group_decorator to None, run_after=None
[2024-09-15T07:15:21.766+0000] {processor.py:208} INFO - Processing /home/airflow/.local/lib/python3.12/site-packages/airflow/example_dags/example_task_group_decorator.py took 0.212 seconds
[2024-09-15T07:15:51.957+0000] {processor.py:186} INFO - Started process (PID=1546) to work on /home/airflow/.local/lib/python3.12/site-packages/airflow/example_dags/example_task_group_decorator.py
[2024-09-15T07:15:51.958+0000] {processor.py:914} INFO - Processing file /home/airflow/.local/lib/python3.12/site-packages/airflow/example_dags/example_task_group_decorator.py for tasks to queue
[2024-09-15T07:15:51.961+0000] {logging_mixin.py:190} INFO - [2024-09-15T07:15:51.960+0000] {dagbag.py:587} INFO - Filling up the DagBag from /home/airflow/.local/lib/python3.12/site-packages/airflow/example_dags/example_task_group_decorator.py
[2024-09-15T07:15:51.986+0000] {processor.py:925} INFO - DAG(s) 'example_task_group_decorator' retrieved from /home/airflow/.local/lib/python3.12/site-packages/airflow/example_dags/example_task_group_decorator.py
[2024-09-15T07:15:52.028+0000] {logging_mixin.py:190} INFO - [2024-09-15T07:15:52.028+0000] {dag.py:3229} INFO - Sync 1 DAGs
[2024-09-15T07:15:52.056+0000] {logging_mixin.py:190} INFO - [2024-09-15T07:15:52.055+0000] {dag.py:4156} INFO - Setting next_dagrun for example_task_group_decorator to None, run_after=None
[2024-09-15T07:15:52.090+0000] {processor.py:208} INFO - Processing /home/airflow/.local/lib/python3.12/site-packages/airflow/example_dags/example_task_group_decorator.py took 0.143 seconds
[2024-09-15T07:18:20.768+0000] {processor.py:186} INFO - Started process (PID=1603) to work on /home/airflow/.local/lib/python3.12/site-packages/airflow/example_dags/example_task_group_decorator.py
[2024-09-15T07:18:20.771+0000] {processor.py:914} INFO - Processing file /home/airflow/.local/lib/python3.12/site-packages/airflow/example_dags/example_task_group_decorator.py for tasks to queue
[2024-09-15T07:18:20.775+0000] {logging_mixin.py:190} INFO - [2024-09-15T07:18:20.774+0000] {dagbag.py:587} INFO - Filling up the DagBag from /home/airflow/.local/lib/python3.12/site-packages/airflow/example_dags/example_task_group_decorator.py
[2024-09-15T07:18:20.852+0000] {processor.py:925} INFO - DAG(s) 'example_task_group_decorator' retrieved from /home/airflow/.local/lib/python3.12/site-packages/airflow/example_dags/example_task_group_decorator.py
[2024-09-15T07:18:20.962+0000] {logging_mixin.py:190} INFO - [2024-09-15T07:18:20.961+0000] {dag.py:3229} INFO - Sync 1 DAGs
[2024-09-15T07:18:21.082+0000] {logging_mixin.py:190} INFO - [2024-09-15T07:18:21.080+0000] {dag.py:4156} INFO - Setting next_dagrun for example_task_group_decorator to None, run_after=None
[2024-09-15T07:18:21.180+0000] {processor.py:208} INFO - Processing /home/airflow/.local/lib/python3.12/site-packages/airflow/example_dags/example_task_group_decorator.py took 0.429 seconds
[2024-09-15T07:18:51.764+0000] {processor.py:186} INFO - Started process (PID=1665) to work on /home/airflow/.local/lib/python3.12/site-packages/airflow/example_dags/example_task_group_decorator.py
[2024-09-15T07:18:51.767+0000] {processor.py:914} INFO - Processing file /home/airflow/.local/lib/python3.12/site-packages/airflow/example_dags/example_task_group_decorator.py for tasks to queue
[2024-09-15T07:18:51.771+0000] {logging_mixin.py:190} INFO - [2024-09-15T07:18:51.770+0000] {dagbag.py:587} INFO - Filling up the DagBag from /home/airflow/.local/lib/python3.12/site-packages/airflow/example_dags/example_task_group_decorator.py
[2024-09-15T07:18:51.822+0000] {processor.py:925} INFO - DAG(s) 'example_task_group_decorator' retrieved from /home/airflow/.local/lib/python3.12/site-packages/airflow/example_dags/example_task_group_decorator.py
[2024-09-15T07:18:51.898+0000] {logging_mixin.py:190} INFO - [2024-09-15T07:18:51.897+0000] {dag.py:3229} INFO - Sync 1 DAGs
[2024-09-15T07:18:52.007+0000] {logging_mixin.py:190} INFO - [2024-09-15T07:18:52.007+0000] {dag.py:4156} INFO - Setting next_dagrun for example_task_group_decorator to None, run_after=None
[2024-09-15T07:18:52.069+0000] {processor.py:208} INFO - Processing /home/airflow/.local/lib/python3.12/site-packages/airflow/example_dags/example_task_group_decorator.py took 0.329 seconds
[2024-09-15T07:19:22.915+0000] {processor.py:186} INFO - Started process (PID=1727) to work on /home/airflow/.local/lib/python3.12/site-packages/airflow/example_dags/example_task_group_decorator.py
[2024-09-15T07:19:22.916+0000] {processor.py:914} INFO - Processing file /home/airflow/.local/lib/python3.12/site-packages/airflow/example_dags/example_task_group_decorator.py for tasks to queue
[2024-09-15T07:19:22.920+0000] {logging_mixin.py:190} INFO - [2024-09-15T07:19:22.919+0000] {dagbag.py:587} INFO - Filling up the DagBag from /home/airflow/.local/lib/python3.12/site-packages/airflow/example_dags/example_task_group_decorator.py
[2024-09-15T07:19:22.955+0000] {processor.py:925} INFO - DAG(s) 'example_task_group_decorator' retrieved from /home/airflow/.local/lib/python3.12/site-packages/airflow/example_dags/example_task_group_decorator.py
[2024-09-15T07:19:23.009+0000] {logging_mixin.py:190} INFO - [2024-09-15T07:19:23.009+0000] {dag.py:3229} INFO - Sync 1 DAGs
[2024-09-15T07:19:23.045+0000] {logging_mixin.py:190} INFO - [2024-09-15T07:19:23.045+0000] {dag.py:4156} INFO - Setting next_dagrun for example_task_group_decorator to None, run_after=None
[2024-09-15T07:19:23.091+0000] {processor.py:208} INFO - Processing /home/airflow/.local/lib/python3.12/site-packages/airflow/example_dags/example_task_group_decorator.py took 0.186 seconds
[2024-09-15T07:19:53.241+0000] {processor.py:186} INFO - Started process (PID=1789) to work on /home/airflow/.local/lib/python3.12/site-packages/airflow/example_dags/example_task_group_decorator.py
[2024-09-15T07:19:53.243+0000] {processor.py:914} INFO - Processing file /home/airflow/.local/lib/python3.12/site-packages/airflow/example_dags/example_task_group_decorator.py for tasks to queue
[2024-09-15T07:19:53.245+0000] {logging_mixin.py:190} INFO - [2024-09-15T07:19:53.244+0000] {dagbag.py:587} INFO - Filling up the DagBag from /home/airflow/.local/lib/python3.12/site-packages/airflow/example_dags/example_task_group_decorator.py
[2024-09-15T07:19:53.276+0000] {processor.py:925} INFO - DAG(s) 'example_task_group_decorator' retrieved from /home/airflow/.local/lib/python3.12/site-packages/airflow/example_dags/example_task_group_decorator.py
[2024-09-15T07:19:53.322+0000] {logging_mixin.py:190} INFO - [2024-09-15T07:19:53.321+0000] {dag.py:3229} INFO - Sync 1 DAGs
[2024-09-15T07:19:53.351+0000] {logging_mixin.py:190} INFO - [2024-09-15T07:19:53.351+0000] {dag.py:4156} INFO - Setting next_dagrun for example_task_group_decorator to None, run_after=None
[2024-09-15T07:19:53.391+0000] {processor.py:208} INFO - Processing /home/airflow/.local/lib/python3.12/site-packages/airflow/example_dags/example_task_group_decorator.py took 0.164 seconds
[2024-09-15T07:20:23.588+0000] {processor.py:186} INFO - Started process (PID=1850) to work on /home/airflow/.local/lib/python3.12/site-packages/airflow/example_dags/example_task_group_decorator.py
[2024-09-15T07:20:23.590+0000] {processor.py:914} INFO - Processing file /home/airflow/.local/lib/python3.12/site-packages/airflow/example_dags/example_task_group_decorator.py for tasks to queue
[2024-09-15T07:20:23.593+0000] {logging_mixin.py:190} INFO - [2024-09-15T07:20:23.592+0000] {dagbag.py:587} INFO - Filling up the DagBag from /home/airflow/.local/lib/python3.12/site-packages/airflow/example_dags/example_task_group_decorator.py
[2024-09-15T07:20:23.634+0000] {processor.py:925} INFO - DAG(s) 'example_task_group_decorator' retrieved from /home/airflow/.local/lib/python3.12/site-packages/airflow/example_dags/example_task_group_decorator.py
[2024-09-15T07:20:23.682+0000] {logging_mixin.py:190} INFO - [2024-09-15T07:20:23.681+0000] {dag.py:3229} INFO - Sync 1 DAGs
[2024-09-15T07:20:23.718+0000] {logging_mixin.py:190} INFO - [2024-09-15T07:20:23.718+0000] {dag.py:4156} INFO - Setting next_dagrun for example_task_group_decorator to None, run_after=None
[2024-09-15T07:20:23.766+0000] {processor.py:208} INFO - Processing /home/airflow/.local/lib/python3.12/site-packages/airflow/example_dags/example_task_group_decorator.py took 0.196 seconds
[2024-09-15T07:23:01.303+0000] {processor.py:186} INFO - Started process (PID=1910) to work on /home/airflow/.local/lib/python3.12/site-packages/airflow/example_dags/example_task_group_decorator.py
[2024-09-15T07:23:01.307+0000] {processor.py:914} INFO - Processing file /home/airflow/.local/lib/python3.12/site-packages/airflow/example_dags/example_task_group_decorator.py for tasks to queue
[2024-09-15T07:23:01.311+0000] {logging_mixin.py:190} INFO - [2024-09-15T07:23:01.310+0000] {dagbag.py:587} INFO - Filling up the DagBag from /home/airflow/.local/lib/python3.12/site-packages/airflow/example_dags/example_task_group_decorator.py
[2024-09-15T07:23:01.383+0000] {processor.py:925} INFO - DAG(s) 'example_task_group_decorator' retrieved from /home/airflow/.local/lib/python3.12/site-packages/airflow/example_dags/example_task_group_decorator.py
[2024-09-15T07:23:01.463+0000] {logging_mixin.py:190} INFO - [2024-09-15T07:23:01.462+0000] {dag.py:3229} INFO - Sync 1 DAGs
[2024-09-15T07:23:01.532+0000] {logging_mixin.py:190} INFO - [2024-09-15T07:23:01.531+0000] {dag.py:4156} INFO - Setting next_dagrun for example_task_group_decorator to None, run_after=None
[2024-09-15T07:23:01.628+0000] {processor.py:208} INFO - Processing /home/airflow/.local/lib/python3.12/site-packages/airflow/example_dags/example_task_group_decorator.py took 0.339 seconds
[2024-09-15T07:23:31.796+0000] {processor.py:186} INFO - Started process (PID=1965) to work on /home/airflow/.local/lib/python3.12/site-packages/airflow/example_dags/example_task_group_decorator.py
[2024-09-15T07:23:31.802+0000] {processor.py:914} INFO - Processing file /home/airflow/.local/lib/python3.12/site-packages/airflow/example_dags/example_task_group_decorator.py for tasks to queue
[2024-09-15T07:23:31.805+0000] {logging_mixin.py:190} INFO - [2024-09-15T07:23:31.804+0000] {dagbag.py:587} INFO - Filling up the DagBag from /home/airflow/.local/lib/python3.12/site-packages/airflow/example_dags/example_task_group_decorator.py
[2024-09-15T07:23:31.865+0000] {processor.py:925} INFO - DAG(s) 'example_task_group_decorator' retrieved from /home/airflow/.local/lib/python3.12/site-packages/airflow/example_dags/example_task_group_decorator.py
[2024-09-15T07:23:31.933+0000] {logging_mixin.py:190} INFO - [2024-09-15T07:23:31.932+0000] {dag.py:3229} INFO - Sync 1 DAGs
[2024-09-15T07:23:31.971+0000] {logging_mixin.py:190} INFO - [2024-09-15T07:23:31.971+0000] {dag.py:4156} INFO - Setting next_dagrun for example_task_group_decorator to None, run_after=None
[2024-09-15T07:23:32.026+0000] {processor.py:208} INFO - Processing /home/airflow/.local/lib/python3.12/site-packages/airflow/example_dags/example_task_group_decorator.py took 0.246 seconds
[2024-09-15T07:24:02.953+0000] {processor.py:186} INFO - Started process (PID=2034) to work on /home/airflow/.local/lib/python3.12/site-packages/airflow/example_dags/example_task_group_decorator.py
[2024-09-15T07:24:02.955+0000] {processor.py:914} INFO - Processing file /home/airflow/.local/lib/python3.12/site-packages/airflow/example_dags/example_task_group_decorator.py for tasks to queue
[2024-09-15T07:24:02.958+0000] {logging_mixin.py:190} INFO - [2024-09-15T07:24:02.957+0000] {dagbag.py:587} INFO - Filling up the DagBag from /home/airflow/.local/lib/python3.12/site-packages/airflow/example_dags/example_task_group_decorator.py
[2024-09-15T07:24:02.995+0000] {processor.py:925} INFO - DAG(s) 'example_task_group_decorator' retrieved from /home/airflow/.local/lib/python3.12/site-packages/airflow/example_dags/example_task_group_decorator.py
[2024-09-15T07:24:03.041+0000] {logging_mixin.py:190} INFO - [2024-09-15T07:24:03.040+0000] {dag.py:3229} INFO - Sync 1 DAGs
[2024-09-15T07:24:03.072+0000] {logging_mixin.py:190} INFO - [2024-09-15T07:24:03.072+0000] {dag.py:4156} INFO - Setting next_dagrun for example_task_group_decorator to None, run_after=None
[2024-09-15T07:24:03.110+0000] {processor.py:208} INFO - Processing /home/airflow/.local/lib/python3.12/site-packages/airflow/example_dags/example_task_group_decorator.py took 0.170 seconds
[2024-09-15T07:24:33.501+0000] {processor.py:186} INFO - Started process (PID=2096) to work on /home/airflow/.local/lib/python3.12/site-packages/airflow/example_dags/example_task_group_decorator.py
[2024-09-15T07:24:33.502+0000] {processor.py:914} INFO - Processing file /home/airflow/.local/lib/python3.12/site-packages/airflow/example_dags/example_task_group_decorator.py for tasks to queue
[2024-09-15T07:24:33.505+0000] {logging_mixin.py:190} INFO - [2024-09-15T07:24:33.504+0000] {dagbag.py:587} INFO - Filling up the DagBag from /home/airflow/.local/lib/python3.12/site-packages/airflow/example_dags/example_task_group_decorator.py
[2024-09-15T07:24:33.546+0000] {processor.py:925} INFO - DAG(s) 'example_task_group_decorator' retrieved from /home/airflow/.local/lib/python3.12/site-packages/airflow/example_dags/example_task_group_decorator.py
[2024-09-15T07:24:33.595+0000] {logging_mixin.py:190} INFO - [2024-09-15T07:24:33.595+0000] {dag.py:3229} INFO - Sync 1 DAGs
[2024-09-15T07:24:33.628+0000] {logging_mixin.py:190} INFO - [2024-09-15T07:24:33.628+0000] {dag.py:4156} INFO - Setting next_dagrun for example_task_group_decorator to None, run_after=None
[2024-09-15T07:24:33.671+0000] {processor.py:208} INFO - Processing /home/airflow/.local/lib/python3.12/site-packages/airflow/example_dags/example_task_group_decorator.py took 0.180 seconds
[2024-09-15T07:25:03.844+0000] {processor.py:186} INFO - Started process (PID=2157) to work on /home/airflow/.local/lib/python3.12/site-packages/airflow/example_dags/example_task_group_decorator.py
[2024-09-15T07:25:03.846+0000] {processor.py:914} INFO - Processing file /home/airflow/.local/lib/python3.12/site-packages/airflow/example_dags/example_task_group_decorator.py for tasks to queue
[2024-09-15T07:25:03.849+0000] {logging_mixin.py:190} INFO - [2024-09-15T07:25:03.848+0000] {dagbag.py:587} INFO - Filling up the DagBag from /home/airflow/.local/lib/python3.12/site-packages/airflow/example_dags/example_task_group_decorator.py
[2024-09-15T07:25:03.882+0000] {processor.py:925} INFO - DAG(s) 'example_task_group_decorator' retrieved from /home/airflow/.local/lib/python3.12/site-packages/airflow/example_dags/example_task_group_decorator.py
[2024-09-15T07:25:03.930+0000] {logging_mixin.py:190} INFO - [2024-09-15T07:25:03.930+0000] {dag.py:3229} INFO - Sync 1 DAGs
[2024-09-15T07:25:03.958+0000] {logging_mixin.py:190} INFO - [2024-09-15T07:25:03.958+0000] {dag.py:4156} INFO - Setting next_dagrun for example_task_group_decorator to None, run_after=None
[2024-09-15T07:25:03.993+0000] {processor.py:208} INFO - Processing /home/airflow/.local/lib/python3.12/site-packages/airflow/example_dags/example_task_group_decorator.py took 0.159 seconds
[2024-09-15T08:02:08.698+0000] {processor.py:186} INFO - Started process (PID=2218) to work on /home/airflow/.local/lib/python3.12/site-packages/airflow/example_dags/example_task_group_decorator.py
[2024-09-15T08:02:08.702+0000] {processor.py:914} INFO - Processing file /home/airflow/.local/lib/python3.12/site-packages/airflow/example_dags/example_task_group_decorator.py for tasks to queue
[2024-09-15T08:02:08.704+0000] {logging_mixin.py:190} INFO - [2024-09-15T08:02:08.704+0000] {dagbag.py:587} INFO - Filling up the DagBag from /home/airflow/.local/lib/python3.12/site-packages/airflow/example_dags/example_task_group_decorator.py
[2024-09-15T08:02:08.790+0000] {processor.py:925} INFO - DAG(s) 'example_task_group_decorator' retrieved from /home/airflow/.local/lib/python3.12/site-packages/airflow/example_dags/example_task_group_decorator.py
[2024-09-15T08:02:08.897+0000] {logging_mixin.py:190} INFO - [2024-09-15T08:02:08.896+0000] {dag.py:3229} INFO - Sync 1 DAGs
[2024-09-15T08:02:08.960+0000] {logging_mixin.py:190} INFO - [2024-09-15T08:02:08.960+0000] {dag.py:4156} INFO - Setting next_dagrun for example_task_group_decorator to None, run_after=None
[2024-09-15T08:02:09.051+0000] {processor.py:208} INFO - Processing /home/airflow/.local/lib/python3.12/site-packages/airflow/example_dags/example_task_group_decorator.py took 0.375 seconds
[2024-09-15T08:02:39.817+0000] {processor.py:186} INFO - Started process (PID=2281) to work on /home/airflow/.local/lib/python3.12/site-packages/airflow/example_dags/example_task_group_decorator.py
[2024-09-15T08:02:39.819+0000] {processor.py:914} INFO - Processing file /home/airflow/.local/lib/python3.12/site-packages/airflow/example_dags/example_task_group_decorator.py for tasks to queue
[2024-09-15T08:02:39.822+0000] {logging_mixin.py:190} INFO - [2024-09-15T08:02:39.821+0000] {dagbag.py:587} INFO - Filling up the DagBag from /home/airflow/.local/lib/python3.12/site-packages/airflow/example_dags/example_task_group_decorator.py
[2024-09-15T08:02:39.872+0000] {processor.py:925} INFO - DAG(s) 'example_task_group_decorator' retrieved from /home/airflow/.local/lib/python3.12/site-packages/airflow/example_dags/example_task_group_decorator.py
[2024-09-15T08:02:39.955+0000] {logging_mixin.py:190} INFO - [2024-09-15T08:02:39.955+0000] {dag.py:3229} INFO - Sync 1 DAGs
[2024-09-15T08:02:39.998+0000] {logging_mixin.py:190} INFO - [2024-09-15T08:02:39.997+0000] {dag.py:4156} INFO - Setting next_dagrun for example_task_group_decorator to None, run_after=None
[2024-09-15T08:02:40.044+0000] {processor.py:208} INFO - Processing /home/airflow/.local/lib/python3.12/site-packages/airflow/example_dags/example_task_group_decorator.py took 0.276 seconds
