[2024-09-15T06:53:08.156+0000] {processor.py:186} INFO - Started process (PID=110) to work on /home/airflow/.local/lib/python3.12/site-packages/airflow/example_dags/example_python_decorator.py
[2024-09-15T06:53:08.158+0000] {processor.py:914} INFO - Processing file /home/airflow/.local/lib/python3.12/site-packages/airflow/example_dags/example_python_decorator.py for tasks to queue
[2024-09-15T06:53:08.164+0000] {logging_mixin.py:190} INFO - [2024-09-15T06:53:08.164+0000] {dagbag.py:587} INFO - Filling up the DagBag from /home/airflow/.local/lib/python3.12/site-packages/airflow/example_dags/example_python_decorator.py
[2024-09-15T06:53:08.208+0000] {processor.py:925} INFO - DAG(s) 'example_python_decorator' retrieved from /home/airflow/.local/lib/python3.12/site-packages/airflow/example_dags/example_python_decorator.py
[2024-09-15T06:53:08.491+0000] {logging_mixin.py:190} INFO - [2024-09-15T06:53:08.490+0000] {override.py:1900} INFO - Created Permission View: can delete on DAG:example_python_decorator
[2024-09-15T06:53:08.515+0000] {logging_mixin.py:190} INFO - [2024-09-15T06:53:08.514+0000] {override.py:1900} INFO - Created Permission View: can edit on DAG:example_python_decorator
[2024-09-15T06:53:08.556+0000] {logging_mixin.py:190} INFO - [2024-09-15T06:53:08.555+0000] {override.py:1900} INFO - Created Permission View: can read on DAG:example_python_decorator
[2024-09-15T06:53:08.598+0000] {logging_mixin.py:190} INFO - [2024-09-15T06:53:08.598+0000] {override.py:1900} INFO - Created Permission View: can delete on DAG Run:example_python_decorator
[2024-09-15T06:53:08.649+0000] {logging_mixin.py:190} INFO - [2024-09-15T06:53:08.649+0000] {override.py:1900} INFO - Created Permission View: can create on DAG Run:example_python_decorator
[2024-09-15T06:53:08.674+0000] {logging_mixin.py:190} INFO - [2024-09-15T06:53:08.672+0000] {override.py:1900} INFO - Created Permission View: can read on DAG Run:example_python_decorator
[2024-09-15T06:53:08.696+0000] {logging_mixin.py:190} INFO - [2024-09-15T06:53:08.696+0000] {override.py:1900} INFO - Created Permission View: menu access on DAG Run:example_python_decorator
[2024-09-15T06:53:08.698+0000] {logging_mixin.py:190} INFO - [2024-09-15T06:53:08.698+0000] {dag.py:3229} INFO - Sync 1 DAGs
[2024-09-15T06:53:08.782+0000] {logging_mixin.py:190} INFO - [2024-09-15T06:53:08.779+0000] {dag.py:3252} INFO - Creating ORM DAG for example_python_decorator
[2024-09-15T06:53:08.796+0000] {logging_mixin.py:190} INFO - [2024-09-15T06:53:08.796+0000] {dag.py:4156} INFO - Setting next_dagrun for example_python_decorator to None, run_after=None
[2024-09-15T06:53:08.893+0000] {processor.py:208} INFO - Processing /home/airflow/.local/lib/python3.12/site-packages/airflow/example_dags/example_python_decorator.py took 0.752 seconds
[2024-09-15T06:54:13.241+0000] {processor.py:186} INFO - Started process (PID=172) to work on /home/airflow/.local/lib/python3.12/site-packages/airflow/example_dags/example_python_decorator.py
[2024-09-15T06:54:13.251+0000] {processor.py:914} INFO - Processing file /home/airflow/.local/lib/python3.12/site-packages/airflow/example_dags/example_python_decorator.py for tasks to queue
[2024-09-15T06:54:13.256+0000] {logging_mixin.py:190} INFO - [2024-09-15T06:54:13.255+0000] {dagbag.py:587} INFO - Filling up the DagBag from /home/airflow/.local/lib/python3.12/site-packages/airflow/example_dags/example_python_decorator.py
[2024-09-15T06:54:13.294+0000] {processor.py:925} INFO - DAG(s) 'example_python_decorator' retrieved from /home/airflow/.local/lib/python3.12/site-packages/airflow/example_dags/example_python_decorator.py
[2024-09-15T06:54:13.339+0000] {logging_mixin.py:190} INFO - [2024-09-15T06:54:13.338+0000] {dag.py:3229} INFO - Sync 1 DAGs
[2024-09-15T06:54:13.370+0000] {logging_mixin.py:190} INFO - [2024-09-15T06:54:13.370+0000] {dag.py:4156} INFO - Setting next_dagrun for example_python_decorator to None, run_after=None
[2024-09-15T06:54:13.464+0000] {processor.py:208} INFO - Processing /home/airflow/.local/lib/python3.12/site-packages/airflow/example_dags/example_python_decorator.py took 0.234 seconds
[2024-09-15T06:54:48.301+0000] {processor.py:186} INFO - Started process (PID=234) to work on /home/airflow/.local/lib/python3.12/site-packages/airflow/example_dags/example_python_decorator.py
[2024-09-15T06:54:48.304+0000] {processor.py:914} INFO - Processing file /home/airflow/.local/lib/python3.12/site-packages/airflow/example_dags/example_python_decorator.py for tasks to queue
[2024-09-15T06:54:48.310+0000] {logging_mixin.py:190} INFO - [2024-09-15T06:54:48.309+0000] {dagbag.py:587} INFO - Filling up the DagBag from /home/airflow/.local/lib/python3.12/site-packages/airflow/example_dags/example_python_decorator.py
[2024-09-15T06:54:48.357+0000] {processor.py:925} INFO - DAG(s) 'example_python_decorator' retrieved from /home/airflow/.local/lib/python3.12/site-packages/airflow/example_dags/example_python_decorator.py
[2024-09-15T06:54:48.429+0000] {logging_mixin.py:190} INFO - [2024-09-15T06:54:48.428+0000] {dag.py:3229} INFO - Sync 1 DAGs
[2024-09-15T06:54:48.480+0000] {logging_mixin.py:190} INFO - [2024-09-15T06:54:48.479+0000] {dag.py:4156} INFO - Setting next_dagrun for example_python_decorator to None, run_after=None
[2024-09-15T06:54:48.569+0000] {processor.py:208} INFO - Processing /home/airflow/.local/lib/python3.12/site-packages/airflow/example_dags/example_python_decorator.py took 0.283 seconds
[2024-09-15T06:57:33.222+0000] {processor.py:186} INFO - Started process (PID=296) to work on /home/airflow/.local/lib/python3.12/site-packages/airflow/example_dags/example_python_decorator.py
[2024-09-15T06:57:33.945+0000] {processor.py:914} INFO - Processing file /home/airflow/.local/lib/python3.12/site-packages/airflow/example_dags/example_python_decorator.py for tasks to queue
[2024-09-15T06:57:33.959+0000] {logging_mixin.py:190} INFO - [2024-09-15T06:57:33.956+0000] {dagbag.py:587} INFO - Filling up the DagBag from /home/airflow/.local/lib/python3.12/site-packages/airflow/example_dags/example_python_decorator.py
[2024-09-15T06:57:34.755+0000] {processor.py:925} INFO - DAG(s) 'example_python_decorator' retrieved from /home/airflow/.local/lib/python3.12/site-packages/airflow/example_dags/example_python_decorator.py
[2024-09-15T06:58:07.314+0000] {processor.py:186} INFO - Started process (PID=358) to work on /home/airflow/.local/lib/python3.12/site-packages/airflow/example_dags/example_python_decorator.py
[2024-09-15T06:58:07.316+0000] {processor.py:914} INFO - Processing file /home/airflow/.local/lib/python3.12/site-packages/airflow/example_dags/example_python_decorator.py for tasks to queue
[2024-09-15T06:58:07.319+0000] {logging_mixin.py:190} INFO - [2024-09-15T06:58:07.319+0000] {dagbag.py:587} INFO - Filling up the DagBag from /home/airflow/.local/lib/python3.12/site-packages/airflow/example_dags/example_python_decorator.py
[2024-09-15T06:58:07.342+0000] {processor.py:925} INFO - DAG(s) 'example_python_decorator' retrieved from /home/airflow/.local/lib/python3.12/site-packages/airflow/example_dags/example_python_decorator.py
[2024-09-15T06:58:07.542+0000] {logging_mixin.py:190} INFO - [2024-09-15T06:58:07.542+0000] {dag.py:3229} INFO - Sync 1 DAGs
[2024-09-15T06:58:07.564+0000] {logging_mixin.py:190} INFO - [2024-09-15T06:58:07.564+0000] {dag.py:4156} INFO - Setting next_dagrun for example_python_decorator to None, run_after=None
[2024-09-15T06:58:07.603+0000] {processor.py:208} INFO - Processing /home/airflow/.local/lib/python3.12/site-packages/airflow/example_dags/example_python_decorator.py took 0.299 seconds
[2024-09-15T06:58:38.168+0000] {processor.py:186} INFO - Started process (PID=420) to work on /home/airflow/.local/lib/python3.12/site-packages/airflow/example_dags/example_python_decorator.py
[2024-09-15T06:58:38.169+0000] {processor.py:914} INFO - Processing file /home/airflow/.local/lib/python3.12/site-packages/airflow/example_dags/example_python_decorator.py for tasks to queue
[2024-09-15T06:58:38.172+0000] {logging_mixin.py:190} INFO - [2024-09-15T06:58:38.171+0000] {dagbag.py:587} INFO - Filling up the DagBag from /home/airflow/.local/lib/python3.12/site-packages/airflow/example_dags/example_python_decorator.py
[2024-09-15T06:58:38.196+0000] {processor.py:925} INFO - DAG(s) 'example_python_decorator' retrieved from /home/airflow/.local/lib/python3.12/site-packages/airflow/example_dags/example_python_decorator.py
[2024-09-15T06:58:38.238+0000] {logging_mixin.py:190} INFO - [2024-09-15T06:58:38.238+0000] {dag.py:3229} INFO - Sync 1 DAGs
[2024-09-15T06:58:38.263+0000] {logging_mixin.py:190} INFO - [2024-09-15T06:58:38.263+0000] {dag.py:4156} INFO - Setting next_dagrun for example_python_decorator to None, run_after=None
[2024-09-15T06:58:38.296+0000] {processor.py:208} INFO - Processing /home/airflow/.local/lib/python3.12/site-packages/airflow/example_dags/example_python_decorator.py took 0.138 seconds
[2024-09-15T06:59:08.437+0000] {processor.py:186} INFO - Started process (PID=482) to work on /home/airflow/.local/lib/python3.12/site-packages/airflow/example_dags/example_python_decorator.py
[2024-09-15T06:59:08.439+0000] {processor.py:914} INFO - Processing file /home/airflow/.local/lib/python3.12/site-packages/airflow/example_dags/example_python_decorator.py for tasks to queue
[2024-09-15T06:59:08.441+0000] {logging_mixin.py:190} INFO - [2024-09-15T06:59:08.441+0000] {dagbag.py:587} INFO - Filling up the DagBag from /home/airflow/.local/lib/python3.12/site-packages/airflow/example_dags/example_python_decorator.py
[2024-09-15T06:59:08.465+0000] {processor.py:925} INFO - DAG(s) 'example_python_decorator' retrieved from /home/airflow/.local/lib/python3.12/site-packages/airflow/example_dags/example_python_decorator.py
[2024-09-15T06:59:08.503+0000] {logging_mixin.py:190} INFO - [2024-09-15T06:59:08.503+0000] {dag.py:3229} INFO - Sync 1 DAGs
[2024-09-15T06:59:08.529+0000] {logging_mixin.py:190} INFO - [2024-09-15T06:59:08.528+0000] {dag.py:4156} INFO - Setting next_dagrun for example_python_decorator to None, run_after=None
[2024-09-15T06:59:08.561+0000] {processor.py:208} INFO - Processing /home/airflow/.local/lib/python3.12/site-packages/airflow/example_dags/example_python_decorator.py took 0.133 seconds
[2024-09-15T06:59:39.138+0000] {processor.py:186} INFO - Started process (PID=544) to work on /home/airflow/.local/lib/python3.12/site-packages/airflow/example_dags/example_python_decorator.py
[2024-09-15T06:59:39.141+0000] {processor.py:914} INFO - Processing file /home/airflow/.local/lib/python3.12/site-packages/airflow/example_dags/example_python_decorator.py for tasks to queue
[2024-09-15T06:59:39.144+0000] {logging_mixin.py:190} INFO - [2024-09-15T06:59:39.143+0000] {dagbag.py:587} INFO - Filling up the DagBag from /home/airflow/.local/lib/python3.12/site-packages/airflow/example_dags/example_python_decorator.py
[2024-09-15T06:59:39.180+0000] {processor.py:925} INFO - DAG(s) 'example_python_decorator' retrieved from /home/airflow/.local/lib/python3.12/site-packages/airflow/example_dags/example_python_decorator.py
[2024-09-15T06:59:39.234+0000] {logging_mixin.py:190} INFO - [2024-09-15T06:59:39.234+0000] {dag.py:3229} INFO - Sync 1 DAGs
[2024-09-15T06:59:39.272+0000] {logging_mixin.py:190} INFO - [2024-09-15T06:59:39.272+0000] {dag.py:4156} INFO - Setting next_dagrun for example_python_decorator to None, run_after=None
[2024-09-15T06:59:39.322+0000] {processor.py:208} INFO - Processing /home/airflow/.local/lib/python3.12/site-packages/airflow/example_dags/example_python_decorator.py took 0.196 seconds
[2024-09-15T07:00:09.881+0000] {processor.py:186} INFO - Started process (PID=606) to work on /home/airflow/.local/lib/python3.12/site-packages/airflow/example_dags/example_python_decorator.py
[2024-09-15T07:00:09.890+0000] {processor.py:914} INFO - Processing file /home/airflow/.local/lib/python3.12/site-packages/airflow/example_dags/example_python_decorator.py for tasks to queue
[2024-09-15T07:00:09.894+0000] {logging_mixin.py:190} INFO - [2024-09-15T07:00:09.893+0000] {dagbag.py:587} INFO - Filling up the DagBag from /home/airflow/.local/lib/python3.12/site-packages/airflow/example_dags/example_python_decorator.py
[2024-09-15T07:00:09.948+0000] {processor.py:925} INFO - DAG(s) 'example_python_decorator' retrieved from /home/airflow/.local/lib/python3.12/site-packages/airflow/example_dags/example_python_decorator.py
[2024-09-15T07:00:10.061+0000] {logging_mixin.py:190} INFO - [2024-09-15T07:00:10.060+0000] {dag.py:3229} INFO - Sync 1 DAGs
[2024-09-15T07:00:10.113+0000] {logging_mixin.py:190} INFO - [2024-09-15T07:00:10.112+0000] {dag.py:4156} INFO - Setting next_dagrun for example_python_decorator to None, run_after=None
[2024-09-15T07:00:10.173+0000] {processor.py:208} INFO - Processing /home/airflow/.local/lib/python3.12/site-packages/airflow/example_dags/example_python_decorator.py took 0.314 seconds
[2024-09-15T07:00:46.824+0000] {processor.py:186} INFO - Started process (PID=668) to work on /home/airflow/.local/lib/python3.12/site-packages/airflow/example_dags/example_python_decorator.py
[2024-09-15T07:00:46.826+0000] {processor.py:914} INFO - Processing file /home/airflow/.local/lib/python3.12/site-packages/airflow/example_dags/example_python_decorator.py for tasks to queue
[2024-09-15T07:00:46.828+0000] {logging_mixin.py:190} INFO - [2024-09-15T07:00:46.827+0000] {dagbag.py:587} INFO - Filling up the DagBag from /home/airflow/.local/lib/python3.12/site-packages/airflow/example_dags/example_python_decorator.py
[2024-09-15T07:00:46.855+0000] {processor.py:925} INFO - DAG(s) 'example_python_decorator' retrieved from /home/airflow/.local/lib/python3.12/site-packages/airflow/example_dags/example_python_decorator.py
[2024-09-15T07:00:46.902+0000] {logging_mixin.py:190} INFO - [2024-09-15T07:00:46.901+0000] {dag.py:3229} INFO - Sync 1 DAGs
[2024-09-15T07:00:46.934+0000] {logging_mixin.py:190} INFO - [2024-09-15T07:00:46.934+0000] {dag.py:4156} INFO - Setting next_dagrun for example_python_decorator to None, run_after=None
[2024-09-15T07:00:46.972+0000] {processor.py:208} INFO - Processing /home/airflow/.local/lib/python3.12/site-packages/airflow/example_dags/example_python_decorator.py took 0.157 seconds
[2024-09-15T07:04:41.065+0000] {processor.py:186} INFO - Started process (PID=718) to work on /home/airflow/.local/lib/python3.12/site-packages/airflow/example_dags/example_python_decorator.py
[2024-09-15T07:04:41.067+0000] {processor.py:914} INFO - Processing file /home/airflow/.local/lib/python3.12/site-packages/airflow/example_dags/example_python_decorator.py for tasks to queue
[2024-09-15T07:04:41.070+0000] {logging_mixin.py:190} INFO - [2024-09-15T07:04:41.069+0000] {dagbag.py:587} INFO - Filling up the DagBag from /home/airflow/.local/lib/python3.12/site-packages/airflow/example_dags/example_python_decorator.py
[2024-09-15T07:04:41.097+0000] {processor.py:925} INFO - DAG(s) 'example_python_decorator' retrieved from /home/airflow/.local/lib/python3.12/site-packages/airflow/example_dags/example_python_decorator.py
[2024-09-15T07:04:41.137+0000] {logging_mixin.py:190} INFO - [2024-09-15T07:04:41.137+0000] {dag.py:3229} INFO - Sync 1 DAGs
[2024-09-15T07:04:41.172+0000] {logging_mixin.py:190} INFO - [2024-09-15T07:04:41.171+0000] {dag.py:4156} INFO - Setting next_dagrun for example_python_decorator to None, run_after=None
[2024-09-15T07:04:41.212+0000] {processor.py:208} INFO - Processing /home/airflow/.local/lib/python3.12/site-packages/airflow/example_dags/example_python_decorator.py took 0.158 seconds
[2024-09-15T07:05:12.751+0000] {processor.py:186} INFO - Started process (PID=780) to work on /home/airflow/.local/lib/python3.12/site-packages/airflow/example_dags/example_python_decorator.py
[2024-09-15T07:05:12.755+0000] {processor.py:914} INFO - Processing file /home/airflow/.local/lib/python3.12/site-packages/airflow/example_dags/example_python_decorator.py for tasks to queue
[2024-09-15T07:05:12.760+0000] {logging_mixin.py:190} INFO - [2024-09-15T07:05:12.759+0000] {dagbag.py:587} INFO - Filling up the DagBag from /home/airflow/.local/lib/python3.12/site-packages/airflow/example_dags/example_python_decorator.py
[2024-09-15T07:05:12.856+0000] {processor.py:925} INFO - DAG(s) 'example_python_decorator' retrieved from /home/airflow/.local/lib/python3.12/site-packages/airflow/example_dags/example_python_decorator.py
[2024-09-15T07:05:13.004+0000] {logging_mixin.py:190} INFO - [2024-09-15T07:05:13.003+0000] {dag.py:3229} INFO - Sync 1 DAGs
[2024-09-15T07:05:13.165+0000] {logging_mixin.py:190} INFO - [2024-09-15T07:05:13.162+0000] {dag.py:4156} INFO - Setting next_dagrun for example_python_decorator to None, run_after=None
[2024-09-15T07:05:13.375+0000] {processor.py:208} INFO - Processing /home/airflow/.local/lib/python3.12/site-packages/airflow/example_dags/example_python_decorator.py took 0.646 seconds
[2024-09-15T07:05:43.805+0000] {processor.py:186} INFO - Started process (PID=841) to work on /home/airflow/.local/lib/python3.12/site-packages/airflow/example_dags/example_python_decorator.py
[2024-09-15T07:05:43.807+0000] {processor.py:914} INFO - Processing file /home/airflow/.local/lib/python3.12/site-packages/airflow/example_dags/example_python_decorator.py for tasks to queue
[2024-09-15T07:05:43.811+0000] {logging_mixin.py:190} INFO - [2024-09-15T07:05:43.810+0000] {dagbag.py:587} INFO - Filling up the DagBag from /home/airflow/.local/lib/python3.12/site-packages/airflow/example_dags/example_python_decorator.py
[2024-09-15T07:05:43.839+0000] {processor.py:925} INFO - DAG(s) 'example_python_decorator' retrieved from /home/airflow/.local/lib/python3.12/site-packages/airflow/example_dags/example_python_decorator.py
[2024-09-15T07:05:43.877+0000] {logging_mixin.py:190} INFO - [2024-09-15T07:05:43.877+0000] {dag.py:3229} INFO - Sync 1 DAGs
[2024-09-15T07:05:43.903+0000] {logging_mixin.py:190} INFO - [2024-09-15T07:05:43.902+0000] {dag.py:4156} INFO - Setting next_dagrun for example_python_decorator to None, run_after=None
[2024-09-15T07:05:43.940+0000] {processor.py:208} INFO - Processing /home/airflow/.local/lib/python3.12/site-packages/airflow/example_dags/example_python_decorator.py took 0.146 seconds
[2024-09-15T07:06:14.019+0000] {processor.py:186} INFO - Started process (PID=903) to work on /home/airflow/.local/lib/python3.12/site-packages/airflow/example_dags/example_python_decorator.py
[2024-09-15T07:06:14.021+0000] {processor.py:914} INFO - Processing file /home/airflow/.local/lib/python3.12/site-packages/airflow/example_dags/example_python_decorator.py for tasks to queue
[2024-09-15T07:06:14.023+0000] {logging_mixin.py:190} INFO - [2024-09-15T07:06:14.023+0000] {dagbag.py:587} INFO - Filling up the DagBag from /home/airflow/.local/lib/python3.12/site-packages/airflow/example_dags/example_python_decorator.py
[2024-09-15T07:06:14.060+0000] {processor.py:925} INFO - DAG(s) 'example_python_decorator' retrieved from /home/airflow/.local/lib/python3.12/site-packages/airflow/example_dags/example_python_decorator.py
[2024-09-15T07:06:14.120+0000] {logging_mixin.py:190} INFO - [2024-09-15T07:06:14.120+0000] {dag.py:3229} INFO - Sync 1 DAGs
[2024-09-15T07:06:14.151+0000] {logging_mixin.py:190} INFO - [2024-09-15T07:06:14.151+0000] {dag.py:4156} INFO - Setting next_dagrun for example_python_decorator to None, run_after=None
[2024-09-15T07:06:14.198+0000] {processor.py:208} INFO - Processing /home/airflow/.local/lib/python3.12/site-packages/airflow/example_dags/example_python_decorator.py took 0.188 seconds
[2024-09-15T07:06:44.778+0000] {processor.py:186} INFO - Started process (PID=964) to work on /home/airflow/.local/lib/python3.12/site-packages/airflow/example_dags/example_python_decorator.py
[2024-09-15T07:06:44.780+0000] {processor.py:914} INFO - Processing file /home/airflow/.local/lib/python3.12/site-packages/airflow/example_dags/example_python_decorator.py for tasks to queue
[2024-09-15T07:06:44.784+0000] {logging_mixin.py:190} INFO - [2024-09-15T07:06:44.783+0000] {dagbag.py:587} INFO - Filling up the DagBag from /home/airflow/.local/lib/python3.12/site-packages/airflow/example_dags/example_python_decorator.py
[2024-09-15T07:06:44.832+0000] {processor.py:925} INFO - DAG(s) 'example_python_decorator' retrieved from /home/airflow/.local/lib/python3.12/site-packages/airflow/example_dags/example_python_decorator.py
[2024-09-15T07:06:44.905+0000] {logging_mixin.py:190} INFO - [2024-09-15T07:06:44.905+0000] {dag.py:3229} INFO - Sync 1 DAGs
[2024-09-15T07:06:44.946+0000] {logging_mixin.py:190} INFO - [2024-09-15T07:06:44.946+0000] {dag.py:4156} INFO - Setting next_dagrun for example_python_decorator to None, run_after=None
[2024-09-15T07:06:44.996+0000] {processor.py:208} INFO - Processing /home/airflow/.local/lib/python3.12/site-packages/airflow/example_dags/example_python_decorator.py took 0.241 seconds
[2024-09-15T07:07:30.701+0000] {processor.py:186} INFO - Started process (PID=1028) to work on /home/airflow/.local/lib/python3.12/site-packages/airflow/example_dags/example_python_decorator.py
[2024-09-15T07:07:30.703+0000] {processor.py:914} INFO - Processing file /home/airflow/.local/lib/python3.12/site-packages/airflow/example_dags/example_python_decorator.py for tasks to queue
[2024-09-15T07:07:30.706+0000] {logging_mixin.py:190} INFO - [2024-09-15T07:07:30.706+0000] {dagbag.py:587} INFO - Filling up the DagBag from /home/airflow/.local/lib/python3.12/site-packages/airflow/example_dags/example_python_decorator.py
[2024-09-15T07:07:30.740+0000] {processor.py:925} INFO - DAG(s) 'example_python_decorator' retrieved from /home/airflow/.local/lib/python3.12/site-packages/airflow/example_dags/example_python_decorator.py
[2024-09-15T07:07:30.791+0000] {logging_mixin.py:190} INFO - [2024-09-15T07:07:30.791+0000] {dag.py:3229} INFO - Sync 1 DAGs
[2024-09-15T07:07:30.829+0000] {logging_mixin.py:190} INFO - [2024-09-15T07:07:30.828+0000] {dag.py:4156} INFO - Setting next_dagrun for example_python_decorator to None, run_after=None
[2024-09-15T07:07:30.881+0000] {processor.py:208} INFO - Processing /home/airflow/.local/lib/python3.12/site-packages/airflow/example_dags/example_python_decorator.py took 0.197 seconds
[2024-09-15T07:08:02.242+0000] {processor.py:186} INFO - Started process (PID=1090) to work on /home/airflow/.local/lib/python3.12/site-packages/airflow/example_dags/example_python_decorator.py
[2024-09-15T07:08:02.246+0000] {processor.py:914} INFO - Processing file /home/airflow/.local/lib/python3.12/site-packages/airflow/example_dags/example_python_decorator.py for tasks to queue
[2024-09-15T07:08:02.252+0000] {logging_mixin.py:190} INFO - [2024-09-15T07:08:02.250+0000] {dagbag.py:587} INFO - Filling up the DagBag from /home/airflow/.local/lib/python3.12/site-packages/airflow/example_dags/example_python_decorator.py
[2024-09-15T07:08:02.334+0000] {processor.py:925} INFO - DAG(s) 'example_python_decorator' retrieved from /home/airflow/.local/lib/python3.12/site-packages/airflow/example_dags/example_python_decorator.py
[2024-09-15T07:08:02.980+0000] {logging_mixin.py:190} INFO - [2024-09-15T07:08:02.977+0000] {dag.py:3229} INFO - Sync 1 DAGs
[2024-09-15T07:08:03.052+0000] {logging_mixin.py:190} INFO - [2024-09-15T07:08:03.049+0000] {dag.py:4156} INFO - Setting next_dagrun for example_python_decorator to None, run_after=None
[2024-09-15T07:08:03.116+0000] {processor.py:208} INFO - Processing /home/airflow/.local/lib/python3.12/site-packages/airflow/example_dags/example_python_decorator.py took 0.887 seconds
[2024-09-15T07:12:22.347+0000] {processor.py:186} INFO - Started process (PID=1144) to work on /home/airflow/.local/lib/python3.12/site-packages/airflow/example_dags/example_python_decorator.py
[2024-09-15T07:12:22.349+0000] {processor.py:914} INFO - Processing file /home/airflow/.local/lib/python3.12/site-packages/airflow/example_dags/example_python_decorator.py for tasks to queue
[2024-09-15T07:12:22.352+0000] {logging_mixin.py:190} INFO - [2024-09-15T07:12:22.351+0000] {dagbag.py:587} INFO - Filling up the DagBag from /home/airflow/.local/lib/python3.12/site-packages/airflow/example_dags/example_python_decorator.py
[2024-09-15T07:12:22.387+0000] {processor.py:925} INFO - DAG(s) 'example_python_decorator' retrieved from /home/airflow/.local/lib/python3.12/site-packages/airflow/example_dags/example_python_decorator.py
[2024-09-15T07:12:22.429+0000] {logging_mixin.py:190} INFO - [2024-09-15T07:12:22.428+0000] {dag.py:3229} INFO - Sync 1 DAGs
[2024-09-15T07:12:22.455+0000] {logging_mixin.py:190} INFO - [2024-09-15T07:12:22.455+0000] {dag.py:4156} INFO - Setting next_dagrun for example_python_decorator to None, run_after=None
[2024-09-15T07:12:22.489+0000] {processor.py:208} INFO - Processing /home/airflow/.local/lib/python3.12/site-packages/airflow/example_dags/example_python_decorator.py took 0.155 seconds
[2024-09-15T07:12:53.909+0000] {processor.py:186} INFO - Started process (PID=1206) to work on /home/airflow/.local/lib/python3.12/site-packages/airflow/example_dags/example_python_decorator.py
[2024-09-15T07:12:53.912+0000] {processor.py:914} INFO - Processing file /home/airflow/.local/lib/python3.12/site-packages/airflow/example_dags/example_python_decorator.py for tasks to queue
[2024-09-15T07:12:53.917+0000] {logging_mixin.py:190} INFO - [2024-09-15T07:12:53.916+0000] {dagbag.py:587} INFO - Filling up the DagBag from /home/airflow/.local/lib/python3.12/site-packages/airflow/example_dags/example_python_decorator.py
[2024-09-15T07:12:53.957+0000] {processor.py:925} INFO - DAG(s) 'example_python_decorator' retrieved from /home/airflow/.local/lib/python3.12/site-packages/airflow/example_dags/example_python_decorator.py
[2024-09-15T07:12:54.027+0000] {logging_mixin.py:190} INFO - [2024-09-15T07:12:54.027+0000] {dag.py:3229} INFO - Sync 1 DAGs
[2024-09-15T07:12:54.068+0000] {logging_mixin.py:190} INFO - [2024-09-15T07:12:54.068+0000] {dag.py:4156} INFO - Setting next_dagrun for example_python_decorator to None, run_after=None
[2024-09-15T07:12:54.121+0000] {processor.py:208} INFO - Processing /home/airflow/.local/lib/python3.12/site-packages/airflow/example_dags/example_python_decorator.py took 0.226 seconds
[2024-09-15T07:13:24.907+0000] {processor.py:186} INFO - Started process (PID=1268) to work on /home/airflow/.local/lib/python3.12/site-packages/airflow/example_dags/example_python_decorator.py
[2024-09-15T07:13:24.909+0000] {processor.py:914} INFO - Processing file /home/airflow/.local/lib/python3.12/site-packages/airflow/example_dags/example_python_decorator.py for tasks to queue
[2024-09-15T07:13:24.912+0000] {logging_mixin.py:190} INFO - [2024-09-15T07:13:24.911+0000] {dagbag.py:587} INFO - Filling up the DagBag from /home/airflow/.local/lib/python3.12/site-packages/airflow/example_dags/example_python_decorator.py
[2024-09-15T07:13:24.943+0000] {processor.py:925} INFO - DAG(s) 'example_python_decorator' retrieved from /home/airflow/.local/lib/python3.12/site-packages/airflow/example_dags/example_python_decorator.py
[2024-09-15T07:13:24.992+0000] {logging_mixin.py:190} INFO - [2024-09-15T07:13:24.991+0000] {dag.py:3229} INFO - Sync 1 DAGs
[2024-09-15T07:13:25.021+0000] {logging_mixin.py:190} INFO - [2024-09-15T07:13:25.021+0000] {dag.py:4156} INFO - Setting next_dagrun for example_python_decorator to None, run_after=None
[2024-09-15T07:13:25.057+0000] {processor.py:208} INFO - Processing /home/airflow/.local/lib/python3.12/site-packages/airflow/example_dags/example_python_decorator.py took 0.164 seconds
[2024-09-15T07:13:55.907+0000] {processor.py:186} INFO - Started process (PID=1331) to work on /home/airflow/.local/lib/python3.12/site-packages/airflow/example_dags/example_python_decorator.py
[2024-09-15T07:13:55.909+0000] {processor.py:914} INFO - Processing file /home/airflow/.local/lib/python3.12/site-packages/airflow/example_dags/example_python_decorator.py for tasks to queue
[2024-09-15T07:13:55.912+0000] {logging_mixin.py:190} INFO - [2024-09-15T07:13:55.911+0000] {dagbag.py:587} INFO - Filling up the DagBag from /home/airflow/.local/lib/python3.12/site-packages/airflow/example_dags/example_python_decorator.py
[2024-09-15T07:13:55.941+0000] {processor.py:925} INFO - DAG(s) 'example_python_decorator' retrieved from /home/airflow/.local/lib/python3.12/site-packages/airflow/example_dags/example_python_decorator.py
[2024-09-15T07:13:55.989+0000] {logging_mixin.py:190} INFO - [2024-09-15T07:13:55.989+0000] {dag.py:3229} INFO - Sync 1 DAGs
[2024-09-15T07:13:56.020+0000] {logging_mixin.py:190} INFO - [2024-09-15T07:13:56.019+0000] {dag.py:4156} INFO - Setting next_dagrun for example_python_decorator to None, run_after=None
[2024-09-15T07:13:56.058+0000] {processor.py:208} INFO - Processing /home/airflow/.local/lib/python3.12/site-packages/airflow/example_dags/example_python_decorator.py took 0.160 seconds
[2024-09-15T07:14:26.814+0000] {processor.py:186} INFO - Started process (PID=1394) to work on /home/airflow/.local/lib/python3.12/site-packages/airflow/example_dags/example_python_decorator.py
[2024-09-15T07:14:26.816+0000] {processor.py:914} INFO - Processing file /home/airflow/.local/lib/python3.12/site-packages/airflow/example_dags/example_python_decorator.py for tasks to queue
[2024-09-15T07:14:26.819+0000] {logging_mixin.py:190} INFO - [2024-09-15T07:14:26.818+0000] {dagbag.py:587} INFO - Filling up the DagBag from /home/airflow/.local/lib/python3.12/site-packages/airflow/example_dags/example_python_decorator.py
[2024-09-15T07:14:26.854+0000] {processor.py:925} INFO - DAG(s) 'example_python_decorator' retrieved from /home/airflow/.local/lib/python3.12/site-packages/airflow/example_dags/example_python_decorator.py
[2024-09-15T07:14:26.898+0000] {logging_mixin.py:190} INFO - [2024-09-15T07:14:26.898+0000] {dag.py:3229} INFO - Sync 1 DAGs
[2024-09-15T07:14:26.946+0000] {logging_mixin.py:190} INFO - [2024-09-15T07:14:26.946+0000] {dag.py:4156} INFO - Setting next_dagrun for example_python_decorator to None, run_after=None
[2024-09-15T07:14:26.984+0000] {processor.py:208} INFO - Processing /home/airflow/.local/lib/python3.12/site-packages/airflow/example_dags/example_python_decorator.py took 0.182 seconds
[2024-09-15T07:14:57.798+0000] {processor.py:186} INFO - Started process (PID=1456) to work on /home/airflow/.local/lib/python3.12/site-packages/airflow/example_dags/example_python_decorator.py
[2024-09-15T07:14:57.800+0000] {processor.py:914} INFO - Processing file /home/airflow/.local/lib/python3.12/site-packages/airflow/example_dags/example_python_decorator.py for tasks to queue
[2024-09-15T07:14:57.803+0000] {logging_mixin.py:190} INFO - [2024-09-15T07:14:57.803+0000] {dagbag.py:587} INFO - Filling up the DagBag from /home/airflow/.local/lib/python3.12/site-packages/airflow/example_dags/example_python_decorator.py
[2024-09-15T07:14:57.832+0000] {processor.py:925} INFO - DAG(s) 'example_python_decorator' retrieved from /home/airflow/.local/lib/python3.12/site-packages/airflow/example_dags/example_python_decorator.py
[2024-09-15T07:14:57.889+0000] {logging_mixin.py:190} INFO - [2024-09-15T07:14:57.888+0000] {dag.py:3229} INFO - Sync 1 DAGs
[2024-09-15T07:14:57.924+0000] {logging_mixin.py:190} INFO - [2024-09-15T07:14:57.923+0000] {dag.py:4156} INFO - Setting next_dagrun for example_python_decorator to None, run_after=None
[2024-09-15T07:14:57.967+0000] {processor.py:208} INFO - Processing /home/airflow/.local/lib/python3.12/site-packages/airflow/example_dags/example_python_decorator.py took 0.182 seconds
[2024-09-15T07:15:43.564+0000] {processor.py:186} INFO - Started process (PID=1517) to work on /home/airflow/.local/lib/python3.12/site-packages/airflow/example_dags/example_python_decorator.py
[2024-09-15T07:15:43.567+0000] {processor.py:914} INFO - Processing file /home/airflow/.local/lib/python3.12/site-packages/airflow/example_dags/example_python_decorator.py for tasks to queue
[2024-09-15T07:15:43.574+0000] {logging_mixin.py:190} INFO - [2024-09-15T07:15:43.573+0000] {dagbag.py:587} INFO - Filling up the DagBag from /home/airflow/.local/lib/python3.12/site-packages/airflow/example_dags/example_python_decorator.py
[2024-09-15T07:15:43.613+0000] {processor.py:925} INFO - DAG(s) 'example_python_decorator' retrieved from /home/airflow/.local/lib/python3.12/site-packages/airflow/example_dags/example_python_decorator.py
[2024-09-15T07:15:43.659+0000] {logging_mixin.py:190} INFO - [2024-09-15T07:15:43.659+0000] {dag.py:3229} INFO - Sync 1 DAGs
[2024-09-15T07:15:43.697+0000] {logging_mixin.py:190} INFO - [2024-09-15T07:15:43.696+0000] {dag.py:4156} INFO - Setting next_dagrun for example_python_decorator to None, run_after=None
[2024-09-15T07:15:43.747+0000] {processor.py:208} INFO - Processing /home/airflow/.local/lib/python3.12/site-packages/airflow/example_dags/example_python_decorator.py took 0.208 seconds
[2024-09-15T07:16:14.851+0000] {processor.py:186} INFO - Started process (PID=1578) to work on /home/airflow/.local/lib/python3.12/site-packages/airflow/example_dags/example_python_decorator.py
[2024-09-15T07:16:14.853+0000] {processor.py:914} INFO - Processing file /home/airflow/.local/lib/python3.12/site-packages/airflow/example_dags/example_python_decorator.py for tasks to queue
[2024-09-15T07:16:14.857+0000] {logging_mixin.py:190} INFO - [2024-09-15T07:16:14.856+0000] {dagbag.py:587} INFO - Filling up the DagBag from /home/airflow/.local/lib/python3.12/site-packages/airflow/example_dags/example_python_decorator.py
[2024-09-15T07:16:14.894+0000] {processor.py:925} INFO - DAG(s) 'example_python_decorator' retrieved from /home/airflow/.local/lib/python3.12/site-packages/airflow/example_dags/example_python_decorator.py
[2024-09-15T07:16:14.956+0000] {logging_mixin.py:190} INFO - [2024-09-15T07:16:14.955+0000] {dag.py:3229} INFO - Sync 1 DAGs
[2024-09-15T07:16:15.011+0000] {logging_mixin.py:190} INFO - [2024-09-15T07:16:15.011+0000] {dag.py:4156} INFO - Setting next_dagrun for example_python_decorator to None, run_after=None
[2024-09-15T07:16:15.071+0000] {processor.py:208} INFO - Processing /home/airflow/.local/lib/python3.12/site-packages/airflow/example_dags/example_python_decorator.py took 0.235 seconds
[2024-09-15T07:18:25.934+0000] {processor.py:186} INFO - Started process (PID=1634) to work on /home/airflow/.local/lib/python3.12/site-packages/airflow/example_dags/example_python_decorator.py
[2024-09-15T07:18:25.936+0000] {processor.py:914} INFO - Processing file /home/airflow/.local/lib/python3.12/site-packages/airflow/example_dags/example_python_decorator.py for tasks to queue
[2024-09-15T07:18:25.939+0000] {logging_mixin.py:190} INFO - [2024-09-15T07:18:25.938+0000] {dagbag.py:587} INFO - Filling up the DagBag from /home/airflow/.local/lib/python3.12/site-packages/airflow/example_dags/example_python_decorator.py
[2024-09-15T07:18:25.969+0000] {processor.py:925} INFO - DAG(s) 'example_python_decorator' retrieved from /home/airflow/.local/lib/python3.12/site-packages/airflow/example_dags/example_python_decorator.py
[2024-09-15T07:18:26.015+0000] {logging_mixin.py:190} INFO - [2024-09-15T07:18:26.015+0000] {dag.py:3229} INFO - Sync 1 DAGs
[2024-09-15T07:18:26.046+0000] {logging_mixin.py:190} INFO - [2024-09-15T07:18:26.046+0000] {dag.py:4156} INFO - Setting next_dagrun for example_python_decorator to None, run_after=None
[2024-09-15T07:18:26.079+0000] {processor.py:208} INFO - Processing /home/airflow/.local/lib/python3.12/site-packages/airflow/example_dags/example_python_decorator.py took 0.155 seconds
[2024-09-15T07:18:57.197+0000] {processor.py:186} INFO - Started process (PID=1696) to work on /home/airflow/.local/lib/python3.12/site-packages/airflow/example_dags/example_python_decorator.py
[2024-09-15T07:18:57.199+0000] {processor.py:914} INFO - Processing file /home/airflow/.local/lib/python3.12/site-packages/airflow/example_dags/example_python_decorator.py for tasks to queue
[2024-09-15T07:18:57.202+0000] {logging_mixin.py:190} INFO - [2024-09-15T07:18:57.201+0000] {dagbag.py:587} INFO - Filling up the DagBag from /home/airflow/.local/lib/python3.12/site-packages/airflow/example_dags/example_python_decorator.py
[2024-09-15T07:18:57.239+0000] {processor.py:925} INFO - DAG(s) 'example_python_decorator' retrieved from /home/airflow/.local/lib/python3.12/site-packages/airflow/example_dags/example_python_decorator.py
[2024-09-15T07:18:57.298+0000] {logging_mixin.py:190} INFO - [2024-09-15T07:18:57.298+0000] {dag.py:3229} INFO - Sync 1 DAGs
[2024-09-15T07:18:57.346+0000] {logging_mixin.py:190} INFO - [2024-09-15T07:18:57.345+0000] {dag.py:4156} INFO - Setting next_dagrun for example_python_decorator to None, run_after=None
[2024-09-15T07:18:57.399+0000] {processor.py:208} INFO - Processing /home/airflow/.local/lib/python3.12/site-packages/airflow/example_dags/example_python_decorator.py took 0.214 seconds
[2024-09-15T07:19:28.195+0000] {processor.py:186} INFO - Started process (PID=1758) to work on /home/airflow/.local/lib/python3.12/site-packages/airflow/example_dags/example_python_decorator.py
[2024-09-15T07:19:28.197+0000] {processor.py:914} INFO - Processing file /home/airflow/.local/lib/python3.12/site-packages/airflow/example_dags/example_python_decorator.py for tasks to queue
[2024-09-15T07:19:28.200+0000] {logging_mixin.py:190} INFO - [2024-09-15T07:19:28.199+0000] {dagbag.py:587} INFO - Filling up the DagBag from /home/airflow/.local/lib/python3.12/site-packages/airflow/example_dags/example_python_decorator.py
[2024-09-15T07:19:28.225+0000] {processor.py:925} INFO - DAG(s) 'example_python_decorator' retrieved from /home/airflow/.local/lib/python3.12/site-packages/airflow/example_dags/example_python_decorator.py
[2024-09-15T07:19:28.276+0000] {logging_mixin.py:190} INFO - [2024-09-15T07:19:28.276+0000] {dag.py:3229} INFO - Sync 1 DAGs
[2024-09-15T07:19:28.307+0000] {logging_mixin.py:190} INFO - [2024-09-15T07:19:28.307+0000] {dag.py:4156} INFO - Setting next_dagrun for example_python_decorator to None, run_after=None
[2024-09-15T07:19:28.341+0000] {processor.py:208} INFO - Processing /home/airflow/.local/lib/python3.12/site-packages/airflow/example_dags/example_python_decorator.py took 0.158 seconds
[2024-09-15T07:19:58.457+0000] {processor.py:186} INFO - Started process (PID=1819) to work on /home/airflow/.local/lib/python3.12/site-packages/airflow/example_dags/example_python_decorator.py
[2024-09-15T07:19:58.459+0000] {processor.py:914} INFO - Processing file /home/airflow/.local/lib/python3.12/site-packages/airflow/example_dags/example_python_decorator.py for tasks to queue
[2024-09-15T07:19:58.461+0000] {logging_mixin.py:190} INFO - [2024-09-15T07:19:58.461+0000] {dagbag.py:587} INFO - Filling up the DagBag from /home/airflow/.local/lib/python3.12/site-packages/airflow/example_dags/example_python_decorator.py
[2024-09-15T07:19:58.484+0000] {processor.py:925} INFO - DAG(s) 'example_python_decorator' retrieved from /home/airflow/.local/lib/python3.12/site-packages/airflow/example_dags/example_python_decorator.py
[2024-09-15T07:19:58.520+0000] {logging_mixin.py:190} INFO - [2024-09-15T07:19:58.520+0000] {dag.py:3229} INFO - Sync 1 DAGs
[2024-09-15T07:19:58.547+0000] {logging_mixin.py:190} INFO - [2024-09-15T07:19:58.547+0000] {dag.py:4156} INFO - Setting next_dagrun for example_python_decorator to None, run_after=None
[2024-09-15T07:19:58.580+0000] {processor.py:208} INFO - Processing /home/airflow/.local/lib/python3.12/site-packages/airflow/example_dags/example_python_decorator.py took 0.133 seconds
[2024-09-15T07:20:35.666+0000] {processor.py:186} INFO - Started process (PID=1882) to work on /home/airflow/.local/lib/python3.12/site-packages/airflow/example_dags/example_python_decorator.py
[2024-09-15T07:20:35.668+0000] {processor.py:914} INFO - Processing file /home/airflow/.local/lib/python3.12/site-packages/airflow/example_dags/example_python_decorator.py for tasks to queue
[2024-09-15T07:20:35.670+0000] {logging_mixin.py:190} INFO - [2024-09-15T07:20:35.669+0000] {dagbag.py:587} INFO - Filling up the DagBag from /home/airflow/.local/lib/python3.12/site-packages/airflow/example_dags/example_python_decorator.py
[2024-09-15T07:20:35.700+0000] {processor.py:925} INFO - DAG(s) 'example_python_decorator' retrieved from /home/airflow/.local/lib/python3.12/site-packages/airflow/example_dags/example_python_decorator.py
[2024-09-15T07:20:35.760+0000] {logging_mixin.py:190} INFO - [2024-09-15T07:20:35.759+0000] {dag.py:3229} INFO - Sync 1 DAGs
[2024-09-15T07:20:35.791+0000] {logging_mixin.py:190} INFO - [2024-09-15T07:20:35.791+0000] {dag.py:4156} INFO - Setting next_dagrun for example_python_decorator to None, run_after=None
[2024-09-15T07:20:35.831+0000] {processor.py:208} INFO - Processing /home/airflow/.local/lib/python3.12/site-packages/airflow/example_dags/example_python_decorator.py took 0.174 seconds
[2024-09-15T07:23:06.807+0000] {processor.py:186} INFO - Started process (PID=1944) to work on /home/airflow/.local/lib/python3.12/site-packages/airflow/example_dags/example_python_decorator.py
[2024-09-15T07:23:06.809+0000] {processor.py:914} INFO - Processing file /home/airflow/.local/lib/python3.12/site-packages/airflow/example_dags/example_python_decorator.py for tasks to queue
[2024-09-15T07:23:06.812+0000] {logging_mixin.py:190} INFO - [2024-09-15T07:23:06.811+0000] {dagbag.py:587} INFO - Filling up the DagBag from /home/airflow/.local/lib/python3.12/site-packages/airflow/example_dags/example_python_decorator.py
[2024-09-15T07:23:06.838+0000] {processor.py:925} INFO - DAG(s) 'example_python_decorator' retrieved from /home/airflow/.local/lib/python3.12/site-packages/airflow/example_dags/example_python_decorator.py
[2024-09-15T07:23:06.879+0000] {logging_mixin.py:190} INFO - [2024-09-15T07:23:06.878+0000] {dag.py:3229} INFO - Sync 1 DAGs
[2024-09-15T07:23:06.919+0000] {logging_mixin.py:190} INFO - [2024-09-15T07:23:06.919+0000] {dag.py:4156} INFO - Setting next_dagrun for example_python_decorator to None, run_after=None
[2024-09-15T07:23:06.957+0000] {processor.py:208} INFO - Processing /home/airflow/.local/lib/python3.12/site-packages/airflow/example_dags/example_python_decorator.py took 0.159 seconds
[2024-09-15T07:23:38.269+0000] {processor.py:186} INFO - Started process (PID=2006) to work on /home/airflow/.local/lib/python3.12/site-packages/airflow/example_dags/example_python_decorator.py
[2024-09-15T07:23:38.270+0000] {processor.py:914} INFO - Processing file /home/airflow/.local/lib/python3.12/site-packages/airflow/example_dags/example_python_decorator.py for tasks to queue
[2024-09-15T07:23:38.273+0000] {logging_mixin.py:190} INFO - [2024-09-15T07:23:38.273+0000] {dagbag.py:587} INFO - Filling up the DagBag from /home/airflow/.local/lib/python3.12/site-packages/airflow/example_dags/example_python_decorator.py
[2024-09-15T07:23:38.310+0000] {processor.py:925} INFO - DAG(s) 'example_python_decorator' retrieved from /home/airflow/.local/lib/python3.12/site-packages/airflow/example_dags/example_python_decorator.py
[2024-09-15T07:23:38.379+0000] {logging_mixin.py:190} INFO - [2024-09-15T07:23:38.378+0000] {dag.py:3229} INFO - Sync 1 DAGs
[2024-09-15T07:23:38.429+0000] {logging_mixin.py:190} INFO - [2024-09-15T07:23:38.428+0000] {dag.py:4156} INFO - Setting next_dagrun for example_python_decorator to None, run_after=None
[2024-09-15T07:23:38.481+0000] {processor.py:208} INFO - Processing /home/airflow/.local/lib/python3.12/site-packages/airflow/example_dags/example_python_decorator.py took 0.224 seconds
[2024-09-15T07:24:09.255+0000] {processor.py:186} INFO - Started process (PID=2068) to work on /home/airflow/.local/lib/python3.12/site-packages/airflow/example_dags/example_python_decorator.py
[2024-09-15T07:24:09.257+0000] {processor.py:914} INFO - Processing file /home/airflow/.local/lib/python3.12/site-packages/airflow/example_dags/example_python_decorator.py for tasks to queue
[2024-09-15T07:24:09.259+0000] {logging_mixin.py:190} INFO - [2024-09-15T07:24:09.259+0000] {dagbag.py:587} INFO - Filling up the DagBag from /home/airflow/.local/lib/python3.12/site-packages/airflow/example_dags/example_python_decorator.py
[2024-09-15T07:24:09.283+0000] {processor.py:925} INFO - DAG(s) 'example_python_decorator' retrieved from /home/airflow/.local/lib/python3.12/site-packages/airflow/example_dags/example_python_decorator.py
[2024-09-15T07:24:09.328+0000] {logging_mixin.py:190} INFO - [2024-09-15T07:24:09.328+0000] {dag.py:3229} INFO - Sync 1 DAGs
[2024-09-15T07:24:09.358+0000] {logging_mixin.py:190} INFO - [2024-09-15T07:24:09.358+0000] {dag.py:4156} INFO - Setting next_dagrun for example_python_decorator to None, run_after=None
[2024-09-15T07:24:09.409+0000] {processor.py:208} INFO - Processing /home/airflow/.local/lib/python3.12/site-packages/airflow/example_dags/example_python_decorator.py took 0.163 seconds
[2024-09-15T07:24:40.909+0000] {processor.py:186} INFO - Started process (PID=2130) to work on /home/airflow/.local/lib/python3.12/site-packages/airflow/example_dags/example_python_decorator.py
[2024-09-15T07:24:40.911+0000] {processor.py:914} INFO - Processing file /home/airflow/.local/lib/python3.12/site-packages/airflow/example_dags/example_python_decorator.py for tasks to queue
[2024-09-15T07:24:40.914+0000] {logging_mixin.py:190} INFO - [2024-09-15T07:24:40.913+0000] {dagbag.py:587} INFO - Filling up the DagBag from /home/airflow/.local/lib/python3.12/site-packages/airflow/example_dags/example_python_decorator.py
[2024-09-15T07:24:40.947+0000] {processor.py:925} INFO - DAG(s) 'example_python_decorator' retrieved from /home/airflow/.local/lib/python3.12/site-packages/airflow/example_dags/example_python_decorator.py
[2024-09-15T07:24:40.995+0000] {logging_mixin.py:190} INFO - [2024-09-15T07:24:40.994+0000] {dag.py:3229} INFO - Sync 1 DAGs
[2024-09-15T07:24:41.030+0000] {logging_mixin.py:190} INFO - [2024-09-15T07:24:41.029+0000] {dag.py:4156} INFO - Setting next_dagrun for example_python_decorator to None, run_after=None
[2024-09-15T07:24:41.075+0000] {processor.py:208} INFO - Processing /home/airflow/.local/lib/python3.12/site-packages/airflow/example_dags/example_python_decorator.py took 0.175 seconds
[2024-09-15T07:25:11.255+0000] {processor.py:186} INFO - Started process (PID=2192) to work on /home/airflow/.local/lib/python3.12/site-packages/airflow/example_dags/example_python_decorator.py
[2024-09-15T07:25:11.257+0000] {processor.py:914} INFO - Processing file /home/airflow/.local/lib/python3.12/site-packages/airflow/example_dags/example_python_decorator.py for tasks to queue
[2024-09-15T07:25:11.259+0000] {logging_mixin.py:190} INFO - [2024-09-15T07:25:11.259+0000] {dagbag.py:587} INFO - Filling up the DagBag from /home/airflow/.local/lib/python3.12/site-packages/airflow/example_dags/example_python_decorator.py
[2024-09-15T07:25:11.301+0000] {processor.py:925} INFO - DAG(s) 'example_python_decorator' retrieved from /home/airflow/.local/lib/python3.12/site-packages/airflow/example_dags/example_python_decorator.py
[2024-09-15T07:25:11.367+0000] {logging_mixin.py:190} INFO - [2024-09-15T07:25:11.366+0000] {dag.py:3229} INFO - Sync 1 DAGs
[2024-09-15T07:25:11.408+0000] {logging_mixin.py:190} INFO - [2024-09-15T07:25:11.407+0000] {dag.py:4156} INFO - Setting next_dagrun for example_python_decorator to None, run_after=None
[2024-09-15T07:25:11.454+0000] {processor.py:208} INFO - Processing /home/airflow/.local/lib/python3.12/site-packages/airflow/example_dags/example_python_decorator.py took 0.212 seconds
[2024-09-15T08:02:20.566+0000] {processor.py:186} INFO - Started process (PID=2249) to work on /home/airflow/.local/lib/python3.12/site-packages/airflow/example_dags/example_python_decorator.py
[2024-09-15T08:02:20.569+0000] {processor.py:914} INFO - Processing file /home/airflow/.local/lib/python3.12/site-packages/airflow/example_dags/example_python_decorator.py for tasks to queue
[2024-09-15T08:02:20.573+0000] {logging_mixin.py:190} INFO - [2024-09-15T08:02:20.572+0000] {dagbag.py:587} INFO - Filling up the DagBag from /home/airflow/.local/lib/python3.12/site-packages/airflow/example_dags/example_python_decorator.py
[2024-09-15T08:02:20.636+0000] {processor.py:925} INFO - DAG(s) 'example_python_decorator' retrieved from /home/airflow/.local/lib/python3.12/site-packages/airflow/example_dags/example_python_decorator.py
[2024-09-15T08:02:20.744+0000] {logging_mixin.py:190} INFO - [2024-09-15T08:02:20.744+0000] {dag.py:3229} INFO - Sync 1 DAGs
[2024-09-15T08:02:20.830+0000] {logging_mixin.py:190} INFO - [2024-09-15T08:02:20.829+0000] {dag.py:4156} INFO - Setting next_dagrun for example_python_decorator to None, run_after=None
[2024-09-15T08:02:20.896+0000] {processor.py:208} INFO - Processing /home/airflow/.local/lib/python3.12/site-packages/airflow/example_dags/example_python_decorator.py took 0.351 seconds
[2024-09-15T08:04:57.038+0000] {processor.py:186} INFO - Started process (PID=2338) to work on /home/airflow/.local/lib/python3.12/site-packages/airflow/example_dags/example_python_decorator.py
[2024-09-15T08:04:57.041+0000] {processor.py:914} INFO - Processing file /home/airflow/.local/lib/python3.12/site-packages/airflow/example_dags/example_python_decorator.py for tasks to queue
[2024-09-15T08:04:57.044+0000] {logging_mixin.py:190} INFO - [2024-09-15T08:04:57.043+0000] {dagbag.py:587} INFO - Filling up the DagBag from /home/airflow/.local/lib/python3.12/site-packages/airflow/example_dags/example_python_decorator.py
[2024-09-15T08:04:57.075+0000] {processor.py:925} INFO - DAG(s) 'example_python_decorator' retrieved from /home/airflow/.local/lib/python3.12/site-packages/airflow/example_dags/example_python_decorator.py
[2024-09-15T08:04:57.120+0000] {logging_mixin.py:190} INFO - [2024-09-15T08:04:57.118+0000] {dag.py:3229} INFO - Sync 1 DAGs
[2024-09-15T08:04:57.156+0000] {logging_mixin.py:190} INFO - [2024-09-15T08:04:57.155+0000] {dag.py:4156} INFO - Setting next_dagrun for example_python_decorator to None, run_after=None
[2024-09-15T08:04:57.212+0000] {processor.py:208} INFO - Processing /home/airflow/.local/lib/python3.12/site-packages/airflow/example_dags/example_python_decorator.py took 0.184 seconds
[2024-09-15T08:05:28.810+0000] {processor.py:186} INFO - Started process (PID=2400) to work on /home/airflow/.local/lib/python3.12/site-packages/airflow/example_dags/example_python_decorator.py
[2024-09-15T08:05:28.813+0000] {processor.py:914} INFO - Processing file /home/airflow/.local/lib/python3.12/site-packages/airflow/example_dags/example_python_decorator.py for tasks to queue
[2024-09-15T08:05:28.817+0000] {logging_mixin.py:190} INFO - [2024-09-15T08:05:28.816+0000] {dagbag.py:587} INFO - Filling up the DagBag from /home/airflow/.local/lib/python3.12/site-packages/airflow/example_dags/example_python_decorator.py
[2024-09-15T08:05:28.868+0000] {processor.py:925} INFO - DAG(s) 'example_python_decorator' retrieved from /home/airflow/.local/lib/python3.12/site-packages/airflow/example_dags/example_python_decorator.py
[2024-09-15T08:05:28.952+0000] {logging_mixin.py:190} INFO - [2024-09-15T08:05:28.952+0000] {dag.py:3229} INFO - Sync 1 DAGs
[2024-09-15T08:05:29.001+0000] {logging_mixin.py:190} INFO - [2024-09-15T08:05:29.000+0000] {dag.py:4156} INFO - Setting next_dagrun for example_python_decorator to None, run_after=None
[2024-09-15T08:05:29.047+0000] {processor.py:208} INFO - Processing /home/airflow/.local/lib/python3.12/site-packages/airflow/example_dags/example_python_decorator.py took 0.256 seconds
[2024-09-15T08:05:59.873+0000] {processor.py:186} INFO - Started process (PID=2462) to work on /home/airflow/.local/lib/python3.12/site-packages/airflow/example_dags/example_python_decorator.py
[2024-09-15T08:05:59.875+0000] {processor.py:914} INFO - Processing file /home/airflow/.local/lib/python3.12/site-packages/airflow/example_dags/example_python_decorator.py for tasks to queue
[2024-09-15T08:05:59.877+0000] {logging_mixin.py:190} INFO - [2024-09-15T08:05:59.876+0000] {dagbag.py:587} INFO - Filling up the DagBag from /home/airflow/.local/lib/python3.12/site-packages/airflow/example_dags/example_python_decorator.py
[2024-09-15T08:05:59.916+0000] {processor.py:925} INFO - DAG(s) 'example_python_decorator' retrieved from /home/airflow/.local/lib/python3.12/site-packages/airflow/example_dags/example_python_decorator.py
[2024-09-15T08:05:59.981+0000] {logging_mixin.py:190} INFO - [2024-09-15T08:05:59.981+0000] {dag.py:3229} INFO - Sync 1 DAGs
[2024-09-15T08:06:00.042+0000] {logging_mixin.py:190} INFO - [2024-09-15T08:06:00.042+0000] {dag.py:4156} INFO - Setting next_dagrun for example_python_decorator to None, run_after=None
[2024-09-15T08:06:00.098+0000] {processor.py:208} INFO - Processing /home/airflow/.local/lib/python3.12/site-packages/airflow/example_dags/example_python_decorator.py took 0.239 seconds
[2024-09-15T08:06:30.512+0000] {processor.py:186} INFO - Started process (PID=2524) to work on /home/airflow/.local/lib/python3.12/site-packages/airflow/example_dags/example_python_decorator.py
[2024-09-15T08:06:30.515+0000] {processor.py:914} INFO - Processing file /home/airflow/.local/lib/python3.12/site-packages/airflow/example_dags/example_python_decorator.py for tasks to queue
[2024-09-15T08:06:30.521+0000] {logging_mixin.py:190} INFO - [2024-09-15T08:06:30.518+0000] {dagbag.py:587} INFO - Filling up the DagBag from /home/airflow/.local/lib/python3.12/site-packages/airflow/example_dags/example_python_decorator.py
[2024-09-15T08:06:30.602+0000] {processor.py:925} INFO - DAG(s) 'example_python_decorator' retrieved from /home/airflow/.local/lib/python3.12/site-packages/airflow/example_dags/example_python_decorator.py
[2024-09-15T08:06:30.709+0000] {logging_mixin.py:190} INFO - [2024-09-15T08:06:30.708+0000] {dag.py:3229} INFO - Sync 1 DAGs
[2024-09-15T08:06:30.774+0000] {logging_mixin.py:190} INFO - [2024-09-15T08:06:30.773+0000] {dag.py:4156} INFO - Setting next_dagrun for example_python_decorator to None, run_after=None
[2024-09-15T08:06:30.848+0000] {processor.py:208} INFO - Processing /home/airflow/.local/lib/python3.12/site-packages/airflow/example_dags/example_python_decorator.py took 0.361 seconds
[2024-09-15T08:07:02.281+0000] {processor.py:186} INFO - Started process (PID=2586) to work on /home/airflow/.local/lib/python3.12/site-packages/airflow/example_dags/example_python_decorator.py
[2024-09-15T08:07:02.285+0000] {processor.py:914} INFO - Processing file /home/airflow/.local/lib/python3.12/site-packages/airflow/example_dags/example_python_decorator.py for tasks to queue
[2024-09-15T08:07:02.290+0000] {logging_mixin.py:190} INFO - [2024-09-15T08:07:02.289+0000] {dagbag.py:587} INFO - Filling up the DagBag from /home/airflow/.local/lib/python3.12/site-packages/airflow/example_dags/example_python_decorator.py
[2024-09-15T08:07:02.335+0000] {processor.py:925} INFO - DAG(s) 'example_python_decorator' retrieved from /home/airflow/.local/lib/python3.12/site-packages/airflow/example_dags/example_python_decorator.py
[2024-09-15T08:07:02.415+0000] {logging_mixin.py:190} INFO - [2024-09-15T08:07:02.415+0000] {dag.py:3229} INFO - Sync 1 DAGs
[2024-09-15T08:07:02.464+0000] {logging_mixin.py:190} INFO - [2024-09-15T08:07:02.464+0000] {dag.py:4156} INFO - Setting next_dagrun for example_python_decorator to None, run_after=None
[2024-09-15T08:07:02.506+0000] {processor.py:208} INFO - Processing /home/airflow/.local/lib/python3.12/site-packages/airflow/example_dags/example_python_decorator.py took 0.245 seconds
[2024-09-15T08:07:35.111+0000] {processor.py:186} INFO - Started process (PID=2649) to work on /home/airflow/.local/lib/python3.12/site-packages/airflow/example_dags/example_python_decorator.py
[2024-09-15T08:07:35.120+0000] {processor.py:914} INFO - Processing file /home/airflow/.local/lib/python3.12/site-packages/airflow/example_dags/example_python_decorator.py for tasks to queue
[2024-09-15T08:07:35.124+0000] {logging_mixin.py:190} INFO - [2024-09-15T08:07:35.124+0000] {dagbag.py:587} INFO - Filling up the DagBag from /home/airflow/.local/lib/python3.12/site-packages/airflow/example_dags/example_python_decorator.py
[2024-09-15T08:07:35.171+0000] {processor.py:925} INFO - DAG(s) 'example_python_decorator' retrieved from /home/airflow/.local/lib/python3.12/site-packages/airflow/example_dags/example_python_decorator.py
[2024-09-15T08:07:35.235+0000] {logging_mixin.py:190} INFO - [2024-09-15T08:07:35.235+0000] {dag.py:3229} INFO - Sync 1 DAGs
[2024-09-15T08:07:35.281+0000] {logging_mixin.py:190} INFO - [2024-09-15T08:07:35.281+0000] {dag.py:4156} INFO - Setting next_dagrun for example_python_decorator to None, run_after=None
[2024-09-15T08:07:35.333+0000] {processor.py:208} INFO - Processing /home/airflow/.local/lib/python3.12/site-packages/airflow/example_dags/example_python_decorator.py took 0.242 seconds
[2024-09-15T08:18:43.439+0000] {processor.py:186} INFO - Started process (PID=3159) to work on /home/airflow/.local/lib/python3.12/site-packages/airflow/example_dags/example_python_decorator.py
[2024-09-15T08:18:43.440+0000] {processor.py:914} INFO - Processing file /home/airflow/.local/lib/python3.12/site-packages/airflow/example_dags/example_python_decorator.py for tasks to queue
[2024-09-15T08:18:43.443+0000] {logging_mixin.py:190} INFO - [2024-09-15T08:18:43.443+0000] {dagbag.py:587} INFO - Filling up the DagBag from /home/airflow/.local/lib/python3.12/site-packages/airflow/example_dags/example_python_decorator.py
[2024-09-15T08:18:43.476+0000] {processor.py:925} INFO - DAG(s) 'example_python_decorator' retrieved from /home/airflow/.local/lib/python3.12/site-packages/airflow/example_dags/example_python_decorator.py
[2024-09-15T08:18:43.534+0000] {logging_mixin.py:190} INFO - [2024-09-15T08:18:43.533+0000] {dag.py:3229} INFO - Sync 1 DAGs
[2024-09-15T08:18:43.561+0000] {logging_mixin.py:190} INFO - [2024-09-15T08:18:43.560+0000] {dag.py:4156} INFO - Setting next_dagrun for example_python_decorator to None, run_after=None
[2024-09-15T08:18:43.594+0000] {processor.py:208} INFO - Processing /home/airflow/.local/lib/python3.12/site-packages/airflow/example_dags/example_python_decorator.py took 0.166 seconds
[2024-09-15T08:19:16.113+0000] {processor.py:186} INFO - Started process (PID=3222) to work on /home/airflow/.local/lib/python3.12/site-packages/airflow/example_dags/example_python_decorator.py
[2024-09-15T08:19:16.115+0000] {processor.py:914} INFO - Processing file /home/airflow/.local/lib/python3.12/site-packages/airflow/example_dags/example_python_decorator.py for tasks to queue
[2024-09-15T08:19:16.119+0000] {logging_mixin.py:190} INFO - [2024-09-15T08:19:16.118+0000] {dagbag.py:587} INFO - Filling up the DagBag from /home/airflow/.local/lib/python3.12/site-packages/airflow/example_dags/example_python_decorator.py
[2024-09-15T08:19:16.160+0000] {processor.py:925} INFO - DAG(s) 'example_python_decorator' retrieved from /home/airflow/.local/lib/python3.12/site-packages/airflow/example_dags/example_python_decorator.py
[2024-09-15T08:19:16.220+0000] {logging_mixin.py:190} INFO - [2024-09-15T08:19:16.219+0000] {dag.py:3229} INFO - Sync 1 DAGs
[2024-09-15T08:19:16.258+0000] {logging_mixin.py:190} INFO - [2024-09-15T08:19:16.258+0000] {dag.py:4156} INFO - Setting next_dagrun for example_python_decorator to None, run_after=None
[2024-09-15T08:19:16.314+0000] {processor.py:208} INFO - Processing /home/airflow/.local/lib/python3.12/site-packages/airflow/example_dags/example_python_decorator.py took 0.218 seconds
[2024-09-15T08:19:46.786+0000] {processor.py:186} INFO - Started process (PID=3283) to work on /home/airflow/.local/lib/python3.12/site-packages/airflow/example_dags/example_python_decorator.py
[2024-09-15T08:19:46.788+0000] {processor.py:914} INFO - Processing file /home/airflow/.local/lib/python3.12/site-packages/airflow/example_dags/example_python_decorator.py for tasks to queue
[2024-09-15T08:19:46.792+0000] {logging_mixin.py:190} INFO - [2024-09-15T08:19:46.791+0000] {dagbag.py:587} INFO - Filling up the DagBag from /home/airflow/.local/lib/python3.12/site-packages/airflow/example_dags/example_python_decorator.py
[2024-09-15T08:19:46.836+0000] {processor.py:925} INFO - DAG(s) 'example_python_decorator' retrieved from /home/airflow/.local/lib/python3.12/site-packages/airflow/example_dags/example_python_decorator.py
[2024-09-15T08:19:46.905+0000] {logging_mixin.py:190} INFO - [2024-09-15T08:19:46.904+0000] {dag.py:3229} INFO - Sync 1 DAGs
[2024-09-15T08:19:46.947+0000] {logging_mixin.py:190} INFO - [2024-09-15T08:19:46.947+0000] {dag.py:4156} INFO - Setting next_dagrun for example_python_decorator to None, run_after=None
[2024-09-15T08:19:46.995+0000] {processor.py:208} INFO - Processing /home/airflow/.local/lib/python3.12/site-packages/airflow/example_dags/example_python_decorator.py took 0.253 seconds
[2024-09-15T08:20:17.881+0000] {processor.py:186} INFO - Started process (PID=3345) to work on /home/airflow/.local/lib/python3.12/site-packages/airflow/example_dags/example_python_decorator.py
[2024-09-15T08:20:17.883+0000] {processor.py:914} INFO - Processing file /home/airflow/.local/lib/python3.12/site-packages/airflow/example_dags/example_python_decorator.py for tasks to queue
[2024-09-15T08:20:17.886+0000] {logging_mixin.py:190} INFO - [2024-09-15T08:20:17.885+0000] {dagbag.py:587} INFO - Filling up the DagBag from /home/airflow/.local/lib/python3.12/site-packages/airflow/example_dags/example_python_decorator.py
[2024-09-15T08:20:17.928+0000] {processor.py:925} INFO - DAG(s) 'example_python_decorator' retrieved from /home/airflow/.local/lib/python3.12/site-packages/airflow/example_dags/example_python_decorator.py
[2024-09-15T08:20:17.981+0000] {logging_mixin.py:190} INFO - [2024-09-15T08:20:17.981+0000] {dag.py:3229} INFO - Sync 1 DAGs
[2024-09-15T08:20:18.037+0000] {logging_mixin.py:190} INFO - [2024-09-15T08:20:18.036+0000] {dag.py:4156} INFO - Setting next_dagrun for example_python_decorator to None, run_after=None
[2024-09-15T08:20:18.081+0000] {processor.py:208} INFO - Processing /home/airflow/.local/lib/python3.12/site-packages/airflow/example_dags/example_python_decorator.py took 0.216 seconds
[2024-09-15T08:21:52.073+0000] {processor.py:186} INFO - Started process (PID=3409) to work on /home/airflow/.local/lib/python3.12/site-packages/airflow/example_dags/example_python_decorator.py
[2024-09-15T08:21:52.074+0000] {processor.py:914} INFO - Processing file /home/airflow/.local/lib/python3.12/site-packages/airflow/example_dags/example_python_decorator.py for tasks to queue
[2024-09-15T08:21:52.077+0000] {logging_mixin.py:190} INFO - [2024-09-15T08:21:52.076+0000] {dagbag.py:587} INFO - Filling up the DagBag from /home/airflow/.local/lib/python3.12/site-packages/airflow/example_dags/example_python_decorator.py
[2024-09-15T08:21:52.106+0000] {processor.py:925} INFO - DAG(s) 'example_python_decorator' retrieved from /home/airflow/.local/lib/python3.12/site-packages/airflow/example_dags/example_python_decorator.py
[2024-09-15T08:21:52.151+0000] {logging_mixin.py:190} INFO - [2024-09-15T08:21:52.150+0000] {dag.py:3229} INFO - Sync 1 DAGs
[2024-09-15T08:21:52.191+0000] {logging_mixin.py:190} INFO - [2024-09-15T08:21:52.191+0000] {dag.py:4156} INFO - Setting next_dagrun for example_python_decorator to None, run_after=None
[2024-09-15T08:21:52.230+0000] {processor.py:208} INFO - Processing /home/airflow/.local/lib/python3.12/site-packages/airflow/example_dags/example_python_decorator.py took 0.168 seconds
[2024-09-15T08:22:27.931+0000] {processor.py:186} INFO - Started process (PID=3471) to work on /home/airflow/.local/lib/python3.12/site-packages/airflow/example_dags/example_python_decorator.py
[2024-09-15T08:22:27.933+0000] {processor.py:914} INFO - Processing file /home/airflow/.local/lib/python3.12/site-packages/airflow/example_dags/example_python_decorator.py for tasks to queue
[2024-09-15T08:22:27.936+0000] {logging_mixin.py:190} INFO - [2024-09-15T08:22:27.935+0000] {dagbag.py:587} INFO - Filling up the DagBag from /home/airflow/.local/lib/python3.12/site-packages/airflow/example_dags/example_python_decorator.py
[2024-09-15T08:22:27.977+0000] {processor.py:925} INFO - DAG(s) 'example_python_decorator' retrieved from /home/airflow/.local/lib/python3.12/site-packages/airflow/example_dags/example_python_decorator.py
[2024-09-15T08:22:28.065+0000] {logging_mixin.py:190} INFO - [2024-09-15T08:22:28.064+0000] {dag.py:3229} INFO - Sync 1 DAGs
[2024-09-15T08:22:28.122+0000] {logging_mixin.py:190} INFO - [2024-09-15T08:22:28.122+0000] {dag.py:4156} INFO - Setting next_dagrun for example_python_decorator to None, run_after=None
[2024-09-15T08:22:28.176+0000] {processor.py:208} INFO - Processing /home/airflow/.local/lib/python3.12/site-packages/airflow/example_dags/example_python_decorator.py took 0.259 seconds
[2024-09-15T08:23:00.461+0000] {processor.py:186} INFO - Started process (PID=3532) to work on /home/airflow/.local/lib/python3.12/site-packages/airflow/example_dags/example_python_decorator.py
[2024-09-15T08:23:00.463+0000] {processor.py:914} INFO - Processing file /home/airflow/.local/lib/python3.12/site-packages/airflow/example_dags/example_python_decorator.py for tasks to queue
[2024-09-15T08:23:00.466+0000] {logging_mixin.py:190} INFO - [2024-09-15T08:23:00.466+0000] {dagbag.py:587} INFO - Filling up the DagBag from /home/airflow/.local/lib/python3.12/site-packages/airflow/example_dags/example_python_decorator.py
[2024-09-15T08:23:00.509+0000] {processor.py:925} INFO - DAG(s) 'example_python_decorator' retrieved from /home/airflow/.local/lib/python3.12/site-packages/airflow/example_dags/example_python_decorator.py
[2024-09-15T08:23:00.584+0000] {logging_mixin.py:190} INFO - [2024-09-15T08:23:00.584+0000] {dag.py:3229} INFO - Sync 1 DAGs
[2024-09-15T08:23:00.992+0000] {logging_mixin.py:190} INFO - [2024-09-15T08:23:00.991+0000] {dag.py:4156} INFO - Setting next_dagrun for example_python_decorator to None, run_after=None
[2024-09-15T08:23:01.033+0000] {processor.py:208} INFO - Processing /home/airflow/.local/lib/python3.12/site-packages/airflow/example_dags/example_python_decorator.py took 0.592 seconds
[2024-09-15T08:23:31.770+0000] {processor.py:186} INFO - Started process (PID=3593) to work on /home/airflow/.local/lib/python3.12/site-packages/airflow/example_dags/example_python_decorator.py
[2024-09-15T08:23:31.772+0000] {processor.py:914} INFO - Processing file /home/airflow/.local/lib/python3.12/site-packages/airflow/example_dags/example_python_decorator.py for tasks to queue
[2024-09-15T08:23:31.775+0000] {logging_mixin.py:190} INFO - [2024-09-15T08:23:31.774+0000] {dagbag.py:587} INFO - Filling up the DagBag from /home/airflow/.local/lib/python3.12/site-packages/airflow/example_dags/example_python_decorator.py
[2024-09-15T08:23:31.809+0000] {processor.py:925} INFO - DAG(s) 'example_python_decorator' retrieved from /home/airflow/.local/lib/python3.12/site-packages/airflow/example_dags/example_python_decorator.py
[2024-09-15T08:23:31.850+0000] {logging_mixin.py:190} INFO - [2024-09-15T08:23:31.849+0000] {dag.py:3229} INFO - Sync 1 DAGs
[2024-09-15T08:23:31.887+0000] {logging_mixin.py:190} INFO - [2024-09-15T08:23:31.887+0000] {dag.py:4156} INFO - Setting next_dagrun for example_python_decorator to None, run_after=None
[2024-09-15T08:23:31.925+0000] {processor.py:208} INFO - Processing /home/airflow/.local/lib/python3.12/site-packages/airflow/example_dags/example_python_decorator.py took 0.170 seconds
[2024-09-15T08:24:02.174+0000] {processor.py:186} INFO - Started process (PID=3654) to work on /home/airflow/.local/lib/python3.12/site-packages/airflow/example_dags/example_python_decorator.py
[2024-09-15T08:24:02.176+0000] {processor.py:914} INFO - Processing file /home/airflow/.local/lib/python3.12/site-packages/airflow/example_dags/example_python_decorator.py for tasks to queue
[2024-09-15T08:24:02.178+0000] {logging_mixin.py:190} INFO - [2024-09-15T08:24:02.178+0000] {dagbag.py:587} INFO - Filling up the DagBag from /home/airflow/.local/lib/python3.12/site-packages/airflow/example_dags/example_python_decorator.py
[2024-09-15T08:24:02.212+0000] {processor.py:925} INFO - DAG(s) 'example_python_decorator' retrieved from /home/airflow/.local/lib/python3.12/site-packages/airflow/example_dags/example_python_decorator.py
[2024-09-15T08:24:02.260+0000] {logging_mixin.py:190} INFO - [2024-09-15T08:24:02.259+0000] {dag.py:3229} INFO - Sync 1 DAGs
[2024-09-15T08:24:02.289+0000] {logging_mixin.py:190} INFO - [2024-09-15T08:24:02.288+0000] {dag.py:4156} INFO - Setting next_dagrun for example_python_decorator to None, run_after=None
[2024-09-15T08:24:02.335+0000] {processor.py:208} INFO - Processing /home/airflow/.local/lib/python3.12/site-packages/airflow/example_dags/example_python_decorator.py took 0.172 seconds
[2024-09-15T08:25:32.445+0000] {processor.py:186} INFO - Started process (PID=3727) to work on /home/airflow/.local/lib/python3.12/site-packages/airflow/example_dags/example_python_decorator.py
[2024-09-15T08:25:32.447+0000] {processor.py:914} INFO - Processing file /home/airflow/.local/lib/python3.12/site-packages/airflow/example_dags/example_python_decorator.py for tasks to queue
[2024-09-15T08:25:32.450+0000] {logging_mixin.py:190} INFO - [2024-09-15T08:25:32.449+0000] {dagbag.py:587} INFO - Filling up the DagBag from /home/airflow/.local/lib/python3.12/site-packages/airflow/example_dags/example_python_decorator.py
[2024-09-15T08:25:32.487+0000] {processor.py:925} INFO - DAG(s) 'example_python_decorator' retrieved from /home/airflow/.local/lib/python3.12/site-packages/airflow/example_dags/example_python_decorator.py
[2024-09-15T08:25:32.548+0000] {logging_mixin.py:190} INFO - [2024-09-15T08:25:32.547+0000] {dag.py:3229} INFO - Sync 1 DAGs
[2024-09-15T08:25:32.590+0000] {logging_mixin.py:190} INFO - [2024-09-15T08:25:32.590+0000] {dag.py:4156} INFO - Setting next_dagrun for example_python_decorator to None, run_after=None
[2024-09-15T08:25:32.629+0000] {processor.py:208} INFO - Processing /home/airflow/.local/lib/python3.12/site-packages/airflow/example_dags/example_python_decorator.py took 0.195 seconds
[2024-09-15T08:26:03.896+0000] {processor.py:186} INFO - Started process (PID=3789) to work on /home/airflow/.local/lib/python3.12/site-packages/airflow/example_dags/example_python_decorator.py
[2024-09-15T08:26:03.899+0000] {processor.py:914} INFO - Processing file /home/airflow/.local/lib/python3.12/site-packages/airflow/example_dags/example_python_decorator.py for tasks to queue
[2024-09-15T08:26:03.902+0000] {logging_mixin.py:190} INFO - [2024-09-15T08:26:03.901+0000] {dagbag.py:587} INFO - Filling up the DagBag from /home/airflow/.local/lib/python3.12/site-packages/airflow/example_dags/example_python_decorator.py
[2024-09-15T08:26:03.944+0000] {processor.py:925} INFO - DAG(s) 'example_python_decorator' retrieved from /home/airflow/.local/lib/python3.12/site-packages/airflow/example_dags/example_python_decorator.py
[2024-09-15T08:26:04.010+0000] {logging_mixin.py:190} INFO - [2024-09-15T08:26:04.009+0000] {dag.py:3229} INFO - Sync 1 DAGs
[2024-09-15T08:26:04.062+0000] {logging_mixin.py:190} INFO - [2024-09-15T08:26:04.061+0000] {dag.py:4156} INFO - Setting next_dagrun for example_python_decorator to None, run_after=None
[2024-09-15T08:26:04.110+0000] {processor.py:208} INFO - Processing /home/airflow/.local/lib/python3.12/site-packages/airflow/example_dags/example_python_decorator.py took 0.231 seconds
[2024-09-15T08:26:34.419+0000] {processor.py:186} INFO - Started process (PID=3850) to work on /home/airflow/.local/lib/python3.12/site-packages/airflow/example_dags/example_python_decorator.py
[2024-09-15T08:26:34.421+0000] {processor.py:914} INFO - Processing file /home/airflow/.local/lib/python3.12/site-packages/airflow/example_dags/example_python_decorator.py for tasks to queue
[2024-09-15T08:26:34.423+0000] {logging_mixin.py:190} INFO - [2024-09-15T08:26:34.422+0000] {dagbag.py:587} INFO - Filling up the DagBag from /home/airflow/.local/lib/python3.12/site-packages/airflow/example_dags/example_python_decorator.py
[2024-09-15T08:26:34.446+0000] {processor.py:925} INFO - DAG(s) 'example_python_decorator' retrieved from /home/airflow/.local/lib/python3.12/site-packages/airflow/example_dags/example_python_decorator.py
[2024-09-15T08:26:34.484+0000] {logging_mixin.py:190} INFO - [2024-09-15T08:26:34.484+0000] {dag.py:3229} INFO - Sync 1 DAGs
[2024-09-15T08:26:34.508+0000] {logging_mixin.py:190} INFO - [2024-09-15T08:26:34.508+0000] {dag.py:4156} INFO - Setting next_dagrun for example_python_decorator to None, run_after=None
[2024-09-15T08:26:34.543+0000] {processor.py:208} INFO - Processing /home/airflow/.local/lib/python3.12/site-packages/airflow/example_dags/example_python_decorator.py took 0.134 seconds
[2024-09-15T08:27:05.210+0000] {processor.py:186} INFO - Started process (PID=3912) to work on /home/airflow/.local/lib/python3.12/site-packages/airflow/example_dags/example_python_decorator.py
[2024-09-15T08:27:05.212+0000] {processor.py:914} INFO - Processing file /home/airflow/.local/lib/python3.12/site-packages/airflow/example_dags/example_python_decorator.py for tasks to queue
[2024-09-15T08:27:05.215+0000] {logging_mixin.py:190} INFO - [2024-09-15T08:27:05.214+0000] {dagbag.py:587} INFO - Filling up the DagBag from /home/airflow/.local/lib/python3.12/site-packages/airflow/example_dags/example_python_decorator.py
[2024-09-15T08:27:05.242+0000] {processor.py:925} INFO - DAG(s) 'example_python_decorator' retrieved from /home/airflow/.local/lib/python3.12/site-packages/airflow/example_dags/example_python_decorator.py
[2024-09-15T08:27:05.294+0000] {logging_mixin.py:190} INFO - [2024-09-15T08:27:05.293+0000] {dag.py:3229} INFO - Sync 1 DAGs
[2024-09-15T08:27:05.330+0000] {logging_mixin.py:190} INFO - [2024-09-15T08:27:05.329+0000] {dag.py:4156} INFO - Setting next_dagrun for example_python_decorator to None, run_after=None
[2024-09-15T08:27:05.366+0000] {processor.py:208} INFO - Processing /home/airflow/.local/lib/python3.12/site-packages/airflow/example_dags/example_python_decorator.py took 0.170 seconds
[2024-09-15T08:27:36.047+0000] {processor.py:186} INFO - Started process (PID=3974) to work on /home/airflow/.local/lib/python3.12/site-packages/airflow/example_dags/example_python_decorator.py
[2024-09-15T08:27:36.049+0000] {processor.py:914} INFO - Processing file /home/airflow/.local/lib/python3.12/site-packages/airflow/example_dags/example_python_decorator.py for tasks to queue
[2024-09-15T08:27:36.052+0000] {logging_mixin.py:190} INFO - [2024-09-15T08:27:36.051+0000] {dagbag.py:587} INFO - Filling up the DagBag from /home/airflow/.local/lib/python3.12/site-packages/airflow/example_dags/example_python_decorator.py
[2024-09-15T08:27:36.087+0000] {processor.py:925} INFO - DAG(s) 'example_python_decorator' retrieved from /home/airflow/.local/lib/python3.12/site-packages/airflow/example_dags/example_python_decorator.py
[2024-09-15T08:27:36.139+0000] {logging_mixin.py:190} INFO - [2024-09-15T08:27:36.138+0000] {dag.py:3229} INFO - Sync 1 DAGs
[2024-09-15T08:27:36.167+0000] {logging_mixin.py:190} INFO - [2024-09-15T08:27:36.167+0000] {dag.py:4156} INFO - Setting next_dagrun for example_python_decorator to None, run_after=None
[2024-09-15T08:27:36.210+0000] {processor.py:208} INFO - Processing /home/airflow/.local/lib/python3.12/site-packages/airflow/example_dags/example_python_decorator.py took 0.174 seconds
[2024-09-15T08:28:07.012+0000] {processor.py:186} INFO - Started process (PID=4035) to work on /home/airflow/.local/lib/python3.12/site-packages/airflow/example_dags/example_python_decorator.py
[2024-09-15T08:28:07.014+0000] {processor.py:914} INFO - Processing file /home/airflow/.local/lib/python3.12/site-packages/airflow/example_dags/example_python_decorator.py for tasks to queue
[2024-09-15T08:28:07.018+0000] {logging_mixin.py:190} INFO - [2024-09-15T08:28:07.017+0000] {dagbag.py:587} INFO - Filling up the DagBag from /home/airflow/.local/lib/python3.12/site-packages/airflow/example_dags/example_python_decorator.py
[2024-09-15T08:28:07.053+0000] {processor.py:925} INFO - DAG(s) 'example_python_decorator' retrieved from /home/airflow/.local/lib/python3.12/site-packages/airflow/example_dags/example_python_decorator.py
[2024-09-15T08:28:07.098+0000] {logging_mixin.py:190} INFO - [2024-09-15T08:28:07.098+0000] {dag.py:3229} INFO - Sync 1 DAGs
[2024-09-15T08:28:07.137+0000] {logging_mixin.py:190} INFO - [2024-09-15T08:28:07.136+0000] {dag.py:4156} INFO - Setting next_dagrun for example_python_decorator to None, run_after=None
[2024-09-15T08:28:07.183+0000] {processor.py:208} INFO - Processing /home/airflow/.local/lib/python3.12/site-packages/airflow/example_dags/example_python_decorator.py took 0.188 seconds
[2024-09-15T08:31:11.592+0000] {processor.py:186} INFO - Started process (PID=4121) to work on /home/airflow/.local/lib/python3.12/site-packages/airflow/example_dags/example_python_decorator.py
[2024-09-15T08:31:11.595+0000] {processor.py:914} INFO - Processing file /home/airflow/.local/lib/python3.12/site-packages/airflow/example_dags/example_python_decorator.py for tasks to queue
[2024-09-15T08:31:11.599+0000] {logging_mixin.py:190} INFO - [2024-09-15T08:31:11.598+0000] {dagbag.py:587} INFO - Filling up the DagBag from /home/airflow/.local/lib/python3.12/site-packages/airflow/example_dags/example_python_decorator.py
[2024-09-15T08:31:11.640+0000] {processor.py:925} INFO - DAG(s) 'example_python_decorator' retrieved from /home/airflow/.local/lib/python3.12/site-packages/airflow/example_dags/example_python_decorator.py
[2024-09-15T08:31:11.691+0000] {logging_mixin.py:190} INFO - [2024-09-15T08:31:11.690+0000] {dag.py:3229} INFO - Sync 1 DAGs
[2024-09-15T08:31:11.725+0000] {logging_mixin.py:190} INFO - [2024-09-15T08:31:11.725+0000] {dag.py:4156} INFO - Setting next_dagrun for example_python_decorator to None, run_after=None
[2024-09-15T08:31:11.768+0000] {processor.py:208} INFO - Processing /home/airflow/.local/lib/python3.12/site-packages/airflow/example_dags/example_python_decorator.py took 0.191 seconds
[2024-09-15T08:31:44.170+0000] {processor.py:186} INFO - Started process (PID=4183) to work on /home/airflow/.local/lib/python3.12/site-packages/airflow/example_dags/example_python_decorator.py
[2024-09-15T08:31:44.173+0000] {processor.py:914} INFO - Processing file /home/airflow/.local/lib/python3.12/site-packages/airflow/example_dags/example_python_decorator.py for tasks to queue
[2024-09-15T08:31:44.176+0000] {logging_mixin.py:190} INFO - [2024-09-15T08:31:44.175+0000] {dagbag.py:587} INFO - Filling up the DagBag from /home/airflow/.local/lib/python3.12/site-packages/airflow/example_dags/example_python_decorator.py
[2024-09-15T08:31:44.219+0000] {processor.py:925} INFO - DAG(s) 'example_python_decorator' retrieved from /home/airflow/.local/lib/python3.12/site-packages/airflow/example_dags/example_python_decorator.py
[2024-09-15T08:31:44.295+0000] {logging_mixin.py:190} INFO - [2024-09-15T08:31:44.295+0000] {dag.py:3229} INFO - Sync 1 DAGs
[2024-09-15T08:31:44.337+0000] {logging_mixin.py:190} INFO - [2024-09-15T08:31:44.336+0000] {dag.py:4156} INFO - Setting next_dagrun for example_python_decorator to None, run_after=None
[2024-09-15T08:31:44.405+0000] {processor.py:208} INFO - Processing /home/airflow/.local/lib/python3.12/site-packages/airflow/example_dags/example_python_decorator.py took 0.254 seconds
[2024-09-15T08:32:18.268+0000] {processor.py:186} INFO - Started process (PID=4246) to work on /home/airflow/.local/lib/python3.12/site-packages/airflow/example_dags/example_python_decorator.py
[2024-09-15T08:32:18.271+0000] {processor.py:914} INFO - Processing file /home/airflow/.local/lib/python3.12/site-packages/airflow/example_dags/example_python_decorator.py for tasks to queue
[2024-09-15T08:32:18.275+0000] {logging_mixin.py:190} INFO - [2024-09-15T08:32:18.274+0000] {dagbag.py:587} INFO - Filling up the DagBag from /home/airflow/.local/lib/python3.12/site-packages/airflow/example_dags/example_python_decorator.py
[2024-09-15T08:32:18.327+0000] {processor.py:925} INFO - DAG(s) 'example_python_decorator' retrieved from /home/airflow/.local/lib/python3.12/site-packages/airflow/example_dags/example_python_decorator.py
[2024-09-15T08:32:18.432+0000] {logging_mixin.py:190} INFO - [2024-09-15T08:32:18.429+0000] {dag.py:3229} INFO - Sync 1 DAGs
[2024-09-15T08:32:18.497+0000] {logging_mixin.py:190} INFO - [2024-09-15T08:32:18.497+0000] {dag.py:4156} INFO - Setting next_dagrun for example_python_decorator to None, run_after=None
[2024-09-15T08:32:18.549+0000] {processor.py:208} INFO - Processing /home/airflow/.local/lib/python3.12/site-packages/airflow/example_dags/example_python_decorator.py took 0.304 seconds
