[2024-09-15T06:53:10.807+0000] {processor.py:186} INFO - Started process (PID=112) to work on /home/airflow/.local/lib/python3.12/site-packages/airflow/example_dags/example_python_operator.py
[2024-09-15T06:53:10.810+0000] {processor.py:914} INFO - Processing file /home/airflow/.local/lib/python3.12/site-packages/airflow/example_dags/example_python_operator.py for tasks to queue
[2024-09-15T06:53:10.814+0000] {logging_mixin.py:190} INFO - [2024-09-15T06:53:10.813+0000] {dagbag.py:587} INFO - Filling up the DagBag from /home/airflow/.local/lib/python3.12/site-packages/airflow/example_dags/example_python_operator.py
[2024-09-15T06:53:10.855+0000] {processor.py:925} INFO - DAG(s) 'example_python_operator' retrieved from /home/airflow/.local/lib/python3.12/site-packages/airflow/example_dags/example_python_operator.py
[2024-09-15T06:53:11.364+0000] {logging_mixin.py:190} INFO - [2024-09-15T06:53:11.362+0000] {override.py:1900} INFO - Created Permission View: can delete on DAG:example_python_operator
[2024-09-15T06:53:11.472+0000] {logging_mixin.py:190} INFO - [2024-09-15T06:53:11.471+0000] {override.py:1900} INFO - Created Permission View: can edit on DAG:example_python_operator
[2024-09-15T06:53:11.542+0000] {logging_mixin.py:190} INFO - [2024-09-15T06:53:11.541+0000] {override.py:1900} INFO - Created Permission View: can read on DAG:example_python_operator
[2024-09-15T06:53:11.619+0000] {logging_mixin.py:190} INFO - [2024-09-15T06:53:11.618+0000] {override.py:1900} INFO - Created Permission View: can delete on DAG Run:example_python_operator
[2024-09-15T06:53:11.647+0000] {logging_mixin.py:190} INFO - [2024-09-15T06:53:11.646+0000] {override.py:1900} INFO - Created Permission View: can create on DAG Run:example_python_operator
[2024-09-15T06:53:11.672+0000] {logging_mixin.py:190} INFO - [2024-09-15T06:53:11.670+0000] {override.py:1900} INFO - Created Permission View: can read on DAG Run:example_python_operator
[2024-09-15T06:53:11.703+0000] {logging_mixin.py:190} INFO - [2024-09-15T06:53:11.703+0000] {override.py:1900} INFO - Created Permission View: menu access on DAG Run:example_python_operator
[2024-09-15T06:53:11.708+0000] {logging_mixin.py:190} INFO - [2024-09-15T06:53:11.707+0000] {dag.py:3229} INFO - Sync 1 DAGs
[2024-09-15T06:53:11.746+0000] {logging_mixin.py:190} INFO - [2024-09-15T06:53:11.746+0000] {dag.py:3252} INFO - Creating ORM DAG for example_python_operator
[2024-09-15T06:53:11.749+0000] {logging_mixin.py:190} INFO - [2024-09-15T06:53:11.748+0000] {dag.py:4156} INFO - Setting next_dagrun for example_python_operator to None, run_after=None
[2024-09-15T06:53:11.800+0000] {processor.py:208} INFO - Processing /home/airflow/.local/lib/python3.12/site-packages/airflow/example_dags/example_python_operator.py took 1.003 seconds
[2024-09-15T06:54:13.886+0000] {processor.py:186} INFO - Started process (PID=174) to work on /home/airflow/.local/lib/python3.12/site-packages/airflow/example_dags/example_python_operator.py
[2024-09-15T06:54:13.890+0000] {processor.py:914} INFO - Processing file /home/airflow/.local/lib/python3.12/site-packages/airflow/example_dags/example_python_operator.py for tasks to queue
[2024-09-15T06:54:13.898+0000] {logging_mixin.py:190} INFO - [2024-09-15T06:54:13.897+0000] {dagbag.py:587} INFO - Filling up the DagBag from /home/airflow/.local/lib/python3.12/site-packages/airflow/example_dags/example_python_operator.py
[2024-09-15T06:54:13.940+0000] {processor.py:925} INFO - DAG(s) 'example_python_operator' retrieved from /home/airflow/.local/lib/python3.12/site-packages/airflow/example_dags/example_python_operator.py
[2024-09-15T06:54:14.070+0000] {logging_mixin.py:190} INFO - [2024-09-15T06:54:14.069+0000] {dag.py:3229} INFO - Sync 1 DAGs
[2024-09-15T06:54:14.194+0000] {logging_mixin.py:190} INFO - [2024-09-15T06:54:14.194+0000] {dag.py:4156} INFO - Setting next_dagrun for example_python_operator to None, run_after=None
[2024-09-15T06:54:14.285+0000] {processor.py:208} INFO - Processing /home/airflow/.local/lib/python3.12/site-packages/airflow/example_dags/example_python_operator.py took 0.414 seconds
[2024-09-15T06:54:48.993+0000] {processor.py:186} INFO - Started process (PID=236) to work on /home/airflow/.local/lib/python3.12/site-packages/airflow/example_dags/example_python_operator.py
[2024-09-15T06:54:48.995+0000] {processor.py:914} INFO - Processing file /home/airflow/.local/lib/python3.12/site-packages/airflow/example_dags/example_python_operator.py for tasks to queue
[2024-09-15T06:54:49.000+0000] {logging_mixin.py:190} INFO - [2024-09-15T06:54:48.999+0000] {dagbag.py:587} INFO - Filling up the DagBag from /home/airflow/.local/lib/python3.12/site-packages/airflow/example_dags/example_python_operator.py
[2024-09-15T06:54:49.028+0000] {processor.py:925} INFO - DAG(s) 'example_python_operator' retrieved from /home/airflow/.local/lib/python3.12/site-packages/airflow/example_dags/example_python_operator.py
[2024-09-15T06:54:49.091+0000] {logging_mixin.py:190} INFO - [2024-09-15T06:54:49.090+0000] {dag.py:3229} INFO - Sync 1 DAGs
[2024-09-15T06:54:49.127+0000] {logging_mixin.py:190} INFO - [2024-09-15T06:54:49.127+0000] {dag.py:4156} INFO - Setting next_dagrun for example_python_operator to None, run_after=None
[2024-09-15T06:54:49.175+0000] {processor.py:208} INFO - Processing /home/airflow/.local/lib/python3.12/site-packages/airflow/example_dags/example_python_operator.py took 0.196 seconds
[2024-09-15T06:57:36.948+0000] {processor.py:186} INFO - Started process (PID=298) to work on /home/airflow/.local/lib/python3.12/site-packages/airflow/example_dags/example_python_operator.py
[2024-09-15T06:57:36.962+0000] {processor.py:914} INFO - Processing file /home/airflow/.local/lib/python3.12/site-packages/airflow/example_dags/example_python_operator.py for tasks to queue
[2024-09-15T06:57:36.979+0000] {logging_mixin.py:190} INFO - [2024-09-15T06:57:36.965+0000] {dagbag.py:587} INFO - Filling up the DagBag from /home/airflow/.local/lib/python3.12/site-packages/airflow/example_dags/example_python_operator.py
[2024-09-15T06:57:37.342+0000] {processor.py:925} INFO - DAG(s) 'example_python_operator' retrieved from /home/airflow/.local/lib/python3.12/site-packages/airflow/example_dags/example_python_operator.py
[2024-09-15T06:57:42.334+0000] {logging_mixin.py:190} INFO - [2024-09-15T06:57:42.307+0000] {dag.py:3229} INFO - Sync 1 DAGs
[2024-09-15T06:57:43.198+0000] {logging_mixin.py:190} INFO - [2024-09-15T06:57:43.197+0000] {dag.py:4156} INFO - Setting next_dagrun for example_python_operator to None, run_after=None
[2024-09-15T06:57:43.723+0000] {processor.py:208} INFO - Processing /home/airflow/.local/lib/python3.12/site-packages/airflow/example_dags/example_python_operator.py took 6.849 seconds
[2024-09-15T06:58:14.445+0000] {processor.py:186} INFO - Started process (PID=366) to work on /home/airflow/.local/lib/python3.12/site-packages/airflow/example_dags/example_python_operator.py
[2024-09-15T06:58:14.449+0000] {processor.py:914} INFO - Processing file /home/airflow/.local/lib/python3.12/site-packages/airflow/example_dags/example_python_operator.py for tasks to queue
[2024-09-15T06:58:14.453+0000] {logging_mixin.py:190} INFO - [2024-09-15T06:58:14.452+0000] {dagbag.py:587} INFO - Filling up the DagBag from /home/airflow/.local/lib/python3.12/site-packages/airflow/example_dags/example_python_operator.py
[2024-09-15T06:58:14.485+0000] {processor.py:925} INFO - DAG(s) 'example_python_operator' retrieved from /home/airflow/.local/lib/python3.12/site-packages/airflow/example_dags/example_python_operator.py
[2024-09-15T06:58:14.552+0000] {logging_mixin.py:190} INFO - [2024-09-15T06:58:14.551+0000] {dag.py:3229} INFO - Sync 1 DAGs
[2024-09-15T06:58:14.604+0000] {logging_mixin.py:190} INFO - [2024-09-15T06:58:14.603+0000] {dag.py:4156} INFO - Setting next_dagrun for example_python_operator to None, run_after=None
[2024-09-15T06:58:14.664+0000] {processor.py:208} INFO - Processing /home/airflow/.local/lib/python3.12/site-packages/airflow/example_dags/example_python_operator.py took 0.235 seconds
[2024-09-15T06:58:45.275+0000] {processor.py:186} INFO - Started process (PID=428) to work on /home/airflow/.local/lib/python3.12/site-packages/airflow/example_dags/example_python_operator.py
[2024-09-15T06:58:45.277+0000] {processor.py:914} INFO - Processing file /home/airflow/.local/lib/python3.12/site-packages/airflow/example_dags/example_python_operator.py for tasks to queue
[2024-09-15T06:58:45.280+0000] {logging_mixin.py:190} INFO - [2024-09-15T06:58:45.279+0000] {dagbag.py:587} INFO - Filling up the DagBag from /home/airflow/.local/lib/python3.12/site-packages/airflow/example_dags/example_python_operator.py
[2024-09-15T06:58:45.302+0000] {processor.py:925} INFO - DAG(s) 'example_python_operator' retrieved from /home/airflow/.local/lib/python3.12/site-packages/airflow/example_dags/example_python_operator.py
[2024-09-15T06:58:45.345+0000] {logging_mixin.py:190} INFO - [2024-09-15T06:58:45.345+0000] {dag.py:3229} INFO - Sync 1 DAGs
[2024-09-15T06:58:45.382+0000] {logging_mixin.py:190} INFO - [2024-09-15T06:58:45.381+0000] {dag.py:4156} INFO - Setting next_dagrun for example_python_operator to None, run_after=None
[2024-09-15T06:58:45.422+0000] {processor.py:208} INFO - Processing /home/airflow/.local/lib/python3.12/site-packages/airflow/example_dags/example_python_operator.py took 0.157 seconds
[2024-09-15T06:59:15.538+0000] {processor.py:186} INFO - Started process (PID=490) to work on /home/airflow/.local/lib/python3.12/site-packages/airflow/example_dags/example_python_operator.py
[2024-09-15T06:59:15.540+0000] {processor.py:914} INFO - Processing file /home/airflow/.local/lib/python3.12/site-packages/airflow/example_dags/example_python_operator.py for tasks to queue
[2024-09-15T06:59:15.543+0000] {logging_mixin.py:190} INFO - [2024-09-15T06:59:15.542+0000] {dagbag.py:587} INFO - Filling up the DagBag from /home/airflow/.local/lib/python3.12/site-packages/airflow/example_dags/example_python_operator.py
[2024-09-15T06:59:15.584+0000] {processor.py:925} INFO - DAG(s) 'example_python_operator' retrieved from /home/airflow/.local/lib/python3.12/site-packages/airflow/example_dags/example_python_operator.py
[2024-09-15T06:59:15.663+0000] {logging_mixin.py:190} INFO - [2024-09-15T06:59:15.662+0000] {dag.py:3229} INFO - Sync 1 DAGs
[2024-09-15T06:59:15.718+0000] {logging_mixin.py:190} INFO - [2024-09-15T06:59:15.718+0000] {dag.py:4156} INFO - Setting next_dagrun for example_python_operator to None, run_after=None
[2024-09-15T06:59:15.782+0000] {processor.py:208} INFO - Processing /home/airflow/.local/lib/python3.12/site-packages/airflow/example_dags/example_python_operator.py took 0.262 seconds
[2024-09-15T06:59:46.223+0000] {processor.py:186} INFO - Started process (PID=552) to work on /home/airflow/.local/lib/python3.12/site-packages/airflow/example_dags/example_python_operator.py
[2024-09-15T06:59:46.225+0000] {processor.py:914} INFO - Processing file /home/airflow/.local/lib/python3.12/site-packages/airflow/example_dags/example_python_operator.py for tasks to queue
[2024-09-15T06:59:46.228+0000] {logging_mixin.py:190} INFO - [2024-09-15T06:59:46.227+0000] {dagbag.py:587} INFO - Filling up the DagBag from /home/airflow/.local/lib/python3.12/site-packages/airflow/example_dags/example_python_operator.py
[2024-09-15T06:59:46.249+0000] {processor.py:925} INFO - DAG(s) 'example_python_operator' retrieved from /home/airflow/.local/lib/python3.12/site-packages/airflow/example_dags/example_python_operator.py
[2024-09-15T06:59:46.296+0000] {logging_mixin.py:190} INFO - [2024-09-15T06:59:46.295+0000] {dag.py:3229} INFO - Sync 1 DAGs
[2024-09-15T06:59:46.338+0000] {logging_mixin.py:190} INFO - [2024-09-15T06:59:46.337+0000] {dag.py:4156} INFO - Setting next_dagrun for example_python_operator to None, run_after=None
[2024-09-15T06:59:46.388+0000] {processor.py:208} INFO - Processing /home/airflow/.local/lib/python3.12/site-packages/airflow/example_dags/example_python_operator.py took 0.179 seconds
[2024-09-15T07:00:17.260+0000] {processor.py:186} INFO - Started process (PID=608) to work on /home/airflow/.local/lib/python3.12/site-packages/airflow/example_dags/example_python_operator.py
[2024-09-15T07:00:17.267+0000] {processor.py:914} INFO - Processing file /home/airflow/.local/lib/python3.12/site-packages/airflow/example_dags/example_python_operator.py for tasks to queue
[2024-09-15T07:00:17.276+0000] {logging_mixin.py:190} INFO - [2024-09-15T07:00:17.271+0000] {dagbag.py:587} INFO - Filling up the DagBag from /home/airflow/.local/lib/python3.12/site-packages/airflow/example_dags/example_python_operator.py
[2024-09-15T07:00:17.444+0000] {processor.py:925} INFO - DAG(s) 'example_python_operator' retrieved from /home/airflow/.local/lib/python3.12/site-packages/airflow/example_dags/example_python_operator.py
[2024-09-15T07:00:32.706+0000] {logging_mixin.py:190} INFO - [2024-09-15T07:00:32.698+0000] {dag.py:3229} INFO - Sync 1 DAGs
[2024-09-15T07:00:32.754+0000] {logging_mixin.py:190} INFO - [2024-09-15T07:00:32.753+0000] {dag.py:4156} INFO - Setting next_dagrun for example_python_operator to None, run_after=None
[2024-09-15T07:00:32.852+0000] {processor.py:208} INFO - Processing /home/airflow/.local/lib/python3.12/site-packages/airflow/example_dags/example_python_operator.py took 15.617 seconds
[2024-09-15T07:01:03.151+0000] {processor.py:186} INFO - Started process (PID=670) to work on /home/airflow/.local/lib/python3.12/site-packages/airflow/example_dags/example_python_operator.py
[2024-09-15T07:01:03.152+0000] {processor.py:914} INFO - Processing file /home/airflow/.local/lib/python3.12/site-packages/airflow/example_dags/example_python_operator.py for tasks to queue
[2024-09-15T07:01:03.155+0000] {logging_mixin.py:190} INFO - [2024-09-15T07:01:03.154+0000] {dagbag.py:587} INFO - Filling up the DagBag from /home/airflow/.local/lib/python3.12/site-packages/airflow/example_dags/example_python_operator.py
[2024-09-15T07:01:03.175+0000] {processor.py:925} INFO - DAG(s) 'example_python_operator' retrieved from /home/airflow/.local/lib/python3.12/site-packages/airflow/example_dags/example_python_operator.py
[2024-09-15T07:01:03.214+0000] {logging_mixin.py:190} INFO - [2024-09-15T07:01:03.214+0000] {dag.py:3229} INFO - Sync 1 DAGs
[2024-09-15T07:01:03.241+0000] {logging_mixin.py:190} INFO - [2024-09-15T07:01:03.241+0000] {dag.py:4156} INFO - Setting next_dagrun for example_python_operator to None, run_after=None
[2024-09-15T07:01:03.276+0000] {processor.py:208} INFO - Processing /home/airflow/.local/lib/python3.12/site-packages/airflow/example_dags/example_python_operator.py took 0.135 seconds
[2024-09-15T07:04:41.477+0000] {processor.py:186} INFO - Started process (PID=720) to work on /home/airflow/.local/lib/python3.12/site-packages/airflow/example_dags/example_python_operator.py
[2024-09-15T07:04:41.478+0000] {processor.py:914} INFO - Processing file /home/airflow/.local/lib/python3.12/site-packages/airflow/example_dags/example_python_operator.py for tasks to queue
[2024-09-15T07:04:41.481+0000] {logging_mixin.py:190} INFO - [2024-09-15T07:04:41.481+0000] {dagbag.py:587} INFO - Filling up the DagBag from /home/airflow/.local/lib/python3.12/site-packages/airflow/example_dags/example_python_operator.py
[2024-09-15T07:04:41.511+0000] {processor.py:925} INFO - DAG(s) 'example_python_operator' retrieved from /home/airflow/.local/lib/python3.12/site-packages/airflow/example_dags/example_python_operator.py
[2024-09-15T07:04:41.564+0000] {logging_mixin.py:190} INFO - [2024-09-15T07:04:41.563+0000] {dag.py:3229} INFO - Sync 1 DAGs
[2024-09-15T07:04:41.599+0000] {logging_mixin.py:190} INFO - [2024-09-15T07:04:41.599+0000] {dag.py:4156} INFO - Setting next_dagrun for example_python_operator to None, run_after=None
[2024-09-15T07:04:41.648+0000] {processor.py:208} INFO - Processing /home/airflow/.local/lib/python3.12/site-packages/airflow/example_dags/example_python_operator.py took 0.185 seconds
[2024-09-15T07:05:14.064+0000] {processor.py:186} INFO - Started process (PID=782) to work on /home/airflow/.local/lib/python3.12/site-packages/airflow/example_dags/example_python_operator.py
[2024-09-15T07:05:14.076+0000] {processor.py:914} INFO - Processing file /home/airflow/.local/lib/python3.12/site-packages/airflow/example_dags/example_python_operator.py for tasks to queue
[2024-09-15T07:05:14.082+0000] {logging_mixin.py:190} INFO - [2024-09-15T07:05:14.081+0000] {dagbag.py:587} INFO - Filling up the DagBag from /home/airflow/.local/lib/python3.12/site-packages/airflow/example_dags/example_python_operator.py
[2024-09-15T07:05:14.176+0000] {processor.py:925} INFO - DAG(s) 'example_python_operator' retrieved from /home/airflow/.local/lib/python3.12/site-packages/airflow/example_dags/example_python_operator.py
[2024-09-15T07:05:14.312+0000] {logging_mixin.py:190} INFO - [2024-09-15T07:05:14.311+0000] {dag.py:3229} INFO - Sync 1 DAGs
[2024-09-15T07:05:14.408+0000] {logging_mixin.py:190} INFO - [2024-09-15T07:05:14.408+0000] {dag.py:4156} INFO - Setting next_dagrun for example_python_operator to None, run_after=None
[2024-09-15T07:05:14.531+0000] {processor.py:208} INFO - Processing /home/airflow/.local/lib/python3.12/site-packages/airflow/example_dags/example_python_operator.py took 0.486 seconds
[2024-09-15T07:05:44.671+0000] {processor.py:186} INFO - Started process (PID=844) to work on /home/airflow/.local/lib/python3.12/site-packages/airflow/example_dags/example_python_operator.py
[2024-09-15T07:05:44.672+0000] {processor.py:914} INFO - Processing file /home/airflow/.local/lib/python3.12/site-packages/airflow/example_dags/example_python_operator.py for tasks to queue
[2024-09-15T07:05:44.675+0000] {logging_mixin.py:190} INFO - [2024-09-15T07:05:44.674+0000] {dagbag.py:587} INFO - Filling up the DagBag from /home/airflow/.local/lib/python3.12/site-packages/airflow/example_dags/example_python_operator.py
[2024-09-15T07:05:44.694+0000] {processor.py:925} INFO - DAG(s) 'example_python_operator' retrieved from /home/airflow/.local/lib/python3.12/site-packages/airflow/example_dags/example_python_operator.py
[2024-09-15T07:05:44.731+0000] {logging_mixin.py:190} INFO - [2024-09-15T07:05:44.731+0000] {dag.py:3229} INFO - Sync 1 DAGs
[2024-09-15T07:05:44.761+0000] {logging_mixin.py:190} INFO - [2024-09-15T07:05:44.760+0000] {dag.py:4156} INFO - Setting next_dagrun for example_python_operator to None, run_after=None
[2024-09-15T07:05:44.795+0000] {processor.py:208} INFO - Processing /home/airflow/.local/lib/python3.12/site-packages/airflow/example_dags/example_python_operator.py took 0.133 seconds
[2024-09-15T07:06:15.318+0000] {processor.py:186} INFO - Started process (PID=906) to work on /home/airflow/.local/lib/python3.12/site-packages/airflow/example_dags/example_python_operator.py
[2024-09-15T07:06:15.321+0000] {processor.py:914} INFO - Processing file /home/airflow/.local/lib/python3.12/site-packages/airflow/example_dags/example_python_operator.py for tasks to queue
[2024-09-15T07:06:15.324+0000] {logging_mixin.py:190} INFO - [2024-09-15T07:06:15.324+0000] {dagbag.py:587} INFO - Filling up the DagBag from /home/airflow/.local/lib/python3.12/site-packages/airflow/example_dags/example_python_operator.py
[2024-09-15T07:06:15.355+0000] {processor.py:925} INFO - DAG(s) 'example_python_operator' retrieved from /home/airflow/.local/lib/python3.12/site-packages/airflow/example_dags/example_python_operator.py
[2024-09-15T07:06:15.411+0000] {logging_mixin.py:190} INFO - [2024-09-15T07:06:15.410+0000] {dag.py:3229} INFO - Sync 1 DAGs
[2024-09-15T07:06:15.454+0000] {logging_mixin.py:190} INFO - [2024-09-15T07:06:15.453+0000] {dag.py:4156} INFO - Setting next_dagrun for example_python_operator to None, run_after=None
[2024-09-15T07:06:15.525+0000] {processor.py:208} INFO - Processing /home/airflow/.local/lib/python3.12/site-packages/airflow/example_dags/example_python_operator.py took 0.218 seconds
[2024-09-15T07:06:46.365+0000] {processor.py:186} INFO - Started process (PID=967) to work on /home/airflow/.local/lib/python3.12/site-packages/airflow/example_dags/example_python_operator.py
[2024-09-15T07:06:46.368+0000] {processor.py:914} INFO - Processing file /home/airflow/.local/lib/python3.12/site-packages/airflow/example_dags/example_python_operator.py for tasks to queue
[2024-09-15T07:06:46.372+0000] {logging_mixin.py:190} INFO - [2024-09-15T07:06:46.371+0000] {dagbag.py:587} INFO - Filling up the DagBag from /home/airflow/.local/lib/python3.12/site-packages/airflow/example_dags/example_python_operator.py
[2024-09-15T07:06:46.403+0000] {processor.py:925} INFO - DAG(s) 'example_python_operator' retrieved from /home/airflow/.local/lib/python3.12/site-packages/airflow/example_dags/example_python_operator.py
[2024-09-15T07:06:46.458+0000] {logging_mixin.py:190} INFO - [2024-09-15T07:06:46.457+0000] {dag.py:3229} INFO - Sync 1 DAGs
[2024-09-15T07:06:46.501+0000] {logging_mixin.py:190} INFO - [2024-09-15T07:06:46.501+0000] {dag.py:4156} INFO - Setting next_dagrun for example_python_operator to None, run_after=None
[2024-09-15T07:06:46.552+0000] {processor.py:208} INFO - Processing /home/airflow/.local/lib/python3.12/site-packages/airflow/example_dags/example_python_operator.py took 0.201 seconds
[2024-09-15T07:07:31.178+0000] {processor.py:186} INFO - Started process (PID=1030) to work on /home/airflow/.local/lib/python3.12/site-packages/airflow/example_dags/example_python_operator.py
[2024-09-15T07:07:31.180+0000] {processor.py:914} INFO - Processing file /home/airflow/.local/lib/python3.12/site-packages/airflow/example_dags/example_python_operator.py for tasks to queue
[2024-09-15T07:07:31.182+0000] {logging_mixin.py:190} INFO - [2024-09-15T07:07:31.181+0000] {dagbag.py:587} INFO - Filling up the DagBag from /home/airflow/.local/lib/python3.12/site-packages/airflow/example_dags/example_python_operator.py
[2024-09-15T07:07:31.213+0000] {processor.py:925} INFO - DAG(s) 'example_python_operator' retrieved from /home/airflow/.local/lib/python3.12/site-packages/airflow/example_dags/example_python_operator.py
[2024-09-15T07:07:31.267+0000] {logging_mixin.py:190} INFO - [2024-09-15T07:07:31.266+0000] {dag.py:3229} INFO - Sync 1 DAGs
[2024-09-15T07:07:31.308+0000] {logging_mixin.py:190} INFO - [2024-09-15T07:07:31.307+0000] {dag.py:4156} INFO - Setting next_dagrun for example_python_operator to None, run_after=None
[2024-09-15T07:07:31.358+0000] {processor.py:208} INFO - Processing /home/airflow/.local/lib/python3.12/site-packages/airflow/example_dags/example_python_operator.py took 0.195 seconds
[2024-09-15T07:08:03.256+0000] {processor.py:186} INFO - Started process (PID=1092) to work on /home/airflow/.local/lib/python3.12/site-packages/airflow/example_dags/example_python_operator.py
[2024-09-15T07:08:03.257+0000] {processor.py:914} INFO - Processing file /home/airflow/.local/lib/python3.12/site-packages/airflow/example_dags/example_python_operator.py for tasks to queue
[2024-09-15T07:08:03.260+0000] {logging_mixin.py:190} INFO - [2024-09-15T07:08:03.260+0000] {dagbag.py:587} INFO - Filling up the DagBag from /home/airflow/.local/lib/python3.12/site-packages/airflow/example_dags/example_python_operator.py
[2024-09-15T07:08:03.321+0000] {processor.py:925} INFO - DAG(s) 'example_python_operator' retrieved from /home/airflow/.local/lib/python3.12/site-packages/airflow/example_dags/example_python_operator.py
[2024-09-15T07:08:03.473+0000] {logging_mixin.py:190} INFO - [2024-09-15T07:08:03.472+0000] {dag.py:3229} INFO - Sync 1 DAGs
[2024-09-15T07:08:03.529+0000] {logging_mixin.py:190} INFO - [2024-09-15T07:08:03.529+0000] {dag.py:4156} INFO - Setting next_dagrun for example_python_operator to None, run_after=None
[2024-09-15T07:08:03.589+0000] {processor.py:208} INFO - Processing /home/airflow/.local/lib/python3.12/site-packages/airflow/example_dags/example_python_operator.py took 0.357 seconds
[2024-09-15T07:12:22.781+0000] {processor.py:186} INFO - Started process (PID=1146) to work on /home/airflow/.local/lib/python3.12/site-packages/airflow/example_dags/example_python_operator.py
[2024-09-15T07:12:22.786+0000] {processor.py:914} INFO - Processing file /home/airflow/.local/lib/python3.12/site-packages/airflow/example_dags/example_python_operator.py for tasks to queue
[2024-09-15T07:12:22.795+0000] {logging_mixin.py:190} INFO - [2024-09-15T07:12:22.794+0000] {dagbag.py:587} INFO - Filling up the DagBag from /home/airflow/.local/lib/python3.12/site-packages/airflow/example_dags/example_python_operator.py
[2024-09-15T07:12:22.836+0000] {processor.py:925} INFO - DAG(s) 'example_python_operator' retrieved from /home/airflow/.local/lib/python3.12/site-packages/airflow/example_dags/example_python_operator.py
[2024-09-15T07:12:22.911+0000] {logging_mixin.py:190} INFO - [2024-09-15T07:12:22.910+0000] {dag.py:3229} INFO - Sync 1 DAGs
[2024-09-15T07:12:22.948+0000] {logging_mixin.py:190} INFO - [2024-09-15T07:12:22.948+0000] {dag.py:4156} INFO - Setting next_dagrun for example_python_operator to None, run_after=None
[2024-09-15T07:12:22.994+0000] {processor.py:208} INFO - Processing /home/airflow/.local/lib/python3.12/site-packages/airflow/example_dags/example_python_operator.py took 0.243 seconds
[2024-09-15T07:12:54.367+0000] {processor.py:186} INFO - Started process (PID=1208) to work on /home/airflow/.local/lib/python3.12/site-packages/airflow/example_dags/example_python_operator.py
[2024-09-15T07:12:54.370+0000] {processor.py:914} INFO - Processing file /home/airflow/.local/lib/python3.12/site-packages/airflow/example_dags/example_python_operator.py for tasks to queue
[2024-09-15T07:12:54.374+0000] {logging_mixin.py:190} INFO - [2024-09-15T07:12:54.373+0000] {dagbag.py:587} INFO - Filling up the DagBag from /home/airflow/.local/lib/python3.12/site-packages/airflow/example_dags/example_python_operator.py
[2024-09-15T07:12:54.408+0000] {processor.py:925} INFO - DAG(s) 'example_python_operator' retrieved from /home/airflow/.local/lib/python3.12/site-packages/airflow/example_dags/example_python_operator.py
[2024-09-15T07:12:54.483+0000] {logging_mixin.py:190} INFO - [2024-09-15T07:12:54.482+0000] {dag.py:3229} INFO - Sync 1 DAGs
[2024-09-15T07:12:54.525+0000] {logging_mixin.py:190} INFO - [2024-09-15T07:12:54.525+0000] {dag.py:4156} INFO - Setting next_dagrun for example_python_operator to None, run_after=None
[2024-09-15T07:12:54.571+0000] {processor.py:208} INFO - Processing /home/airflow/.local/lib/python3.12/site-packages/airflow/example_dags/example_python_operator.py took 0.218 seconds
[2024-09-15T07:13:25.301+0000] {processor.py:186} INFO - Started process (PID=1270) to work on /home/airflow/.local/lib/python3.12/site-packages/airflow/example_dags/example_python_operator.py
[2024-09-15T07:13:25.302+0000] {processor.py:914} INFO - Processing file /home/airflow/.local/lib/python3.12/site-packages/airflow/example_dags/example_python_operator.py for tasks to queue
[2024-09-15T07:13:25.305+0000] {logging_mixin.py:190} INFO - [2024-09-15T07:13:25.304+0000] {dagbag.py:587} INFO - Filling up the DagBag from /home/airflow/.local/lib/python3.12/site-packages/airflow/example_dags/example_python_operator.py
[2024-09-15T07:13:25.325+0000] {processor.py:925} INFO - DAG(s) 'example_python_operator' retrieved from /home/airflow/.local/lib/python3.12/site-packages/airflow/example_dags/example_python_operator.py
[2024-09-15T07:13:25.367+0000] {logging_mixin.py:190} INFO - [2024-09-15T07:13:25.366+0000] {dag.py:3229} INFO - Sync 1 DAGs
[2024-09-15T07:13:25.405+0000] {logging_mixin.py:190} INFO - [2024-09-15T07:13:25.404+0000] {dag.py:4156} INFO - Setting next_dagrun for example_python_operator to None, run_after=None
[2024-09-15T07:13:25.447+0000] {processor.py:208} INFO - Processing /home/airflow/.local/lib/python3.12/site-packages/airflow/example_dags/example_python_operator.py took 0.157 seconds
[2024-09-15T07:13:56.237+0000] {processor.py:186} INFO - Started process (PID=1333) to work on /home/airflow/.local/lib/python3.12/site-packages/airflow/example_dags/example_python_operator.py
[2024-09-15T07:13:56.239+0000] {processor.py:914} INFO - Processing file /home/airflow/.local/lib/python3.12/site-packages/airflow/example_dags/example_python_operator.py for tasks to queue
[2024-09-15T07:13:56.243+0000] {logging_mixin.py:190} INFO - [2024-09-15T07:13:56.242+0000] {dagbag.py:587} INFO - Filling up the DagBag from /home/airflow/.local/lib/python3.12/site-packages/airflow/example_dags/example_python_operator.py
[2024-09-15T07:13:56.275+0000] {processor.py:925} INFO - DAG(s) 'example_python_operator' retrieved from /home/airflow/.local/lib/python3.12/site-packages/airflow/example_dags/example_python_operator.py
[2024-09-15T07:13:56.337+0000] {logging_mixin.py:190} INFO - [2024-09-15T07:13:56.337+0000] {dag.py:3229} INFO - Sync 1 DAGs
[2024-09-15T07:13:56.363+0000] {logging_mixin.py:190} INFO - [2024-09-15T07:13:56.363+0000] {dag.py:4156} INFO - Setting next_dagrun for example_python_operator to None, run_after=None
[2024-09-15T07:13:56.403+0000] {processor.py:208} INFO - Processing /home/airflow/.local/lib/python3.12/site-packages/airflow/example_dags/example_python_operator.py took 0.176 seconds
[2024-09-15T07:14:27.283+0000] {processor.py:186} INFO - Started process (PID=1396) to work on /home/airflow/.local/lib/python3.12/site-packages/airflow/example_dags/example_python_operator.py
[2024-09-15T07:14:27.285+0000] {processor.py:914} INFO - Processing file /home/airflow/.local/lib/python3.12/site-packages/airflow/example_dags/example_python_operator.py for tasks to queue
[2024-09-15T07:14:27.298+0000] {logging_mixin.py:190} INFO - [2024-09-15T07:14:27.297+0000] {dagbag.py:587} INFO - Filling up the DagBag from /home/airflow/.local/lib/python3.12/site-packages/airflow/example_dags/example_python_operator.py
[2024-09-15T07:14:27.327+0000] {processor.py:925} INFO - DAG(s) 'example_python_operator' retrieved from /home/airflow/.local/lib/python3.12/site-packages/airflow/example_dags/example_python_operator.py
[2024-09-15T07:14:27.375+0000] {logging_mixin.py:190} INFO - [2024-09-15T07:14:27.374+0000] {dag.py:3229} INFO - Sync 1 DAGs
[2024-09-15T07:14:27.419+0000] {logging_mixin.py:190} INFO - [2024-09-15T07:14:27.418+0000] {dag.py:4156} INFO - Setting next_dagrun for example_python_operator to None, run_after=None
[2024-09-15T07:14:27.473+0000] {processor.py:208} INFO - Processing /home/airflow/.local/lib/python3.12/site-packages/airflow/example_dags/example_python_operator.py took 0.203 seconds
[2024-09-15T07:14:58.177+0000] {processor.py:186} INFO - Started process (PID=1458) to work on /home/airflow/.local/lib/python3.12/site-packages/airflow/example_dags/example_python_operator.py
[2024-09-15T07:14:58.179+0000] {processor.py:914} INFO - Processing file /home/airflow/.local/lib/python3.12/site-packages/airflow/example_dags/example_python_operator.py for tasks to queue
[2024-09-15T07:14:58.183+0000] {logging_mixin.py:190} INFO - [2024-09-15T07:14:58.182+0000] {dagbag.py:587} INFO - Filling up the DagBag from /home/airflow/.local/lib/python3.12/site-packages/airflow/example_dags/example_python_operator.py
[2024-09-15T07:14:58.218+0000] {processor.py:925} INFO - DAG(s) 'example_python_operator' retrieved from /home/airflow/.local/lib/python3.12/site-packages/airflow/example_dags/example_python_operator.py
[2024-09-15T07:14:58.272+0000] {logging_mixin.py:190} INFO - [2024-09-15T07:14:58.271+0000] {dag.py:3229} INFO - Sync 1 DAGs
[2024-09-15T07:14:58.307+0000] {logging_mixin.py:190} INFO - [2024-09-15T07:14:58.306+0000] {dag.py:4156} INFO - Setting next_dagrun for example_python_operator to None, run_after=None
[2024-09-15T07:14:58.357+0000] {processor.py:208} INFO - Processing /home/airflow/.local/lib/python3.12/site-packages/airflow/example_dags/example_python_operator.py took 0.195 seconds
[2024-09-15T07:15:43.993+0000] {processor.py:186} INFO - Started process (PID=1519) to work on /home/airflow/.local/lib/python3.12/site-packages/airflow/example_dags/example_python_operator.py
[2024-09-15T07:15:43.995+0000] {processor.py:914} INFO - Processing file /home/airflow/.local/lib/python3.12/site-packages/airflow/example_dags/example_python_operator.py for tasks to queue
[2024-09-15T07:15:43.998+0000] {logging_mixin.py:190} INFO - [2024-09-15T07:15:43.997+0000] {dagbag.py:587} INFO - Filling up the DagBag from /home/airflow/.local/lib/python3.12/site-packages/airflow/example_dags/example_python_operator.py
[2024-09-15T07:15:44.035+0000] {processor.py:925} INFO - DAG(s) 'example_python_operator' retrieved from /home/airflow/.local/lib/python3.12/site-packages/airflow/example_dags/example_python_operator.py
[2024-09-15T07:15:44.086+0000] {logging_mixin.py:190} INFO - [2024-09-15T07:15:44.085+0000] {dag.py:3229} INFO - Sync 1 DAGs
[2024-09-15T07:15:44.122+0000] {logging_mixin.py:190} INFO - [2024-09-15T07:15:44.121+0000] {dag.py:4156} INFO - Setting next_dagrun for example_python_operator to None, run_after=None
[2024-09-15T07:15:44.164+0000] {processor.py:208} INFO - Processing /home/airflow/.local/lib/python3.12/site-packages/airflow/example_dags/example_python_operator.py took 0.183 seconds
[2024-09-15T07:16:15.407+0000] {processor.py:186} INFO - Started process (PID=1580) to work on /home/airflow/.local/lib/python3.12/site-packages/airflow/example_dags/example_python_operator.py
[2024-09-15T07:16:15.409+0000] {processor.py:914} INFO - Processing file /home/airflow/.local/lib/python3.12/site-packages/airflow/example_dags/example_python_operator.py for tasks to queue
[2024-09-15T07:16:15.413+0000] {logging_mixin.py:190} INFO - [2024-09-15T07:16:15.412+0000] {dagbag.py:587} INFO - Filling up the DagBag from /home/airflow/.local/lib/python3.12/site-packages/airflow/example_dags/example_python_operator.py
[2024-09-15T07:16:15.452+0000] {processor.py:925} INFO - DAG(s) 'example_python_operator' retrieved from /home/airflow/.local/lib/python3.12/site-packages/airflow/example_dags/example_python_operator.py
[2024-09-15T07:16:15.533+0000] {logging_mixin.py:190} INFO - [2024-09-15T07:16:15.532+0000] {dag.py:3229} INFO - Sync 1 DAGs
[2024-09-15T07:16:15.585+0000] {logging_mixin.py:190} INFO - [2024-09-15T07:16:15.584+0000] {dag.py:4156} INFO - Setting next_dagrun for example_python_operator to None, run_after=None
[2024-09-15T07:16:15.653+0000] {processor.py:208} INFO - Processing /home/airflow/.local/lib/python3.12/site-packages/airflow/example_dags/example_python_operator.py took 0.262 seconds
[2024-09-15T07:18:26.334+0000] {processor.py:186} INFO - Started process (PID=1636) to work on /home/airflow/.local/lib/python3.12/site-packages/airflow/example_dags/example_python_operator.py
[2024-09-15T07:18:26.336+0000] {processor.py:914} INFO - Processing file /home/airflow/.local/lib/python3.12/site-packages/airflow/example_dags/example_python_operator.py for tasks to queue
[2024-09-15T07:18:26.344+0000] {logging_mixin.py:190} INFO - [2024-09-15T07:18:26.343+0000] {dagbag.py:587} INFO - Filling up the DagBag from /home/airflow/.local/lib/python3.12/site-packages/airflow/example_dags/example_python_operator.py
[2024-09-15T07:18:26.372+0000] {processor.py:925} INFO - DAG(s) 'example_python_operator' retrieved from /home/airflow/.local/lib/python3.12/site-packages/airflow/example_dags/example_python_operator.py
[2024-09-15T07:18:26.412+0000] {logging_mixin.py:190} INFO - [2024-09-15T07:18:26.412+0000] {dag.py:3229} INFO - Sync 1 DAGs
[2024-09-15T07:18:26.447+0000] {logging_mixin.py:190} INFO - [2024-09-15T07:18:26.447+0000] {dag.py:4156} INFO - Setting next_dagrun for example_python_operator to None, run_after=None
[2024-09-15T07:18:26.481+0000] {processor.py:208} INFO - Processing /home/airflow/.local/lib/python3.12/site-packages/airflow/example_dags/example_python_operator.py took 0.160 seconds
[2024-09-15T07:18:57.698+0000] {processor.py:186} INFO - Started process (PID=1698) to work on /home/airflow/.local/lib/python3.12/site-packages/airflow/example_dags/example_python_operator.py
[2024-09-15T07:18:57.701+0000] {processor.py:914} INFO - Processing file /home/airflow/.local/lib/python3.12/site-packages/airflow/example_dags/example_python_operator.py for tasks to queue
[2024-09-15T07:18:57.704+0000] {logging_mixin.py:190} INFO - [2024-09-15T07:18:57.703+0000] {dagbag.py:587} INFO - Filling up the DagBag from /home/airflow/.local/lib/python3.12/site-packages/airflow/example_dags/example_python_operator.py
[2024-09-15T07:18:57.737+0000] {processor.py:925} INFO - DAG(s) 'example_python_operator' retrieved from /home/airflow/.local/lib/python3.12/site-packages/airflow/example_dags/example_python_operator.py
[2024-09-15T07:18:57.806+0000] {logging_mixin.py:190} INFO - [2024-09-15T07:18:57.805+0000] {dag.py:3229} INFO - Sync 1 DAGs
[2024-09-15T07:18:57.848+0000] {logging_mixin.py:190} INFO - [2024-09-15T07:18:57.848+0000] {dag.py:4156} INFO - Setting next_dagrun for example_python_operator to None, run_after=None
[2024-09-15T07:18:57.895+0000] {processor.py:208} INFO - Processing /home/airflow/.local/lib/python3.12/site-packages/airflow/example_dags/example_python_operator.py took 0.214 seconds
[2024-09-15T07:19:28.475+0000] {processor.py:186} INFO - Started process (PID=1760) to work on /home/airflow/.local/lib/python3.12/site-packages/airflow/example_dags/example_python_operator.py
[2024-09-15T07:19:28.477+0000] {processor.py:914} INFO - Processing file /home/airflow/.local/lib/python3.12/site-packages/airflow/example_dags/example_python_operator.py for tasks to queue
[2024-09-15T07:19:28.479+0000] {logging_mixin.py:190} INFO - [2024-09-15T07:19:28.479+0000] {dagbag.py:587} INFO - Filling up the DagBag from /home/airflow/.local/lib/python3.12/site-packages/airflow/example_dags/example_python_operator.py
[2024-09-15T07:19:28.507+0000] {processor.py:925} INFO - DAG(s) 'example_python_operator' retrieved from /home/airflow/.local/lib/python3.12/site-packages/airflow/example_dags/example_python_operator.py
[2024-09-15T07:19:28.556+0000] {logging_mixin.py:190} INFO - [2024-09-15T07:19:28.556+0000] {dag.py:3229} INFO - Sync 1 DAGs
[2024-09-15T07:19:28.591+0000] {logging_mixin.py:190} INFO - [2024-09-15T07:19:28.590+0000] {dag.py:4156} INFO - Setting next_dagrun for example_python_operator to None, run_after=None
[2024-09-15T07:19:28.625+0000] {processor.py:208} INFO - Processing /home/airflow/.local/lib/python3.12/site-packages/airflow/example_dags/example_python_operator.py took 0.162 seconds
[2024-09-15T07:19:58.845+0000] {processor.py:186} INFO - Started process (PID=1822) to work on /home/airflow/.local/lib/python3.12/site-packages/airflow/example_dags/example_python_operator.py
[2024-09-15T07:19:58.847+0000] {processor.py:914} INFO - Processing file /home/airflow/.local/lib/python3.12/site-packages/airflow/example_dags/example_python_operator.py for tasks to queue
[2024-09-15T07:19:58.849+0000] {logging_mixin.py:190} INFO - [2024-09-15T07:19:58.849+0000] {dagbag.py:587} INFO - Filling up the DagBag from /home/airflow/.local/lib/python3.12/site-packages/airflow/example_dags/example_python_operator.py
[2024-09-15T07:19:58.879+0000] {processor.py:925} INFO - DAG(s) 'example_python_operator' retrieved from /home/airflow/.local/lib/python3.12/site-packages/airflow/example_dags/example_python_operator.py
[2024-09-15T07:19:58.920+0000] {logging_mixin.py:190} INFO - [2024-09-15T07:19:58.919+0000] {dag.py:3229} INFO - Sync 1 DAGs
[2024-09-15T07:19:58.947+0000] {logging_mixin.py:190} INFO - [2024-09-15T07:19:58.947+0000] {dag.py:4156} INFO - Setting next_dagrun for example_python_operator to None, run_after=None
[2024-09-15T07:19:58.984+0000] {processor.py:208} INFO - Processing /home/airflow/.local/lib/python3.12/site-packages/airflow/example_dags/example_python_operator.py took 0.149 seconds
[2024-09-15T07:20:35.917+0000] {processor.py:186} INFO - Started process (PID=1884) to work on /home/airflow/.local/lib/python3.12/site-packages/airflow/example_dags/example_python_operator.py
[2024-09-15T07:20:35.919+0000] {processor.py:914} INFO - Processing file /home/airflow/.local/lib/python3.12/site-packages/airflow/example_dags/example_python_operator.py for tasks to queue
[2024-09-15T07:20:35.923+0000] {logging_mixin.py:190} INFO - [2024-09-15T07:20:35.922+0000] {dagbag.py:587} INFO - Filling up the DagBag from /home/airflow/.local/lib/python3.12/site-packages/airflow/example_dags/example_python_operator.py
[2024-09-15T07:20:35.946+0000] {processor.py:925} INFO - DAG(s) 'example_python_operator' retrieved from /home/airflow/.local/lib/python3.12/site-packages/airflow/example_dags/example_python_operator.py
[2024-09-15T07:20:36.003+0000] {logging_mixin.py:190} INFO - [2024-09-15T07:20:36.002+0000] {dag.py:3229} INFO - Sync 1 DAGs
[2024-09-15T07:20:36.036+0000] {logging_mixin.py:190} INFO - [2024-09-15T07:20:36.035+0000] {dag.py:4156} INFO - Setting next_dagrun for example_python_operator to None, run_after=None
[2024-09-15T07:20:36.082+0000] {processor.py:208} INFO - Processing /home/airflow/.local/lib/python3.12/site-packages/airflow/example_dags/example_python_operator.py took 0.179 seconds
[2024-09-15T07:23:07.211+0000] {processor.py:186} INFO - Started process (PID=1946) to work on /home/airflow/.local/lib/python3.12/site-packages/airflow/example_dags/example_python_operator.py
[2024-09-15T07:23:07.213+0000] {processor.py:914} INFO - Processing file /home/airflow/.local/lib/python3.12/site-packages/airflow/example_dags/example_python_operator.py for tasks to queue
[2024-09-15T07:23:07.217+0000] {logging_mixin.py:190} INFO - [2024-09-15T07:23:07.216+0000] {dagbag.py:587} INFO - Filling up the DagBag from /home/airflow/.local/lib/python3.12/site-packages/airflow/example_dags/example_python_operator.py
[2024-09-15T07:23:07.245+0000] {processor.py:925} INFO - DAG(s) 'example_python_operator' retrieved from /home/airflow/.local/lib/python3.12/site-packages/airflow/example_dags/example_python_operator.py
[2024-09-15T07:23:07.283+0000] {logging_mixin.py:190} INFO - [2024-09-15T07:23:07.282+0000] {dag.py:3229} INFO - Sync 1 DAGs
[2024-09-15T07:23:07.319+0000] {logging_mixin.py:190} INFO - [2024-09-15T07:23:07.319+0000] {dag.py:4156} INFO - Setting next_dagrun for example_python_operator to None, run_after=None
[2024-09-15T07:23:07.357+0000] {processor.py:208} INFO - Processing /home/airflow/.local/lib/python3.12/site-packages/airflow/example_dags/example_python_operator.py took 0.158 seconds
[2024-09-15T07:23:38.749+0000] {processor.py:186} INFO - Started process (PID=2008) to work on /home/airflow/.local/lib/python3.12/site-packages/airflow/example_dags/example_python_operator.py
[2024-09-15T07:23:38.751+0000] {processor.py:914} INFO - Processing file /home/airflow/.local/lib/python3.12/site-packages/airflow/example_dags/example_python_operator.py for tasks to queue
[2024-09-15T07:23:38.756+0000] {logging_mixin.py:190} INFO - [2024-09-15T07:23:38.756+0000] {dagbag.py:587} INFO - Filling up the DagBag from /home/airflow/.local/lib/python3.12/site-packages/airflow/example_dags/example_python_operator.py
[2024-09-15T07:23:38.792+0000] {processor.py:925} INFO - DAG(s) 'example_python_operator' retrieved from /home/airflow/.local/lib/python3.12/site-packages/airflow/example_dags/example_python_operator.py
[2024-09-15T07:23:38.849+0000] {logging_mixin.py:190} INFO - [2024-09-15T07:23:38.849+0000] {dag.py:3229} INFO - Sync 1 DAGs
[2024-09-15T07:23:38.890+0000] {logging_mixin.py:190} INFO - [2024-09-15T07:23:38.889+0000] {dag.py:4156} INFO - Setting next_dagrun for example_python_operator to None, run_after=None
[2024-09-15T07:23:38.940+0000] {processor.py:208} INFO - Processing /home/airflow/.local/lib/python3.12/site-packages/airflow/example_dags/example_python_operator.py took 0.203 seconds
[2024-09-15T07:24:09.658+0000] {processor.py:186} INFO - Started process (PID=2070) to work on /home/airflow/.local/lib/python3.12/site-packages/airflow/example_dags/example_python_operator.py
[2024-09-15T07:24:09.661+0000] {processor.py:914} INFO - Processing file /home/airflow/.local/lib/python3.12/site-packages/airflow/example_dags/example_python_operator.py for tasks to queue
[2024-09-15T07:24:09.663+0000] {logging_mixin.py:190} INFO - [2024-09-15T07:24:09.662+0000] {dagbag.py:587} INFO - Filling up the DagBag from /home/airflow/.local/lib/python3.12/site-packages/airflow/example_dags/example_python_operator.py
[2024-09-15T07:24:09.685+0000] {processor.py:925} INFO - DAG(s) 'example_python_operator' retrieved from /home/airflow/.local/lib/python3.12/site-packages/airflow/example_dags/example_python_operator.py
[2024-09-15T07:24:09.728+0000] {logging_mixin.py:190} INFO - [2024-09-15T07:24:09.727+0000] {dag.py:3229} INFO - Sync 1 DAGs
[2024-09-15T07:24:09.766+0000] {logging_mixin.py:190} INFO - [2024-09-15T07:24:09.766+0000] {dag.py:4156} INFO - Setting next_dagrun for example_python_operator to None, run_after=None
[2024-09-15T07:24:09.809+0000] {processor.py:208} INFO - Processing /home/airflow/.local/lib/python3.12/site-packages/airflow/example_dags/example_python_operator.py took 0.161 seconds
[2024-09-15T07:24:41.130+0000] {processor.py:186} INFO - Started process (PID=2132) to work on /home/airflow/.local/lib/python3.12/site-packages/airflow/example_dags/example_python_operator.py
[2024-09-15T07:24:41.131+0000] {processor.py:914} INFO - Processing file /home/airflow/.local/lib/python3.12/site-packages/airflow/example_dags/example_python_operator.py for tasks to queue
[2024-09-15T07:24:41.134+0000] {logging_mixin.py:190} INFO - [2024-09-15T07:24:41.133+0000] {dagbag.py:587} INFO - Filling up the DagBag from /home/airflow/.local/lib/python3.12/site-packages/airflow/example_dags/example_python_operator.py
[2024-09-15T07:24:41.155+0000] {processor.py:925} INFO - DAG(s) 'example_python_operator' retrieved from /home/airflow/.local/lib/python3.12/site-packages/airflow/example_dags/example_python_operator.py
[2024-09-15T07:24:41.202+0000] {logging_mixin.py:190} INFO - [2024-09-15T07:24:41.202+0000] {dag.py:3229} INFO - Sync 1 DAGs
[2024-09-15T07:24:41.232+0000] {logging_mixin.py:190} INFO - [2024-09-15T07:24:41.232+0000] {dag.py:4156} INFO - Setting next_dagrun for example_python_operator to None, run_after=None
[2024-09-15T07:24:41.269+0000] {processor.py:208} INFO - Processing /home/airflow/.local/lib/python3.12/site-packages/airflow/example_dags/example_python_operator.py took 0.149 seconds
[2024-09-15T07:25:11.703+0000] {processor.py:186} INFO - Started process (PID=2194) to work on /home/airflow/.local/lib/python3.12/site-packages/airflow/example_dags/example_python_operator.py
[2024-09-15T07:25:11.706+0000] {processor.py:914} INFO - Processing file /home/airflow/.local/lib/python3.12/site-packages/airflow/example_dags/example_python_operator.py for tasks to queue
[2024-09-15T07:25:11.710+0000] {logging_mixin.py:190} INFO - [2024-09-15T07:25:11.709+0000] {dagbag.py:587} INFO - Filling up the DagBag from /home/airflow/.local/lib/python3.12/site-packages/airflow/example_dags/example_python_operator.py
[2024-09-15T07:25:11.748+0000] {processor.py:925} INFO - DAG(s) 'example_python_operator' retrieved from /home/airflow/.local/lib/python3.12/site-packages/airflow/example_dags/example_python_operator.py
[2024-09-15T07:25:11.816+0000] {logging_mixin.py:190} INFO - [2024-09-15T07:25:11.816+0000] {dag.py:3229} INFO - Sync 1 DAGs
[2024-09-15T07:25:11.848+0000] {logging_mixin.py:190} INFO - [2024-09-15T07:25:11.847+0000] {dag.py:4156} INFO - Setting next_dagrun for example_python_operator to None, run_after=None
[2024-09-15T07:25:11.895+0000] {processor.py:208} INFO - Processing /home/airflow/.local/lib/python3.12/site-packages/airflow/example_dags/example_python_operator.py took 0.210 seconds
[2024-09-15T08:02:21.505+0000] {processor.py:186} INFO - Started process (PID=2251) to work on /home/airflow/.local/lib/python3.12/site-packages/airflow/example_dags/example_python_operator.py
[2024-09-15T08:02:21.510+0000] {processor.py:914} INFO - Processing file /home/airflow/.local/lib/python3.12/site-packages/airflow/example_dags/example_python_operator.py for tasks to queue
[2024-09-15T08:02:21.527+0000] {logging_mixin.py:190} INFO - [2024-09-15T08:02:21.525+0000] {dagbag.py:587} INFO - Filling up the DagBag from /home/airflow/.local/lib/python3.12/site-packages/airflow/example_dags/example_python_operator.py
[2024-09-15T08:02:21.614+0000] {processor.py:925} INFO - DAG(s) 'example_python_operator' retrieved from /home/airflow/.local/lib/python3.12/site-packages/airflow/example_dags/example_python_operator.py
[2024-09-15T08:02:21.781+0000] {logging_mixin.py:190} INFO - [2024-09-15T08:02:21.781+0000] {dag.py:3229} INFO - Sync 1 DAGs
[2024-09-15T08:02:21.933+0000] {logging_mixin.py:190} INFO - [2024-09-15T08:02:21.933+0000] {dag.py:4156} INFO - Setting next_dagrun for example_python_operator to None, run_after=None
[2024-09-15T08:02:22.101+0000] {processor.py:208} INFO - Processing /home/airflow/.local/lib/python3.12/site-packages/airflow/example_dags/example_python_operator.py took 0.632 seconds
[2024-09-15T08:04:57.516+0000] {processor.py:186} INFO - Started process (PID=2340) to work on /home/airflow/.local/lib/python3.12/site-packages/airflow/example_dags/example_python_operator.py
[2024-09-15T08:04:57.518+0000] {processor.py:914} INFO - Processing file /home/airflow/.local/lib/python3.12/site-packages/airflow/example_dags/example_python_operator.py for tasks to queue
[2024-09-15T08:04:57.520+0000] {logging_mixin.py:190} INFO - [2024-09-15T08:04:57.520+0000] {dagbag.py:587} INFO - Filling up the DagBag from /home/airflow/.local/lib/python3.12/site-packages/airflow/example_dags/example_python_operator.py
[2024-09-15T08:04:57.546+0000] {processor.py:925} INFO - DAG(s) 'example_python_operator' retrieved from /home/airflow/.local/lib/python3.12/site-packages/airflow/example_dags/example_python_operator.py
[2024-09-15T08:04:57.588+0000] {logging_mixin.py:190} INFO - [2024-09-15T08:04:57.588+0000] {dag.py:3229} INFO - Sync 1 DAGs
[2024-09-15T08:04:57.620+0000] {logging_mixin.py:190} INFO - [2024-09-15T08:04:57.619+0000] {dag.py:4156} INFO - Setting next_dagrun for example_python_operator to None, run_after=None
[2024-09-15T08:04:57.677+0000] {processor.py:208} INFO - Processing /home/airflow/.local/lib/python3.12/site-packages/airflow/example_dags/example_python_operator.py took 0.171 seconds
[2024-09-15T08:05:29.523+0000] {processor.py:186} INFO - Started process (PID=2402) to work on /home/airflow/.local/lib/python3.12/site-packages/airflow/example_dags/example_python_operator.py
[2024-09-15T08:05:29.527+0000] {processor.py:914} INFO - Processing file /home/airflow/.local/lib/python3.12/site-packages/airflow/example_dags/example_python_operator.py for tasks to queue
[2024-09-15T08:05:29.530+0000] {logging_mixin.py:190} INFO - [2024-09-15T08:05:29.529+0000] {dagbag.py:587} INFO - Filling up the DagBag from /home/airflow/.local/lib/python3.12/site-packages/airflow/example_dags/example_python_operator.py
[2024-09-15T08:05:29.587+0000] {processor.py:925} INFO - DAG(s) 'example_python_operator' retrieved from /home/airflow/.local/lib/python3.12/site-packages/airflow/example_dags/example_python_operator.py
[2024-09-15T08:05:29.711+0000] {logging_mixin.py:190} INFO - [2024-09-15T08:05:29.711+0000] {dag.py:3229} INFO - Sync 1 DAGs
[2024-09-15T08:05:29.777+0000] {logging_mixin.py:190} INFO - [2024-09-15T08:05:29.776+0000] {dag.py:4156} INFO - Setting next_dagrun for example_python_operator to None, run_after=None
[2024-09-15T08:05:29.844+0000] {processor.py:208} INFO - Processing /home/airflow/.local/lib/python3.12/site-packages/airflow/example_dags/example_python_operator.py took 0.338 seconds
[2024-09-15T08:06:00.175+0000] {processor.py:186} INFO - Started process (PID=2464) to work on /home/airflow/.local/lib/python3.12/site-packages/airflow/example_dags/example_python_operator.py
[2024-09-15T08:06:00.177+0000] {processor.py:914} INFO - Processing file /home/airflow/.local/lib/python3.12/site-packages/airflow/example_dags/example_python_operator.py for tasks to queue
[2024-09-15T08:06:00.181+0000] {logging_mixin.py:190} INFO - [2024-09-15T08:06:00.180+0000] {dagbag.py:587} INFO - Filling up the DagBag from /home/airflow/.local/lib/python3.12/site-packages/airflow/example_dags/example_python_operator.py
[2024-09-15T08:06:00.228+0000] {processor.py:925} INFO - DAG(s) 'example_python_operator' retrieved from /home/airflow/.local/lib/python3.12/site-packages/airflow/example_dags/example_python_operator.py
[2024-09-15T08:06:00.284+0000] {logging_mixin.py:190} INFO - [2024-09-15T08:06:00.284+0000] {dag.py:3229} INFO - Sync 1 DAGs
[2024-09-15T08:06:00.326+0000] {logging_mixin.py:190} INFO - [2024-09-15T08:06:00.326+0000] {dag.py:4156} INFO - Setting next_dagrun for example_python_operator to None, run_after=None
[2024-09-15T08:06:00.378+0000] {processor.py:208} INFO - Processing /home/airflow/.local/lib/python3.12/site-packages/airflow/example_dags/example_python_operator.py took 0.218 seconds
[2024-09-15T08:06:30.982+0000] {processor.py:186} INFO - Started process (PID=2526) to work on /home/airflow/.local/lib/python3.12/site-packages/airflow/example_dags/example_python_operator.py
[2024-09-15T08:06:30.996+0000] {processor.py:914} INFO - Processing file /home/airflow/.local/lib/python3.12/site-packages/airflow/example_dags/example_python_operator.py for tasks to queue
[2024-09-15T08:06:31.000+0000] {logging_mixin.py:190} INFO - [2024-09-15T08:06:30.999+0000] {dagbag.py:587} INFO - Filling up the DagBag from /home/airflow/.local/lib/python3.12/site-packages/airflow/example_dags/example_python_operator.py
[2024-09-15T08:06:31.074+0000] {processor.py:925} INFO - DAG(s) 'example_python_operator' retrieved from /home/airflow/.local/lib/python3.12/site-packages/airflow/example_dags/example_python_operator.py
[2024-09-15T08:06:31.142+0000] {logging_mixin.py:190} INFO - [2024-09-15T08:06:31.141+0000] {dag.py:3229} INFO - Sync 1 DAGs
[2024-09-15T08:06:31.188+0000] {logging_mixin.py:190} INFO - [2024-09-15T08:06:31.187+0000] {dag.py:4156} INFO - Setting next_dagrun for example_python_operator to None, run_after=None
[2024-09-15T08:06:31.277+0000] {processor.py:208} INFO - Processing /home/airflow/.local/lib/python3.12/site-packages/airflow/example_dags/example_python_operator.py took 0.330 seconds
[2024-09-15T08:07:02.578+0000] {processor.py:186} INFO - Started process (PID=2588) to work on /home/airflow/.local/lib/python3.12/site-packages/airflow/example_dags/example_python_operator.py
[2024-09-15T08:07:02.580+0000] {processor.py:914} INFO - Processing file /home/airflow/.local/lib/python3.12/site-packages/airflow/example_dags/example_python_operator.py for tasks to queue
[2024-09-15T08:07:02.584+0000] {logging_mixin.py:190} INFO - [2024-09-15T08:07:02.583+0000] {dagbag.py:587} INFO - Filling up the DagBag from /home/airflow/.local/lib/python3.12/site-packages/airflow/example_dags/example_python_operator.py
[2024-09-15T08:07:02.610+0000] {processor.py:925} INFO - DAG(s) 'example_python_operator' retrieved from /home/airflow/.local/lib/python3.12/site-packages/airflow/example_dags/example_python_operator.py
[2024-09-15T08:07:02.670+0000] {logging_mixin.py:190} INFO - [2024-09-15T08:07:02.669+0000] {dag.py:3229} INFO - Sync 1 DAGs
[2024-09-15T08:07:02.715+0000] {logging_mixin.py:190} INFO - [2024-09-15T08:07:02.714+0000] {dag.py:4156} INFO - Setting next_dagrun for example_python_operator to None, run_after=None
[2024-09-15T08:07:02.759+0000] {processor.py:208} INFO - Processing /home/airflow/.local/lib/python3.12/site-packages/airflow/example_dags/example_python_operator.py took 0.195 seconds
[2024-09-15T08:07:35.730+0000] {processor.py:186} INFO - Started process (PID=2651) to work on /home/airflow/.local/lib/python3.12/site-packages/airflow/example_dags/example_python_operator.py
[2024-09-15T08:07:35.732+0000] {processor.py:914} INFO - Processing file /home/airflow/.local/lib/python3.12/site-packages/airflow/example_dags/example_python_operator.py for tasks to queue
[2024-09-15T08:07:35.735+0000] {logging_mixin.py:190} INFO - [2024-09-15T08:07:35.734+0000] {dagbag.py:587} INFO - Filling up the DagBag from /home/airflow/.local/lib/python3.12/site-packages/airflow/example_dags/example_python_operator.py
[2024-09-15T08:07:35.771+0000] {processor.py:925} INFO - DAG(s) 'example_python_operator' retrieved from /home/airflow/.local/lib/python3.12/site-packages/airflow/example_dags/example_python_operator.py
[2024-09-15T08:07:35.843+0000] {logging_mixin.py:190} INFO - [2024-09-15T08:07:35.842+0000] {dag.py:3229} INFO - Sync 1 DAGs
[2024-09-15T08:07:35.892+0000] {logging_mixin.py:190} INFO - [2024-09-15T08:07:35.892+0000] {dag.py:4156} INFO - Setting next_dagrun for example_python_operator to None, run_after=None
[2024-09-15T08:07:35.948+0000] {processor.py:208} INFO - Processing /home/airflow/.local/lib/python3.12/site-packages/airflow/example_dags/example_python_operator.py took 0.232 seconds
