[2024-09-15T06:54:04.970+0000] {processor.py:186} INFO - Started process (PID=129) to work on /home/airflow/.local/lib/python3.12/site-packages/airflow/example_dags/example_dataset_alias_with_no_taskflow.py
[2024-09-15T06:54:04.975+0000] {processor.py:914} INFO - Processing file /home/airflow/.local/lib/python3.12/site-packages/airflow/example_dags/example_dataset_alias_with_no_taskflow.py for tasks to queue
[2024-09-15T06:54:04.982+0000] {logging_mixin.py:190} INFO - [2024-09-15T06:54:04.980+0000] {dagbag.py:587} INFO - Filling up the DagBag from /home/airflow/.local/lib/python3.12/site-packages/airflow/example_dags/example_dataset_alias_with_no_taskflow.py
[2024-09-15T06:54:05.916+0000] {processor.py:925} INFO - DAG(s) 'dataset_s3_bucket_consumer_with_no_taskflow', 'dataset_alias_example_alias_consumer_with_no_taskflow', 'dataset_alias_example_alias_producer_with_no_taskflow', 'dataset_s3_bucket_producer_with_no_taskflow' retrieved from /home/airflow/.local/lib/python3.12/site-packages/airflow/example_dags/example_dataset_alias_with_no_taskflow.py
[2024-09-15T06:54:06.155+0000] {logging_mixin.py:190} INFO - [2024-09-15T06:54:06.154+0000] {override.py:1900} INFO - Created Permission View: can delete on DAG:dataset_s3_bucket_consumer_with_no_taskflow
[2024-09-15T06:54:06.178+0000] {logging_mixin.py:190} INFO - [2024-09-15T06:54:06.178+0000] {override.py:1900} INFO - Created Permission View: can edit on DAG:dataset_s3_bucket_consumer_with_no_taskflow
[2024-09-15T06:54:06.205+0000] {logging_mixin.py:190} INFO - [2024-09-15T06:54:06.204+0000] {override.py:1900} INFO - Created Permission View: can read on DAG:dataset_s3_bucket_consumer_with_no_taskflow
[2024-09-15T06:54:06.229+0000] {logging_mixin.py:190} INFO - [2024-09-15T06:54:06.229+0000] {override.py:1900} INFO - Created Permission View: can delete on DAG Run:dataset_s3_bucket_consumer_with_no_taskflow
[2024-09-15T06:54:06.253+0000] {logging_mixin.py:190} INFO - [2024-09-15T06:54:06.252+0000] {override.py:1900} INFO - Created Permission View: can create on DAG Run:dataset_s3_bucket_consumer_with_no_taskflow
[2024-09-15T06:54:06.285+0000] {logging_mixin.py:190} INFO - [2024-09-15T06:54:06.284+0000] {override.py:1900} INFO - Created Permission View: can read on DAG Run:dataset_s3_bucket_consumer_with_no_taskflow
[2024-09-15T06:54:06.310+0000] {logging_mixin.py:190} INFO - [2024-09-15T06:54:06.309+0000] {override.py:1900} INFO - Created Permission View: menu access on DAG Run:dataset_s3_bucket_consumer_with_no_taskflow
[2024-09-15T06:54:06.362+0000] {logging_mixin.py:190} INFO - [2024-09-15T06:54:06.361+0000] {override.py:1900} INFO - Created Permission View: can delete on DAG:dataset_alias_example_alias_consumer_with_no_taskflow
[2024-09-15T06:54:06.383+0000] {logging_mixin.py:190} INFO - [2024-09-15T06:54:06.382+0000] {override.py:1900} INFO - Created Permission View: can edit on DAG:dataset_alias_example_alias_consumer_with_no_taskflow
[2024-09-15T06:54:06.407+0000] {logging_mixin.py:190} INFO - [2024-09-15T06:54:06.407+0000] {override.py:1900} INFO - Created Permission View: can read on DAG:dataset_alias_example_alias_consumer_with_no_taskflow
[2024-09-15T06:54:06.435+0000] {logging_mixin.py:190} INFO - [2024-09-15T06:54:06.434+0000] {override.py:1900} INFO - Created Permission View: can delete on DAG Run:dataset_alias_example_alias_consumer_with_no_taskflow
[2024-09-15T06:54:06.461+0000] {logging_mixin.py:190} INFO - [2024-09-15T06:54:06.460+0000] {override.py:1900} INFO - Created Permission View: can create on DAG Run:dataset_alias_example_alias_consumer_with_no_taskflow
[2024-09-15T06:54:06.485+0000] {logging_mixin.py:190} INFO - [2024-09-15T06:54:06.484+0000] {override.py:1900} INFO - Created Permission View: can read on DAG Run:dataset_alias_example_alias_consumer_with_no_taskflow
[2024-09-15T06:54:06.509+0000] {logging_mixin.py:190} INFO - [2024-09-15T06:54:06.508+0000] {override.py:1900} INFO - Created Permission View: menu access on DAG Run:dataset_alias_example_alias_consumer_with_no_taskflow
[2024-09-15T06:54:06.560+0000] {logging_mixin.py:190} INFO - [2024-09-15T06:54:06.559+0000] {override.py:1900} INFO - Created Permission View: can delete on DAG:dataset_alias_example_alias_producer_with_no_taskflow
[2024-09-15T06:54:06.586+0000] {logging_mixin.py:190} INFO - [2024-09-15T06:54:06.585+0000] {override.py:1900} INFO - Created Permission View: can edit on DAG:dataset_alias_example_alias_producer_with_no_taskflow
[2024-09-15T06:54:06.608+0000] {logging_mixin.py:190} INFO - [2024-09-15T06:54:06.607+0000] {override.py:1900} INFO - Created Permission View: can read on DAG:dataset_alias_example_alias_producer_with_no_taskflow
[2024-09-15T06:54:06.641+0000] {logging_mixin.py:190} INFO - [2024-09-15T06:54:06.640+0000] {override.py:1900} INFO - Created Permission View: can delete on DAG Run:dataset_alias_example_alias_producer_with_no_taskflow
[2024-09-15T06:54:06.664+0000] {logging_mixin.py:190} INFO - [2024-09-15T06:54:06.663+0000] {override.py:1900} INFO - Created Permission View: can create on DAG Run:dataset_alias_example_alias_producer_with_no_taskflow
[2024-09-15T06:54:06.688+0000] {logging_mixin.py:190} INFO - [2024-09-15T06:54:06.687+0000] {override.py:1900} INFO - Created Permission View: can read on DAG Run:dataset_alias_example_alias_producer_with_no_taskflow
[2024-09-15T06:54:06.717+0000] {logging_mixin.py:190} INFO - [2024-09-15T06:54:06.716+0000] {override.py:1900} INFO - Created Permission View: menu access on DAG Run:dataset_alias_example_alias_producer_with_no_taskflow
[2024-09-15T06:54:06.770+0000] {logging_mixin.py:190} INFO - [2024-09-15T06:54:06.769+0000] {override.py:1900} INFO - Created Permission View: can delete on DAG:dataset_s3_bucket_producer_with_no_taskflow
[2024-09-15T06:54:06.819+0000] {logging_mixin.py:190} INFO - [2024-09-15T06:54:06.815+0000] {override.py:1900} INFO - Created Permission View: can edit on DAG:dataset_s3_bucket_producer_with_no_taskflow
[2024-09-15T06:54:06.847+0000] {logging_mixin.py:190} INFO - [2024-09-15T06:54:06.846+0000] {override.py:1900} INFO - Created Permission View: can read on DAG:dataset_s3_bucket_producer_with_no_taskflow
[2024-09-15T06:54:06.879+0000] {logging_mixin.py:190} INFO - [2024-09-15T06:54:06.879+0000] {override.py:1900} INFO - Created Permission View: can delete on DAG Run:dataset_s3_bucket_producer_with_no_taskflow
[2024-09-15T06:54:06.905+0000] {logging_mixin.py:190} INFO - [2024-09-15T06:54:06.904+0000] {override.py:1900} INFO - Created Permission View: can create on DAG Run:dataset_s3_bucket_producer_with_no_taskflow
[2024-09-15T06:54:06.923+0000] {logging_mixin.py:190} INFO - [2024-09-15T06:54:06.922+0000] {override.py:1900} INFO - Created Permission View: can read on DAG Run:dataset_s3_bucket_producer_with_no_taskflow
[2024-09-15T06:54:06.940+0000] {logging_mixin.py:190} INFO - [2024-09-15T06:54:06.939+0000] {override.py:1900} INFO - Created Permission View: menu access on DAG Run:dataset_s3_bucket_producer_with_no_taskflow
[2024-09-15T06:54:06.941+0000] {logging_mixin.py:190} INFO - [2024-09-15T06:54:06.941+0000] {dag.py:3229} INFO - Sync 4 DAGs
[2024-09-15T06:54:06.994+0000] {logging_mixin.py:190} INFO - [2024-09-15T06:54:06.992+0000] {dag.py:3252} INFO - Creating ORM DAG for dataset_s3_bucket_producer_with_no_taskflow
[2024-09-15T06:54:06.997+0000] {logging_mixin.py:190} INFO - [2024-09-15T06:54:06.997+0000] {dag.py:3252} INFO - Creating ORM DAG for dataset_s3_bucket_consumer_with_no_taskflow
[2024-09-15T06:54:06.999+0000] {logging_mixin.py:190} INFO - [2024-09-15T06:54:06.999+0000] {dag.py:3252} INFO - Creating ORM DAG for dataset_alias_example_alias_producer_with_no_taskflow
[2024-09-15T06:54:07.001+0000] {logging_mixin.py:190} INFO - [2024-09-15T06:54:07.001+0000] {dag.py:3252} INFO - Creating ORM DAG for dataset_alias_example_alias_consumer_with_no_taskflow
[2024-09-15T06:54:07.023+0000] {logging_mixin.py:190} INFO - [2024-09-15T06:54:07.023+0000] {dag.py:4156} INFO - Setting next_dagrun for dataset_alias_example_alias_consumer_with_no_taskflow to None, run_after=None
[2024-09-15T06:54:07.026+0000] {logging_mixin.py:190} INFO - [2024-09-15T06:54:07.026+0000] {dag.py:4156} INFO - Setting next_dagrun for dataset_alias_example_alias_producer_with_no_taskflow to None, run_after=None
[2024-09-15T06:54:07.029+0000] {logging_mixin.py:190} INFO - [2024-09-15T06:54:07.028+0000] {dag.py:4156} INFO - Setting next_dagrun for dataset_s3_bucket_consumer_with_no_taskflow to None, run_after=None
[2024-09-15T06:54:07.031+0000] {logging_mixin.py:190} INFO - [2024-09-15T06:54:07.030+0000] {dag.py:4156} INFO - Setting next_dagrun for dataset_s3_bucket_producer_with_no_taskflow to None, run_after=None
[2024-09-15T06:54:07.322+0000] {processor.py:208} INFO - Processing /home/airflow/.local/lib/python3.12/site-packages/airflow/example_dags/example_dataset_alias_with_no_taskflow.py took 2.364 seconds
[2024-09-15T06:54:37.693+0000] {processor.py:186} INFO - Started process (PID=199) to work on /home/airflow/.local/lib/python3.12/site-packages/airflow/example_dags/example_dataset_alias_with_no_taskflow.py
[2024-09-15T06:54:37.695+0000] {processor.py:914} INFO - Processing file /home/airflow/.local/lib/python3.12/site-packages/airflow/example_dags/example_dataset_alias_with_no_taskflow.py for tasks to queue
[2024-09-15T06:54:37.700+0000] {logging_mixin.py:190} INFO - [2024-09-15T06:54:37.700+0000] {dagbag.py:587} INFO - Filling up the DagBag from /home/airflow/.local/lib/python3.12/site-packages/airflow/example_dags/example_dataset_alias_with_no_taskflow.py
[2024-09-15T06:54:38.877+0000] {processor.py:925} INFO - DAG(s) 'dataset_s3_bucket_consumer_with_no_taskflow', 'dataset_alias_example_alias_producer_with_no_taskflow', 'dataset_s3_bucket_producer_with_no_taskflow', 'dataset_alias_example_alias_consumer_with_no_taskflow' retrieved from /home/airflow/.local/lib/python3.12/site-packages/airflow/example_dags/example_dataset_alias_with_no_taskflow.py
[2024-09-15T06:54:38.989+0000] {logging_mixin.py:190} INFO - [2024-09-15T06:54:38.987+0000] {dag.py:3229} INFO - Sync 4 DAGs
[2024-09-15T06:54:39.057+0000] {logging_mixin.py:190} INFO - [2024-09-15T06:54:39.056+0000] {dag.py:4156} INFO - Setting next_dagrun for dataset_alias_example_alias_consumer_with_no_taskflow to None, run_after=None
[2024-09-15T06:54:39.064+0000] {logging_mixin.py:190} INFO - [2024-09-15T06:54:39.063+0000] {dag.py:4156} INFO - Setting next_dagrun for dataset_alias_example_alias_producer_with_no_taskflow to None, run_after=None
[2024-09-15T06:54:39.068+0000] {logging_mixin.py:190} INFO - [2024-09-15T06:54:39.067+0000] {dag.py:4156} INFO - Setting next_dagrun for dataset_s3_bucket_consumer_with_no_taskflow to None, run_after=None
[2024-09-15T06:54:39.071+0000] {logging_mixin.py:190} INFO - [2024-09-15T06:54:39.070+0000] {dag.py:4156} INFO - Setting next_dagrun for dataset_s3_bucket_producer_with_no_taskflow to None, run_after=None
[2024-09-15T06:54:39.130+0000] {processor.py:208} INFO - Processing /home/airflow/.local/lib/python3.12/site-packages/airflow/example_dags/example_dataset_alias_with_no_taskflow.py took 1.450 seconds
[2024-09-15T06:55:12.214+0000] {processor.py:186} INFO - Started process (PID=266) to work on /home/airflow/.local/lib/python3.12/site-packages/airflow/example_dags/example_dataset_alias_with_no_taskflow.py
[2024-09-15T06:55:12.235+0000] {processor.py:914} INFO - Processing file /home/airflow/.local/lib/python3.12/site-packages/airflow/example_dags/example_dataset_alias_with_no_taskflow.py for tasks to queue
[2024-09-15T06:55:12.247+0000] {logging_mixin.py:190} INFO - [2024-09-15T06:55:12.247+0000] {dagbag.py:587} INFO - Filling up the DagBag from /home/airflow/.local/lib/python3.12/site-packages/airflow/example_dags/example_dataset_alias_with_no_taskflow.py
[2024-09-15T06:55:13.779+0000] {processor.py:925} INFO - DAG(s) 'dataset_alias_example_alias_producer_with_no_taskflow', 'dataset_s3_bucket_producer_with_no_taskflow', 'dataset_s3_bucket_consumer_with_no_taskflow', 'dataset_alias_example_alias_consumer_with_no_taskflow' retrieved from /home/airflow/.local/lib/python3.12/site-packages/airflow/example_dags/example_dataset_alias_with_no_taskflow.py
[2024-09-15T06:55:13.857+0000] {logging_mixin.py:190} INFO - [2024-09-15T06:55:13.856+0000] {dag.py:3229} INFO - Sync 4 DAGs
[2024-09-15T06:55:13.964+0000] {logging_mixin.py:190} INFO - [2024-09-15T06:55:13.963+0000] {dag.py:4156} INFO - Setting next_dagrun for dataset_alias_example_alias_consumer_with_no_taskflow to None, run_after=None
[2024-09-15T06:55:13.974+0000] {logging_mixin.py:190} INFO - [2024-09-15T06:55:13.972+0000] {dag.py:4156} INFO - Setting next_dagrun for dataset_alias_example_alias_producer_with_no_taskflow to None, run_after=None
[2024-09-15T06:55:13.981+0000] {logging_mixin.py:190} INFO - [2024-09-15T06:55:13.980+0000] {dag.py:4156} INFO - Setting next_dagrun for dataset_s3_bucket_consumer_with_no_taskflow to None, run_after=None
[2024-09-15T06:55:13.986+0000] {logging_mixin.py:190} INFO - [2024-09-15T06:55:13.986+0000] {dag.py:4156} INFO - Setting next_dagrun for dataset_s3_bucket_producer_with_no_taskflow to None, run_after=None
[2024-09-15T06:55:14.119+0000] {processor.py:208} INFO - Processing /home/airflow/.local/lib/python3.12/site-packages/airflow/example_dags/example_dataset_alias_with_no_taskflow.py took 1.951 seconds
[2024-09-15T06:57:55.704+0000] {processor.py:186} INFO - Started process (PID=349) to work on /home/airflow/.local/lib/python3.12/site-packages/airflow/example_dags/example_dataset_alias_with_no_taskflow.py
[2024-09-15T06:57:55.705+0000] {processor.py:914} INFO - Processing file /home/airflow/.local/lib/python3.12/site-packages/airflow/example_dags/example_dataset_alias_with_no_taskflow.py for tasks to queue
[2024-09-15T06:57:55.708+0000] {logging_mixin.py:190} INFO - [2024-09-15T06:57:55.707+0000] {dagbag.py:587} INFO - Filling up the DagBag from /home/airflow/.local/lib/python3.12/site-packages/airflow/example_dags/example_dataset_alias_with_no_taskflow.py
[2024-09-15T06:57:56.021+0000] {processor.py:925} INFO - DAG(s) 'dataset_alias_example_alias_consumer_with_no_taskflow', 'dataset_s3_bucket_consumer_with_no_taskflow', 'dataset_s3_bucket_producer_with_no_taskflow', 'dataset_alias_example_alias_producer_with_no_taskflow' retrieved from /home/airflow/.local/lib/python3.12/site-packages/airflow/example_dags/example_dataset_alias_with_no_taskflow.py
[2024-09-15T06:57:56.074+0000] {logging_mixin.py:190} INFO - [2024-09-15T06:57:56.074+0000] {dag.py:3229} INFO - Sync 4 DAGs
[2024-09-15T06:57:56.119+0000] {logging_mixin.py:190} INFO - [2024-09-15T06:57:56.118+0000] {dag.py:4156} INFO - Setting next_dagrun for dataset_alias_example_alias_consumer_with_no_taskflow to None, run_after=None
[2024-09-15T06:57:56.124+0000] {logging_mixin.py:190} INFO - [2024-09-15T06:57:56.123+0000] {dag.py:4156} INFO - Setting next_dagrun for dataset_alias_example_alias_producer_with_no_taskflow to None, run_after=None
[2024-09-15T06:57:56.127+0000] {logging_mixin.py:190} INFO - [2024-09-15T06:57:56.126+0000] {dag.py:4156} INFO - Setting next_dagrun for dataset_s3_bucket_consumer_with_no_taskflow to None, run_after=None
[2024-09-15T06:57:56.130+0000] {logging_mixin.py:190} INFO - [2024-09-15T06:57:56.130+0000] {dag.py:4156} INFO - Setting next_dagrun for dataset_s3_bucket_producer_with_no_taskflow to None, run_after=None
[2024-09-15T06:57:56.172+0000] {processor.py:208} INFO - Processing /home/airflow/.local/lib/python3.12/site-packages/airflow/example_dags/example_dataset_alias_with_no_taskflow.py took 0.480 seconds
[2024-09-15T06:58:26.266+0000] {processor.py:186} INFO - Started process (PID=412) to work on /home/airflow/.local/lib/python3.12/site-packages/airflow/example_dags/example_dataset_alias_with_no_taskflow.py
[2024-09-15T06:58:26.267+0000] {processor.py:914} INFO - Processing file /home/airflow/.local/lib/python3.12/site-packages/airflow/example_dags/example_dataset_alias_with_no_taskflow.py for tasks to queue
[2024-09-15T06:58:26.270+0000] {logging_mixin.py:190} INFO - [2024-09-15T06:58:26.269+0000] {dagbag.py:587} INFO - Filling up the DagBag from /home/airflow/.local/lib/python3.12/site-packages/airflow/example_dags/example_dataset_alias_with_no_taskflow.py
[2024-09-15T06:58:26.605+0000] {processor.py:925} INFO - DAG(s) 'dataset_s3_bucket_consumer_with_no_taskflow', 'dataset_alias_example_alias_producer_with_no_taskflow', 'dataset_s3_bucket_producer_with_no_taskflow', 'dataset_alias_example_alias_consumer_with_no_taskflow' retrieved from /home/airflow/.local/lib/python3.12/site-packages/airflow/example_dags/example_dataset_alias_with_no_taskflow.py
[2024-09-15T06:58:26.658+0000] {logging_mixin.py:190} INFO - [2024-09-15T06:58:26.658+0000] {dag.py:3229} INFO - Sync 4 DAGs
[2024-09-15T06:58:26.735+0000] {logging_mixin.py:190} INFO - [2024-09-15T06:58:26.734+0000] {dag.py:4156} INFO - Setting next_dagrun for dataset_alias_example_alias_consumer_with_no_taskflow to None, run_after=None
[2024-09-15T06:58:26.744+0000] {logging_mixin.py:190} INFO - [2024-09-15T06:58:26.744+0000] {dag.py:4156} INFO - Setting next_dagrun for dataset_alias_example_alias_producer_with_no_taskflow to None, run_after=None
[2024-09-15T06:58:26.748+0000] {logging_mixin.py:190} INFO - [2024-09-15T06:58:26.748+0000] {dag.py:4156} INFO - Setting next_dagrun for dataset_s3_bucket_consumer_with_no_taskflow to None, run_after=None
[2024-09-15T06:58:26.752+0000] {logging_mixin.py:190} INFO - [2024-09-15T06:58:26.751+0000] {dag.py:4156} INFO - Setting next_dagrun for dataset_s3_bucket_producer_with_no_taskflow to None, run_after=None
[2024-09-15T06:58:26.810+0000] {processor.py:208} INFO - Processing /home/airflow/.local/lib/python3.12/site-packages/airflow/example_dags/example_dataset_alias_with_no_taskflow.py took 0.555 seconds
[2024-09-15T06:58:57.829+0000] {processor.py:186} INFO - Started process (PID=473) to work on /home/airflow/.local/lib/python3.12/site-packages/airflow/example_dags/example_dataset_alias_with_no_taskflow.py
[2024-09-15T06:58:57.831+0000] {processor.py:914} INFO - Processing file /home/airflow/.local/lib/python3.12/site-packages/airflow/example_dags/example_dataset_alias_with_no_taskflow.py for tasks to queue
[2024-09-15T06:58:57.835+0000] {logging_mixin.py:190} INFO - [2024-09-15T06:58:57.834+0000] {dagbag.py:587} INFO - Filling up the DagBag from /home/airflow/.local/lib/python3.12/site-packages/airflow/example_dags/example_dataset_alias_with_no_taskflow.py
[2024-09-15T06:58:58.278+0000] {processor.py:925} INFO - DAG(s) 'dataset_s3_bucket_producer_with_no_taskflow', 'dataset_alias_example_alias_consumer_with_no_taskflow', 'dataset_alias_example_alias_producer_with_no_taskflow', 'dataset_s3_bucket_consumer_with_no_taskflow' retrieved from /home/airflow/.local/lib/python3.12/site-packages/airflow/example_dags/example_dataset_alias_with_no_taskflow.py
[2024-09-15T06:58:58.335+0000] {logging_mixin.py:190} INFO - [2024-09-15T06:58:58.334+0000] {dag.py:3229} INFO - Sync 4 DAGs
[2024-09-15T06:58:58.416+0000] {logging_mixin.py:190} INFO - [2024-09-15T06:58:58.416+0000] {dag.py:4156} INFO - Setting next_dagrun for dataset_alias_example_alias_consumer_with_no_taskflow to None, run_after=None
[2024-09-15T06:58:58.424+0000] {logging_mixin.py:190} INFO - [2024-09-15T06:58:58.424+0000] {dag.py:4156} INFO - Setting next_dagrun for dataset_alias_example_alias_producer_with_no_taskflow to None, run_after=None
[2024-09-15T06:58:58.428+0000] {logging_mixin.py:190} INFO - [2024-09-15T06:58:58.428+0000] {dag.py:4156} INFO - Setting next_dagrun for dataset_s3_bucket_consumer_with_no_taskflow to None, run_after=None
[2024-09-15T06:58:58.432+0000] {logging_mixin.py:190} INFO - [2024-09-15T06:58:58.431+0000] {dag.py:4156} INFO - Setting next_dagrun for dataset_s3_bucket_producer_with_no_taskflow to None, run_after=None
[2024-09-15T06:58:58.512+0000] {processor.py:208} INFO - Processing /home/airflow/.local/lib/python3.12/site-packages/airflow/example_dags/example_dataset_alias_with_no_taskflow.py took 0.698 seconds
[2024-09-15T06:59:28.617+0000] {processor.py:186} INFO - Started process (PID=537) to work on /home/airflow/.local/lib/python3.12/site-packages/airflow/example_dags/example_dataset_alias_with_no_taskflow.py
[2024-09-15T06:59:28.618+0000] {processor.py:914} INFO - Processing file /home/airflow/.local/lib/python3.12/site-packages/airflow/example_dags/example_dataset_alias_with_no_taskflow.py for tasks to queue
[2024-09-15T06:59:28.621+0000] {logging_mixin.py:190} INFO - [2024-09-15T06:59:28.620+0000] {dagbag.py:587} INFO - Filling up the DagBag from /home/airflow/.local/lib/python3.12/site-packages/airflow/example_dags/example_dataset_alias_with_no_taskflow.py
[2024-09-15T06:59:28.888+0000] {processor.py:925} INFO - DAG(s) 'dataset_alias_example_alias_producer_with_no_taskflow', 'dataset_s3_bucket_producer_with_no_taskflow', 'dataset_s3_bucket_consumer_with_no_taskflow', 'dataset_alias_example_alias_consumer_with_no_taskflow' retrieved from /home/airflow/.local/lib/python3.12/site-packages/airflow/example_dags/example_dataset_alias_with_no_taskflow.py
[2024-09-15T06:59:28.927+0000] {logging_mixin.py:190} INFO - [2024-09-15T06:59:28.927+0000] {dag.py:3229} INFO - Sync 4 DAGs
[2024-09-15T06:59:28.966+0000] {logging_mixin.py:190} INFO - [2024-09-15T06:59:28.965+0000] {dag.py:4156} INFO - Setting next_dagrun for dataset_alias_example_alias_consumer_with_no_taskflow to None, run_after=None
[2024-09-15T06:59:28.971+0000] {logging_mixin.py:190} INFO - [2024-09-15T06:59:28.971+0000] {dag.py:4156} INFO - Setting next_dagrun for dataset_alias_example_alias_producer_with_no_taskflow to None, run_after=None
[2024-09-15T06:59:28.974+0000] {logging_mixin.py:190} INFO - [2024-09-15T06:59:28.974+0000] {dag.py:4156} INFO - Setting next_dagrun for dataset_s3_bucket_consumer_with_no_taskflow to None, run_after=None
[2024-09-15T06:59:28.977+0000] {logging_mixin.py:190} INFO - [2024-09-15T06:59:28.977+0000] {dag.py:4156} INFO - Setting next_dagrun for dataset_s3_bucket_producer_with_no_taskflow to None, run_after=None
[2024-09-15T06:59:29.018+0000] {processor.py:208} INFO - Processing /home/airflow/.local/lib/python3.12/site-packages/airflow/example_dags/example_dataset_alias_with_no_taskflow.py took 0.411 seconds
[2024-09-15T06:59:59.581+0000] {processor.py:186} INFO - Started process (PID=597) to work on /home/airflow/.local/lib/python3.12/site-packages/airflow/example_dags/example_dataset_alias_with_no_taskflow.py
[2024-09-15T06:59:59.583+0000] {processor.py:914} INFO - Processing file /home/airflow/.local/lib/python3.12/site-packages/airflow/example_dags/example_dataset_alias_with_no_taskflow.py for tasks to queue
[2024-09-15T06:59:59.585+0000] {logging_mixin.py:190} INFO - [2024-09-15T06:59:59.585+0000] {dagbag.py:587} INFO - Filling up the DagBag from /home/airflow/.local/lib/python3.12/site-packages/airflow/example_dags/example_dataset_alias_with_no_taskflow.py
[2024-09-15T06:59:59.898+0000] {processor.py:925} INFO - DAG(s) 'dataset_s3_bucket_producer_with_no_taskflow', 'dataset_s3_bucket_consumer_with_no_taskflow', 'dataset_alias_example_alias_consumer_with_no_taskflow', 'dataset_alias_example_alias_producer_with_no_taskflow' retrieved from /home/airflow/.local/lib/python3.12/site-packages/airflow/example_dags/example_dataset_alias_with_no_taskflow.py
[2024-09-15T06:59:59.952+0000] {logging_mixin.py:190} INFO - [2024-09-15T06:59:59.951+0000] {dag.py:3229} INFO - Sync 4 DAGs
[2024-09-15T06:59:59.999+0000] {logging_mixin.py:190} INFO - [2024-09-15T06:59:59.998+0000] {dag.py:4156} INFO - Setting next_dagrun for dataset_alias_example_alias_consumer_with_no_taskflow to None, run_after=None
[2024-09-15T07:00:00.011+0000] {logging_mixin.py:190} INFO - [2024-09-15T07:00:00.011+0000] {dag.py:4156} INFO - Setting next_dagrun for dataset_alias_example_alias_producer_with_no_taskflow to None, run_after=None
[2024-09-15T07:00:00.018+0000] {logging_mixin.py:190} INFO - [2024-09-15T07:00:00.018+0000] {dag.py:4156} INFO - Setting next_dagrun for dataset_s3_bucket_consumer_with_no_taskflow to None, run_after=None
[2024-09-15T07:00:00.023+0000] {logging_mixin.py:190} INFO - [2024-09-15T07:00:00.022+0000] {dag.py:4156} INFO - Setting next_dagrun for dataset_s3_bucket_producer_with_no_taskflow to None, run_after=None
[2024-09-15T07:00:00.066+0000] {processor.py:208} INFO - Processing /home/airflow/.local/lib/python3.12/site-packages/airflow/example_dags/example_dataset_alias_with_no_taskflow.py took 0.496 seconds
[2024-09-15T07:00:44.714+0000] {processor.py:186} INFO - Started process (PID=659) to work on /home/airflow/.local/lib/python3.12/site-packages/airflow/example_dags/example_dataset_alias_with_no_taskflow.py
[2024-09-15T07:00:44.717+0000] {processor.py:914} INFO - Processing file /home/airflow/.local/lib/python3.12/site-packages/airflow/example_dags/example_dataset_alias_with_no_taskflow.py for tasks to queue
[2024-09-15T07:00:44.720+0000] {logging_mixin.py:190} INFO - [2024-09-15T07:00:44.719+0000] {dagbag.py:587} INFO - Filling up the DagBag from /home/airflow/.local/lib/python3.12/site-packages/airflow/example_dags/example_dataset_alias_with_no_taskflow.py
[2024-09-15T07:00:45.237+0000] {processor.py:925} INFO - DAG(s) 'dataset_s3_bucket_consumer_with_no_taskflow', 'dataset_s3_bucket_producer_with_no_taskflow', 'dataset_alias_example_alias_producer_with_no_taskflow', 'dataset_alias_example_alias_consumer_with_no_taskflow' retrieved from /home/airflow/.local/lib/python3.12/site-packages/airflow/example_dags/example_dataset_alias_with_no_taskflow.py
[2024-09-15T07:00:45.282+0000] {logging_mixin.py:190} INFO - [2024-09-15T07:00:45.282+0000] {dag.py:3229} INFO - Sync 4 DAGs
[2024-09-15T07:00:45.328+0000] {logging_mixin.py:190} INFO - [2024-09-15T07:00:45.327+0000] {dag.py:4156} INFO - Setting next_dagrun for dataset_alias_example_alias_consumer_with_no_taskflow to None, run_after=None
[2024-09-15T07:00:45.334+0000] {logging_mixin.py:190} INFO - [2024-09-15T07:00:45.334+0000] {dag.py:4156} INFO - Setting next_dagrun for dataset_alias_example_alias_producer_with_no_taskflow to None, run_after=None
[2024-09-15T07:00:45.337+0000] {logging_mixin.py:190} INFO - [2024-09-15T07:00:45.337+0000] {dag.py:4156} INFO - Setting next_dagrun for dataset_s3_bucket_consumer_with_no_taskflow to None, run_after=None
[2024-09-15T07:00:45.341+0000] {logging_mixin.py:190} INFO - [2024-09-15T07:00:45.340+0000] {dag.py:4156} INFO - Setting next_dagrun for dataset_s3_bucket_producer_with_no_taskflow to None, run_after=None
[2024-09-15T07:00:45.392+0000] {processor.py:208} INFO - Processing /home/airflow/.local/lib/python3.12/site-packages/airflow/example_dags/example_dataset_alias_with_no_taskflow.py took 0.691 seconds
[2024-09-15T07:04:43.099+0000] {processor.py:186} INFO - Started process (PID=731) to work on /home/airflow/.local/lib/python3.12/site-packages/airflow/example_dags/example_dataset_alias_with_no_taskflow.py
[2024-09-15T07:04:43.101+0000] {processor.py:914} INFO - Processing file /home/airflow/.local/lib/python3.12/site-packages/airflow/example_dags/example_dataset_alias_with_no_taskflow.py for tasks to queue
[2024-09-15T07:04:43.104+0000] {logging_mixin.py:190} INFO - [2024-09-15T07:04:43.104+0000] {dagbag.py:587} INFO - Filling up the DagBag from /home/airflow/.local/lib/python3.12/site-packages/airflow/example_dags/example_dataset_alias_with_no_taskflow.py
[2024-09-15T07:04:43.445+0000] {processor.py:925} INFO - DAG(s) 'dataset_s3_bucket_producer_with_no_taskflow', 'dataset_s3_bucket_consumer_with_no_taskflow', 'dataset_alias_example_alias_producer_with_no_taskflow', 'dataset_alias_example_alias_consumer_with_no_taskflow' retrieved from /home/airflow/.local/lib/python3.12/site-packages/airflow/example_dags/example_dataset_alias_with_no_taskflow.py
[2024-09-15T07:04:43.496+0000] {logging_mixin.py:190} INFO - [2024-09-15T07:04:43.496+0000] {dag.py:3229} INFO - Sync 4 DAGs
[2024-09-15T07:04:43.560+0000] {logging_mixin.py:190} INFO - [2024-09-15T07:04:43.559+0000] {dag.py:4156} INFO - Setting next_dagrun for dataset_alias_example_alias_consumer_with_no_taskflow to None, run_after=None
[2024-09-15T07:04:43.568+0000] {logging_mixin.py:190} INFO - [2024-09-15T07:04:43.567+0000] {dag.py:4156} INFO - Setting next_dagrun for dataset_alias_example_alias_producer_with_no_taskflow to None, run_after=None
[2024-09-15T07:04:43.571+0000] {logging_mixin.py:190} INFO - [2024-09-15T07:04:43.570+0000] {dag.py:4156} INFO - Setting next_dagrun for dataset_s3_bucket_consumer_with_no_taskflow to None, run_after=None
[2024-09-15T07:04:43.574+0000] {logging_mixin.py:190} INFO - [2024-09-15T07:04:43.574+0000] {dag.py:4156} INFO - Setting next_dagrun for dataset_s3_bucket_producer_with_no_taskflow to None, run_after=None
[2024-09-15T07:04:43.630+0000] {processor.py:208} INFO - Processing /home/airflow/.local/lib/python3.12/site-packages/airflow/example_dags/example_dataset_alias_with_no_taskflow.py took 0.550 seconds
[2024-09-15T07:05:17.849+0000] {processor.py:186} INFO - Started process (PID=793) to work on /home/airflow/.local/lib/python3.12/site-packages/airflow/example_dags/example_dataset_alias_with_no_taskflow.py
[2024-09-15T07:05:17.851+0000] {processor.py:914} INFO - Processing file /home/airflow/.local/lib/python3.12/site-packages/airflow/example_dags/example_dataset_alias_with_no_taskflow.py for tasks to queue
[2024-09-15T07:05:17.854+0000] {logging_mixin.py:190} INFO - [2024-09-15T07:05:17.853+0000] {dagbag.py:587} INFO - Filling up the DagBag from /home/airflow/.local/lib/python3.12/site-packages/airflow/example_dags/example_dataset_alias_with_no_taskflow.py
[2024-09-15T07:05:18.401+0000] {processor.py:925} INFO - DAG(s) 'dataset_s3_bucket_consumer_with_no_taskflow', 'dataset_alias_example_alias_producer_with_no_taskflow', 'dataset_alias_example_alias_consumer_with_no_taskflow', 'dataset_s3_bucket_producer_with_no_taskflow' retrieved from /home/airflow/.local/lib/python3.12/site-packages/airflow/example_dags/example_dataset_alias_with_no_taskflow.py
[2024-09-15T07:05:18.507+0000] {logging_mixin.py:190} INFO - [2024-09-15T07:05:18.506+0000] {dag.py:3229} INFO - Sync 4 DAGs
[2024-09-15T07:05:18.619+0000] {logging_mixin.py:190} INFO - [2024-09-15T07:05:18.618+0000] {dag.py:4156} INFO - Setting next_dagrun for dataset_alias_example_alias_consumer_with_no_taskflow to None, run_after=None
[2024-09-15T07:05:18.627+0000] {logging_mixin.py:190} INFO - [2024-09-15T07:05:18.627+0000] {dag.py:4156} INFO - Setting next_dagrun for dataset_alias_example_alias_producer_with_no_taskflow to None, run_after=None
[2024-09-15T07:05:18.632+0000] {logging_mixin.py:190} INFO - [2024-09-15T07:05:18.632+0000] {dag.py:4156} INFO - Setting next_dagrun for dataset_s3_bucket_consumer_with_no_taskflow to None, run_after=None
[2024-09-15T07:05:18.639+0000] {logging_mixin.py:190} INFO - [2024-09-15T07:05:18.638+0000] {dag.py:4156} INFO - Setting next_dagrun for dataset_s3_bucket_producer_with_no_taskflow to None, run_after=None
[2024-09-15T07:05:18.747+0000] {processor.py:208} INFO - Processing /home/airflow/.local/lib/python3.12/site-packages/airflow/example_dags/example_dataset_alias_with_no_taskflow.py took 0.911 seconds
[2024-09-15T07:05:49.027+0000] {processor.py:186} INFO - Started process (PID=857) to work on /home/airflow/.local/lib/python3.12/site-packages/airflow/example_dags/example_dataset_alias_with_no_taskflow.py
[2024-09-15T07:05:49.029+0000] {processor.py:914} INFO - Processing file /home/airflow/.local/lib/python3.12/site-packages/airflow/example_dags/example_dataset_alias_with_no_taskflow.py for tasks to queue
[2024-09-15T07:05:49.033+0000] {logging_mixin.py:190} INFO - [2024-09-15T07:05:49.033+0000] {dagbag.py:587} INFO - Filling up the DagBag from /home/airflow/.local/lib/python3.12/site-packages/airflow/example_dags/example_dataset_alias_with_no_taskflow.py
[2024-09-15T07:05:49.486+0000] {processor.py:925} INFO - DAG(s) 'dataset_s3_bucket_consumer_with_no_taskflow', 'dataset_alias_example_alias_producer_with_no_taskflow', 'dataset_s3_bucket_producer_with_no_taskflow', 'dataset_alias_example_alias_consumer_with_no_taskflow' retrieved from /home/airflow/.local/lib/python3.12/site-packages/airflow/example_dags/example_dataset_alias_with_no_taskflow.py
[2024-09-15T07:05:49.573+0000] {logging_mixin.py:190} INFO - [2024-09-15T07:05:49.573+0000] {dag.py:3229} INFO - Sync 4 DAGs
[2024-09-15T07:05:49.622+0000] {logging_mixin.py:190} INFO - [2024-09-15T07:05:49.622+0000] {dag.py:4156} INFO - Setting next_dagrun for dataset_alias_example_alias_consumer_with_no_taskflow to None, run_after=None
[2024-09-15T07:05:49.635+0000] {logging_mixin.py:190} INFO - [2024-09-15T07:05:49.634+0000] {dag.py:4156} INFO - Setting next_dagrun for dataset_alias_example_alias_producer_with_no_taskflow to None, run_after=None
[2024-09-15T07:05:49.639+0000] {logging_mixin.py:190} INFO - [2024-09-15T07:05:49.638+0000] {dag.py:4156} INFO - Setting next_dagrun for dataset_s3_bucket_consumer_with_no_taskflow to None, run_after=None
[2024-09-15T07:05:49.642+0000] {logging_mixin.py:190} INFO - [2024-09-15T07:05:49.642+0000] {dag.py:4156} INFO - Setting next_dagrun for dataset_s3_bucket_producer_with_no_taskflow to None, run_after=None
[2024-09-15T07:05:49.712+0000] {processor.py:208} INFO - Processing /home/airflow/.local/lib/python3.12/site-packages/airflow/example_dags/example_dataset_alias_with_no_taskflow.py took 0.703 seconds
[2024-09-15T07:06:20.300+0000] {processor.py:186} INFO - Started process (PID=923) to work on /home/airflow/.local/lib/python3.12/site-packages/airflow/example_dags/example_dataset_alias_with_no_taskflow.py
[2024-09-15T07:06:20.302+0000] {processor.py:914} INFO - Processing file /home/airflow/.local/lib/python3.12/site-packages/airflow/example_dags/example_dataset_alias_with_no_taskflow.py for tasks to queue
[2024-09-15T07:06:20.306+0000] {logging_mixin.py:190} INFO - [2024-09-15T07:06:20.305+0000] {dagbag.py:587} INFO - Filling up the DagBag from /home/airflow/.local/lib/python3.12/site-packages/airflow/example_dags/example_dataset_alias_with_no_taskflow.py
[2024-09-15T07:06:20.675+0000] {processor.py:925} INFO - DAG(s) 'dataset_alias_example_alias_consumer_with_no_taskflow', 'dataset_s3_bucket_consumer_with_no_taskflow', 'dataset_s3_bucket_producer_with_no_taskflow', 'dataset_alias_example_alias_producer_with_no_taskflow' retrieved from /home/airflow/.local/lib/python3.12/site-packages/airflow/example_dags/example_dataset_alias_with_no_taskflow.py
[2024-09-15T07:06:20.722+0000] {logging_mixin.py:190} INFO - [2024-09-15T07:06:20.721+0000] {dag.py:3229} INFO - Sync 4 DAGs
[2024-09-15T07:06:20.767+0000] {logging_mixin.py:190} INFO - [2024-09-15T07:06:20.766+0000] {dag.py:4156} INFO - Setting next_dagrun for dataset_alias_example_alias_consumer_with_no_taskflow to None, run_after=None
[2024-09-15T07:06:20.774+0000] {logging_mixin.py:190} INFO - [2024-09-15T07:06:20.773+0000] {dag.py:4156} INFO - Setting next_dagrun for dataset_alias_example_alias_producer_with_no_taskflow to None, run_after=None
[2024-09-15T07:06:20.777+0000] {logging_mixin.py:190} INFO - [2024-09-15T07:06:20.776+0000] {dag.py:4156} INFO - Setting next_dagrun for dataset_s3_bucket_consumer_with_no_taskflow to None, run_after=None
[2024-09-15T07:06:20.780+0000] {logging_mixin.py:190} INFO - [2024-09-15T07:06:20.780+0000] {dag.py:4156} INFO - Setting next_dagrun for dataset_s3_bucket_producer_with_no_taskflow to None, run_after=None
[2024-09-15T07:06:20.822+0000] {processor.py:208} INFO - Processing /home/airflow/.local/lib/python3.12/site-packages/airflow/example_dags/example_dataset_alias_with_no_taskflow.py took 0.539 seconds
[2024-09-15T07:06:51.225+0000] {processor.py:186} INFO - Started process (PID=985) to work on /home/airflow/.local/lib/python3.12/site-packages/airflow/example_dags/example_dataset_alias_with_no_taskflow.py
[2024-09-15T07:06:51.227+0000] {processor.py:914} INFO - Processing file /home/airflow/.local/lib/python3.12/site-packages/airflow/example_dags/example_dataset_alias_with_no_taskflow.py for tasks to queue
[2024-09-15T07:06:51.230+0000] {logging_mixin.py:190} INFO - [2024-09-15T07:06:51.229+0000] {dagbag.py:587} INFO - Filling up the DagBag from /home/airflow/.local/lib/python3.12/site-packages/airflow/example_dags/example_dataset_alias_with_no_taskflow.py
[2024-09-15T07:06:51.568+0000] {processor.py:925} INFO - DAG(s) 'dataset_s3_bucket_consumer_with_no_taskflow', 'dataset_alias_example_alias_consumer_with_no_taskflow', 'dataset_s3_bucket_producer_with_no_taskflow', 'dataset_alias_example_alias_producer_with_no_taskflow' retrieved from /home/airflow/.local/lib/python3.12/site-packages/airflow/example_dags/example_dataset_alias_with_no_taskflow.py
[2024-09-15T07:06:51.617+0000] {logging_mixin.py:190} INFO - [2024-09-15T07:06:51.616+0000] {dag.py:3229} INFO - Sync 4 DAGs
[2024-09-15T07:06:51.664+0000] {logging_mixin.py:190} INFO - [2024-09-15T07:06:51.663+0000] {dag.py:4156} INFO - Setting next_dagrun for dataset_alias_example_alias_consumer_with_no_taskflow to None, run_after=None
[2024-09-15T07:06:51.671+0000] {logging_mixin.py:190} INFO - [2024-09-15T07:06:51.670+0000] {dag.py:4156} INFO - Setting next_dagrun for dataset_alias_example_alias_producer_with_no_taskflow to None, run_after=None
[2024-09-15T07:06:51.674+0000] {logging_mixin.py:190} INFO - [2024-09-15T07:06:51.674+0000] {dag.py:4156} INFO - Setting next_dagrun for dataset_s3_bucket_consumer_with_no_taskflow to None, run_after=None
[2024-09-15T07:06:51.677+0000] {logging_mixin.py:190} INFO - [2024-09-15T07:06:51.677+0000] {dag.py:4156} INFO - Setting next_dagrun for dataset_s3_bucket_producer_with_no_taskflow to None, run_after=None
[2024-09-15T07:06:51.755+0000] {processor.py:208} INFO - Processing /home/airflow/.local/lib/python3.12/site-packages/airflow/example_dags/example_dataset_alias_with_no_taskflow.py took 0.545 seconds
[2024-09-15T07:07:33.080+0000] {processor.py:186} INFO - Started process (PID=1041) to work on /home/airflow/.local/lib/python3.12/site-packages/airflow/example_dags/example_dataset_alias_with_no_taskflow.py
[2024-09-15T07:07:33.082+0000] {processor.py:914} INFO - Processing file /home/airflow/.local/lib/python3.12/site-packages/airflow/example_dags/example_dataset_alias_with_no_taskflow.py for tasks to queue
[2024-09-15T07:07:33.085+0000] {logging_mixin.py:190} INFO - [2024-09-15T07:07:33.084+0000] {dagbag.py:587} INFO - Filling up the DagBag from /home/airflow/.local/lib/python3.12/site-packages/airflow/example_dags/example_dataset_alias_with_no_taskflow.py
[2024-09-15T07:07:33.487+0000] {processor.py:925} INFO - DAG(s) 'dataset_s3_bucket_consumer_with_no_taskflow', 'dataset_alias_example_alias_consumer_with_no_taskflow', 'dataset_s3_bucket_producer_with_no_taskflow', 'dataset_alias_example_alias_producer_with_no_taskflow' retrieved from /home/airflow/.local/lib/python3.12/site-packages/airflow/example_dags/example_dataset_alias_with_no_taskflow.py
[2024-09-15T07:07:33.539+0000] {logging_mixin.py:190} INFO - [2024-09-15T07:07:33.538+0000] {dag.py:3229} INFO - Sync 4 DAGs
[2024-09-15T07:07:33.587+0000] {logging_mixin.py:190} INFO - [2024-09-15T07:07:33.587+0000] {dag.py:4156} INFO - Setting next_dagrun for dataset_alias_example_alias_consumer_with_no_taskflow to None, run_after=None
[2024-09-15T07:07:33.594+0000] {logging_mixin.py:190} INFO - [2024-09-15T07:07:33.594+0000] {dag.py:4156} INFO - Setting next_dagrun for dataset_alias_example_alias_producer_with_no_taskflow to None, run_after=None
[2024-09-15T07:07:33.598+0000] {logging_mixin.py:190} INFO - [2024-09-15T07:07:33.597+0000] {dag.py:4156} INFO - Setting next_dagrun for dataset_s3_bucket_consumer_with_no_taskflow to None, run_after=None
[2024-09-15T07:07:33.602+0000] {logging_mixin.py:190} INFO - [2024-09-15T07:07:33.601+0000] {dag.py:4156} INFO - Setting next_dagrun for dataset_s3_bucket_producer_with_no_taskflow to None, run_after=None
[2024-09-15T07:07:33.655+0000] {processor.py:208} INFO - Processing /home/airflow/.local/lib/python3.12/site-packages/airflow/example_dags/example_dataset_alias_with_no_taskflow.py took 0.587 seconds
[2024-09-15T07:12:23.549+0000] {processor.py:186} INFO - Started process (PID=1150) to work on /home/airflow/.local/lib/python3.12/site-packages/airflow/example_dags/example_dataset_alias_with_no_taskflow.py
[2024-09-15T07:12:23.551+0000] {processor.py:914} INFO - Processing file /home/airflow/.local/lib/python3.12/site-packages/airflow/example_dags/example_dataset_alias_with_no_taskflow.py for tasks to queue
[2024-09-15T07:12:23.553+0000] {logging_mixin.py:190} INFO - [2024-09-15T07:12:23.552+0000] {dagbag.py:587} INFO - Filling up the DagBag from /home/airflow/.local/lib/python3.12/site-packages/airflow/example_dags/example_dataset_alias_with_no_taskflow.py
[2024-09-15T07:12:23.882+0000] {processor.py:925} INFO - DAG(s) 'dataset_alias_example_alias_consumer_with_no_taskflow', 'dataset_alias_example_alias_producer_with_no_taskflow', 'dataset_s3_bucket_producer_with_no_taskflow', 'dataset_s3_bucket_consumer_with_no_taskflow' retrieved from /home/airflow/.local/lib/python3.12/site-packages/airflow/example_dags/example_dataset_alias_with_no_taskflow.py
[2024-09-15T07:12:23.936+0000] {logging_mixin.py:190} INFO - [2024-09-15T07:12:23.936+0000] {dag.py:3229} INFO - Sync 4 DAGs
[2024-09-15T07:12:23.985+0000] {logging_mixin.py:190} INFO - [2024-09-15T07:12:23.984+0000] {dag.py:4156} INFO - Setting next_dagrun for dataset_alias_example_alias_consumer_with_no_taskflow to None, run_after=None
[2024-09-15T07:12:23.990+0000] {logging_mixin.py:190} INFO - [2024-09-15T07:12:23.989+0000] {dag.py:4156} INFO - Setting next_dagrun for dataset_alias_example_alias_producer_with_no_taskflow to None, run_after=None
[2024-09-15T07:12:23.993+0000] {logging_mixin.py:190} INFO - [2024-09-15T07:12:23.992+0000] {dag.py:4156} INFO - Setting next_dagrun for dataset_s3_bucket_consumer_with_no_taskflow to None, run_after=None
[2024-09-15T07:12:23.996+0000] {logging_mixin.py:190} INFO - [2024-09-15T07:12:23.996+0000] {dag.py:4156} INFO - Setting next_dagrun for dataset_s3_bucket_producer_with_no_taskflow to None, run_after=None
[2024-09-15T07:12:24.052+0000] {processor.py:208} INFO - Processing /home/airflow/.local/lib/python3.12/site-packages/airflow/example_dags/example_dataset_alias_with_no_taskflow.py took 0.516 seconds
[2024-09-15T07:12:54.911+0000] {processor.py:186} INFO - Started process (PID=1212) to work on /home/airflow/.local/lib/python3.12/site-packages/airflow/example_dags/example_dataset_alias_with_no_taskflow.py
[2024-09-15T07:12:54.913+0000] {processor.py:914} INFO - Processing file /home/airflow/.local/lib/python3.12/site-packages/airflow/example_dags/example_dataset_alias_with_no_taskflow.py for tasks to queue
[2024-09-15T07:12:54.916+0000] {logging_mixin.py:190} INFO - [2024-09-15T07:12:54.916+0000] {dagbag.py:587} INFO - Filling up the DagBag from /home/airflow/.local/lib/python3.12/site-packages/airflow/example_dags/example_dataset_alias_with_no_taskflow.py
[2024-09-15T07:12:55.379+0000] {processor.py:925} INFO - DAG(s) 'dataset_alias_example_alias_producer_with_no_taskflow', 'dataset_s3_bucket_producer_with_no_taskflow', 'dataset_s3_bucket_consumer_with_no_taskflow', 'dataset_alias_example_alias_consumer_with_no_taskflow' retrieved from /home/airflow/.local/lib/python3.12/site-packages/airflow/example_dags/example_dataset_alias_with_no_taskflow.py
[2024-09-15T07:12:55.438+0000] {logging_mixin.py:190} INFO - [2024-09-15T07:12:55.438+0000] {dag.py:3229} INFO - Sync 4 DAGs
[2024-09-15T07:12:55.534+0000] {logging_mixin.py:190} INFO - [2024-09-15T07:12:55.533+0000] {dag.py:4156} INFO - Setting next_dagrun for dataset_alias_example_alias_consumer_with_no_taskflow to None, run_after=None
[2024-09-15T07:12:55.542+0000] {logging_mixin.py:190} INFO - [2024-09-15T07:12:55.542+0000] {dag.py:4156} INFO - Setting next_dagrun for dataset_alias_example_alias_producer_with_no_taskflow to None, run_after=None
[2024-09-15T07:12:55.546+0000] {logging_mixin.py:190} INFO - [2024-09-15T07:12:55.546+0000] {dag.py:4156} INFO - Setting next_dagrun for dataset_s3_bucket_consumer_with_no_taskflow to None, run_after=None
[2024-09-15T07:12:55.550+0000] {logging_mixin.py:190} INFO - [2024-09-15T07:12:55.550+0000] {dag.py:4156} INFO - Setting next_dagrun for dataset_s3_bucket_producer_with_no_taskflow to None, run_after=None
[2024-09-15T07:12:55.619+0000] {processor.py:208} INFO - Processing /home/airflow/.local/lib/python3.12/site-packages/airflow/example_dags/example_dataset_alias_with_no_taskflow.py took 0.723 seconds
[2024-09-15T07:13:26.128+0000] {processor.py:186} INFO - Started process (PID=1275) to work on /home/airflow/.local/lib/python3.12/site-packages/airflow/example_dags/example_dataset_alias_with_no_taskflow.py
[2024-09-15T07:13:26.130+0000] {processor.py:914} INFO - Processing file /home/airflow/.local/lib/python3.12/site-packages/airflow/example_dags/example_dataset_alias_with_no_taskflow.py for tasks to queue
[2024-09-15T07:13:26.135+0000] {logging_mixin.py:190} INFO - [2024-09-15T07:13:26.134+0000] {dagbag.py:587} INFO - Filling up the DagBag from /home/airflow/.local/lib/python3.12/site-packages/airflow/example_dags/example_dataset_alias_with_no_taskflow.py
[2024-09-15T07:13:26.526+0000] {processor.py:925} INFO - DAG(s) 'dataset_alias_example_alias_producer_with_no_taskflow', 'dataset_alias_example_alias_consumer_with_no_taskflow', 'dataset_s3_bucket_producer_with_no_taskflow', 'dataset_s3_bucket_consumer_with_no_taskflow' retrieved from /home/airflow/.local/lib/python3.12/site-packages/airflow/example_dags/example_dataset_alias_with_no_taskflow.py
[2024-09-15T07:13:26.591+0000] {logging_mixin.py:190} INFO - [2024-09-15T07:13:26.590+0000] {dag.py:3229} INFO - Sync 4 DAGs
[2024-09-15T07:13:26.657+0000] {logging_mixin.py:190} INFO - [2024-09-15T07:13:26.657+0000] {dag.py:4156} INFO - Setting next_dagrun for dataset_alias_example_alias_consumer_with_no_taskflow to None, run_after=None
[2024-09-15T07:13:26.664+0000] {logging_mixin.py:190} INFO - [2024-09-15T07:13:26.664+0000] {dag.py:4156} INFO - Setting next_dagrun for dataset_alias_example_alias_producer_with_no_taskflow to None, run_after=None
[2024-09-15T07:13:26.668+0000] {logging_mixin.py:190} INFO - [2024-09-15T07:13:26.667+0000] {dag.py:4156} INFO - Setting next_dagrun for dataset_s3_bucket_consumer_with_no_taskflow to None, run_after=None
[2024-09-15T07:13:26.672+0000] {logging_mixin.py:190} INFO - [2024-09-15T07:13:26.671+0000] {dag.py:4156} INFO - Setting next_dagrun for dataset_s3_bucket_producer_with_no_taskflow to None, run_after=None
[2024-09-15T07:13:26.764+0000] {processor.py:208} INFO - Processing /home/airflow/.local/lib/python3.12/site-packages/airflow/example_dags/example_dataset_alias_with_no_taskflow.py took 0.655 seconds
[2024-09-15T07:13:56.917+0000] {processor.py:186} INFO - Started process (PID=1338) to work on /home/airflow/.local/lib/python3.12/site-packages/airflow/example_dags/example_dataset_alias_with_no_taskflow.py
[2024-09-15T07:13:56.918+0000] {processor.py:914} INFO - Processing file /home/airflow/.local/lib/python3.12/site-packages/airflow/example_dags/example_dataset_alias_with_no_taskflow.py for tasks to queue
[2024-09-15T07:13:56.921+0000] {logging_mixin.py:190} INFO - [2024-09-15T07:13:56.920+0000] {dagbag.py:587} INFO - Filling up the DagBag from /home/airflow/.local/lib/python3.12/site-packages/airflow/example_dags/example_dataset_alias_with_no_taskflow.py
[2024-09-15T07:13:57.254+0000] {processor.py:925} INFO - DAG(s) 'dataset_s3_bucket_consumer_with_no_taskflow', 'dataset_alias_example_alias_producer_with_no_taskflow', 'dataset_alias_example_alias_consumer_with_no_taskflow', 'dataset_s3_bucket_producer_with_no_taskflow' retrieved from /home/airflow/.local/lib/python3.12/site-packages/airflow/example_dags/example_dataset_alias_with_no_taskflow.py
[2024-09-15T07:13:57.306+0000] {logging_mixin.py:190} INFO - [2024-09-15T07:13:57.305+0000] {dag.py:3229} INFO - Sync 4 DAGs
[2024-09-15T07:13:57.360+0000] {logging_mixin.py:190} INFO - [2024-09-15T07:13:57.359+0000] {dag.py:4156} INFO - Setting next_dagrun for dataset_alias_example_alias_consumer_with_no_taskflow to None, run_after=None
[2024-09-15T07:13:57.369+0000] {logging_mixin.py:190} INFO - [2024-09-15T07:13:57.368+0000] {dag.py:4156} INFO - Setting next_dagrun for dataset_alias_example_alias_producer_with_no_taskflow to None, run_after=None
[2024-09-15T07:13:57.374+0000] {logging_mixin.py:190} INFO - [2024-09-15T07:13:57.373+0000] {dag.py:4156} INFO - Setting next_dagrun for dataset_s3_bucket_consumer_with_no_taskflow to None, run_after=None
[2024-09-15T07:13:57.377+0000] {logging_mixin.py:190} INFO - [2024-09-15T07:13:57.377+0000] {dag.py:4156} INFO - Setting next_dagrun for dataset_s3_bucket_producer_with_no_taskflow to None, run_after=None
[2024-09-15T07:13:57.423+0000] {processor.py:208} INFO - Processing /home/airflow/.local/lib/python3.12/site-packages/airflow/example_dags/example_dataset_alias_with_no_taskflow.py took 0.517 seconds
[2024-09-15T07:14:28.486+0000] {processor.py:186} INFO - Started process (PID=1404) to work on /home/airflow/.local/lib/python3.12/site-packages/airflow/example_dags/example_dataset_alias_with_no_taskflow.py
[2024-09-15T07:14:28.488+0000] {processor.py:914} INFO - Processing file /home/airflow/.local/lib/python3.12/site-packages/airflow/example_dags/example_dataset_alias_with_no_taskflow.py for tasks to queue
[2024-09-15T07:14:28.492+0000] {logging_mixin.py:190} INFO - [2024-09-15T07:14:28.491+0000] {dagbag.py:587} INFO - Filling up the DagBag from /home/airflow/.local/lib/python3.12/site-packages/airflow/example_dags/example_dataset_alias_with_no_taskflow.py
[2024-09-15T07:14:28.948+0000] {processor.py:925} INFO - DAG(s) 'dataset_s3_bucket_producer_with_no_taskflow', 'dataset_alias_example_alias_consumer_with_no_taskflow', 'dataset_s3_bucket_consumer_with_no_taskflow', 'dataset_alias_example_alias_producer_with_no_taskflow' retrieved from /home/airflow/.local/lib/python3.12/site-packages/airflow/example_dags/example_dataset_alias_with_no_taskflow.py
[2024-09-15T07:14:28.992+0000] {logging_mixin.py:190} INFO - [2024-09-15T07:14:28.992+0000] {dag.py:3229} INFO - Sync 4 DAGs
[2024-09-15T07:14:29.035+0000] {logging_mixin.py:190} INFO - [2024-09-15T07:14:29.034+0000] {dag.py:4156} INFO - Setting next_dagrun for dataset_alias_example_alias_consumer_with_no_taskflow to None, run_after=None
[2024-09-15T07:14:29.041+0000] {logging_mixin.py:190} INFO - [2024-09-15T07:14:29.040+0000] {dag.py:4156} INFO - Setting next_dagrun for dataset_alias_example_alias_producer_with_no_taskflow to None, run_after=None
[2024-09-15T07:14:29.044+0000] {logging_mixin.py:190} INFO - [2024-09-15T07:14:29.043+0000] {dag.py:4156} INFO - Setting next_dagrun for dataset_s3_bucket_consumer_with_no_taskflow to None, run_after=None
[2024-09-15T07:14:29.047+0000] {logging_mixin.py:190} INFO - [2024-09-15T07:14:29.046+0000] {dag.py:4156} INFO - Setting next_dagrun for dataset_s3_bucket_producer_with_no_taskflow to None, run_after=None
[2024-09-15T07:14:29.092+0000] {processor.py:208} INFO - Processing /home/airflow/.local/lib/python3.12/site-packages/airflow/example_dags/example_dataset_alias_with_no_taskflow.py took 0.622 seconds
[2024-09-15T07:14:59.361+0000] {processor.py:186} INFO - Started process (PID=1467) to work on /home/airflow/.local/lib/python3.12/site-packages/airflow/example_dags/example_dataset_alias_with_no_taskflow.py
[2024-09-15T07:14:59.363+0000] {processor.py:914} INFO - Processing file /home/airflow/.local/lib/python3.12/site-packages/airflow/example_dags/example_dataset_alias_with_no_taskflow.py for tasks to queue
[2024-09-15T07:14:59.367+0000] {logging_mixin.py:190} INFO - [2024-09-15T07:14:59.366+0000] {dagbag.py:587} INFO - Filling up the DagBag from /home/airflow/.local/lib/python3.12/site-packages/airflow/example_dags/example_dataset_alias_with_no_taskflow.py
[2024-09-15T07:14:59.731+0000] {processor.py:925} INFO - DAG(s) 'dataset_s3_bucket_producer_with_no_taskflow', 'dataset_s3_bucket_consumer_with_no_taskflow', 'dataset_alias_example_alias_consumer_with_no_taskflow', 'dataset_alias_example_alias_producer_with_no_taskflow' retrieved from /home/airflow/.local/lib/python3.12/site-packages/airflow/example_dags/example_dataset_alias_with_no_taskflow.py
[2024-09-15T07:14:59.775+0000] {logging_mixin.py:190} INFO - [2024-09-15T07:14:59.774+0000] {dag.py:3229} INFO - Sync 4 DAGs
[2024-09-15T07:14:59.821+0000] {logging_mixin.py:190} INFO - [2024-09-15T07:14:59.821+0000] {dag.py:4156} INFO - Setting next_dagrun for dataset_alias_example_alias_consumer_with_no_taskflow to None, run_after=None
[2024-09-15T07:14:59.827+0000] {logging_mixin.py:190} INFO - [2024-09-15T07:14:59.827+0000] {dag.py:4156} INFO - Setting next_dagrun for dataset_alias_example_alias_producer_with_no_taskflow to None, run_after=None
[2024-09-15T07:14:59.830+0000] {logging_mixin.py:190} INFO - [2024-09-15T07:14:59.830+0000] {dag.py:4156} INFO - Setting next_dagrun for dataset_s3_bucket_consumer_with_no_taskflow to None, run_after=None
[2024-09-15T07:14:59.833+0000] {logging_mixin.py:190} INFO - [2024-09-15T07:14:59.833+0000] {dag.py:4156} INFO - Setting next_dagrun for dataset_s3_bucket_producer_with_no_taskflow to None, run_after=None
[2024-09-15T07:14:59.879+0000] {processor.py:208} INFO - Processing /home/airflow/.local/lib/python3.12/site-packages/airflow/example_dags/example_dataset_alias_with_no_taskflow.py took 0.534 seconds
[2024-09-15T07:15:44.508+0000] {processor.py:186} INFO - Started process (PID=1523) to work on /home/airflow/.local/lib/python3.12/site-packages/airflow/example_dags/example_dataset_alias_with_no_taskflow.py
[2024-09-15T07:15:44.510+0000] {processor.py:914} INFO - Processing file /home/airflow/.local/lib/python3.12/site-packages/airflow/example_dags/example_dataset_alias_with_no_taskflow.py for tasks to queue
[2024-09-15T07:15:44.513+0000] {logging_mixin.py:190} INFO - [2024-09-15T07:15:44.512+0000] {dagbag.py:587} INFO - Filling up the DagBag from /home/airflow/.local/lib/python3.12/site-packages/airflow/example_dags/example_dataset_alias_with_no_taskflow.py
[2024-09-15T07:15:44.918+0000] {processor.py:925} INFO - DAG(s) 'dataset_s3_bucket_producer_with_no_taskflow', 'dataset_alias_example_alias_producer_with_no_taskflow', 'dataset_alias_example_alias_consumer_with_no_taskflow', 'dataset_s3_bucket_consumer_with_no_taskflow' retrieved from /home/airflow/.local/lib/python3.12/site-packages/airflow/example_dags/example_dataset_alias_with_no_taskflow.py
[2024-09-15T07:15:44.990+0000] {logging_mixin.py:190} INFO - [2024-09-15T07:15:44.990+0000] {dag.py:3229} INFO - Sync 4 DAGs
[2024-09-15T07:15:45.067+0000] {logging_mixin.py:190} INFO - [2024-09-15T07:15:45.067+0000] {dag.py:4156} INFO - Setting next_dagrun for dataset_alias_example_alias_consumer_with_no_taskflow to None, run_after=None
[2024-09-15T07:15:45.073+0000] {logging_mixin.py:190} INFO - [2024-09-15T07:15:45.073+0000] {dag.py:4156} INFO - Setting next_dagrun for dataset_alias_example_alias_producer_with_no_taskflow to None, run_after=None
[2024-09-15T07:15:45.076+0000] {logging_mixin.py:190} INFO - [2024-09-15T07:15:45.076+0000] {dag.py:4156} INFO - Setting next_dagrun for dataset_s3_bucket_consumer_with_no_taskflow to None, run_after=None
[2024-09-15T07:15:45.079+0000] {logging_mixin.py:190} INFO - [2024-09-15T07:15:45.078+0000] {dag.py:4156} INFO - Setting next_dagrun for dataset_s3_bucket_producer_with_no_taskflow to None, run_after=None
[2024-09-15T07:15:45.129+0000] {processor.py:208} INFO - Processing /home/airflow/.local/lib/python3.12/site-packages/airflow/example_dags/example_dataset_alias_with_no_taskflow.py took 0.634 seconds
[2024-09-15T07:16:16.111+0000] {processor.py:186} INFO - Started process (PID=1584) to work on /home/airflow/.local/lib/python3.12/site-packages/airflow/example_dags/example_dataset_alias_with_no_taskflow.py
[2024-09-15T07:16:16.113+0000] {processor.py:914} INFO - Processing file /home/airflow/.local/lib/python3.12/site-packages/airflow/example_dags/example_dataset_alias_with_no_taskflow.py for tasks to queue
[2024-09-15T07:16:16.116+0000] {logging_mixin.py:190} INFO - [2024-09-15T07:16:16.116+0000] {dagbag.py:587} INFO - Filling up the DagBag from /home/airflow/.local/lib/python3.12/site-packages/airflow/example_dags/example_dataset_alias_with_no_taskflow.py
[2024-09-15T07:16:16.834+0000] {processor.py:925} INFO - DAG(s) 'dataset_s3_bucket_producer_with_no_taskflow', 'dataset_s3_bucket_consumer_with_no_taskflow', 'dataset_alias_example_alias_consumer_with_no_taskflow', 'dataset_alias_example_alias_producer_with_no_taskflow' retrieved from /home/airflow/.local/lib/python3.12/site-packages/airflow/example_dags/example_dataset_alias_with_no_taskflow.py
[2024-09-15T07:16:16.910+0000] {logging_mixin.py:190} INFO - [2024-09-15T07:16:16.910+0000] {dag.py:3229} INFO - Sync 4 DAGs
[2024-09-15T07:16:17.022+0000] {logging_mixin.py:190} INFO - [2024-09-15T07:16:17.022+0000] {dag.py:4156} INFO - Setting next_dagrun for dataset_alias_example_alias_consumer_with_no_taskflow to None, run_after=None
[2024-09-15T07:16:17.033+0000] {logging_mixin.py:190} INFO - [2024-09-15T07:16:17.032+0000] {dag.py:4156} INFO - Setting next_dagrun for dataset_alias_example_alias_producer_with_no_taskflow to None, run_after=None
[2024-09-15T07:16:17.038+0000] {logging_mixin.py:190} INFO - [2024-09-15T07:16:17.037+0000] {dag.py:4156} INFO - Setting next_dagrun for dataset_s3_bucket_consumer_with_no_taskflow to None, run_after=None
[2024-09-15T07:16:17.043+0000] {logging_mixin.py:190} INFO - [2024-09-15T07:16:17.042+0000] {dag.py:4156} INFO - Setting next_dagrun for dataset_s3_bucket_producer_with_no_taskflow to None, run_after=None
[2024-09-15T07:16:17.124+0000] {processor.py:208} INFO - Processing /home/airflow/.local/lib/python3.12/site-packages/airflow/example_dags/example_dataset_alias_with_no_taskflow.py took 1.027 seconds
[2024-09-15T07:18:26.843+0000] {processor.py:186} INFO - Started process (PID=1641) to work on /home/airflow/.local/lib/python3.12/site-packages/airflow/example_dags/example_dataset_alias_with_no_taskflow.py
[2024-09-15T07:18:26.845+0000] {processor.py:914} INFO - Processing file /home/airflow/.local/lib/python3.12/site-packages/airflow/example_dags/example_dataset_alias_with_no_taskflow.py for tasks to queue
[2024-09-15T07:18:26.847+0000] {logging_mixin.py:190} INFO - [2024-09-15T07:18:26.847+0000] {dagbag.py:587} INFO - Filling up the DagBag from /home/airflow/.local/lib/python3.12/site-packages/airflow/example_dags/example_dataset_alias_with_no_taskflow.py
[2024-09-15T07:18:27.186+0000] {processor.py:925} INFO - DAG(s) 'dataset_s3_bucket_producer_with_no_taskflow', 'dataset_alias_example_alias_consumer_with_no_taskflow', 'dataset_alias_example_alias_producer_with_no_taskflow', 'dataset_s3_bucket_consumer_with_no_taskflow' retrieved from /home/airflow/.local/lib/python3.12/site-packages/airflow/example_dags/example_dataset_alias_with_no_taskflow.py
[2024-09-15T07:18:27.242+0000] {logging_mixin.py:190} INFO - [2024-09-15T07:18:27.242+0000] {dag.py:3229} INFO - Sync 4 DAGs
[2024-09-15T07:18:27.294+0000] {logging_mixin.py:190} INFO - [2024-09-15T07:18:27.294+0000] {dag.py:4156} INFO - Setting next_dagrun for dataset_alias_example_alias_consumer_with_no_taskflow to None, run_after=None
[2024-09-15T07:18:27.301+0000] {logging_mixin.py:190} INFO - [2024-09-15T07:18:27.301+0000] {dag.py:4156} INFO - Setting next_dagrun for dataset_alias_example_alias_producer_with_no_taskflow to None, run_after=None
[2024-09-15T07:18:27.307+0000] {logging_mixin.py:190} INFO - [2024-09-15T07:18:27.306+0000] {dag.py:4156} INFO - Setting next_dagrun for dataset_s3_bucket_consumer_with_no_taskflow to None, run_after=None
[2024-09-15T07:18:27.311+0000] {logging_mixin.py:190} INFO - [2024-09-15T07:18:27.310+0000] {dag.py:4156} INFO - Setting next_dagrun for dataset_s3_bucket_producer_with_no_taskflow to None, run_after=None
[2024-09-15T07:18:27.366+0000] {processor.py:208} INFO - Processing /home/airflow/.local/lib/python3.12/site-packages/airflow/example_dags/example_dataset_alias_with_no_taskflow.py took 0.532 seconds
[2024-09-15T07:18:58.353+0000] {processor.py:186} INFO - Started process (PID=1703) to work on /home/airflow/.local/lib/python3.12/site-packages/airflow/example_dags/example_dataset_alias_with_no_taskflow.py
[2024-09-15T07:18:58.358+0000] {processor.py:914} INFO - Processing file /home/airflow/.local/lib/python3.12/site-packages/airflow/example_dags/example_dataset_alias_with_no_taskflow.py for tasks to queue
[2024-09-15T07:18:58.360+0000] {logging_mixin.py:190} INFO - [2024-09-15T07:18:58.360+0000] {dagbag.py:587} INFO - Filling up the DagBag from /home/airflow/.local/lib/python3.12/site-packages/airflow/example_dags/example_dataset_alias_with_no_taskflow.py
[2024-09-15T07:18:58.780+0000] {processor.py:925} INFO - DAG(s) 'dataset_alias_example_alias_producer_with_no_taskflow', 'dataset_s3_bucket_producer_with_no_taskflow', 'dataset_s3_bucket_consumer_with_no_taskflow', 'dataset_alias_example_alias_consumer_with_no_taskflow' retrieved from /home/airflow/.local/lib/python3.12/site-packages/airflow/example_dags/example_dataset_alias_with_no_taskflow.py
[2024-09-15T07:18:58.834+0000] {logging_mixin.py:190} INFO - [2024-09-15T07:18:58.834+0000] {dag.py:3229} INFO - Sync 4 DAGs
[2024-09-15T07:18:58.898+0000] {logging_mixin.py:190} INFO - [2024-09-15T07:18:58.897+0000] {dag.py:4156} INFO - Setting next_dagrun for dataset_alias_example_alias_consumer_with_no_taskflow to None, run_after=None
[2024-09-15T07:18:58.905+0000] {logging_mixin.py:190} INFO - [2024-09-15T07:18:58.904+0000] {dag.py:4156} INFO - Setting next_dagrun for dataset_alias_example_alias_producer_with_no_taskflow to None, run_after=None
[2024-09-15T07:18:58.909+0000] {logging_mixin.py:190} INFO - [2024-09-15T07:18:58.908+0000] {dag.py:4156} INFO - Setting next_dagrun for dataset_s3_bucket_consumer_with_no_taskflow to None, run_after=None
[2024-09-15T07:18:58.913+0000] {logging_mixin.py:190} INFO - [2024-09-15T07:18:58.912+0000] {dag.py:4156} INFO - Setting next_dagrun for dataset_s3_bucket_producer_with_no_taskflow to None, run_after=None
[2024-09-15T07:18:58.969+0000] {processor.py:208} INFO - Processing /home/airflow/.local/lib/python3.12/site-packages/airflow/example_dags/example_dataset_alias_with_no_taskflow.py took 0.630 seconds
[2024-09-15T07:19:29.112+0000] {processor.py:186} INFO - Started process (PID=1766) to work on /home/airflow/.local/lib/python3.12/site-packages/airflow/example_dags/example_dataset_alias_with_no_taskflow.py
[2024-09-15T07:19:29.113+0000] {processor.py:914} INFO - Processing file /home/airflow/.local/lib/python3.12/site-packages/airflow/example_dags/example_dataset_alias_with_no_taskflow.py for tasks to queue
[2024-09-15T07:19:29.116+0000] {logging_mixin.py:190} INFO - [2024-09-15T07:19:29.116+0000] {dagbag.py:587} INFO - Filling up the DagBag from /home/airflow/.local/lib/python3.12/site-packages/airflow/example_dags/example_dataset_alias_with_no_taskflow.py
[2024-09-15T07:19:29.432+0000] {processor.py:925} INFO - DAG(s) 'dataset_s3_bucket_producer_with_no_taskflow', 'dataset_s3_bucket_consumer_with_no_taskflow', 'dataset_alias_example_alias_producer_with_no_taskflow', 'dataset_alias_example_alias_consumer_with_no_taskflow' retrieved from /home/airflow/.local/lib/python3.12/site-packages/airflow/example_dags/example_dataset_alias_with_no_taskflow.py
[2024-09-15T07:19:29.478+0000] {logging_mixin.py:190} INFO - [2024-09-15T07:19:29.478+0000] {dag.py:3229} INFO - Sync 4 DAGs
[2024-09-15T07:19:29.531+0000] {logging_mixin.py:190} INFO - [2024-09-15T07:19:29.530+0000] {dag.py:4156} INFO - Setting next_dagrun for dataset_alias_example_alias_consumer_with_no_taskflow to None, run_after=None
[2024-09-15T07:19:29.537+0000] {logging_mixin.py:190} INFO - [2024-09-15T07:19:29.537+0000] {dag.py:4156} INFO - Setting next_dagrun for dataset_alias_example_alias_producer_with_no_taskflow to None, run_after=None
[2024-09-15T07:19:29.541+0000] {logging_mixin.py:190} INFO - [2024-09-15T07:19:29.540+0000] {dag.py:4156} INFO - Setting next_dagrun for dataset_s3_bucket_consumer_with_no_taskflow to None, run_after=None
[2024-09-15T07:19:29.544+0000] {logging_mixin.py:190} INFO - [2024-09-15T07:19:29.544+0000] {dag.py:4156} INFO - Setting next_dagrun for dataset_s3_bucket_producer_with_no_taskflow to None, run_after=None
[2024-09-15T07:19:29.597+0000] {processor.py:208} INFO - Processing /home/airflow/.local/lib/python3.12/site-packages/airflow/example_dags/example_dataset_alias_with_no_taskflow.py took 0.495 seconds
[2024-09-15T07:19:59.794+0000] {processor.py:186} INFO - Started process (PID=1830) to work on /home/airflow/.local/lib/python3.12/site-packages/airflow/example_dags/example_dataset_alias_with_no_taskflow.py
[2024-09-15T07:19:59.796+0000] {processor.py:914} INFO - Processing file /home/airflow/.local/lib/python3.12/site-packages/airflow/example_dags/example_dataset_alias_with_no_taskflow.py for tasks to queue
[2024-09-15T07:19:59.799+0000] {logging_mixin.py:190} INFO - [2024-09-15T07:19:59.798+0000] {dagbag.py:587} INFO - Filling up the DagBag from /home/airflow/.local/lib/python3.12/site-packages/airflow/example_dags/example_dataset_alias_with_no_taskflow.py
[2024-09-15T07:20:00.145+0000] {processor.py:925} INFO - DAG(s) 'dataset_s3_bucket_consumer_with_no_taskflow', 'dataset_s3_bucket_producer_with_no_taskflow', 'dataset_alias_example_alias_producer_with_no_taskflow', 'dataset_alias_example_alias_consumer_with_no_taskflow' retrieved from /home/airflow/.local/lib/python3.12/site-packages/airflow/example_dags/example_dataset_alias_with_no_taskflow.py
[2024-09-15T07:20:00.193+0000] {logging_mixin.py:190} INFO - [2024-09-15T07:20:00.193+0000] {dag.py:3229} INFO - Sync 4 DAGs
[2024-09-15T07:20:00.238+0000] {logging_mixin.py:190} INFO - [2024-09-15T07:20:00.238+0000] {dag.py:4156} INFO - Setting next_dagrun for dataset_alias_example_alias_consumer_with_no_taskflow to None, run_after=None
[2024-09-15T07:20:00.243+0000] {logging_mixin.py:190} INFO - [2024-09-15T07:20:00.243+0000] {dag.py:4156} INFO - Setting next_dagrun for dataset_alias_example_alias_producer_with_no_taskflow to None, run_after=None
[2024-09-15T07:20:00.246+0000] {logging_mixin.py:190} INFO - [2024-09-15T07:20:00.246+0000] {dag.py:4156} INFO - Setting next_dagrun for dataset_s3_bucket_consumer_with_no_taskflow to None, run_after=None
[2024-09-15T07:20:00.249+0000] {logging_mixin.py:190} INFO - [2024-09-15T07:20:00.249+0000] {dag.py:4156} INFO - Setting next_dagrun for dataset_s3_bucket_producer_with_no_taskflow to None, run_after=None
[2024-09-15T07:20:00.290+0000] {processor.py:208} INFO - Processing /home/airflow/.local/lib/python3.12/site-packages/airflow/example_dags/example_dataset_alias_with_no_taskflow.py took 0.510 seconds
[2024-09-15T07:20:36.866+0000] {processor.py:186} INFO - Started process (PID=1889) to work on /home/airflow/.local/lib/python3.12/site-packages/airflow/example_dags/example_dataset_alias_with_no_taskflow.py
[2024-09-15T07:20:36.869+0000] {processor.py:914} INFO - Processing file /home/airflow/.local/lib/python3.12/site-packages/airflow/example_dags/example_dataset_alias_with_no_taskflow.py for tasks to queue
[2024-09-15T07:20:36.874+0000] {logging_mixin.py:190} INFO - [2024-09-15T07:20:36.873+0000] {dagbag.py:587} INFO - Filling up the DagBag from /home/airflow/.local/lib/python3.12/site-packages/airflow/example_dags/example_dataset_alias_with_no_taskflow.py
[2024-09-15T07:20:37.227+0000] {processor.py:925} INFO - DAG(s) 'dataset_alias_example_alias_consumer_with_no_taskflow', 'dataset_alias_example_alias_producer_with_no_taskflow', 'dataset_s3_bucket_producer_with_no_taskflow', 'dataset_s3_bucket_consumer_with_no_taskflow' retrieved from /home/airflow/.local/lib/python3.12/site-packages/airflow/example_dags/example_dataset_alias_with_no_taskflow.py
[2024-09-15T07:20:37.268+0000] {logging_mixin.py:190} INFO - [2024-09-15T07:20:37.268+0000] {dag.py:3229} INFO - Sync 4 DAGs
[2024-09-15T07:20:37.312+0000] {logging_mixin.py:190} INFO - [2024-09-15T07:20:37.312+0000] {dag.py:4156} INFO - Setting next_dagrun for dataset_alias_example_alias_consumer_with_no_taskflow to None, run_after=None
[2024-09-15T07:20:37.317+0000] {logging_mixin.py:190} INFO - [2024-09-15T07:20:37.317+0000] {dag.py:4156} INFO - Setting next_dagrun for dataset_alias_example_alias_producer_with_no_taskflow to None, run_after=None
[2024-09-15T07:20:37.320+0000] {logging_mixin.py:190} INFO - [2024-09-15T07:20:37.320+0000] {dag.py:4156} INFO - Setting next_dagrun for dataset_s3_bucket_consumer_with_no_taskflow to None, run_after=None
[2024-09-15T07:20:37.324+0000] {logging_mixin.py:190} INFO - [2024-09-15T07:20:37.324+0000] {dag.py:4156} INFO - Setting next_dagrun for dataset_s3_bucket_producer_with_no_taskflow to None, run_after=None
[2024-09-15T07:20:37.368+0000] {processor.py:208} INFO - Processing /home/airflow/.local/lib/python3.12/site-packages/airflow/example_dags/example_dataset_alias_with_no_taskflow.py took 0.516 seconds
[2024-09-15T07:23:07.839+0000] {processor.py:186} INFO - Started process (PID=1952) to work on /home/airflow/.local/lib/python3.12/site-packages/airflow/example_dags/example_dataset_alias_with_no_taskflow.py
[2024-09-15T07:23:07.841+0000] {processor.py:914} INFO - Processing file /home/airflow/.local/lib/python3.12/site-packages/airflow/example_dags/example_dataset_alias_with_no_taskflow.py for tasks to queue
[2024-09-15T07:23:07.843+0000] {logging_mixin.py:190} INFO - [2024-09-15T07:23:07.843+0000] {dagbag.py:587} INFO - Filling up the DagBag from /home/airflow/.local/lib/python3.12/site-packages/airflow/example_dags/example_dataset_alias_with_no_taskflow.py
[2024-09-15T07:23:08.191+0000] {processor.py:925} INFO - DAG(s) 'dataset_s3_bucket_consumer_with_no_taskflow', 'dataset_alias_example_alias_producer_with_no_taskflow', 'dataset_s3_bucket_producer_with_no_taskflow', 'dataset_alias_example_alias_consumer_with_no_taskflow' retrieved from /home/airflow/.local/lib/python3.12/site-packages/airflow/example_dags/example_dataset_alias_with_no_taskflow.py
[2024-09-15T07:23:08.237+0000] {logging_mixin.py:190} INFO - [2024-09-15T07:23:08.236+0000] {dag.py:3229} INFO - Sync 4 DAGs
[2024-09-15T07:23:08.284+0000] {logging_mixin.py:190} INFO - [2024-09-15T07:23:08.283+0000] {dag.py:4156} INFO - Setting next_dagrun for dataset_alias_example_alias_consumer_with_no_taskflow to None, run_after=None
[2024-09-15T07:23:08.295+0000] {logging_mixin.py:190} INFO - [2024-09-15T07:23:08.294+0000] {dag.py:4156} INFO - Setting next_dagrun for dataset_alias_example_alias_producer_with_no_taskflow to None, run_after=None
[2024-09-15T07:23:08.299+0000] {logging_mixin.py:190} INFO - [2024-09-15T07:23:08.298+0000] {dag.py:4156} INFO - Setting next_dagrun for dataset_s3_bucket_consumer_with_no_taskflow to None, run_after=None
[2024-09-15T07:23:08.303+0000] {logging_mixin.py:190} INFO - [2024-09-15T07:23:08.302+0000] {dag.py:4156} INFO - Setting next_dagrun for dataset_s3_bucket_producer_with_no_taskflow to None, run_after=None
[2024-09-15T07:23:08.670+0000] {processor.py:208} INFO - Processing /home/airflow/.local/lib/python3.12/site-packages/airflow/example_dags/example_dataset_alias_with_no_taskflow.py took 0.841 seconds
[2024-09-15T07:23:39.627+0000] {processor.py:186} INFO - Started process (PID=2014) to work on /home/airflow/.local/lib/python3.12/site-packages/airflow/example_dags/example_dataset_alias_with_no_taskflow.py
[2024-09-15T07:23:39.629+0000] {processor.py:914} INFO - Processing file /home/airflow/.local/lib/python3.12/site-packages/airflow/example_dags/example_dataset_alias_with_no_taskflow.py for tasks to queue
[2024-09-15T07:23:39.640+0000] {logging_mixin.py:190} INFO - [2024-09-15T07:23:39.639+0000] {dagbag.py:587} INFO - Filling up the DagBag from /home/airflow/.local/lib/python3.12/site-packages/airflow/example_dags/example_dataset_alias_with_no_taskflow.py
[2024-09-15T07:23:40.060+0000] {processor.py:925} INFO - DAG(s) 'dataset_alias_example_alias_consumer_with_no_taskflow', 'dataset_s3_bucket_producer_with_no_taskflow', 'dataset_s3_bucket_consumer_with_no_taskflow', 'dataset_alias_example_alias_producer_with_no_taskflow' retrieved from /home/airflow/.local/lib/python3.12/site-packages/airflow/example_dags/example_dataset_alias_with_no_taskflow.py
[2024-09-15T07:23:40.128+0000] {logging_mixin.py:190} INFO - [2024-09-15T07:23:40.128+0000] {dag.py:3229} INFO - Sync 4 DAGs
[2024-09-15T07:23:40.197+0000] {logging_mixin.py:190} INFO - [2024-09-15T07:23:40.196+0000] {dag.py:4156} INFO - Setting next_dagrun for dataset_alias_example_alias_consumer_with_no_taskflow to None, run_after=None
[2024-09-15T07:23:40.204+0000] {logging_mixin.py:190} INFO - [2024-09-15T07:23:40.204+0000] {dag.py:4156} INFO - Setting next_dagrun for dataset_alias_example_alias_producer_with_no_taskflow to None, run_after=None
[2024-09-15T07:23:40.208+0000] {logging_mixin.py:190} INFO - [2024-09-15T07:23:40.207+0000] {dag.py:4156} INFO - Setting next_dagrun for dataset_s3_bucket_consumer_with_no_taskflow to None, run_after=None
[2024-09-15T07:23:40.213+0000] {logging_mixin.py:190} INFO - [2024-09-15T07:23:40.213+0000] {dag.py:4156} INFO - Setting next_dagrun for dataset_s3_bucket_producer_with_no_taskflow to None, run_after=None
[2024-09-15T07:23:40.274+0000] {processor.py:208} INFO - Processing /home/airflow/.local/lib/python3.12/site-packages/airflow/example_dags/example_dataset_alias_with_no_taskflow.py took 0.662 seconds
[2024-09-15T07:24:10.465+0000] {processor.py:186} INFO - Started process (PID=2076) to work on /home/airflow/.local/lib/python3.12/site-packages/airflow/example_dags/example_dataset_alias_with_no_taskflow.py
[2024-09-15T07:24:10.466+0000] {processor.py:914} INFO - Processing file /home/airflow/.local/lib/python3.12/site-packages/airflow/example_dags/example_dataset_alias_with_no_taskflow.py for tasks to queue
[2024-09-15T07:24:10.468+0000] {logging_mixin.py:190} INFO - [2024-09-15T07:24:10.468+0000] {dagbag.py:587} INFO - Filling up the DagBag from /home/airflow/.local/lib/python3.12/site-packages/airflow/example_dags/example_dataset_alias_with_no_taskflow.py
[2024-09-15T07:24:10.726+0000] {processor.py:925} INFO - DAG(s) 'dataset_alias_example_alias_producer_with_no_taskflow', 'dataset_s3_bucket_consumer_with_no_taskflow', 'dataset_s3_bucket_producer_with_no_taskflow', 'dataset_alias_example_alias_consumer_with_no_taskflow' retrieved from /home/airflow/.local/lib/python3.12/site-packages/airflow/example_dags/example_dataset_alias_with_no_taskflow.py
[2024-09-15T07:24:10.768+0000] {logging_mixin.py:190} INFO - [2024-09-15T07:24:10.768+0000] {dag.py:3229} INFO - Sync 4 DAGs
[2024-09-15T07:24:10.808+0000] {logging_mixin.py:190} INFO - [2024-09-15T07:24:10.808+0000] {dag.py:4156} INFO - Setting next_dagrun for dataset_alias_example_alias_consumer_with_no_taskflow to None, run_after=None
[2024-09-15T07:24:10.814+0000] {logging_mixin.py:190} INFO - [2024-09-15T07:24:10.813+0000] {dag.py:4156} INFO - Setting next_dagrun for dataset_alias_example_alias_producer_with_no_taskflow to None, run_after=None
[2024-09-15T07:24:10.817+0000] {logging_mixin.py:190} INFO - [2024-09-15T07:24:10.817+0000] {dag.py:4156} INFO - Setting next_dagrun for dataset_s3_bucket_consumer_with_no_taskflow to None, run_after=None
[2024-09-15T07:24:10.823+0000] {logging_mixin.py:190} INFO - [2024-09-15T07:24:10.822+0000] {dag.py:4156} INFO - Setting next_dagrun for dataset_s3_bucket_producer_with_no_taskflow to None, run_after=None
[2024-09-15T07:24:10.874+0000] {processor.py:208} INFO - Processing /home/airflow/.local/lib/python3.12/site-packages/airflow/example_dags/example_dataset_alias_with_no_taskflow.py took 0.419 seconds
[2024-09-15T07:24:41.761+0000] {processor.py:186} INFO - Started process (PID=2138) to work on /home/airflow/.local/lib/python3.12/site-packages/airflow/example_dags/example_dataset_alias_with_no_taskflow.py
[2024-09-15T07:24:41.763+0000] {processor.py:914} INFO - Processing file /home/airflow/.local/lib/python3.12/site-packages/airflow/example_dags/example_dataset_alias_with_no_taskflow.py for tasks to queue
[2024-09-15T07:24:41.767+0000] {logging_mixin.py:190} INFO - [2024-09-15T07:24:41.765+0000] {dagbag.py:587} INFO - Filling up the DagBag from /home/airflow/.local/lib/python3.12/site-packages/airflow/example_dags/example_dataset_alias_with_no_taskflow.py
[2024-09-15T07:24:42.116+0000] {processor.py:925} INFO - DAG(s) 'dataset_s3_bucket_consumer_with_no_taskflow', 'dataset_s3_bucket_producer_with_no_taskflow', 'dataset_alias_example_alias_producer_with_no_taskflow', 'dataset_alias_example_alias_consumer_with_no_taskflow' retrieved from /home/airflow/.local/lib/python3.12/site-packages/airflow/example_dags/example_dataset_alias_with_no_taskflow.py
[2024-09-15T07:24:42.163+0000] {logging_mixin.py:190} INFO - [2024-09-15T07:24:42.162+0000] {dag.py:3229} INFO - Sync 4 DAGs
[2024-09-15T07:24:42.528+0000] {logging_mixin.py:190} INFO - [2024-09-15T07:24:42.527+0000] {dag.py:4156} INFO - Setting next_dagrun for dataset_alias_example_alias_consumer_with_no_taskflow to None, run_after=None
[2024-09-15T07:24:42.534+0000] {logging_mixin.py:190} INFO - [2024-09-15T07:24:42.534+0000] {dag.py:4156} INFO - Setting next_dagrun for dataset_alias_example_alias_producer_with_no_taskflow to None, run_after=None
[2024-09-15T07:24:42.537+0000] {logging_mixin.py:190} INFO - [2024-09-15T07:24:42.537+0000] {dag.py:4156} INFO - Setting next_dagrun for dataset_s3_bucket_consumer_with_no_taskflow to None, run_after=None
[2024-09-15T07:24:42.540+0000] {logging_mixin.py:190} INFO - [2024-09-15T07:24:42.540+0000] {dag.py:4156} INFO - Setting next_dagrun for dataset_s3_bucket_producer_with_no_taskflow to None, run_after=None
[2024-09-15T07:24:42.593+0000] {processor.py:208} INFO - Processing /home/airflow/.local/lib/python3.12/site-packages/airflow/example_dags/example_dataset_alias_with_no_taskflow.py took 0.849 seconds
[2024-09-15T07:25:13.079+0000] {processor.py:186} INFO - Started process (PID=2205) to work on /home/airflow/.local/lib/python3.12/site-packages/airflow/example_dags/example_dataset_alias_with_no_taskflow.py
[2024-09-15T07:25:13.081+0000] {processor.py:914} INFO - Processing file /home/airflow/.local/lib/python3.12/site-packages/airflow/example_dags/example_dataset_alias_with_no_taskflow.py for tasks to queue
[2024-09-15T07:25:13.086+0000] {logging_mixin.py:190} INFO - [2024-09-15T07:25:13.084+0000] {dagbag.py:587} INFO - Filling up the DagBag from /home/airflow/.local/lib/python3.12/site-packages/airflow/example_dags/example_dataset_alias_with_no_taskflow.py
[2024-09-15T07:25:13.556+0000] {processor.py:925} INFO - DAG(s) 'dataset_alias_example_alias_consumer_with_no_taskflow', 'dataset_s3_bucket_producer_with_no_taskflow', 'dataset_s3_bucket_consumer_with_no_taskflow', 'dataset_alias_example_alias_producer_with_no_taskflow' retrieved from /home/airflow/.local/lib/python3.12/site-packages/airflow/example_dags/example_dataset_alias_with_no_taskflow.py
[2024-09-15T07:25:13.611+0000] {logging_mixin.py:190} INFO - [2024-09-15T07:25:13.611+0000] {dag.py:3229} INFO - Sync 4 DAGs
[2024-09-15T07:25:13.673+0000] {logging_mixin.py:190} INFO - [2024-09-15T07:25:13.673+0000] {dag.py:4156} INFO - Setting next_dagrun for dataset_alias_example_alias_consumer_with_no_taskflow to None, run_after=None
[2024-09-15T07:25:13.987+0000] {logging_mixin.py:190} INFO - [2024-09-15T07:25:13.987+0000] {dag.py:4156} INFO - Setting next_dagrun for dataset_alias_example_alias_producer_with_no_taskflow to None, run_after=None
[2024-09-15T07:25:13.990+0000] {logging_mixin.py:190} INFO - [2024-09-15T07:25:13.990+0000] {dag.py:4156} INFO - Setting next_dagrun for dataset_s3_bucket_consumer_with_no_taskflow to None, run_after=None
[2024-09-15T07:25:13.993+0000] {logging_mixin.py:190} INFO - [2024-09-15T07:25:13.993+0000] {dag.py:4156} INFO - Setting next_dagrun for dataset_s3_bucket_producer_with_no_taskflow to None, run_after=None
[2024-09-15T07:25:14.031+0000] {processor.py:208} INFO - Processing /home/airflow/.local/lib/python3.12/site-packages/airflow/example_dags/example_dataset_alias_with_no_taskflow.py took 0.977 seconds
