[2024-09-15T06:52:54.182+0000] {processor.py:186} INFO - Started process (PID=90) to work on /home/airflow/.local/lib/python3.12/site-packages/airflow/example_dags/example_bash_operator.py
[2024-09-15T06:52:54.185+0000] {processor.py:914} INFO - Processing file /home/airflow/.local/lib/python3.12/site-packages/airflow/example_dags/example_bash_operator.py for tasks to queue
[2024-09-15T06:52:54.191+0000] {logging_mixin.py:190} INFO - [2024-09-15T06:52:54.191+0000] {dagbag.py:587} INFO - Filling up the DagBag from /home/airflow/.local/lib/python3.12/site-packages/airflow/example_dags/example_bash_operator.py
[2024-09-15T06:52:54.243+0000] {processor.py:925} INFO - DAG(s) 'example_bash_operator' retrieved from /home/airflow/.local/lib/python3.12/site-packages/airflow/example_dags/example_bash_operator.py
[2024-09-15T06:52:54.654+0000] {logging_mixin.py:190} INFO - [2024-09-15T06:52:54.652+0000] {override.py:1900} INFO - Created Permission View: can delete on DAG:example_bash_operator
[2024-09-15T06:52:54.693+0000] {logging_mixin.py:190} INFO - [2024-09-15T06:52:54.693+0000] {override.py:1900} INFO - Created Permission View: can edit on DAG:example_bash_operator
[2024-09-15T06:52:54.716+0000] {logging_mixin.py:190} INFO - [2024-09-15T06:52:54.714+0000] {override.py:1900} INFO - Created Permission View: can read on DAG:example_bash_operator
[2024-09-15T06:52:54.780+0000] {logging_mixin.py:190} INFO - [2024-09-15T06:52:54.778+0000] {override.py:1900} INFO - Created Permission View: can delete on DAG Run:example_bash_operator
[2024-09-15T06:52:54.826+0000] {logging_mixin.py:190} INFO - [2024-09-15T06:52:54.825+0000] {override.py:1900} INFO - Created Permission View: can create on DAG Run:example_bash_operator
[2024-09-15T06:52:54.868+0000] {logging_mixin.py:190} INFO - [2024-09-15T06:52:54.867+0000] {override.py:1900} INFO - Created Permission View: can read on DAG Run:example_bash_operator
[2024-09-15T06:52:54.921+0000] {logging_mixin.py:190} INFO - [2024-09-15T06:52:54.921+0000] {override.py:1900} INFO - Created Permission View: menu access on DAG Run:example_bash_operator
[2024-09-15T06:52:54.928+0000] {logging_mixin.py:190} INFO - [2024-09-15T06:52:54.927+0000] {dag.py:3229} INFO - Sync 1 DAGs
[2024-09-15T06:52:54.955+0000] {logging_mixin.py:190} INFO - [2024-09-15T06:52:54.955+0000] {dag.py:3252} INFO - Creating ORM DAG for example_bash_operator
[2024-09-15T06:52:54.988+0000] {logging_mixin.py:190} INFO - [2024-09-15T06:52:54.987+0000] {dag.py:4156} INFO - Setting next_dagrun for example_bash_operator to 2024-09-14 00:00:00+00:00, run_after=2024-09-15 00:00:00+00:00
[2024-09-15T06:52:55.059+0000] {processor.py:208} INFO - Processing /home/airflow/.local/lib/python3.12/site-packages/airflow/example_dags/example_bash_operator.py took 0.897 seconds
[2024-09-15T06:54:09.631+0000] {processor.py:186} INFO - Started process (PID=152) to work on /home/airflow/.local/lib/python3.12/site-packages/airflow/example_dags/example_bash_operator.py
[2024-09-15T06:54:09.633+0000] {processor.py:914} INFO - Processing file /home/airflow/.local/lib/python3.12/site-packages/airflow/example_dags/example_bash_operator.py for tasks to queue
[2024-09-15T06:54:09.639+0000] {logging_mixin.py:190} INFO - [2024-09-15T06:54:09.638+0000] {dagbag.py:587} INFO - Filling up the DagBag from /home/airflow/.local/lib/python3.12/site-packages/airflow/example_dags/example_bash_operator.py
[2024-09-15T06:54:09.669+0000] {processor.py:925} INFO - DAG(s) 'example_bash_operator' retrieved from /home/airflow/.local/lib/python3.12/site-packages/airflow/example_dags/example_bash_operator.py
[2024-09-15T06:54:09.748+0000] {logging_mixin.py:190} INFO - [2024-09-15T06:54:09.747+0000] {dag.py:3229} INFO - Sync 1 DAGs
[2024-09-15T06:54:09.814+0000] {logging_mixin.py:190} INFO - [2024-09-15T06:54:09.813+0000] {dag.py:4156} INFO - Setting next_dagrun for example_bash_operator to 2024-09-14 00:00:00+00:00, run_after=2024-09-15 00:00:00+00:00
[2024-09-15T06:54:09.899+0000] {processor.py:208} INFO - Processing /home/airflow/.local/lib/python3.12/site-packages/airflow/example_dags/example_bash_operator.py took 0.280 seconds
[2024-09-15T06:54:41.887+0000] {processor.py:186} INFO - Started process (PID=214) to work on /home/airflow/.local/lib/python3.12/site-packages/airflow/example_dags/example_bash_operator.py
[2024-09-15T06:54:41.890+0000] {processor.py:914} INFO - Processing file /home/airflow/.local/lib/python3.12/site-packages/airflow/example_dags/example_bash_operator.py for tasks to queue
[2024-09-15T06:54:41.896+0000] {logging_mixin.py:190} INFO - [2024-09-15T06:54:41.895+0000] {dagbag.py:587} INFO - Filling up the DagBag from /home/airflow/.local/lib/python3.12/site-packages/airflow/example_dags/example_bash_operator.py
[2024-09-15T06:54:41.935+0000] {processor.py:925} INFO - DAG(s) 'example_bash_operator' retrieved from /home/airflow/.local/lib/python3.12/site-packages/airflow/example_dags/example_bash_operator.py
[2024-09-15T06:54:42.028+0000] {logging_mixin.py:190} INFO - [2024-09-15T06:54:42.027+0000] {dag.py:3229} INFO - Sync 1 DAGs
[2024-09-15T06:54:42.123+0000] {logging_mixin.py:190} INFO - [2024-09-15T06:54:42.123+0000] {dag.py:4156} INFO - Setting next_dagrun for example_bash_operator to 2024-09-14 00:00:00+00:00, run_after=2024-09-15 00:00:00+00:00
[2024-09-15T06:54:42.308+0000] {processor.py:208} INFO - Processing /home/airflow/.local/lib/python3.12/site-packages/airflow/example_dags/example_bash_operator.py took 0.439 seconds
[2024-09-15T06:55:15.446+0000] {processor.py:186} INFO - Started process (PID=276) to work on /home/airflow/.local/lib/python3.12/site-packages/airflow/example_dags/example_bash_operator.py
[2024-09-15T06:55:15.450+0000] {processor.py:914} INFO - Processing file /home/airflow/.local/lib/python3.12/site-packages/airflow/example_dags/example_bash_operator.py for tasks to queue
[2024-09-15T06:55:15.457+0000] {logging_mixin.py:190} INFO - [2024-09-15T06:55:15.456+0000] {dagbag.py:587} INFO - Filling up the DagBag from /home/airflow/.local/lib/python3.12/site-packages/airflow/example_dags/example_bash_operator.py
[2024-09-15T06:55:15.491+0000] {processor.py:925} INFO - DAG(s) 'example_bash_operator' retrieved from /home/airflow/.local/lib/python3.12/site-packages/airflow/example_dags/example_bash_operator.py
[2024-09-15T06:55:15.567+0000] {logging_mixin.py:190} INFO - [2024-09-15T06:55:15.567+0000] {dag.py:3229} INFO - Sync 1 DAGs
[2024-09-15T06:55:15.629+0000] {logging_mixin.py:190} INFO - [2024-09-15T06:55:15.629+0000] {dag.py:4156} INFO - Setting next_dagrun for example_bash_operator to 2024-09-14 00:00:00+00:00, run_after=2024-09-15 00:00:00+00:00
[2024-09-15T06:55:15.687+0000] {processor.py:208} INFO - Processing /home/airflow/.local/lib/python3.12/site-packages/airflow/example_dags/example_bash_operator.py took 0.259 seconds
[2024-09-15T06:57:50.151+0000] {processor.py:186} INFO - Started process (PID=320) to work on /home/airflow/.local/lib/python3.12/site-packages/airflow/example_dags/example_bash_operator.py
[2024-09-15T06:57:50.154+0000] {processor.py:914} INFO - Processing file /home/airflow/.local/lib/python3.12/site-packages/airflow/example_dags/example_bash_operator.py for tasks to queue
[2024-09-15T06:57:50.158+0000] {logging_mixin.py:190} INFO - [2024-09-15T06:57:50.157+0000] {dagbag.py:587} INFO - Filling up the DagBag from /home/airflow/.local/lib/python3.12/site-packages/airflow/example_dags/example_bash_operator.py
[2024-09-15T06:57:50.189+0000] {processor.py:925} INFO - DAG(s) 'example_bash_operator' retrieved from /home/airflow/.local/lib/python3.12/site-packages/airflow/example_dags/example_bash_operator.py
[2024-09-15T06:57:50.252+0000] {logging_mixin.py:190} INFO - [2024-09-15T06:57:50.251+0000] {dag.py:3229} INFO - Sync 1 DAGs
[2024-09-15T06:57:50.307+0000] {logging_mixin.py:190} INFO - [2024-09-15T06:57:50.306+0000] {dag.py:4156} INFO - Setting next_dagrun for example_bash_operator to 2024-09-14 00:00:00+00:00, run_after=2024-09-15 00:00:00+00:00
[2024-09-15T06:57:50.347+0000] {processor.py:208} INFO - Processing /home/airflow/.local/lib/python3.12/site-packages/airflow/example_dags/example_bash_operator.py took 0.208 seconds
[2024-09-15T06:58:20.584+0000] {processor.py:186} INFO - Started process (PID=382) to work on /home/airflow/.local/lib/python3.12/site-packages/airflow/example_dags/example_bash_operator.py
[2024-09-15T06:58:20.588+0000] {processor.py:914} INFO - Processing file /home/airflow/.local/lib/python3.12/site-packages/airflow/example_dags/example_bash_operator.py for tasks to queue
[2024-09-15T06:58:20.592+0000] {logging_mixin.py:190} INFO - [2024-09-15T06:58:20.591+0000] {dagbag.py:587} INFO - Filling up the DagBag from /home/airflow/.local/lib/python3.12/site-packages/airflow/example_dags/example_bash_operator.py
[2024-09-15T06:58:20.627+0000] {processor.py:925} INFO - DAG(s) 'example_bash_operator' retrieved from /home/airflow/.local/lib/python3.12/site-packages/airflow/example_dags/example_bash_operator.py
[2024-09-15T06:58:20.733+0000] {logging_mixin.py:190} INFO - [2024-09-15T06:58:20.732+0000] {dag.py:3229} INFO - Sync 1 DAGs
[2024-09-15T06:58:20.805+0000] {logging_mixin.py:190} INFO - [2024-09-15T06:58:20.804+0000] {dag.py:4156} INFO - Setting next_dagrun for example_bash_operator to 2024-09-14 00:00:00+00:00, run_after=2024-09-15 00:00:00+00:00
[2024-09-15T06:58:20.883+0000] {processor.py:208} INFO - Processing /home/airflow/.local/lib/python3.12/site-packages/airflow/example_dags/example_bash_operator.py took 0.313 seconds
[2024-09-15T06:58:51.048+0000] {processor.py:186} INFO - Started process (PID=444) to work on /home/airflow/.local/lib/python3.12/site-packages/airflow/example_dags/example_bash_operator.py
[2024-09-15T06:58:51.050+0000] {processor.py:914} INFO - Processing file /home/airflow/.local/lib/python3.12/site-packages/airflow/example_dags/example_bash_operator.py for tasks to queue
[2024-09-15T06:58:51.053+0000] {logging_mixin.py:190} INFO - [2024-09-15T06:58:51.053+0000] {dagbag.py:587} INFO - Filling up the DagBag from /home/airflow/.local/lib/python3.12/site-packages/airflow/example_dags/example_bash_operator.py
[2024-09-15T06:58:51.088+0000] {processor.py:925} INFO - DAG(s) 'example_bash_operator' retrieved from /home/airflow/.local/lib/python3.12/site-packages/airflow/example_dags/example_bash_operator.py
[2024-09-15T06:58:51.148+0000] {logging_mixin.py:190} INFO - [2024-09-15T06:58:51.148+0000] {dag.py:3229} INFO - Sync 1 DAGs
[2024-09-15T06:58:51.195+0000] {logging_mixin.py:190} INFO - [2024-09-15T06:58:51.195+0000] {dag.py:4156} INFO - Setting next_dagrun for example_bash_operator to 2024-09-14 00:00:00+00:00, run_after=2024-09-15 00:00:00+00:00
[2024-09-15T06:58:51.232+0000] {processor.py:208} INFO - Processing /home/airflow/.local/lib/python3.12/site-packages/airflow/example_dags/example_bash_operator.py took 0.197 seconds
[2024-09-15T06:59:21.811+0000] {processor.py:186} INFO - Started process (PID=506) to work on /home/airflow/.local/lib/python3.12/site-packages/airflow/example_dags/example_bash_operator.py
[2024-09-15T06:59:21.813+0000] {processor.py:914} INFO - Processing file /home/airflow/.local/lib/python3.12/site-packages/airflow/example_dags/example_bash_operator.py for tasks to queue
[2024-09-15T06:59:21.816+0000] {logging_mixin.py:190} INFO - [2024-09-15T06:59:21.815+0000] {dagbag.py:587} INFO - Filling up the DagBag from /home/airflow/.local/lib/python3.12/site-packages/airflow/example_dags/example_bash_operator.py
[2024-09-15T06:59:21.844+0000] {processor.py:925} INFO - DAG(s) 'example_bash_operator' retrieved from /home/airflow/.local/lib/python3.12/site-packages/airflow/example_dags/example_bash_operator.py
[2024-09-15T06:59:21.899+0000] {logging_mixin.py:190} INFO - [2024-09-15T06:59:21.899+0000] {dag.py:3229} INFO - Sync 1 DAGs
[2024-09-15T06:59:21.948+0000] {logging_mixin.py:190} INFO - [2024-09-15T06:59:21.948+0000] {dag.py:4156} INFO - Setting next_dagrun for example_bash_operator to 2024-09-14 00:00:00+00:00, run_after=2024-09-15 00:00:00+00:00
[2024-09-15T06:59:21.982+0000] {processor.py:208} INFO - Processing /home/airflow/.local/lib/python3.12/site-packages/airflow/example_dags/example_bash_operator.py took 0.186 seconds
[2024-09-15T06:59:52.575+0000] {processor.py:186} INFO - Started process (PID=568) to work on /home/airflow/.local/lib/python3.12/site-packages/airflow/example_dags/example_bash_operator.py
[2024-09-15T06:59:52.577+0000] {processor.py:914} INFO - Processing file /home/airflow/.local/lib/python3.12/site-packages/airflow/example_dags/example_bash_operator.py for tasks to queue
[2024-09-15T06:59:52.580+0000] {logging_mixin.py:190} INFO - [2024-09-15T06:59:52.579+0000] {dagbag.py:587} INFO - Filling up the DagBag from /home/airflow/.local/lib/python3.12/site-packages/airflow/example_dags/example_bash_operator.py
[2024-09-15T06:59:52.610+0000] {processor.py:925} INFO - DAG(s) 'example_bash_operator' retrieved from /home/airflow/.local/lib/python3.12/site-packages/airflow/example_dags/example_bash_operator.py
[2024-09-15T06:59:52.672+0000] {logging_mixin.py:190} INFO - [2024-09-15T06:59:52.671+0000] {dag.py:3229} INFO - Sync 1 DAGs
[2024-09-15T06:59:52.729+0000] {logging_mixin.py:190} INFO - [2024-09-15T06:59:52.728+0000] {dag.py:4156} INFO - Setting next_dagrun for example_bash_operator to 2024-09-14 00:00:00+00:00, run_after=2024-09-15 00:00:00+00:00
[2024-09-15T06:59:52.770+0000] {processor.py:208} INFO - Processing /home/airflow/.local/lib/python3.12/site-packages/airflow/example_dags/example_bash_operator.py took 0.205 seconds
[2024-09-15T07:00:39.234+0000] {processor.py:186} INFO - Started process (PID=630) to work on /home/airflow/.local/lib/python3.12/site-packages/airflow/example_dags/example_bash_operator.py
[2024-09-15T07:00:39.236+0000] {processor.py:914} INFO - Processing file /home/airflow/.local/lib/python3.12/site-packages/airflow/example_dags/example_bash_operator.py for tasks to queue
[2024-09-15T07:00:39.239+0000] {logging_mixin.py:190} INFO - [2024-09-15T07:00:39.238+0000] {dagbag.py:587} INFO - Filling up the DagBag from /home/airflow/.local/lib/python3.12/site-packages/airflow/example_dags/example_bash_operator.py
[2024-09-15T07:00:39.263+0000] {processor.py:925} INFO - DAG(s) 'example_bash_operator' retrieved from /home/airflow/.local/lib/python3.12/site-packages/airflow/example_dags/example_bash_operator.py
[2024-09-15T07:00:39.324+0000] {logging_mixin.py:190} INFO - [2024-09-15T07:00:39.324+0000] {dag.py:3229} INFO - Sync 1 DAGs
[2024-09-15T07:00:39.378+0000] {logging_mixin.py:190} INFO - [2024-09-15T07:00:39.377+0000] {dag.py:4156} INFO - Setting next_dagrun for example_bash_operator to 2024-09-14 00:00:00+00:00, run_after=2024-09-15 00:00:00+00:00
[2024-09-15T07:00:39.419+0000] {processor.py:208} INFO - Processing /home/airflow/.local/lib/python3.12/site-packages/airflow/example_dags/example_bash_operator.py took 0.195 seconds
[2024-09-15T07:04:37.860+0000] {processor.py:186} INFO - Started process (PID=698) to work on /home/airflow/.local/lib/python3.12/site-packages/airflow/example_dags/example_bash_operator.py
[2024-09-15T07:04:37.862+0000] {processor.py:914} INFO - Processing file /home/airflow/.local/lib/python3.12/site-packages/airflow/example_dags/example_bash_operator.py for tasks to queue
[2024-09-15T07:04:37.865+0000] {logging_mixin.py:190} INFO - [2024-09-15T07:04:37.864+0000] {dagbag.py:587} INFO - Filling up the DagBag from /home/airflow/.local/lib/python3.12/site-packages/airflow/example_dags/example_bash_operator.py
[2024-09-15T07:04:37.890+0000] {processor.py:925} INFO - DAG(s) 'example_bash_operator' retrieved from /home/airflow/.local/lib/python3.12/site-packages/airflow/example_dags/example_bash_operator.py
[2024-09-15T07:04:37.961+0000] {logging_mixin.py:190} INFO - [2024-09-15T07:04:37.960+0000] {dag.py:3229} INFO - Sync 1 DAGs
[2024-09-15T07:04:38.016+0000] {logging_mixin.py:190} INFO - [2024-09-15T07:04:38.015+0000] {dag.py:4156} INFO - Setting next_dagrun for example_bash_operator to 2024-09-14 00:00:00+00:00, run_after=2024-09-15 00:00:00+00:00
[2024-09-15T07:04:38.053+0000] {processor.py:208} INFO - Processing /home/airflow/.local/lib/python3.12/site-packages/airflow/example_dags/example_bash_operator.py took 0.207 seconds
[2024-09-15T07:05:08.811+0000] {processor.py:186} INFO - Started process (PID=760) to work on /home/airflow/.local/lib/python3.12/site-packages/airflow/example_dags/example_bash_operator.py
[2024-09-15T07:05:08.813+0000] {processor.py:914} INFO - Processing file /home/airflow/.local/lib/python3.12/site-packages/airflow/example_dags/example_bash_operator.py for tasks to queue
[2024-09-15T07:05:08.817+0000] {logging_mixin.py:190} INFO - [2024-09-15T07:05:08.816+0000] {dagbag.py:587} INFO - Filling up the DagBag from /home/airflow/.local/lib/python3.12/site-packages/airflow/example_dags/example_bash_operator.py
[2024-09-15T07:05:08.850+0000] {processor.py:925} INFO - DAG(s) 'example_bash_operator' retrieved from /home/airflow/.local/lib/python3.12/site-packages/airflow/example_dags/example_bash_operator.py
[2024-09-15T07:05:08.944+0000] {logging_mixin.py:190} INFO - [2024-09-15T07:05:08.944+0000] {dag.py:3229} INFO - Sync 1 DAGs
[2024-09-15T07:05:09.034+0000] {logging_mixin.py:190} INFO - [2024-09-15T07:05:09.033+0000] {dag.py:4156} INFO - Setting next_dagrun for example_bash_operator to 2024-09-14 00:00:00+00:00, run_after=2024-09-15 00:00:00+00:00
[2024-09-15T07:05:09.085+0000] {processor.py:208} INFO - Processing /home/airflow/.local/lib/python3.12/site-packages/airflow/example_dags/example_bash_operator.py took 0.292 seconds
[2024-09-15T07:05:39.322+0000] {processor.py:186} INFO - Started process (PID=822) to work on /home/airflow/.local/lib/python3.12/site-packages/airflow/example_dags/example_bash_operator.py
[2024-09-15T07:05:39.324+0000] {processor.py:914} INFO - Processing file /home/airflow/.local/lib/python3.12/site-packages/airflow/example_dags/example_bash_operator.py for tasks to queue
[2024-09-15T07:05:39.327+0000] {logging_mixin.py:190} INFO - [2024-09-15T07:05:39.326+0000] {dagbag.py:587} INFO - Filling up the DagBag from /home/airflow/.local/lib/python3.12/site-packages/airflow/example_dags/example_bash_operator.py
[2024-09-15T07:05:39.357+0000] {processor.py:925} INFO - DAG(s) 'example_bash_operator' retrieved from /home/airflow/.local/lib/python3.12/site-packages/airflow/example_dags/example_bash_operator.py
[2024-09-15T07:05:39.429+0000] {logging_mixin.py:190} INFO - [2024-09-15T07:05:39.428+0000] {dag.py:3229} INFO - Sync 1 DAGs
[2024-09-15T07:05:39.491+0000] {logging_mixin.py:190} INFO - [2024-09-15T07:05:39.490+0000] {dag.py:4156} INFO - Setting next_dagrun for example_bash_operator to 2024-09-14 00:00:00+00:00, run_after=2024-09-15 00:00:00+00:00
[2024-09-15T07:05:39.528+0000] {processor.py:208} INFO - Processing /home/airflow/.local/lib/python3.12/site-packages/airflow/example_dags/example_bash_operator.py took 0.220 seconds
[2024-09-15T07:06:09.825+0000] {processor.py:186} INFO - Started process (PID=884) to work on /home/airflow/.local/lib/python3.12/site-packages/airflow/example_dags/example_bash_operator.py
[2024-09-15T07:06:09.827+0000] {processor.py:914} INFO - Processing file /home/airflow/.local/lib/python3.12/site-packages/airflow/example_dags/example_bash_operator.py for tasks to queue
[2024-09-15T07:06:09.830+0000] {logging_mixin.py:190} INFO - [2024-09-15T07:06:09.829+0000] {dagbag.py:587} INFO - Filling up the DagBag from /home/airflow/.local/lib/python3.12/site-packages/airflow/example_dags/example_bash_operator.py
[2024-09-15T07:06:09.859+0000] {processor.py:925} INFO - DAG(s) 'example_bash_operator' retrieved from /home/airflow/.local/lib/python3.12/site-packages/airflow/example_dags/example_bash_operator.py
[2024-09-15T07:06:09.920+0000] {logging_mixin.py:190} INFO - [2024-09-15T07:06:09.920+0000] {dag.py:3229} INFO - Sync 1 DAGs
[2024-09-15T07:06:09.970+0000] {logging_mixin.py:190} INFO - [2024-09-15T07:06:09.970+0000] {dag.py:4156} INFO - Setting next_dagrun for example_bash_operator to 2024-09-14 00:00:00+00:00, run_after=2024-09-15 00:00:00+00:00
[2024-09-15T07:06:10.019+0000] {processor.py:208} INFO - Processing /home/airflow/.local/lib/python3.12/site-packages/airflow/example_dags/example_bash_operator.py took 0.207 seconds
[2024-09-15T07:06:41.063+0000] {processor.py:186} INFO - Started process (PID=945) to work on /home/airflow/.local/lib/python3.12/site-packages/airflow/example_dags/example_bash_operator.py
[2024-09-15T07:06:41.065+0000] {processor.py:914} INFO - Processing file /home/airflow/.local/lib/python3.12/site-packages/airflow/example_dags/example_bash_operator.py for tasks to queue
[2024-09-15T07:06:41.068+0000] {logging_mixin.py:190} INFO - [2024-09-15T07:06:41.067+0000] {dagbag.py:587} INFO - Filling up the DagBag from /home/airflow/.local/lib/python3.12/site-packages/airflow/example_dags/example_bash_operator.py
[2024-09-15T07:06:41.098+0000] {processor.py:925} INFO - DAG(s) 'example_bash_operator' retrieved from /home/airflow/.local/lib/python3.12/site-packages/airflow/example_dags/example_bash_operator.py
[2024-09-15T07:06:41.149+0000] {logging_mixin.py:190} INFO - [2024-09-15T07:06:41.148+0000] {dag.py:3229} INFO - Sync 1 DAGs
[2024-09-15T07:06:41.202+0000] {logging_mixin.py:190} INFO - [2024-09-15T07:06:41.202+0000] {dag.py:4156} INFO - Setting next_dagrun for example_bash_operator to 2024-09-14 00:00:00+00:00, run_after=2024-09-15 00:00:00+00:00
[2024-09-15T07:06:41.235+0000] {processor.py:208} INFO - Processing /home/airflow/.local/lib/python3.12/site-packages/airflow/example_dags/example_bash_operator.py took 0.182 seconds
[2024-09-15T07:07:27.232+0000] {processor.py:186} INFO - Started process (PID=1008) to work on /home/airflow/.local/lib/python3.12/site-packages/airflow/example_dags/example_bash_operator.py
[2024-09-15T07:07:27.235+0000] {processor.py:914} INFO - Processing file /home/airflow/.local/lib/python3.12/site-packages/airflow/example_dags/example_bash_operator.py for tasks to queue
[2024-09-15T07:07:27.238+0000] {logging_mixin.py:190} INFO - [2024-09-15T07:07:27.237+0000] {dagbag.py:587} INFO - Filling up the DagBag from /home/airflow/.local/lib/python3.12/site-packages/airflow/example_dags/example_bash_operator.py
[2024-09-15T07:07:27.269+0000] {processor.py:925} INFO - DAG(s) 'example_bash_operator' retrieved from /home/airflow/.local/lib/python3.12/site-packages/airflow/example_dags/example_bash_operator.py
[2024-09-15T07:07:27.335+0000] {logging_mixin.py:190} INFO - [2024-09-15T07:07:27.335+0000] {dag.py:3229} INFO - Sync 1 DAGs
[2024-09-15T07:07:27.398+0000] {logging_mixin.py:190} INFO - [2024-09-15T07:07:27.397+0000] {dag.py:4156} INFO - Setting next_dagrun for example_bash_operator to 2024-09-14 00:00:00+00:00, run_after=2024-09-15 00:00:00+00:00
[2024-09-15T07:07:27.446+0000] {processor.py:208} INFO - Processing /home/airflow/.local/lib/python3.12/site-packages/airflow/example_dags/example_bash_operator.py took 0.228 seconds
[2024-09-15T07:07:57.747+0000] {processor.py:186} INFO - Started process (PID=1070) to work on /home/airflow/.local/lib/python3.12/site-packages/airflow/example_dags/example_bash_operator.py
[2024-09-15T07:07:57.749+0000] {processor.py:914} INFO - Processing file /home/airflow/.local/lib/python3.12/site-packages/airflow/example_dags/example_bash_operator.py for tasks to queue
[2024-09-15T07:07:57.752+0000] {logging_mixin.py:190} INFO - [2024-09-15T07:07:57.751+0000] {dagbag.py:587} INFO - Filling up the DagBag from /home/airflow/.local/lib/python3.12/site-packages/airflow/example_dags/example_bash_operator.py
[2024-09-15T07:07:57.793+0000] {processor.py:925} INFO - DAG(s) 'example_bash_operator' retrieved from /home/airflow/.local/lib/python3.12/site-packages/airflow/example_dags/example_bash_operator.py
[2024-09-15T07:07:57.878+0000] {logging_mixin.py:190} INFO - [2024-09-15T07:07:57.877+0000] {dag.py:3229} INFO - Sync 1 DAGs
[2024-09-15T07:07:57.946+0000] {logging_mixin.py:190} INFO - [2024-09-15T07:07:57.945+0000] {dag.py:4156} INFO - Setting next_dagrun for example_bash_operator to 2024-09-14 00:00:00+00:00, run_after=2024-09-15 00:00:00+00:00
[2024-09-15T07:07:58.004+0000] {processor.py:208} INFO - Processing /home/airflow/.local/lib/python3.12/site-packages/airflow/example_dags/example_bash_operator.py took 0.271 seconds
[2024-09-15T07:12:19.157+0000] {processor.py:186} INFO - Started process (PID=1124) to work on /home/airflow/.local/lib/python3.12/site-packages/airflow/example_dags/example_bash_operator.py
[2024-09-15T07:12:19.158+0000] {processor.py:914} INFO - Processing file /home/airflow/.local/lib/python3.12/site-packages/airflow/example_dags/example_bash_operator.py for tasks to queue
[2024-09-15T07:12:19.161+0000] {logging_mixin.py:190} INFO - [2024-09-15T07:12:19.160+0000] {dagbag.py:587} INFO - Filling up the DagBag from /home/airflow/.local/lib/python3.12/site-packages/airflow/example_dags/example_bash_operator.py
[2024-09-15T07:12:19.184+0000] {processor.py:925} INFO - DAG(s) 'example_bash_operator' retrieved from /home/airflow/.local/lib/python3.12/site-packages/airflow/example_dags/example_bash_operator.py
[2024-09-15T07:12:19.251+0000] {logging_mixin.py:190} INFO - [2024-09-15T07:12:19.251+0000] {dag.py:3229} INFO - Sync 1 DAGs
[2024-09-15T07:12:19.303+0000] {logging_mixin.py:190} INFO - [2024-09-15T07:12:19.303+0000] {dag.py:4156} INFO - Setting next_dagrun for example_bash_operator to 2024-09-14 00:00:00+00:00, run_after=2024-09-15 00:00:00+00:00
[2024-09-15T07:12:19.337+0000] {processor.py:208} INFO - Processing /home/airflow/.local/lib/python3.12/site-packages/airflow/example_dags/example_bash_operator.py took 0.190 seconds
[2024-09-15T07:12:50.275+0000] {processor.py:186} INFO - Started process (PID=1186) to work on /home/airflow/.local/lib/python3.12/site-packages/airflow/example_dags/example_bash_operator.py
[2024-09-15T07:12:50.277+0000] {processor.py:914} INFO - Processing file /home/airflow/.local/lib/python3.12/site-packages/airflow/example_dags/example_bash_operator.py for tasks to queue
[2024-09-15T07:12:50.280+0000] {logging_mixin.py:190} INFO - [2024-09-15T07:12:50.279+0000] {dagbag.py:587} INFO - Filling up the DagBag from /home/airflow/.local/lib/python3.12/site-packages/airflow/example_dags/example_bash_operator.py
[2024-09-15T07:12:50.314+0000] {processor.py:925} INFO - DAG(s) 'example_bash_operator' retrieved from /home/airflow/.local/lib/python3.12/site-packages/airflow/example_dags/example_bash_operator.py
[2024-09-15T07:12:50.394+0000] {logging_mixin.py:190} INFO - [2024-09-15T07:12:50.394+0000] {dag.py:3229} INFO - Sync 1 DAGs
[2024-09-15T07:12:50.465+0000] {logging_mixin.py:190} INFO - [2024-09-15T07:12:50.464+0000] {dag.py:4156} INFO - Setting next_dagrun for example_bash_operator to 2024-09-14 00:00:00+00:00, run_after=2024-09-15 00:00:00+00:00
[2024-09-15T07:12:50.532+0000] {processor.py:208} INFO - Processing /home/airflow/.local/lib/python3.12/site-packages/airflow/example_dags/example_bash_operator.py took 0.273 seconds
[2024-09-15T07:13:20.857+0000] {processor.py:186} INFO - Started process (PID=1248) to work on /home/airflow/.local/lib/python3.12/site-packages/airflow/example_dags/example_bash_operator.py
[2024-09-15T07:13:20.859+0000] {processor.py:914} INFO - Processing file /home/airflow/.local/lib/python3.12/site-packages/airflow/example_dags/example_bash_operator.py for tasks to queue
[2024-09-15T07:13:20.861+0000] {logging_mixin.py:190} INFO - [2024-09-15T07:13:20.861+0000] {dagbag.py:587} INFO - Filling up the DagBag from /home/airflow/.local/lib/python3.12/site-packages/airflow/example_dags/example_bash_operator.py
[2024-09-15T07:13:20.886+0000] {processor.py:925} INFO - DAG(s) 'example_bash_operator' retrieved from /home/airflow/.local/lib/python3.12/site-packages/airflow/example_dags/example_bash_operator.py
[2024-09-15T07:13:20.937+0000] {logging_mixin.py:190} INFO - [2024-09-15T07:13:20.936+0000] {dag.py:3229} INFO - Sync 1 DAGs
[2024-09-15T07:13:20.988+0000] {logging_mixin.py:190} INFO - [2024-09-15T07:13:20.988+0000] {dag.py:4156} INFO - Setting next_dagrun for example_bash_operator to 2024-09-14 00:00:00+00:00, run_after=2024-09-15 00:00:00+00:00
[2024-09-15T07:13:21.029+0000] {processor.py:208} INFO - Processing /home/airflow/.local/lib/python3.12/site-packages/airflow/example_dags/example_bash_operator.py took 0.185 seconds
[2024-09-15T07:13:51.247+0000] {processor.py:186} INFO - Started process (PID=1311) to work on /home/airflow/.local/lib/python3.12/site-packages/airflow/example_dags/example_bash_operator.py
[2024-09-15T07:13:51.249+0000] {processor.py:914} INFO - Processing file /home/airflow/.local/lib/python3.12/site-packages/airflow/example_dags/example_bash_operator.py for tasks to queue
[2024-09-15T07:13:51.251+0000] {logging_mixin.py:190} INFO - [2024-09-15T07:13:51.251+0000] {dagbag.py:587} INFO - Filling up the DagBag from /home/airflow/.local/lib/python3.12/site-packages/airflow/example_dags/example_bash_operator.py
[2024-09-15T07:13:51.275+0000] {processor.py:925} INFO - DAG(s) 'example_bash_operator' retrieved from /home/airflow/.local/lib/python3.12/site-packages/airflow/example_dags/example_bash_operator.py
[2024-09-15T07:13:51.320+0000] {logging_mixin.py:190} INFO - [2024-09-15T07:13:51.319+0000] {dag.py:3229} INFO - Sync 1 DAGs
[2024-09-15T07:13:51.364+0000] {logging_mixin.py:190} INFO - [2024-09-15T07:13:51.364+0000] {dag.py:4156} INFO - Setting next_dagrun for example_bash_operator to 2024-09-14 00:00:00+00:00, run_after=2024-09-15 00:00:00+00:00
[2024-09-15T07:13:51.399+0000] {processor.py:208} INFO - Processing /home/airflow/.local/lib/python3.12/site-packages/airflow/example_dags/example_bash_operator.py took 0.164 seconds
[2024-09-15T07:14:22.368+0000] {processor.py:186} INFO - Started process (PID=1374) to work on /home/airflow/.local/lib/python3.12/site-packages/airflow/example_dags/example_bash_operator.py
[2024-09-15T07:14:22.370+0000] {processor.py:914} INFO - Processing file /home/airflow/.local/lib/python3.12/site-packages/airflow/example_dags/example_bash_operator.py for tasks to queue
[2024-09-15T07:14:22.374+0000] {logging_mixin.py:190} INFO - [2024-09-15T07:14:22.373+0000] {dagbag.py:587} INFO - Filling up the DagBag from /home/airflow/.local/lib/python3.12/site-packages/airflow/example_dags/example_bash_operator.py
[2024-09-15T07:14:22.410+0000] {processor.py:925} INFO - DAG(s) 'example_bash_operator' retrieved from /home/airflow/.local/lib/python3.12/site-packages/airflow/example_dags/example_bash_operator.py
[2024-09-15T07:14:22.478+0000] {logging_mixin.py:190} INFO - [2024-09-15T07:14:22.478+0000] {dag.py:3229} INFO - Sync 1 DAGs
[2024-09-15T07:14:22.524+0000] {logging_mixin.py:190} INFO - [2024-09-15T07:14:22.524+0000] {dag.py:4156} INFO - Setting next_dagrun for example_bash_operator to 2024-09-14 00:00:00+00:00, run_after=2024-09-15 00:00:00+00:00
[2024-09-15T07:14:22.562+0000] {processor.py:208} INFO - Processing /home/airflow/.local/lib/python3.12/site-packages/airflow/example_dags/example_bash_operator.py took 0.207 seconds
[2024-09-15T07:14:52.646+0000] {processor.py:186} INFO - Started process (PID=1436) to work on /home/airflow/.local/lib/python3.12/site-packages/airflow/example_dags/example_bash_operator.py
[2024-09-15T07:14:52.652+0000] {processor.py:914} INFO - Processing file /home/airflow/.local/lib/python3.12/site-packages/airflow/example_dags/example_bash_operator.py for tasks to queue
[2024-09-15T07:14:52.656+0000] {logging_mixin.py:190} INFO - [2024-09-15T07:14:52.655+0000] {dagbag.py:587} INFO - Filling up the DagBag from /home/airflow/.local/lib/python3.12/site-packages/airflow/example_dags/example_bash_operator.py
[2024-09-15T07:14:52.679+0000] {processor.py:925} INFO - DAG(s) 'example_bash_operator' retrieved from /home/airflow/.local/lib/python3.12/site-packages/airflow/example_dags/example_bash_operator.py
[2024-09-15T07:14:52.737+0000] {logging_mixin.py:190} INFO - [2024-09-15T07:14:52.737+0000] {dag.py:3229} INFO - Sync 1 DAGs
[2024-09-15T07:14:52.793+0000] {logging_mixin.py:190} INFO - [2024-09-15T07:14:52.793+0000] {dag.py:4156} INFO - Setting next_dagrun for example_bash_operator to 2024-09-14 00:00:00+00:00, run_after=2024-09-15 00:00:00+00:00
[2024-09-15T07:14:52.828+0000] {processor.py:208} INFO - Processing /home/airflow/.local/lib/python3.12/site-packages/airflow/example_dags/example_bash_operator.py took 0.198 seconds
[2024-09-15T07:15:23.677+0000] {processor.py:186} INFO - Started process (PID=1497) to work on /home/airflow/.local/lib/python3.12/site-packages/airflow/example_dags/example_bash_operator.py
[2024-09-15T07:15:23.679+0000] {processor.py:914} INFO - Processing file /home/airflow/.local/lib/python3.12/site-packages/airflow/example_dags/example_bash_operator.py for tasks to queue
[2024-09-15T07:15:23.682+0000] {logging_mixin.py:190} INFO - [2024-09-15T07:15:23.681+0000] {dagbag.py:587} INFO - Filling up the DagBag from /home/airflow/.local/lib/python3.12/site-packages/airflow/example_dags/example_bash_operator.py
[2024-09-15T07:15:23.712+0000] {processor.py:925} INFO - DAG(s) 'example_bash_operator' retrieved from /home/airflow/.local/lib/python3.12/site-packages/airflow/example_dags/example_bash_operator.py
[2024-09-15T07:15:23.786+0000] {logging_mixin.py:190} INFO - [2024-09-15T07:15:23.785+0000] {dag.py:3229} INFO - Sync 1 DAGs
[2024-09-15T07:15:23.855+0000] {logging_mixin.py:190} INFO - [2024-09-15T07:15:23.855+0000] {dag.py:4156} INFO - Setting next_dagrun for example_bash_operator to 2024-09-14 00:00:00+00:00, run_after=2024-09-15 00:00:00+00:00
[2024-09-15T07:15:23.908+0000] {processor.py:208} INFO - Processing /home/airflow/.local/lib/python3.12/site-packages/airflow/example_dags/example_bash_operator.py took 0.243 seconds
[2024-09-15T07:15:54.402+0000] {processor.py:186} INFO - Started process (PID=1558) to work on /home/airflow/.local/lib/python3.12/site-packages/airflow/example_dags/example_bash_operator.py
[2024-09-15T07:15:54.403+0000] {processor.py:914} INFO - Processing file /home/airflow/.local/lib/python3.12/site-packages/airflow/example_dags/example_bash_operator.py for tasks to queue
[2024-09-15T07:15:54.406+0000] {logging_mixin.py:190} INFO - [2024-09-15T07:15:54.405+0000] {dagbag.py:587} INFO - Filling up the DagBag from /home/airflow/.local/lib/python3.12/site-packages/airflow/example_dags/example_bash_operator.py
[2024-09-15T07:15:54.435+0000] {processor.py:925} INFO - DAG(s) 'example_bash_operator' retrieved from /home/airflow/.local/lib/python3.12/site-packages/airflow/example_dags/example_bash_operator.py
[2024-09-15T07:15:54.493+0000] {logging_mixin.py:190} INFO - [2024-09-15T07:15:54.492+0000] {dag.py:3229} INFO - Sync 1 DAGs
[2024-09-15T07:15:54.536+0000] {logging_mixin.py:190} INFO - [2024-09-15T07:15:54.535+0000] {dag.py:4156} INFO - Setting next_dagrun for example_bash_operator to 2024-09-14 00:00:00+00:00, run_after=2024-09-15 00:00:00+00:00
[2024-09-15T07:15:54.567+0000] {processor.py:208} INFO - Processing /home/airflow/.local/lib/python3.12/site-packages/airflow/example_dags/example_bash_operator.py took 0.176 seconds
[2024-09-15T07:18:22.793+0000] {processor.py:186} INFO - Started process (PID=1614) to work on /home/airflow/.local/lib/python3.12/site-packages/airflow/example_dags/example_bash_operator.py
[2024-09-15T07:18:22.795+0000] {processor.py:914} INFO - Processing file /home/airflow/.local/lib/python3.12/site-packages/airflow/example_dags/example_bash_operator.py for tasks to queue
[2024-09-15T07:18:22.797+0000] {logging_mixin.py:190} INFO - [2024-09-15T07:18:22.797+0000] {dagbag.py:587} INFO - Filling up the DagBag from /home/airflow/.local/lib/python3.12/site-packages/airflow/example_dags/example_bash_operator.py
[2024-09-15T07:18:22.827+0000] {processor.py:925} INFO - DAG(s) 'example_bash_operator' retrieved from /home/airflow/.local/lib/python3.12/site-packages/airflow/example_dags/example_bash_operator.py
[2024-09-15T07:18:22.885+0000] {logging_mixin.py:190} INFO - [2024-09-15T07:18:22.885+0000] {dag.py:3229} INFO - Sync 1 DAGs
[2024-09-15T07:18:22.938+0000] {logging_mixin.py:190} INFO - [2024-09-15T07:18:22.937+0000] {dag.py:4156} INFO - Setting next_dagrun for example_bash_operator to 2024-09-14 00:00:00+00:00, run_after=2024-09-15 00:00:00+00:00
[2024-09-15T07:18:22.972+0000] {processor.py:208} INFO - Processing /home/airflow/.local/lib/python3.12/site-packages/airflow/example_dags/example_bash_operator.py took 0.192 seconds
[2024-09-15T07:18:53.670+0000] {processor.py:186} INFO - Started process (PID=1676) to work on /home/airflow/.local/lib/python3.12/site-packages/airflow/example_dags/example_bash_operator.py
[2024-09-15T07:18:53.673+0000] {processor.py:914} INFO - Processing file /home/airflow/.local/lib/python3.12/site-packages/airflow/example_dags/example_bash_operator.py for tasks to queue
[2024-09-15T07:18:53.675+0000] {logging_mixin.py:190} INFO - [2024-09-15T07:18:53.675+0000] {dagbag.py:587} INFO - Filling up the DagBag from /home/airflow/.local/lib/python3.12/site-packages/airflow/example_dags/example_bash_operator.py
[2024-09-15T07:18:53.705+0000] {processor.py:925} INFO - DAG(s) 'example_bash_operator' retrieved from /home/airflow/.local/lib/python3.12/site-packages/airflow/example_dags/example_bash_operator.py
[2024-09-15T07:18:53.780+0000] {logging_mixin.py:190} INFO - [2024-09-15T07:18:53.780+0000] {dag.py:3229} INFO - Sync 1 DAGs
[2024-09-15T07:18:53.843+0000] {logging_mixin.py:190} INFO - [2024-09-15T07:18:53.843+0000] {dag.py:4156} INFO - Setting next_dagrun for example_bash_operator to 2024-09-14 00:00:00+00:00, run_after=2024-09-15 00:00:00+00:00
[2024-09-15T07:18:53.880+0000] {processor.py:208} INFO - Processing /home/airflow/.local/lib/python3.12/site-packages/airflow/example_dags/example_bash_operator.py took 0.223 seconds
[2024-09-15T07:19:24.213+0000] {processor.py:186} INFO - Started process (PID=1738) to work on /home/airflow/.local/lib/python3.12/site-packages/airflow/example_dags/example_bash_operator.py
[2024-09-15T07:19:24.215+0000] {processor.py:914} INFO - Processing file /home/airflow/.local/lib/python3.12/site-packages/airflow/example_dags/example_bash_operator.py for tasks to queue
[2024-09-15T07:19:24.217+0000] {logging_mixin.py:190} INFO - [2024-09-15T07:19:24.216+0000] {dagbag.py:587} INFO - Filling up the DagBag from /home/airflow/.local/lib/python3.12/site-packages/airflow/example_dags/example_bash_operator.py
[2024-09-15T07:19:24.241+0000] {processor.py:925} INFO - DAG(s) 'example_bash_operator' retrieved from /home/airflow/.local/lib/python3.12/site-packages/airflow/example_dags/example_bash_operator.py
[2024-09-15T07:19:24.298+0000] {logging_mixin.py:190} INFO - [2024-09-15T07:19:24.298+0000] {dag.py:3229} INFO - Sync 1 DAGs
[2024-09-15T07:19:24.352+0000] {logging_mixin.py:190} INFO - [2024-09-15T07:19:24.351+0000] {dag.py:4156} INFO - Setting next_dagrun for example_bash_operator to 2024-09-14 00:00:00+00:00, run_after=2024-09-15 00:00:00+00:00
[2024-09-15T07:19:24.388+0000] {processor.py:208} INFO - Processing /home/airflow/.local/lib/python3.12/site-packages/airflow/example_dags/example_bash_operator.py took 0.187 seconds
[2024-09-15T07:19:54.629+0000] {processor.py:186} INFO - Started process (PID=1800) to work on /home/airflow/.local/lib/python3.12/site-packages/airflow/example_dags/example_bash_operator.py
[2024-09-15T07:19:54.631+0000] {processor.py:914} INFO - Processing file /home/airflow/.local/lib/python3.12/site-packages/airflow/example_dags/example_bash_operator.py for tasks to queue
[2024-09-15T07:19:54.634+0000] {logging_mixin.py:190} INFO - [2024-09-15T07:19:54.633+0000] {dagbag.py:587} INFO - Filling up the DagBag from /home/airflow/.local/lib/python3.12/site-packages/airflow/example_dags/example_bash_operator.py
[2024-09-15T07:19:54.665+0000] {processor.py:925} INFO - DAG(s) 'example_bash_operator' retrieved from /home/airflow/.local/lib/python3.12/site-packages/airflow/example_dags/example_bash_operator.py
[2024-09-15T07:19:54.728+0000] {logging_mixin.py:190} INFO - [2024-09-15T07:19:54.728+0000] {dag.py:3229} INFO - Sync 1 DAGs
[2024-09-15T07:19:54.785+0000] {logging_mixin.py:190} INFO - [2024-09-15T07:19:54.785+0000] {dag.py:4156} INFO - Setting next_dagrun for example_bash_operator to 2024-09-14 00:00:00+00:00, run_after=2024-09-15 00:00:00+00:00
[2024-09-15T07:19:54.827+0000] {processor.py:208} INFO - Processing /home/airflow/.local/lib/python3.12/site-packages/airflow/example_dags/example_bash_operator.py took 0.212 seconds
[2024-09-15T07:20:25.344+0000] {processor.py:186} INFO - Started process (PID=1862) to work on /home/airflow/.local/lib/python3.12/site-packages/airflow/example_dags/example_bash_operator.py
[2024-09-15T07:20:25.346+0000] {processor.py:914} INFO - Processing file /home/airflow/.local/lib/python3.12/site-packages/airflow/example_dags/example_bash_operator.py for tasks to queue
[2024-09-15T07:20:25.349+0000] {logging_mixin.py:190} INFO - [2024-09-15T07:20:25.348+0000] {dagbag.py:587} INFO - Filling up the DagBag from /home/airflow/.local/lib/python3.12/site-packages/airflow/example_dags/example_bash_operator.py
[2024-09-15T07:20:25.374+0000] {processor.py:925} INFO - DAG(s) 'example_bash_operator' retrieved from /home/airflow/.local/lib/python3.12/site-packages/airflow/example_dags/example_bash_operator.py
[2024-09-15T07:20:25.438+0000] {logging_mixin.py:190} INFO - [2024-09-15T07:20:25.438+0000] {dag.py:3229} INFO - Sync 1 DAGs
[2024-09-15T07:20:25.483+0000] {logging_mixin.py:190} INFO - [2024-09-15T07:20:25.483+0000] {dag.py:4156} INFO - Setting next_dagrun for example_bash_operator to 2024-09-14 00:00:00+00:00, run_after=2024-09-15 00:00:00+00:00
[2024-09-15T07:20:25.528+0000] {processor.py:208} INFO - Processing /home/airflow/.local/lib/python3.12/site-packages/airflow/example_dags/example_bash_operator.py took 0.194 seconds
[2024-09-15T07:23:03.577+0000] {processor.py:186} INFO - Started process (PID=1924) to work on /home/airflow/.local/lib/python3.12/site-packages/airflow/example_dags/example_bash_operator.py
[2024-09-15T07:23:03.579+0000] {processor.py:914} INFO - Processing file /home/airflow/.local/lib/python3.12/site-packages/airflow/example_dags/example_bash_operator.py for tasks to queue
[2024-09-15T07:23:03.582+0000] {logging_mixin.py:190} INFO - [2024-09-15T07:23:03.581+0000] {dagbag.py:587} INFO - Filling up the DagBag from /home/airflow/.local/lib/python3.12/site-packages/airflow/example_dags/example_bash_operator.py
[2024-09-15T07:23:03.612+0000] {processor.py:925} INFO - DAG(s) 'example_bash_operator' retrieved from /home/airflow/.local/lib/python3.12/site-packages/airflow/example_dags/example_bash_operator.py
[2024-09-15T07:23:03.670+0000] {logging_mixin.py:190} INFO - [2024-09-15T07:23:03.669+0000] {dag.py:3229} INFO - Sync 1 DAGs
[2024-09-15T07:23:03.724+0000] {logging_mixin.py:190} INFO - [2024-09-15T07:23:03.724+0000] {dag.py:4156} INFO - Setting next_dagrun for example_bash_operator to 2024-09-14 00:00:00+00:00, run_after=2024-09-15 00:00:00+00:00
[2024-09-15T07:23:03.759+0000] {processor.py:208} INFO - Processing /home/airflow/.local/lib/python3.12/site-packages/airflow/example_dags/example_bash_operator.py took 0.195 seconds
[2024-09-15T07:23:34.458+0000] {processor.py:186} INFO - Started process (PID=1984) to work on /home/airflow/.local/lib/python3.12/site-packages/airflow/example_dags/example_bash_operator.py
[2024-09-15T07:23:34.460+0000] {processor.py:914} INFO - Processing file /home/airflow/.local/lib/python3.12/site-packages/airflow/example_dags/example_bash_operator.py for tasks to queue
[2024-09-15T07:23:34.463+0000] {logging_mixin.py:190} INFO - [2024-09-15T07:23:34.463+0000] {dagbag.py:587} INFO - Filling up the DagBag from /home/airflow/.local/lib/python3.12/site-packages/airflow/example_dags/example_bash_operator.py
[2024-09-15T07:23:34.498+0000] {processor.py:925} INFO - DAG(s) 'example_bash_operator' retrieved from /home/airflow/.local/lib/python3.12/site-packages/airflow/example_dags/example_bash_operator.py
[2024-09-15T07:23:34.567+0000] {logging_mixin.py:190} INFO - [2024-09-15T07:23:34.567+0000] {dag.py:3229} INFO - Sync 1 DAGs
[2024-09-15T07:23:34.635+0000] {logging_mixin.py:190} INFO - [2024-09-15T07:23:34.635+0000] {dag.py:4156} INFO - Setting next_dagrun for example_bash_operator to 2024-09-14 00:00:00+00:00, run_after=2024-09-15 00:00:00+00:00
[2024-09-15T07:23:34.688+0000] {processor.py:208} INFO - Processing /home/airflow/.local/lib/python3.12/site-packages/airflow/example_dags/example_bash_operator.py took 0.244 seconds
[2024-09-15T07:24:05.329+0000] {processor.py:186} INFO - Started process (PID=2045) to work on /home/airflow/.local/lib/python3.12/site-packages/airflow/example_dags/example_bash_operator.py
[2024-09-15T07:24:05.331+0000] {processor.py:914} INFO - Processing file /home/airflow/.local/lib/python3.12/site-packages/airflow/example_dags/example_bash_operator.py for tasks to queue
[2024-09-15T07:24:05.335+0000] {logging_mixin.py:190} INFO - [2024-09-15T07:24:05.334+0000] {dagbag.py:587} INFO - Filling up the DagBag from /home/airflow/.local/lib/python3.12/site-packages/airflow/example_dags/example_bash_operator.py
[2024-09-15T07:24:05.361+0000] {processor.py:925} INFO - DAG(s) 'example_bash_operator' retrieved from /home/airflow/.local/lib/python3.12/site-packages/airflow/example_dags/example_bash_operator.py
[2024-09-15T07:24:05.414+0000] {logging_mixin.py:190} INFO - [2024-09-15T07:24:05.414+0000] {dag.py:3229} INFO - Sync 1 DAGs
[2024-09-15T07:24:05.470+0000] {logging_mixin.py:190} INFO - [2024-09-15T07:24:05.469+0000] {dag.py:4156} INFO - Setting next_dagrun for example_bash_operator to 2024-09-14 00:00:00+00:00, run_after=2024-09-15 00:00:00+00:00
[2024-09-15T07:24:05.517+0000] {processor.py:208} INFO - Processing /home/airflow/.local/lib/python3.12/site-packages/airflow/example_dags/example_bash_operator.py took 0.199 seconds
[2024-09-15T07:24:36.132+0000] {processor.py:186} INFO - Started process (PID=2107) to work on /home/airflow/.local/lib/python3.12/site-packages/airflow/example_dags/example_bash_operator.py
[2024-09-15T07:24:36.134+0000] {processor.py:914} INFO - Processing file /home/airflow/.local/lib/python3.12/site-packages/airflow/example_dags/example_bash_operator.py for tasks to queue
[2024-09-15T07:24:36.136+0000] {logging_mixin.py:190} INFO - [2024-09-15T07:24:36.135+0000] {dagbag.py:587} INFO - Filling up the DagBag from /home/airflow/.local/lib/python3.12/site-packages/airflow/example_dags/example_bash_operator.py
[2024-09-15T07:24:36.165+0000] {processor.py:925} INFO - DAG(s) 'example_bash_operator' retrieved from /home/airflow/.local/lib/python3.12/site-packages/airflow/example_dags/example_bash_operator.py
[2024-09-15T07:24:36.217+0000] {logging_mixin.py:190} INFO - [2024-09-15T07:24:36.216+0000] {dag.py:3229} INFO - Sync 1 DAGs
[2024-09-15T07:24:36.268+0000] {logging_mixin.py:190} INFO - [2024-09-15T07:24:36.267+0000] {dag.py:4156} INFO - Setting next_dagrun for example_bash_operator to 2024-09-14 00:00:00+00:00, run_after=2024-09-15 00:00:00+00:00
[2024-09-15T07:24:36.311+0000] {processor.py:208} INFO - Processing /home/airflow/.local/lib/python3.12/site-packages/airflow/example_dags/example_bash_operator.py took 0.192 seconds
[2024-09-15T07:25:06.810+0000] {processor.py:186} INFO - Started process (PID=2169) to work on /home/airflow/.local/lib/python3.12/site-packages/airflow/example_dags/example_bash_operator.py
[2024-09-15T07:25:06.812+0000] {processor.py:914} INFO - Processing file /home/airflow/.local/lib/python3.12/site-packages/airflow/example_dags/example_bash_operator.py for tasks to queue
[2024-09-15T07:25:06.815+0000] {logging_mixin.py:190} INFO - [2024-09-15T07:25:06.814+0000] {dagbag.py:587} INFO - Filling up the DagBag from /home/airflow/.local/lib/python3.12/site-packages/airflow/example_dags/example_bash_operator.py
[2024-09-15T07:25:06.850+0000] {processor.py:925} INFO - DAG(s) 'example_bash_operator' retrieved from /home/airflow/.local/lib/python3.12/site-packages/airflow/example_dags/example_bash_operator.py
[2024-09-15T07:25:06.915+0000] {logging_mixin.py:190} INFO - [2024-09-15T07:25:06.914+0000] {dag.py:3229} INFO - Sync 1 DAGs
[2024-09-15T07:25:06.973+0000] {logging_mixin.py:190} INFO - [2024-09-15T07:25:06.972+0000] {dag.py:4156} INFO - Setting next_dagrun for example_bash_operator to 2024-09-14 00:00:00+00:00, run_after=2024-09-15 00:00:00+00:00
[2024-09-15T07:25:07.025+0000] {processor.py:208} INFO - Processing /home/airflow/.local/lib/python3.12/site-packages/airflow/example_dags/example_bash_operator.py took 0.228 seconds
[2024-09-15T08:02:13.647+0000] {processor.py:186} INFO - Started process (PID=2229) to work on /home/airflow/.local/lib/python3.12/site-packages/airflow/example_dags/example_bash_operator.py
[2024-09-15T08:02:13.650+0000] {processor.py:914} INFO - Processing file /home/airflow/.local/lib/python3.12/site-packages/airflow/example_dags/example_bash_operator.py for tasks to queue
[2024-09-15T08:02:13.655+0000] {logging_mixin.py:190} INFO - [2024-09-15T08:02:13.654+0000] {dagbag.py:587} INFO - Filling up the DagBag from /home/airflow/.local/lib/python3.12/site-packages/airflow/example_dags/example_bash_operator.py
[2024-09-15T08:02:13.698+0000] {processor.py:925} INFO - DAG(s) 'example_bash_operator' retrieved from /home/airflow/.local/lib/python3.12/site-packages/airflow/example_dags/example_bash_operator.py
[2024-09-15T08:02:13.807+0000] {logging_mixin.py:190} INFO - [2024-09-15T08:02:13.807+0000] {dag.py:3229} INFO - Sync 1 DAGs
[2024-09-15T08:02:13.902+0000] {logging_mixin.py:190} INFO - [2024-09-15T08:02:13.902+0000] {dag.py:4156} INFO - Setting next_dagrun for example_bash_operator to 2024-09-14 00:00:00+00:00, run_after=2024-09-15 00:00:00+00:00
[2024-09-15T08:02:14.087+0000] {processor.py:208} INFO - Processing /home/airflow/.local/lib/python3.12/site-packages/airflow/example_dags/example_bash_operator.py took 0.453 seconds
[2024-09-15T08:02:44.632+0000] {processor.py:186} INFO - Started process (PID=2292) to work on /home/airflow/.local/lib/python3.12/site-packages/airflow/example_dags/example_bash_operator.py
[2024-09-15T08:02:44.635+0000] {processor.py:914} INFO - Processing file /home/airflow/.local/lib/python3.12/site-packages/airflow/example_dags/example_bash_operator.py for tasks to queue
[2024-09-15T08:02:44.639+0000] {logging_mixin.py:190} INFO - [2024-09-15T08:02:44.638+0000] {dagbag.py:587} INFO - Filling up the DagBag from /home/airflow/.local/lib/python3.12/site-packages/airflow/example_dags/example_bash_operator.py
[2024-09-15T08:02:44.684+0000] {processor.py:925} INFO - DAG(s) 'example_bash_operator' retrieved from /home/airflow/.local/lib/python3.12/site-packages/airflow/example_dags/example_bash_operator.py
[2024-09-15T08:02:44.826+0000] {logging_mixin.py:190} INFO - [2024-09-15T08:02:44.825+0000] {dag.py:3229} INFO - Sync 1 DAGs
[2024-09-15T08:02:44.938+0000] {logging_mixin.py:190} INFO - [2024-09-15T08:02:44.932+0000] {dag.py:4156} INFO - Setting next_dagrun for example_bash_operator to 2024-09-14 00:00:00+00:00, run_after=2024-09-15 00:00:00+00:00
[2024-09-15T08:02:45.007+0000] {processor.py:208} INFO - Processing /home/airflow/.local/lib/python3.12/site-packages/airflow/example_dags/example_bash_operator.py took 0.397 seconds
[2024-09-15T08:04:55.442+0000] {processor.py:186} INFO - Started process (PID=2328) to work on /home/airflow/.local/lib/python3.12/site-packages/airflow/example_dags/example_bash_operator.py
[2024-09-15T08:04:55.443+0000] {processor.py:914} INFO - Processing file /home/airflow/.local/lib/python3.12/site-packages/airflow/example_dags/example_bash_operator.py for tasks to queue
[2024-09-15T08:04:55.446+0000] {logging_mixin.py:190} INFO - [2024-09-15T08:04:55.445+0000] {dagbag.py:587} INFO - Filling up the DagBag from /home/airflow/.local/lib/python3.12/site-packages/airflow/example_dags/example_bash_operator.py
[2024-09-15T08:04:55.471+0000] {processor.py:925} INFO - DAG(s) 'example_bash_operator' retrieved from /home/airflow/.local/lib/python3.12/site-packages/airflow/example_dags/example_bash_operator.py
[2024-09-15T08:04:55.528+0000] {logging_mixin.py:190} INFO - [2024-09-15T08:04:55.527+0000] {dag.py:3229} INFO - Sync 1 DAGs
[2024-09-15T08:04:55.587+0000] {logging_mixin.py:190} INFO - [2024-09-15T08:04:55.587+0000] {dag.py:4156} INFO - Setting next_dagrun for example_bash_operator to 2024-09-14 00:00:00+00:00, run_after=2024-09-15 00:00:00+00:00
[2024-09-15T08:04:55.627+0000] {processor.py:208} INFO - Processing /home/airflow/.local/lib/python3.12/site-packages/airflow/example_dags/example_bash_operator.py took 0.198 seconds
[2024-09-15T08:05:27.172+0000] {processor.py:186} INFO - Started process (PID=2390) to work on /home/airflow/.local/lib/python3.12/site-packages/airflow/example_dags/example_bash_operator.py
[2024-09-15T08:05:27.175+0000] {processor.py:914} INFO - Processing file /home/airflow/.local/lib/python3.12/site-packages/airflow/example_dags/example_bash_operator.py for tasks to queue
[2024-09-15T08:05:27.180+0000] {logging_mixin.py:190} INFO - [2024-09-15T08:05:27.179+0000] {dagbag.py:587} INFO - Filling up the DagBag from /home/airflow/.local/lib/python3.12/site-packages/airflow/example_dags/example_bash_operator.py
[2024-09-15T08:05:27.223+0000] {processor.py:925} INFO - DAG(s) 'example_bash_operator' retrieved from /home/airflow/.local/lib/python3.12/site-packages/airflow/example_dags/example_bash_operator.py
[2024-09-15T08:05:27.299+0000] {logging_mixin.py:190} INFO - [2024-09-15T08:05:27.299+0000] {dag.py:3229} INFO - Sync 1 DAGs
[2024-09-15T08:05:27.369+0000] {logging_mixin.py:190} INFO - [2024-09-15T08:05:27.368+0000] {dag.py:4156} INFO - Setting next_dagrun for example_bash_operator to 2024-09-14 00:00:00+00:00, run_after=2024-09-15 00:00:00+00:00
[2024-09-15T08:05:27.410+0000] {processor.py:208} INFO - Processing /home/airflow/.local/lib/python3.12/site-packages/airflow/example_dags/example_bash_operator.py took 0.256 seconds
[2024-09-15T08:05:57.554+0000] {processor.py:186} INFO - Started process (PID=2453) to work on /home/airflow/.local/lib/python3.12/site-packages/airflow/example_dags/example_bash_operator.py
[2024-09-15T08:05:57.556+0000] {processor.py:914} INFO - Processing file /home/airflow/.local/lib/python3.12/site-packages/airflow/example_dags/example_bash_operator.py for tasks to queue
[2024-09-15T08:05:57.559+0000] {logging_mixin.py:190} INFO - [2024-09-15T08:05:57.558+0000] {dagbag.py:587} INFO - Filling up the DagBag from /home/airflow/.local/lib/python3.12/site-packages/airflow/example_dags/example_bash_operator.py
[2024-09-15T08:05:57.586+0000] {processor.py:925} INFO - DAG(s) 'example_bash_operator' retrieved from /home/airflow/.local/lib/python3.12/site-packages/airflow/example_dags/example_bash_operator.py
[2024-09-15T08:05:57.647+0000] {logging_mixin.py:190} INFO - [2024-09-15T08:05:57.647+0000] {dag.py:3229} INFO - Sync 1 DAGs
[2024-09-15T08:05:57.710+0000] {logging_mixin.py:190} INFO - [2024-09-15T08:05:57.709+0000] {dag.py:4156} INFO - Setting next_dagrun for example_bash_operator to 2024-09-14 00:00:00+00:00, run_after=2024-09-15 00:00:00+00:00
[2024-09-15T08:05:57.757+0000] {processor.py:208} INFO - Processing /home/airflow/.local/lib/python3.12/site-packages/airflow/example_dags/example_bash_operator.py took 0.218 seconds
[2024-09-15T08:06:28.306+0000] {processor.py:186} INFO - Started process (PID=2515) to work on /home/airflow/.local/lib/python3.12/site-packages/airflow/example_dags/example_bash_operator.py
[2024-09-15T08:06:28.307+0000] {processor.py:914} INFO - Processing file /home/airflow/.local/lib/python3.12/site-packages/airflow/example_dags/example_bash_operator.py for tasks to queue
[2024-09-15T08:06:28.311+0000] {logging_mixin.py:190} INFO - [2024-09-15T08:06:28.310+0000] {dagbag.py:587} INFO - Filling up the DagBag from /home/airflow/.local/lib/python3.12/site-packages/airflow/example_dags/example_bash_operator.py
[2024-09-15T08:06:28.342+0000] {processor.py:925} INFO - DAG(s) 'example_bash_operator' retrieved from /home/airflow/.local/lib/python3.12/site-packages/airflow/example_dags/example_bash_operator.py
[2024-09-15T08:06:28.390+0000] {logging_mixin.py:190} INFO - [2024-09-15T08:06:28.390+0000] {dag.py:3229} INFO - Sync 1 DAGs
[2024-09-15T08:06:28.434+0000] {logging_mixin.py:190} INFO - [2024-09-15T08:06:28.433+0000] {dag.py:4156} INFO - Setting next_dagrun for example_bash_operator to 2024-09-14 00:00:00+00:00, run_after=2024-09-15 00:00:00+00:00
[2024-09-15T08:06:28.469+0000] {processor.py:208} INFO - Processing /home/airflow/.local/lib/python3.12/site-packages/airflow/example_dags/example_bash_operator.py took 0.174 seconds
[2024-09-15T08:07:00.967+0000] {processor.py:186} INFO - Started process (PID=2577) to work on /home/airflow/.local/lib/python3.12/site-packages/airflow/example_dags/example_bash_operator.py
[2024-09-15T08:07:00.969+0000] {processor.py:914} INFO - Processing file /home/airflow/.local/lib/python3.12/site-packages/airflow/example_dags/example_bash_operator.py for tasks to queue
[2024-09-15T08:07:00.974+0000] {logging_mixin.py:190} INFO - [2024-09-15T08:07:00.972+0000] {dagbag.py:587} INFO - Filling up the DagBag from /home/airflow/.local/lib/python3.12/site-packages/airflow/example_dags/example_bash_operator.py
[2024-09-15T08:07:01.005+0000] {processor.py:925} INFO - DAG(s) 'example_bash_operator' retrieved from /home/airflow/.local/lib/python3.12/site-packages/airflow/example_dags/example_bash_operator.py
[2024-09-15T08:07:01.074+0000] {logging_mixin.py:190} INFO - [2024-09-15T08:07:01.073+0000] {dag.py:3229} INFO - Sync 1 DAGs
[2024-09-15T08:07:01.148+0000] {logging_mixin.py:190} INFO - [2024-09-15T08:07:01.147+0000] {dag.py:4156} INFO - Setting next_dagrun for example_bash_operator to 2024-09-14 00:00:00+00:00, run_after=2024-09-15 00:00:00+00:00
[2024-09-15T08:07:01.185+0000] {processor.py:208} INFO - Processing /home/airflow/.local/lib/python3.12/site-packages/airflow/example_dags/example_bash_operator.py took 0.232 seconds
[2024-09-15T08:07:33.034+0000] {processor.py:186} INFO - Started process (PID=2639) to work on /home/airflow/.local/lib/python3.12/site-packages/airflow/example_dags/example_bash_operator.py
[2024-09-15T08:07:33.040+0000] {processor.py:914} INFO - Processing file /home/airflow/.local/lib/python3.12/site-packages/airflow/example_dags/example_bash_operator.py for tasks to queue
[2024-09-15T08:07:33.045+0000] {logging_mixin.py:190} INFO - [2024-09-15T08:07:33.044+0000] {dagbag.py:587} INFO - Filling up the DagBag from /home/airflow/.local/lib/python3.12/site-packages/airflow/example_dags/example_bash_operator.py
[2024-09-15T08:07:33.114+0000] {processor.py:925} INFO - DAG(s) 'example_bash_operator' retrieved from /home/airflow/.local/lib/python3.12/site-packages/airflow/example_dags/example_bash_operator.py
[2024-09-15T08:07:33.235+0000] {logging_mixin.py:190} INFO - [2024-09-15T08:07:33.234+0000] {dag.py:3229} INFO - Sync 1 DAGs
[2024-09-15T08:07:33.325+0000] {logging_mixin.py:190} INFO - [2024-09-15T08:07:33.324+0000] {dag.py:4156} INFO - Setting next_dagrun for example_bash_operator to 2024-09-14 00:00:00+00:00, run_after=2024-09-15 00:00:00+00:00
[2024-09-15T08:07:33.400+0000] {processor.py:208} INFO - Processing /home/airflow/.local/lib/python3.12/site-packages/airflow/example_dags/example_bash_operator.py took 0.388 seconds
[2024-09-15T08:08:03.906+0000] {processor.py:186} INFO - Started process (PID=2701) to work on /home/airflow/.local/lib/python3.12/site-packages/airflow/example_dags/example_bash_operator.py
[2024-09-15T08:08:03.909+0000] {processor.py:914} INFO - Processing file /home/airflow/.local/lib/python3.12/site-packages/airflow/example_dags/example_bash_operator.py for tasks to queue
[2024-09-15T08:08:03.913+0000] {logging_mixin.py:190} INFO - [2024-09-15T08:08:03.912+0000] {dagbag.py:587} INFO - Filling up the DagBag from /home/airflow/.local/lib/python3.12/site-packages/airflow/example_dags/example_bash_operator.py
[2024-09-15T08:08:03.987+0000] {processor.py:925} INFO - DAG(s) 'example_bash_operator' retrieved from /home/airflow/.local/lib/python3.12/site-packages/airflow/example_dags/example_bash_operator.py
[2024-09-15T08:08:04.112+0000] {logging_mixin.py:190} INFO - [2024-09-15T08:08:04.112+0000] {dag.py:3229} INFO - Sync 1 DAGs
[2024-09-15T08:08:04.310+0000] {logging_mixin.py:190} INFO - [2024-09-15T08:08:04.304+0000] {dag.py:4156} INFO - Setting next_dagrun for example_bash_operator to 2024-09-14 00:00:00+00:00, run_after=2024-09-15 00:00:00+00:00
[2024-09-15T08:08:04.393+0000] {processor.py:208} INFO - Processing /home/airflow/.local/lib/python3.12/site-packages/airflow/example_dags/example_bash_operator.py took 0.516 seconds
[2024-09-15T08:16:26.830+0000] {processor.py:186} INFO - Started process (PID=3104) to work on /home/airflow/.local/lib/python3.12/site-packages/airflow/example_dags/example_bash_operator.py
[2024-09-15T08:16:26.834+0000] {processor.py:914} INFO - Processing file /home/airflow/.local/lib/python3.12/site-packages/airflow/example_dags/example_bash_operator.py for tasks to queue
[2024-09-15T08:16:26.857+0000] {logging_mixin.py:190} INFO - [2024-09-15T08:16:26.856+0000] {dagbag.py:587} INFO - Filling up the DagBag from /home/airflow/.local/lib/python3.12/site-packages/airflow/example_dags/example_bash_operator.py
[2024-09-15T08:16:26.922+0000] {processor.py:925} INFO - DAG(s) 'example_bash_operator' retrieved from /home/airflow/.local/lib/python3.12/site-packages/airflow/example_dags/example_bash_operator.py
[2024-09-15T08:16:27.113+0000] {logging_mixin.py:190} INFO - [2024-09-15T08:16:27.112+0000] {dag.py:3229} INFO - Sync 1 DAGs
[2024-09-15T08:16:27.331+0000] {logging_mixin.py:190} INFO - [2024-09-15T08:16:27.330+0000] {dag.py:4156} INFO - Setting next_dagrun for example_bash_operator to 2024-09-14 00:00:00+00:00, run_after=2024-09-15 00:00:00+00:00
[2024-09-15T08:16:27.544+0000] {processor.py:208} INFO - Processing /home/airflow/.local/lib/python3.12/site-packages/airflow/example_dags/example_bash_operator.py took 0.726 seconds
[2024-09-15T08:18:40.851+0000] {processor.py:186} INFO - Started process (PID=3140) to work on /home/airflow/.local/lib/python3.12/site-packages/airflow/example_dags/example_bash_operator.py
[2024-09-15T08:18:40.853+0000] {processor.py:914} INFO - Processing file /home/airflow/.local/lib/python3.12/site-packages/airflow/example_dags/example_bash_operator.py for tasks to queue
[2024-09-15T08:18:40.856+0000] {logging_mixin.py:190} INFO - [2024-09-15T08:18:40.856+0000] {dagbag.py:587} INFO - Filling up the DagBag from /home/airflow/.local/lib/python3.12/site-packages/airflow/example_dags/example_bash_operator.py
[2024-09-15T08:18:40.885+0000] {processor.py:925} INFO - DAG(s) 'example_bash_operator' retrieved from /home/airflow/.local/lib/python3.12/site-packages/airflow/example_dags/example_bash_operator.py
[2024-09-15T08:18:40.947+0000] {logging_mixin.py:190} INFO - [2024-09-15T08:18:40.946+0000] {dag.py:3229} INFO - Sync 1 DAGs
[2024-09-15T08:18:40.999+0000] {logging_mixin.py:190} INFO - [2024-09-15T08:18:40.998+0000] {dag.py:4156} INFO - Setting next_dagrun for example_bash_operator to 2024-09-14 00:00:00+00:00, run_after=2024-09-15 00:00:00+00:00
[2024-09-15T08:18:41.034+0000] {processor.py:208} INFO - Processing /home/airflow/.local/lib/python3.12/site-packages/airflow/example_dags/example_bash_operator.py took 0.194 seconds
[2024-09-15T08:19:12.568+0000] {processor.py:186} INFO - Started process (PID=3203) to work on /home/airflow/.local/lib/python3.12/site-packages/airflow/example_dags/example_bash_operator.py
[2024-09-15T08:19:12.570+0000] {processor.py:914} INFO - Processing file /home/airflow/.local/lib/python3.12/site-packages/airflow/example_dags/example_bash_operator.py for tasks to queue
[2024-09-15T08:19:12.574+0000] {logging_mixin.py:190} INFO - [2024-09-15T08:19:12.573+0000] {dagbag.py:587} INFO - Filling up the DagBag from /home/airflow/.local/lib/python3.12/site-packages/airflow/example_dags/example_bash_operator.py
[2024-09-15T08:19:12.611+0000] {processor.py:925} INFO - DAG(s) 'example_bash_operator' retrieved from /home/airflow/.local/lib/python3.12/site-packages/airflow/example_dags/example_bash_operator.py
[2024-09-15T08:19:12.685+0000] {logging_mixin.py:190} INFO - [2024-09-15T08:19:12.685+0000] {dag.py:3229} INFO - Sync 1 DAGs
[2024-09-15T08:19:12.763+0000] {logging_mixin.py:190} INFO - [2024-09-15T08:19:12.762+0000] {dag.py:4156} INFO - Setting next_dagrun for example_bash_operator to 2024-09-14 00:00:00+00:00, run_after=2024-09-15 00:00:00+00:00
[2024-09-15T08:19:12.821+0000] {processor.py:208} INFO - Processing /home/airflow/.local/lib/python3.12/site-packages/airflow/example_dags/example_bash_operator.py took 0.267 seconds
[2024-09-15T08:19:43.462+0000] {processor.py:186} INFO - Started process (PID=3265) to work on /home/airflow/.local/lib/python3.12/site-packages/airflow/example_dags/example_bash_operator.py
[2024-09-15T08:19:43.464+0000] {processor.py:914} INFO - Processing file /home/airflow/.local/lib/python3.12/site-packages/airflow/example_dags/example_bash_operator.py for tasks to queue
[2024-09-15T08:19:43.467+0000] {logging_mixin.py:190} INFO - [2024-09-15T08:19:43.467+0000] {dagbag.py:587} INFO - Filling up the DagBag from /home/airflow/.local/lib/python3.12/site-packages/airflow/example_dags/example_bash_operator.py
[2024-09-15T08:19:43.500+0000] {processor.py:925} INFO - DAG(s) 'example_bash_operator' retrieved from /home/airflow/.local/lib/python3.12/site-packages/airflow/example_dags/example_bash_operator.py
[2024-09-15T08:19:43.573+0000] {logging_mixin.py:190} INFO - [2024-09-15T08:19:43.572+0000] {dag.py:3229} INFO - Sync 1 DAGs
[2024-09-15T08:19:43.633+0000] {logging_mixin.py:190} INFO - [2024-09-15T08:19:43.632+0000] {dag.py:4156} INFO - Setting next_dagrun for example_bash_operator to 2024-09-14 00:00:00+00:00, run_after=2024-09-15 00:00:00+00:00
[2024-09-15T08:19:43.678+0000] {processor.py:208} INFO - Processing /home/airflow/.local/lib/python3.12/site-packages/airflow/example_dags/example_bash_operator.py took 0.229 seconds
[2024-09-15T08:20:14.032+0000] {processor.py:186} INFO - Started process (PID=3327) to work on /home/airflow/.local/lib/python3.12/site-packages/airflow/example_dags/example_bash_operator.py
[2024-09-15T08:20:14.034+0000] {processor.py:914} INFO - Processing file /home/airflow/.local/lib/python3.12/site-packages/airflow/example_dags/example_bash_operator.py for tasks to queue
[2024-09-15T08:20:14.039+0000] {logging_mixin.py:190} INFO - [2024-09-15T08:20:14.038+0000] {dagbag.py:587} INFO - Filling up the DagBag from /home/airflow/.local/lib/python3.12/site-packages/airflow/example_dags/example_bash_operator.py
[2024-09-15T08:20:14.074+0000] {processor.py:925} INFO - DAG(s) 'example_bash_operator' retrieved from /home/airflow/.local/lib/python3.12/site-packages/airflow/example_dags/example_bash_operator.py
[2024-09-15T08:20:14.149+0000] {logging_mixin.py:190} INFO - [2024-09-15T08:20:14.149+0000] {dag.py:3229} INFO - Sync 1 DAGs
[2024-09-15T08:20:14.213+0000] {logging_mixin.py:190} INFO - [2024-09-15T08:20:14.213+0000] {dag.py:4156} INFO - Setting next_dagrun for example_bash_operator to 2024-09-14 00:00:00+00:00, run_after=2024-09-15 00:00:00+00:00
[2024-09-15T08:20:14.252+0000] {processor.py:208} INFO - Processing /home/airflow/.local/lib/python3.12/site-packages/airflow/example_dags/example_bash_operator.py took 0.240 seconds
[2024-09-15T08:21:48.924+0000] {processor.py:186} INFO - Started process (PID=3389) to work on /home/airflow/.local/lib/python3.12/site-packages/airflow/example_dags/example_bash_operator.py
[2024-09-15T08:21:48.925+0000] {processor.py:914} INFO - Processing file /home/airflow/.local/lib/python3.12/site-packages/airflow/example_dags/example_bash_operator.py for tasks to queue
[2024-09-15T08:21:48.928+0000] {logging_mixin.py:190} INFO - [2024-09-15T08:21:48.927+0000] {dagbag.py:587} INFO - Filling up the DagBag from /home/airflow/.local/lib/python3.12/site-packages/airflow/example_dags/example_bash_operator.py
[2024-09-15T08:21:48.963+0000] {processor.py:925} INFO - DAG(s) 'example_bash_operator' retrieved from /home/airflow/.local/lib/python3.12/site-packages/airflow/example_dags/example_bash_operator.py
[2024-09-15T08:21:49.023+0000] {logging_mixin.py:190} INFO - [2024-09-15T08:21:49.022+0000] {dag.py:3229} INFO - Sync 1 DAGs
[2024-09-15T08:21:49.084+0000] {logging_mixin.py:190} INFO - [2024-09-15T08:21:49.083+0000] {dag.py:4156} INFO - Setting next_dagrun for example_bash_operator to 2024-09-14 00:00:00+00:00, run_after=2024-09-15 00:00:00+00:00
[2024-09-15T08:21:49.125+0000] {processor.py:208} INFO - Processing /home/airflow/.local/lib/python3.12/site-packages/airflow/example_dags/example_bash_operator.py took 0.213 seconds
[2024-09-15T08:22:22.063+0000] {processor.py:186} INFO - Started process (PID=3451) to work on /home/airflow/.local/lib/python3.12/site-packages/airflow/example_dags/example_bash_operator.py
[2024-09-15T08:22:22.065+0000] {processor.py:914} INFO - Processing file /home/airflow/.local/lib/python3.12/site-packages/airflow/example_dags/example_bash_operator.py for tasks to queue
[2024-09-15T08:22:22.069+0000] {logging_mixin.py:190} INFO - [2024-09-15T08:22:22.068+0000] {dagbag.py:587} INFO - Filling up the DagBag from /home/airflow/.local/lib/python3.12/site-packages/airflow/example_dags/example_bash_operator.py
[2024-09-15T08:22:22.105+0000] {processor.py:925} INFO - DAG(s) 'example_bash_operator' retrieved from /home/airflow/.local/lib/python3.12/site-packages/airflow/example_dags/example_bash_operator.py
[2024-09-15T08:22:22.582+0000] {logging_mixin.py:190} INFO - [2024-09-15T08:22:22.581+0000] {dag.py:3229} INFO - Sync 1 DAGs
[2024-09-15T08:22:22.646+0000] {logging_mixin.py:190} INFO - [2024-09-15T08:22:22.645+0000] {dag.py:4156} INFO - Setting next_dagrun for example_bash_operator to 2024-09-14 00:00:00+00:00, run_after=2024-09-15 00:00:00+00:00
[2024-09-15T08:22:22.692+0000] {processor.py:208} INFO - Processing /home/airflow/.local/lib/python3.12/site-packages/airflow/example_dags/example_bash_operator.py took 0.645 seconds
[2024-09-15T08:22:53.587+0000] {processor.py:186} INFO - Started process (PID=3512) to work on /home/airflow/.local/lib/python3.12/site-packages/airflow/example_dags/example_bash_operator.py
[2024-09-15T08:22:53.589+0000] {processor.py:914} INFO - Processing file /home/airflow/.local/lib/python3.12/site-packages/airflow/example_dags/example_bash_operator.py for tasks to queue
[2024-09-15T08:22:53.591+0000] {logging_mixin.py:190} INFO - [2024-09-15T08:22:53.591+0000] {dagbag.py:587} INFO - Filling up the DagBag from /home/airflow/.local/lib/python3.12/site-packages/airflow/example_dags/example_bash_operator.py
[2024-09-15T08:22:53.618+0000] {processor.py:925} INFO - DAG(s) 'example_bash_operator' retrieved from /home/airflow/.local/lib/python3.12/site-packages/airflow/example_dags/example_bash_operator.py
[2024-09-15T08:22:53.670+0000] {logging_mixin.py:190} INFO - [2024-09-15T08:22:53.669+0000] {dag.py:3229} INFO - Sync 1 DAGs
[2024-09-15T08:22:54.019+0000] {logging_mixin.py:190} INFO - [2024-09-15T08:22:54.019+0000] {dag.py:4156} INFO - Setting next_dagrun for example_bash_operator to 2024-09-14 00:00:00+00:00, run_after=2024-09-15 00:00:00+00:00
[2024-09-15T08:22:54.063+0000] {processor.py:208} INFO - Processing /home/airflow/.local/lib/python3.12/site-packages/airflow/example_dags/example_bash_operator.py took 0.486 seconds
[2024-09-15T08:23:24.348+0000] {processor.py:186} INFO - Started process (PID=3573) to work on /home/airflow/.local/lib/python3.12/site-packages/airflow/example_dags/example_bash_operator.py
[2024-09-15T08:23:24.349+0000] {processor.py:914} INFO - Processing file /home/airflow/.local/lib/python3.12/site-packages/airflow/example_dags/example_bash_operator.py for tasks to queue
[2024-09-15T08:23:24.352+0000] {logging_mixin.py:190} INFO - [2024-09-15T08:23:24.351+0000] {dagbag.py:587} INFO - Filling up the DagBag from /home/airflow/.local/lib/python3.12/site-packages/airflow/example_dags/example_bash_operator.py
[2024-09-15T08:23:24.374+0000] {processor.py:925} INFO - DAG(s) 'example_bash_operator' retrieved from /home/airflow/.local/lib/python3.12/site-packages/airflow/example_dags/example_bash_operator.py
[2024-09-15T08:23:24.431+0000] {logging_mixin.py:190} INFO - [2024-09-15T08:23:24.430+0000] {dag.py:3229} INFO - Sync 1 DAGs
[2024-09-15T08:23:24.478+0000] {logging_mixin.py:190} INFO - [2024-09-15T08:23:24.478+0000] {dag.py:4156} INFO - Setting next_dagrun for example_bash_operator to 2024-09-14 00:00:00+00:00, run_after=2024-09-15 00:00:00+00:00
[2024-09-15T08:23:24.523+0000] {processor.py:208} INFO - Processing /home/airflow/.local/lib/python3.12/site-packages/airflow/example_dags/example_bash_operator.py took 0.188 seconds
[2024-09-15T08:23:54.862+0000] {processor.py:186} INFO - Started process (PID=3635) to work on /home/airflow/.local/lib/python3.12/site-packages/airflow/example_dags/example_bash_operator.py
[2024-09-15T08:23:54.864+0000] {processor.py:914} INFO - Processing file /home/airflow/.local/lib/python3.12/site-packages/airflow/example_dags/example_bash_operator.py for tasks to queue
[2024-09-15T08:23:54.867+0000] {logging_mixin.py:190} INFO - [2024-09-15T08:23:54.866+0000] {dagbag.py:587} INFO - Filling up the DagBag from /home/airflow/.local/lib/python3.12/site-packages/airflow/example_dags/example_bash_operator.py
[2024-09-15T08:23:54.896+0000] {processor.py:925} INFO - DAG(s) 'example_bash_operator' retrieved from /home/airflow/.local/lib/python3.12/site-packages/airflow/example_dags/example_bash_operator.py
[2024-09-15T08:23:54.969+0000] {logging_mixin.py:190} INFO - [2024-09-15T08:23:54.969+0000] {dag.py:3229} INFO - Sync 1 DAGs
[2024-09-15T08:23:55.043+0000] {logging_mixin.py:190} INFO - [2024-09-15T08:23:55.043+0000] {dag.py:4156} INFO - Setting next_dagrun for example_bash_operator to 2024-09-14 00:00:00+00:00, run_after=2024-09-15 00:00:00+00:00
[2024-09-15T08:23:55.090+0000] {processor.py:208} INFO - Processing /home/airflow/.local/lib/python3.12/site-packages/airflow/example_dags/example_bash_operator.py took 0.244 seconds
[2024-09-15T08:25:28.159+0000] {processor.py:186} INFO - Started process (PID=3703) to work on /home/airflow/.local/lib/python3.12/site-packages/airflow/example_dags/example_bash_operator.py
[2024-09-15T08:25:28.162+0000] {processor.py:914} INFO - Processing file /home/airflow/.local/lib/python3.12/site-packages/airflow/example_dags/example_bash_operator.py for tasks to queue
[2024-09-15T08:25:28.165+0000] {logging_mixin.py:190} INFO - [2024-09-15T08:25:28.165+0000] {dagbag.py:587} INFO - Filling up the DagBag from /home/airflow/.local/lib/python3.12/site-packages/airflow/example_dags/example_bash_operator.py
[2024-09-15T08:25:28.203+0000] {processor.py:925} INFO - DAG(s) 'example_bash_operator' retrieved from /home/airflow/.local/lib/python3.12/site-packages/airflow/example_dags/example_bash_operator.py
[2024-09-15T08:25:28.276+0000] {logging_mixin.py:190} INFO - [2024-09-15T08:25:28.276+0000] {dag.py:3229} INFO - Sync 1 DAGs
[2024-09-15T08:25:28.349+0000] {logging_mixin.py:190} INFO - [2024-09-15T08:25:28.348+0000] {dag.py:4156} INFO - Setting next_dagrun for example_bash_operator to 2024-09-14 00:00:00+00:00, run_after=2024-09-15 00:00:00+00:00
[2024-09-15T08:25:28.421+0000] {processor.py:208} INFO - Processing /home/airflow/.local/lib/python3.12/site-packages/airflow/example_dags/example_bash_operator.py took 0.279 seconds
[2024-09-15T08:25:59.438+0000] {processor.py:186} INFO - Started process (PID=3765) to work on /home/airflow/.local/lib/python3.12/site-packages/airflow/example_dags/example_bash_operator.py
[2024-09-15T08:25:59.440+0000] {processor.py:914} INFO - Processing file /home/airflow/.local/lib/python3.12/site-packages/airflow/example_dags/example_bash_operator.py for tasks to queue
[2024-09-15T08:25:59.443+0000] {logging_mixin.py:190} INFO - [2024-09-15T08:25:59.442+0000] {dagbag.py:587} INFO - Filling up the DagBag from /home/airflow/.local/lib/python3.12/site-packages/airflow/example_dags/example_bash_operator.py
[2024-09-15T08:25:59.475+0000] {processor.py:925} INFO - DAG(s) 'example_bash_operator' retrieved from /home/airflow/.local/lib/python3.12/site-packages/airflow/example_dags/example_bash_operator.py
[2024-09-15T08:25:59.561+0000] {logging_mixin.py:190} INFO - [2024-09-15T08:25:59.560+0000] {dag.py:3229} INFO - Sync 1 DAGs
[2024-09-15T08:25:59.626+0000] {logging_mixin.py:190} INFO - [2024-09-15T08:25:59.625+0000] {dag.py:4156} INFO - Setting next_dagrun for example_bash_operator to 2024-09-14 00:00:00+00:00, run_after=2024-09-15 00:00:00+00:00
[2024-09-15T08:25:59.693+0000] {processor.py:208} INFO - Processing /home/airflow/.local/lib/python3.12/site-packages/airflow/example_dags/example_bash_operator.py took 0.275 seconds
[2024-09-15T08:26:29.816+0000] {processor.py:186} INFO - Started process (PID=3827) to work on /home/airflow/.local/lib/python3.12/site-packages/airflow/example_dags/example_bash_operator.py
[2024-09-15T08:26:29.817+0000] {processor.py:914} INFO - Processing file /home/airflow/.local/lib/python3.12/site-packages/airflow/example_dags/example_bash_operator.py for tasks to queue
[2024-09-15T08:26:29.820+0000] {logging_mixin.py:190} INFO - [2024-09-15T08:26:29.820+0000] {dagbag.py:587} INFO - Filling up the DagBag from /home/airflow/.local/lib/python3.12/site-packages/airflow/example_dags/example_bash_operator.py
[2024-09-15T08:26:29.845+0000] {processor.py:925} INFO - DAG(s) 'example_bash_operator' retrieved from /home/airflow/.local/lib/python3.12/site-packages/airflow/example_dags/example_bash_operator.py
[2024-09-15T08:26:29.904+0000] {logging_mixin.py:190} INFO - [2024-09-15T08:26:29.903+0000] {dag.py:3229} INFO - Sync 1 DAGs
[2024-09-15T08:26:29.952+0000] {logging_mixin.py:190} INFO - [2024-09-15T08:26:29.952+0000] {dag.py:4156} INFO - Setting next_dagrun for example_bash_operator to 2024-09-14 00:00:00+00:00, run_after=2024-09-15 00:00:00+00:00
[2024-09-15T08:26:29.995+0000] {processor.py:208} INFO - Processing /home/airflow/.local/lib/python3.12/site-packages/airflow/example_dags/example_bash_operator.py took 0.190 seconds
[2024-09-15T08:27:00.091+0000] {processor.py:186} INFO - Started process (PID=3889) to work on /home/airflow/.local/lib/python3.12/site-packages/airflow/example_dags/example_bash_operator.py
[2024-09-15T08:27:00.093+0000] {processor.py:914} INFO - Processing file /home/airflow/.local/lib/python3.12/site-packages/airflow/example_dags/example_bash_operator.py for tasks to queue
[2024-09-15T08:27:00.095+0000] {logging_mixin.py:190} INFO - [2024-09-15T08:27:00.095+0000] {dagbag.py:587} INFO - Filling up the DagBag from /home/airflow/.local/lib/python3.12/site-packages/airflow/example_dags/example_bash_operator.py
[2024-09-15T08:27:00.124+0000] {processor.py:925} INFO - DAG(s) 'example_bash_operator' retrieved from /home/airflow/.local/lib/python3.12/site-packages/airflow/example_dags/example_bash_operator.py
[2024-09-15T08:27:00.183+0000] {logging_mixin.py:190} INFO - [2024-09-15T08:27:00.183+0000] {dag.py:3229} INFO - Sync 1 DAGs
[2024-09-15T08:27:00.246+0000] {logging_mixin.py:190} INFO - [2024-09-15T08:27:00.245+0000] {dag.py:4156} INFO - Setting next_dagrun for example_bash_operator to 2024-09-14 00:00:00+00:00, run_after=2024-09-15 00:00:00+00:00
[2024-09-15T08:27:00.291+0000] {processor.py:208} INFO - Processing /home/airflow/.local/lib/python3.12/site-packages/airflow/example_dags/example_bash_operator.py took 0.211 seconds
[2024-09-15T08:27:30.383+0000] {processor.py:186} INFO - Started process (PID=3951) to work on /home/airflow/.local/lib/python3.12/site-packages/airflow/example_dags/example_bash_operator.py
[2024-09-15T08:27:30.385+0000] {processor.py:914} INFO - Processing file /home/airflow/.local/lib/python3.12/site-packages/airflow/example_dags/example_bash_operator.py for tasks to queue
[2024-09-15T08:27:30.389+0000] {logging_mixin.py:190} INFO - [2024-09-15T08:27:30.388+0000] {dagbag.py:587} INFO - Filling up the DagBag from /home/airflow/.local/lib/python3.12/site-packages/airflow/example_dags/example_bash_operator.py
[2024-09-15T08:27:30.416+0000] {processor.py:925} INFO - DAG(s) 'example_bash_operator' retrieved from /home/airflow/.local/lib/python3.12/site-packages/airflow/example_dags/example_bash_operator.py
[2024-09-15T08:27:30.489+0000] {logging_mixin.py:190} INFO - [2024-09-15T08:27:30.488+0000] {dag.py:3229} INFO - Sync 1 DAGs
[2024-09-15T08:27:30.541+0000] {logging_mixin.py:190} INFO - [2024-09-15T08:27:30.541+0000] {dag.py:4156} INFO - Setting next_dagrun for example_bash_operator to 2024-09-14 00:00:00+00:00, run_after=2024-09-15 00:00:00+00:00
[2024-09-15T08:27:30.589+0000] {processor.py:208} INFO - Processing /home/airflow/.local/lib/python3.12/site-packages/airflow/example_dags/example_bash_operator.py took 0.217 seconds
[2024-09-15T08:28:01.350+0000] {processor.py:186} INFO - Started process (PID=4013) to work on /home/airflow/.local/lib/python3.12/site-packages/airflow/example_dags/example_bash_operator.py
[2024-09-15T08:28:01.352+0000] {processor.py:914} INFO - Processing file /home/airflow/.local/lib/python3.12/site-packages/airflow/example_dags/example_bash_operator.py for tasks to queue
[2024-09-15T08:28:01.355+0000] {logging_mixin.py:190} INFO - [2024-09-15T08:28:01.354+0000] {dagbag.py:587} INFO - Filling up the DagBag from /home/airflow/.local/lib/python3.12/site-packages/airflow/example_dags/example_bash_operator.py
[2024-09-15T08:28:01.394+0000] {processor.py:925} INFO - DAG(s) 'example_bash_operator' retrieved from /home/airflow/.local/lib/python3.12/site-packages/airflow/example_dags/example_bash_operator.py
[2024-09-15T08:28:01.463+0000] {logging_mixin.py:190} INFO - [2024-09-15T08:28:01.463+0000] {dag.py:3229} INFO - Sync 1 DAGs
[2024-09-15T08:28:01.537+0000] {logging_mixin.py:190} INFO - [2024-09-15T08:28:01.536+0000] {dag.py:4156} INFO - Setting next_dagrun for example_bash_operator to 2024-09-14 00:00:00+00:00, run_after=2024-09-15 00:00:00+00:00
[2024-09-15T08:28:01.583+0000] {processor.py:208} INFO - Processing /home/airflow/.local/lib/python3.12/site-packages/airflow/example_dags/example_bash_operator.py took 0.250 seconds
[2024-09-15T08:28:32.431+0000] {processor.py:186} INFO - Started process (PID=4076) to work on /home/airflow/.local/lib/python3.12/site-packages/airflow/example_dags/example_bash_operator.py
[2024-09-15T08:28:32.435+0000] {processor.py:914} INFO - Processing file /home/airflow/.local/lib/python3.12/site-packages/airflow/example_dags/example_bash_operator.py for tasks to queue
[2024-09-15T08:28:32.440+0000] {logging_mixin.py:190} INFO - [2024-09-15T08:28:32.439+0000] {dagbag.py:587} INFO - Filling up the DagBag from /home/airflow/.local/lib/python3.12/site-packages/airflow/example_dags/example_bash_operator.py
[2024-09-15T08:28:32.478+0000] {processor.py:925} INFO - DAG(s) 'example_bash_operator' retrieved from /home/airflow/.local/lib/python3.12/site-packages/airflow/example_dags/example_bash_operator.py
[2024-09-15T08:28:32.582+0000] {logging_mixin.py:190} INFO - [2024-09-15T08:28:32.575+0000] {dag.py:3229} INFO - Sync 1 DAGs
[2024-09-15T08:28:32.656+0000] {logging_mixin.py:190} INFO - [2024-09-15T08:28:32.655+0000] {dag.py:4156} INFO - Setting next_dagrun for example_bash_operator to 2024-09-14 00:00:00+00:00, run_after=2024-09-15 00:00:00+00:00
[2024-09-15T08:28:32.728+0000] {processor.py:208} INFO - Processing /home/airflow/.local/lib/python3.12/site-packages/airflow/example_dags/example_bash_operator.py took 0.312 seconds
[2024-09-15T08:31:07.246+0000] {processor.py:186} INFO - Started process (PID=4104) to work on /home/airflow/.local/lib/python3.12/site-packages/airflow/example_dags/example_bash_operator.py
[2024-09-15T08:31:07.251+0000] {processor.py:914} INFO - Processing file /home/airflow/.local/lib/python3.12/site-packages/airflow/example_dags/example_bash_operator.py for tasks to queue
[2024-09-15T08:31:07.255+0000] {logging_mixin.py:190} INFO - [2024-09-15T08:31:07.254+0000] {dagbag.py:587} INFO - Filling up the DagBag from /home/airflow/.local/lib/python3.12/site-packages/airflow/example_dags/example_bash_operator.py
[2024-09-15T08:31:07.296+0000] {processor.py:925} INFO - DAG(s) 'example_bash_operator' retrieved from /home/airflow/.local/lib/python3.12/site-packages/airflow/example_dags/example_bash_operator.py
[2024-09-15T08:31:07.391+0000] {logging_mixin.py:190} INFO - [2024-09-15T08:31:07.391+0000] {dag.py:3229} INFO - Sync 1 DAGs
[2024-09-15T08:31:07.472+0000] {logging_mixin.py:190} INFO - [2024-09-15T08:31:07.471+0000] {dag.py:4156} INFO - Setting next_dagrun for example_bash_operator to 2024-09-14 00:00:00+00:00, run_after=2024-09-15 00:00:00+00:00
[2024-09-15T08:31:07.528+0000] {processor.py:208} INFO - Processing /home/airflow/.local/lib/python3.12/site-packages/airflow/example_dags/example_bash_operator.py took 0.301 seconds
[2024-09-15T08:31:38.336+0000] {processor.py:186} INFO - Started process (PID=4166) to work on /home/airflow/.local/lib/python3.12/site-packages/airflow/example_dags/example_bash_operator.py
[2024-09-15T08:31:38.339+0000] {processor.py:914} INFO - Processing file /home/airflow/.local/lib/python3.12/site-packages/airflow/example_dags/example_bash_operator.py for tasks to queue
[2024-09-15T08:31:38.343+0000] {logging_mixin.py:190} INFO - [2024-09-15T08:31:38.342+0000] {dagbag.py:587} INFO - Filling up the DagBag from /home/airflow/.local/lib/python3.12/site-packages/airflow/example_dags/example_bash_operator.py
[2024-09-15T08:31:38.379+0000] {processor.py:925} INFO - DAG(s) 'example_bash_operator' retrieved from /home/airflow/.local/lib/python3.12/site-packages/airflow/example_dags/example_bash_operator.py
[2024-09-15T08:31:38.495+0000] {logging_mixin.py:190} INFO - [2024-09-15T08:31:38.494+0000] {dag.py:3229} INFO - Sync 1 DAGs
[2024-09-15T08:31:38.572+0000] {logging_mixin.py:190} INFO - [2024-09-15T08:31:38.571+0000] {dag.py:4156} INFO - Setting next_dagrun for example_bash_operator to 2024-09-14 00:00:00+00:00, run_after=2024-09-15 00:00:00+00:00
[2024-09-15T08:31:38.643+0000] {processor.py:208} INFO - Processing /home/airflow/.local/lib/python3.12/site-packages/airflow/example_dags/example_bash_operator.py took 0.322 seconds
[2024-09-15T08:32:09.429+0000] {processor.py:186} INFO - Started process (PID=4229) to work on /home/airflow/.local/lib/python3.12/site-packages/airflow/example_dags/example_bash_operator.py
[2024-09-15T08:32:09.433+0000] {processor.py:914} INFO - Processing file /home/airflow/.local/lib/python3.12/site-packages/airflow/example_dags/example_bash_operator.py for tasks to queue
[2024-09-15T08:32:09.443+0000] {logging_mixin.py:190} INFO - [2024-09-15T08:32:09.442+0000] {dagbag.py:587} INFO - Filling up the DagBag from /home/airflow/.local/lib/python3.12/site-packages/airflow/example_dags/example_bash_operator.py
[2024-09-15T08:32:09.481+0000] {processor.py:925} INFO - DAG(s) 'example_bash_operator' retrieved from /home/airflow/.local/lib/python3.12/site-packages/airflow/example_dags/example_bash_operator.py
[2024-09-15T08:32:09.550+0000] {logging_mixin.py:190} INFO - [2024-09-15T08:32:09.550+0000] {dag.py:3229} INFO - Sync 1 DAGs
[2024-09-15T08:32:09.616+0000] {logging_mixin.py:190} INFO - [2024-09-15T08:32:09.615+0000] {dag.py:4156} INFO - Setting next_dagrun for example_bash_operator to 2024-09-14 00:00:00+00:00, run_after=2024-09-15 00:00:00+00:00
[2024-09-15T08:32:09.660+0000] {processor.py:208} INFO - Processing /home/airflow/.local/lib/python3.12/site-packages/airflow/example_dags/example_bash_operator.py took 0.256 seconds
