[2024-09-15T06:53:02.849+0000] {processor.py:186} INFO - Started process (PID=99) to work on /home/airflow/.local/lib/python3.12/site-packages/airflow/example_dags/example_branch_operator.py
[2024-09-15T06:53:02.851+0000] {processor.py:914} INFO - Processing file /home/airflow/.local/lib/python3.12/site-packages/airflow/example_dags/example_branch_operator.py for tasks to queue
[2024-09-15T06:53:02.883+0000] {logging_mixin.py:190} INFO - [2024-09-15T06:53:02.881+0000] {dagbag.py:587} INFO - Filling up the DagBag from /home/airflow/.local/lib/python3.12/site-packages/airflow/example_dags/example_branch_operator.py
[2024-09-15T06:53:02.999+0000] {processor.py:925} INFO - DAG(s) 'example_branch_operator' retrieved from /home/airflow/.local/lib/python3.12/site-packages/airflow/example_dags/example_branch_operator.py
[2024-09-15T06:53:03.348+0000] {logging_mixin.py:190} INFO - [2024-09-15T06:53:03.343+0000] {override.py:1900} INFO - Created Permission View: can delete on DAG:example_branch_operator
[2024-09-15T06:53:03.400+0000] {logging_mixin.py:190} INFO - [2024-09-15T06:53:03.400+0000] {override.py:1900} INFO - Created Permission View: can edit on DAG:example_branch_operator
[2024-09-15T06:53:03.422+0000] {logging_mixin.py:190} INFO - [2024-09-15T06:53:03.421+0000] {override.py:1900} INFO - Created Permission View: can read on DAG:example_branch_operator
[2024-09-15T06:53:03.443+0000] {logging_mixin.py:190} INFO - [2024-09-15T06:53:03.442+0000] {override.py:1900} INFO - Created Permission View: can delete on DAG Run:example_branch_operator
[2024-09-15T06:53:03.470+0000] {logging_mixin.py:190} INFO - [2024-09-15T06:53:03.470+0000] {override.py:1900} INFO - Created Permission View: can create on DAG Run:example_branch_operator
[2024-09-15T06:53:03.490+0000] {logging_mixin.py:190} INFO - [2024-09-15T06:53:03.490+0000] {override.py:1900} INFO - Created Permission View: can read on DAG Run:example_branch_operator
[2024-09-15T06:53:03.519+0000] {logging_mixin.py:190} INFO - [2024-09-15T06:53:03.518+0000] {override.py:1900} INFO - Created Permission View: menu access on DAG Run:example_branch_operator
[2024-09-15T06:53:03.522+0000] {logging_mixin.py:190} INFO - [2024-09-15T06:53:03.520+0000] {dag.py:3229} INFO - Sync 1 DAGs
[2024-09-15T06:53:03.579+0000] {logging_mixin.py:190} INFO - [2024-09-15T06:53:03.579+0000] {dag.py:3252} INFO - Creating ORM DAG for example_branch_operator
[2024-09-15T06:53:03.612+0000] {logging_mixin.py:190} INFO - [2024-09-15T06:53:03.612+0000] {dag.py:4156} INFO - Setting next_dagrun for example_branch_operator to 2024-09-14 00:00:00+00:00, run_after=2024-09-15 00:00:00+00:00
[2024-09-15T06:53:03.663+0000] {processor.py:208} INFO - Processing /home/airflow/.local/lib/python3.12/site-packages/airflow/example_dags/example_branch_operator.py took 0.856 seconds
[2024-09-15T06:54:11.343+0000] {processor.py:186} INFO - Started process (PID=161) to work on /home/airflow/.local/lib/python3.12/site-packages/airflow/example_dags/example_branch_operator.py
[2024-09-15T06:54:11.345+0000] {processor.py:914} INFO - Processing file /home/airflow/.local/lib/python3.12/site-packages/airflow/example_dags/example_branch_operator.py for tasks to queue
[2024-09-15T06:54:11.350+0000] {logging_mixin.py:190} INFO - [2024-09-15T06:54:11.349+0000] {dagbag.py:587} INFO - Filling up the DagBag from /home/airflow/.local/lib/python3.12/site-packages/airflow/example_dags/example_branch_operator.py
[2024-09-15T06:54:11.408+0000] {processor.py:925} INFO - DAG(s) 'example_branch_operator' retrieved from /home/airflow/.local/lib/python3.12/site-packages/airflow/example_dags/example_branch_operator.py
[2024-09-15T06:54:11.483+0000] {logging_mixin.py:190} INFO - [2024-09-15T06:54:11.482+0000] {dag.py:3229} INFO - Sync 1 DAGs
[2024-09-15T06:54:11.548+0000] {logging_mixin.py:190} INFO - [2024-09-15T06:54:11.548+0000] {dag.py:4156} INFO - Setting next_dagrun for example_branch_operator to 2024-09-14 00:00:00+00:00, run_after=2024-09-15 00:00:00+00:00
[2024-09-15T06:54:11.591+0000] {processor.py:208} INFO - Processing /home/airflow/.local/lib/python3.12/site-packages/airflow/example_dags/example_branch_operator.py took 0.260 seconds
[2024-09-15T06:54:44.069+0000] {processor.py:186} INFO - Started process (PID=223) to work on /home/airflow/.local/lib/python3.12/site-packages/airflow/example_dags/example_branch_operator.py
[2024-09-15T06:54:44.071+0000] {processor.py:914} INFO - Processing file /home/airflow/.local/lib/python3.12/site-packages/airflow/example_dags/example_branch_operator.py for tasks to queue
[2024-09-15T06:54:44.076+0000] {logging_mixin.py:190} INFO - [2024-09-15T06:54:44.075+0000] {dagbag.py:587} INFO - Filling up the DagBag from /home/airflow/.local/lib/python3.12/site-packages/airflow/example_dags/example_branch_operator.py
[2024-09-15T06:54:44.127+0000] {processor.py:925} INFO - DAG(s) 'example_branch_operator' retrieved from /home/airflow/.local/lib/python3.12/site-packages/airflow/example_dags/example_branch_operator.py
[2024-09-15T06:54:44.213+0000] {logging_mixin.py:190} INFO - [2024-09-15T06:54:44.212+0000] {dag.py:3229} INFO - Sync 1 DAGs
[2024-09-15T06:54:44.309+0000] {logging_mixin.py:190} INFO - [2024-09-15T06:54:44.309+0000] {dag.py:4156} INFO - Setting next_dagrun for example_branch_operator to 2024-09-14 00:00:00+00:00, run_after=2024-09-15 00:00:00+00:00
[2024-09-15T06:54:44.391+0000] {processor.py:208} INFO - Processing /home/airflow/.local/lib/python3.12/site-packages/airflow/example_dags/example_branch_operator.py took 0.337 seconds
[2024-09-15T06:55:18.210+0000] {processor.py:186} INFO - Started process (PID=285) to work on /home/airflow/.local/lib/python3.12/site-packages/airflow/example_dags/example_branch_operator.py
[2024-09-15T06:55:18.213+0000] {processor.py:914} INFO - Processing file /home/airflow/.local/lib/python3.12/site-packages/airflow/example_dags/example_branch_operator.py for tasks to queue
[2024-09-15T06:55:18.219+0000] {logging_mixin.py:190} INFO - [2024-09-15T06:55:18.218+0000] {dagbag.py:587} INFO - Filling up the DagBag from /home/airflow/.local/lib/python3.12/site-packages/airflow/example_dags/example_branch_operator.py
[2024-09-15T06:55:18.280+0000] {processor.py:925} INFO - DAG(s) 'example_branch_operator' retrieved from /home/airflow/.local/lib/python3.12/site-packages/airflow/example_dags/example_branch_operator.py
[2024-09-15T06:55:18.379+0000] {logging_mixin.py:190} INFO - [2024-09-15T06:55:18.379+0000] {dag.py:3229} INFO - Sync 1 DAGs
[2024-09-15T06:55:18.504+0000] {logging_mixin.py:190} INFO - [2024-09-15T06:55:18.504+0000] {dag.py:4156} INFO - Setting next_dagrun for example_branch_operator to 2024-09-14 00:00:00+00:00, run_after=2024-09-15 00:00:00+00:00
[2024-09-15T06:55:18.574+0000] {processor.py:208} INFO - Processing /home/airflow/.local/lib/python3.12/site-packages/airflow/example_dags/example_branch_operator.py took 0.387 seconds
[2024-09-15T06:57:51.730+0000] {processor.py:186} INFO - Started process (PID=329) to work on /home/airflow/.local/lib/python3.12/site-packages/airflow/example_dags/example_branch_operator.py
[2024-09-15T06:57:51.732+0000] {processor.py:914} INFO - Processing file /home/airflow/.local/lib/python3.12/site-packages/airflow/example_dags/example_branch_operator.py for tasks to queue
[2024-09-15T06:57:51.735+0000] {logging_mixin.py:190} INFO - [2024-09-15T06:57:51.734+0000] {dagbag.py:587} INFO - Filling up the DagBag from /home/airflow/.local/lib/python3.12/site-packages/airflow/example_dags/example_branch_operator.py
[2024-09-15T06:57:51.782+0000] {processor.py:925} INFO - DAG(s) 'example_branch_operator' retrieved from /home/airflow/.local/lib/python3.12/site-packages/airflow/example_dags/example_branch_operator.py
[2024-09-15T06:57:51.849+0000] {logging_mixin.py:190} INFO - [2024-09-15T06:57:51.848+0000] {dag.py:3229} INFO - Sync 1 DAGs
[2024-09-15T06:57:51.902+0000] {logging_mixin.py:190} INFO - [2024-09-15T06:57:51.901+0000] {dag.py:4156} INFO - Setting next_dagrun for example_branch_operator to 2024-09-14 00:00:00+00:00, run_after=2024-09-15 00:00:00+00:00
[2024-09-15T06:57:51.945+0000] {processor.py:208} INFO - Processing /home/airflow/.local/lib/python3.12/site-packages/airflow/example_dags/example_branch_operator.py took 0.229 seconds
[2024-09-15T06:58:22.470+0000] {processor.py:186} INFO - Started process (PID=391) to work on /home/airflow/.local/lib/python3.12/site-packages/airflow/example_dags/example_branch_operator.py
[2024-09-15T06:58:22.472+0000] {processor.py:914} INFO - Processing file /home/airflow/.local/lib/python3.12/site-packages/airflow/example_dags/example_branch_operator.py for tasks to queue
[2024-09-15T06:58:22.475+0000] {logging_mixin.py:190} INFO - [2024-09-15T06:58:22.474+0000] {dagbag.py:587} INFO - Filling up the DagBag from /home/airflow/.local/lib/python3.12/site-packages/airflow/example_dags/example_branch_operator.py
[2024-09-15T06:58:22.523+0000] {processor.py:925} INFO - DAG(s) 'example_branch_operator' retrieved from /home/airflow/.local/lib/python3.12/site-packages/airflow/example_dags/example_branch_operator.py
[2024-09-15T06:58:22.599+0000] {logging_mixin.py:190} INFO - [2024-09-15T06:58:22.598+0000] {dag.py:3229} INFO - Sync 1 DAGs
[2024-09-15T06:58:22.652+0000] {logging_mixin.py:190} INFO - [2024-09-15T06:58:22.652+0000] {dag.py:4156} INFO - Setting next_dagrun for example_branch_operator to 2024-09-14 00:00:00+00:00, run_after=2024-09-15 00:00:00+00:00
[2024-09-15T06:58:22.700+0000] {processor.py:208} INFO - Processing /home/airflow/.local/lib/python3.12/site-packages/airflow/example_dags/example_branch_operator.py took 0.243 seconds
[2024-09-15T06:58:53.571+0000] {processor.py:186} INFO - Started process (PID=453) to work on /home/airflow/.local/lib/python3.12/site-packages/airflow/example_dags/example_branch_operator.py
[2024-09-15T06:58:53.572+0000] {processor.py:914} INFO - Processing file /home/airflow/.local/lib/python3.12/site-packages/airflow/example_dags/example_branch_operator.py for tasks to queue
[2024-09-15T06:58:53.575+0000] {logging_mixin.py:190} INFO - [2024-09-15T06:58:53.574+0000] {dagbag.py:587} INFO - Filling up the DagBag from /home/airflow/.local/lib/python3.12/site-packages/airflow/example_dags/example_branch_operator.py
[2024-09-15T06:58:53.620+0000] {processor.py:925} INFO - DAG(s) 'example_branch_operator' retrieved from /home/airflow/.local/lib/python3.12/site-packages/airflow/example_dags/example_branch_operator.py
[2024-09-15T06:58:53.691+0000] {logging_mixin.py:190} INFO - [2024-09-15T06:58:53.690+0000] {dag.py:3229} INFO - Sync 1 DAGs
[2024-09-15T06:58:53.750+0000] {logging_mixin.py:190} INFO - [2024-09-15T06:58:53.749+0000] {dag.py:4156} INFO - Setting next_dagrun for example_branch_operator to 2024-09-14 00:00:00+00:00, run_after=2024-09-15 00:00:00+00:00
[2024-09-15T06:58:53.802+0000] {processor.py:208} INFO - Processing /home/airflow/.local/lib/python3.12/site-packages/airflow/example_dags/example_branch_operator.py took 0.247 seconds
[2024-09-15T06:59:23.944+0000] {processor.py:186} INFO - Started process (PID=515) to work on /home/airflow/.local/lib/python3.12/site-packages/airflow/example_dags/example_branch_operator.py
[2024-09-15T06:59:23.946+0000] {processor.py:914} INFO - Processing file /home/airflow/.local/lib/python3.12/site-packages/airflow/example_dags/example_branch_operator.py for tasks to queue
[2024-09-15T06:59:23.948+0000] {logging_mixin.py:190} INFO - [2024-09-15T06:59:23.948+0000] {dagbag.py:587} INFO - Filling up the DagBag from /home/airflow/.local/lib/python3.12/site-packages/airflow/example_dags/example_branch_operator.py
[2024-09-15T06:59:23.986+0000] {processor.py:925} INFO - DAG(s) 'example_branch_operator' retrieved from /home/airflow/.local/lib/python3.12/site-packages/airflow/example_dags/example_branch_operator.py
[2024-09-15T06:59:24.039+0000] {logging_mixin.py:190} INFO - [2024-09-15T06:59:24.039+0000] {dag.py:3229} INFO - Sync 1 DAGs
[2024-09-15T06:59:24.087+0000] {logging_mixin.py:190} INFO - [2024-09-15T06:59:24.086+0000] {dag.py:4156} INFO - Setting next_dagrun for example_branch_operator to 2024-09-14 00:00:00+00:00, run_after=2024-09-15 00:00:00+00:00
[2024-09-15T06:59:24.126+0000] {processor.py:208} INFO - Processing /home/airflow/.local/lib/python3.12/site-packages/airflow/example_dags/example_branch_operator.py took 0.192 seconds
[2024-09-15T06:59:55.051+0000] {processor.py:186} INFO - Started process (PID=577) to work on /home/airflow/.local/lib/python3.12/site-packages/airflow/example_dags/example_branch_operator.py
[2024-09-15T06:59:55.053+0000] {processor.py:914} INFO - Processing file /home/airflow/.local/lib/python3.12/site-packages/airflow/example_dags/example_branch_operator.py for tasks to queue
[2024-09-15T06:59:55.056+0000] {logging_mixin.py:190} INFO - [2024-09-15T06:59:55.055+0000] {dagbag.py:587} INFO - Filling up the DagBag from /home/airflow/.local/lib/python3.12/site-packages/airflow/example_dags/example_branch_operator.py
[2024-09-15T06:59:55.095+0000] {processor.py:925} INFO - DAG(s) 'example_branch_operator' retrieved from /home/airflow/.local/lib/python3.12/site-packages/airflow/example_dags/example_branch_operator.py
[2024-09-15T06:59:55.226+0000] {logging_mixin.py:190} INFO - [2024-09-15T06:59:55.225+0000] {dag.py:3229} INFO - Sync 1 DAGs
[2024-09-15T06:59:55.328+0000] {logging_mixin.py:190} INFO - [2024-09-15T06:59:55.327+0000] {dag.py:4156} INFO - Setting next_dagrun for example_branch_operator to 2024-09-14 00:00:00+00:00, run_after=2024-09-15 00:00:00+00:00
[2024-09-15T06:59:55.418+0000] {processor.py:208} INFO - Processing /home/airflow/.local/lib/python3.12/site-packages/airflow/example_dags/example_branch_operator.py took 0.378 seconds
[2024-09-15T07:00:41.178+0000] {processor.py:186} INFO - Started process (PID=639) to work on /home/airflow/.local/lib/python3.12/site-packages/airflow/example_dags/example_branch_operator.py
[2024-09-15T07:00:41.180+0000] {processor.py:914} INFO - Processing file /home/airflow/.local/lib/python3.12/site-packages/airflow/example_dags/example_branch_operator.py for tasks to queue
[2024-09-15T07:00:41.183+0000] {logging_mixin.py:190} INFO - [2024-09-15T07:00:41.183+0000] {dagbag.py:587} INFO - Filling up the DagBag from /home/airflow/.local/lib/python3.12/site-packages/airflow/example_dags/example_branch_operator.py
[2024-09-15T07:00:41.238+0000] {processor.py:925} INFO - DAG(s) 'example_branch_operator' retrieved from /home/airflow/.local/lib/python3.12/site-packages/airflow/example_dags/example_branch_operator.py
[2024-09-15T07:00:41.323+0000] {logging_mixin.py:190} INFO - [2024-09-15T07:00:41.323+0000] {dag.py:3229} INFO - Sync 1 DAGs
[2024-09-15T07:00:41.396+0000] {logging_mixin.py:190} INFO - [2024-09-15T07:00:41.395+0000] {dag.py:4156} INFO - Setting next_dagrun for example_branch_operator to 2024-09-14 00:00:00+00:00, run_after=2024-09-15 00:00:00+00:00
[2024-09-15T07:00:41.446+0000] {processor.py:208} INFO - Processing /home/airflow/.local/lib/python3.12/site-packages/airflow/example_dags/example_branch_operator.py took 0.280 seconds
[2024-09-15T07:04:39.213+0000] {processor.py:186} INFO - Started process (PID=707) to work on /home/airflow/.local/lib/python3.12/site-packages/airflow/example_dags/example_branch_operator.py
[2024-09-15T07:04:39.215+0000] {processor.py:914} INFO - Processing file /home/airflow/.local/lib/python3.12/site-packages/airflow/example_dags/example_branch_operator.py for tasks to queue
[2024-09-15T07:04:39.217+0000] {logging_mixin.py:190} INFO - [2024-09-15T07:04:39.217+0000] {dagbag.py:587} INFO - Filling up the DagBag from /home/airflow/.local/lib/python3.12/site-packages/airflow/example_dags/example_branch_operator.py
[2024-09-15T07:04:39.255+0000] {processor.py:925} INFO - DAG(s) 'example_branch_operator' retrieved from /home/airflow/.local/lib/python3.12/site-packages/airflow/example_dags/example_branch_operator.py
[2024-09-15T07:04:39.316+0000] {logging_mixin.py:190} INFO - [2024-09-15T07:04:39.316+0000] {dag.py:3229} INFO - Sync 1 DAGs
[2024-09-15T07:04:39.366+0000] {logging_mixin.py:190} INFO - [2024-09-15T07:04:39.366+0000] {dag.py:4156} INFO - Setting next_dagrun for example_branch_operator to 2024-09-14 00:00:00+00:00, run_after=2024-09-15 00:00:00+00:00
[2024-09-15T07:04:39.404+0000] {processor.py:208} INFO - Processing /home/airflow/.local/lib/python3.12/site-packages/airflow/example_dags/example_branch_operator.py took 0.202 seconds
[2024-09-15T07:05:10.518+0000] {processor.py:186} INFO - Started process (PID=769) to work on /home/airflow/.local/lib/python3.12/site-packages/airflow/example_dags/example_branch_operator.py
[2024-09-15T07:05:10.520+0000] {processor.py:914} INFO - Processing file /home/airflow/.local/lib/python3.12/site-packages/airflow/example_dags/example_branch_operator.py for tasks to queue
[2024-09-15T07:05:10.524+0000] {logging_mixin.py:190} INFO - [2024-09-15T07:05:10.523+0000] {dagbag.py:587} INFO - Filling up the DagBag from /home/airflow/.local/lib/python3.12/site-packages/airflow/example_dags/example_branch_operator.py
[2024-09-15T07:05:10.577+0000] {processor.py:925} INFO - DAG(s) 'example_branch_operator' retrieved from /home/airflow/.local/lib/python3.12/site-packages/airflow/example_dags/example_branch_operator.py
[2024-09-15T07:05:10.661+0000] {logging_mixin.py:190} INFO - [2024-09-15T07:05:10.661+0000] {dag.py:3229} INFO - Sync 1 DAGs
[2024-09-15T07:05:10.753+0000] {logging_mixin.py:190} INFO - [2024-09-15T07:05:10.752+0000] {dag.py:4156} INFO - Setting next_dagrun for example_branch_operator to 2024-09-14 00:00:00+00:00, run_after=2024-09-15 00:00:00+00:00
[2024-09-15T07:05:10.809+0000] {processor.py:208} INFO - Processing /home/airflow/.local/lib/python3.12/site-packages/airflow/example_dags/example_branch_operator.py took 0.305 seconds
[2024-09-15T07:05:41.479+0000] {processor.py:186} INFO - Started process (PID=831) to work on /home/airflow/.local/lib/python3.12/site-packages/airflow/example_dags/example_branch_operator.py
[2024-09-15T07:05:41.480+0000] {processor.py:914} INFO - Processing file /home/airflow/.local/lib/python3.12/site-packages/airflow/example_dags/example_branch_operator.py for tasks to queue
[2024-09-15T07:05:41.486+0000] {logging_mixin.py:190} INFO - [2024-09-15T07:05:41.484+0000] {dagbag.py:587} INFO - Filling up the DagBag from /home/airflow/.local/lib/python3.12/site-packages/airflow/example_dags/example_branch_operator.py
[2024-09-15T07:05:41.521+0000] {processor.py:925} INFO - DAG(s) 'example_branch_operator' retrieved from /home/airflow/.local/lib/python3.12/site-packages/airflow/example_dags/example_branch_operator.py
[2024-09-15T07:05:41.588+0000] {logging_mixin.py:190} INFO - [2024-09-15T07:05:41.587+0000] {dag.py:3229} INFO - Sync 1 DAGs
[2024-09-15T07:05:41.642+0000] {logging_mixin.py:190} INFO - [2024-09-15T07:05:41.642+0000] {dag.py:4156} INFO - Setting next_dagrun for example_branch_operator to 2024-09-14 00:00:00+00:00, run_after=2024-09-15 00:00:00+00:00
[2024-09-15T07:05:41.678+0000] {processor.py:208} INFO - Processing /home/airflow/.local/lib/python3.12/site-packages/airflow/example_dags/example_branch_operator.py took 0.210 seconds
[2024-09-15T07:06:12.348+0000] {processor.py:186} INFO - Started process (PID=893) to work on /home/airflow/.local/lib/python3.12/site-packages/airflow/example_dags/example_branch_operator.py
[2024-09-15T07:06:12.350+0000] {processor.py:914} INFO - Processing file /home/airflow/.local/lib/python3.12/site-packages/airflow/example_dags/example_branch_operator.py for tasks to queue
[2024-09-15T07:06:12.353+0000] {logging_mixin.py:190} INFO - [2024-09-15T07:06:12.352+0000] {dagbag.py:587} INFO - Filling up the DagBag from /home/airflow/.local/lib/python3.12/site-packages/airflow/example_dags/example_branch_operator.py
[2024-09-15T07:06:12.407+0000] {processor.py:925} INFO - DAG(s) 'example_branch_operator' retrieved from /home/airflow/.local/lib/python3.12/site-packages/airflow/example_dags/example_branch_operator.py
[2024-09-15T07:06:12.474+0000] {logging_mixin.py:190} INFO - [2024-09-15T07:06:12.474+0000] {dag.py:3229} INFO - Sync 1 DAGs
[2024-09-15T07:06:12.527+0000] {logging_mixin.py:190} INFO - [2024-09-15T07:06:12.526+0000] {dag.py:4156} INFO - Setting next_dagrun for example_branch_operator to 2024-09-14 00:00:00+00:00, run_after=2024-09-15 00:00:00+00:00
[2024-09-15T07:06:12.585+0000] {processor.py:208} INFO - Processing /home/airflow/.local/lib/python3.12/site-packages/airflow/example_dags/example_branch_operator.py took 0.254 seconds
[2024-09-15T07:06:43.428+0000] {processor.py:186} INFO - Started process (PID=955) to work on /home/airflow/.local/lib/python3.12/site-packages/airflow/example_dags/example_branch_operator.py
[2024-09-15T07:06:43.430+0000] {processor.py:914} INFO - Processing file /home/airflow/.local/lib/python3.12/site-packages/airflow/example_dags/example_branch_operator.py for tasks to queue
[2024-09-15T07:06:43.432+0000] {logging_mixin.py:190} INFO - [2024-09-15T07:06:43.432+0000] {dagbag.py:587} INFO - Filling up the DagBag from /home/airflow/.local/lib/python3.12/site-packages/airflow/example_dags/example_branch_operator.py
[2024-09-15T07:06:43.476+0000] {processor.py:925} INFO - DAG(s) 'example_branch_operator' retrieved from /home/airflow/.local/lib/python3.12/site-packages/airflow/example_dags/example_branch_operator.py
[2024-09-15T07:06:43.543+0000] {logging_mixin.py:190} INFO - [2024-09-15T07:06:43.543+0000] {dag.py:3229} INFO - Sync 1 DAGs
[2024-09-15T07:06:43.610+0000] {logging_mixin.py:190} INFO - [2024-09-15T07:06:43.609+0000] {dag.py:4156} INFO - Setting next_dagrun for example_branch_operator to 2024-09-14 00:00:00+00:00, run_after=2024-09-15 00:00:00+00:00
[2024-09-15T07:06:43.667+0000] {processor.py:208} INFO - Processing /home/airflow/.local/lib/python3.12/site-packages/airflow/example_dags/example_branch_operator.py took 0.255 seconds
[2024-09-15T07:07:28.790+0000] {processor.py:186} INFO - Started process (PID=1017) to work on /home/airflow/.local/lib/python3.12/site-packages/airflow/example_dags/example_branch_operator.py
[2024-09-15T07:07:28.792+0000] {processor.py:914} INFO - Processing file /home/airflow/.local/lib/python3.12/site-packages/airflow/example_dags/example_branch_operator.py for tasks to queue
[2024-09-15T07:07:28.795+0000] {logging_mixin.py:190} INFO - [2024-09-15T07:07:28.794+0000] {dagbag.py:587} INFO - Filling up the DagBag from /home/airflow/.local/lib/python3.12/site-packages/airflow/example_dags/example_branch_operator.py
[2024-09-15T07:07:28.841+0000] {processor.py:925} INFO - DAG(s) 'example_branch_operator' retrieved from /home/airflow/.local/lib/python3.12/site-packages/airflow/example_dags/example_branch_operator.py
[2024-09-15T07:07:28.912+0000] {logging_mixin.py:190} INFO - [2024-09-15T07:07:28.911+0000] {dag.py:3229} INFO - Sync 1 DAGs
[2024-09-15T07:07:28.981+0000] {logging_mixin.py:190} INFO - [2024-09-15T07:07:28.981+0000] {dag.py:4156} INFO - Setting next_dagrun for example_branch_operator to 2024-09-14 00:00:00+00:00, run_after=2024-09-15 00:00:00+00:00
[2024-09-15T07:07:29.032+0000] {processor.py:208} INFO - Processing /home/airflow/.local/lib/python3.12/site-packages/airflow/example_dags/example_branch_operator.py took 0.256 seconds
[2024-09-15T07:07:59.654+0000] {processor.py:186} INFO - Started process (PID=1079) to work on /home/airflow/.local/lib/python3.12/site-packages/airflow/example_dags/example_branch_operator.py
[2024-09-15T07:07:59.657+0000] {processor.py:914} INFO - Processing file /home/airflow/.local/lib/python3.12/site-packages/airflow/example_dags/example_branch_operator.py for tasks to queue
[2024-09-15T07:07:59.660+0000] {logging_mixin.py:190} INFO - [2024-09-15T07:07:59.659+0000] {dagbag.py:587} INFO - Filling up the DagBag from /home/airflow/.local/lib/python3.12/site-packages/airflow/example_dags/example_branch_operator.py
[2024-09-15T07:07:59.714+0000] {processor.py:925} INFO - DAG(s) 'example_branch_operator' retrieved from /home/airflow/.local/lib/python3.12/site-packages/airflow/example_dags/example_branch_operator.py
[2024-09-15T07:07:59.799+0000] {logging_mixin.py:190} INFO - [2024-09-15T07:07:59.798+0000] {dag.py:3229} INFO - Sync 1 DAGs
[2024-09-15T07:07:59.868+0000] {logging_mixin.py:190} INFO - [2024-09-15T07:07:59.867+0000] {dag.py:4156} INFO - Setting next_dagrun for example_branch_operator to 2024-09-14 00:00:00+00:00, run_after=2024-09-15 00:00:00+00:00
[2024-09-15T07:07:59.919+0000] {processor.py:208} INFO - Processing /home/airflow/.local/lib/python3.12/site-packages/airflow/example_dags/example_branch_operator.py took 0.279 seconds
[2024-09-15T07:12:20.495+0000] {processor.py:186} INFO - Started process (PID=1133) to work on /home/airflow/.local/lib/python3.12/site-packages/airflow/example_dags/example_branch_operator.py
[2024-09-15T07:12:20.497+0000] {processor.py:914} INFO - Processing file /home/airflow/.local/lib/python3.12/site-packages/airflow/example_dags/example_branch_operator.py for tasks to queue
[2024-09-15T07:12:20.499+0000] {logging_mixin.py:190} INFO - [2024-09-15T07:12:20.498+0000] {dagbag.py:587} INFO - Filling up the DagBag from /home/airflow/.local/lib/python3.12/site-packages/airflow/example_dags/example_branch_operator.py
[2024-09-15T07:12:20.536+0000] {processor.py:925} INFO - DAG(s) 'example_branch_operator' retrieved from /home/airflow/.local/lib/python3.12/site-packages/airflow/example_dags/example_branch_operator.py
[2024-09-15T07:12:20.602+0000] {logging_mixin.py:190} INFO - [2024-09-15T07:12:20.602+0000] {dag.py:3229} INFO - Sync 1 DAGs
[2024-09-15T07:12:20.650+0000] {logging_mixin.py:190} INFO - [2024-09-15T07:12:20.650+0000] {dag.py:4156} INFO - Setting next_dagrun for example_branch_operator to 2024-09-14 00:00:00+00:00, run_after=2024-09-15 00:00:00+00:00
[2024-09-15T07:12:20.687+0000] {processor.py:208} INFO - Processing /home/airflow/.local/lib/python3.12/site-packages/airflow/example_dags/example_branch_operator.py took 0.204 seconds
[2024-09-15T07:12:51.959+0000] {processor.py:186} INFO - Started process (PID=1195) to work on /home/airflow/.local/lib/python3.12/site-packages/airflow/example_dags/example_branch_operator.py
[2024-09-15T07:12:51.961+0000] {processor.py:914} INFO - Processing file /home/airflow/.local/lib/python3.12/site-packages/airflow/example_dags/example_branch_operator.py for tasks to queue
[2024-09-15T07:12:51.965+0000] {logging_mixin.py:190} INFO - [2024-09-15T07:12:51.964+0000] {dagbag.py:587} INFO - Filling up the DagBag from /home/airflow/.local/lib/python3.12/site-packages/airflow/example_dags/example_branch_operator.py
[2024-09-15T07:12:52.017+0000] {processor.py:925} INFO - DAG(s) 'example_branch_operator' retrieved from /home/airflow/.local/lib/python3.12/site-packages/airflow/example_dags/example_branch_operator.py
[2024-09-15T07:12:52.098+0000] {logging_mixin.py:190} INFO - [2024-09-15T07:12:52.097+0000] {dag.py:3229} INFO - Sync 1 DAGs
[2024-09-15T07:12:52.179+0000] {logging_mixin.py:190} INFO - [2024-09-15T07:12:52.179+0000] {dag.py:4156} INFO - Setting next_dagrun for example_branch_operator to 2024-09-14 00:00:00+00:00, run_after=2024-09-15 00:00:00+00:00
[2024-09-15T07:12:52.232+0000] {processor.py:208} INFO - Processing /home/airflow/.local/lib/python3.12/site-packages/airflow/example_dags/example_branch_operator.py took 0.290 seconds
[2024-09-15T07:13:22.596+0000] {processor.py:186} INFO - Started process (PID=1257) to work on /home/airflow/.local/lib/python3.12/site-packages/airflow/example_dags/example_branch_operator.py
[2024-09-15T07:13:22.598+0000] {processor.py:914} INFO - Processing file /home/airflow/.local/lib/python3.12/site-packages/airflow/example_dags/example_branch_operator.py for tasks to queue
[2024-09-15T07:13:22.600+0000] {logging_mixin.py:190} INFO - [2024-09-15T07:13:22.600+0000] {dagbag.py:587} INFO - Filling up the DagBag from /home/airflow/.local/lib/python3.12/site-packages/airflow/example_dags/example_branch_operator.py
[2024-09-15T07:13:22.633+0000] {processor.py:925} INFO - DAG(s) 'example_branch_operator' retrieved from /home/airflow/.local/lib/python3.12/site-packages/airflow/example_dags/example_branch_operator.py
[2024-09-15T07:13:22.688+0000] {logging_mixin.py:190} INFO - [2024-09-15T07:13:22.687+0000] {dag.py:3229} INFO - Sync 1 DAGs
[2024-09-15T07:13:22.747+0000] {logging_mixin.py:190} INFO - [2024-09-15T07:13:22.747+0000] {dag.py:4156} INFO - Setting next_dagrun for example_branch_operator to 2024-09-14 00:00:00+00:00, run_after=2024-09-15 00:00:00+00:00
[2024-09-15T07:13:22.788+0000] {processor.py:208} INFO - Processing /home/airflow/.local/lib/python3.12/site-packages/airflow/example_dags/example_branch_operator.py took 0.202 seconds
[2024-09-15T07:13:53.451+0000] {processor.py:186} INFO - Started process (PID=1320) to work on /home/airflow/.local/lib/python3.12/site-packages/airflow/example_dags/example_branch_operator.py
[2024-09-15T07:13:53.453+0000] {processor.py:914} INFO - Processing file /home/airflow/.local/lib/python3.12/site-packages/airflow/example_dags/example_branch_operator.py for tasks to queue
[2024-09-15T07:13:53.455+0000] {logging_mixin.py:190} INFO - [2024-09-15T07:13:53.455+0000] {dagbag.py:587} INFO - Filling up the DagBag from /home/airflow/.local/lib/python3.12/site-packages/airflow/example_dags/example_branch_operator.py
[2024-09-15T07:13:53.496+0000] {processor.py:925} INFO - DAG(s) 'example_branch_operator' retrieved from /home/airflow/.local/lib/python3.12/site-packages/airflow/example_dags/example_branch_operator.py
[2024-09-15T07:13:53.551+0000] {logging_mixin.py:190} INFO - [2024-09-15T07:13:53.551+0000] {dag.py:3229} INFO - Sync 1 DAGs
[2024-09-15T07:13:53.609+0000] {logging_mixin.py:190} INFO - [2024-09-15T07:13:53.608+0000] {dag.py:4156} INFO - Setting next_dagrun for example_branch_operator to 2024-09-14 00:00:00+00:00, run_after=2024-09-15 00:00:00+00:00
[2024-09-15T07:13:53.645+0000] {processor.py:208} INFO - Processing /home/airflow/.local/lib/python3.12/site-packages/airflow/example_dags/example_branch_operator.py took 0.203 seconds
[2024-09-15T07:14:24.025+0000] {processor.py:186} INFO - Started process (PID=1383) to work on /home/airflow/.local/lib/python3.12/site-packages/airflow/example_dags/example_branch_operator.py
[2024-09-15T07:14:24.027+0000] {processor.py:914} INFO - Processing file /home/airflow/.local/lib/python3.12/site-packages/airflow/example_dags/example_branch_operator.py for tasks to queue
[2024-09-15T07:14:24.030+0000] {logging_mixin.py:190} INFO - [2024-09-15T07:14:24.029+0000] {dagbag.py:587} INFO - Filling up the DagBag from /home/airflow/.local/lib/python3.12/site-packages/airflow/example_dags/example_branch_operator.py
[2024-09-15T07:14:24.061+0000] {processor.py:925} INFO - DAG(s) 'example_branch_operator' retrieved from /home/airflow/.local/lib/python3.12/site-packages/airflow/example_dags/example_branch_operator.py
[2024-09-15T07:14:24.134+0000] {logging_mixin.py:190} INFO - [2024-09-15T07:14:24.134+0000] {dag.py:3229} INFO - Sync 1 DAGs
[2024-09-15T07:14:24.190+0000] {logging_mixin.py:190} INFO - [2024-09-15T07:14:24.189+0000] {dag.py:4156} INFO - Setting next_dagrun for example_branch_operator to 2024-09-14 00:00:00+00:00, run_after=2024-09-15 00:00:00+00:00
[2024-09-15T07:14:24.231+0000] {processor.py:208} INFO - Processing /home/airflow/.local/lib/python3.12/site-packages/airflow/example_dags/example_branch_operator.py took 0.222 seconds
[2024-09-15T07:14:54.570+0000] {processor.py:186} INFO - Started process (PID=1445) to work on /home/airflow/.local/lib/python3.12/site-packages/airflow/example_dags/example_branch_operator.py
[2024-09-15T07:14:54.572+0000] {processor.py:914} INFO - Processing file /home/airflow/.local/lib/python3.12/site-packages/airflow/example_dags/example_branch_operator.py for tasks to queue
[2024-09-15T07:14:54.575+0000] {logging_mixin.py:190} INFO - [2024-09-15T07:14:54.574+0000] {dagbag.py:587} INFO - Filling up the DagBag from /home/airflow/.local/lib/python3.12/site-packages/airflow/example_dags/example_branch_operator.py
[2024-09-15T07:14:54.620+0000] {processor.py:925} INFO - DAG(s) 'example_branch_operator' retrieved from /home/airflow/.local/lib/python3.12/site-packages/airflow/example_dags/example_branch_operator.py
[2024-09-15T07:14:54.690+0000] {logging_mixin.py:190} INFO - [2024-09-15T07:14:54.690+0000] {dag.py:3229} INFO - Sync 1 DAGs
[2024-09-15T07:14:54.745+0000] {logging_mixin.py:190} INFO - [2024-09-15T07:14:54.745+0000] {dag.py:4156} INFO - Setting next_dagrun for example_branch_operator to 2024-09-14 00:00:00+00:00, run_after=2024-09-15 00:00:00+00:00
[2024-09-15T07:14:54.805+0000] {processor.py:208} INFO - Processing /home/airflow/.local/lib/python3.12/site-packages/airflow/example_dags/example_branch_operator.py took 0.248 seconds
[2024-09-15T07:15:30.276+0000] {processor.py:186} INFO - Started process (PID=1505) to work on /home/airflow/.local/lib/python3.12/site-packages/airflow/example_dags/example_branch_operator.py
[2024-09-15T07:15:30.280+0000] {processor.py:914} INFO - Processing file /home/airflow/.local/lib/python3.12/site-packages/airflow/example_dags/example_branch_operator.py for tasks to queue
[2024-09-15T07:15:30.288+0000] {logging_mixin.py:190} INFO - [2024-09-15T07:15:30.283+0000] {dagbag.py:587} INFO - Filling up the DagBag from /home/airflow/.local/lib/python3.12/site-packages/airflow/example_dags/example_branch_operator.py
[2024-09-15T07:15:30.398+0000] {processor.py:925} INFO - DAG(s) 'example_branch_operator' retrieved from /home/airflow/.local/lib/python3.12/site-packages/airflow/example_dags/example_branch_operator.py
[2024-09-15T07:15:40.076+0000] {logging_mixin.py:190} INFO - [2024-09-15T07:15:40.062+0000] {dag.py:3229} INFO - Sync 1 DAGs
[2024-09-15T07:15:40.166+0000] {logging_mixin.py:190} INFO - [2024-09-15T07:15:40.165+0000] {dag.py:4156} INFO - Setting next_dagrun for example_branch_operator to 2024-09-14 00:00:00+00:00, run_after=2024-09-15 00:00:00+00:00
[2024-09-15T07:15:40.234+0000] {processor.py:208} INFO - Processing /home/airflow/.local/lib/python3.12/site-packages/airflow/example_dags/example_branch_operator.py took 9.986 seconds
[2024-09-15T07:16:10.386+0000] {processor.py:186} INFO - Started process (PID=1566) to work on /home/airflow/.local/lib/python3.12/site-packages/airflow/example_dags/example_branch_operator.py
[2024-09-15T07:16:10.389+0000] {processor.py:914} INFO - Processing file /home/airflow/.local/lib/python3.12/site-packages/airflow/example_dags/example_branch_operator.py for tasks to queue
[2024-09-15T07:16:10.392+0000] {logging_mixin.py:190} INFO - [2024-09-15T07:16:10.391+0000] {dagbag.py:587} INFO - Filling up the DagBag from /home/airflow/.local/lib/python3.12/site-packages/airflow/example_dags/example_branch_operator.py
[2024-09-15T07:16:10.435+0000] {processor.py:925} INFO - DAG(s) 'example_branch_operator' retrieved from /home/airflow/.local/lib/python3.12/site-packages/airflow/example_dags/example_branch_operator.py
[2024-09-15T07:16:10.485+0000] {logging_mixin.py:190} INFO - [2024-09-15T07:16:10.484+0000] {dag.py:3229} INFO - Sync 1 DAGs
[2024-09-15T07:16:10.532+0000] {logging_mixin.py:190} INFO - [2024-09-15T07:16:10.532+0000] {dag.py:4156} INFO - Setting next_dagrun for example_branch_operator to 2024-09-14 00:00:00+00:00, run_after=2024-09-15 00:00:00+00:00
[2024-09-15T07:16:10.582+0000] {processor.py:208} INFO - Processing /home/airflow/.local/lib/python3.12/site-packages/airflow/example_dags/example_branch_operator.py took 0.206 seconds
[2024-09-15T07:18:24.163+0000] {processor.py:186} INFO - Started process (PID=1623) to work on /home/airflow/.local/lib/python3.12/site-packages/airflow/example_dags/example_branch_operator.py
[2024-09-15T07:18:24.164+0000] {processor.py:914} INFO - Processing file /home/airflow/.local/lib/python3.12/site-packages/airflow/example_dags/example_branch_operator.py for tasks to queue
[2024-09-15T07:18:24.167+0000] {logging_mixin.py:190} INFO - [2024-09-15T07:18:24.166+0000] {dagbag.py:587} INFO - Filling up the DagBag from /home/airflow/.local/lib/python3.12/site-packages/airflow/example_dags/example_branch_operator.py
[2024-09-15T07:18:24.201+0000] {processor.py:925} INFO - DAG(s) 'example_branch_operator' retrieved from /home/airflow/.local/lib/python3.12/site-packages/airflow/example_dags/example_branch_operator.py
[2024-09-15T07:18:24.257+0000] {logging_mixin.py:190} INFO - [2024-09-15T07:18:24.256+0000] {dag.py:3229} INFO - Sync 1 DAGs
[2024-09-15T07:18:24.305+0000] {logging_mixin.py:190} INFO - [2024-09-15T07:18:24.304+0000] {dag.py:4156} INFO - Setting next_dagrun for example_branch_operator to 2024-09-14 00:00:00+00:00, run_after=2024-09-15 00:00:00+00:00
[2024-09-15T07:18:24.348+0000] {processor.py:208} INFO - Processing /home/airflow/.local/lib/python3.12/site-packages/airflow/example_dags/example_branch_operator.py took 0.198 seconds
[2024-09-15T07:18:55.398+0000] {processor.py:186} INFO - Started process (PID=1685) to work on /home/airflow/.local/lib/python3.12/site-packages/airflow/example_dags/example_branch_operator.py
[2024-09-15T07:18:55.402+0000] {processor.py:914} INFO - Processing file /home/airflow/.local/lib/python3.12/site-packages/airflow/example_dags/example_branch_operator.py for tasks to queue
[2024-09-15T07:18:55.406+0000] {logging_mixin.py:190} INFO - [2024-09-15T07:18:55.405+0000] {dagbag.py:587} INFO - Filling up the DagBag from /home/airflow/.local/lib/python3.12/site-packages/airflow/example_dags/example_branch_operator.py
[2024-09-15T07:18:55.465+0000] {processor.py:925} INFO - DAG(s) 'example_branch_operator' retrieved from /home/airflow/.local/lib/python3.12/site-packages/airflow/example_dags/example_branch_operator.py
[2024-09-15T07:18:55.546+0000] {logging_mixin.py:190} INFO - [2024-09-15T07:18:55.545+0000] {dag.py:3229} INFO - Sync 1 DAGs
[2024-09-15T07:18:55.616+0000] {logging_mixin.py:190} INFO - [2024-09-15T07:18:55.616+0000] {dag.py:4156} INFO - Setting next_dagrun for example_branch_operator to 2024-09-14 00:00:00+00:00, run_after=2024-09-15 00:00:00+00:00
[2024-09-15T07:18:55.662+0000] {processor.py:208} INFO - Processing /home/airflow/.local/lib/python3.12/site-packages/airflow/example_dags/example_branch_operator.py took 0.283 seconds
[2024-09-15T07:19:26.437+0000] {processor.py:186} INFO - Started process (PID=1747) to work on /home/airflow/.local/lib/python3.12/site-packages/airflow/example_dags/example_branch_operator.py
[2024-09-15T07:19:26.439+0000] {processor.py:914} INFO - Processing file /home/airflow/.local/lib/python3.12/site-packages/airflow/example_dags/example_branch_operator.py for tasks to queue
[2024-09-15T07:19:26.443+0000] {logging_mixin.py:190} INFO - [2024-09-15T07:19:26.442+0000] {dagbag.py:587} INFO - Filling up the DagBag from /home/airflow/.local/lib/python3.12/site-packages/airflow/example_dags/example_branch_operator.py
[2024-09-15T07:19:26.481+0000] {processor.py:925} INFO - DAG(s) 'example_branch_operator' retrieved from /home/airflow/.local/lib/python3.12/site-packages/airflow/example_dags/example_branch_operator.py
[2024-09-15T07:19:26.543+0000] {logging_mixin.py:190} INFO - [2024-09-15T07:19:26.543+0000] {dag.py:3229} INFO - Sync 1 DAGs
[2024-09-15T07:19:26.591+0000] {logging_mixin.py:190} INFO - [2024-09-15T07:19:26.591+0000] {dag.py:4156} INFO - Setting next_dagrun for example_branch_operator to 2024-09-14 00:00:00+00:00, run_after=2024-09-15 00:00:00+00:00
[2024-09-15T07:19:26.628+0000] {processor.py:208} INFO - Processing /home/airflow/.local/lib/python3.12/site-packages/airflow/example_dags/example_branch_operator.py took 0.203 seconds
[2024-09-15T07:19:57.155+0000] {processor.py:186} INFO - Started process (PID=1809) to work on /home/airflow/.local/lib/python3.12/site-packages/airflow/example_dags/example_branch_operator.py
[2024-09-15T07:19:57.157+0000] {processor.py:914} INFO - Processing file /home/airflow/.local/lib/python3.12/site-packages/airflow/example_dags/example_branch_operator.py for tasks to queue
[2024-09-15T07:19:57.160+0000] {logging_mixin.py:190} INFO - [2024-09-15T07:19:57.159+0000] {dagbag.py:587} INFO - Filling up the DagBag from /home/airflow/.local/lib/python3.12/site-packages/airflow/example_dags/example_branch_operator.py
[2024-09-15T07:19:57.197+0000] {processor.py:925} INFO - DAG(s) 'example_branch_operator' retrieved from /home/airflow/.local/lib/python3.12/site-packages/airflow/example_dags/example_branch_operator.py
[2024-09-15T07:19:57.260+0000] {logging_mixin.py:190} INFO - [2024-09-15T07:19:57.259+0000] {dag.py:3229} INFO - Sync 1 DAGs
[2024-09-15T07:19:57.311+0000] {logging_mixin.py:190} INFO - [2024-09-15T07:19:57.310+0000] {dag.py:4156} INFO - Setting next_dagrun for example_branch_operator to 2024-09-14 00:00:00+00:00, run_after=2024-09-15 00:00:00+00:00
[2024-09-15T07:19:57.355+0000] {processor.py:208} INFO - Processing /home/airflow/.local/lib/python3.12/site-packages/airflow/example_dags/example_branch_operator.py took 0.211 seconds
[2024-09-15T07:20:27.730+0000] {processor.py:186} INFO - Started process (PID=1871) to work on /home/airflow/.local/lib/python3.12/site-packages/airflow/example_dags/example_branch_operator.py
[2024-09-15T07:20:27.732+0000] {processor.py:914} INFO - Processing file /home/airflow/.local/lib/python3.12/site-packages/airflow/example_dags/example_branch_operator.py for tasks to queue
[2024-09-15T07:20:27.735+0000] {logging_mixin.py:190} INFO - [2024-09-15T07:20:27.734+0000] {dagbag.py:587} INFO - Filling up the DagBag from /home/airflow/.local/lib/python3.12/site-packages/airflow/example_dags/example_branch_operator.py
[2024-09-15T07:20:27.776+0000] {processor.py:925} INFO - DAG(s) 'example_branch_operator' retrieved from /home/airflow/.local/lib/python3.12/site-packages/airflow/example_dags/example_branch_operator.py
[2024-09-15T07:20:27.843+0000] {logging_mixin.py:190} INFO - [2024-09-15T07:20:27.842+0000] {dag.py:3229} INFO - Sync 1 DAGs
[2024-09-15T07:20:27.907+0000] {logging_mixin.py:190} INFO - [2024-09-15T07:20:27.906+0000] {dag.py:4156} INFO - Setting next_dagrun for example_branch_operator to 2024-09-14 00:00:00+00:00, run_after=2024-09-15 00:00:00+00:00
[2024-09-15T07:20:27.952+0000] {processor.py:208} INFO - Processing /home/airflow/.local/lib/python3.12/site-packages/airflow/example_dags/example_branch_operator.py took 0.233 seconds
[2024-09-15T07:23:05.002+0000] {processor.py:186} INFO - Started process (PID=1933) to work on /home/airflow/.local/lib/python3.12/site-packages/airflow/example_dags/example_branch_operator.py
[2024-09-15T07:23:05.003+0000] {processor.py:914} INFO - Processing file /home/airflow/.local/lib/python3.12/site-packages/airflow/example_dags/example_branch_operator.py for tasks to queue
[2024-09-15T07:23:05.006+0000] {logging_mixin.py:190} INFO - [2024-09-15T07:23:05.006+0000] {dagbag.py:587} INFO - Filling up the DagBag from /home/airflow/.local/lib/python3.12/site-packages/airflow/example_dags/example_branch_operator.py
[2024-09-15T07:23:05.041+0000] {processor.py:925} INFO - DAG(s) 'example_branch_operator' retrieved from /home/airflow/.local/lib/python3.12/site-packages/airflow/example_dags/example_branch_operator.py
[2024-09-15T07:23:05.095+0000] {logging_mixin.py:190} INFO - [2024-09-15T07:23:05.095+0000] {dag.py:3229} INFO - Sync 1 DAGs
[2024-09-15T07:23:05.142+0000] {logging_mixin.py:190} INFO - [2024-09-15T07:23:05.142+0000] {dag.py:4156} INFO - Setting next_dagrun for example_branch_operator to 2024-09-14 00:00:00+00:00, run_after=2024-09-15 00:00:00+00:00
[2024-09-15T07:23:05.177+0000] {processor.py:208} INFO - Processing /home/airflow/.local/lib/python3.12/site-packages/airflow/example_dags/example_branch_operator.py took 0.186 seconds
[2024-09-15T07:23:36.365+0000] {processor.py:186} INFO - Started process (PID=1995) to work on /home/airflow/.local/lib/python3.12/site-packages/airflow/example_dags/example_branch_operator.py
[2024-09-15T07:23:36.367+0000] {processor.py:914} INFO - Processing file /home/airflow/.local/lib/python3.12/site-packages/airflow/example_dags/example_branch_operator.py for tasks to queue
[2024-09-15T07:23:36.370+0000] {logging_mixin.py:190} INFO - [2024-09-15T07:23:36.369+0000] {dagbag.py:587} INFO - Filling up the DagBag from /home/airflow/.local/lib/python3.12/site-packages/airflow/example_dags/example_branch_operator.py
[2024-09-15T07:23:36.421+0000] {processor.py:925} INFO - DAG(s) 'example_branch_operator' retrieved from /home/airflow/.local/lib/python3.12/site-packages/airflow/example_dags/example_branch_operator.py
[2024-09-15T07:23:36.508+0000] {logging_mixin.py:190} INFO - [2024-09-15T07:23:36.507+0000] {dag.py:3229} INFO - Sync 1 DAGs
[2024-09-15T07:23:36.576+0000] {logging_mixin.py:190} INFO - [2024-09-15T07:23:36.575+0000] {dag.py:4156} INFO - Setting next_dagrun for example_branch_operator to 2024-09-14 00:00:00+00:00, run_after=2024-09-15 00:00:00+00:00
[2024-09-15T07:23:36.626+0000] {processor.py:208} INFO - Processing /home/airflow/.local/lib/python3.12/site-packages/airflow/example_dags/example_branch_operator.py took 0.275 seconds
[2024-09-15T07:24:06.926+0000] {processor.py:186} INFO - Started process (PID=2057) to work on /home/airflow/.local/lib/python3.12/site-packages/airflow/example_dags/example_branch_operator.py
[2024-09-15T07:24:06.927+0000] {processor.py:914} INFO - Processing file /home/airflow/.local/lib/python3.12/site-packages/airflow/example_dags/example_branch_operator.py for tasks to queue
[2024-09-15T07:24:06.930+0000] {logging_mixin.py:190} INFO - [2024-09-15T07:24:06.929+0000] {dagbag.py:587} INFO - Filling up the DagBag from /home/airflow/.local/lib/python3.12/site-packages/airflow/example_dags/example_branch_operator.py
[2024-09-15T07:24:06.967+0000] {processor.py:925} INFO - DAG(s) 'example_branch_operator' retrieved from /home/airflow/.local/lib/python3.12/site-packages/airflow/example_dags/example_branch_operator.py
[2024-09-15T07:24:07.033+0000] {logging_mixin.py:190} INFO - [2024-09-15T07:24:07.033+0000] {dag.py:3229} INFO - Sync 1 DAGs
[2024-09-15T07:24:07.085+0000] {logging_mixin.py:190} INFO - [2024-09-15T07:24:07.084+0000] {dag.py:4156} INFO - Setting next_dagrun for example_branch_operator to 2024-09-14 00:00:00+00:00, run_after=2024-09-15 00:00:00+00:00
[2024-09-15T07:24:07.125+0000] {processor.py:208} INFO - Processing /home/airflow/.local/lib/python3.12/site-packages/airflow/example_dags/example_branch_operator.py took 0.210 seconds
[2024-09-15T07:24:37.814+0000] {processor.py:186} INFO - Started process (PID=2119) to work on /home/airflow/.local/lib/python3.12/site-packages/airflow/example_dags/example_branch_operator.py
[2024-09-15T07:24:37.816+0000] {processor.py:914} INFO - Processing file /home/airflow/.local/lib/python3.12/site-packages/airflow/example_dags/example_branch_operator.py for tasks to queue
[2024-09-15T07:24:37.818+0000] {logging_mixin.py:190} INFO - [2024-09-15T07:24:37.817+0000] {dagbag.py:587} INFO - Filling up the DagBag from /home/airflow/.local/lib/python3.12/site-packages/airflow/example_dags/example_branch_operator.py
[2024-09-15T07:24:37.864+0000] {processor.py:925} INFO - DAG(s) 'example_branch_operator' retrieved from /home/airflow/.local/lib/python3.12/site-packages/airflow/example_dags/example_branch_operator.py
[2024-09-15T07:24:37.921+0000] {logging_mixin.py:190} INFO - [2024-09-15T07:24:37.921+0000] {dag.py:3229} INFO - Sync 1 DAGs
[2024-09-15T07:24:37.969+0000] {logging_mixin.py:190} INFO - [2024-09-15T07:24:37.968+0000] {dag.py:4156} INFO - Setting next_dagrun for example_branch_operator to 2024-09-14 00:00:00+00:00, run_after=2024-09-15 00:00:00+00:00
[2024-09-15T07:24:38.009+0000] {processor.py:208} INFO - Processing /home/airflow/.local/lib/python3.12/site-packages/airflow/example_dags/example_branch_operator.py took 0.206 seconds
[2024-09-15T07:25:08.543+0000] {processor.py:186} INFO - Started process (PID=2180) to work on /home/airflow/.local/lib/python3.12/site-packages/airflow/example_dags/example_branch_operator.py
[2024-09-15T07:25:08.549+0000] {processor.py:914} INFO - Processing file /home/airflow/.local/lib/python3.12/site-packages/airflow/example_dags/example_branch_operator.py for tasks to queue
[2024-09-15T07:25:08.552+0000] {logging_mixin.py:190} INFO - [2024-09-15T07:25:08.551+0000] {dagbag.py:587} INFO - Filling up the DagBag from /home/airflow/.local/lib/python3.12/site-packages/airflow/example_dags/example_branch_operator.py
[2024-09-15T07:25:08.598+0000] {processor.py:925} INFO - DAG(s) 'example_branch_operator' retrieved from /home/airflow/.local/lib/python3.12/site-packages/airflow/example_dags/example_branch_operator.py
[2024-09-15T07:25:08.665+0000] {logging_mixin.py:190} INFO - [2024-09-15T07:25:08.664+0000] {dag.py:3229} INFO - Sync 1 DAGs
[2024-09-15T07:25:08.728+0000] {logging_mixin.py:190} INFO - [2024-09-15T07:25:08.728+0000] {dag.py:4156} INFO - Setting next_dagrun for example_branch_operator to 2024-09-14 00:00:00+00:00, run_after=2024-09-15 00:00:00+00:00
[2024-09-15T07:25:08.775+0000] {processor.py:208} INFO - Processing /home/airflow/.local/lib/python3.12/site-packages/airflow/example_dags/example_branch_operator.py took 0.245 seconds
[2024-09-15T08:02:17.304+0000] {processor.py:186} INFO - Started process (PID=2238) to work on /home/airflow/.local/lib/python3.12/site-packages/airflow/example_dags/example_branch_operator.py
[2024-09-15T08:02:17.310+0000] {processor.py:914} INFO - Processing file /home/airflow/.local/lib/python3.12/site-packages/airflow/example_dags/example_branch_operator.py for tasks to queue
[2024-09-15T08:02:17.319+0000] {logging_mixin.py:190} INFO - [2024-09-15T08:02:17.318+0000] {dagbag.py:587} INFO - Filling up the DagBag from /home/airflow/.local/lib/python3.12/site-packages/airflow/example_dags/example_branch_operator.py
[2024-09-15T08:02:17.456+0000] {processor.py:925} INFO - DAG(s) 'example_branch_operator' retrieved from /home/airflow/.local/lib/python3.12/site-packages/airflow/example_dags/example_branch_operator.py
[2024-09-15T08:02:17.666+0000] {logging_mixin.py:190} INFO - [2024-09-15T08:02:17.665+0000] {dag.py:3229} INFO - Sync 1 DAGs
[2024-09-15T08:02:17.815+0000] {logging_mixin.py:190} INFO - [2024-09-15T08:02:17.814+0000] {dag.py:4156} INFO - Setting next_dagrun for example_branch_operator to 2024-09-14 00:00:00+00:00, run_after=2024-09-15 00:00:00+00:00
[2024-09-15T08:02:17.963+0000] {processor.py:208} INFO - Processing /home/airflow/.local/lib/python3.12/site-packages/airflow/example_dags/example_branch_operator.py took 0.686 seconds
[2024-09-15T08:04:51.016+0000] {processor.py:186} INFO - Started process (PID=2307) to work on /home/airflow/.local/lib/python3.12/site-packages/airflow/example_dags/example_branch_operator.py
[2024-09-15T08:04:51.018+0000] {processor.py:914} INFO - Processing file /home/airflow/.local/lib/python3.12/site-packages/airflow/example_dags/example_branch_operator.py for tasks to queue
[2024-09-15T08:04:51.021+0000] {logging_mixin.py:190} INFO - [2024-09-15T08:04:51.020+0000] {dagbag.py:587} INFO - Filling up the DagBag from /home/airflow/.local/lib/python3.12/site-packages/airflow/example_dags/example_branch_operator.py
[2024-09-15T08:04:51.130+0000] {processor.py:925} INFO - DAG(s) 'example_branch_operator' retrieved from /home/airflow/.local/lib/python3.12/site-packages/airflow/example_dags/example_branch_operator.py
[2024-09-15T08:04:51.237+0000] {logging_mixin.py:190} INFO - [2024-09-15T08:04:51.236+0000] {dag.py:3229} INFO - Sync 1 DAGs
[2024-09-15T08:04:51.394+0000] {logging_mixin.py:190} INFO - [2024-09-15T08:04:51.393+0000] {dag.py:4156} INFO - Setting next_dagrun for example_branch_operator to 2024-09-14 00:00:00+00:00, run_after=2024-09-15 00:00:00+00:00
[2024-09-15T08:04:51.445+0000] {processor.py:208} INFO - Processing /home/airflow/.local/lib/python3.12/site-packages/airflow/example_dags/example_branch_operator.py took 0.444 seconds
[2024-09-15T08:05:21.699+0000] {processor.py:186} INFO - Started process (PID=2369) to work on /home/airflow/.local/lib/python3.12/site-packages/airflow/example_dags/example_branch_operator.py
[2024-09-15T08:05:21.706+0000] {processor.py:914} INFO - Processing file /home/airflow/.local/lib/python3.12/site-packages/airflow/example_dags/example_branch_operator.py for tasks to queue
[2024-09-15T08:05:21.710+0000] {logging_mixin.py:190} INFO - [2024-09-15T08:05:21.709+0000] {dagbag.py:587} INFO - Filling up the DagBag from /home/airflow/.local/lib/python3.12/site-packages/airflow/example_dags/example_branch_operator.py
[2024-09-15T08:05:21.765+0000] {processor.py:925} INFO - DAG(s) 'example_branch_operator' retrieved from /home/airflow/.local/lib/python3.12/site-packages/airflow/example_dags/example_branch_operator.py
[2024-09-15T08:05:21.841+0000] {logging_mixin.py:190} INFO - [2024-09-15T08:05:21.840+0000] {dag.py:3229} INFO - Sync 1 DAGs
[2024-09-15T08:05:21.899+0000] {logging_mixin.py:190} INFO - [2024-09-15T08:05:21.899+0000] {dag.py:4156} INFO - Setting next_dagrun for example_branch_operator to 2024-09-14 00:00:00+00:00, run_after=2024-09-15 00:00:00+00:00
[2024-09-15T08:05:21.946+0000] {processor.py:208} INFO - Processing /home/airflow/.local/lib/python3.12/site-packages/airflow/example_dags/example_branch_operator.py took 0.263 seconds
[2024-09-15T08:05:52.988+0000] {processor.py:186} INFO - Started process (PID=2432) to work on /home/airflow/.local/lib/python3.12/site-packages/airflow/example_dags/example_branch_operator.py
[2024-09-15T08:05:52.990+0000] {processor.py:914} INFO - Processing file /home/airflow/.local/lib/python3.12/site-packages/airflow/example_dags/example_branch_operator.py for tasks to queue
[2024-09-15T08:05:52.993+0000] {logging_mixin.py:190} INFO - [2024-09-15T08:05:52.993+0000] {dagbag.py:587} INFO - Filling up the DagBag from /home/airflow/.local/lib/python3.12/site-packages/airflow/example_dags/example_branch_operator.py
[2024-09-15T08:05:53.033+0000] {processor.py:925} INFO - DAG(s) 'example_branch_operator' retrieved from /home/airflow/.local/lib/python3.12/site-packages/airflow/example_dags/example_branch_operator.py
[2024-09-15T08:05:53.097+0000] {logging_mixin.py:190} INFO - [2024-09-15T08:05:53.096+0000] {dag.py:3229} INFO - Sync 1 DAGs
[2024-09-15T08:05:53.248+0000] {logging_mixin.py:190} INFO - [2024-09-15T08:05:53.247+0000] {dag.py:4156} INFO - Setting next_dagrun for example_branch_operator to 2024-09-14 00:00:00+00:00, run_after=2024-09-15 00:00:00+00:00
[2024-09-15T08:05:53.344+0000] {processor.py:208} INFO - Processing /home/airflow/.local/lib/python3.12/site-packages/airflow/example_dags/example_branch_operator.py took 0.365 seconds
[2024-09-15T08:06:23.596+0000] {processor.py:186} INFO - Started process (PID=2494) to work on /home/airflow/.local/lib/python3.12/site-packages/airflow/example_dags/example_branch_operator.py
[2024-09-15T08:06:23.598+0000] {processor.py:914} INFO - Processing file /home/airflow/.local/lib/python3.12/site-packages/airflow/example_dags/example_branch_operator.py for tasks to queue
[2024-09-15T08:06:23.600+0000] {logging_mixin.py:190} INFO - [2024-09-15T08:06:23.600+0000] {dagbag.py:587} INFO - Filling up the DagBag from /home/airflow/.local/lib/python3.12/site-packages/airflow/example_dags/example_branch_operator.py
[2024-09-15T08:06:23.644+0000] {processor.py:925} INFO - DAG(s) 'example_branch_operator' retrieved from /home/airflow/.local/lib/python3.12/site-packages/airflow/example_dags/example_branch_operator.py
[2024-09-15T08:06:23.716+0000] {logging_mixin.py:190} INFO - [2024-09-15T08:06:23.716+0000] {dag.py:3229} INFO - Sync 1 DAGs
[2024-09-15T08:06:23.773+0000] {logging_mixin.py:190} INFO - [2024-09-15T08:06:23.773+0000] {dag.py:4156} INFO - Setting next_dagrun for example_branch_operator to 2024-09-14 00:00:00+00:00, run_after=2024-09-15 00:00:00+00:00
[2024-09-15T08:06:23.823+0000] {processor.py:208} INFO - Processing /home/airflow/.local/lib/python3.12/site-packages/airflow/example_dags/example_branch_operator.py took 0.242 seconds
[2024-09-15T08:06:55.250+0000] {processor.py:186} INFO - Started process (PID=2558) to work on /home/airflow/.local/lib/python3.12/site-packages/airflow/example_dags/example_branch_operator.py
[2024-09-15T08:06:55.252+0000] {processor.py:914} INFO - Processing file /home/airflow/.local/lib/python3.12/site-packages/airflow/example_dags/example_branch_operator.py for tasks to queue
[2024-09-15T08:06:55.262+0000] {logging_mixin.py:190} INFO - [2024-09-15T08:06:55.261+0000] {dagbag.py:587} INFO - Filling up the DagBag from /home/airflow/.local/lib/python3.12/site-packages/airflow/example_dags/example_branch_operator.py
[2024-09-15T08:06:55.317+0000] {processor.py:925} INFO - DAG(s) 'example_branch_operator' retrieved from /home/airflow/.local/lib/python3.12/site-packages/airflow/example_dags/example_branch_operator.py
[2024-09-15T08:06:55.413+0000] {logging_mixin.py:190} INFO - [2024-09-15T08:06:55.413+0000] {dag.py:3229} INFO - Sync 1 DAGs
[2024-09-15T08:06:55.486+0000] {logging_mixin.py:190} INFO - [2024-09-15T08:06:55.486+0000] {dag.py:4156} INFO - Setting next_dagrun for example_branch_operator to 2024-09-14 00:00:00+00:00, run_after=2024-09-15 00:00:00+00:00
[2024-09-15T08:06:55.582+0000] {processor.py:208} INFO - Processing /home/airflow/.local/lib/python3.12/site-packages/airflow/example_dags/example_branch_operator.py took 0.348 seconds
[2024-09-15T08:07:26.649+0000] {processor.py:186} INFO - Started process (PID=2620) to work on /home/airflow/.local/lib/python3.12/site-packages/airflow/example_dags/example_branch_operator.py
[2024-09-15T08:07:26.651+0000] {processor.py:914} INFO - Processing file /home/airflow/.local/lib/python3.12/site-packages/airflow/example_dags/example_branch_operator.py for tasks to queue
[2024-09-15T08:07:26.654+0000] {logging_mixin.py:190} INFO - [2024-09-15T08:07:26.653+0000] {dagbag.py:587} INFO - Filling up the DagBag from /home/airflow/.local/lib/python3.12/site-packages/airflow/example_dags/example_branch_operator.py
[2024-09-15T08:07:26.724+0000] {processor.py:925} INFO - DAG(s) 'example_branch_operator' retrieved from /home/airflow/.local/lib/python3.12/site-packages/airflow/example_dags/example_branch_operator.py
[2024-09-15T08:07:26.854+0000] {logging_mixin.py:190} INFO - [2024-09-15T08:07:26.853+0000] {dag.py:3229} INFO - Sync 1 DAGs
[2024-09-15T08:07:26.932+0000] {logging_mixin.py:190} INFO - [2024-09-15T08:07:26.932+0000] {dag.py:4156} INFO - Setting next_dagrun for example_branch_operator to 2024-09-14 00:00:00+00:00, run_after=2024-09-15 00:00:00+00:00
[2024-09-15T08:07:27.021+0000] {processor.py:208} INFO - Processing /home/airflow/.local/lib/python3.12/site-packages/airflow/example_dags/example_branch_operator.py took 0.386 seconds
[2024-09-15T08:07:57.537+0000] {processor.py:186} INFO - Started process (PID=2682) to work on /home/airflow/.local/lib/python3.12/site-packages/airflow/example_dags/example_branch_operator.py
[2024-09-15T08:07:57.539+0000] {processor.py:914} INFO - Processing file /home/airflow/.local/lib/python3.12/site-packages/airflow/example_dags/example_branch_operator.py for tasks to queue
[2024-09-15T08:07:57.541+0000] {logging_mixin.py:190} INFO - [2024-09-15T08:07:57.540+0000] {dagbag.py:587} INFO - Filling up the DagBag from /home/airflow/.local/lib/python3.12/site-packages/airflow/example_dags/example_branch_operator.py
[2024-09-15T08:07:57.576+0000] {processor.py:925} INFO - DAG(s) 'example_branch_operator' retrieved from /home/airflow/.local/lib/python3.12/site-packages/airflow/example_dags/example_branch_operator.py
[2024-09-15T08:07:57.631+0000] {logging_mixin.py:190} INFO - [2024-09-15T08:07:57.630+0000] {dag.py:3229} INFO - Sync 1 DAGs
[2024-09-15T08:07:57.692+0000] {logging_mixin.py:190} INFO - [2024-09-15T08:07:57.692+0000] {dag.py:4156} INFO - Setting next_dagrun for example_branch_operator to 2024-09-14 00:00:00+00:00, run_after=2024-09-15 00:00:00+00:00
[2024-09-15T08:07:57.738+0000] {processor.py:208} INFO - Processing /home/airflow/.local/lib/python3.12/site-packages/airflow/example_dags/example_branch_operator.py took 0.211 seconds
[2024-09-15T08:16:29.087+0000] {processor.py:186} INFO - Started process (PID=3110) to work on /home/airflow/.local/lib/python3.12/site-packages/airflow/example_dags/example_branch_operator.py
[2024-09-15T08:16:29.091+0000] {processor.py:914} INFO - Processing file /home/airflow/.local/lib/python3.12/site-packages/airflow/example_dags/example_branch_operator.py for tasks to queue
[2024-09-15T08:16:29.095+0000] {logging_mixin.py:190} INFO - [2024-09-15T08:16:29.094+0000] {dagbag.py:587} INFO - Filling up the DagBag from /home/airflow/.local/lib/python3.12/site-packages/airflow/example_dags/example_branch_operator.py
[2024-09-15T08:16:29.174+0000] {processor.py:925} INFO - DAG(s) 'example_branch_operator' retrieved from /home/airflow/.local/lib/python3.12/site-packages/airflow/example_dags/example_branch_operator.py
[2024-09-15T08:16:29.288+0000] {logging_mixin.py:190} INFO - [2024-09-15T08:16:29.287+0000] {dag.py:3229} INFO - Sync 1 DAGs
[2024-09-15T08:16:29.438+0000] {logging_mixin.py:190} INFO - [2024-09-15T08:16:29.438+0000] {dag.py:4156} INFO - Setting next_dagrun for example_branch_operator to 2024-09-14 00:00:00+00:00, run_after=2024-09-15 00:00:00+00:00
[2024-09-15T08:16:29.552+0000] {processor.py:208} INFO - Processing /home/airflow/.local/lib/python3.12/site-packages/airflow/example_dags/example_branch_operator.py took 0.483 seconds
[2024-09-15T08:18:41.811+0000] {processor.py:186} INFO - Started process (PID=3148) to work on /home/airflow/.local/lib/python3.12/site-packages/airflow/example_dags/example_branch_operator.py
[2024-09-15T08:18:41.813+0000] {processor.py:914} INFO - Processing file /home/airflow/.local/lib/python3.12/site-packages/airflow/example_dags/example_branch_operator.py for tasks to queue
[2024-09-15T08:18:41.815+0000] {logging_mixin.py:190} INFO - [2024-09-15T08:18:41.815+0000] {dagbag.py:587} INFO - Filling up the DagBag from /home/airflow/.local/lib/python3.12/site-packages/airflow/example_dags/example_branch_operator.py
[2024-09-15T08:18:41.851+0000] {processor.py:925} INFO - DAG(s) 'example_branch_operator' retrieved from /home/airflow/.local/lib/python3.12/site-packages/airflow/example_dags/example_branch_operator.py
[2024-09-15T08:18:41.922+0000] {logging_mixin.py:190} INFO - [2024-09-15T08:18:41.922+0000] {dag.py:3229} INFO - Sync 1 DAGs
[2024-09-15T08:18:41.972+0000] {logging_mixin.py:190} INFO - [2024-09-15T08:18:41.972+0000] {dag.py:4156} INFO - Setting next_dagrun for example_branch_operator to 2024-09-14 00:00:00+00:00, run_after=2024-09-15 00:00:00+00:00
[2024-09-15T08:18:42.007+0000] {processor.py:208} INFO - Processing /home/airflow/.local/lib/python3.12/site-packages/airflow/example_dags/example_branch_operator.py took 0.206 seconds
[2024-09-15T08:19:13.918+0000] {processor.py:186} INFO - Started process (PID=3211) to work on /home/airflow/.local/lib/python3.12/site-packages/airflow/example_dags/example_branch_operator.py
[2024-09-15T08:19:13.920+0000] {processor.py:914} INFO - Processing file /home/airflow/.local/lib/python3.12/site-packages/airflow/example_dags/example_branch_operator.py for tasks to queue
[2024-09-15T08:19:13.926+0000] {logging_mixin.py:190} INFO - [2024-09-15T08:19:13.925+0000] {dagbag.py:587} INFO - Filling up the DagBag from /home/airflow/.local/lib/python3.12/site-packages/airflow/example_dags/example_branch_operator.py
[2024-09-15T08:19:13.986+0000] {processor.py:925} INFO - DAG(s) 'example_branch_operator' retrieved from /home/airflow/.local/lib/python3.12/site-packages/airflow/example_dags/example_branch_operator.py
[2024-09-15T08:19:14.079+0000] {logging_mixin.py:190} INFO - [2024-09-15T08:19:14.079+0000] {dag.py:3229} INFO - Sync 1 DAGs
[2024-09-15T08:19:14.148+0000] {logging_mixin.py:190} INFO - [2024-09-15T08:19:14.148+0000] {dag.py:4156} INFO - Setting next_dagrun for example_branch_operator to 2024-09-14 00:00:00+00:00, run_after=2024-09-15 00:00:00+00:00
[2024-09-15T08:19:14.205+0000] {processor.py:208} INFO - Processing /home/airflow/.local/lib/python3.12/site-packages/airflow/example_dags/example_branch_operator.py took 0.308 seconds
[2024-09-15T08:19:44.574+0000] {processor.py:186} INFO - Started process (PID=3273) to work on /home/airflow/.local/lib/python3.12/site-packages/airflow/example_dags/example_branch_operator.py
[2024-09-15T08:19:44.576+0000] {processor.py:914} INFO - Processing file /home/airflow/.local/lib/python3.12/site-packages/airflow/example_dags/example_branch_operator.py for tasks to queue
[2024-09-15T08:19:44.580+0000] {logging_mixin.py:190} INFO - [2024-09-15T08:19:44.579+0000] {dagbag.py:587} INFO - Filling up the DagBag from /home/airflow/.local/lib/python3.12/site-packages/airflow/example_dags/example_branch_operator.py
[2024-09-15T08:19:44.623+0000] {processor.py:925} INFO - DAG(s) 'example_branch_operator' retrieved from /home/airflow/.local/lib/python3.12/site-packages/airflow/example_dags/example_branch_operator.py
[2024-09-15T08:19:44.700+0000] {logging_mixin.py:190} INFO - [2024-09-15T08:19:44.700+0000] {dag.py:3229} INFO - Sync 1 DAGs
[2024-09-15T08:19:44.762+0000] {logging_mixin.py:190} INFO - [2024-09-15T08:19:44.762+0000] {dag.py:4156} INFO - Setting next_dagrun for example_branch_operator to 2024-09-14 00:00:00+00:00, run_after=2024-09-15 00:00:00+00:00
[2024-09-15T08:19:45.173+0000] {processor.py:208} INFO - Processing /home/airflow/.local/lib/python3.12/site-packages/airflow/example_dags/example_branch_operator.py took 0.616 seconds
[2024-09-15T08:20:15.370+0000] {processor.py:186} INFO - Started process (PID=3336) to work on /home/airflow/.local/lib/python3.12/site-packages/airflow/example_dags/example_branch_operator.py
[2024-09-15T08:20:15.372+0000] {processor.py:914} INFO - Processing file /home/airflow/.local/lib/python3.12/site-packages/airflow/example_dags/example_branch_operator.py for tasks to queue
[2024-09-15T08:20:15.374+0000] {logging_mixin.py:190} INFO - [2024-09-15T08:20:15.374+0000] {dagbag.py:587} INFO - Filling up the DagBag from /home/airflow/.local/lib/python3.12/site-packages/airflow/example_dags/example_branch_operator.py
[2024-09-15T08:20:15.416+0000] {processor.py:925} INFO - DAG(s) 'example_branch_operator' retrieved from /home/airflow/.local/lib/python3.12/site-packages/airflow/example_dags/example_branch_operator.py
[2024-09-15T08:20:15.475+0000] {logging_mixin.py:190} INFO - [2024-09-15T08:20:15.475+0000] {dag.py:3229} INFO - Sync 1 DAGs
[2024-09-15T08:20:15.528+0000] {logging_mixin.py:190} INFO - [2024-09-15T08:20:15.528+0000] {dag.py:4156} INFO - Setting next_dagrun for example_branch_operator to 2024-09-14 00:00:00+00:00, run_after=2024-09-15 00:00:00+00:00
[2024-09-15T08:20:15.563+0000] {processor.py:208} INFO - Processing /home/airflow/.local/lib/python3.12/site-packages/airflow/example_dags/example_branch_operator.py took 0.203 seconds
[2024-09-15T08:21:50.369+0000] {processor.py:186} INFO - Started process (PID=3398) to work on /home/airflow/.local/lib/python3.12/site-packages/airflow/example_dags/example_branch_operator.py
[2024-09-15T08:21:50.371+0000] {processor.py:914} INFO - Processing file /home/airflow/.local/lib/python3.12/site-packages/airflow/example_dags/example_branch_operator.py for tasks to queue
[2024-09-15T08:21:50.373+0000] {logging_mixin.py:190} INFO - [2024-09-15T08:21:50.373+0000] {dagbag.py:587} INFO - Filling up the DagBag from /home/airflow/.local/lib/python3.12/site-packages/airflow/example_dags/example_branch_operator.py
[2024-09-15T08:21:50.411+0000] {processor.py:925} INFO - DAG(s) 'example_branch_operator' retrieved from /home/airflow/.local/lib/python3.12/site-packages/airflow/example_dags/example_branch_operator.py
[2024-09-15T08:21:50.476+0000] {logging_mixin.py:190} INFO - [2024-09-15T08:21:50.476+0000] {dag.py:3229} INFO - Sync 1 DAGs
[2024-09-15T08:21:50.523+0000] {logging_mixin.py:190} INFO - [2024-09-15T08:21:50.523+0000] {dag.py:4156} INFO - Setting next_dagrun for example_branch_operator to 2024-09-14 00:00:00+00:00, run_after=2024-09-15 00:00:00+00:00
[2024-09-15T08:21:50.568+0000] {processor.py:208} INFO - Processing /home/airflow/.local/lib/python3.12/site-packages/airflow/example_dags/example_branch_operator.py took 0.211 seconds
[2024-09-15T08:22:25.542+0000] {processor.py:186} INFO - Started process (PID=3460) to work on /home/airflow/.local/lib/python3.12/site-packages/airflow/example_dags/example_branch_operator.py
[2024-09-15T08:22:25.544+0000] {processor.py:914} INFO - Processing file /home/airflow/.local/lib/python3.12/site-packages/airflow/example_dags/example_branch_operator.py for tasks to queue
[2024-09-15T08:22:25.548+0000] {logging_mixin.py:190} INFO - [2024-09-15T08:22:25.547+0000] {dagbag.py:587} INFO - Filling up the DagBag from /home/airflow/.local/lib/python3.12/site-packages/airflow/example_dags/example_branch_operator.py
[2024-09-15T08:22:25.607+0000] {processor.py:925} INFO - DAG(s) 'example_branch_operator' retrieved from /home/airflow/.local/lib/python3.12/site-packages/airflow/example_dags/example_branch_operator.py
[2024-09-15T08:22:25.708+0000] {logging_mixin.py:190} INFO - [2024-09-15T08:22:25.707+0000] {dag.py:3229} INFO - Sync 1 DAGs
[2024-09-15T08:22:25.788+0000] {logging_mixin.py:190} INFO - [2024-09-15T08:22:25.787+0000] {dag.py:4156} INFO - Setting next_dagrun for example_branch_operator to 2024-09-14 00:00:00+00:00, run_after=2024-09-15 00:00:00+00:00
[2024-09-15T08:22:25.846+0000] {processor.py:208} INFO - Processing /home/airflow/.local/lib/python3.12/site-packages/airflow/example_dags/example_branch_operator.py took 0.320 seconds
[2024-09-15T08:22:56.247+0000] {processor.py:186} INFO - Started process (PID=3521) to work on /home/airflow/.local/lib/python3.12/site-packages/airflow/example_dags/example_branch_operator.py
[2024-09-15T08:22:56.250+0000] {processor.py:914} INFO - Processing file /home/airflow/.local/lib/python3.12/site-packages/airflow/example_dags/example_branch_operator.py for tasks to queue
[2024-09-15T08:22:56.252+0000] {logging_mixin.py:190} INFO - [2024-09-15T08:22:56.252+0000] {dagbag.py:587} INFO - Filling up the DagBag from /home/airflow/.local/lib/python3.12/site-packages/airflow/example_dags/example_branch_operator.py
[2024-09-15T08:22:56.289+0000] {processor.py:925} INFO - DAG(s) 'example_branch_operator' retrieved from /home/airflow/.local/lib/python3.12/site-packages/airflow/example_dags/example_branch_operator.py
[2024-09-15T08:22:56.368+0000] {logging_mixin.py:190} INFO - [2024-09-15T08:22:56.367+0000] {dag.py:3229} INFO - Sync 1 DAGs
[2024-09-15T08:22:56.725+0000] {logging_mixin.py:190} INFO - [2024-09-15T08:22:56.724+0000] {dag.py:4156} INFO - Setting next_dagrun for example_branch_operator to 2024-09-14 00:00:00+00:00, run_after=2024-09-15 00:00:00+00:00
[2024-09-15T08:22:56.763+0000] {processor.py:208} INFO - Processing /home/airflow/.local/lib/python3.12/site-packages/airflow/example_dags/example_branch_operator.py took 0.526 seconds
[2024-09-15T08:23:27.373+0000] {processor.py:186} INFO - Started process (PID=3582) to work on /home/airflow/.local/lib/python3.12/site-packages/airflow/example_dags/example_branch_operator.py
[2024-09-15T08:23:27.375+0000] {processor.py:914} INFO - Processing file /home/airflow/.local/lib/python3.12/site-packages/airflow/example_dags/example_branch_operator.py for tasks to queue
[2024-09-15T08:23:27.378+0000] {logging_mixin.py:190} INFO - [2024-09-15T08:23:27.377+0000] {dagbag.py:587} INFO - Filling up the DagBag from /home/airflow/.local/lib/python3.12/site-packages/airflow/example_dags/example_branch_operator.py
[2024-09-15T08:23:27.416+0000] {processor.py:925} INFO - DAG(s) 'example_branch_operator' retrieved from /home/airflow/.local/lib/python3.12/site-packages/airflow/example_dags/example_branch_operator.py
[2024-09-15T08:23:27.473+0000] {logging_mixin.py:190} INFO - [2024-09-15T08:23:27.472+0000] {dag.py:3229} INFO - Sync 1 DAGs
[2024-09-15T08:23:27.528+0000] {logging_mixin.py:190} INFO - [2024-09-15T08:23:27.527+0000] {dag.py:4156} INFO - Setting next_dagrun for example_branch_operator to 2024-09-14 00:00:00+00:00, run_after=2024-09-15 00:00:00+00:00
[2024-09-15T08:23:27.568+0000] {processor.py:208} INFO - Processing /home/airflow/.local/lib/python3.12/site-packages/airflow/example_dags/example_branch_operator.py took 0.206 seconds
[2024-09-15T08:23:58.187+0000] {processor.py:186} INFO - Started process (PID=3644) to work on /home/airflow/.local/lib/python3.12/site-packages/airflow/example_dags/example_branch_operator.py
[2024-09-15T08:23:58.190+0000] {processor.py:914} INFO - Processing file /home/airflow/.local/lib/python3.12/site-packages/airflow/example_dags/example_branch_operator.py for tasks to queue
[2024-09-15T08:23:58.193+0000] {logging_mixin.py:190} INFO - [2024-09-15T08:23:58.192+0000] {dagbag.py:587} INFO - Filling up the DagBag from /home/airflow/.local/lib/python3.12/site-packages/airflow/example_dags/example_branch_operator.py
[2024-09-15T08:23:58.242+0000] {processor.py:925} INFO - DAG(s) 'example_branch_operator' retrieved from /home/airflow/.local/lib/python3.12/site-packages/airflow/example_dags/example_branch_operator.py
[2024-09-15T08:23:58.313+0000] {logging_mixin.py:190} INFO - [2024-09-15T08:23:58.312+0000] {dag.py:3229} INFO - Sync 1 DAGs
[2024-09-15T08:23:58.408+0000] {logging_mixin.py:190} INFO - [2024-09-15T08:23:58.407+0000] {dag.py:4156} INFO - Setting next_dagrun for example_branch_operator to 2024-09-14 00:00:00+00:00, run_after=2024-09-15 00:00:00+00:00
[2024-09-15T08:23:58.465+0000] {processor.py:208} INFO - Processing /home/airflow/.local/lib/python3.12/site-packages/airflow/example_dags/example_branch_operator.py took 0.294 seconds
[2024-09-15T08:25:30.626+0000] {processor.py:186} INFO - Started process (PID=3716) to work on /home/airflow/.local/lib/python3.12/site-packages/airflow/example_dags/example_branch_operator.py
[2024-09-15T08:25:30.628+0000] {processor.py:914} INFO - Processing file /home/airflow/.local/lib/python3.12/site-packages/airflow/example_dags/example_branch_operator.py for tasks to queue
[2024-09-15T08:25:30.631+0000] {logging_mixin.py:190} INFO - [2024-09-15T08:25:30.630+0000] {dagbag.py:587} INFO - Filling up the DagBag from /home/airflow/.local/lib/python3.12/site-packages/airflow/example_dags/example_branch_operator.py
[2024-09-15T08:25:30.689+0000] {processor.py:925} INFO - DAG(s) 'example_branch_operator' retrieved from /home/airflow/.local/lib/python3.12/site-packages/airflow/example_dags/example_branch_operator.py
[2024-09-15T08:25:30.759+0000] {logging_mixin.py:190} INFO - [2024-09-15T08:25:30.759+0000] {dag.py:3229} INFO - Sync 1 DAGs
[2024-09-15T08:25:30.818+0000] {logging_mixin.py:190} INFO - [2024-09-15T08:25:30.817+0000] {dag.py:4156} INFO - Setting next_dagrun for example_branch_operator to 2024-09-14 00:00:00+00:00, run_after=2024-09-15 00:00:00+00:00
[2024-09-15T08:25:30.858+0000] {processor.py:208} INFO - Processing /home/airflow/.local/lib/python3.12/site-packages/airflow/example_dags/example_branch_operator.py took 0.248 seconds
[2024-09-15T08:26:01.867+0000] {processor.py:186} INFO - Started process (PID=3778) to work on /home/airflow/.local/lib/python3.12/site-packages/airflow/example_dags/example_branch_operator.py
[2024-09-15T08:26:01.870+0000] {processor.py:914} INFO - Processing file /home/airflow/.local/lib/python3.12/site-packages/airflow/example_dags/example_branch_operator.py for tasks to queue
[2024-09-15T08:26:01.873+0000] {logging_mixin.py:190} INFO - [2024-09-15T08:26:01.872+0000] {dagbag.py:587} INFO - Filling up the DagBag from /home/airflow/.local/lib/python3.12/site-packages/airflow/example_dags/example_branch_operator.py
[2024-09-15T08:26:01.923+0000] {processor.py:925} INFO - DAG(s) 'example_branch_operator' retrieved from /home/airflow/.local/lib/python3.12/site-packages/airflow/example_dags/example_branch_operator.py
[2024-09-15T08:26:02.004+0000] {logging_mixin.py:190} INFO - [2024-09-15T08:26:02.003+0000] {dag.py:3229} INFO - Sync 1 DAGs
[2024-09-15T08:26:02.079+0000] {logging_mixin.py:190} INFO - [2024-09-15T08:26:02.078+0000] {dag.py:4156} INFO - Setting next_dagrun for example_branch_operator to 2024-09-14 00:00:00+00:00, run_after=2024-09-15 00:00:00+00:00
[2024-09-15T08:26:02.126+0000] {processor.py:208} INFO - Processing /home/airflow/.local/lib/python3.12/site-packages/airflow/example_dags/example_branch_operator.py took 0.274 seconds
[2024-09-15T08:26:32.594+0000] {processor.py:186} INFO - Started process (PID=3840) to work on /home/airflow/.local/lib/python3.12/site-packages/airflow/example_dags/example_branch_operator.py
[2024-09-15T08:26:32.596+0000] {processor.py:914} INFO - Processing file /home/airflow/.local/lib/python3.12/site-packages/airflow/example_dags/example_branch_operator.py for tasks to queue
[2024-09-15T08:26:32.599+0000] {logging_mixin.py:190} INFO - [2024-09-15T08:26:32.598+0000] {dagbag.py:587} INFO - Filling up the DagBag from /home/airflow/.local/lib/python3.12/site-packages/airflow/example_dags/example_branch_operator.py
[2024-09-15T08:26:32.636+0000] {processor.py:925} INFO - DAG(s) 'example_branch_operator' retrieved from /home/airflow/.local/lib/python3.12/site-packages/airflow/example_dags/example_branch_operator.py
[2024-09-15T08:26:32.699+0000] {logging_mixin.py:190} INFO - [2024-09-15T08:26:32.699+0000] {dag.py:3229} INFO - Sync 1 DAGs
[2024-09-15T08:26:32.755+0000] {logging_mixin.py:190} INFO - [2024-09-15T08:26:32.754+0000] {dag.py:4156} INFO - Setting next_dagrun for example_branch_operator to 2024-09-14 00:00:00+00:00, run_after=2024-09-15 00:00:00+00:00
[2024-09-15T08:26:32.795+0000] {processor.py:208} INFO - Processing /home/airflow/.local/lib/python3.12/site-packages/airflow/example_dags/example_branch_operator.py took 0.214 seconds
[2024-09-15T08:27:03.032+0000] {processor.py:186} INFO - Started process (PID=3902) to work on /home/airflow/.local/lib/python3.12/site-packages/airflow/example_dags/example_branch_operator.py
[2024-09-15T08:27:03.034+0000] {processor.py:914} INFO - Processing file /home/airflow/.local/lib/python3.12/site-packages/airflow/example_dags/example_branch_operator.py for tasks to queue
[2024-09-15T08:27:03.037+0000] {logging_mixin.py:190} INFO - [2024-09-15T08:27:03.036+0000] {dagbag.py:587} INFO - Filling up the DagBag from /home/airflow/.local/lib/python3.12/site-packages/airflow/example_dags/example_branch_operator.py
[2024-09-15T08:27:03.077+0000] {processor.py:925} INFO - DAG(s) 'example_branch_operator' retrieved from /home/airflow/.local/lib/python3.12/site-packages/airflow/example_dags/example_branch_operator.py
[2024-09-15T08:27:03.140+0000] {logging_mixin.py:190} INFO - [2024-09-15T08:27:03.139+0000] {dag.py:3229} INFO - Sync 1 DAGs
[2024-09-15T08:27:03.193+0000] {logging_mixin.py:190} INFO - [2024-09-15T08:27:03.193+0000] {dag.py:4156} INFO - Setting next_dagrun for example_branch_operator to 2024-09-14 00:00:00+00:00, run_after=2024-09-15 00:00:00+00:00
[2024-09-15T08:27:03.232+0000] {processor.py:208} INFO - Processing /home/airflow/.local/lib/python3.12/site-packages/airflow/example_dags/example_branch_operator.py took 0.211 seconds
[2024-09-15T08:27:33.515+0000] {processor.py:186} INFO - Started process (PID=3964) to work on /home/airflow/.local/lib/python3.12/site-packages/airflow/example_dags/example_branch_operator.py
[2024-09-15T08:27:33.517+0000] {processor.py:914} INFO - Processing file /home/airflow/.local/lib/python3.12/site-packages/airflow/example_dags/example_branch_operator.py for tasks to queue
[2024-09-15T08:27:33.519+0000] {logging_mixin.py:190} INFO - [2024-09-15T08:27:33.518+0000] {dagbag.py:587} INFO - Filling up the DagBag from /home/airflow/.local/lib/python3.12/site-packages/airflow/example_dags/example_branch_operator.py
[2024-09-15T08:27:33.567+0000] {processor.py:925} INFO - DAG(s) 'example_branch_operator' retrieved from /home/airflow/.local/lib/python3.12/site-packages/airflow/example_dags/example_branch_operator.py
[2024-09-15T08:27:33.640+0000] {logging_mixin.py:190} INFO - [2024-09-15T08:27:33.639+0000] {dag.py:3229} INFO - Sync 1 DAGs
[2024-09-15T08:27:33.695+0000] {logging_mixin.py:190} INFO - [2024-09-15T08:27:33.694+0000] {dag.py:4156} INFO - Setting next_dagrun for example_branch_operator to 2024-09-14 00:00:00+00:00, run_after=2024-09-15 00:00:00+00:00
[2024-09-15T08:27:33.744+0000] {processor.py:208} INFO - Processing /home/airflow/.local/lib/python3.12/site-packages/airflow/example_dags/example_branch_operator.py took 0.244 seconds
[2024-09-15T08:28:04.540+0000] {processor.py:186} INFO - Started process (PID=4026) to work on /home/airflow/.local/lib/python3.12/site-packages/airflow/example_dags/example_branch_operator.py
[2024-09-15T08:28:04.542+0000] {processor.py:914} INFO - Processing file /home/airflow/.local/lib/python3.12/site-packages/airflow/example_dags/example_branch_operator.py for tasks to queue
[2024-09-15T08:28:04.545+0000] {logging_mixin.py:190} INFO - [2024-09-15T08:28:04.544+0000] {dagbag.py:587} INFO - Filling up the DagBag from /home/airflow/.local/lib/python3.12/site-packages/airflow/example_dags/example_branch_operator.py
[2024-09-15T08:28:04.585+0000] {processor.py:925} INFO - DAG(s) 'example_branch_operator' retrieved from /home/airflow/.local/lib/python3.12/site-packages/airflow/example_dags/example_branch_operator.py
[2024-09-15T08:28:04.659+0000] {logging_mixin.py:190} INFO - [2024-09-15T08:28:04.659+0000] {dag.py:3229} INFO - Sync 1 DAGs
[2024-09-15T08:28:04.712+0000] {logging_mixin.py:190} INFO - [2024-09-15T08:28:04.712+0000] {dag.py:4156} INFO - Setting next_dagrun for example_branch_operator to 2024-09-14 00:00:00+00:00, run_after=2024-09-15 00:00:00+00:00
[2024-09-15T08:28:04.751+0000] {processor.py:208} INFO - Processing /home/airflow/.local/lib/python3.12/site-packages/airflow/example_dags/example_branch_operator.py took 0.223 seconds
[2024-09-15T08:31:09.600+0000] {processor.py:186} INFO - Started process (PID=4110) to work on /home/airflow/.local/lib/python3.12/site-packages/airflow/example_dags/example_branch_operator.py
[2024-09-15T08:31:09.623+0000] {processor.py:914} INFO - Processing file /home/airflow/.local/lib/python3.12/site-packages/airflow/example_dags/example_branch_operator.py for tasks to queue
[2024-09-15T08:31:09.631+0000] {logging_mixin.py:190} INFO - [2024-09-15T08:31:09.630+0000] {dagbag.py:587} INFO - Filling up the DagBag from /home/airflow/.local/lib/python3.12/site-packages/airflow/example_dags/example_branch_operator.py
[2024-09-15T08:31:09.708+0000] {processor.py:925} INFO - DAG(s) 'example_branch_operator' retrieved from /home/airflow/.local/lib/python3.12/site-packages/airflow/example_dags/example_branch_operator.py
[2024-09-15T08:31:09.792+0000] {logging_mixin.py:190} INFO - [2024-09-15T08:31:09.792+0000] {dag.py:3229} INFO - Sync 1 DAGs
[2024-09-15T08:31:09.872+0000] {logging_mixin.py:190} INFO - [2024-09-15T08:31:09.871+0000] {dag.py:4156} INFO - Setting next_dagrun for example_branch_operator to 2024-09-14 00:00:00+00:00, run_after=2024-09-15 00:00:00+00:00
[2024-09-15T08:31:09.926+0000] {processor.py:208} INFO - Processing /home/airflow/.local/lib/python3.12/site-packages/airflow/example_dags/example_branch_operator.py took 0.351 seconds
[2024-09-15T08:31:40.663+0000] {processor.py:186} INFO - Started process (PID=4172) to work on /home/airflow/.local/lib/python3.12/site-packages/airflow/example_dags/example_branch_operator.py
[2024-09-15T08:31:40.673+0000] {processor.py:914} INFO - Processing file /home/airflow/.local/lib/python3.12/site-packages/airflow/example_dags/example_branch_operator.py for tasks to queue
[2024-09-15T08:31:40.689+0000] {logging_mixin.py:190} INFO - [2024-09-15T08:31:40.688+0000] {dagbag.py:587} INFO - Filling up the DagBag from /home/airflow/.local/lib/python3.12/site-packages/airflow/example_dags/example_branch_operator.py
[2024-09-15T08:31:40.845+0000] {processor.py:925} INFO - DAG(s) 'example_branch_operator' retrieved from /home/airflow/.local/lib/python3.12/site-packages/airflow/example_dags/example_branch_operator.py
[2024-09-15T08:31:41.067+0000] {logging_mixin.py:190} INFO - [2024-09-15T08:31:41.067+0000] {dag.py:3229} INFO - Sync 1 DAGs
[2024-09-15T08:31:41.224+0000] {logging_mixin.py:190} INFO - [2024-09-15T08:31:41.223+0000] {dag.py:4156} INFO - Setting next_dagrun for example_branch_operator to 2024-09-14 00:00:00+00:00, run_after=2024-09-15 00:00:00+00:00
[2024-09-15T08:31:41.343+0000] {processor.py:208} INFO - Processing /home/airflow/.local/lib/python3.12/site-packages/airflow/example_dags/example_branch_operator.py took 0.713 seconds
[2024-09-15T08:32:11.836+0000] {processor.py:186} INFO - Started process (PID=4235) to work on /home/airflow/.local/lib/python3.12/site-packages/airflow/example_dags/example_branch_operator.py
[2024-09-15T08:32:11.838+0000] {processor.py:914} INFO - Processing file /home/airflow/.local/lib/python3.12/site-packages/airflow/example_dags/example_branch_operator.py for tasks to queue
[2024-09-15T08:32:11.841+0000] {logging_mixin.py:190} INFO - [2024-09-15T08:32:11.841+0000] {dagbag.py:587} INFO - Filling up the DagBag from /home/airflow/.local/lib/python3.12/site-packages/airflow/example_dags/example_branch_operator.py
[2024-09-15T08:32:11.933+0000] {processor.py:925} INFO - DAG(s) 'example_branch_operator' retrieved from /home/airflow/.local/lib/python3.12/site-packages/airflow/example_dags/example_branch_operator.py
[2024-09-15T08:32:12.020+0000] {logging_mixin.py:190} INFO - [2024-09-15T08:32:12.019+0000] {dag.py:3229} INFO - Sync 1 DAGs
[2024-09-15T08:32:12.105+0000] {logging_mixin.py:190} INFO - [2024-09-15T08:32:12.105+0000] {dag.py:4156} INFO - Setting next_dagrun for example_branch_operator to 2024-09-14 00:00:00+00:00, run_after=2024-09-15 00:00:00+00:00
[2024-09-15T08:32:12.185+0000] {processor.py:208} INFO - Processing /home/airflow/.local/lib/python3.12/site-packages/airflow/example_dags/example_branch_operator.py took 0.364 seconds
[2024-09-15T08:32:42.427+0000] {processor.py:186} INFO - Started process (PID=4298) to work on /home/airflow/.local/lib/python3.12/site-packages/airflow/example_dags/example_branch_operator.py
[2024-09-15T08:32:42.430+0000] {processor.py:914} INFO - Processing file /home/airflow/.local/lib/python3.12/site-packages/airflow/example_dags/example_branch_operator.py for tasks to queue
[2024-09-15T08:32:42.436+0000] {logging_mixin.py:190} INFO - [2024-09-15T08:32:42.434+0000] {dagbag.py:587} INFO - Filling up the DagBag from /home/airflow/.local/lib/python3.12/site-packages/airflow/example_dags/example_branch_operator.py
[2024-09-15T08:32:42.487+0000] {processor.py:925} INFO - DAG(s) 'example_branch_operator' retrieved from /home/airflow/.local/lib/python3.12/site-packages/airflow/example_dags/example_branch_operator.py
[2024-09-15T08:32:42.577+0000] {logging_mixin.py:190} INFO - [2024-09-15T08:32:42.576+0000] {dag.py:3229} INFO - Sync 1 DAGs
[2024-09-15T08:32:42.668+0000] {logging_mixin.py:190} INFO - [2024-09-15T08:32:42.667+0000] {dag.py:4156} INFO - Setting next_dagrun for example_branch_operator to 2024-09-14 00:00:00+00:00, run_after=2024-09-15 00:00:00+00:00
[2024-09-15T08:32:42.724+0000] {processor.py:208} INFO - Processing /home/airflow/.local/lib/python3.12/site-packages/airflow/example_dags/example_branch_operator.py took 0.313 seconds
