[2024-09-15T06:52:32.327+0000] {processor.py:186} INFO - Started process (PID=73) to work on /home/airflow/.local/lib/python3.12/site-packages/airflow/example_dags/example_xcomargs.py
[2024-09-15T06:52:32.330+0000] {processor.py:914} INFO - Processing file /home/airflow/.local/lib/python3.12/site-packages/airflow/example_dags/example_xcomargs.py for tasks to queue
[2024-09-15T06:52:32.418+0000] {logging_mixin.py:190} INFO - [2024-09-15T06:52:32.417+0000] {dagbag.py:587} INFO - Filling up the DagBag from /home/airflow/.local/lib/python3.12/site-packages/airflow/example_dags/example_xcomargs.py
[2024-09-15T06:52:32.978+0000] {processor.py:925} INFO - DAG(s) 'example_xcom_args', 'example_xcom_args_with_operators' retrieved from /home/airflow/.local/lib/python3.12/site-packages/airflow/example_dags/example_xcomargs.py
[2024-09-15T06:52:37.294+0000] {logging_mixin.py:190} INFO - [2024-09-15T06:52:37.291+0000] {override.py:1900} INFO - Created Permission View: can delete on DAG:example_xcom_args
[2024-09-15T06:52:37.454+0000] {logging_mixin.py:190} INFO - [2024-09-15T06:52:37.453+0000] {override.py:1900} INFO - Created Permission View: can edit on DAG:example_xcom_args
[2024-09-15T06:52:37.483+0000] {logging_mixin.py:190} INFO - [2024-09-15T06:52:37.482+0000] {override.py:1900} INFO - Created Permission View: can read on DAG:example_xcom_args
[2024-09-15T06:52:38.376+0000] {logging_mixin.py:190} INFO - [2024-09-15T06:52:38.375+0000] {override.py:1900} INFO - Created Permission View: can delete on DAG Run:example_xcom_args
[2024-09-15T06:52:38.412+0000] {logging_mixin.py:190} INFO - [2024-09-15T06:52:38.412+0000] {override.py:1900} INFO - Created Permission View: can create on DAG Run:example_xcom_args
[2024-09-15T06:52:38.522+0000] {logging_mixin.py:190} INFO - [2024-09-15T06:52:38.521+0000] {override.py:1900} INFO - Created Permission View: can read on DAG Run:example_xcom_args
[2024-09-15T06:52:38.587+0000] {logging_mixin.py:190} INFO - [2024-09-15T06:52:38.586+0000] {override.py:1900} INFO - Created Permission View: menu access on DAG Run:example_xcom_args
[2024-09-15T06:52:38.774+0000] {logging_mixin.py:190} INFO - [2024-09-15T06:52:38.774+0000] {override.py:1900} INFO - Created Permission View: can delete on DAG:example_xcom_args_with_operators
[2024-09-15T06:52:38.920+0000] {logging_mixin.py:190} INFO - [2024-09-15T06:52:38.920+0000] {override.py:1900} INFO - Created Permission View: can edit on DAG:example_xcom_args_with_operators
[2024-09-15T06:52:38.972+0000] {logging_mixin.py:190} INFO - [2024-09-15T06:52:38.972+0000] {override.py:1900} INFO - Created Permission View: can read on DAG:example_xcom_args_with_operators
[2024-09-15T06:52:39.045+0000] {logging_mixin.py:190} INFO - [2024-09-15T06:52:39.044+0000] {override.py:1900} INFO - Created Permission View: can delete on DAG Run:example_xcom_args_with_operators
[2024-09-15T06:52:39.099+0000] {logging_mixin.py:190} INFO - [2024-09-15T06:52:39.098+0000] {override.py:1900} INFO - Created Permission View: can create on DAG Run:example_xcom_args_with_operators
[2024-09-15T06:52:39.166+0000] {logging_mixin.py:190} INFO - [2024-09-15T06:52:39.165+0000] {override.py:1900} INFO - Created Permission View: can read on DAG Run:example_xcom_args_with_operators
[2024-09-15T06:52:39.248+0000] {logging_mixin.py:190} INFO - [2024-09-15T06:52:39.247+0000] {override.py:1900} INFO - Created Permission View: menu access on DAG Run:example_xcom_args_with_operators
[2024-09-15T06:52:39.250+0000] {logging_mixin.py:190} INFO - [2024-09-15T06:52:39.249+0000] {dag.py:3229} INFO - Sync 2 DAGs
[2024-09-15T06:52:39.361+0000] {logging_mixin.py:190} INFO - [2024-09-15T06:52:39.360+0000] {dag.py:3252} INFO - Creating ORM DAG for example_xcom_args
[2024-09-15T06:52:39.367+0000] {logging_mixin.py:190} INFO - [2024-09-15T06:52:39.366+0000] {dag.py:3252} INFO - Creating ORM DAG for example_xcom_args_with_operators
[2024-09-15T06:52:39.370+0000] {logging_mixin.py:190} INFO - [2024-09-15T06:52:39.369+0000] {dag.py:4156} INFO - Setting next_dagrun for example_xcom_args to None, run_after=None
[2024-09-15T06:52:39.377+0000] {logging_mixin.py:190} INFO - [2024-09-15T06:52:39.376+0000] {dag.py:4156} INFO - Setting next_dagrun for example_xcom_args_with_operators to None, run_after=None
[2024-09-15T06:52:39.621+0000] {processor.py:208} INFO - Processing /home/airflow/.local/lib/python3.12/site-packages/airflow/example_dags/example_xcomargs.py took 7.317 seconds
[2024-09-15T06:54:07.681+0000] {processor.py:186} INFO - Started process (PID=140) to work on /home/airflow/.local/lib/python3.12/site-packages/airflow/example_dags/example_xcomargs.py
[2024-09-15T06:54:07.683+0000] {processor.py:914} INFO - Processing file /home/airflow/.local/lib/python3.12/site-packages/airflow/example_dags/example_xcomargs.py for tasks to queue
[2024-09-15T06:54:07.689+0000] {logging_mixin.py:190} INFO - [2024-09-15T06:54:07.688+0000] {dagbag.py:587} INFO - Filling up the DagBag from /home/airflow/.local/lib/python3.12/site-packages/airflow/example_dags/example_xcomargs.py
[2024-09-15T06:54:07.715+0000] {processor.py:925} INFO - DAG(s) 'example_xcom_args', 'example_xcom_args_with_operators' retrieved from /home/airflow/.local/lib/python3.12/site-packages/airflow/example_dags/example_xcomargs.py
[2024-09-15T06:54:07.774+0000] {logging_mixin.py:190} INFO - [2024-09-15T06:54:07.773+0000] {dag.py:3229} INFO - Sync 2 DAGs
[2024-09-15T06:54:07.810+0000] {logging_mixin.py:190} INFO - [2024-09-15T06:54:07.809+0000] {dag.py:4156} INFO - Setting next_dagrun for example_xcom_args to None, run_after=None
[2024-09-15T06:54:07.819+0000] {logging_mixin.py:190} INFO - [2024-09-15T06:54:07.819+0000] {dag.py:4156} INFO - Setting next_dagrun for example_xcom_args_with_operators to None, run_after=None
[2024-09-15T06:54:07.877+0000] {processor.py:208} INFO - Processing /home/airflow/.local/lib/python3.12/site-packages/airflow/example_dags/example_xcomargs.py took 0.206 seconds
[2024-09-15T06:54:38.307+0000] {processor.py:186} INFO - Started process (PID=201) to work on /home/airflow/.local/lib/python3.12/site-packages/airflow/example_dags/example_xcomargs.py
[2024-09-15T06:54:38.310+0000] {processor.py:914} INFO - Processing file /home/airflow/.local/lib/python3.12/site-packages/airflow/example_dags/example_xcomargs.py for tasks to queue
[2024-09-15T06:54:38.318+0000] {logging_mixin.py:190} INFO - [2024-09-15T06:54:38.317+0000] {dagbag.py:587} INFO - Filling up the DagBag from /home/airflow/.local/lib/python3.12/site-packages/airflow/example_dags/example_xcomargs.py
[2024-09-15T06:54:38.368+0000] {processor.py:925} INFO - DAG(s) 'example_xcom_args_with_operators', 'example_xcom_args' retrieved from /home/airflow/.local/lib/python3.12/site-packages/airflow/example_dags/example_xcomargs.py
[2024-09-15T06:54:38.438+0000] {logging_mixin.py:190} INFO - [2024-09-15T06:54:38.438+0000] {dag.py:3229} INFO - Sync 2 DAGs
[2024-09-15T06:54:38.484+0000] {logging_mixin.py:190} INFO - [2024-09-15T06:54:38.483+0000] {dag.py:4156} INFO - Setting next_dagrun for example_xcom_args to None, run_after=None
[2024-09-15T06:54:38.495+0000] {logging_mixin.py:190} INFO - [2024-09-15T06:54:38.495+0000] {dag.py:4156} INFO - Setting next_dagrun for example_xcom_args_with_operators to None, run_after=None
[2024-09-15T06:54:38.534+0000] {processor.py:208} INFO - Processing /home/airflow/.local/lib/python3.12/site-packages/airflow/example_dags/example_xcomargs.py took 0.240 seconds
[2024-09-15T06:55:11.073+0000] {processor.py:186} INFO - Started process (PID=263) to work on /home/airflow/.local/lib/python3.12/site-packages/airflow/example_dags/example_xcomargs.py
[2024-09-15T06:55:11.075+0000] {processor.py:914} INFO - Processing file /home/airflow/.local/lib/python3.12/site-packages/airflow/example_dags/example_xcomargs.py for tasks to queue
[2024-09-15T06:55:11.081+0000] {logging_mixin.py:190} INFO - [2024-09-15T06:55:11.080+0000] {dagbag.py:587} INFO - Filling up the DagBag from /home/airflow/.local/lib/python3.12/site-packages/airflow/example_dags/example_xcomargs.py
[2024-09-15T06:55:11.134+0000] {processor.py:925} INFO - DAG(s) 'example_xcom_args', 'example_xcom_args_with_operators' retrieved from /home/airflow/.local/lib/python3.12/site-packages/airflow/example_dags/example_xcomargs.py
[2024-09-15T06:55:11.218+0000] {logging_mixin.py:190} INFO - [2024-09-15T06:55:11.218+0000] {dag.py:3229} INFO - Sync 2 DAGs
[2024-09-15T06:55:11.265+0000] {logging_mixin.py:190} INFO - [2024-09-15T06:55:11.264+0000] {dag.py:4156} INFO - Setting next_dagrun for example_xcom_args to None, run_after=None
[2024-09-15T06:55:11.273+0000] {logging_mixin.py:190} INFO - [2024-09-15T06:55:11.272+0000] {dag.py:4156} INFO - Setting next_dagrun for example_xcom_args_with_operators to None, run_after=None
[2024-09-15T06:55:11.352+0000] {processor.py:208} INFO - Processing /home/airflow/.local/lib/python3.12/site-packages/airflow/example_dags/example_xcomargs.py took 0.295 seconds
[2024-09-15T06:57:45.722+0000] {processor.py:186} INFO - Started process (PID=308) to work on /home/airflow/.local/lib/python3.12/site-packages/airflow/example_dags/example_xcomargs.py
[2024-09-15T06:57:45.725+0000] {processor.py:914} INFO - Processing file /home/airflow/.local/lib/python3.12/site-packages/airflow/example_dags/example_xcomargs.py for tasks to queue
[2024-09-15T06:57:45.732+0000] {logging_mixin.py:190} INFO - [2024-09-15T06:57:45.731+0000] {dagbag.py:587} INFO - Filling up the DagBag from /home/airflow/.local/lib/python3.12/site-packages/airflow/example_dags/example_xcomargs.py
[2024-09-15T06:57:45.806+0000] {processor.py:925} INFO - DAG(s) 'example_xcom_args', 'example_xcom_args_with_operators' retrieved from /home/airflow/.local/lib/python3.12/site-packages/airflow/example_dags/example_xcomargs.py
[2024-09-15T06:57:45.919+0000] {logging_mixin.py:190} INFO - [2024-09-15T06:57:45.918+0000] {dag.py:3229} INFO - Sync 2 DAGs
[2024-09-15T06:57:46.012+0000] {logging_mixin.py:190} INFO - [2024-09-15T06:57:46.011+0000] {dag.py:4156} INFO - Setting next_dagrun for example_xcom_args to None, run_after=None
[2024-09-15T06:57:46.034+0000] {logging_mixin.py:190} INFO - [2024-09-15T06:57:46.033+0000] {dag.py:4156} INFO - Setting next_dagrun for example_xcom_args_with_operators to None, run_after=None
[2024-09-15T06:57:46.130+0000] {processor.py:208} INFO - Processing /home/airflow/.local/lib/python3.12/site-packages/airflow/example_dags/example_xcomargs.py took 0.438 seconds
[2024-09-15T06:58:16.801+0000] {processor.py:186} INFO - Started process (PID=370) to work on /home/airflow/.local/lib/python3.12/site-packages/airflow/example_dags/example_xcomargs.py
[2024-09-15T06:58:16.803+0000] {processor.py:914} INFO - Processing file /home/airflow/.local/lib/python3.12/site-packages/airflow/example_dags/example_xcomargs.py for tasks to queue
[2024-09-15T06:58:16.807+0000] {logging_mixin.py:190} INFO - [2024-09-15T06:58:16.806+0000] {dagbag.py:587} INFO - Filling up the DagBag from /home/airflow/.local/lib/python3.12/site-packages/airflow/example_dags/example_xcomargs.py
[2024-09-15T06:58:16.830+0000] {processor.py:925} INFO - DAG(s) 'example_xcom_args_with_operators', 'example_xcom_args' retrieved from /home/airflow/.local/lib/python3.12/site-packages/airflow/example_dags/example_xcomargs.py
[2024-09-15T06:58:16.891+0000] {logging_mixin.py:190} INFO - [2024-09-15T06:58:16.891+0000] {dag.py:3229} INFO - Sync 2 DAGs
[2024-09-15T06:58:16.941+0000] {logging_mixin.py:190} INFO - [2024-09-15T06:58:16.941+0000] {dag.py:4156} INFO - Setting next_dagrun for example_xcom_args to None, run_after=None
[2024-09-15T06:58:16.952+0000] {logging_mixin.py:190} INFO - [2024-09-15T06:58:16.951+0000] {dag.py:4156} INFO - Setting next_dagrun for example_xcom_args_with_operators to None, run_after=None
[2024-09-15T06:58:16.995+0000] {processor.py:208} INFO - Processing /home/airflow/.local/lib/python3.12/site-packages/airflow/example_dags/example_xcomargs.py took 0.208 seconds
[2024-09-15T06:58:47.524+0000] {processor.py:186} INFO - Started process (PID=432) to work on /home/airflow/.local/lib/python3.12/site-packages/airflow/example_dags/example_xcomargs.py
[2024-09-15T06:58:47.526+0000] {processor.py:914} INFO - Processing file /home/airflow/.local/lib/python3.12/site-packages/airflow/example_dags/example_xcomargs.py for tasks to queue
[2024-09-15T06:58:47.528+0000] {logging_mixin.py:190} INFO - [2024-09-15T06:58:47.528+0000] {dagbag.py:587} INFO - Filling up the DagBag from /home/airflow/.local/lib/python3.12/site-packages/airflow/example_dags/example_xcomargs.py
[2024-09-15T06:58:47.546+0000] {processor.py:925} INFO - DAG(s) 'example_xcom_args', 'example_xcom_args_with_operators' retrieved from /home/airflow/.local/lib/python3.12/site-packages/airflow/example_dags/example_xcomargs.py
[2024-09-15T06:58:47.591+0000] {logging_mixin.py:190} INFO - [2024-09-15T06:58:47.591+0000] {dag.py:3229} INFO - Sync 2 DAGs
[2024-09-15T06:58:47.628+0000] {logging_mixin.py:190} INFO - [2024-09-15T06:58:47.628+0000] {dag.py:4156} INFO - Setting next_dagrun for example_xcom_args to None, run_after=None
[2024-09-15T06:58:47.638+0000] {logging_mixin.py:190} INFO - [2024-09-15T06:58:47.637+0000] {dag.py:4156} INFO - Setting next_dagrun for example_xcom_args_with_operators to None, run_after=None
[2024-09-15T06:58:47.676+0000] {processor.py:208} INFO - Processing /home/airflow/.local/lib/python3.12/site-packages/airflow/example_dags/example_xcomargs.py took 0.165 seconds
[2024-09-15T06:59:18.082+0000] {processor.py:186} INFO - Started process (PID=494) to work on /home/airflow/.local/lib/python3.12/site-packages/airflow/example_dags/example_xcomargs.py
[2024-09-15T06:59:18.085+0000] {processor.py:914} INFO - Processing file /home/airflow/.local/lib/python3.12/site-packages/airflow/example_dags/example_xcomargs.py for tasks to queue
[2024-09-15T06:59:18.089+0000] {logging_mixin.py:190} INFO - [2024-09-15T06:59:18.088+0000] {dagbag.py:587} INFO - Filling up the DagBag from /home/airflow/.local/lib/python3.12/site-packages/airflow/example_dags/example_xcomargs.py
[2024-09-15T06:59:18.116+0000] {processor.py:925} INFO - DAG(s) 'example_xcom_args', 'example_xcom_args_with_operators' retrieved from /home/airflow/.local/lib/python3.12/site-packages/airflow/example_dags/example_xcomargs.py
[2024-09-15T06:59:18.171+0000] {logging_mixin.py:190} INFO - [2024-09-15T06:59:18.171+0000] {dag.py:3229} INFO - Sync 2 DAGs
[2024-09-15T06:59:18.214+0000] {logging_mixin.py:190} INFO - [2024-09-15T06:59:18.214+0000] {dag.py:4156} INFO - Setting next_dagrun for example_xcom_args to None, run_after=None
[2024-09-15T06:59:18.225+0000] {logging_mixin.py:190} INFO - [2024-09-15T06:59:18.225+0000] {dag.py:4156} INFO - Setting next_dagrun for example_xcom_args_with_operators to None, run_after=None
[2024-09-15T06:59:18.262+0000] {processor.py:208} INFO - Processing /home/airflow/.local/lib/python3.12/site-packages/airflow/example_dags/example_xcomargs.py took 0.195 seconds
[2024-09-15T06:59:48.522+0000] {processor.py:186} INFO - Started process (PID=555) to work on /home/airflow/.local/lib/python3.12/site-packages/airflow/example_dags/example_xcomargs.py
[2024-09-15T06:59:48.524+0000] {processor.py:914} INFO - Processing file /home/airflow/.local/lib/python3.12/site-packages/airflow/example_dags/example_xcomargs.py for tasks to queue
[2024-09-15T06:59:48.526+0000] {logging_mixin.py:190} INFO - [2024-09-15T06:59:48.525+0000] {dagbag.py:587} INFO - Filling up the DagBag from /home/airflow/.local/lib/python3.12/site-packages/airflow/example_dags/example_xcomargs.py
[2024-09-15T06:59:48.542+0000] {processor.py:925} INFO - DAG(s) 'example_xcom_args_with_operators', 'example_xcom_args' retrieved from /home/airflow/.local/lib/python3.12/site-packages/airflow/example_dags/example_xcomargs.py
[2024-09-15T06:59:48.582+0000] {logging_mixin.py:190} INFO - [2024-09-15T06:59:48.581+0000] {dag.py:3229} INFO - Sync 2 DAGs
[2024-09-15T06:59:48.613+0000] {logging_mixin.py:190} INFO - [2024-09-15T06:59:48.613+0000] {dag.py:4156} INFO - Setting next_dagrun for example_xcom_args to None, run_after=None
[2024-09-15T06:59:48.622+0000] {logging_mixin.py:190} INFO - [2024-09-15T06:59:48.621+0000] {dag.py:4156} INFO - Setting next_dagrun for example_xcom_args_with_operators to None, run_after=None
[2024-09-15T06:59:48.653+0000] {processor.py:208} INFO - Processing /home/airflow/.local/lib/python3.12/site-packages/airflow/example_dags/example_xcomargs.py took 0.141 seconds
[2024-09-15T07:00:34.938+0000] {processor.py:186} INFO - Started process (PID=612) to work on /home/airflow/.local/lib/python3.12/site-packages/airflow/example_dags/example_xcomargs.py
[2024-09-15T07:00:34.940+0000] {processor.py:914} INFO - Processing file /home/airflow/.local/lib/python3.12/site-packages/airflow/example_dags/example_xcomargs.py for tasks to queue
[2024-09-15T07:00:34.944+0000] {logging_mixin.py:190} INFO - [2024-09-15T07:00:34.943+0000] {dagbag.py:587} INFO - Filling up the DagBag from /home/airflow/.local/lib/python3.12/site-packages/airflow/example_dags/example_xcomargs.py
[2024-09-15T07:00:35.001+0000] {processor.py:925} INFO - DAG(s) 'example_xcom_args_with_operators', 'example_xcom_args' retrieved from /home/airflow/.local/lib/python3.12/site-packages/airflow/example_dags/example_xcomargs.py
[2024-09-15T07:00:36.762+0000] {logging_mixin.py:190} INFO - [2024-09-15T07:00:36.755+0000] {dag.py:3229} INFO - Sync 2 DAGs
[2024-09-15T07:00:36.809+0000] {logging_mixin.py:190} INFO - [2024-09-15T07:00:36.807+0000] {dag.py:4156} INFO - Setting next_dagrun for example_xcom_args to None, run_after=None
[2024-09-15T07:00:36.821+0000] {logging_mixin.py:190} INFO - [2024-09-15T07:00:36.820+0000] {dag.py:4156} INFO - Setting next_dagrun for example_xcom_args_with_operators to None, run_after=None
[2024-09-15T07:00:36.885+0000] {processor.py:208} INFO - Processing /home/airflow/.local/lib/python3.12/site-packages/airflow/example_dags/example_xcomargs.py took 1.972 seconds
[2024-09-15T07:01:07.282+0000] {processor.py:186} INFO - Started process (PID=674) to work on /home/airflow/.local/lib/python3.12/site-packages/airflow/example_dags/example_xcomargs.py
[2024-09-15T07:01:07.285+0000] {processor.py:914} INFO - Processing file /home/airflow/.local/lib/python3.12/site-packages/airflow/example_dags/example_xcomargs.py for tasks to queue
[2024-09-15T07:01:07.293+0000] {logging_mixin.py:190} INFO - [2024-09-15T07:01:07.292+0000] {dagbag.py:587} INFO - Filling up the DagBag from /home/airflow/.local/lib/python3.12/site-packages/airflow/example_dags/example_xcomargs.py
[2024-09-15T07:01:07.335+0000] {processor.py:925} INFO - DAG(s) 'example_xcom_args', 'example_xcom_args_with_operators' retrieved from /home/airflow/.local/lib/python3.12/site-packages/airflow/example_dags/example_xcomargs.py
[2024-09-15T07:01:07.410+0000] {logging_mixin.py:190} INFO - [2024-09-15T07:01:07.409+0000] {dag.py:3229} INFO - Sync 2 DAGs
[2024-09-15T07:01:07.470+0000] {logging_mixin.py:190} INFO - [2024-09-15T07:01:07.470+0000] {dag.py:4156} INFO - Setting next_dagrun for example_xcom_args to None, run_after=None
[2024-09-15T07:01:07.479+0000] {logging_mixin.py:190} INFO - [2024-09-15T07:01:07.479+0000] {dag.py:4156} INFO - Setting next_dagrun for example_xcom_args_with_operators to None, run_after=None
[2024-09-15T07:01:07.526+0000] {processor.py:208} INFO - Processing /home/airflow/.local/lib/python3.12/site-packages/airflow/example_dags/example_xcomargs.py took 0.259 seconds
[2024-09-15T07:04:35.986+0000] {processor.py:186} INFO - Started process (PID=689) to work on /home/airflow/.local/lib/python3.12/site-packages/airflow/example_dags/example_xcomargs.py
[2024-09-15T07:04:35.989+0000] {processor.py:914} INFO - Processing file /home/airflow/.local/lib/python3.12/site-packages/airflow/example_dags/example_xcomargs.py for tasks to queue
[2024-09-15T07:04:35.994+0000] {logging_mixin.py:190} INFO - [2024-09-15T07:04:35.993+0000] {dagbag.py:587} INFO - Filling up the DagBag from /home/airflow/.local/lib/python3.12/site-packages/airflow/example_dags/example_xcomargs.py
[2024-09-15T07:04:36.030+0000] {processor.py:925} INFO - DAG(s) 'example_xcom_args', 'example_xcom_args_with_operators' retrieved from /home/airflow/.local/lib/python3.12/site-packages/airflow/example_dags/example_xcomargs.py
[2024-09-15T07:04:36.110+0000] {logging_mixin.py:190} INFO - [2024-09-15T07:04:36.109+0000] {dag.py:3229} INFO - Sync 2 DAGs
[2024-09-15T07:04:36.160+0000] {logging_mixin.py:190} INFO - [2024-09-15T07:04:36.160+0000] {dag.py:4156} INFO - Setting next_dagrun for example_xcom_args to None, run_after=None
[2024-09-15T07:04:36.170+0000] {logging_mixin.py:190} INFO - [2024-09-15T07:04:36.169+0000] {dag.py:4156} INFO - Setting next_dagrun for example_xcom_args_with_operators to None, run_after=None
[2024-09-15T07:04:36.213+0000] {processor.py:208} INFO - Processing /home/airflow/.local/lib/python3.12/site-packages/airflow/example_dags/example_xcomargs.py took 0.244 seconds
[2024-09-15T07:05:06.907+0000] {processor.py:186} INFO - Started process (PID=749) to work on /home/airflow/.local/lib/python3.12/site-packages/airflow/example_dags/example_xcomargs.py
[2024-09-15T07:05:06.909+0000] {processor.py:914} INFO - Processing file /home/airflow/.local/lib/python3.12/site-packages/airflow/example_dags/example_xcomargs.py for tasks to queue
[2024-09-15T07:05:06.912+0000] {logging_mixin.py:190} INFO - [2024-09-15T07:05:06.911+0000] {dagbag.py:587} INFO - Filling up the DagBag from /home/airflow/.local/lib/python3.12/site-packages/airflow/example_dags/example_xcomargs.py
[2024-09-15T07:05:06.937+0000] {processor.py:925} INFO - DAG(s) 'example_xcom_args_with_operators', 'example_xcom_args' retrieved from /home/airflow/.local/lib/python3.12/site-packages/airflow/example_dags/example_xcomargs.py
[2024-09-15T07:05:06.996+0000] {logging_mixin.py:190} INFO - [2024-09-15T07:05:06.995+0000] {dag.py:3229} INFO - Sync 2 DAGs
[2024-09-15T07:05:07.037+0000] {logging_mixin.py:190} INFO - [2024-09-15T07:05:07.037+0000] {dag.py:4156} INFO - Setting next_dagrun for example_xcom_args to None, run_after=None
[2024-09-15T07:05:07.047+0000] {logging_mixin.py:190} INFO - [2024-09-15T07:05:07.047+0000] {dag.py:4156} INFO - Setting next_dagrun for example_xcom_args_with_operators to None, run_after=None
[2024-09-15T07:05:07.085+0000] {processor.py:208} INFO - Processing /home/airflow/.local/lib/python3.12/site-packages/airflow/example_dags/example_xcomargs.py took 0.191 seconds
[2024-09-15T07:05:37.164+0000] {processor.py:186} INFO - Started process (PID=811) to work on /home/airflow/.local/lib/python3.12/site-packages/airflow/example_dags/example_xcomargs.py
[2024-09-15T07:05:37.166+0000] {processor.py:914} INFO - Processing file /home/airflow/.local/lib/python3.12/site-packages/airflow/example_dags/example_xcomargs.py for tasks to queue
[2024-09-15T07:05:37.169+0000] {logging_mixin.py:190} INFO - [2024-09-15T07:05:37.168+0000] {dagbag.py:587} INFO - Filling up the DagBag from /home/airflow/.local/lib/python3.12/site-packages/airflow/example_dags/example_xcomargs.py
[2024-09-15T07:05:37.187+0000] {processor.py:925} INFO - DAG(s) 'example_xcom_args', 'example_xcom_args_with_operators' retrieved from /home/airflow/.local/lib/python3.12/site-packages/airflow/example_dags/example_xcomargs.py
[2024-09-15T07:05:37.232+0000] {logging_mixin.py:190} INFO - [2024-09-15T07:05:37.232+0000] {dag.py:3229} INFO - Sync 2 DAGs
[2024-09-15T07:05:37.259+0000] {logging_mixin.py:190} INFO - [2024-09-15T07:05:37.259+0000] {dag.py:4156} INFO - Setting next_dagrun for example_xcom_args to None, run_after=None
[2024-09-15T07:05:37.266+0000] {logging_mixin.py:190} INFO - [2024-09-15T07:05:37.265+0000] {dag.py:4156} INFO - Setting next_dagrun for example_xcom_args_with_operators to None, run_after=None
[2024-09-15T07:05:37.296+0000] {processor.py:208} INFO - Processing /home/airflow/.local/lib/python3.12/site-packages/airflow/example_dags/example_xcomargs.py took 0.142 seconds
[2024-09-15T07:06:07.399+0000] {processor.py:186} INFO - Started process (PID=873) to work on /home/airflow/.local/lib/python3.12/site-packages/airflow/example_dags/example_xcomargs.py
[2024-09-15T07:06:07.400+0000] {processor.py:914} INFO - Processing file /home/airflow/.local/lib/python3.12/site-packages/airflow/example_dags/example_xcomargs.py for tasks to queue
[2024-09-15T07:06:07.403+0000] {logging_mixin.py:190} INFO - [2024-09-15T07:06:07.402+0000] {dagbag.py:587} INFO - Filling up the DagBag from /home/airflow/.local/lib/python3.12/site-packages/airflow/example_dags/example_xcomargs.py
[2024-09-15T07:06:07.421+0000] {processor.py:925} INFO - DAG(s) 'example_xcom_args', 'example_xcom_args_with_operators' retrieved from /home/airflow/.local/lib/python3.12/site-packages/airflow/example_dags/example_xcomargs.py
[2024-09-15T07:06:07.462+0000] {logging_mixin.py:190} INFO - [2024-09-15T07:06:07.461+0000] {dag.py:3229} INFO - Sync 2 DAGs
[2024-09-15T07:06:07.487+0000] {logging_mixin.py:190} INFO - [2024-09-15T07:06:07.487+0000] {dag.py:4156} INFO - Setting next_dagrun for example_xcom_args to None, run_after=None
[2024-09-15T07:06:07.494+0000] {logging_mixin.py:190} INFO - [2024-09-15T07:06:07.494+0000] {dag.py:4156} INFO - Setting next_dagrun for example_xcom_args_with_operators to None, run_after=None
[2024-09-15T07:06:07.525+0000] {processor.py:208} INFO - Processing /home/airflow/.local/lib/python3.12/site-packages/airflow/example_dags/example_xcomargs.py took 0.136 seconds
[2024-09-15T07:06:38.247+0000] {processor.py:186} INFO - Started process (PID=934) to work on /home/airflow/.local/lib/python3.12/site-packages/airflow/example_dags/example_xcomargs.py
[2024-09-15T07:06:38.249+0000] {processor.py:914} INFO - Processing file /home/airflow/.local/lib/python3.12/site-packages/airflow/example_dags/example_xcomargs.py for tasks to queue
[2024-09-15T07:06:38.251+0000] {logging_mixin.py:190} INFO - [2024-09-15T07:06:38.251+0000] {dagbag.py:587} INFO - Filling up the DagBag from /home/airflow/.local/lib/python3.12/site-packages/airflow/example_dags/example_xcomargs.py
[2024-09-15T07:06:38.270+0000] {processor.py:925} INFO - DAG(s) 'example_xcom_args_with_operators', 'example_xcom_args' retrieved from /home/airflow/.local/lib/python3.12/site-packages/airflow/example_dags/example_xcomargs.py
[2024-09-15T07:06:38.320+0000] {logging_mixin.py:190} INFO - [2024-09-15T07:06:38.320+0000] {dag.py:3229} INFO - Sync 2 DAGs
[2024-09-15T07:06:38.350+0000] {logging_mixin.py:190} INFO - [2024-09-15T07:06:38.350+0000] {dag.py:4156} INFO - Setting next_dagrun for example_xcom_args to None, run_after=None
[2024-09-15T07:06:38.357+0000] {logging_mixin.py:190} INFO - [2024-09-15T07:06:38.357+0000] {dag.py:4156} INFO - Setting next_dagrun for example_xcom_args_with_operators to None, run_after=None
[2024-09-15T07:06:38.392+0000] {processor.py:208} INFO - Processing /home/airflow/.local/lib/python3.12/site-packages/airflow/example_dags/example_xcomargs.py took 0.155 seconds
[2024-09-15T07:07:24.579+0000] {processor.py:186} INFO - Started process (PID=997) to work on /home/airflow/.local/lib/python3.12/site-packages/airflow/example_dags/example_xcomargs.py
[2024-09-15T07:07:24.581+0000] {processor.py:914} INFO - Processing file /home/airflow/.local/lib/python3.12/site-packages/airflow/example_dags/example_xcomargs.py for tasks to queue
[2024-09-15T07:07:24.586+0000] {logging_mixin.py:190} INFO - [2024-09-15T07:07:24.585+0000] {dagbag.py:587} INFO - Filling up the DagBag from /home/airflow/.local/lib/python3.12/site-packages/airflow/example_dags/example_xcomargs.py
[2024-09-15T07:07:24.643+0000] {processor.py:925} INFO - DAG(s) 'example_xcom_args', 'example_xcom_args_with_operators' retrieved from /home/airflow/.local/lib/python3.12/site-packages/airflow/example_dags/example_xcomargs.py
[2024-09-15T07:07:24.835+0000] {logging_mixin.py:190} INFO - [2024-09-15T07:07:24.834+0000] {dag.py:3229} INFO - Sync 2 DAGs
[2024-09-15T07:07:24.885+0000] {logging_mixin.py:190} INFO - [2024-09-15T07:07:24.885+0000] {dag.py:4156} INFO - Setting next_dagrun for example_xcom_args to None, run_after=None
[2024-09-15T07:07:24.899+0000] {logging_mixin.py:190} INFO - [2024-09-15T07:07:24.898+0000] {dag.py:4156} INFO - Setting next_dagrun for example_xcom_args_with_operators to None, run_after=None
[2024-09-15T07:07:24.947+0000] {processor.py:208} INFO - Processing /home/airflow/.local/lib/python3.12/site-packages/airflow/example_dags/example_xcomargs.py took 0.396 seconds
[2024-09-15T07:07:55.159+0000] {processor.py:186} INFO - Started process (PID=1059) to work on /home/airflow/.local/lib/python3.12/site-packages/airflow/example_dags/example_xcomargs.py
[2024-09-15T07:07:55.161+0000] {processor.py:914} INFO - Processing file /home/airflow/.local/lib/python3.12/site-packages/airflow/example_dags/example_xcomargs.py for tasks to queue
[2024-09-15T07:07:55.164+0000] {logging_mixin.py:190} INFO - [2024-09-15T07:07:55.163+0000] {dagbag.py:587} INFO - Filling up the DagBag from /home/airflow/.local/lib/python3.12/site-packages/airflow/example_dags/example_xcomargs.py
[2024-09-15T07:07:55.193+0000] {processor.py:925} INFO - DAG(s) 'example_xcom_args', 'example_xcom_args_with_operators' retrieved from /home/airflow/.local/lib/python3.12/site-packages/airflow/example_dags/example_xcomargs.py
[2024-09-15T07:07:55.236+0000] {logging_mixin.py:190} INFO - [2024-09-15T07:07:55.236+0000] {dag.py:3229} INFO - Sync 2 DAGs
[2024-09-15T07:07:55.276+0000] {logging_mixin.py:190} INFO - [2024-09-15T07:07:55.276+0000] {dag.py:4156} INFO - Setting next_dagrun for example_xcom_args to None, run_after=None
[2024-09-15T07:07:55.286+0000] {logging_mixin.py:190} INFO - [2024-09-15T07:07:55.285+0000] {dag.py:4156} INFO - Setting next_dagrun for example_xcom_args_with_operators to None, run_after=None
[2024-09-15T07:07:55.324+0000] {processor.py:208} INFO - Processing /home/airflow/.local/lib/python3.12/site-packages/airflow/example_dags/example_xcomargs.py took 0.180 seconds
[2024-09-15T07:12:17.516+0000] {processor.py:186} INFO - Started process (PID=1112) to work on /home/airflow/.local/lib/python3.12/site-packages/airflow/example_dags/example_xcomargs.py
[2024-09-15T07:12:17.519+0000] {processor.py:914} INFO - Processing file /home/airflow/.local/lib/python3.12/site-packages/airflow/example_dags/example_xcomargs.py for tasks to queue
[2024-09-15T07:12:17.524+0000] {logging_mixin.py:190} INFO - [2024-09-15T07:12:17.523+0000] {dagbag.py:587} INFO - Filling up the DagBag from /home/airflow/.local/lib/python3.12/site-packages/airflow/example_dags/example_xcomargs.py
[2024-09-15T07:12:17.553+0000] {processor.py:925} INFO - DAG(s) 'example_xcom_args_with_operators', 'example_xcom_args' retrieved from /home/airflow/.local/lib/python3.12/site-packages/airflow/example_dags/example_xcomargs.py
[2024-09-15T07:12:17.620+0000] {logging_mixin.py:190} INFO - [2024-09-15T07:12:17.619+0000] {dag.py:3229} INFO - Sync 2 DAGs
[2024-09-15T07:12:17.667+0000] {logging_mixin.py:190} INFO - [2024-09-15T07:12:17.667+0000] {dag.py:4156} INFO - Setting next_dagrun for example_xcom_args to None, run_after=None
[2024-09-15T07:12:17.679+0000] {logging_mixin.py:190} INFO - [2024-09-15T07:12:17.679+0000] {dag.py:4156} INFO - Setting next_dagrun for example_xcom_args_with_operators to None, run_after=None
[2024-09-15T07:12:17.720+0000] {processor.py:208} INFO - Processing /home/airflow/.local/lib/python3.12/site-packages/airflow/example_dags/example_xcomargs.py took 0.220 seconds
[2024-09-15T07:12:48.391+0000] {processor.py:186} INFO - Started process (PID=1174) to work on /home/airflow/.local/lib/python3.12/site-packages/airflow/example_dags/example_xcomargs.py
[2024-09-15T07:12:48.396+0000] {processor.py:914} INFO - Processing file /home/airflow/.local/lib/python3.12/site-packages/airflow/example_dags/example_xcomargs.py for tasks to queue
[2024-09-15T07:12:48.399+0000] {logging_mixin.py:190} INFO - [2024-09-15T07:12:48.398+0000] {dagbag.py:587} INFO - Filling up the DagBag from /home/airflow/.local/lib/python3.12/site-packages/airflow/example_dags/example_xcomargs.py
[2024-09-15T07:12:48.429+0000] {processor.py:925} INFO - DAG(s) 'example_xcom_args', 'example_xcom_args_with_operators' retrieved from /home/airflow/.local/lib/python3.12/site-packages/airflow/example_dags/example_xcomargs.py
[2024-09-15T07:12:48.497+0000] {logging_mixin.py:190} INFO - [2024-09-15T07:12:48.496+0000] {dag.py:3229} INFO - Sync 2 DAGs
[2024-09-15T07:12:48.542+0000] {logging_mixin.py:190} INFO - [2024-09-15T07:12:48.541+0000] {dag.py:4156} INFO - Setting next_dagrun for example_xcom_args to None, run_after=None
[2024-09-15T07:12:48.552+0000] {logging_mixin.py:190} INFO - [2024-09-15T07:12:48.551+0000] {dag.py:4156} INFO - Setting next_dagrun for example_xcom_args_with_operators to None, run_after=None
[2024-09-15T07:12:48.596+0000] {processor.py:208} INFO - Processing /home/airflow/.local/lib/python3.12/site-packages/airflow/example_dags/example_xcomargs.py took 0.220 seconds
[2024-09-15T07:13:19.234+0000] {processor.py:186} INFO - Started process (PID=1236) to work on /home/airflow/.local/lib/python3.12/site-packages/airflow/example_dags/example_xcomargs.py
[2024-09-15T07:13:19.237+0000] {processor.py:914} INFO - Processing file /home/airflow/.local/lib/python3.12/site-packages/airflow/example_dags/example_xcomargs.py for tasks to queue
[2024-09-15T07:13:19.239+0000] {logging_mixin.py:190} INFO - [2024-09-15T07:13:19.239+0000] {dagbag.py:587} INFO - Filling up the DagBag from /home/airflow/.local/lib/python3.12/site-packages/airflow/example_dags/example_xcomargs.py
[2024-09-15T07:13:19.261+0000] {processor.py:925} INFO - DAG(s) 'example_xcom_args', 'example_xcom_args_with_operators' retrieved from /home/airflow/.local/lib/python3.12/site-packages/airflow/example_dags/example_xcomargs.py
[2024-09-15T07:13:19.307+0000] {logging_mixin.py:190} INFO - [2024-09-15T07:13:19.306+0000] {dag.py:3229} INFO - Sync 2 DAGs
[2024-09-15T07:13:19.337+0000] {logging_mixin.py:190} INFO - [2024-09-15T07:13:19.337+0000] {dag.py:4156} INFO - Setting next_dagrun for example_xcom_args to None, run_after=None
[2024-09-15T07:13:19.346+0000] {logging_mixin.py:190} INFO - [2024-09-15T07:13:19.346+0000] {dag.py:4156} INFO - Setting next_dagrun for example_xcom_args_with_operators to None, run_after=None
[2024-09-15T07:13:19.381+0000] {processor.py:208} INFO - Processing /home/airflow/.local/lib/python3.12/site-packages/airflow/example_dags/example_xcomargs.py took 0.160 seconds
[2024-09-15T07:13:49.549+0000] {processor.py:186} INFO - Started process (PID=1298) to work on /home/airflow/.local/lib/python3.12/site-packages/airflow/example_dags/example_xcomargs.py
[2024-09-15T07:13:49.550+0000] {processor.py:914} INFO - Processing file /home/airflow/.local/lib/python3.12/site-packages/airflow/example_dags/example_xcomargs.py for tasks to queue
[2024-09-15T07:13:49.552+0000] {logging_mixin.py:190} INFO - [2024-09-15T07:13:49.552+0000] {dagbag.py:587} INFO - Filling up the DagBag from /home/airflow/.local/lib/python3.12/site-packages/airflow/example_dags/example_xcomargs.py
[2024-09-15T07:13:49.570+0000] {processor.py:925} INFO - DAG(s) 'example_xcom_args_with_operators', 'example_xcom_args' retrieved from /home/airflow/.local/lib/python3.12/site-packages/airflow/example_dags/example_xcomargs.py
[2024-09-15T07:13:49.612+0000] {logging_mixin.py:190} INFO - [2024-09-15T07:13:49.611+0000] {dag.py:3229} INFO - Sync 2 DAGs
[2024-09-15T07:13:49.638+0000] {logging_mixin.py:190} INFO - [2024-09-15T07:13:49.638+0000] {dag.py:4156} INFO - Setting next_dagrun for example_xcom_args to None, run_after=None
[2024-09-15T07:13:49.645+0000] {logging_mixin.py:190} INFO - [2024-09-15T07:13:49.644+0000] {dag.py:4156} INFO - Setting next_dagrun for example_xcom_args_with_operators to None, run_after=None
[2024-09-15T07:13:49.673+0000] {processor.py:208} INFO - Processing /home/airflow/.local/lib/python3.12/site-packages/airflow/example_dags/example_xcomargs.py took 0.135 seconds
[2024-09-15T07:14:19.893+0000] {processor.py:186} INFO - Started process (PID=1361) to work on /home/airflow/.local/lib/python3.12/site-packages/airflow/example_dags/example_xcomargs.py
[2024-09-15T07:14:19.894+0000] {processor.py:914} INFO - Processing file /home/airflow/.local/lib/python3.12/site-packages/airflow/example_dags/example_xcomargs.py for tasks to queue
[2024-09-15T07:14:19.896+0000] {logging_mixin.py:190} INFO - [2024-09-15T07:14:19.896+0000] {dagbag.py:587} INFO - Filling up the DagBag from /home/airflow/.local/lib/python3.12/site-packages/airflow/example_dags/example_xcomargs.py
[2024-09-15T07:14:19.916+0000] {processor.py:925} INFO - DAG(s) 'example_xcom_args', 'example_xcom_args_with_operators' retrieved from /home/airflow/.local/lib/python3.12/site-packages/airflow/example_dags/example_xcomargs.py
[2024-09-15T07:14:19.960+0000] {logging_mixin.py:190} INFO - [2024-09-15T07:14:19.959+0000] {dag.py:3229} INFO - Sync 2 DAGs
[2024-09-15T07:14:19.990+0000] {logging_mixin.py:190} INFO - [2024-09-15T07:14:19.989+0000] {dag.py:4156} INFO - Setting next_dagrun for example_xcom_args to None, run_after=None
[2024-09-15T07:14:19.997+0000] {logging_mixin.py:190} INFO - [2024-09-15T07:14:19.996+0000] {dag.py:4156} INFO - Setting next_dagrun for example_xcom_args_with_operators to None, run_after=None
[2024-09-15T07:14:20.028+0000] {processor.py:208} INFO - Processing /home/airflow/.local/lib/python3.12/site-packages/airflow/example_dags/example_xcomargs.py took 0.144 seconds
[2024-09-15T07:14:50.437+0000] {processor.py:186} INFO - Started process (PID=1423) to work on /home/airflow/.local/lib/python3.12/site-packages/airflow/example_dags/example_xcomargs.py
[2024-09-15T07:14:50.439+0000] {processor.py:914} INFO - Processing file /home/airflow/.local/lib/python3.12/site-packages/airflow/example_dags/example_xcomargs.py for tasks to queue
[2024-09-15T07:14:50.441+0000] {logging_mixin.py:190} INFO - [2024-09-15T07:14:50.440+0000] {dagbag.py:587} INFO - Filling up the DagBag from /home/airflow/.local/lib/python3.12/site-packages/airflow/example_dags/example_xcomargs.py
[2024-09-15T07:14:50.466+0000] {processor.py:925} INFO - DAG(s) 'example_xcom_args_with_operators', 'example_xcom_args' retrieved from /home/airflow/.local/lib/python3.12/site-packages/airflow/example_dags/example_xcomargs.py
[2024-09-15T07:14:50.514+0000] {logging_mixin.py:190} INFO - [2024-09-15T07:14:50.513+0000] {dag.py:3229} INFO - Sync 2 DAGs
[2024-09-15T07:14:50.547+0000] {logging_mixin.py:190} INFO - [2024-09-15T07:14:50.547+0000] {dag.py:4156} INFO - Setting next_dagrun for example_xcom_args to None, run_after=None
[2024-09-15T07:14:50.556+0000] {logging_mixin.py:190} INFO - [2024-09-15T07:14:50.556+0000] {dag.py:4156} INFO - Setting next_dagrun for example_xcom_args_with_operators to None, run_after=None
[2024-09-15T07:14:50.590+0000] {processor.py:208} INFO - Processing /home/airflow/.local/lib/python3.12/site-packages/airflow/example_dags/example_xcomargs.py took 0.163 seconds
[2024-09-15T07:15:21.302+0000] {processor.py:186} INFO - Started process (PID=1484) to work on /home/airflow/.local/lib/python3.12/site-packages/airflow/example_dags/example_xcomargs.py
[2024-09-15T07:15:21.304+0000] {processor.py:914} INFO - Processing file /home/airflow/.local/lib/python3.12/site-packages/airflow/example_dags/example_xcomargs.py for tasks to queue
[2024-09-15T07:15:21.307+0000] {logging_mixin.py:190} INFO - [2024-09-15T07:15:21.306+0000] {dagbag.py:587} INFO - Filling up the DagBag from /home/airflow/.local/lib/python3.12/site-packages/airflow/example_dags/example_xcomargs.py
[2024-09-15T07:15:21.328+0000] {processor.py:925} INFO - DAG(s) 'example_xcom_args', 'example_xcom_args_with_operators' retrieved from /home/airflow/.local/lib/python3.12/site-packages/airflow/example_dags/example_xcomargs.py
[2024-09-15T07:15:21.380+0000] {logging_mixin.py:190} INFO - [2024-09-15T07:15:21.380+0000] {dag.py:3229} INFO - Sync 2 DAGs
[2024-09-15T07:15:21.417+0000] {logging_mixin.py:190} INFO - [2024-09-15T07:15:21.417+0000] {dag.py:4156} INFO - Setting next_dagrun for example_xcom_args to None, run_after=None
[2024-09-15T07:15:21.425+0000] {logging_mixin.py:190} INFO - [2024-09-15T07:15:21.425+0000] {dag.py:4156} INFO - Setting next_dagrun for example_xcom_args_with_operators to None, run_after=None
[2024-09-15T07:15:21.466+0000] {processor.py:208} INFO - Processing /home/airflow/.local/lib/python3.12/site-packages/airflow/example_dags/example_xcomargs.py took 0.178 seconds
[2024-09-15T07:15:51.757+0000] {processor.py:186} INFO - Started process (PID=1545) to work on /home/airflow/.local/lib/python3.12/site-packages/airflow/example_dags/example_xcomargs.py
[2024-09-15T07:15:51.759+0000] {processor.py:914} INFO - Processing file /home/airflow/.local/lib/python3.12/site-packages/airflow/example_dags/example_xcomargs.py for tasks to queue
[2024-09-15T07:15:51.761+0000] {logging_mixin.py:190} INFO - [2024-09-15T07:15:51.761+0000] {dagbag.py:587} INFO - Filling up the DagBag from /home/airflow/.local/lib/python3.12/site-packages/airflow/example_dags/example_xcomargs.py
[2024-09-15T07:15:51.780+0000] {processor.py:925} INFO - DAG(s) 'example_xcom_args_with_operators', 'example_xcom_args' retrieved from /home/airflow/.local/lib/python3.12/site-packages/airflow/example_dags/example_xcomargs.py
[2024-09-15T07:15:51.818+0000] {logging_mixin.py:190} INFO - [2024-09-15T07:15:51.817+0000] {dag.py:3229} INFO - Sync 2 DAGs
[2024-09-15T07:15:51.854+0000] {logging_mixin.py:190} INFO - [2024-09-15T07:15:51.854+0000] {dag.py:4156} INFO - Setting next_dagrun for example_xcom_args to None, run_after=None
[2024-09-15T07:15:51.861+0000] {logging_mixin.py:190} INFO - [2024-09-15T07:15:51.861+0000] {dag.py:4156} INFO - Setting next_dagrun for example_xcom_args_with_operators to None, run_after=None
[2024-09-15T07:15:51.895+0000] {processor.py:208} INFO - Processing /home/airflow/.local/lib/python3.12/site-packages/airflow/example_dags/example_xcomargs.py took 0.147 seconds
[2024-09-15T07:18:20.397+0000] {processor.py:186} INFO - Started process (PID=1602) to work on /home/airflow/.local/lib/python3.12/site-packages/airflow/example_dags/example_xcomargs.py
[2024-09-15T07:18:20.401+0000] {processor.py:914} INFO - Processing file /home/airflow/.local/lib/python3.12/site-packages/airflow/example_dags/example_xcomargs.py for tasks to queue
[2024-09-15T07:18:20.415+0000] {logging_mixin.py:190} INFO - [2024-09-15T07:18:20.407+0000] {dagbag.py:587} INFO - Filling up the DagBag from /home/airflow/.local/lib/python3.12/site-packages/airflow/example_dags/example_xcomargs.py
[2024-09-15T07:18:20.446+0000] {processor.py:925} INFO - DAG(s) 'example_xcom_args', 'example_xcom_args_with_operators' retrieved from /home/airflow/.local/lib/python3.12/site-packages/airflow/example_dags/example_xcomargs.py
[2024-09-15T07:18:20.522+0000] {logging_mixin.py:190} INFO - [2024-09-15T07:18:20.522+0000] {dag.py:3229} INFO - Sync 2 DAGs
[2024-09-15T07:18:20.574+0000] {logging_mixin.py:190} INFO - [2024-09-15T07:18:20.573+0000] {dag.py:4156} INFO - Setting next_dagrun for example_xcom_args to None, run_after=None
[2024-09-15T07:18:20.592+0000] {logging_mixin.py:190} INFO - [2024-09-15T07:18:20.591+0000] {dag.py:4156} INFO - Setting next_dagrun for example_xcom_args_with_operators to None, run_after=None
[2024-09-15T07:18:20.651+0000] {processor.py:208} INFO - Processing /home/airflow/.local/lib/python3.12/site-packages/airflow/example_dags/example_xcomargs.py took 0.272 seconds
[2024-09-15T07:18:51.472+0000] {processor.py:186} INFO - Started process (PID=1663) to work on /home/airflow/.local/lib/python3.12/site-packages/airflow/example_dags/example_xcomargs.py
[2024-09-15T07:18:51.474+0000] {processor.py:914} INFO - Processing file /home/airflow/.local/lib/python3.12/site-packages/airflow/example_dags/example_xcomargs.py for tasks to queue
[2024-09-15T07:18:51.477+0000] {logging_mixin.py:190} INFO - [2024-09-15T07:18:51.477+0000] {dagbag.py:587} INFO - Filling up the DagBag from /home/airflow/.local/lib/python3.12/site-packages/airflow/example_dags/example_xcomargs.py
[2024-09-15T07:18:51.503+0000] {processor.py:925} INFO - DAG(s) 'example_xcom_args_with_operators', 'example_xcom_args' retrieved from /home/airflow/.local/lib/python3.12/site-packages/airflow/example_dags/example_xcomargs.py
[2024-09-15T07:18:51.557+0000] {logging_mixin.py:190} INFO - [2024-09-15T07:18:51.556+0000] {dag.py:3229} INFO - Sync 2 DAGs
[2024-09-15T07:18:51.600+0000] {logging_mixin.py:190} INFO - [2024-09-15T07:18:51.600+0000] {dag.py:4156} INFO - Setting next_dagrun for example_xcom_args to None, run_after=None
[2024-09-15T07:18:51.611+0000] {logging_mixin.py:190} INFO - [2024-09-15T07:18:51.610+0000] {dag.py:4156} INFO - Setting next_dagrun for example_xcom_args_with_operators to None, run_after=None
[2024-09-15T07:18:51.657+0000] {processor.py:208} INFO - Processing /home/airflow/.local/lib/python3.12/site-packages/airflow/example_dags/example_xcomargs.py took 0.198 seconds
[2024-09-15T07:19:22.690+0000] {processor.py:186} INFO - Started process (PID=1726) to work on /home/airflow/.local/lib/python3.12/site-packages/airflow/example_dags/example_xcomargs.py
[2024-09-15T07:19:22.692+0000] {processor.py:914} INFO - Processing file /home/airflow/.local/lib/python3.12/site-packages/airflow/example_dags/example_xcomargs.py for tasks to queue
[2024-09-15T07:19:22.694+0000] {logging_mixin.py:190} INFO - [2024-09-15T07:19:22.694+0000] {dagbag.py:587} INFO - Filling up the DagBag from /home/airflow/.local/lib/python3.12/site-packages/airflow/example_dags/example_xcomargs.py
[2024-09-15T07:19:22.718+0000] {processor.py:925} INFO - DAG(s) 'example_xcom_args_with_operators', 'example_xcom_args' retrieved from /home/airflow/.local/lib/python3.12/site-packages/airflow/example_dags/example_xcomargs.py
[2024-09-15T07:19:22.771+0000] {logging_mixin.py:190} INFO - [2024-09-15T07:19:22.771+0000] {dag.py:3229} INFO - Sync 2 DAGs
[2024-09-15T07:19:22.814+0000] {logging_mixin.py:190} INFO - [2024-09-15T07:19:22.814+0000] {dag.py:4156} INFO - Setting next_dagrun for example_xcom_args to None, run_after=None
[2024-09-15T07:19:22.824+0000] {logging_mixin.py:190} INFO - [2024-09-15T07:19:22.824+0000] {dag.py:4156} INFO - Setting next_dagrun for example_xcom_args_with_operators to None, run_after=None
[2024-09-15T07:19:22.856+0000] {processor.py:208} INFO - Processing /home/airflow/.local/lib/python3.12/site-packages/airflow/example_dags/example_xcomargs.py took 0.174 seconds
[2024-09-15T07:19:53.043+0000] {processor.py:186} INFO - Started process (PID=1787) to work on /home/airflow/.local/lib/python3.12/site-packages/airflow/example_dags/example_xcomargs.py
[2024-09-15T07:19:53.045+0000] {processor.py:914} INFO - Processing file /home/airflow/.local/lib/python3.12/site-packages/airflow/example_dags/example_xcomargs.py for tasks to queue
[2024-09-15T07:19:53.047+0000] {logging_mixin.py:190} INFO - [2024-09-15T07:19:53.046+0000] {dagbag.py:587} INFO - Filling up the DagBag from /home/airflow/.local/lib/python3.12/site-packages/airflow/example_dags/example_xcomargs.py
[2024-09-15T07:19:53.064+0000] {processor.py:925} INFO - DAG(s) 'example_xcom_args', 'example_xcom_args_with_operators' retrieved from /home/airflow/.local/lib/python3.12/site-packages/airflow/example_dags/example_xcomargs.py
[2024-09-15T07:19:53.104+0000] {logging_mixin.py:190} INFO - [2024-09-15T07:19:53.104+0000] {dag.py:3229} INFO - Sync 2 DAGs
[2024-09-15T07:19:53.137+0000] {logging_mixin.py:190} INFO - [2024-09-15T07:19:53.136+0000] {dag.py:4156} INFO - Setting next_dagrun for example_xcom_args to None, run_after=None
[2024-09-15T07:19:53.145+0000] {logging_mixin.py:190} INFO - [2024-09-15T07:19:53.144+0000] {dag.py:4156} INFO - Setting next_dagrun for example_xcom_args_with_operators to None, run_after=None
[2024-09-15T07:19:53.174+0000] {processor.py:208} INFO - Processing /home/airflow/.local/lib/python3.12/site-packages/airflow/example_dags/example_xcomargs.py took 0.140 seconds
[2024-09-15T07:20:23.581+0000] {processor.py:186} INFO - Started process (PID=1849) to work on /home/airflow/.local/lib/python3.12/site-packages/airflow/example_dags/example_xcomargs.py
[2024-09-15T07:20:23.583+0000] {processor.py:914} INFO - Processing file /home/airflow/.local/lib/python3.12/site-packages/airflow/example_dags/example_xcomargs.py for tasks to queue
[2024-09-15T07:20:23.586+0000] {logging_mixin.py:190} INFO - [2024-09-15T07:20:23.585+0000] {dagbag.py:587} INFO - Filling up the DagBag from /home/airflow/.local/lib/python3.12/site-packages/airflow/example_dags/example_xcomargs.py
[2024-09-15T07:20:23.605+0000] {processor.py:925} INFO - DAG(s) 'example_xcom_args_with_operators', 'example_xcom_args' retrieved from /home/airflow/.local/lib/python3.12/site-packages/airflow/example_dags/example_xcomargs.py
[2024-09-15T07:20:23.652+0000] {logging_mixin.py:190} INFO - [2024-09-15T07:20:23.652+0000] {dag.py:3229} INFO - Sync 2 DAGs
[2024-09-15T07:20:23.692+0000] {logging_mixin.py:190} INFO - [2024-09-15T07:20:23.691+0000] {dag.py:4156} INFO - Setting next_dagrun for example_xcom_args to None, run_after=None
[2024-09-15T07:20:23.698+0000] {logging_mixin.py:190} INFO - [2024-09-15T07:20:23.698+0000] {dag.py:4156} INFO - Setting next_dagrun for example_xcom_args_with_operators to None, run_after=None
[2024-09-15T07:20:23.730+0000] {processor.py:208} INFO - Processing /home/airflow/.local/lib/python3.12/site-packages/airflow/example_dags/example_xcomargs.py took 0.163 seconds
[2024-09-15T07:23:00.920+0000] {processor.py:186} INFO - Started process (PID=1903) to work on /home/airflow/.local/lib/python3.12/site-packages/airflow/example_dags/example_xcomargs.py
[2024-09-15T07:23:00.923+0000] {processor.py:914} INFO - Processing file /home/airflow/.local/lib/python3.12/site-packages/airflow/example_dags/example_xcomargs.py for tasks to queue
[2024-09-15T07:23:00.931+0000] {logging_mixin.py:190} INFO - [2024-09-15T07:23:00.930+0000] {dagbag.py:587} INFO - Filling up the DagBag from /home/airflow/.local/lib/python3.12/site-packages/airflow/example_dags/example_xcomargs.py
[2024-09-15T07:23:00.976+0000] {processor.py:925} INFO - DAG(s) 'example_xcom_args', 'example_xcom_args_with_operators' retrieved from /home/airflow/.local/lib/python3.12/site-packages/airflow/example_dags/example_xcomargs.py
[2024-09-15T07:23:01.056+0000] {logging_mixin.py:190} INFO - [2024-09-15T07:23:01.055+0000] {dag.py:3229} INFO - Sync 2 DAGs
[2024-09-15T07:23:01.113+0000] {logging_mixin.py:190} INFO - [2024-09-15T07:23:01.113+0000] {dag.py:4156} INFO - Setting next_dagrun for example_xcom_args to None, run_after=None
[2024-09-15T07:23:01.130+0000] {logging_mixin.py:190} INFO - [2024-09-15T07:23:01.129+0000] {dag.py:4156} INFO - Setting next_dagrun for example_xcom_args_with_operators to None, run_after=None
[2024-09-15T07:23:01.191+0000] {processor.py:208} INFO - Processing /home/airflow/.local/lib/python3.12/site-packages/airflow/example_dags/example_xcomargs.py took 0.296 seconds
[2024-09-15T07:23:31.477+0000] {processor.py:186} INFO - Started process (PID=1964) to work on /home/airflow/.local/lib/python3.12/site-packages/airflow/example_dags/example_xcomargs.py
[2024-09-15T07:23:31.479+0000] {processor.py:914} INFO - Processing file /home/airflow/.local/lib/python3.12/site-packages/airflow/example_dags/example_xcomargs.py for tasks to queue
[2024-09-15T07:23:31.482+0000] {logging_mixin.py:190} INFO - [2024-09-15T07:23:31.481+0000] {dagbag.py:587} INFO - Filling up the DagBag from /home/airflow/.local/lib/python3.12/site-packages/airflow/example_dags/example_xcomargs.py
[2024-09-15T07:23:31.509+0000] {processor.py:925} INFO - DAG(s) 'example_xcom_args', 'example_xcom_args_with_operators' retrieved from /home/airflow/.local/lib/python3.12/site-packages/airflow/example_dags/example_xcomargs.py
[2024-09-15T07:23:31.564+0000] {logging_mixin.py:190} INFO - [2024-09-15T07:23:31.563+0000] {dag.py:3229} INFO - Sync 2 DAGs
[2024-09-15T07:23:31.595+0000] {logging_mixin.py:190} INFO - [2024-09-15T07:23:31.594+0000] {dag.py:4156} INFO - Setting next_dagrun for example_xcom_args to None, run_after=None
[2024-09-15T07:23:31.602+0000] {logging_mixin.py:190} INFO - [2024-09-15T07:23:31.602+0000] {dag.py:4156} INFO - Setting next_dagrun for example_xcom_args_with_operators to None, run_after=None
[2024-09-15T07:23:31.658+0000] {processor.py:208} INFO - Processing /home/airflow/.local/lib/python3.12/site-packages/airflow/example_dags/example_xcomargs.py took 0.194 seconds
[2024-09-15T07:24:01.893+0000] {processor.py:186} INFO - Started process (PID=2026) to work on /home/airflow/.local/lib/python3.12/site-packages/airflow/example_dags/example_xcomargs.py
[2024-09-15T07:24:01.896+0000] {processor.py:914} INFO - Processing file /home/airflow/.local/lib/python3.12/site-packages/airflow/example_dags/example_xcomargs.py for tasks to queue
[2024-09-15T07:24:01.900+0000] {logging_mixin.py:190} INFO - [2024-09-15T07:24:01.900+0000] {dagbag.py:587} INFO - Filling up the DagBag from /home/airflow/.local/lib/python3.12/site-packages/airflow/example_dags/example_xcomargs.py
[2024-09-15T07:24:01.923+0000] {processor.py:925} INFO - DAG(s) 'example_xcom_args_with_operators', 'example_xcom_args' retrieved from /home/airflow/.local/lib/python3.12/site-packages/airflow/example_dags/example_xcomargs.py
[2024-09-15T07:24:01.959+0000] {logging_mixin.py:190} INFO - [2024-09-15T07:24:01.958+0000] {dag.py:3229} INFO - Sync 2 DAGs
[2024-09-15T07:24:01.985+0000] {logging_mixin.py:190} INFO - [2024-09-15T07:24:01.984+0000] {dag.py:4156} INFO - Setting next_dagrun for example_xcom_args to None, run_after=None
[2024-09-15T07:24:01.992+0000] {logging_mixin.py:190} INFO - [2024-09-15T07:24:01.991+0000] {dag.py:4156} INFO - Setting next_dagrun for example_xcom_args_with_operators to None, run_after=None
[2024-09-15T07:24:02.021+0000] {processor.py:208} INFO - Processing /home/airflow/.local/lib/python3.12/site-packages/airflow/example_dags/example_xcomargs.py took 0.141 seconds
[2024-09-15T07:24:32.478+0000] {processor.py:186} INFO - Started process (PID=2094) to work on /home/airflow/.local/lib/python3.12/site-packages/airflow/example_dags/example_xcomargs.py
[2024-09-15T07:24:32.480+0000] {processor.py:914} INFO - Processing file /home/airflow/.local/lib/python3.12/site-packages/airflow/example_dags/example_xcomargs.py for tasks to queue
[2024-09-15T07:24:32.482+0000] {logging_mixin.py:190} INFO - [2024-09-15T07:24:32.482+0000] {dagbag.py:587} INFO - Filling up the DagBag from /home/airflow/.local/lib/python3.12/site-packages/airflow/example_dags/example_xcomargs.py
[2024-09-15T07:24:32.499+0000] {processor.py:925} INFO - DAG(s) 'example_xcom_args', 'example_xcom_args_with_operators' retrieved from /home/airflow/.local/lib/python3.12/site-packages/airflow/example_dags/example_xcomargs.py
[2024-09-15T07:24:32.545+0000] {logging_mixin.py:190} INFO - [2024-09-15T07:24:32.544+0000] {dag.py:3229} INFO - Sync 2 DAGs
[2024-09-15T07:24:32.588+0000] {logging_mixin.py:190} INFO - [2024-09-15T07:24:32.588+0000] {dag.py:4156} INFO - Setting next_dagrun for example_xcom_args to None, run_after=None
[2024-09-15T07:24:32.595+0000] {logging_mixin.py:190} INFO - [2024-09-15T07:24:32.595+0000] {dag.py:4156} INFO - Setting next_dagrun for example_xcom_args_with_operators to None, run_after=None
[2024-09-15T07:24:32.627+0000] {processor.py:208} INFO - Processing /home/airflow/.local/lib/python3.12/site-packages/airflow/example_dags/example_xcomargs.py took 0.159 seconds
[2024-09-15T07:25:02.841+0000] {processor.py:186} INFO - Started process (PID=2156) to work on /home/airflow/.local/lib/python3.12/site-packages/airflow/example_dags/example_xcomargs.py
[2024-09-15T07:25:02.843+0000] {processor.py:914} INFO - Processing file /home/airflow/.local/lib/python3.12/site-packages/airflow/example_dags/example_xcomargs.py for tasks to queue
[2024-09-15T07:25:02.845+0000] {logging_mixin.py:190} INFO - [2024-09-15T07:25:02.845+0000] {dagbag.py:587} INFO - Filling up the DagBag from /home/airflow/.local/lib/python3.12/site-packages/airflow/example_dags/example_xcomargs.py
[2024-09-15T07:25:02.865+0000] {processor.py:925} INFO - DAG(s) 'example_xcom_args', 'example_xcom_args_with_operators' retrieved from /home/airflow/.local/lib/python3.12/site-packages/airflow/example_dags/example_xcomargs.py
[2024-09-15T07:25:02.922+0000] {logging_mixin.py:190} INFO - [2024-09-15T07:25:02.921+0000] {dag.py:3229} INFO - Sync 2 DAGs
[2024-09-15T07:25:02.969+0000] {logging_mixin.py:190} INFO - [2024-09-15T07:25:02.969+0000] {dag.py:4156} INFO - Setting next_dagrun for example_xcom_args to None, run_after=None
[2024-09-15T07:25:02.980+0000] {logging_mixin.py:190} INFO - [2024-09-15T07:25:02.979+0000] {dag.py:4156} INFO - Setting next_dagrun for example_xcom_args_with_operators to None, run_after=None
[2024-09-15T07:25:03.024+0000] {processor.py:208} INFO - Processing /home/airflow/.local/lib/python3.12/site-packages/airflow/example_dags/example_xcomargs.py took 0.195 seconds
[2024-09-15T08:02:08.059+0000] {processor.py:186} INFO - Started process (PID=2217) to work on /home/airflow/.local/lib/python3.12/site-packages/airflow/example_dags/example_xcomargs.py
[2024-09-15T08:02:08.086+0000] {processor.py:914} INFO - Processing file /home/airflow/.local/lib/python3.12/site-packages/airflow/example_dags/example_xcomargs.py for tasks to queue
[2024-09-15T08:02:08.090+0000] {logging_mixin.py:190} INFO - [2024-09-15T08:02:08.089+0000] {dagbag.py:587} INFO - Filling up the DagBag from /home/airflow/.local/lib/python3.12/site-packages/airflow/example_dags/example_xcomargs.py
[2024-09-15T08:02:08.215+0000] {processor.py:925} INFO - DAG(s) 'example_xcom_args_with_operators', 'example_xcom_args' retrieved from /home/airflow/.local/lib/python3.12/site-packages/airflow/example_dags/example_xcomargs.py
[2024-09-15T08:02:08.407+0000] {logging_mixin.py:190} INFO - [2024-09-15T08:02:08.406+0000] {dag.py:3229} INFO - Sync 2 DAGs
[2024-09-15T08:02:08.487+0000] {logging_mixin.py:190} INFO - [2024-09-15T08:02:08.487+0000] {dag.py:4156} INFO - Setting next_dagrun for example_xcom_args to None, run_after=None
[2024-09-15T08:02:08.503+0000] {logging_mixin.py:190} INFO - [2024-09-15T08:02:08.503+0000] {dag.py:4156} INFO - Setting next_dagrun for example_xcom_args_with_operators to None, run_after=None
[2024-09-15T08:02:08.560+0000] {processor.py:208} INFO - Processing /home/airflow/.local/lib/python3.12/site-packages/airflow/example_dags/example_xcomargs.py took 0.569 seconds
[2024-09-15T08:02:38.719+0000] {processor.py:186} INFO - Started process (PID=2279) to work on /home/airflow/.local/lib/python3.12/site-packages/airflow/example_dags/example_xcomargs.py
[2024-09-15T08:02:38.721+0000] {processor.py:914} INFO - Processing file /home/airflow/.local/lib/python3.12/site-packages/airflow/example_dags/example_xcomargs.py for tasks to queue
[2024-09-15T08:02:38.724+0000] {logging_mixin.py:190} INFO - [2024-09-15T08:02:38.723+0000] {dagbag.py:587} INFO - Filling up the DagBag from /home/airflow/.local/lib/python3.12/site-packages/airflow/example_dags/example_xcomargs.py
[2024-09-15T08:02:38.750+0000] {processor.py:925} INFO - DAG(s) 'example_xcom_args', 'example_xcom_args_with_operators' retrieved from /home/airflow/.local/lib/python3.12/site-packages/airflow/example_dags/example_xcomargs.py
[2024-09-15T08:02:38.814+0000] {logging_mixin.py:190} INFO - [2024-09-15T08:02:38.814+0000] {dag.py:3229} INFO - Sync 2 DAGs
[2024-09-15T08:02:38.849+0000] {logging_mixin.py:190} INFO - [2024-09-15T08:02:38.848+0000] {dag.py:4156} INFO - Setting next_dagrun for example_xcom_args to None, run_after=None
[2024-09-15T08:02:38.857+0000] {logging_mixin.py:190} INFO - [2024-09-15T08:02:38.857+0000] {dag.py:4156} INFO - Setting next_dagrun for example_xcom_args_with_operators to None, run_after=None
[2024-09-15T08:02:38.897+0000] {processor.py:208} INFO - Processing /home/airflow/.local/lib/python3.12/site-packages/airflow/example_dags/example_xcomargs.py took 0.189 seconds
