[2024-09-15T06:52:24.660+0000] {processor.py:186} INFO - Started process (PID=71) to work on /home/airflow/.local/lib/python3.12/site-packages/airflow/example_dags/example_branch_python_dop_operator_3.py
[2024-09-15T06:52:24.677+0000] {processor.py:914} INFO - Processing file /home/airflow/.local/lib/python3.12/site-packages/airflow/example_dags/example_branch_python_dop_operator_3.py for tasks to queue
[2024-09-15T06:52:24.915+0000] {logging_mixin.py:190} INFO - [2024-09-15T06:52:24.914+0000] {dagbag.py:587} INFO - Filling up the DagBag from /home/airflow/.local/lib/python3.12/site-packages/airflow/example_dags/example_branch_python_dop_operator_3.py
[2024-09-15T06:52:25.833+0000] {processor.py:925} INFO - DAG(s) 'example_branch_dop_operator_v3' retrieved from /home/airflow/.local/lib/python3.12/site-packages/airflow/example_dags/example_branch_python_dop_operator_3.py
[2024-09-15T06:52:29.780+0000] {logging_mixin.py:190} INFO - [2024-09-15T06:52:29.763+0000] {override.py:1900} INFO - Created Permission View: can delete on DAG:example_branch_dop_operator_v3
[2024-09-15T06:52:30.146+0000] {logging_mixin.py:190} INFO - [2024-09-15T06:52:30.142+0000] {override.py:1900} INFO - Created Permission View: can edit on DAG:example_branch_dop_operator_v3
[2024-09-15T06:52:30.314+0000] {logging_mixin.py:190} INFO - [2024-09-15T06:52:30.312+0000] {override.py:1900} INFO - Created Permission View: can read on DAG:example_branch_dop_operator_v3
[2024-09-15T06:52:30.411+0000] {logging_mixin.py:190} INFO - [2024-09-15T06:52:30.410+0000] {override.py:1900} INFO - Created Permission View: can delete on DAG Run:example_branch_dop_operator_v3
[2024-09-15T06:52:30.461+0000] {logging_mixin.py:190} INFO - [2024-09-15T06:52:30.460+0000] {override.py:1900} INFO - Created Permission View: can create on DAG Run:example_branch_dop_operator_v3
[2024-09-15T06:52:30.575+0000] {logging_mixin.py:190} INFO - [2024-09-15T06:52:30.574+0000] {override.py:1900} INFO - Created Permission View: can read on DAG Run:example_branch_dop_operator_v3
[2024-09-15T06:52:30.667+0000] {logging_mixin.py:190} INFO - [2024-09-15T06:52:30.665+0000] {override.py:1900} INFO - Created Permission View: menu access on DAG Run:example_branch_dop_operator_v3
[2024-09-15T06:52:30.679+0000] {logging_mixin.py:190} INFO - [2024-09-15T06:52:30.678+0000] {dag.py:3229} INFO - Sync 1 DAGs
[2024-09-15T06:52:30.995+0000] {logging_mixin.py:190} INFO - [2024-09-15T06:52:30.994+0000] {dag.py:3252} INFO - Creating ORM DAG for example_branch_dop_operator_v3
[2024-09-15T06:52:31.823+0000] {logging_mixin.py:190} INFO - [2024-09-15T06:52:31.823+0000] {dag.py:4156} INFO - Setting next_dagrun for example_branch_dop_operator_v3 to 2024-09-15 06:51:00+00:00, run_after=2024-09-15 06:52:00+00:00
[2024-09-15T06:52:31.978+0000] {processor.py:208} INFO - Processing /home/airflow/.local/lib/python3.12/site-packages/airflow/example_dags/example_branch_python_dop_operator_3.py took 7.503 seconds
[2024-09-15T06:54:07.408+0000] {processor.py:186} INFO - Started process (PID=138) to work on /home/airflow/.local/lib/python3.12/site-packages/airflow/example_dags/example_branch_python_dop_operator_3.py
[2024-09-15T06:54:07.418+0000] {processor.py:914} INFO - Processing file /home/airflow/.local/lib/python3.12/site-packages/airflow/example_dags/example_branch_python_dop_operator_3.py for tasks to queue
[2024-09-15T06:54:07.423+0000] {logging_mixin.py:190} INFO - [2024-09-15T06:54:07.422+0000] {dagbag.py:587} INFO - Filling up the DagBag from /home/airflow/.local/lib/python3.12/site-packages/airflow/example_dags/example_branch_python_dop_operator_3.py
[2024-09-15T06:54:07.444+0000] {processor.py:925} INFO - DAG(s) 'example_branch_dop_operator_v3' retrieved from /home/airflow/.local/lib/python3.12/site-packages/airflow/example_dags/example_branch_python_dop_operator_3.py
[2024-09-15T06:54:07.484+0000] {logging_mixin.py:190} INFO - [2024-09-15T06:54:07.484+0000] {dag.py:3229} INFO - Sync 1 DAGs
[2024-09-15T06:54:07.541+0000] {logging_mixin.py:190} INFO - [2024-09-15T06:54:07.541+0000] {dag.py:4156} INFO - Setting next_dagrun for example_branch_dop_operator_v3 to 2024-09-15 06:53:00+00:00, run_after=2024-09-15 06:54:00+00:00
[2024-09-15T06:54:07.591+0000] {processor.py:208} INFO - Processing /home/airflow/.local/lib/python3.12/site-packages/airflow/example_dags/example_branch_python_dop_operator_3.py took 0.194 seconds
[2024-09-15T06:54:37.982+0000] {processor.py:186} INFO - Started process (PID=200) to work on /home/airflow/.local/lib/python3.12/site-packages/airflow/example_dags/example_branch_python_dop_operator_3.py
[2024-09-15T06:54:37.984+0000] {processor.py:914} INFO - Processing file /home/airflow/.local/lib/python3.12/site-packages/airflow/example_dags/example_branch_python_dop_operator_3.py for tasks to queue
[2024-09-15T06:54:37.990+0000] {logging_mixin.py:190} INFO - [2024-09-15T06:54:37.989+0000] {dagbag.py:587} INFO - Filling up the DagBag from /home/airflow/.local/lib/python3.12/site-packages/airflow/example_dags/example_branch_python_dop_operator_3.py
[2024-09-15T06:54:38.018+0000] {processor.py:925} INFO - DAG(s) 'example_branch_dop_operator_v3' retrieved from /home/airflow/.local/lib/python3.12/site-packages/airflow/example_dags/example_branch_python_dop_operator_3.py
[2024-09-15T06:54:38.083+0000] {logging_mixin.py:190} INFO - [2024-09-15T06:54:38.082+0000] {dag.py:3229} INFO - Sync 1 DAGs
[2024-09-15T06:54:38.165+0000] {logging_mixin.py:190} INFO - [2024-09-15T06:54:38.164+0000] {dag.py:4156} INFO - Setting next_dagrun for example_branch_dop_operator_v3 to 2024-09-15 06:53:00+00:00, run_after=2024-09-15 06:54:00+00:00
[2024-09-15T06:54:38.217+0000] {processor.py:208} INFO - Processing /home/airflow/.local/lib/python3.12/site-packages/airflow/example_dags/example_branch_python_dop_operator_3.py took 0.250 seconds
[2024-09-15T06:55:10.203+0000] {processor.py:186} INFO - Started process (PID=261) to work on /home/airflow/.local/lib/python3.12/site-packages/airflow/example_dags/example_branch_python_dop_operator_3.py
[2024-09-15T06:55:10.217+0000] {processor.py:914} INFO - Processing file /home/airflow/.local/lib/python3.12/site-packages/airflow/example_dags/example_branch_python_dop_operator_3.py for tasks to queue
[2024-09-15T06:55:10.237+0000] {logging_mixin.py:190} INFO - [2024-09-15T06:55:10.225+0000] {dagbag.py:587} INFO - Filling up the DagBag from /home/airflow/.local/lib/python3.12/site-packages/airflow/example_dags/example_branch_python_dop_operator_3.py
[2024-09-15T06:55:10.326+0000] {processor.py:925} INFO - DAG(s) 'example_branch_dop_operator_v3' retrieved from /home/airflow/.local/lib/python3.12/site-packages/airflow/example_dags/example_branch_python_dop_operator_3.py
[2024-09-15T06:55:10.526+0000] {logging_mixin.py:190} INFO - [2024-09-15T06:55:10.522+0000] {dag.py:3229} INFO - Sync 1 DAGs
[2024-09-15T06:55:10.762+0000] {logging_mixin.py:190} INFO - [2024-09-15T06:55:10.761+0000] {dag.py:4156} INFO - Setting next_dagrun for example_branch_dop_operator_v3 to 2024-09-15 06:54:00+00:00, run_after=2024-09-15 06:55:00+00:00
[2024-09-15T06:55:10.929+0000] {processor.py:208} INFO - Processing /home/airflow/.local/lib/python3.12/site-packages/airflow/example_dags/example_branch_python_dop_operator_3.py took 0.755 seconds
[2024-09-15T06:57:44.578+0000] {processor.py:186} INFO - Started process (PID=306) to work on /home/airflow/.local/lib/python3.12/site-packages/airflow/example_dags/example_branch_python_dop_operator_3.py
[2024-09-15T06:57:44.584+0000] {processor.py:914} INFO - Processing file /home/airflow/.local/lib/python3.12/site-packages/airflow/example_dags/example_branch_python_dop_operator_3.py for tasks to queue
[2024-09-15T06:57:44.588+0000] {logging_mixin.py:190} INFO - [2024-09-15T06:57:44.587+0000] {dagbag.py:587} INFO - Filling up the DagBag from /home/airflow/.local/lib/python3.12/site-packages/airflow/example_dags/example_branch_python_dop_operator_3.py
[2024-09-15T06:57:44.755+0000] {processor.py:925} INFO - DAG(s) 'example_branch_dop_operator_v3' retrieved from /home/airflow/.local/lib/python3.12/site-packages/airflow/example_dags/example_branch_python_dop_operator_3.py
[2024-09-15T06:57:44.901+0000] {logging_mixin.py:190} INFO - [2024-09-15T06:57:44.900+0000] {dag.py:3229} INFO - Sync 1 DAGs
[2024-09-15T06:57:45.379+0000] {logging_mixin.py:190} INFO - [2024-09-15T06:57:45.379+0000] {dag.py:4156} INFO - Setting next_dagrun for example_branch_dop_operator_v3 to 2024-09-15 06:56:00+00:00, run_after=2024-09-15 06:57:00+00:00
[2024-09-15T06:57:45.557+0000] {processor.py:208} INFO - Processing /home/airflow/.local/lib/python3.12/site-packages/airflow/example_dags/example_branch_python_dop_operator_3.py took 1.028 seconds
[2024-09-15T06:58:15.732+0000] {processor.py:186} INFO - Started process (PID=368) to work on /home/airflow/.local/lib/python3.12/site-packages/airflow/example_dags/example_branch_python_dop_operator_3.py
[2024-09-15T06:58:15.735+0000] {processor.py:914} INFO - Processing file /home/airflow/.local/lib/python3.12/site-packages/airflow/example_dags/example_branch_python_dop_operator_3.py for tasks to queue
[2024-09-15T06:58:15.738+0000] {logging_mixin.py:190} INFO - [2024-09-15T06:58:15.737+0000] {dagbag.py:587} INFO - Filling up the DagBag from /home/airflow/.local/lib/python3.12/site-packages/airflow/example_dags/example_branch_python_dop_operator_3.py
[2024-09-15T06:58:15.761+0000] {processor.py:925} INFO - DAG(s) 'example_branch_dop_operator_v3' retrieved from /home/airflow/.local/lib/python3.12/site-packages/airflow/example_dags/example_branch_python_dop_operator_3.py
[2024-09-15T06:58:15.812+0000] {logging_mixin.py:190} INFO - [2024-09-15T06:58:15.812+0000] {dag.py:3229} INFO - Sync 1 DAGs
[2024-09-15T06:58:15.881+0000] {logging_mixin.py:190} INFO - [2024-09-15T06:58:15.880+0000] {dag.py:4156} INFO - Setting next_dagrun for example_branch_dop_operator_v3 to 2024-09-15 06:57:00+00:00, run_after=2024-09-15 06:58:00+00:00
[2024-09-15T06:58:15.926+0000] {processor.py:208} INFO - Processing /home/airflow/.local/lib/python3.12/site-packages/airflow/example_dags/example_branch_python_dop_operator_3.py took 0.206 seconds
[2024-09-15T06:58:46.474+0000] {processor.py:186} INFO - Started process (PID=430) to work on /home/airflow/.local/lib/python3.12/site-packages/airflow/example_dags/example_branch_python_dop_operator_3.py
[2024-09-15T06:58:46.476+0000] {processor.py:914} INFO - Processing file /home/airflow/.local/lib/python3.12/site-packages/airflow/example_dags/example_branch_python_dop_operator_3.py for tasks to queue
[2024-09-15T06:58:46.479+0000] {logging_mixin.py:190} INFO - [2024-09-15T06:58:46.478+0000] {dagbag.py:587} INFO - Filling up the DagBag from /home/airflow/.local/lib/python3.12/site-packages/airflow/example_dags/example_branch_python_dop_operator_3.py
[2024-09-15T06:58:46.496+0000] {processor.py:925} INFO - DAG(s) 'example_branch_dop_operator_v3' retrieved from /home/airflow/.local/lib/python3.12/site-packages/airflow/example_dags/example_branch_python_dop_operator_3.py
[2024-09-15T06:58:46.536+0000] {logging_mixin.py:190} INFO - [2024-09-15T06:58:46.536+0000] {dag.py:3229} INFO - Sync 1 DAGs
[2024-09-15T06:58:46.589+0000] {logging_mixin.py:190} INFO - [2024-09-15T06:58:46.589+0000] {dag.py:4156} INFO - Setting next_dagrun for example_branch_dop_operator_v3 to 2024-09-15 06:57:00+00:00, run_after=2024-09-15 06:58:00+00:00
[2024-09-15T06:58:46.630+0000] {processor.py:208} INFO - Processing /home/airflow/.local/lib/python3.12/site-packages/airflow/example_dags/example_branch_python_dop_operator_3.py took 0.167 seconds
[2024-09-15T06:59:16.832+0000] {processor.py:186} INFO - Started process (PID=492) to work on /home/airflow/.local/lib/python3.12/site-packages/airflow/example_dags/example_branch_python_dop_operator_3.py
[2024-09-15T06:59:16.833+0000] {processor.py:914} INFO - Processing file /home/airflow/.local/lib/python3.12/site-packages/airflow/example_dags/example_branch_python_dop_operator_3.py for tasks to queue
[2024-09-15T06:59:16.836+0000] {logging_mixin.py:190} INFO - [2024-09-15T06:59:16.835+0000] {dagbag.py:587} INFO - Filling up the DagBag from /home/airflow/.local/lib/python3.12/site-packages/airflow/example_dags/example_branch_python_dop_operator_3.py
[2024-09-15T06:59:16.853+0000] {processor.py:925} INFO - DAG(s) 'example_branch_dop_operator_v3' retrieved from /home/airflow/.local/lib/python3.12/site-packages/airflow/example_dags/example_branch_python_dop_operator_3.py
[2024-09-15T06:59:16.889+0000] {logging_mixin.py:190} INFO - [2024-09-15T06:59:16.889+0000] {dag.py:3229} INFO - Sync 1 DAGs
[2024-09-15T06:59:16.942+0000] {logging_mixin.py:190} INFO - [2024-09-15T06:59:16.942+0000] {dag.py:4156} INFO - Setting next_dagrun for example_branch_dop_operator_v3 to 2024-09-15 06:58:00+00:00, run_after=2024-09-15 06:59:00+00:00
[2024-09-15T06:59:17.000+0000] {processor.py:208} INFO - Processing /home/airflow/.local/lib/python3.12/site-packages/airflow/example_dags/example_branch_python_dop_operator_3.py took 0.177 seconds
[2024-09-15T06:59:47.259+0000] {processor.py:186} INFO - Started process (PID=554) to work on /home/airflow/.local/lib/python3.12/site-packages/airflow/example_dags/example_branch_python_dop_operator_3.py
[2024-09-15T06:59:47.261+0000] {processor.py:914} INFO - Processing file /home/airflow/.local/lib/python3.12/site-packages/airflow/example_dags/example_branch_python_dop_operator_3.py for tasks to queue
[2024-09-15T06:59:47.264+0000] {logging_mixin.py:190} INFO - [2024-09-15T06:59:47.264+0000] {dagbag.py:587} INFO - Filling up the DagBag from /home/airflow/.local/lib/python3.12/site-packages/airflow/example_dags/example_branch_python_dop_operator_3.py
[2024-09-15T06:59:47.287+0000] {processor.py:925} INFO - DAG(s) 'example_branch_dop_operator_v3' retrieved from /home/airflow/.local/lib/python3.12/site-packages/airflow/example_dags/example_branch_python_dop_operator_3.py
[2024-09-15T06:59:47.341+0000] {logging_mixin.py:190} INFO - [2024-09-15T06:59:47.341+0000] {dag.py:3229} INFO - Sync 1 DAGs
[2024-09-15T06:59:47.417+0000] {logging_mixin.py:190} INFO - [2024-09-15T06:59:47.417+0000] {dag.py:4156} INFO - Setting next_dagrun for example_branch_dop_operator_v3 to 2024-09-15 06:58:00+00:00, run_after=2024-09-15 06:59:00+00:00
[2024-09-15T06:59:47.468+0000] {processor.py:208} INFO - Processing /home/airflow/.local/lib/python3.12/site-packages/airflow/example_dags/example_branch_python_dop_operator_3.py took 0.223 seconds
[2024-09-15T07:00:33.743+0000] {processor.py:186} INFO - Started process (PID=610) to work on /home/airflow/.local/lib/python3.12/site-packages/airflow/example_dags/example_branch_python_dop_operator_3.py
[2024-09-15T07:00:33.745+0000] {processor.py:914} INFO - Processing file /home/airflow/.local/lib/python3.12/site-packages/airflow/example_dags/example_branch_python_dop_operator_3.py for tasks to queue
[2024-09-15T07:00:33.749+0000] {logging_mixin.py:190} INFO - [2024-09-15T07:00:33.748+0000] {dagbag.py:587} INFO - Filling up the DagBag from /home/airflow/.local/lib/python3.12/site-packages/airflow/example_dags/example_branch_python_dop_operator_3.py
[2024-09-15T07:00:33.787+0000] {processor.py:925} INFO - DAG(s) 'example_branch_dop_operator_v3' retrieved from /home/airflow/.local/lib/python3.12/site-packages/airflow/example_dags/example_branch_python_dop_operator_3.py
[2024-09-15T07:00:34.635+0000] {logging_mixin.py:190} INFO - [2024-09-15T07:00:34.633+0000] {dag.py:3229} INFO - Sync 1 DAGs
[2024-09-15T07:00:34.738+0000] {logging_mixin.py:190} INFO - [2024-09-15T07:00:34.738+0000] {dag.py:4156} INFO - Setting next_dagrun for example_branch_dop_operator_v3 to 2024-09-15 06:59:00+00:00, run_after=2024-09-15 07:00:00+00:00
[2024-09-15T07:00:34.806+0000] {processor.py:208} INFO - Processing /home/airflow/.local/lib/python3.12/site-packages/airflow/example_dags/example_branch_python_dop_operator_3.py took 1.081 seconds
[2024-09-15T07:01:05.377+0000] {processor.py:186} INFO - Started process (PID=672) to work on /home/airflow/.local/lib/python3.12/site-packages/airflow/example_dags/example_branch_python_dop_operator_3.py
[2024-09-15T07:01:05.379+0000] {processor.py:914} INFO - Processing file /home/airflow/.local/lib/python3.12/site-packages/airflow/example_dags/example_branch_python_dop_operator_3.py for tasks to queue
[2024-09-15T07:01:05.382+0000] {logging_mixin.py:190} INFO - [2024-09-15T07:01:05.382+0000] {dagbag.py:587} INFO - Filling up the DagBag from /home/airflow/.local/lib/python3.12/site-packages/airflow/example_dags/example_branch_python_dop_operator_3.py
[2024-09-15T07:01:05.404+0000] {processor.py:925} INFO - DAG(s) 'example_branch_dop_operator_v3' retrieved from /home/airflow/.local/lib/python3.12/site-packages/airflow/example_dags/example_branch_python_dop_operator_3.py
[2024-09-15T07:01:05.463+0000] {logging_mixin.py:190} INFO - [2024-09-15T07:01:05.462+0000] {dag.py:3229} INFO - Sync 1 DAGs
[2024-09-15T07:01:05.535+0000] {logging_mixin.py:190} INFO - [2024-09-15T07:01:05.534+0000] {dag.py:4156} INFO - Setting next_dagrun for example_branch_dop_operator_v3 to 2024-09-15 07:00:00+00:00, run_after=2024-09-15 07:01:00+00:00
[2024-09-15T07:01:05.577+0000] {processor.py:208} INFO - Processing /home/airflow/.local/lib/python3.12/site-packages/airflow/example_dags/example_branch_python_dop_operator_3.py took 0.217 seconds
[2024-09-15T07:04:35.661+0000] {processor.py:186} INFO - Started process (PID=687) to work on /home/airflow/.local/lib/python3.12/site-packages/airflow/example_dags/example_branch_python_dop_operator_3.py
[2024-09-15T07:04:35.663+0000] {processor.py:914} INFO - Processing file /home/airflow/.local/lib/python3.12/site-packages/airflow/example_dags/example_branch_python_dop_operator_3.py for tasks to queue
[2024-09-15T07:04:35.667+0000] {logging_mixin.py:190} INFO - [2024-09-15T07:04:35.666+0000] {dagbag.py:587} INFO - Filling up the DagBag from /home/airflow/.local/lib/python3.12/site-packages/airflow/example_dags/example_branch_python_dop_operator_3.py
[2024-09-15T07:04:35.716+0000] {processor.py:925} INFO - DAG(s) 'example_branch_dop_operator_v3' retrieved from /home/airflow/.local/lib/python3.12/site-packages/airflow/example_dags/example_branch_python_dop_operator_3.py
[2024-09-15T07:04:35.764+0000] {logging_mixin.py:190} INFO - [2024-09-15T07:04:35.763+0000] {dag.py:3229} INFO - Sync 1 DAGs
[2024-09-15T07:04:35.831+0000] {logging_mixin.py:190} INFO - [2024-09-15T07:04:35.831+0000] {dag.py:4156} INFO - Setting next_dagrun for example_branch_dop_operator_v3 to 2024-09-15 07:03:00+00:00, run_after=2024-09-15 07:04:00+00:00
[2024-09-15T07:04:35.884+0000] {processor.py:208} INFO - Processing /home/airflow/.local/lib/python3.12/site-packages/airflow/example_dags/example_branch_python_dop_operator_3.py took 0.240 seconds
[2024-09-15T07:05:06.601+0000] {processor.py:186} INFO - Started process (PID=748) to work on /home/airflow/.local/lib/python3.12/site-packages/airflow/example_dags/example_branch_python_dop_operator_3.py
[2024-09-15T07:05:06.604+0000] {processor.py:914} INFO - Processing file /home/airflow/.local/lib/python3.12/site-packages/airflow/example_dags/example_branch_python_dop_operator_3.py for tasks to queue
[2024-09-15T07:05:06.607+0000] {logging_mixin.py:190} INFO - [2024-09-15T07:05:06.606+0000] {dagbag.py:587} INFO - Filling up the DagBag from /home/airflow/.local/lib/python3.12/site-packages/airflow/example_dags/example_branch_python_dop_operator_3.py
[2024-09-15T07:05:06.633+0000] {processor.py:925} INFO - DAG(s) 'example_branch_dop_operator_v3' retrieved from /home/airflow/.local/lib/python3.12/site-packages/airflow/example_dags/example_branch_python_dop_operator_3.py
[2024-09-15T07:05:06.678+0000] {logging_mixin.py:190} INFO - [2024-09-15T07:05:06.677+0000] {dag.py:3229} INFO - Sync 1 DAGs
[2024-09-15T07:05:06.761+0000] {logging_mixin.py:190} INFO - [2024-09-15T07:05:06.760+0000] {dag.py:4156} INFO - Setting next_dagrun for example_branch_dop_operator_v3 to 2024-09-15 07:04:00+00:00, run_after=2024-09-15 07:05:00+00:00
[2024-09-15T07:05:06.818+0000] {processor.py:208} INFO - Processing /home/airflow/.local/lib/python3.12/site-packages/airflow/example_dags/example_branch_python_dop_operator_3.py took 0.232 seconds
[2024-09-15T07:05:36.934+0000] {processor.py:186} INFO - Started process (PID=810) to work on /home/airflow/.local/lib/python3.12/site-packages/airflow/example_dags/example_branch_python_dop_operator_3.py
[2024-09-15T07:05:36.936+0000] {processor.py:914} INFO - Processing file /home/airflow/.local/lib/python3.12/site-packages/airflow/example_dags/example_branch_python_dop_operator_3.py for tasks to queue
[2024-09-15T07:05:36.938+0000] {logging_mixin.py:190} INFO - [2024-09-15T07:05:36.938+0000] {dagbag.py:587} INFO - Filling up the DagBag from /home/airflow/.local/lib/python3.12/site-packages/airflow/example_dags/example_branch_python_dop_operator_3.py
[2024-09-15T07:05:36.956+0000] {processor.py:925} INFO - DAG(s) 'example_branch_dop_operator_v3' retrieved from /home/airflow/.local/lib/python3.12/site-packages/airflow/example_dags/example_branch_python_dop_operator_3.py
[2024-09-15T07:05:36.993+0000] {logging_mixin.py:190} INFO - [2024-09-15T07:05:36.992+0000] {dag.py:3229} INFO - Sync 1 DAGs
[2024-09-15T07:05:37.050+0000] {logging_mixin.py:190} INFO - [2024-09-15T07:05:37.049+0000] {dag.py:4156} INFO - Setting next_dagrun for example_branch_dop_operator_v3 to 2024-09-15 07:04:00+00:00, run_after=2024-09-15 07:05:00+00:00
[2024-09-15T07:05:37.093+0000] {processor.py:208} INFO - Processing /home/airflow/.local/lib/python3.12/site-packages/airflow/example_dags/example_branch_python_dop_operator_3.py took 0.169 seconds
[2024-09-15T07:06:07.189+0000] {processor.py:186} INFO - Started process (PID=872) to work on /home/airflow/.local/lib/python3.12/site-packages/airflow/example_dags/example_branch_python_dop_operator_3.py
[2024-09-15T07:06:07.191+0000] {processor.py:914} INFO - Processing file /home/airflow/.local/lib/python3.12/site-packages/airflow/example_dags/example_branch_python_dop_operator_3.py for tasks to queue
[2024-09-15T07:06:07.194+0000] {logging_mixin.py:190} INFO - [2024-09-15T07:06:07.193+0000] {dagbag.py:587} INFO - Filling up the DagBag from /home/airflow/.local/lib/python3.12/site-packages/airflow/example_dags/example_branch_python_dop_operator_3.py
[2024-09-15T07:06:07.216+0000] {processor.py:925} INFO - DAG(s) 'example_branch_dop_operator_v3' retrieved from /home/airflow/.local/lib/python3.12/site-packages/airflow/example_dags/example_branch_python_dop_operator_3.py
[2024-09-15T07:06:07.249+0000] {logging_mixin.py:190} INFO - [2024-09-15T07:06:07.249+0000] {dag.py:3229} INFO - Sync 1 DAGs
[2024-09-15T07:06:07.297+0000] {logging_mixin.py:190} INFO - [2024-09-15T07:06:07.297+0000] {dag.py:4156} INFO - Setting next_dagrun for example_branch_dop_operator_v3 to 2024-09-15 07:05:00+00:00, run_after=2024-09-15 07:06:00+00:00
[2024-09-15T07:06:07.341+0000] {processor.py:208} INFO - Processing /home/airflow/.local/lib/python3.12/site-packages/airflow/example_dags/example_branch_python_dop_operator_3.py took 0.161 seconds
[2024-09-15T07:06:37.986+0000] {processor.py:186} INFO - Started process (PID=933) to work on /home/airflow/.local/lib/python3.12/site-packages/airflow/example_dags/example_branch_python_dop_operator_3.py
[2024-09-15T07:06:37.988+0000] {processor.py:914} INFO - Processing file /home/airflow/.local/lib/python3.12/site-packages/airflow/example_dags/example_branch_python_dop_operator_3.py for tasks to queue
[2024-09-15T07:06:37.991+0000] {logging_mixin.py:190} INFO - [2024-09-15T07:06:37.991+0000] {dagbag.py:587} INFO - Filling up the DagBag from /home/airflow/.local/lib/python3.12/site-packages/airflow/example_dags/example_branch_python_dop_operator_3.py
[2024-09-15T07:06:38.014+0000] {processor.py:925} INFO - DAG(s) 'example_branch_dop_operator_v3' retrieved from /home/airflow/.local/lib/python3.12/site-packages/airflow/example_dags/example_branch_python_dop_operator_3.py
[2024-09-15T07:06:38.055+0000] {logging_mixin.py:190} INFO - [2024-09-15T07:06:38.055+0000] {dag.py:3229} INFO - Sync 1 DAGs
[2024-09-15T07:06:38.127+0000] {logging_mixin.py:190} INFO - [2024-09-15T07:06:38.126+0000] {dag.py:4156} INFO - Setting next_dagrun for example_branch_dop_operator_v3 to 2024-09-15 07:05:00+00:00, run_after=2024-09-15 07:06:00+00:00
[2024-09-15T07:06:38.170+0000] {processor.py:208} INFO - Processing /home/airflow/.local/lib/python3.12/site-packages/airflow/example_dags/example_branch_python_dop_operator_3.py took 0.194 seconds
[2024-09-15T07:07:08.746+0000] {processor.py:186} INFO - Started process (PID=996) to work on /home/airflow/.local/lib/python3.12/site-packages/airflow/example_dags/example_branch_python_dop_operator_3.py
[2024-09-15T07:07:08.752+0000] {processor.py:914} INFO - Processing file /home/airflow/.local/lib/python3.12/site-packages/airflow/example_dags/example_branch_python_dop_operator_3.py for tasks to queue
[2024-09-15T07:07:08.757+0000] {logging_mixin.py:190} INFO - [2024-09-15T07:07:08.754+0000] {dagbag.py:587} INFO - Filling up the DagBag from /home/airflow/.local/lib/python3.12/site-packages/airflow/example_dags/example_branch_python_dop_operator_3.py
[2024-09-15T07:07:08.836+0000] {processor.py:925} INFO - DAG(s) 'example_branch_dop_operator_v3' retrieved from /home/airflow/.local/lib/python3.12/site-packages/airflow/example_dags/example_branch_python_dop_operator_3.py
[2024-09-15T07:07:24.230+0000] {logging_mixin.py:190} INFO - [2024-09-15T07:07:24.228+0000] {dag.py:3229} INFO - Sync 1 DAGs
[2024-09-15T07:07:24.375+0000] {logging_mixin.py:190} INFO - [2024-09-15T07:07:24.371+0000] {dag.py:4156} INFO - Setting next_dagrun for example_branch_dop_operator_v3 to 2024-09-15 07:06:00+00:00, run_after=2024-09-15 07:07:00+00:00
[2024-09-15T07:07:24.428+0000] {processor.py:208} INFO - Processing /home/airflow/.local/lib/python3.12/site-packages/airflow/example_dags/example_branch_python_dop_operator_3.py took 15.704 seconds
[2024-09-15T07:07:54.853+0000] {processor.py:186} INFO - Started process (PID=1058) to work on /home/airflow/.local/lib/python3.12/site-packages/airflow/example_dags/example_branch_python_dop_operator_3.py
[2024-09-15T07:07:54.855+0000] {processor.py:914} INFO - Processing file /home/airflow/.local/lib/python3.12/site-packages/airflow/example_dags/example_branch_python_dop_operator_3.py for tasks to queue
[2024-09-15T07:07:54.857+0000] {logging_mixin.py:190} INFO - [2024-09-15T07:07:54.856+0000] {dagbag.py:587} INFO - Filling up the DagBag from /home/airflow/.local/lib/python3.12/site-packages/airflow/example_dags/example_branch_python_dop_operator_3.py
[2024-09-15T07:07:54.877+0000] {processor.py:925} INFO - DAG(s) 'example_branch_dop_operator_v3' retrieved from /home/airflow/.local/lib/python3.12/site-packages/airflow/example_dags/example_branch_python_dop_operator_3.py
[2024-09-15T07:07:54.925+0000] {logging_mixin.py:190} INFO - [2024-09-15T07:07:54.925+0000] {dag.py:3229} INFO - Sync 1 DAGs
[2024-09-15T07:07:55.004+0000] {logging_mixin.py:190} INFO - [2024-09-15T07:07:55.004+0000] {dag.py:4156} INFO - Setting next_dagrun for example_branch_dop_operator_v3 to 2024-09-15 07:06:00+00:00, run_after=2024-09-15 07:07:00+00:00
[2024-09-15T07:07:55.062+0000] {processor.py:208} INFO - Processing /home/airflow/.local/lib/python3.12/site-packages/airflow/example_dags/example_branch_python_dop_operator_3.py took 0.221 seconds
[2024-09-15T07:12:17.129+0000] {processor.py:186} INFO - Started process (PID=1110) to work on /home/airflow/.local/lib/python3.12/site-packages/airflow/example_dags/example_branch_python_dop_operator_3.py
[2024-09-15T07:12:17.132+0000] {processor.py:914} INFO - Processing file /home/airflow/.local/lib/python3.12/site-packages/airflow/example_dags/example_branch_python_dop_operator_3.py for tasks to queue
[2024-09-15T07:12:17.135+0000] {logging_mixin.py:190} INFO - [2024-09-15T07:12:17.134+0000] {dagbag.py:587} INFO - Filling up the DagBag from /home/airflow/.local/lib/python3.12/site-packages/airflow/example_dags/example_branch_python_dop_operator_3.py
[2024-09-15T07:12:17.177+0000] {processor.py:925} INFO - DAG(s) 'example_branch_dop_operator_v3' retrieved from /home/airflow/.local/lib/python3.12/site-packages/airflow/example_dags/example_branch_python_dop_operator_3.py
[2024-09-15T07:12:17.228+0000] {logging_mixin.py:190} INFO - [2024-09-15T07:12:17.228+0000] {dag.py:3229} INFO - Sync 1 DAGs
[2024-09-15T07:12:17.354+0000] {logging_mixin.py:190} INFO - [2024-09-15T07:12:17.352+0000] {dag.py:4156} INFO - Setting next_dagrun for example_branch_dop_operator_v3 to 2024-09-15 07:11:00+00:00, run_after=2024-09-15 07:12:00+00:00
[2024-09-15T07:12:17.421+0000] {processor.py:208} INFO - Processing /home/airflow/.local/lib/python3.12/site-packages/airflow/example_dags/example_branch_python_dop_operator_3.py took 0.311 seconds
[2024-09-15T07:12:48.089+0000] {processor.py:186} INFO - Started process (PID=1172) to work on /home/airflow/.local/lib/python3.12/site-packages/airflow/example_dags/example_branch_python_dop_operator_3.py
[2024-09-15T07:12:48.091+0000] {processor.py:914} INFO - Processing file /home/airflow/.local/lib/python3.12/site-packages/airflow/example_dags/example_branch_python_dop_operator_3.py for tasks to queue
[2024-09-15T07:12:48.095+0000] {logging_mixin.py:190} INFO - [2024-09-15T07:12:48.094+0000] {dagbag.py:587} INFO - Filling up the DagBag from /home/airflow/.local/lib/python3.12/site-packages/airflow/example_dags/example_branch_python_dop_operator_3.py
[2024-09-15T07:12:48.121+0000] {processor.py:925} INFO - DAG(s) 'example_branch_dop_operator_v3' retrieved from /home/airflow/.local/lib/python3.12/site-packages/airflow/example_dags/example_branch_python_dop_operator_3.py
[2024-09-15T07:12:48.174+0000] {logging_mixin.py:190} INFO - [2024-09-15T07:12:48.173+0000] {dag.py:3229} INFO - Sync 1 DAGs
[2024-09-15T07:12:48.290+0000] {logging_mixin.py:190} INFO - [2024-09-15T07:12:48.284+0000] {dag.py:4156} INFO - Setting next_dagrun for example_branch_dop_operator_v3 to 2024-09-15 07:11:00+00:00, run_after=2024-09-15 07:12:00+00:00
[2024-09-15T07:12:48.353+0000] {processor.py:208} INFO - Processing /home/airflow/.local/lib/python3.12/site-packages/airflow/example_dags/example_branch_python_dop_operator_3.py took 0.279 seconds
[2024-09-15T07:13:18.991+0000] {processor.py:186} INFO - Started process (PID=1234) to work on /home/airflow/.local/lib/python3.12/site-packages/airflow/example_dags/example_branch_python_dop_operator_3.py
[2024-09-15T07:13:18.993+0000] {processor.py:914} INFO - Processing file /home/airflow/.local/lib/python3.12/site-packages/airflow/example_dags/example_branch_python_dop_operator_3.py for tasks to queue
[2024-09-15T07:13:18.996+0000] {logging_mixin.py:190} INFO - [2024-09-15T07:13:18.995+0000] {dagbag.py:587} INFO - Filling up the DagBag from /home/airflow/.local/lib/python3.12/site-packages/airflow/example_dags/example_branch_python_dop_operator_3.py
[2024-09-15T07:13:19.020+0000] {processor.py:925} INFO - DAG(s) 'example_branch_dop_operator_v3' retrieved from /home/airflow/.local/lib/python3.12/site-packages/airflow/example_dags/example_branch_python_dop_operator_3.py
[2024-09-15T07:13:19.055+0000] {logging_mixin.py:190} INFO - [2024-09-15T07:13:19.055+0000] {dag.py:3229} INFO - Sync 1 DAGs
[2024-09-15T07:13:19.112+0000] {logging_mixin.py:190} INFO - [2024-09-15T07:13:19.112+0000] {dag.py:4156} INFO - Setting next_dagrun for example_branch_dop_operator_v3 to 2024-09-15 07:12:00+00:00, run_after=2024-09-15 07:13:00+00:00
[2024-09-15T07:13:19.154+0000] {processor.py:208} INFO - Processing /home/airflow/.local/lib/python3.12/site-packages/airflow/example_dags/example_branch_python_dop_operator_3.py took 0.173 seconds
[2024-09-15T07:13:49.330+0000] {processor.py:186} INFO - Started process (PID=1297) to work on /home/airflow/.local/lib/python3.12/site-packages/airflow/example_dags/example_branch_python_dop_operator_3.py
[2024-09-15T07:13:49.332+0000] {processor.py:914} INFO - Processing file /home/airflow/.local/lib/python3.12/site-packages/airflow/example_dags/example_branch_python_dop_operator_3.py for tasks to queue
[2024-09-15T07:13:49.340+0000] {logging_mixin.py:190} INFO - [2024-09-15T07:13:49.339+0000] {dagbag.py:587} INFO - Filling up the DagBag from /home/airflow/.local/lib/python3.12/site-packages/airflow/example_dags/example_branch_python_dop_operator_3.py
[2024-09-15T07:13:49.359+0000] {processor.py:925} INFO - DAG(s) 'example_branch_dop_operator_v3' retrieved from /home/airflow/.local/lib/python3.12/site-packages/airflow/example_dags/example_branch_python_dop_operator_3.py
[2024-09-15T07:13:49.404+0000] {logging_mixin.py:190} INFO - [2024-09-15T07:13:49.404+0000] {dag.py:3229} INFO - Sync 1 DAGs
[2024-09-15T07:13:49.455+0000] {logging_mixin.py:190} INFO - [2024-09-15T07:13:49.455+0000] {dag.py:4156} INFO - Setting next_dagrun for example_branch_dop_operator_v3 to 2024-09-15 07:12:00+00:00, run_after=2024-09-15 07:13:00+00:00
[2024-09-15T07:13:49.499+0000] {processor.py:208} INFO - Processing /home/airflow/.local/lib/python3.12/site-packages/airflow/example_dags/example_branch_python_dop_operator_3.py took 0.180 seconds
[2024-09-15T07:14:19.677+0000] {processor.py:186} INFO - Started process (PID=1360) to work on /home/airflow/.local/lib/python3.12/site-packages/airflow/example_dags/example_branch_python_dop_operator_3.py
[2024-09-15T07:14:19.679+0000] {processor.py:914} INFO - Processing file /home/airflow/.local/lib/python3.12/site-packages/airflow/example_dags/example_branch_python_dop_operator_3.py for tasks to queue
[2024-09-15T07:14:19.682+0000] {logging_mixin.py:190} INFO - [2024-09-15T07:14:19.681+0000] {dagbag.py:587} INFO - Filling up the DagBag from /home/airflow/.local/lib/python3.12/site-packages/airflow/example_dags/example_branch_python_dop_operator_3.py
[2024-09-15T07:14:19.704+0000] {processor.py:925} INFO - DAG(s) 'example_branch_dop_operator_v3' retrieved from /home/airflow/.local/lib/python3.12/site-packages/airflow/example_dags/example_branch_python_dop_operator_3.py
[2024-09-15T07:14:19.742+0000] {logging_mixin.py:190} INFO - [2024-09-15T07:14:19.741+0000] {dag.py:3229} INFO - Sync 1 DAGs
[2024-09-15T07:14:19.797+0000] {logging_mixin.py:190} INFO - [2024-09-15T07:14:19.797+0000] {dag.py:4156} INFO - Setting next_dagrun for example_branch_dop_operator_v3 to 2024-09-15 07:13:00+00:00, run_after=2024-09-15 07:14:00+00:00
[2024-09-15T07:14:19.834+0000] {processor.py:208} INFO - Processing /home/airflow/.local/lib/python3.12/site-packages/airflow/example_dags/example_branch_python_dop_operator_3.py took 0.172 seconds
[2024-09-15T07:14:50.181+0000] {processor.py:186} INFO - Started process (PID=1422) to work on /home/airflow/.local/lib/python3.12/site-packages/airflow/example_dags/example_branch_python_dop_operator_3.py
[2024-09-15T07:14:50.183+0000] {processor.py:914} INFO - Processing file /home/airflow/.local/lib/python3.12/site-packages/airflow/example_dags/example_branch_python_dop_operator_3.py for tasks to queue
[2024-09-15T07:14:50.187+0000] {logging_mixin.py:190} INFO - [2024-09-15T07:14:50.186+0000] {dagbag.py:587} INFO - Filling up the DagBag from /home/airflow/.local/lib/python3.12/site-packages/airflow/example_dags/example_branch_python_dop_operator_3.py
[2024-09-15T07:14:50.217+0000] {processor.py:925} INFO - DAG(s) 'example_branch_dop_operator_v3' retrieved from /home/airflow/.local/lib/python3.12/site-packages/airflow/example_dags/example_branch_python_dop_operator_3.py
[2024-09-15T07:14:50.259+0000] {logging_mixin.py:190} INFO - [2024-09-15T07:14:50.258+0000] {dag.py:3229} INFO - Sync 1 DAGs
[2024-09-15T07:14:50.327+0000] {logging_mixin.py:190} INFO - [2024-09-15T07:14:50.326+0000] {dag.py:4156} INFO - Setting next_dagrun for example_branch_dop_operator_v3 to 2024-09-15 07:13:00+00:00, run_after=2024-09-15 07:14:00+00:00
[2024-09-15T07:14:50.373+0000] {processor.py:208} INFO - Processing /home/airflow/.local/lib/python3.12/site-packages/airflow/example_dags/example_branch_python_dop_operator_3.py took 0.206 seconds
[2024-09-15T07:15:20.813+0000] {processor.py:186} INFO - Started process (PID=1483) to work on /home/airflow/.local/lib/python3.12/site-packages/airflow/example_dags/example_branch_python_dop_operator_3.py
[2024-09-15T07:15:20.815+0000] {processor.py:914} INFO - Processing file /home/airflow/.local/lib/python3.12/site-packages/airflow/example_dags/example_branch_python_dop_operator_3.py for tasks to queue
[2024-09-15T07:15:20.819+0000] {logging_mixin.py:190} INFO - [2024-09-15T07:15:20.818+0000] {dagbag.py:587} INFO - Filling up the DagBag from /home/airflow/.local/lib/python3.12/site-packages/airflow/example_dags/example_branch_python_dop_operator_3.py
[2024-09-15T07:15:20.851+0000] {processor.py:925} INFO - DAG(s) 'example_branch_dop_operator_v3' retrieved from /home/airflow/.local/lib/python3.12/site-packages/airflow/example_dags/example_branch_python_dop_operator_3.py
[2024-09-15T07:15:21.082+0000] {logging_mixin.py:190} INFO - [2024-09-15T07:15:21.082+0000] {dag.py:3229} INFO - Sync 1 DAGs
[2024-09-15T07:15:21.159+0000] {logging_mixin.py:190} INFO - [2024-09-15T07:15:21.158+0000] {dag.py:4156} INFO - Setting next_dagrun for example_branch_dop_operator_v3 to 2024-09-15 07:14:00+00:00, run_after=2024-09-15 07:15:00+00:00
[2024-09-15T07:15:21.215+0000] {processor.py:208} INFO - Processing /home/airflow/.local/lib/python3.12/site-packages/airflow/example_dags/example_branch_python_dop_operator_3.py took 0.421 seconds
[2024-09-15T07:15:51.543+0000] {processor.py:186} INFO - Started process (PID=1544) to work on /home/airflow/.local/lib/python3.12/site-packages/airflow/example_dags/example_branch_python_dop_operator_3.py
[2024-09-15T07:15:51.545+0000] {processor.py:914} INFO - Processing file /home/airflow/.local/lib/python3.12/site-packages/airflow/example_dags/example_branch_python_dop_operator_3.py for tasks to queue
[2024-09-15T07:15:51.547+0000] {logging_mixin.py:190} INFO - [2024-09-15T07:15:51.547+0000] {dagbag.py:587} INFO - Filling up the DagBag from /home/airflow/.local/lib/python3.12/site-packages/airflow/example_dags/example_branch_python_dop_operator_3.py
[2024-09-15T07:15:51.566+0000] {processor.py:925} INFO - DAG(s) 'example_branch_dop_operator_v3' retrieved from /home/airflow/.local/lib/python3.12/site-packages/airflow/example_dags/example_branch_python_dop_operator_3.py
[2024-09-15T07:15:51.603+0000] {logging_mixin.py:190} INFO - [2024-09-15T07:15:51.603+0000] {dag.py:3229} INFO - Sync 1 DAGs
[2024-09-15T07:15:51.662+0000] {logging_mixin.py:190} INFO - [2024-09-15T07:15:51.662+0000] {dag.py:4156} INFO - Setting next_dagrun for example_branch_dop_operator_v3 to 2024-09-15 07:14:00+00:00, run_after=2024-09-15 07:15:00+00:00
[2024-09-15T07:15:51.701+0000] {processor.py:208} INFO - Processing /home/airflow/.local/lib/python3.12/site-packages/airflow/example_dags/example_branch_python_dop_operator_3.py took 0.168 seconds
[2024-09-15T07:18:19.929+0000] {processor.py:186} INFO - Started process (PID=1600) to work on /home/airflow/.local/lib/python3.12/site-packages/airflow/example_dags/example_branch_python_dop_operator_3.py
[2024-09-15T07:18:19.932+0000] {processor.py:914} INFO - Processing file /home/airflow/.local/lib/python3.12/site-packages/airflow/example_dags/example_branch_python_dop_operator_3.py for tasks to queue
[2024-09-15T07:18:19.935+0000] {logging_mixin.py:190} INFO - [2024-09-15T07:18:19.935+0000] {dagbag.py:587} INFO - Filling up the DagBag from /home/airflow/.local/lib/python3.12/site-packages/airflow/example_dags/example_branch_python_dop_operator_3.py
[2024-09-15T07:18:19.989+0000] {processor.py:925} INFO - DAG(s) 'example_branch_dop_operator_v3' retrieved from /home/airflow/.local/lib/python3.12/site-packages/airflow/example_dags/example_branch_python_dop_operator_3.py
[2024-09-15T07:18:20.055+0000] {logging_mixin.py:190} INFO - [2024-09-15T07:18:20.055+0000] {dag.py:3229} INFO - Sync 1 DAGs
[2024-09-15T07:18:20.219+0000] {logging_mixin.py:190} INFO - [2024-09-15T07:18:20.217+0000] {dag.py:4156} INFO - Setting next_dagrun for example_branch_dop_operator_v3 to 2024-09-15 07:17:00+00:00, run_after=2024-09-15 07:18:00+00:00
[2024-09-15T07:18:20.299+0000] {processor.py:208} INFO - Processing /home/airflow/.local/lib/python3.12/site-packages/airflow/example_dags/example_branch_python_dop_operator_3.py took 0.389 seconds
[2024-09-15T07:18:51.146+0000] {processor.py:186} INFO - Started process (PID=1662) to work on /home/airflow/.local/lib/python3.12/site-packages/airflow/example_dags/example_branch_python_dop_operator_3.py
[2024-09-15T07:18:51.148+0000] {processor.py:914} INFO - Processing file /home/airflow/.local/lib/python3.12/site-packages/airflow/example_dags/example_branch_python_dop_operator_3.py for tasks to queue
[2024-09-15T07:18:51.152+0000] {logging_mixin.py:190} INFO - [2024-09-15T07:18:51.151+0000] {dagbag.py:587} INFO - Filling up the DagBag from /home/airflow/.local/lib/python3.12/site-packages/airflow/example_dags/example_branch_python_dop_operator_3.py
[2024-09-15T07:18:51.177+0000] {processor.py:925} INFO - DAG(s) 'example_branch_dop_operator_v3' retrieved from /home/airflow/.local/lib/python3.12/site-packages/airflow/example_dags/example_branch_python_dop_operator_3.py
[2024-09-15T07:18:51.220+0000] {logging_mixin.py:190} INFO - [2024-09-15T07:18:51.219+0000] {dag.py:3229} INFO - Sync 1 DAGs
[2024-09-15T07:18:51.292+0000] {logging_mixin.py:190} INFO - [2024-09-15T07:18:51.292+0000] {dag.py:4156} INFO - Setting next_dagrun for example_branch_dop_operator_v3 to 2024-09-15 07:17:00+00:00, run_after=2024-09-15 07:18:00+00:00
[2024-09-15T07:18:51.358+0000] {processor.py:208} INFO - Processing /home/airflow/.local/lib/python3.12/site-packages/airflow/example_dags/example_branch_python_dop_operator_3.py took 0.226 seconds
[2024-09-15T07:19:21.457+0000] {processor.py:186} INFO - Started process (PID=1724) to work on /home/airflow/.local/lib/python3.12/site-packages/airflow/example_dags/example_branch_python_dop_operator_3.py
[2024-09-15T07:19:21.459+0000] {processor.py:914} INFO - Processing file /home/airflow/.local/lib/python3.12/site-packages/airflow/example_dags/example_branch_python_dop_operator_3.py for tasks to queue
[2024-09-15T07:19:21.461+0000] {logging_mixin.py:190} INFO - [2024-09-15T07:19:21.461+0000] {dagbag.py:587} INFO - Filling up the DagBag from /home/airflow/.local/lib/python3.12/site-packages/airflow/example_dags/example_branch_python_dop_operator_3.py
[2024-09-15T07:19:21.479+0000] {processor.py:925} INFO - DAG(s) 'example_branch_dop_operator_v3' retrieved from /home/airflow/.local/lib/python3.12/site-packages/airflow/example_dags/example_branch_python_dop_operator_3.py
[2024-09-15T07:19:21.514+0000] {logging_mixin.py:190} INFO - [2024-09-15T07:19:21.514+0000] {dag.py:3229} INFO - Sync 1 DAGs
[2024-09-15T07:19:21.577+0000] {logging_mixin.py:190} INFO - [2024-09-15T07:19:21.577+0000] {dag.py:4156} INFO - Setting next_dagrun for example_branch_dop_operator_v3 to 2024-09-15 07:18:00+00:00, run_after=2024-09-15 07:19:00+00:00
[2024-09-15T07:19:21.632+0000] {processor.py:208} INFO - Processing /home/airflow/.local/lib/python3.12/site-packages/airflow/example_dags/example_branch_python_dop_operator_3.py took 0.190 seconds
[2024-09-15T07:19:51.816+0000] {processor.py:186} INFO - Started process (PID=1786) to work on /home/airflow/.local/lib/python3.12/site-packages/airflow/example_dags/example_branch_python_dop_operator_3.py
[2024-09-15T07:19:51.818+0000] {processor.py:914} INFO - Processing file /home/airflow/.local/lib/python3.12/site-packages/airflow/example_dags/example_branch_python_dop_operator_3.py for tasks to queue
[2024-09-15T07:19:51.820+0000] {logging_mixin.py:190} INFO - [2024-09-15T07:19:51.820+0000] {dagbag.py:587} INFO - Filling up the DagBag from /home/airflow/.local/lib/python3.12/site-packages/airflow/example_dags/example_branch_python_dop_operator_3.py
[2024-09-15T07:19:51.839+0000] {processor.py:925} INFO - DAG(s) 'example_branch_dop_operator_v3' retrieved from /home/airflow/.local/lib/python3.12/site-packages/airflow/example_dags/example_branch_python_dop_operator_3.py
[2024-09-15T07:19:51.876+0000] {logging_mixin.py:190} INFO - [2024-09-15T07:19:51.876+0000] {dag.py:3229} INFO - Sync 1 DAGs
[2024-09-15T07:19:51.936+0000] {logging_mixin.py:190} INFO - [2024-09-15T07:19:51.934+0000] {dag.py:4156} INFO - Setting next_dagrun for example_branch_dop_operator_v3 to 2024-09-15 07:18:00+00:00, run_after=2024-09-15 07:19:00+00:00
[2024-09-15T07:19:51.977+0000] {processor.py:208} INFO - Processing /home/airflow/.local/lib/python3.12/site-packages/airflow/example_dags/example_branch_python_dop_operator_3.py took 0.172 seconds
[2024-09-15T07:20:22.323+0000] {processor.py:186} INFO - Started process (PID=1848) to work on /home/airflow/.local/lib/python3.12/site-packages/airflow/example_dags/example_branch_python_dop_operator_3.py
[2024-09-15T07:20:22.325+0000] {processor.py:914} INFO - Processing file /home/airflow/.local/lib/python3.12/site-packages/airflow/example_dags/example_branch_python_dop_operator_3.py for tasks to queue
[2024-09-15T07:20:22.328+0000] {logging_mixin.py:190} INFO - [2024-09-15T07:20:22.327+0000] {dagbag.py:587} INFO - Filling up the DagBag from /home/airflow/.local/lib/python3.12/site-packages/airflow/example_dags/example_branch_python_dop_operator_3.py
[2024-09-15T07:20:22.354+0000] {processor.py:925} INFO - DAG(s) 'example_branch_dop_operator_v3' retrieved from /home/airflow/.local/lib/python3.12/site-packages/airflow/example_dags/example_branch_python_dop_operator_3.py
[2024-09-15T07:20:22.398+0000] {logging_mixin.py:190} INFO - [2024-09-15T07:20:22.397+0000] {dag.py:3229} INFO - Sync 1 DAGs
[2024-09-15T07:20:22.473+0000] {logging_mixin.py:190} INFO - [2024-09-15T07:20:22.473+0000] {dag.py:4156} INFO - Setting next_dagrun for example_branch_dop_operator_v3 to 2024-09-15 07:19:00+00:00, run_after=2024-09-15 07:20:00+00:00
[2024-09-15T07:20:22.519+0000] {processor.py:208} INFO - Processing /home/airflow/.local/lib/python3.12/site-packages/airflow/example_dags/example_branch_python_dop_operator_3.py took 0.207 seconds
[2024-09-15T07:22:59.886+0000] {processor.py:186} INFO - Started process (PID=1901) to work on /home/airflow/.local/lib/python3.12/site-packages/airflow/example_dags/example_branch_python_dop_operator_3.py
[2024-09-15T07:22:59.888+0000] {processor.py:914} INFO - Processing file /home/airflow/.local/lib/python3.12/site-packages/airflow/example_dags/example_branch_python_dop_operator_3.py for tasks to queue
[2024-09-15T07:22:59.891+0000] {logging_mixin.py:190} INFO - [2024-09-15T07:22:59.890+0000] {dagbag.py:587} INFO - Filling up the DagBag from /home/airflow/.local/lib/python3.12/site-packages/airflow/example_dags/example_branch_python_dop_operator_3.py
[2024-09-15T07:22:59.949+0000] {processor.py:925} INFO - DAG(s) 'example_branch_dop_operator_v3' retrieved from /home/airflow/.local/lib/python3.12/site-packages/airflow/example_dags/example_branch_python_dop_operator_3.py
[2024-09-15T07:23:00.411+0000] {logging_mixin.py:190} INFO - [2024-09-15T07:23:00.410+0000] {dag.py:3229} INFO - Sync 1 DAGs
[2024-09-15T07:23:00.495+0000] {logging_mixin.py:190} INFO - [2024-09-15T07:23:00.495+0000] {dag.py:4156} INFO - Setting next_dagrun for example_branch_dop_operator_v3 to 2024-09-15 07:22:00+00:00, run_after=2024-09-15 07:23:00+00:00
[2024-09-15T07:23:00.541+0000] {processor.py:208} INFO - Processing /home/airflow/.local/lib/python3.12/site-packages/airflow/example_dags/example_branch_python_dop_operator_3.py took 0.680 seconds
[2024-09-15T07:23:31.161+0000] {processor.py:186} INFO - Started process (PID=1963) to work on /home/airflow/.local/lib/python3.12/site-packages/airflow/example_dags/example_branch_python_dop_operator_3.py
[2024-09-15T07:23:31.164+0000] {processor.py:914} INFO - Processing file /home/airflow/.local/lib/python3.12/site-packages/airflow/example_dags/example_branch_python_dop_operator_3.py for tasks to queue
[2024-09-15T07:23:31.167+0000] {logging_mixin.py:190} INFO - [2024-09-15T07:23:31.166+0000] {dagbag.py:587} INFO - Filling up the DagBag from /home/airflow/.local/lib/python3.12/site-packages/airflow/example_dags/example_branch_python_dop_operator_3.py
[2024-09-15T07:23:31.192+0000] {processor.py:925} INFO - DAG(s) 'example_branch_dop_operator_v3' retrieved from /home/airflow/.local/lib/python3.12/site-packages/airflow/example_dags/example_branch_python_dop_operator_3.py
[2024-09-15T07:23:31.240+0000] {logging_mixin.py:190} INFO - [2024-09-15T07:23:31.240+0000] {dag.py:3229} INFO - Sync 1 DAGs
[2024-09-15T07:23:31.315+0000] {logging_mixin.py:190} INFO - [2024-09-15T07:23:31.315+0000] {dag.py:4156} INFO - Setting next_dagrun for example_branch_dop_operator_v3 to 2024-09-15 07:22:00+00:00, run_after=2024-09-15 07:23:00+00:00
[2024-09-15T07:23:31.355+0000] {processor.py:208} INFO - Processing /home/airflow/.local/lib/python3.12/site-packages/airflow/example_dags/example_branch_python_dop_operator_3.py took 0.208 seconds
[2024-09-15T07:24:01.637+0000] {processor.py:186} INFO - Started process (PID=2025) to work on /home/airflow/.local/lib/python3.12/site-packages/airflow/example_dags/example_branch_python_dop_operator_3.py
[2024-09-15T07:24:01.639+0000] {processor.py:914} INFO - Processing file /home/airflow/.local/lib/python3.12/site-packages/airflow/example_dags/example_branch_python_dop_operator_3.py for tasks to queue
[2024-09-15T07:24:01.643+0000] {logging_mixin.py:190} INFO - [2024-09-15T07:24:01.642+0000] {dagbag.py:587} INFO - Filling up the DagBag from /home/airflow/.local/lib/python3.12/site-packages/airflow/example_dags/example_branch_python_dop_operator_3.py
[2024-09-15T07:24:01.663+0000] {processor.py:925} INFO - DAG(s) 'example_branch_dop_operator_v3' retrieved from /home/airflow/.local/lib/python3.12/site-packages/airflow/example_dags/example_branch_python_dop_operator_3.py
[2024-09-15T07:24:01.716+0000] {logging_mixin.py:190} INFO - [2024-09-15T07:24:01.716+0000] {dag.py:3229} INFO - Sync 1 DAGs
[2024-09-15T07:24:01.802+0000] {logging_mixin.py:190} INFO - [2024-09-15T07:24:01.801+0000] {dag.py:4156} INFO - Setting next_dagrun for example_branch_dop_operator_v3 to 2024-09-15 07:23:00+00:00, run_after=2024-09-15 07:24:00+00:00
[2024-09-15T07:24:01.852+0000] {processor.py:208} INFO - Processing /home/airflow/.local/lib/python3.12/site-packages/airflow/example_dags/example_branch_python_dop_operator_3.py took 0.225 seconds
[2024-09-15T07:24:32.257+0000] {processor.py:186} INFO - Started process (PID=2093) to work on /home/airflow/.local/lib/python3.12/site-packages/airflow/example_dags/example_branch_python_dop_operator_3.py
[2024-09-15T07:24:32.258+0000] {processor.py:914} INFO - Processing file /home/airflow/.local/lib/python3.12/site-packages/airflow/example_dags/example_branch_python_dop_operator_3.py for tasks to queue
[2024-09-15T07:24:32.261+0000] {logging_mixin.py:190} INFO - [2024-09-15T07:24:32.260+0000] {dagbag.py:587} INFO - Filling up the DagBag from /home/airflow/.local/lib/python3.12/site-packages/airflow/example_dags/example_branch_python_dop_operator_3.py
[2024-09-15T07:24:32.280+0000] {processor.py:925} INFO - DAG(s) 'example_branch_dop_operator_v3' retrieved from /home/airflow/.local/lib/python3.12/site-packages/airflow/example_dags/example_branch_python_dop_operator_3.py
[2024-09-15T07:24:32.320+0000] {logging_mixin.py:190} INFO - [2024-09-15T07:24:32.319+0000] {dag.py:3229} INFO - Sync 1 DAGs
[2024-09-15T07:24:32.377+0000] {logging_mixin.py:190} INFO - [2024-09-15T07:24:32.377+0000] {dag.py:4156} INFO - Setting next_dagrun for example_branch_dop_operator_v3 to 2024-09-15 07:23:00+00:00, run_after=2024-09-15 07:24:00+00:00
[2024-09-15T07:24:32.415+0000] {processor.py:208} INFO - Processing /home/airflow/.local/lib/python3.12/site-packages/airflow/example_dags/example_branch_python_dop_operator_3.py took 0.167 seconds
[2024-09-15T07:25:02.555+0000] {processor.py:186} INFO - Started process (PID=2155) to work on /home/airflow/.local/lib/python3.12/site-packages/airflow/example_dags/example_branch_python_dop_operator_3.py
[2024-09-15T07:25:02.557+0000] {processor.py:914} INFO - Processing file /home/airflow/.local/lib/python3.12/site-packages/airflow/example_dags/example_branch_python_dop_operator_3.py for tasks to queue
[2024-09-15T07:25:02.560+0000] {logging_mixin.py:190} INFO - [2024-09-15T07:25:02.559+0000] {dagbag.py:587} INFO - Filling up the DagBag from /home/airflow/.local/lib/python3.12/site-packages/airflow/example_dags/example_branch_python_dop_operator_3.py
[2024-09-15T07:25:02.585+0000] {processor.py:925} INFO - DAG(s) 'example_branch_dop_operator_v3' retrieved from /home/airflow/.local/lib/python3.12/site-packages/airflow/example_dags/example_branch_python_dop_operator_3.py
[2024-09-15T07:25:02.635+0000] {logging_mixin.py:190} INFO - [2024-09-15T07:25:02.635+0000] {dag.py:3229} INFO - Sync 1 DAGs
[2024-09-15T07:25:02.698+0000] {logging_mixin.py:190} INFO - [2024-09-15T07:25:02.697+0000] {dag.py:4156} INFO - Setting next_dagrun for example_branch_dop_operator_v3 to 2024-09-15 07:24:00+00:00, run_after=2024-09-15 07:25:00+00:00
[2024-09-15T07:25:02.749+0000] {processor.py:208} INFO - Processing /home/airflow/.local/lib/python3.12/site-packages/airflow/example_dags/example_branch_python_dop_operator_3.py took 0.210 seconds
[2024-09-15T08:02:02.909+0000] {processor.py:186} INFO - Started process (PID=2209) to work on /home/airflow/.local/lib/python3.12/site-packages/airflow/example_dags/example_branch_python_dop_operator_3.py
[2024-09-15T08:02:03.043+0000] {processor.py:914} INFO - Processing file /home/airflow/.local/lib/python3.12/site-packages/airflow/example_dags/example_branch_python_dop_operator_3.py for tasks to queue
[2024-09-15T08:02:03.211+0000] {logging_mixin.py:190} INFO - [2024-09-15T08:02:03.210+0000] {dagbag.py:587} INFO - Filling up the DagBag from /home/airflow/.local/lib/python3.12/site-packages/airflow/example_dags/example_branch_python_dop_operator_3.py
[2024-09-15T08:02:03.640+0000] {processor.py:925} INFO - DAG(s) 'example_branch_dop_operator_v3' retrieved from /home/airflow/.local/lib/python3.12/site-packages/airflow/example_dags/example_branch_python_dop_operator_3.py
[2024-09-15T08:02:05.556+0000] {logging_mixin.py:190} INFO - [2024-09-15T08:02:05.556+0000] {dag.py:3229} INFO - Sync 1 DAGs
[2024-09-15T08:02:06.596+0000] {logging_mixin.py:190} INFO - [2024-09-15T08:02:06.595+0000] {dag.py:4156} INFO - Setting next_dagrun for example_branch_dop_operator_v3 to 2024-09-15 08:01:00+00:00, run_after=2024-09-15 08:02:00+00:00
[2024-09-15T08:02:06.881+0000] {processor.py:208} INFO - Processing /home/airflow/.local/lib/python3.12/site-packages/airflow/example_dags/example_branch_python_dop_operator_3.py took 4.376 seconds
[2024-09-15T08:02:37.334+0000] {processor.py:186} INFO - Started process (PID=2278) to work on /home/airflow/.local/lib/python3.12/site-packages/airflow/example_dags/example_branch_python_dop_operator_3.py
[2024-09-15T08:02:37.335+0000] {processor.py:914} INFO - Processing file /home/airflow/.local/lib/python3.12/site-packages/airflow/example_dags/example_branch_python_dop_operator_3.py for tasks to queue
[2024-09-15T08:02:37.338+0000] {logging_mixin.py:190} INFO - [2024-09-15T08:02:37.338+0000] {dagbag.py:587} INFO - Filling up the DagBag from /home/airflow/.local/lib/python3.12/site-packages/airflow/example_dags/example_branch_python_dop_operator_3.py
[2024-09-15T08:02:37.404+0000] {processor.py:925} INFO - DAG(s) 'example_branch_dop_operator_v3' retrieved from /home/airflow/.local/lib/python3.12/site-packages/airflow/example_dags/example_branch_python_dop_operator_3.py
[2024-09-15T08:02:37.458+0000] {logging_mixin.py:190} INFO - [2024-09-15T08:02:37.457+0000] {dag.py:3229} INFO - Sync 1 DAGs
[2024-09-15T08:02:37.536+0000] {logging_mixin.py:190} INFO - [2024-09-15T08:02:37.535+0000] {dag.py:4156} INFO - Setting next_dagrun for example_branch_dop_operator_v3 to 2024-09-15 08:01:00+00:00, run_after=2024-09-15 08:02:00+00:00
[2024-09-15T08:02:37.593+0000] {processor.py:208} INFO - Processing /home/airflow/.local/lib/python3.12/site-packages/airflow/example_dags/example_branch_python_dop_operator_3.py took 0.281 seconds
[2024-09-15T08:04:53.228+0000] {processor.py:186} INFO - Started process (PID=2314) to work on /home/airflow/.local/lib/python3.12/site-packages/airflow/example_dags/example_branch_python_dop_operator_3.py
[2024-09-15T08:04:53.230+0000] {processor.py:914} INFO - Processing file /home/airflow/.local/lib/python3.12/site-packages/airflow/example_dags/example_branch_python_dop_operator_3.py for tasks to queue
[2024-09-15T08:04:53.234+0000] {logging_mixin.py:190} INFO - [2024-09-15T08:04:53.233+0000] {dagbag.py:587} INFO - Filling up the DagBag from /home/airflow/.local/lib/python3.12/site-packages/airflow/example_dags/example_branch_python_dop_operator_3.py
[2024-09-15T08:04:53.254+0000] {processor.py:925} INFO - DAG(s) 'example_branch_dop_operator_v3' retrieved from /home/airflow/.local/lib/python3.12/site-packages/airflow/example_dags/example_branch_python_dop_operator_3.py
[2024-09-15T08:04:53.293+0000] {logging_mixin.py:190} INFO - [2024-09-15T08:04:53.293+0000] {dag.py:3229} INFO - Sync 1 DAGs
[2024-09-15T08:04:53.355+0000] {logging_mixin.py:190} INFO - [2024-09-15T08:04:53.355+0000] {dag.py:4156} INFO - Setting next_dagrun for example_branch_dop_operator_v3 to 2024-09-15 08:03:00+00:00, run_after=2024-09-15 08:04:00+00:00
[2024-09-15T08:04:53.400+0000] {processor.py:208} INFO - Processing /home/airflow/.local/lib/python3.12/site-packages/airflow/example_dags/example_branch_python_dop_operator_3.py took 0.184 seconds
[2024-09-15T08:05:23.767+0000] {processor.py:186} INFO - Started process (PID=2375) to work on /home/airflow/.local/lib/python3.12/site-packages/airflow/example_dags/example_branch_python_dop_operator_3.py
[2024-09-15T08:05:23.770+0000] {processor.py:914} INFO - Processing file /home/airflow/.local/lib/python3.12/site-packages/airflow/example_dags/example_branch_python_dop_operator_3.py for tasks to queue
[2024-09-15T08:05:23.773+0000] {logging_mixin.py:190} INFO - [2024-09-15T08:05:23.772+0000] {dagbag.py:587} INFO - Filling up the DagBag from /home/airflow/.local/lib/python3.12/site-packages/airflow/example_dags/example_branch_python_dop_operator_3.py
[2024-09-15T08:05:23.797+0000] {processor.py:925} INFO - DAG(s) 'example_branch_dop_operator_v3' retrieved from /home/airflow/.local/lib/python3.12/site-packages/airflow/example_dags/example_branch_python_dop_operator_3.py
[2024-09-15T08:05:23.852+0000] {logging_mixin.py:190} INFO - [2024-09-15T08:05:23.852+0000] {dag.py:3229} INFO - Sync 1 DAGs
[2024-09-15T08:05:23.930+0000] {logging_mixin.py:190} INFO - [2024-09-15T08:05:23.930+0000] {dag.py:4156} INFO - Setting next_dagrun for example_branch_dop_operator_v3 to 2024-09-15 08:04:00+00:00, run_after=2024-09-15 08:05:00+00:00
[2024-09-15T08:05:23.981+0000] {processor.py:208} INFO - Processing /home/airflow/.local/lib/python3.12/site-packages/airflow/example_dags/example_branch_python_dop_operator_3.py took 0.229 seconds
[2024-09-15T08:05:54.048+0000] {processor.py:186} INFO - Started process (PID=2438) to work on /home/airflow/.local/lib/python3.12/site-packages/airflow/example_dags/example_branch_python_dop_operator_3.py
[2024-09-15T08:05:54.050+0000] {processor.py:914} INFO - Processing file /home/airflow/.local/lib/python3.12/site-packages/airflow/example_dags/example_branch_python_dop_operator_3.py for tasks to queue
[2024-09-15T08:05:54.052+0000] {logging_mixin.py:190} INFO - [2024-09-15T08:05:54.052+0000] {dagbag.py:587} INFO - Filling up the DagBag from /home/airflow/.local/lib/python3.12/site-packages/airflow/example_dags/example_branch_python_dop_operator_3.py
[2024-09-15T08:05:54.069+0000] {processor.py:925} INFO - DAG(s) 'example_branch_dop_operator_v3' retrieved from /home/airflow/.local/lib/python3.12/site-packages/airflow/example_dags/example_branch_python_dop_operator_3.py
[2024-09-15T08:05:54.103+0000] {logging_mixin.py:190} INFO - [2024-09-15T08:05:54.103+0000] {dag.py:3229} INFO - Sync 1 DAGs
[2024-09-15T08:05:54.159+0000] {logging_mixin.py:190} INFO - [2024-09-15T08:05:54.158+0000] {dag.py:4156} INFO - Setting next_dagrun for example_branch_dop_operator_v3 to 2024-09-15 08:04:00+00:00, run_after=2024-09-15 08:05:00+00:00
[2024-09-15T08:05:54.193+0000] {processor.py:208} INFO - Processing /home/airflow/.local/lib/python3.12/site-packages/airflow/example_dags/example_branch_python_dop_operator_3.py took 0.155 seconds
[2024-09-15T08:06:24.340+0000] {processor.py:186} INFO - Started process (PID=2500) to work on /home/airflow/.local/lib/python3.12/site-packages/airflow/example_dags/example_branch_python_dop_operator_3.py
[2024-09-15T08:06:24.342+0000] {processor.py:914} INFO - Processing file /home/airflow/.local/lib/python3.12/site-packages/airflow/example_dags/example_branch_python_dop_operator_3.py for tasks to queue
[2024-09-15T08:06:24.344+0000] {logging_mixin.py:190} INFO - [2024-09-15T08:06:24.343+0000] {dagbag.py:587} INFO - Filling up the DagBag from /home/airflow/.local/lib/python3.12/site-packages/airflow/example_dags/example_branch_python_dop_operator_3.py
[2024-09-15T08:06:24.363+0000] {processor.py:925} INFO - DAG(s) 'example_branch_dop_operator_v3' retrieved from /home/airflow/.local/lib/python3.12/site-packages/airflow/example_dags/example_branch_python_dop_operator_3.py
[2024-09-15T08:06:24.396+0000] {logging_mixin.py:190} INFO - [2024-09-15T08:06:24.396+0000] {dag.py:3229} INFO - Sync 1 DAGs
[2024-09-15T08:06:24.452+0000] {logging_mixin.py:190} INFO - [2024-09-15T08:06:24.452+0000] {dag.py:4156} INFO - Setting next_dagrun for example_branch_dop_operator_v3 to 2024-09-15 08:05:00+00:00, run_after=2024-09-15 08:06:00+00:00
[2024-09-15T08:06:24.486+0000] {processor.py:208} INFO - Processing /home/airflow/.local/lib/python3.12/site-packages/airflow/example_dags/example_branch_python_dop_operator_3.py took 0.158 seconds
[2024-09-15T08:06:54.736+0000] {processor.py:186} INFO - Started process (PID=2557) to work on /home/airflow/.local/lib/python3.12/site-packages/airflow/example_dags/example_branch_python_dop_operator_3.py
[2024-09-15T08:06:54.750+0000] {processor.py:914} INFO - Processing file /home/airflow/.local/lib/python3.12/site-packages/airflow/example_dags/example_branch_python_dop_operator_3.py for tasks to queue
[2024-09-15T08:06:54.754+0000] {logging_mixin.py:190} INFO - [2024-09-15T08:06:54.753+0000] {dagbag.py:587} INFO - Filling up the DagBag from /home/airflow/.local/lib/python3.12/site-packages/airflow/example_dags/example_branch_python_dop_operator_3.py
[2024-09-15T08:06:54.841+0000] {processor.py:925} INFO - DAG(s) 'example_branch_dop_operator_v3' retrieved from /home/airflow/.local/lib/python3.12/site-packages/airflow/example_dags/example_branch_python_dop_operator_3.py
[2024-09-15T08:06:54.962+0000] {logging_mixin.py:190} INFO - [2024-09-15T08:06:54.961+0000] {dag.py:3229} INFO - Sync 1 DAGs
[2024-09-15T08:06:55.085+0000] {logging_mixin.py:190} INFO - [2024-09-15T08:06:55.085+0000] {dag.py:4156} INFO - Setting next_dagrun for example_branch_dop_operator_v3 to 2024-09-15 08:05:00+00:00, run_after=2024-09-15 08:06:00+00:00
[2024-09-15T08:06:55.171+0000] {processor.py:208} INFO - Processing /home/airflow/.local/lib/python3.12/site-packages/airflow/example_dags/example_branch_python_dop_operator_3.py took 0.454 seconds
[2024-09-15T08:07:26.642+0000] {processor.py:186} INFO - Started process (PID=2619) to work on /home/airflow/.local/lib/python3.12/site-packages/airflow/example_dags/example_branch_python_dop_operator_3.py
[2024-09-15T08:07:26.644+0000] {processor.py:914} INFO - Processing file /home/airflow/.local/lib/python3.12/site-packages/airflow/example_dags/example_branch_python_dop_operator_3.py for tasks to queue
[2024-09-15T08:07:26.648+0000] {logging_mixin.py:190} INFO - [2024-09-15T08:07:26.647+0000] {dagbag.py:587} INFO - Filling up the DagBag from /home/airflow/.local/lib/python3.12/site-packages/airflow/example_dags/example_branch_python_dop_operator_3.py
[2024-09-15T08:07:26.677+0000] {processor.py:925} INFO - DAG(s) 'example_branch_dop_operator_v3' retrieved from /home/airflow/.local/lib/python3.12/site-packages/airflow/example_dags/example_branch_python_dop_operator_3.py
[2024-09-15T08:07:26.809+0000] {logging_mixin.py:190} INFO - [2024-09-15T08:07:26.808+0000] {dag.py:3229} INFO - Sync 1 DAGs
[2024-09-15T08:07:26.955+0000] {logging_mixin.py:190} INFO - [2024-09-15T08:07:26.955+0000] {dag.py:4156} INFO - Setting next_dagrun for example_branch_dop_operator_v3 to 2024-09-15 08:06:00+00:00, run_after=2024-09-15 08:07:00+00:00
[2024-09-15T08:07:27.049+0000] {processor.py:208} INFO - Processing /home/airflow/.local/lib/python3.12/site-packages/airflow/example_dags/example_branch_python_dop_operator_3.py took 0.423 seconds
[2024-09-15T08:07:57.311+0000] {processor.py:186} INFO - Started process (PID=2681) to work on /home/airflow/.local/lib/python3.12/site-packages/airflow/example_dags/example_branch_python_dop_operator_3.py
[2024-09-15T08:07:57.313+0000] {processor.py:914} INFO - Processing file /home/airflow/.local/lib/python3.12/site-packages/airflow/example_dags/example_branch_python_dop_operator_3.py for tasks to queue
[2024-09-15T08:07:57.315+0000] {logging_mixin.py:190} INFO - [2024-09-15T08:07:57.314+0000] {dagbag.py:587} INFO - Filling up the DagBag from /home/airflow/.local/lib/python3.12/site-packages/airflow/example_dags/example_branch_python_dop_operator_3.py
[2024-09-15T08:07:57.339+0000] {processor.py:925} INFO - DAG(s) 'example_branch_dop_operator_v3' retrieved from /home/airflow/.local/lib/python3.12/site-packages/airflow/example_dags/example_branch_python_dop_operator_3.py
[2024-09-15T08:07:57.377+0000] {logging_mixin.py:190} INFO - [2024-09-15T08:07:57.377+0000] {dag.py:3229} INFO - Sync 1 DAGs
[2024-09-15T08:07:57.431+0000] {logging_mixin.py:190} INFO - [2024-09-15T08:07:57.431+0000] {dag.py:4156} INFO - Setting next_dagrun for example_branch_dop_operator_v3 to 2024-09-15 08:06:00+00:00, run_after=2024-09-15 08:07:00+00:00
[2024-09-15T08:07:57.469+0000] {processor.py:208} INFO - Processing /home/airflow/.local/lib/python3.12/site-packages/airflow/example_dags/example_branch_python_dop_operator_3.py took 0.169 seconds
[2024-09-15T08:18:07.025+0000] {processor.py:186} INFO - Started process (PID=3126) to work on /home/airflow/.local/lib/python3.12/site-packages/airflow/example_dags/example_branch_python_dop_operator_3.py
[2024-09-15T08:18:07.047+0000] {processor.py:914} INFO - Processing file /home/airflow/.local/lib/python3.12/site-packages/airflow/example_dags/example_branch_python_dop_operator_3.py for tasks to queue
[2024-09-15T08:18:07.077+0000] {logging_mixin.py:190} INFO - [2024-09-15T08:18:07.061+0000] {dagbag.py:587} INFO - Filling up the DagBag from /home/airflow/.local/lib/python3.12/site-packages/airflow/example_dags/example_branch_python_dop_operator_3.py
[2024-09-15T08:18:07.309+0000] {processor.py:925} INFO - DAG(s) 'example_branch_dop_operator_v3' retrieved from /home/airflow/.local/lib/python3.12/site-packages/airflow/example_dags/example_branch_python_dop_operator_3.py
[2024-09-15T08:18:38.531+0000] {logging_mixin.py:190} INFO - [2024-09-15T08:18:38.531+0000] {dag.py:3229} INFO - Sync 1 DAGs
[2024-09-15T08:18:38.628+0000] {logging_mixin.py:190} INFO - [2024-09-15T08:18:38.627+0000] {dag.py:4156} INFO - Setting next_dagrun for example_branch_dop_operator_v3 to 2024-09-15 08:17:00+00:00, run_after=2024-09-15 08:18:00+00:00
[2024-09-15T08:18:38.715+0000] {processor.py:208} INFO - Processing /home/airflow/.local/lib/python3.12/site-packages/airflow/example_dags/example_branch_python_dop_operator_3.py took 31.836 seconds
[2024-09-15T08:19:09.502+0000] {processor.py:186} INFO - Started process (PID=3189) to work on /home/airflow/.local/lib/python3.12/site-packages/airflow/example_dags/example_branch_python_dop_operator_3.py
[2024-09-15T08:19:09.504+0000] {processor.py:914} INFO - Processing file /home/airflow/.local/lib/python3.12/site-packages/airflow/example_dags/example_branch_python_dop_operator_3.py for tasks to queue
[2024-09-15T08:19:09.506+0000] {logging_mixin.py:190} INFO - [2024-09-15T08:19:09.505+0000] {dagbag.py:587} INFO - Filling up the DagBag from /home/airflow/.local/lib/python3.12/site-packages/airflow/example_dags/example_branch_python_dop_operator_3.py
[2024-09-15T08:19:09.530+0000] {processor.py:925} INFO - DAG(s) 'example_branch_dop_operator_v3' retrieved from /home/airflow/.local/lib/python3.12/site-packages/airflow/example_dags/example_branch_python_dop_operator_3.py
[2024-09-15T08:19:09.577+0000] {logging_mixin.py:190} INFO - [2024-09-15T08:19:09.577+0000] {dag.py:3229} INFO - Sync 1 DAGs
[2024-09-15T08:19:09.653+0000] {logging_mixin.py:190} INFO - [2024-09-15T08:19:09.653+0000] {dag.py:4156} INFO - Setting next_dagrun for example_branch_dop_operator_v3 to 2024-09-15 08:18:00+00:00, run_after=2024-09-15 08:19:00+00:00
[2024-09-15T08:19:09.702+0000] {processor.py:208} INFO - Processing /home/airflow/.local/lib/python3.12/site-packages/airflow/example_dags/example_branch_python_dop_operator_3.py took 0.215 seconds
[2024-09-15T08:19:40.358+0000] {processor.py:186} INFO - Started process (PID=3251) to work on /home/airflow/.local/lib/python3.12/site-packages/airflow/example_dags/example_branch_python_dop_operator_3.py
[2024-09-15T08:19:40.360+0000] {processor.py:914} INFO - Processing file /home/airflow/.local/lib/python3.12/site-packages/airflow/example_dags/example_branch_python_dop_operator_3.py for tasks to queue
[2024-09-15T08:19:40.363+0000] {logging_mixin.py:190} INFO - [2024-09-15T08:19:40.362+0000] {dagbag.py:587} INFO - Filling up the DagBag from /home/airflow/.local/lib/python3.12/site-packages/airflow/example_dags/example_branch_python_dop_operator_3.py
[2024-09-15T08:19:40.384+0000] {processor.py:925} INFO - DAG(s) 'example_branch_dop_operator_v3' retrieved from /home/airflow/.local/lib/python3.12/site-packages/airflow/example_dags/example_branch_python_dop_operator_3.py
[2024-09-15T08:19:40.428+0000] {logging_mixin.py:190} INFO - [2024-09-15T08:19:40.427+0000] {dag.py:3229} INFO - Sync 1 DAGs
[2024-09-15T08:19:40.486+0000] {logging_mixin.py:190} INFO - [2024-09-15T08:19:40.486+0000] {dag.py:4156} INFO - Setting next_dagrun for example_branch_dop_operator_v3 to 2024-09-15 08:18:00+00:00, run_after=2024-09-15 08:19:00+00:00
[2024-09-15T08:19:40.529+0000] {processor.py:208} INFO - Processing /home/airflow/.local/lib/python3.12/site-packages/airflow/example_dags/example_branch_python_dop_operator_3.py took 0.184 seconds
[2024-09-15T08:20:11.552+0000] {processor.py:186} INFO - Started process (PID=3313) to work on /home/airflow/.local/lib/python3.12/site-packages/airflow/example_dags/example_branch_python_dop_operator_3.py
[2024-09-15T08:20:11.554+0000] {processor.py:914} INFO - Processing file /home/airflow/.local/lib/python3.12/site-packages/airflow/example_dags/example_branch_python_dop_operator_3.py for tasks to queue
[2024-09-15T08:20:11.559+0000] {logging_mixin.py:190} INFO - [2024-09-15T08:20:11.558+0000] {dagbag.py:587} INFO - Filling up the DagBag from /home/airflow/.local/lib/python3.12/site-packages/airflow/example_dags/example_branch_python_dop_operator_3.py
[2024-09-15T08:20:11.582+0000] {processor.py:925} INFO - DAG(s) 'example_branch_dop_operator_v3' retrieved from /home/airflow/.local/lib/python3.12/site-packages/airflow/example_dags/example_branch_python_dop_operator_3.py
[2024-09-15T08:20:11.628+0000] {logging_mixin.py:190} INFO - [2024-09-15T08:20:11.627+0000] {dag.py:3229} INFO - Sync 1 DAGs
[2024-09-15T08:20:11.699+0000] {logging_mixin.py:190} INFO - [2024-09-15T08:20:11.698+0000] {dag.py:4156} INFO - Setting next_dagrun for example_branch_dop_operator_v3 to 2024-09-15 08:19:00+00:00, run_after=2024-09-15 08:20:00+00:00
[2024-09-15T08:20:11.765+0000] {processor.py:208} INFO - Processing /home/airflow/.local/lib/python3.12/site-packages/airflow/example_dags/example_branch_python_dop_operator_3.py took 0.225 seconds
[2024-09-15T08:20:54.931+0000] {processor.py:186} INFO - Started process (PID=3369) to work on /home/airflow/.local/lib/python3.12/site-packages/airflow/example_dags/example_branch_python_dop_operator_3.py
[2024-09-15T08:20:55.267+0000] {processor.py:914} INFO - Processing file /home/airflow/.local/lib/python3.12/site-packages/airflow/example_dags/example_branch_python_dop_operator_3.py for tasks to queue
[2024-09-15T08:20:55.822+0000] {logging_mixin.py:190} INFO - [2024-09-15T08:20:55.540+0000] {dagbag.py:587} INFO - Filling up the DagBag from /home/airflow/.local/lib/python3.12/site-packages/airflow/example_dags/example_branch_python_dop_operator_3.py
[2024-09-15T08:21:32.890+0000] {processor.py:925} INFO - DAG(s) 'example_branch_dop_operator_v3' retrieved from /home/airflow/.local/lib/python3.12/site-packages/airflow/example_dags/example_branch_python_dop_operator_3.py
[2024-09-15T08:22:09.644+0000] {processor.py:186} INFO - Started process (PID=3431) to work on /home/airflow/.local/lib/python3.12/site-packages/airflow/example_dags/example_branch_python_dop_operator_3.py
[2024-09-15T08:22:09.646+0000] {processor.py:914} INFO - Processing file /home/airflow/.local/lib/python3.12/site-packages/airflow/example_dags/example_branch_python_dop_operator_3.py for tasks to queue
[2024-09-15T08:22:09.650+0000] {logging_mixin.py:190} INFO - [2024-09-15T08:22:09.648+0000] {dagbag.py:587} INFO - Filling up the DagBag from /home/airflow/.local/lib/python3.12/site-packages/airflow/example_dags/example_branch_python_dop_operator_3.py
[2024-09-15T08:22:09.671+0000] {processor.py:925} INFO - DAG(s) 'example_branch_dop_operator_v3' retrieved from /home/airflow/.local/lib/python3.12/site-packages/airflow/example_dags/example_branch_python_dop_operator_3.py
[2024-09-15T08:22:10.204+0000] {logging_mixin.py:190} INFO - [2024-09-15T08:22:10.204+0000] {dag.py:3229} INFO - Sync 1 DAGs
[2024-09-15T08:22:10.257+0000] {logging_mixin.py:190} INFO - [2024-09-15T08:22:10.257+0000] {dag.py:4156} INFO - Setting next_dagrun for example_branch_dop_operator_v3 to 2024-09-15 08:21:00+00:00, run_after=2024-09-15 08:22:00+00:00
[2024-09-15T08:22:10.303+0000] {processor.py:208} INFO - Processing /home/airflow/.local/lib/python3.12/site-packages/airflow/example_dags/example_branch_python_dop_operator_3.py took 0.671 seconds
[2024-09-15T08:22:41.064+0000] {processor.py:186} INFO - Started process (PID=3493) to work on /home/airflow/.local/lib/python3.12/site-packages/airflow/example_dags/example_branch_python_dop_operator_3.py
[2024-09-15T08:22:41.066+0000] {processor.py:914} INFO - Processing file /home/airflow/.local/lib/python3.12/site-packages/airflow/example_dags/example_branch_python_dop_operator_3.py for tasks to queue
[2024-09-15T08:22:41.068+0000] {logging_mixin.py:190} INFO - [2024-09-15T08:22:41.068+0000] {dagbag.py:587} INFO - Filling up the DagBag from /home/airflow/.local/lib/python3.12/site-packages/airflow/example_dags/example_branch_python_dop_operator_3.py
[2024-09-15T08:22:41.095+0000] {processor.py:925} INFO - DAG(s) 'example_branch_dop_operator_v3' retrieved from /home/airflow/.local/lib/python3.12/site-packages/airflow/example_dags/example_branch_python_dop_operator_3.py
[2024-09-15T08:22:41.140+0000] {logging_mixin.py:190} INFO - [2024-09-15T08:22:41.140+0000] {dag.py:3229} INFO - Sync 1 DAGs
[2024-09-15T08:22:41.201+0000] {logging_mixin.py:190} INFO - [2024-09-15T08:22:41.201+0000] {dag.py:4156} INFO - Setting next_dagrun for example_branch_dop_operator_v3 to 2024-09-15 08:21:00+00:00, run_after=2024-09-15 08:22:00+00:00
[2024-09-15T08:22:41.240+0000] {processor.py:208} INFO - Processing /home/airflow/.local/lib/python3.12/site-packages/airflow/example_dags/example_branch_python_dop_operator_3.py took 0.184 seconds
[2024-09-15T08:23:11.638+0000] {processor.py:186} INFO - Started process (PID=3554) to work on /home/airflow/.local/lib/python3.12/site-packages/airflow/example_dags/example_branch_python_dop_operator_3.py
[2024-09-15T08:23:11.640+0000] {processor.py:914} INFO - Processing file /home/airflow/.local/lib/python3.12/site-packages/airflow/example_dags/example_branch_python_dop_operator_3.py for tasks to queue
[2024-09-15T08:23:11.643+0000] {logging_mixin.py:190} INFO - [2024-09-15T08:23:11.643+0000] {dagbag.py:587} INFO - Filling up the DagBag from /home/airflow/.local/lib/python3.12/site-packages/airflow/example_dags/example_branch_python_dop_operator_3.py
[2024-09-15T08:23:12.075+0000] {processor.py:925} INFO - DAG(s) 'example_branch_dop_operator_v3' retrieved from /home/airflow/.local/lib/python3.12/site-packages/airflow/example_dags/example_branch_python_dop_operator_3.py
[2024-09-15T08:23:12.111+0000] {logging_mixin.py:190} INFO - [2024-09-15T08:23:12.111+0000] {dag.py:3229} INFO - Sync 1 DAGs
[2024-09-15T08:23:12.155+0000] {logging_mixin.py:190} INFO - [2024-09-15T08:23:12.155+0000] {dag.py:4156} INFO - Setting next_dagrun for example_branch_dop_operator_v3 to 2024-09-15 08:22:00+00:00, run_after=2024-09-15 08:23:00+00:00
[2024-09-15T08:23:12.190+0000] {processor.py:208} INFO - Processing /home/airflow/.local/lib/python3.12/site-packages/airflow/example_dags/example_branch_python_dop_operator_3.py took 0.566 seconds
[2024-09-15T08:23:42.748+0000] {processor.py:186} INFO - Started process (PID=3615) to work on /home/airflow/.local/lib/python3.12/site-packages/airflow/example_dags/example_branch_python_dop_operator_3.py
[2024-09-15T08:23:42.751+0000] {processor.py:914} INFO - Processing file /home/airflow/.local/lib/python3.12/site-packages/airflow/example_dags/example_branch_python_dop_operator_3.py for tasks to queue
[2024-09-15T08:23:42.754+0000] {logging_mixin.py:190} INFO - [2024-09-15T08:23:42.753+0000] {dagbag.py:587} INFO - Filling up the DagBag from /home/airflow/.local/lib/python3.12/site-packages/airflow/example_dags/example_branch_python_dop_operator_3.py
[2024-09-15T08:23:42.782+0000] {processor.py:925} INFO - DAG(s) 'example_branch_dop_operator_v3' retrieved from /home/airflow/.local/lib/python3.12/site-packages/airflow/example_dags/example_branch_python_dop_operator_3.py
[2024-09-15T08:23:42.881+0000] {logging_mixin.py:190} INFO - [2024-09-15T08:23:42.881+0000] {dag.py:3229} INFO - Sync 1 DAGs
[2024-09-15T08:23:42.955+0000] {logging_mixin.py:190} INFO - [2024-09-15T08:23:42.954+0000] {dag.py:4156} INFO - Setting next_dagrun for example_branch_dop_operator_v3 to 2024-09-15 08:22:00+00:00, run_after=2024-09-15 08:23:00+00:00
[2024-09-15T08:23:43.020+0000] {processor.py:208} INFO - Processing /home/airflow/.local/lib/python3.12/site-packages/airflow/example_dags/example_branch_python_dop_operator_3.py took 0.288 seconds
[2024-09-15T08:24:13.352+0000] {processor.py:186} INFO - Started process (PID=3677) to work on /home/airflow/.local/lib/python3.12/site-packages/airflow/example_dags/example_branch_python_dop_operator_3.py
[2024-09-15T08:24:13.354+0000] {processor.py:914} INFO - Processing file /home/airflow/.local/lib/python3.12/site-packages/airflow/example_dags/example_branch_python_dop_operator_3.py for tasks to queue
[2024-09-15T08:24:13.358+0000] {logging_mixin.py:190} INFO - [2024-09-15T08:24:13.357+0000] {dagbag.py:587} INFO - Filling up the DagBag from /home/airflow/.local/lib/python3.12/site-packages/airflow/example_dags/example_branch_python_dop_operator_3.py
[2024-09-15T08:24:13.409+0000] {processor.py:925} INFO - DAG(s) 'example_branch_dop_operator_v3' retrieved from /home/airflow/.local/lib/python3.12/site-packages/airflow/example_dags/example_branch_python_dop_operator_3.py
[2024-09-15T08:24:13.474+0000] {logging_mixin.py:190} INFO - [2024-09-15T08:24:13.474+0000] {dag.py:3229} INFO - Sync 1 DAGs
[2024-09-15T08:24:13.540+0000] {logging_mixin.py:190} INFO - [2024-09-15T08:24:13.539+0000] {dag.py:4156} INFO - Setting next_dagrun for example_branch_dop_operator_v3 to 2024-09-15 08:23:00+00:00, run_after=2024-09-15 08:24:00+00:00
[2024-09-15T08:24:13.587+0000] {processor.py:208} INFO - Processing /home/airflow/.local/lib/python3.12/site-packages/airflow/example_dags/example_branch_python_dop_operator_3.py took 0.248 seconds
[2024-09-15T08:25:28.804+0000] {processor.py:186} INFO - Started process (PID=3706) to work on /home/airflow/.local/lib/python3.12/site-packages/airflow/example_dags/example_branch_python_dop_operator_3.py
[2024-09-15T08:25:28.807+0000] {processor.py:914} INFO - Processing file /home/airflow/.local/lib/python3.12/site-packages/airflow/example_dags/example_branch_python_dop_operator_3.py for tasks to queue
[2024-09-15T08:25:28.811+0000] {logging_mixin.py:190} INFO - [2024-09-15T08:25:28.810+0000] {dagbag.py:587} INFO - Filling up the DagBag from /home/airflow/.local/lib/python3.12/site-packages/airflow/example_dags/example_branch_python_dop_operator_3.py
[2024-09-15T08:25:28.834+0000] {processor.py:925} INFO - DAG(s) 'example_branch_dop_operator_v3' retrieved from /home/airflow/.local/lib/python3.12/site-packages/airflow/example_dags/example_branch_python_dop_operator_3.py
[2024-09-15T08:25:28.892+0000] {logging_mixin.py:190} INFO - [2024-09-15T08:25:28.891+0000] {dag.py:3229} INFO - Sync 1 DAGs
[2024-09-15T08:25:28.969+0000] {logging_mixin.py:190} INFO - [2024-09-15T08:25:28.968+0000] {dag.py:4156} INFO - Setting next_dagrun for example_branch_dop_operator_v3 to 2024-09-15 08:24:00+00:00, run_after=2024-09-15 08:25:00+00:00
[2024-09-15T08:25:29.027+0000] {processor.py:208} INFO - Processing /home/airflow/.local/lib/python3.12/site-packages/airflow/example_dags/example_branch_python_dop_operator_3.py took 0.238 seconds
[2024-09-15T08:26:00.023+0000] {processor.py:186} INFO - Started process (PID=3768) to work on /home/airflow/.local/lib/python3.12/site-packages/airflow/example_dags/example_branch_python_dop_operator_3.py
[2024-09-15T08:26:00.025+0000] {processor.py:914} INFO - Processing file /home/airflow/.local/lib/python3.12/site-packages/airflow/example_dags/example_branch_python_dop_operator_3.py for tasks to queue
[2024-09-15T08:26:00.029+0000] {logging_mixin.py:190} INFO - [2024-09-15T08:26:00.028+0000] {dagbag.py:587} INFO - Filling up the DagBag from /home/airflow/.local/lib/python3.12/site-packages/airflow/example_dags/example_branch_python_dop_operator_3.py
[2024-09-15T08:26:00.061+0000] {processor.py:925} INFO - DAG(s) 'example_branch_dop_operator_v3' retrieved from /home/airflow/.local/lib/python3.12/site-packages/airflow/example_dags/example_branch_python_dop_operator_3.py
[2024-09-15T08:26:00.116+0000] {logging_mixin.py:190} INFO - [2024-09-15T08:26:00.116+0000] {dag.py:3229} INFO - Sync 1 DAGs
[2024-09-15T08:26:00.197+0000] {logging_mixin.py:190} INFO - [2024-09-15T08:26:00.196+0000] {dag.py:4156} INFO - Setting next_dagrun for example_branch_dop_operator_v3 to 2024-09-15 08:25:00+00:00, run_after=2024-09-15 08:26:00+00:00
[2024-09-15T08:26:00.246+0000] {processor.py:208} INFO - Processing /home/airflow/.local/lib/python3.12/site-packages/airflow/example_dags/example_branch_python_dop_operator_3.py took 0.239 seconds
[2024-09-15T08:26:31.091+0000] {processor.py:186} INFO - Started process (PID=3830) to work on /home/airflow/.local/lib/python3.12/site-packages/airflow/example_dags/example_branch_python_dop_operator_3.py
[2024-09-15T08:26:31.096+0000] {processor.py:914} INFO - Processing file /home/airflow/.local/lib/python3.12/site-packages/airflow/example_dags/example_branch_python_dop_operator_3.py for tasks to queue
[2024-09-15T08:26:31.100+0000] {logging_mixin.py:190} INFO - [2024-09-15T08:26:31.099+0000] {dagbag.py:587} INFO - Filling up the DagBag from /home/airflow/.local/lib/python3.12/site-packages/airflow/example_dags/example_branch_python_dop_operator_3.py
[2024-09-15T08:26:31.149+0000] {processor.py:925} INFO - DAG(s) 'example_branch_dop_operator_v3' retrieved from /home/airflow/.local/lib/python3.12/site-packages/airflow/example_dags/example_branch_python_dop_operator_3.py
[2024-09-15T08:26:31.227+0000] {logging_mixin.py:190} INFO - [2024-09-15T08:26:31.226+0000] {dag.py:3229} INFO - Sync 1 DAGs
[2024-09-15T08:26:31.297+0000] {logging_mixin.py:190} INFO - [2024-09-15T08:26:31.297+0000] {dag.py:4156} INFO - Setting next_dagrun for example_branch_dop_operator_v3 to 2024-09-15 08:25:00+00:00, run_after=2024-09-15 08:26:00+00:00
[2024-09-15T08:26:31.332+0000] {processor.py:208} INFO - Processing /home/airflow/.local/lib/python3.12/site-packages/airflow/example_dags/example_branch_python_dop_operator_3.py took 0.260 seconds
[2024-09-15T08:27:01.538+0000] {processor.py:186} INFO - Started process (PID=3892) to work on /home/airflow/.local/lib/python3.12/site-packages/airflow/example_dags/example_branch_python_dop_operator_3.py
[2024-09-15T08:27:01.540+0000] {processor.py:914} INFO - Processing file /home/airflow/.local/lib/python3.12/site-packages/airflow/example_dags/example_branch_python_dop_operator_3.py for tasks to queue
[2024-09-15T08:27:01.542+0000] {logging_mixin.py:190} INFO - [2024-09-15T08:27:01.542+0000] {dagbag.py:587} INFO - Filling up the DagBag from /home/airflow/.local/lib/python3.12/site-packages/airflow/example_dags/example_branch_python_dop_operator_3.py
[2024-09-15T08:27:01.559+0000] {processor.py:925} INFO - DAG(s) 'example_branch_dop_operator_v3' retrieved from /home/airflow/.local/lib/python3.12/site-packages/airflow/example_dags/example_branch_python_dop_operator_3.py
[2024-09-15T08:27:01.596+0000] {logging_mixin.py:190} INFO - [2024-09-15T08:27:01.596+0000] {dag.py:3229} INFO - Sync 1 DAGs
[2024-09-15T08:27:01.654+0000] {logging_mixin.py:190} INFO - [2024-09-15T08:27:01.654+0000] {dag.py:4156} INFO - Setting next_dagrun for example_branch_dop_operator_v3 to 2024-09-15 08:26:00+00:00, run_after=2024-09-15 08:27:00+00:00
[2024-09-15T08:27:01.701+0000] {processor.py:208} INFO - Processing /home/airflow/.local/lib/python3.12/site-packages/airflow/example_dags/example_branch_python_dop_operator_3.py took 0.177 seconds
[2024-09-15T08:27:31.944+0000] {processor.py:186} INFO - Started process (PID=3954) to work on /home/airflow/.local/lib/python3.12/site-packages/airflow/example_dags/example_branch_python_dop_operator_3.py
[2024-09-15T08:27:31.946+0000] {processor.py:914} INFO - Processing file /home/airflow/.local/lib/python3.12/site-packages/airflow/example_dags/example_branch_python_dop_operator_3.py for tasks to queue
[2024-09-15T08:27:31.949+0000] {logging_mixin.py:190} INFO - [2024-09-15T08:27:31.948+0000] {dagbag.py:587} INFO - Filling up the DagBag from /home/airflow/.local/lib/python3.12/site-packages/airflow/example_dags/example_branch_python_dop_operator_3.py
[2024-09-15T08:27:31.973+0000] {processor.py:925} INFO - DAG(s) 'example_branch_dop_operator_v3' retrieved from /home/airflow/.local/lib/python3.12/site-packages/airflow/example_dags/example_branch_python_dop_operator_3.py
[2024-09-15T08:27:32.017+0000] {logging_mixin.py:190} INFO - [2024-09-15T08:27:32.016+0000] {dag.py:3229} INFO - Sync 1 DAGs
[2024-09-15T08:27:32.078+0000] {logging_mixin.py:190} INFO - [2024-09-15T08:27:32.077+0000] {dag.py:4156} INFO - Setting next_dagrun for example_branch_dop_operator_v3 to 2024-09-15 08:26:00+00:00, run_after=2024-09-15 08:27:00+00:00
[2024-09-15T08:27:32.126+0000] {processor.py:208} INFO - Processing /home/airflow/.local/lib/python3.12/site-packages/airflow/example_dags/example_branch_python_dop_operator_3.py took 0.196 seconds
[2024-09-15T08:28:02.700+0000] {processor.py:186} INFO - Started process (PID=4016) to work on /home/airflow/.local/lib/python3.12/site-packages/airflow/example_dags/example_branch_python_dop_operator_3.py
[2024-09-15T08:28:02.702+0000] {processor.py:914} INFO - Processing file /home/airflow/.local/lib/python3.12/site-packages/airflow/example_dags/example_branch_python_dop_operator_3.py for tasks to queue
[2024-09-15T08:28:02.707+0000] {logging_mixin.py:190} INFO - [2024-09-15T08:28:02.706+0000] {dagbag.py:587} INFO - Filling up the DagBag from /home/airflow/.local/lib/python3.12/site-packages/airflow/example_dags/example_branch_python_dop_operator_3.py
[2024-09-15T08:28:02.734+0000] {processor.py:925} INFO - DAG(s) 'example_branch_dop_operator_v3' retrieved from /home/airflow/.local/lib/python3.12/site-packages/airflow/example_dags/example_branch_python_dop_operator_3.py
[2024-09-15T08:28:02.774+0000] {logging_mixin.py:190} INFO - [2024-09-15T08:28:02.774+0000] {dag.py:3229} INFO - Sync 1 DAGs
[2024-09-15T08:28:02.843+0000] {logging_mixin.py:190} INFO - [2024-09-15T08:28:02.842+0000] {dag.py:4156} INFO - Setting next_dagrun for example_branch_dop_operator_v3 to 2024-09-15 08:27:00+00:00, run_after=2024-09-15 08:28:00+00:00
[2024-09-15T08:28:02.886+0000] {processor.py:208} INFO - Processing /home/airflow/.local/lib/python3.12/site-packages/airflow/example_dags/example_branch_python_dop_operator_3.py took 0.200 seconds
[2024-09-15T08:28:33.926+0000] {processor.py:186} INFO - Started process (PID=4078) to work on /home/airflow/.local/lib/python3.12/site-packages/airflow/example_dags/example_branch_python_dop_operator_3.py
[2024-09-15T08:28:33.940+0000] {processor.py:914} INFO - Processing file /home/airflow/.local/lib/python3.12/site-packages/airflow/example_dags/example_branch_python_dop_operator_3.py for tasks to queue
[2024-09-15T08:28:33.946+0000] {logging_mixin.py:190} INFO - [2024-09-15T08:28:33.945+0000] {dagbag.py:587} INFO - Filling up the DagBag from /home/airflow/.local/lib/python3.12/site-packages/airflow/example_dags/example_branch_python_dop_operator_3.py
[2024-09-15T08:28:34.038+0000] {processor.py:925} INFO - DAG(s) 'example_branch_dop_operator_v3' retrieved from /home/airflow/.local/lib/python3.12/site-packages/airflow/example_dags/example_branch_python_dop_operator_3.py
[2024-09-15T08:28:35.107+0000] {logging_mixin.py:190} INFO - [2024-09-15T08:28:35.089+0000] {dag.py:3229} INFO - Sync 1 DAGs
[2024-09-15T08:29:55.376+0000] {logging_mixin.py:190} INFO - [2024-09-15T08:29:54.993+0000] {dag.py:4156} INFO - Setting next_dagrun for example_branch_dop_operator_v3 to 2024-09-15 08:28:00+00:00, run_after=2024-09-15 08:29:00+00:00
[2024-09-15T08:31:02.345+0000] {processor.py:186} INFO - Started process (PID=4091) to work on /home/airflow/.local/lib/python3.12/site-packages/airflow/example_dags/example_branch_python_dop_operator_3.py
[2024-09-15T08:31:02.350+0000] {processor.py:914} INFO - Processing file /home/airflow/.local/lib/python3.12/site-packages/airflow/example_dags/example_branch_python_dop_operator_3.py for tasks to queue
[2024-09-15T08:31:02.360+0000] {logging_mixin.py:190} INFO - [2024-09-15T08:31:02.357+0000] {dagbag.py:587} INFO - Filling up the DagBag from /home/airflow/.local/lib/python3.12/site-packages/airflow/example_dags/example_branch_python_dop_operator_3.py
[2024-09-15T08:31:02.423+0000] {processor.py:925} INFO - DAG(s) 'example_branch_dop_operator_v3' retrieved from /home/airflow/.local/lib/python3.12/site-packages/airflow/example_dags/example_branch_python_dop_operator_3.py
[2024-09-15T08:31:03.587+0000] {logging_mixin.py:190} INFO - [2024-09-15T08:31:03.586+0000] {dag.py:3229} INFO - Sync 1 DAGs
[2024-09-15T08:31:03.810+0000] {logging_mixin.py:190} INFO - [2024-09-15T08:31:03.809+0000] {dag.py:4156} INFO - Setting next_dagrun for example_branch_dop_operator_v3 to 2024-09-15 08:30:00+00:00, run_after=2024-09-15 08:31:00+00:00
[2024-09-15T08:31:03.947+0000] {processor.py:208} INFO - Processing /home/airflow/.local/lib/python3.12/site-packages/airflow/example_dags/example_branch_python_dop_operator_3.py took 1.630 seconds
[2024-09-15T08:31:34.616+0000] {processor.py:186} INFO - Started process (PID=4153) to work on /home/airflow/.local/lib/python3.12/site-packages/airflow/example_dags/example_branch_python_dop_operator_3.py
[2024-09-15T08:31:34.624+0000] {processor.py:914} INFO - Processing file /home/airflow/.local/lib/python3.12/site-packages/airflow/example_dags/example_branch_python_dop_operator_3.py for tasks to queue
[2024-09-15T08:31:34.643+0000] {logging_mixin.py:190} INFO - [2024-09-15T08:31:34.642+0000] {dagbag.py:587} INFO - Filling up the DagBag from /home/airflow/.local/lib/python3.12/site-packages/airflow/example_dags/example_branch_python_dop_operator_3.py
[2024-09-15T08:31:34.712+0000] {processor.py:925} INFO - DAG(s) 'example_branch_dop_operator_v3' retrieved from /home/airflow/.local/lib/python3.12/site-packages/airflow/example_dags/example_branch_python_dop_operator_3.py
[2024-09-15T08:31:34.903+0000] {logging_mixin.py:190} INFO - [2024-09-15T08:31:34.903+0000] {dag.py:3229} INFO - Sync 1 DAGs
[2024-09-15T08:31:35.198+0000] {logging_mixin.py:190} INFO - [2024-09-15T08:31:35.197+0000] {dag.py:4156} INFO - Setting next_dagrun for example_branch_dop_operator_v3 to 2024-09-15 08:30:00+00:00, run_after=2024-09-15 08:31:00+00:00
[2024-09-15T08:31:35.355+0000] {processor.py:208} INFO - Processing /home/airflow/.local/lib/python3.12/site-packages/airflow/example_dags/example_branch_python_dop_operator_3.py took 0.784 seconds
[2024-09-15T08:32:05.699+0000] {processor.py:186} INFO - Started process (PID=4216) to work on /home/airflow/.local/lib/python3.12/site-packages/airflow/example_dags/example_branch_python_dop_operator_3.py
[2024-09-15T08:32:05.702+0000] {processor.py:914} INFO - Processing file /home/airflow/.local/lib/python3.12/site-packages/airflow/example_dags/example_branch_python_dop_operator_3.py for tasks to queue
[2024-09-15T08:32:05.706+0000] {logging_mixin.py:190} INFO - [2024-09-15T08:32:05.705+0000] {dagbag.py:587} INFO - Filling up the DagBag from /home/airflow/.local/lib/python3.12/site-packages/airflow/example_dags/example_branch_python_dop_operator_3.py
[2024-09-15T08:32:05.732+0000] {processor.py:925} INFO - DAG(s) 'example_branch_dop_operator_v3' retrieved from /home/airflow/.local/lib/python3.12/site-packages/airflow/example_dags/example_branch_python_dop_operator_3.py
[2024-09-15T08:32:05.775+0000] {logging_mixin.py:190} INFO - [2024-09-15T08:32:05.775+0000] {dag.py:3229} INFO - Sync 1 DAGs
[2024-09-15T08:32:05.860+0000] {logging_mixin.py:190} INFO - [2024-09-15T08:32:05.860+0000] {dag.py:4156} INFO - Setting next_dagrun for example_branch_dop_operator_v3 to 2024-09-15 08:31:00+00:00, run_after=2024-09-15 08:32:00+00:00
[2024-09-15T08:32:05.898+0000] {processor.py:208} INFO - Processing /home/airflow/.local/lib/python3.12/site-packages/airflow/example_dags/example_branch_python_dop_operator_3.py took 0.212 seconds
