[2024-09-15T06:52:56.268+0000] {processor.py:186} INFO - Started process (PID=93) to work on /home/airflow/.local/lib/python3.12/site-packages/airflow/example_dags/example_inlet_event_extra.py
[2024-09-15T06:52:56.281+0000] {processor.py:914} INFO - Processing file /home/airflow/.local/lib/python3.12/site-packages/airflow/example_dags/example_inlet_event_extra.py for tasks to queue
[2024-09-15T06:52:56.289+0000] {logging_mixin.py:190} INFO - [2024-09-15T06:52:56.288+0000] {dagbag.py:587} INFO - Filling up the DagBag from /home/airflow/.local/lib/python3.12/site-packages/airflow/example_dags/example_inlet_event_extra.py
[2024-09-15T06:53:00.722+0000] {processor.py:925} INFO - DAG(s) 'read_dataset_event_from_classic', 'read_dataset_event' retrieved from /home/airflow/.local/lib/python3.12/site-packages/airflow/example_dags/example_inlet_event_extra.py
[2024-09-15T06:53:01.237+0000] {logging_mixin.py:190} INFO - [2024-09-15T06:53:01.235+0000] {override.py:1900} INFO - Created Permission View: can delete on DAG:read_dataset_event_from_classic
[2024-09-15T06:53:01.304+0000] {logging_mixin.py:190} INFO - [2024-09-15T06:53:01.303+0000] {override.py:1900} INFO - Created Permission View: can edit on DAG:read_dataset_event_from_classic
[2024-09-15T06:53:01.347+0000] {logging_mixin.py:190} INFO - [2024-09-15T06:53:01.344+0000] {override.py:1900} INFO - Created Permission View: can read on DAG:read_dataset_event_from_classic
[2024-09-15T06:53:01.412+0000] {logging_mixin.py:190} INFO - [2024-09-15T06:53:01.412+0000] {override.py:1900} INFO - Created Permission View: can delete on DAG Run:read_dataset_event_from_classic
[2024-09-15T06:53:01.477+0000] {logging_mixin.py:190} INFO - [2024-09-15T06:53:01.476+0000] {override.py:1900} INFO - Created Permission View: can create on DAG Run:read_dataset_event_from_classic
[2024-09-15T06:53:01.516+0000] {logging_mixin.py:190} INFO - [2024-09-15T06:53:01.516+0000] {override.py:1900} INFO - Created Permission View: can read on DAG Run:read_dataset_event_from_classic
[2024-09-15T06:53:01.584+0000] {logging_mixin.py:190} INFO - [2024-09-15T06:53:01.583+0000] {override.py:1900} INFO - Created Permission View: menu access on DAG Run:read_dataset_event_from_classic
[2024-09-15T06:53:01.672+0000] {logging_mixin.py:190} INFO - [2024-09-15T06:53:01.671+0000] {override.py:1900} INFO - Created Permission View: can delete on DAG:read_dataset_event
[2024-09-15T06:53:01.752+0000] {logging_mixin.py:190} INFO - [2024-09-15T06:53:01.747+0000] {override.py:1900} INFO - Created Permission View: can edit on DAG:read_dataset_event
[2024-09-15T06:53:01.801+0000] {logging_mixin.py:190} INFO - [2024-09-15T06:53:01.800+0000] {override.py:1900} INFO - Created Permission View: can read on DAG:read_dataset_event
[2024-09-15T06:53:01.829+0000] {logging_mixin.py:190} INFO - [2024-09-15T06:53:01.828+0000] {override.py:1900} INFO - Created Permission View: can delete on DAG Run:read_dataset_event
[2024-09-15T06:53:01.846+0000] {logging_mixin.py:190} INFO - [2024-09-15T06:53:01.846+0000] {override.py:1900} INFO - Created Permission View: can create on DAG Run:read_dataset_event
[2024-09-15T06:53:01.866+0000] {logging_mixin.py:190} INFO - [2024-09-15T06:53:01.865+0000] {override.py:1900} INFO - Created Permission View: can read on DAG Run:read_dataset_event
[2024-09-15T06:53:01.906+0000] {logging_mixin.py:190} INFO - [2024-09-15T06:53:01.906+0000] {override.py:1900} INFO - Created Permission View: menu access on DAG Run:read_dataset_event
[2024-09-15T06:53:01.908+0000] {logging_mixin.py:190} INFO - [2024-09-15T06:53:01.908+0000] {dag.py:3229} INFO - Sync 2 DAGs
[2024-09-15T06:53:01.957+0000] {logging_mixin.py:190} INFO - [2024-09-15T06:53:01.956+0000] {dag.py:3252} INFO - Creating ORM DAG for read_dataset_event_from_classic
[2024-09-15T06:53:01.960+0000] {logging_mixin.py:190} INFO - [2024-09-15T06:53:01.960+0000] {dag.py:3252} INFO - Creating ORM DAG for read_dataset_event
[2024-09-15T06:53:02.025+0000] {logging_mixin.py:190} INFO - [2024-09-15T06:53:02.024+0000] {dag.py:4156} INFO - Setting next_dagrun for read_dataset_event to 2024-09-14 00:00:00+00:00, run_after=2024-09-15 00:00:00+00:00
[2024-09-15T06:53:02.032+0000] {logging_mixin.py:190} INFO - [2024-09-15T06:53:02.031+0000] {dag.py:4156} INFO - Setting next_dagrun for read_dataset_event_from_classic to 2024-09-14 00:00:00+00:00, run_after=2024-09-15 00:00:00+00:00
[2024-09-15T06:53:02.106+0000] {processor.py:208} INFO - Processing /home/airflow/.local/lib/python3.12/site-packages/airflow/example_dags/example_inlet_event_extra.py took 5.866 seconds
[2024-09-15T06:54:10.146+0000] {processor.py:186} INFO - Started process (PID=155) to work on /home/airflow/.local/lib/python3.12/site-packages/airflow/example_dags/example_inlet_event_extra.py
[2024-09-15T06:54:10.148+0000] {processor.py:914} INFO - Processing file /home/airflow/.local/lib/python3.12/site-packages/airflow/example_dags/example_inlet_event_extra.py for tasks to queue
[2024-09-15T06:54:10.153+0000] {logging_mixin.py:190} INFO - [2024-09-15T06:54:10.152+0000] {dagbag.py:587} INFO - Filling up the DagBag from /home/airflow/.local/lib/python3.12/site-packages/airflow/example_dags/example_inlet_event_extra.py
[2024-09-15T06:54:10.538+0000] {processor.py:925} INFO - DAG(s) 'read_dataset_event_from_classic', 'read_dataset_event' retrieved from /home/airflow/.local/lib/python3.12/site-packages/airflow/example_dags/example_inlet_event_extra.py
[2024-09-15T06:54:10.583+0000] {logging_mixin.py:190} INFO - [2024-09-15T06:54:10.582+0000] {dag.py:3229} INFO - Sync 2 DAGs
[2024-09-15T06:54:10.640+0000] {logging_mixin.py:190} INFO - [2024-09-15T06:54:10.639+0000] {dag.py:4156} INFO - Setting next_dagrun for read_dataset_event to 2024-09-14 00:00:00+00:00, run_after=2024-09-15 00:00:00+00:00
[2024-09-15T06:54:10.652+0000] {logging_mixin.py:190} INFO - [2024-09-15T06:54:10.651+0000] {dag.py:4156} INFO - Setting next_dagrun for read_dataset_event_from_classic to 2024-09-14 00:00:00+00:00, run_after=2024-09-15 00:00:00+00:00
[2024-09-15T06:54:10.695+0000] {processor.py:208} INFO - Processing /home/airflow/.local/lib/python3.12/site-packages/airflow/example_dags/example_inlet_event_extra.py took 0.562 seconds
[2024-09-15T06:54:42.530+0000] {processor.py:186} INFO - Started process (PID=217) to work on /home/airflow/.local/lib/python3.12/site-packages/airflow/example_dags/example_inlet_event_extra.py
[2024-09-15T06:54:42.533+0000] {processor.py:914} INFO - Processing file /home/airflow/.local/lib/python3.12/site-packages/airflow/example_dags/example_inlet_event_extra.py for tasks to queue
[2024-09-15T06:54:42.539+0000] {logging_mixin.py:190} INFO - [2024-09-15T06:54:42.538+0000] {dagbag.py:587} INFO - Filling up the DagBag from /home/airflow/.local/lib/python3.12/site-packages/airflow/example_dags/example_inlet_event_extra.py
[2024-09-15T06:54:43.328+0000] {processor.py:925} INFO - DAG(s) 'read_dataset_event_from_classic', 'read_dataset_event' retrieved from /home/airflow/.local/lib/python3.12/site-packages/airflow/example_dags/example_inlet_event_extra.py
[2024-09-15T06:54:43.430+0000] {logging_mixin.py:190} INFO - [2024-09-15T06:54:43.430+0000] {dag.py:3229} INFO - Sync 2 DAGs
[2024-09-15T06:54:43.527+0000] {logging_mixin.py:190} INFO - [2024-09-15T06:54:43.527+0000] {dag.py:4156} INFO - Setting next_dagrun for read_dataset_event to 2024-09-14 00:00:00+00:00, run_after=2024-09-15 00:00:00+00:00
[2024-09-15T06:54:43.543+0000] {logging_mixin.py:190} INFO - [2024-09-15T06:54:43.543+0000] {dag.py:4156} INFO - Setting next_dagrun for read_dataset_event_from_classic to 2024-09-14 00:00:00+00:00, run_after=2024-09-15 00:00:00+00:00
[2024-09-15T06:54:43.588+0000] {processor.py:208} INFO - Processing /home/airflow/.local/lib/python3.12/site-packages/airflow/example_dags/example_inlet_event_extra.py took 1.080 seconds
[2024-09-15T06:55:16.172+0000] {processor.py:186} INFO - Started process (PID=279) to work on /home/airflow/.local/lib/python3.12/site-packages/airflow/example_dags/example_inlet_event_extra.py
[2024-09-15T06:55:16.175+0000] {processor.py:914} INFO - Processing file /home/airflow/.local/lib/python3.12/site-packages/airflow/example_dags/example_inlet_event_extra.py for tasks to queue
[2024-09-15T06:55:16.181+0000] {logging_mixin.py:190} INFO - [2024-09-15T06:55:16.180+0000] {dagbag.py:587} INFO - Filling up the DagBag from /home/airflow/.local/lib/python3.12/site-packages/airflow/example_dags/example_inlet_event_extra.py
[2024-09-15T06:55:17.717+0000] {processor.py:925} INFO - DAG(s) 'read_dataset_event', 'read_dataset_event_from_classic' retrieved from /home/airflow/.local/lib/python3.12/site-packages/airflow/example_dags/example_inlet_event_extra.py
[2024-09-15T06:55:17.844+0000] {logging_mixin.py:190} INFO - [2024-09-15T06:55:17.844+0000] {dag.py:3229} INFO - Sync 2 DAGs
[2024-09-15T06:55:17.960+0000] {logging_mixin.py:190} INFO - [2024-09-15T06:55:17.959+0000] {dag.py:4156} INFO - Setting next_dagrun for read_dataset_event to 2024-09-14 00:00:00+00:00, run_after=2024-09-15 00:00:00+00:00
[2024-09-15T06:55:17.978+0000] {logging_mixin.py:190} INFO - [2024-09-15T06:55:17.976+0000] {dag.py:4156} INFO - Setting next_dagrun for read_dataset_event_from_classic to 2024-09-14 00:00:00+00:00, run_after=2024-09-15 00:00:00+00:00
[2024-09-15T06:55:18.077+0000] {processor.py:208} INFO - Processing /home/airflow/.local/lib/python3.12/site-packages/airflow/example_dags/example_inlet_event_extra.py took 1.920 seconds
[2024-09-15T06:57:50.440+0000] {processor.py:186} INFO - Started process (PID=323) to work on /home/airflow/.local/lib/python3.12/site-packages/airflow/example_dags/example_inlet_event_extra.py
[2024-09-15T06:57:50.442+0000] {processor.py:914} INFO - Processing file /home/airflow/.local/lib/python3.12/site-packages/airflow/example_dags/example_inlet_event_extra.py for tasks to queue
[2024-09-15T06:57:50.445+0000] {logging_mixin.py:190} INFO - [2024-09-15T06:57:50.444+0000] {dagbag.py:587} INFO - Filling up the DagBag from /home/airflow/.local/lib/python3.12/site-packages/airflow/example_dags/example_inlet_event_extra.py
[2024-09-15T06:57:51.511+0000] {processor.py:925} INFO - DAG(s) 'read_dataset_event_from_classic', 'read_dataset_event' retrieved from /home/airflow/.local/lib/python3.12/site-packages/airflow/example_dags/example_inlet_event_extra.py
[2024-09-15T06:57:51.549+0000] {logging_mixin.py:190} INFO - [2024-09-15T06:57:51.549+0000] {dag.py:3229} INFO - Sync 2 DAGs
[2024-09-15T06:57:51.604+0000] {logging_mixin.py:190} INFO - [2024-09-15T06:57:51.604+0000] {dag.py:4156} INFO - Setting next_dagrun for read_dataset_event to 2024-09-14 00:00:00+00:00, run_after=2024-09-15 00:00:00+00:00
[2024-09-15T06:57:51.619+0000] {logging_mixin.py:190} INFO - [2024-09-15T06:57:51.619+0000] {dag.py:4156} INFO - Setting next_dagrun for read_dataset_event_from_classic to 2024-09-14 00:00:00+00:00, run_after=2024-09-15 00:00:00+00:00
[2024-09-15T06:57:51.650+0000] {processor.py:208} INFO - Processing /home/airflow/.local/lib/python3.12/site-packages/airflow/example_dags/example_inlet_event_extra.py took 1.220 seconds
[2024-09-15T06:58:21.826+0000] {processor.py:186} INFO - Started process (PID=389) to work on /home/airflow/.local/lib/python3.12/site-packages/airflow/example_dags/example_inlet_event_extra.py
[2024-09-15T06:58:21.828+0000] {processor.py:914} INFO - Processing file /home/airflow/.local/lib/python3.12/site-packages/airflow/example_dags/example_inlet_event_extra.py for tasks to queue
[2024-09-15T06:58:21.831+0000] {logging_mixin.py:190} INFO - [2024-09-15T06:58:21.830+0000] {dagbag.py:587} INFO - Filling up the DagBag from /home/airflow/.local/lib/python3.12/site-packages/airflow/example_dags/example_inlet_event_extra.py
[2024-09-15T06:58:22.201+0000] {processor.py:925} INFO - DAG(s) 'read_dataset_event_from_classic', 'read_dataset_event' retrieved from /home/airflow/.local/lib/python3.12/site-packages/airflow/example_dags/example_inlet_event_extra.py
[2024-09-15T06:58:22.248+0000] {logging_mixin.py:190} INFO - [2024-09-15T06:58:22.248+0000] {dag.py:3229} INFO - Sync 2 DAGs
[2024-09-15T06:58:22.310+0000] {logging_mixin.py:190} INFO - [2024-09-15T06:58:22.310+0000] {dag.py:4156} INFO - Setting next_dagrun for read_dataset_event to 2024-09-14 00:00:00+00:00, run_after=2024-09-15 00:00:00+00:00
[2024-09-15T06:58:22.324+0000] {logging_mixin.py:190} INFO - [2024-09-15T06:58:22.323+0000] {dag.py:4156} INFO - Setting next_dagrun for read_dataset_event_from_classic to 2024-09-14 00:00:00+00:00, run_after=2024-09-15 00:00:00+00:00
[2024-09-15T06:58:22.368+0000] {processor.py:208} INFO - Processing /home/airflow/.local/lib/python3.12/site-packages/airflow/example_dags/example_inlet_event_extra.py took 0.578 seconds
[2024-09-15T06:58:53.190+0000] {processor.py:186} INFO - Started process (PID=451) to work on /home/airflow/.local/lib/python3.12/site-packages/airflow/example_dags/example_inlet_event_extra.py
[2024-09-15T06:58:53.192+0000] {processor.py:914} INFO - Processing file /home/airflow/.local/lib/python3.12/site-packages/airflow/example_dags/example_inlet_event_extra.py for tasks to queue
[2024-09-15T06:58:53.195+0000] {logging_mixin.py:190} INFO - [2024-09-15T06:58:53.194+0000] {dagbag.py:587} INFO - Filling up the DagBag from /home/airflow/.local/lib/python3.12/site-packages/airflow/example_dags/example_inlet_event_extra.py
[2024-09-15T06:58:53.617+0000] {processor.py:925} INFO - DAG(s) 'read_dataset_event', 'read_dataset_event_from_classic' retrieved from /home/airflow/.local/lib/python3.12/site-packages/airflow/example_dags/example_inlet_event_extra.py
[2024-09-15T06:58:53.670+0000] {logging_mixin.py:190} INFO - [2024-09-15T06:58:53.670+0000] {dag.py:3229} INFO - Sync 2 DAGs
[2024-09-15T06:58:53.723+0000] {logging_mixin.py:190} INFO - [2024-09-15T06:58:53.723+0000] {dag.py:4156} INFO - Setting next_dagrun for read_dataset_event to 2024-09-14 00:00:00+00:00, run_after=2024-09-15 00:00:00+00:00
[2024-09-15T06:58:53.734+0000] {logging_mixin.py:190} INFO - [2024-09-15T06:58:53.733+0000] {dag.py:4156} INFO - Setting next_dagrun for read_dataset_event_from_classic to 2024-09-14 00:00:00+00:00, run_after=2024-09-15 00:00:00+00:00
[2024-09-15T06:58:53.779+0000] {processor.py:208} INFO - Processing /home/airflow/.local/lib/python3.12/site-packages/airflow/example_dags/example_inlet_event_extra.py took 0.600 seconds
[2024-09-15T06:59:23.907+0000] {processor.py:186} INFO - Started process (PID=514) to work on /home/airflow/.local/lib/python3.12/site-packages/airflow/example_dags/example_inlet_event_extra.py
[2024-09-15T06:59:23.909+0000] {processor.py:914} INFO - Processing file /home/airflow/.local/lib/python3.12/site-packages/airflow/example_dags/example_inlet_event_extra.py for tasks to queue
[2024-09-15T06:59:23.913+0000] {logging_mixin.py:190} INFO - [2024-09-15T06:59:23.912+0000] {dagbag.py:587} INFO - Filling up the DagBag from /home/airflow/.local/lib/python3.12/site-packages/airflow/example_dags/example_inlet_event_extra.py
[2024-09-15T06:59:24.206+0000] {processor.py:925} INFO - DAG(s) 'read_dataset_event_from_classic', 'read_dataset_event' retrieved from /home/airflow/.local/lib/python3.12/site-packages/airflow/example_dags/example_inlet_event_extra.py
[2024-09-15T06:59:24.248+0000] {logging_mixin.py:190} INFO - [2024-09-15T06:59:24.248+0000] {dag.py:3229} INFO - Sync 2 DAGs
[2024-09-15T06:59:24.301+0000] {logging_mixin.py:190} INFO - [2024-09-15T06:59:24.300+0000] {dag.py:4156} INFO - Setting next_dagrun for read_dataset_event to 2024-09-14 00:00:00+00:00, run_after=2024-09-15 00:00:00+00:00
[2024-09-15T06:59:24.310+0000] {logging_mixin.py:190} INFO - [2024-09-15T06:59:24.310+0000] {dag.py:4156} INFO - Setting next_dagrun for read_dataset_event_from_classic to 2024-09-14 00:00:00+00:00, run_after=2024-09-15 00:00:00+00:00
[2024-09-15T06:59:24.346+0000] {processor.py:208} INFO - Processing /home/airflow/.local/lib/python3.12/site-packages/airflow/example_dags/example_inlet_event_extra.py took 0.452 seconds
[2024-09-15T06:59:54.726+0000] {processor.py:186} INFO - Started process (PID=575) to work on /home/airflow/.local/lib/python3.12/site-packages/airflow/example_dags/example_inlet_event_extra.py
[2024-09-15T06:59:54.728+0000] {processor.py:914} INFO - Processing file /home/airflow/.local/lib/python3.12/site-packages/airflow/example_dags/example_inlet_event_extra.py for tasks to queue
[2024-09-15T06:59:54.731+0000] {logging_mixin.py:190} INFO - [2024-09-15T06:59:54.730+0000] {dagbag.py:587} INFO - Filling up the DagBag from /home/airflow/.local/lib/python3.12/site-packages/airflow/example_dags/example_inlet_event_extra.py
[2024-09-15T06:59:55.156+0000] {processor.py:925} INFO - DAG(s) 'read_dataset_event_from_classic', 'read_dataset_event' retrieved from /home/airflow/.local/lib/python3.12/site-packages/airflow/example_dags/example_inlet_event_extra.py
[2024-09-15T06:59:55.219+0000] {logging_mixin.py:190} INFO - [2024-09-15T06:59:55.219+0000] {dag.py:3229} INFO - Sync 2 DAGs
[2024-09-15T06:59:55.304+0000] {logging_mixin.py:190} INFO - [2024-09-15T06:59:55.303+0000] {dag.py:4156} INFO - Setting next_dagrun for read_dataset_event to 2024-09-14 00:00:00+00:00, run_after=2024-09-15 00:00:00+00:00
[2024-09-15T06:59:55.324+0000] {logging_mixin.py:190} INFO - [2024-09-15T06:59:55.323+0000] {dag.py:4156} INFO - Setting next_dagrun for read_dataset_event_from_classic to 2024-09-14 00:00:00+00:00, run_after=2024-09-15 00:00:00+00:00
[2024-09-15T06:59:55.364+0000] {processor.py:208} INFO - Processing /home/airflow/.local/lib/python3.12/site-packages/airflow/example_dags/example_inlet_event_extra.py took 0.658 seconds
[2024-09-15T07:00:39.806+0000] {processor.py:186} INFO - Started process (PID=633) to work on /home/airflow/.local/lib/python3.12/site-packages/airflow/example_dags/example_inlet_event_extra.py
[2024-09-15T07:00:39.808+0000] {processor.py:914} INFO - Processing file /home/airflow/.local/lib/python3.12/site-packages/airflow/example_dags/example_inlet_event_extra.py for tasks to queue
[2024-09-15T07:00:39.811+0000] {logging_mixin.py:190} INFO - [2024-09-15T07:00:39.810+0000] {dagbag.py:587} INFO - Filling up the DagBag from /home/airflow/.local/lib/python3.12/site-packages/airflow/example_dags/example_inlet_event_extra.py
[2024-09-15T07:00:40.352+0000] {processor.py:925} INFO - DAG(s) 'read_dataset_event_from_classic', 'read_dataset_event' retrieved from /home/airflow/.local/lib/python3.12/site-packages/airflow/example_dags/example_inlet_event_extra.py
[2024-09-15T07:00:40.409+0000] {logging_mixin.py:190} INFO - [2024-09-15T07:00:40.409+0000] {dag.py:3229} INFO - Sync 2 DAGs
[2024-09-15T07:00:40.465+0000] {logging_mixin.py:190} INFO - [2024-09-15T07:00:40.464+0000] {dag.py:4156} INFO - Setting next_dagrun for read_dataset_event to 2024-09-14 00:00:00+00:00, run_after=2024-09-15 00:00:00+00:00
[2024-09-15T07:00:40.475+0000] {logging_mixin.py:190} INFO - [2024-09-15T07:00:40.475+0000] {dag.py:4156} INFO - Setting next_dagrun for read_dataset_event_from_classic to 2024-09-14 00:00:00+00:00, run_after=2024-09-15 00:00:00+00:00
[2024-09-15T07:00:40.528+0000] {processor.py:208} INFO - Processing /home/airflow/.local/lib/python3.12/site-packages/airflow/example_dags/example_inlet_event_extra.py took 0.749 seconds
[2024-09-15T07:04:38.224+0000] {processor.py:186} INFO - Started process (PID=701) to work on /home/airflow/.local/lib/python3.12/site-packages/airflow/example_dags/example_inlet_event_extra.py
[2024-09-15T07:04:38.226+0000] {processor.py:914} INFO - Processing file /home/airflow/.local/lib/python3.12/site-packages/airflow/example_dags/example_inlet_event_extra.py for tasks to queue
[2024-09-15T07:04:38.229+0000] {logging_mixin.py:190} INFO - [2024-09-15T07:04:38.228+0000] {dagbag.py:587} INFO - Filling up the DagBag from /home/airflow/.local/lib/python3.12/site-packages/airflow/example_dags/example_inlet_event_extra.py
[2024-09-15T07:04:38.784+0000] {processor.py:925} INFO - DAG(s) 'read_dataset_event_from_classic', 'read_dataset_event' retrieved from /home/airflow/.local/lib/python3.12/site-packages/airflow/example_dags/example_inlet_event_extra.py
[2024-09-15T07:04:38.826+0000] {logging_mixin.py:190} INFO - [2024-09-15T07:04:38.825+0000] {dag.py:3229} INFO - Sync 2 DAGs
[2024-09-15T07:04:38.887+0000] {logging_mixin.py:190} INFO - [2024-09-15T07:04:38.887+0000] {dag.py:4156} INFO - Setting next_dagrun for read_dataset_event to 2024-09-14 00:00:00+00:00, run_after=2024-09-15 00:00:00+00:00
[2024-09-15T07:04:38.898+0000] {logging_mixin.py:190} INFO - [2024-09-15T07:04:38.897+0000] {dag.py:4156} INFO - Setting next_dagrun for read_dataset_event_from_classic to 2024-09-14 00:00:00+00:00, run_after=2024-09-15 00:00:00+00:00
[2024-09-15T07:04:38.935+0000] {processor.py:208} INFO - Processing /home/airflow/.local/lib/python3.12/site-packages/airflow/example_dags/example_inlet_event_extra.py took 0.722 seconds
[2024-09-15T07:05:09.272+0000] {processor.py:186} INFO - Started process (PID=763) to work on /home/airflow/.local/lib/python3.12/site-packages/airflow/example_dags/example_inlet_event_extra.py
[2024-09-15T07:05:09.274+0000] {processor.py:914} INFO - Processing file /home/airflow/.local/lib/python3.12/site-packages/airflow/example_dags/example_inlet_event_extra.py for tasks to queue
[2024-09-15T07:05:09.279+0000] {logging_mixin.py:190} INFO - [2024-09-15T07:05:09.278+0000] {dagbag.py:587} INFO - Filling up the DagBag from /home/airflow/.local/lib/python3.12/site-packages/airflow/example_dags/example_inlet_event_extra.py
[2024-09-15T07:05:09.682+0000] {processor.py:925} INFO - DAG(s) 'read_dataset_event', 'read_dataset_event_from_classic' retrieved from /home/airflow/.local/lib/python3.12/site-packages/airflow/example_dags/example_inlet_event_extra.py
[2024-09-15T07:05:09.740+0000] {logging_mixin.py:190} INFO - [2024-09-15T07:05:09.740+0000] {dag.py:3229} INFO - Sync 2 DAGs
[2024-09-15T07:05:09.812+0000] {logging_mixin.py:190} INFO - [2024-09-15T07:05:09.812+0000] {dag.py:4156} INFO - Setting next_dagrun for read_dataset_event to 2024-09-14 00:00:00+00:00, run_after=2024-09-15 00:00:00+00:00
[2024-09-15T07:05:09.827+0000] {logging_mixin.py:190} INFO - [2024-09-15T07:05:09.827+0000] {dag.py:4156} INFO - Setting next_dagrun for read_dataset_event_from_classic to 2024-09-14 00:00:00+00:00, run_after=2024-09-15 00:00:00+00:00
[2024-09-15T07:05:09.870+0000] {processor.py:208} INFO - Processing /home/airflow/.local/lib/python3.12/site-packages/airflow/example_dags/example_inlet_event_extra.py took 0.616 seconds
[2024-09-15T07:05:40.721+0000] {processor.py:186} INFO - Started process (PID=825) to work on /home/airflow/.local/lib/python3.12/site-packages/airflow/example_dags/example_inlet_event_extra.py
[2024-09-15T07:05:40.723+0000] {processor.py:914} INFO - Processing file /home/airflow/.local/lib/python3.12/site-packages/airflow/example_dags/example_inlet_event_extra.py for tasks to queue
[2024-09-15T07:05:40.726+0000] {logging_mixin.py:190} INFO - [2024-09-15T07:05:40.725+0000] {dagbag.py:587} INFO - Filling up the DagBag from /home/airflow/.local/lib/python3.12/site-packages/airflow/example_dags/example_inlet_event_extra.py
[2024-09-15T07:05:41.029+0000] {processor.py:925} INFO - DAG(s) 'read_dataset_event_from_classic', 'read_dataset_event' retrieved from /home/airflow/.local/lib/python3.12/site-packages/airflow/example_dags/example_inlet_event_extra.py
[2024-09-15T07:05:41.070+0000] {logging_mixin.py:190} INFO - [2024-09-15T07:05:41.069+0000] {dag.py:3229} INFO - Sync 2 DAGs
[2024-09-15T07:05:41.130+0000] {logging_mixin.py:190} INFO - [2024-09-15T07:05:41.129+0000] {dag.py:4156} INFO - Setting next_dagrun for read_dataset_event to 2024-09-14 00:00:00+00:00, run_after=2024-09-15 00:00:00+00:00
[2024-09-15T07:05:41.141+0000] {logging_mixin.py:190} INFO - [2024-09-15T07:05:41.141+0000] {dag.py:4156} INFO - Setting next_dagrun for read_dataset_event_from_classic to 2024-09-14 00:00:00+00:00, run_after=2024-09-15 00:00:00+00:00
[2024-09-15T07:05:41.178+0000] {processor.py:208} INFO - Processing /home/airflow/.local/lib/python3.12/site-packages/airflow/example_dags/example_inlet_event_extra.py took 0.466 seconds
[2024-09-15T07:06:11.406+0000] {processor.py:186} INFO - Started process (PID=889) to work on /home/airflow/.local/lib/python3.12/site-packages/airflow/example_dags/example_inlet_event_extra.py
[2024-09-15T07:06:11.407+0000] {processor.py:914} INFO - Processing file /home/airflow/.local/lib/python3.12/site-packages/airflow/example_dags/example_inlet_event_extra.py for tasks to queue
[2024-09-15T07:06:11.410+0000] {logging_mixin.py:190} INFO - [2024-09-15T07:06:11.409+0000] {dagbag.py:587} INFO - Filling up the DagBag from /home/airflow/.local/lib/python3.12/site-packages/airflow/example_dags/example_inlet_event_extra.py
[2024-09-15T07:06:11.644+0000] {processor.py:925} INFO - DAG(s) 'read_dataset_event', 'read_dataset_event_from_classic' retrieved from /home/airflow/.local/lib/python3.12/site-packages/airflow/example_dags/example_inlet_event_extra.py
[2024-09-15T07:06:11.684+0000] {logging_mixin.py:190} INFO - [2024-09-15T07:06:11.683+0000] {dag.py:3229} INFO - Sync 2 DAGs
[2024-09-15T07:06:11.743+0000] {logging_mixin.py:190} INFO - [2024-09-15T07:06:11.742+0000] {dag.py:4156} INFO - Setting next_dagrun for read_dataset_event to 2024-09-14 00:00:00+00:00, run_after=2024-09-15 00:00:00+00:00
[2024-09-15T07:06:11.752+0000] {logging_mixin.py:190} INFO - [2024-09-15T07:06:11.752+0000] {dag.py:4156} INFO - Setting next_dagrun for read_dataset_event_from_classic to 2024-09-14 00:00:00+00:00, run_after=2024-09-15 00:00:00+00:00
[2024-09-15T07:06:11.782+0000] {processor.py:208} INFO - Processing /home/airflow/.local/lib/python3.12/site-packages/airflow/example_dags/example_inlet_event_extra.py took 0.386 seconds
[2024-09-15T07:06:42.059+0000] {processor.py:186} INFO - Started process (PID=950) to work on /home/airflow/.local/lib/python3.12/site-packages/airflow/example_dags/example_inlet_event_extra.py
[2024-09-15T07:06:42.060+0000] {processor.py:914} INFO - Processing file /home/airflow/.local/lib/python3.12/site-packages/airflow/example_dags/example_inlet_event_extra.py for tasks to queue
[2024-09-15T07:06:42.063+0000] {logging_mixin.py:190} INFO - [2024-09-15T07:06:42.062+0000] {dagbag.py:587} INFO - Filling up the DagBag from /home/airflow/.local/lib/python3.12/site-packages/airflow/example_dags/example_inlet_event_extra.py
[2024-09-15T07:06:42.429+0000] {processor.py:925} INFO - DAG(s) 'read_dataset_event', 'read_dataset_event_from_classic' retrieved from /home/airflow/.local/lib/python3.12/site-packages/airflow/example_dags/example_inlet_event_extra.py
[2024-09-15T07:06:42.468+0000] {logging_mixin.py:190} INFO - [2024-09-15T07:06:42.468+0000] {dag.py:3229} INFO - Sync 2 DAGs
[2024-09-15T07:06:42.518+0000] {logging_mixin.py:190} INFO - [2024-09-15T07:06:42.518+0000] {dag.py:4156} INFO - Setting next_dagrun for read_dataset_event to 2024-09-14 00:00:00+00:00, run_after=2024-09-15 00:00:00+00:00
[2024-09-15T07:06:42.531+0000] {logging_mixin.py:190} INFO - [2024-09-15T07:06:42.530+0000] {dag.py:4156} INFO - Setting next_dagrun for read_dataset_event_from_classic to 2024-09-14 00:00:00+00:00, run_after=2024-09-15 00:00:00+00:00
[2024-09-15T07:06:42.564+0000] {processor.py:208} INFO - Processing /home/airflow/.local/lib/python3.12/site-packages/airflow/example_dags/example_inlet_event_extra.py took 0.516 seconds
[2024-09-15T07:07:27.757+0000] {processor.py:186} INFO - Started process (PID=1011) to work on /home/airflow/.local/lib/python3.12/site-packages/airflow/example_dags/example_inlet_event_extra.py
[2024-09-15T07:07:27.759+0000] {processor.py:914} INFO - Processing file /home/airflow/.local/lib/python3.12/site-packages/airflow/example_dags/example_inlet_event_extra.py for tasks to queue
[2024-09-15T07:07:27.762+0000] {logging_mixin.py:190} INFO - [2024-09-15T07:07:27.761+0000] {dagbag.py:587} INFO - Filling up the DagBag from /home/airflow/.local/lib/python3.12/site-packages/airflow/example_dags/example_inlet_event_extra.py
[2024-09-15T07:07:28.422+0000] {processor.py:925} INFO - DAG(s) 'read_dataset_event_from_classic', 'read_dataset_event' retrieved from /home/airflow/.local/lib/python3.12/site-packages/airflow/example_dags/example_inlet_event_extra.py
[2024-09-15T07:07:28.473+0000] {logging_mixin.py:190} INFO - [2024-09-15T07:07:28.472+0000] {dag.py:3229} INFO - Sync 2 DAGs
[2024-09-15T07:07:28.536+0000] {logging_mixin.py:190} INFO - [2024-09-15T07:07:28.535+0000] {dag.py:4156} INFO - Setting next_dagrun for read_dataset_event to 2024-09-14 00:00:00+00:00, run_after=2024-09-15 00:00:00+00:00
[2024-09-15T07:07:28.554+0000] {logging_mixin.py:190} INFO - [2024-09-15T07:07:28.553+0000] {dag.py:4156} INFO - Setting next_dagrun for read_dataset_event_from_classic to 2024-09-14 00:00:00+00:00, run_after=2024-09-15 00:00:00+00:00
[2024-09-15T07:07:28.589+0000] {processor.py:208} INFO - Processing /home/airflow/.local/lib/python3.12/site-packages/airflow/example_dags/example_inlet_event_extra.py took 0.844 seconds
[2024-09-15T07:07:58.717+0000] {processor.py:186} INFO - Started process (PID=1075) to work on /home/airflow/.local/lib/python3.12/site-packages/airflow/example_dags/example_inlet_event_extra.py
[2024-09-15T07:07:58.719+0000] {processor.py:914} INFO - Processing file /home/airflow/.local/lib/python3.12/site-packages/airflow/example_dags/example_inlet_event_extra.py for tasks to queue
[2024-09-15T07:07:58.722+0000] {logging_mixin.py:190} INFO - [2024-09-15T07:07:58.721+0000] {dagbag.py:587} INFO - Filling up the DagBag from /home/airflow/.local/lib/python3.12/site-packages/airflow/example_dags/example_inlet_event_extra.py
[2024-09-15T07:07:59.478+0000] {processor.py:925} INFO - DAG(s) 'read_dataset_event', 'read_dataset_event_from_classic' retrieved from /home/airflow/.local/lib/python3.12/site-packages/airflow/example_dags/example_inlet_event_extra.py
[2024-09-15T07:07:59.531+0000] {logging_mixin.py:190} INFO - [2024-09-15T07:07:59.531+0000] {dag.py:3229} INFO - Sync 2 DAGs
[2024-09-15T07:07:59.613+0000] {logging_mixin.py:190} INFO - [2024-09-15T07:07:59.613+0000] {dag.py:4156} INFO - Setting next_dagrun for read_dataset_event to 2024-09-14 00:00:00+00:00, run_after=2024-09-15 00:00:00+00:00
[2024-09-15T07:07:59.629+0000] {logging_mixin.py:190} INFO - [2024-09-15T07:07:59.628+0000] {dag.py:4156} INFO - Setting next_dagrun for read_dataset_event_from_classic to 2024-09-14 00:00:00+00:00, run_after=2024-09-15 00:00:00+00:00
[2024-09-15T07:07:59.692+0000] {processor.py:208} INFO - Processing /home/airflow/.local/lib/python3.12/site-packages/airflow/example_dags/example_inlet_event_extra.py took 0.991 seconds
[2024-09-15T07:12:19.504+0000] {processor.py:186} INFO - Started process (PID=1127) to work on /home/airflow/.local/lib/python3.12/site-packages/airflow/example_dags/example_inlet_event_extra.py
[2024-09-15T07:12:19.505+0000] {processor.py:914} INFO - Processing file /home/airflow/.local/lib/python3.12/site-packages/airflow/example_dags/example_inlet_event_extra.py for tasks to queue
[2024-09-15T07:12:19.508+0000] {logging_mixin.py:190} INFO - [2024-09-15T07:12:19.507+0000] {dagbag.py:587} INFO - Filling up the DagBag from /home/airflow/.local/lib/python3.12/site-packages/airflow/example_dags/example_inlet_event_extra.py
[2024-09-15T07:12:20.071+0000] {processor.py:925} INFO - DAG(s) 'read_dataset_event', 'read_dataset_event_from_classic' retrieved from /home/airflow/.local/lib/python3.12/site-packages/airflow/example_dags/example_inlet_event_extra.py
[2024-09-15T07:12:20.118+0000] {logging_mixin.py:190} INFO - [2024-09-15T07:12:20.118+0000] {dag.py:3229} INFO - Sync 2 DAGs
[2024-09-15T07:12:20.169+0000] {logging_mixin.py:190} INFO - [2024-09-15T07:12:20.168+0000] {dag.py:4156} INFO - Setting next_dagrun for read_dataset_event to 2024-09-14 00:00:00+00:00, run_after=2024-09-15 00:00:00+00:00
[2024-09-15T07:12:20.178+0000] {logging_mixin.py:190} INFO - [2024-09-15T07:12:20.178+0000] {dag.py:4156} INFO - Setting next_dagrun for read_dataset_event_from_classic to 2024-09-14 00:00:00+00:00, run_after=2024-09-15 00:00:00+00:00
[2024-09-15T07:12:20.212+0000] {processor.py:208} INFO - Processing /home/airflow/.local/lib/python3.12/site-packages/airflow/example_dags/example_inlet_event_extra.py took 0.720 seconds
[2024-09-15T07:12:50.929+0000] {processor.py:186} INFO - Started process (PID=1190) to work on /home/airflow/.local/lib/python3.12/site-packages/airflow/example_dags/example_inlet_event_extra.py
[2024-09-15T07:12:50.931+0000] {processor.py:914} INFO - Processing file /home/airflow/.local/lib/python3.12/site-packages/airflow/example_dags/example_inlet_event_extra.py for tasks to queue
[2024-09-15T07:12:50.934+0000] {logging_mixin.py:190} INFO - [2024-09-15T07:12:50.934+0000] {dagbag.py:587} INFO - Filling up the DagBag from /home/airflow/.local/lib/python3.12/site-packages/airflow/example_dags/example_inlet_event_extra.py
[2024-09-15T07:12:51.328+0000] {processor.py:925} INFO - DAG(s) 'read_dataset_event', 'read_dataset_event_from_classic' retrieved from /home/airflow/.local/lib/python3.12/site-packages/airflow/example_dags/example_inlet_event_extra.py
[2024-09-15T07:12:51.386+0000] {logging_mixin.py:190} INFO - [2024-09-15T07:12:51.386+0000] {dag.py:3229} INFO - Sync 2 DAGs
[2024-09-15T07:12:51.457+0000] {logging_mixin.py:190} INFO - [2024-09-15T07:12:51.457+0000] {dag.py:4156} INFO - Setting next_dagrun for read_dataset_event to 2024-09-14 00:00:00+00:00, run_after=2024-09-15 00:00:00+00:00
[2024-09-15T07:12:51.478+0000] {logging_mixin.py:190} INFO - [2024-09-15T07:12:51.477+0000] {dag.py:4156} INFO - Setting next_dagrun for read_dataset_event_from_classic to 2024-09-14 00:00:00+00:00, run_after=2024-09-15 00:00:00+00:00
[2024-09-15T07:12:51.538+0000] {processor.py:208} INFO - Processing /home/airflow/.local/lib/python3.12/site-packages/airflow/example_dags/example_inlet_event_extra.py took 0.623 seconds
[2024-09-15T07:13:21.674+0000] {processor.py:186} INFO - Started process (PID=1253) to work on /home/airflow/.local/lib/python3.12/site-packages/airflow/example_dags/example_inlet_event_extra.py
[2024-09-15T07:13:21.675+0000] {processor.py:914} INFO - Processing file /home/airflow/.local/lib/python3.12/site-packages/airflow/example_dags/example_inlet_event_extra.py for tasks to queue
[2024-09-15T07:13:21.678+0000] {logging_mixin.py:190} INFO - [2024-09-15T07:13:21.677+0000] {dagbag.py:587} INFO - Filling up the DagBag from /home/airflow/.local/lib/python3.12/site-packages/airflow/example_dags/example_inlet_event_extra.py
[2024-09-15T07:13:21.954+0000] {processor.py:925} INFO - DAG(s) 'read_dataset_event', 'read_dataset_event_from_classic' retrieved from /home/airflow/.local/lib/python3.12/site-packages/airflow/example_dags/example_inlet_event_extra.py
[2024-09-15T07:13:21.991+0000] {logging_mixin.py:190} INFO - [2024-09-15T07:13:21.991+0000] {dag.py:3229} INFO - Sync 2 DAGs
[2024-09-15T07:13:22.035+0000] {logging_mixin.py:190} INFO - [2024-09-15T07:13:22.035+0000] {dag.py:4156} INFO - Setting next_dagrun for read_dataset_event to 2024-09-14 00:00:00+00:00, run_after=2024-09-15 00:00:00+00:00
[2024-09-15T07:13:22.047+0000] {logging_mixin.py:190} INFO - [2024-09-15T07:13:22.046+0000] {dag.py:4156} INFO - Setting next_dagrun for read_dataset_event_from_classic to 2024-09-14 00:00:00+00:00, run_after=2024-09-15 00:00:00+00:00
[2024-09-15T07:13:22.081+0000] {processor.py:208} INFO - Processing /home/airflow/.local/lib/python3.12/site-packages/airflow/example_dags/example_inlet_event_extra.py took 0.417 seconds
[2024-09-15T07:13:52.938+0000] {processor.py:186} INFO - Started process (PID=1316) to work on /home/airflow/.local/lib/python3.12/site-packages/airflow/example_dags/example_inlet_event_extra.py
[2024-09-15T07:13:52.939+0000] {processor.py:914} INFO - Processing file /home/airflow/.local/lib/python3.12/site-packages/airflow/example_dags/example_inlet_event_extra.py for tasks to queue
[2024-09-15T07:13:52.942+0000] {logging_mixin.py:190} INFO - [2024-09-15T07:13:52.941+0000] {dagbag.py:587} INFO - Filling up the DagBag from /home/airflow/.local/lib/python3.12/site-packages/airflow/example_dags/example_inlet_event_extra.py
[2024-09-15T07:13:53.246+0000] {processor.py:925} INFO - DAG(s) 'read_dataset_event', 'read_dataset_event_from_classic' retrieved from /home/airflow/.local/lib/python3.12/site-packages/airflow/example_dags/example_inlet_event_extra.py
[2024-09-15T07:13:53.287+0000] {logging_mixin.py:190} INFO - [2024-09-15T07:13:53.286+0000] {dag.py:3229} INFO - Sync 2 DAGs
[2024-09-15T07:13:53.339+0000] {logging_mixin.py:190} INFO - [2024-09-15T07:13:53.338+0000] {dag.py:4156} INFO - Setting next_dagrun for read_dataset_event to 2024-09-14 00:00:00+00:00, run_after=2024-09-15 00:00:00+00:00
[2024-09-15T07:13:53.353+0000] {logging_mixin.py:190} INFO - [2024-09-15T07:13:53.353+0000] {dag.py:4156} INFO - Setting next_dagrun for read_dataset_event_from_classic to 2024-09-14 00:00:00+00:00, run_after=2024-09-15 00:00:00+00:00
[2024-09-15T07:13:53.389+0000] {processor.py:208} INFO - Processing /home/airflow/.local/lib/python3.12/site-packages/airflow/example_dags/example_inlet_event_extra.py took 0.465 seconds
[2024-09-15T07:14:23.715+0000] {processor.py:186} INFO - Started process (PID=1381) to work on /home/airflow/.local/lib/python3.12/site-packages/airflow/example_dags/example_inlet_event_extra.py
[2024-09-15T07:14:23.718+0000] {processor.py:914} INFO - Processing file /home/airflow/.local/lib/python3.12/site-packages/airflow/example_dags/example_inlet_event_extra.py for tasks to queue
[2024-09-15T07:14:23.721+0000] {logging_mixin.py:190} INFO - [2024-09-15T07:14:23.720+0000] {dagbag.py:587} INFO - Filling up the DagBag from /home/airflow/.local/lib/python3.12/site-packages/airflow/example_dags/example_inlet_event_extra.py
[2024-09-15T07:14:24.073+0000] {processor.py:925} INFO - DAG(s) 'read_dataset_event_from_classic', 'read_dataset_event' retrieved from /home/airflow/.local/lib/python3.12/site-packages/airflow/example_dags/example_inlet_event_extra.py
[2024-09-15T07:14:24.128+0000] {logging_mixin.py:190} INFO - [2024-09-15T07:14:24.128+0000] {dag.py:3229} INFO - Sync 2 DAGs
[2024-09-15T07:14:24.200+0000] {logging_mixin.py:190} INFO - [2024-09-15T07:14:24.199+0000] {dag.py:4156} INFO - Setting next_dagrun for read_dataset_event to 2024-09-14 00:00:00+00:00, run_after=2024-09-15 00:00:00+00:00
[2024-09-15T07:14:24.217+0000] {logging_mixin.py:190} INFO - [2024-09-15T07:14:24.217+0000] {dag.py:4156} INFO - Setting next_dagrun for read_dataset_event_from_classic to 2024-09-14 00:00:00+00:00, run_after=2024-09-15 00:00:00+00:00
[2024-09-15T07:14:24.266+0000] {processor.py:208} INFO - Processing /home/airflow/.local/lib/python3.12/site-packages/airflow/example_dags/example_inlet_event_extra.py took 0.565 seconds
[2024-09-15T07:14:54.570+0000] {processor.py:186} INFO - Started process (PID=1444) to work on /home/airflow/.local/lib/python3.12/site-packages/airflow/example_dags/example_inlet_event_extra.py
[2024-09-15T07:14:54.572+0000] {processor.py:914} INFO - Processing file /home/airflow/.local/lib/python3.12/site-packages/airflow/example_dags/example_inlet_event_extra.py for tasks to queue
[2024-09-15T07:14:54.575+0000] {logging_mixin.py:190} INFO - [2024-09-15T07:14:54.575+0000] {dagbag.py:587} INFO - Filling up the DagBag from /home/airflow/.local/lib/python3.12/site-packages/airflow/example_dags/example_inlet_event_extra.py
[2024-09-15T07:14:54.923+0000] {processor.py:925} INFO - DAG(s) 'read_dataset_event_from_classic', 'read_dataset_event' retrieved from /home/airflow/.local/lib/python3.12/site-packages/airflow/example_dags/example_inlet_event_extra.py
[2024-09-15T07:14:54.979+0000] {logging_mixin.py:190} INFO - [2024-09-15T07:14:54.978+0000] {dag.py:3229} INFO - Sync 2 DAGs
[2024-09-15T07:14:55.038+0000] {logging_mixin.py:190} INFO - [2024-09-15T07:14:55.038+0000] {dag.py:4156} INFO - Setting next_dagrun for read_dataset_event to 2024-09-14 00:00:00+00:00, run_after=2024-09-15 00:00:00+00:00
[2024-09-15T07:14:55.052+0000] {logging_mixin.py:190} INFO - [2024-09-15T07:14:55.052+0000] {dag.py:4156} INFO - Setting next_dagrun for read_dataset_event_from_classic to 2024-09-14 00:00:00+00:00, run_after=2024-09-15 00:00:00+00:00
[2024-09-15T07:14:55.106+0000] {processor.py:208} INFO - Processing /home/airflow/.local/lib/python3.12/site-packages/airflow/example_dags/example_inlet_event_extra.py took 0.550 seconds
[2024-09-15T07:15:41.139+0000] {processor.py:186} INFO - Started process (PID=1507) to work on /home/airflow/.local/lib/python3.12/site-packages/airflow/example_dags/example_inlet_event_extra.py
[2024-09-15T07:15:41.141+0000] {processor.py:914} INFO - Processing file /home/airflow/.local/lib/python3.12/site-packages/airflow/example_dags/example_inlet_event_extra.py for tasks to queue
[2024-09-15T07:15:41.145+0000] {logging_mixin.py:190} INFO - [2024-09-15T07:15:41.144+0000] {dagbag.py:587} INFO - Filling up the DagBag from /home/airflow/.local/lib/python3.12/site-packages/airflow/example_dags/example_inlet_event_extra.py
[2024-09-15T07:15:42.242+0000] {processor.py:925} INFO - DAG(s) 'read_dataset_event', 'read_dataset_event_from_classic' retrieved from /home/airflow/.local/lib/python3.12/site-packages/airflow/example_dags/example_inlet_event_extra.py
[2024-09-15T07:15:42.296+0000] {logging_mixin.py:190} INFO - [2024-09-15T07:15:42.295+0000] {dag.py:3229} INFO - Sync 2 DAGs
[2024-09-15T07:15:42.391+0000] {logging_mixin.py:190} INFO - [2024-09-15T07:15:42.390+0000] {dag.py:4156} INFO - Setting next_dagrun for read_dataset_event to 2024-09-14 00:00:00+00:00, run_after=2024-09-15 00:00:00+00:00
[2024-09-15T07:15:42.401+0000] {logging_mixin.py:190} INFO - [2024-09-15T07:15:42.400+0000] {dag.py:4156} INFO - Setting next_dagrun for read_dataset_event_from_classic to 2024-09-14 00:00:00+00:00, run_after=2024-09-15 00:00:00+00:00
[2024-09-15T07:15:42.434+0000] {processor.py:208} INFO - Processing /home/airflow/.local/lib/python3.12/site-packages/airflow/example_dags/example_inlet_event_extra.py took 1.309 seconds
[2024-09-15T07:16:12.743+0000] {processor.py:186} INFO - Started process (PID=1569) to work on /home/airflow/.local/lib/python3.12/site-packages/airflow/example_dags/example_inlet_event_extra.py
[2024-09-15T07:16:12.746+0000] {processor.py:914} INFO - Processing file /home/airflow/.local/lib/python3.12/site-packages/airflow/example_dags/example_inlet_event_extra.py for tasks to queue
[2024-09-15T07:16:12.750+0000] {logging_mixin.py:190} INFO - [2024-09-15T07:16:12.749+0000] {dagbag.py:587} INFO - Filling up the DagBag from /home/airflow/.local/lib/python3.12/site-packages/airflow/example_dags/example_inlet_event_extra.py
[2024-09-15T07:16:13.712+0000] {processor.py:925} INFO - DAG(s) 'read_dataset_event', 'read_dataset_event_from_classic' retrieved from /home/airflow/.local/lib/python3.12/site-packages/airflow/example_dags/example_inlet_event_extra.py
[2024-09-15T07:16:13.788+0000] {logging_mixin.py:190} INFO - [2024-09-15T07:16:13.788+0000] {dag.py:3229} INFO - Sync 2 DAGs
[2024-09-15T07:16:13.874+0000] {logging_mixin.py:190} INFO - [2024-09-15T07:16:13.874+0000] {dag.py:4156} INFO - Setting next_dagrun for read_dataset_event to 2024-09-14 00:00:00+00:00, run_after=2024-09-15 00:00:00+00:00
[2024-09-15T07:16:13.889+0000] {logging_mixin.py:190} INFO - [2024-09-15T07:16:13.888+0000] {dag.py:4156} INFO - Setting next_dagrun for read_dataset_event_from_classic to 2024-09-14 00:00:00+00:00, run_after=2024-09-15 00:00:00+00:00
[2024-09-15T07:16:13.927+0000] {processor.py:208} INFO - Processing /home/airflow/.local/lib/python3.12/site-packages/airflow/example_dags/example_inlet_event_extra.py took 1.198 seconds
[2024-09-15T07:18:23.120+0000] {processor.py:186} INFO - Started process (PID=1617) to work on /home/airflow/.local/lib/python3.12/site-packages/airflow/example_dags/example_inlet_event_extra.py
[2024-09-15T07:18:23.122+0000] {processor.py:914} INFO - Processing file /home/airflow/.local/lib/python3.12/site-packages/airflow/example_dags/example_inlet_event_extra.py for tasks to queue
[2024-09-15T07:18:23.125+0000] {logging_mixin.py:190} INFO - [2024-09-15T07:18:23.124+0000] {dagbag.py:587} INFO - Filling up the DagBag from /home/airflow/.local/lib/python3.12/site-packages/airflow/example_dags/example_inlet_event_extra.py
[2024-09-15T07:18:23.755+0000] {processor.py:925} INFO - DAG(s) 'read_dataset_event', 'read_dataset_event_from_classic' retrieved from /home/airflow/.local/lib/python3.12/site-packages/airflow/example_dags/example_inlet_event_extra.py
[2024-09-15T07:18:23.797+0000] {logging_mixin.py:190} INFO - [2024-09-15T07:18:23.796+0000] {dag.py:3229} INFO - Sync 2 DAGs
[2024-09-15T07:18:23.846+0000] {logging_mixin.py:190} INFO - [2024-09-15T07:18:23.846+0000] {dag.py:4156} INFO - Setting next_dagrun for read_dataset_event to 2024-09-14 00:00:00+00:00, run_after=2024-09-15 00:00:00+00:00
[2024-09-15T07:18:23.856+0000] {logging_mixin.py:190} INFO - [2024-09-15T07:18:23.855+0000] {dag.py:4156} INFO - Setting next_dagrun for read_dataset_event_from_classic to 2024-09-14 00:00:00+00:00, run_after=2024-09-15 00:00:00+00:00
[2024-09-15T07:18:23.886+0000] {processor.py:208} INFO - Processing /home/airflow/.local/lib/python3.12/site-packages/airflow/example_dags/example_inlet_event_extra.py took 0.777 seconds
[2024-09-15T07:18:54.222+0000] {processor.py:186} INFO - Started process (PID=1679) to work on /home/airflow/.local/lib/python3.12/site-packages/airflow/example_dags/example_inlet_event_extra.py
[2024-09-15T07:18:54.224+0000] {processor.py:914} INFO - Processing file /home/airflow/.local/lib/python3.12/site-packages/airflow/example_dags/example_inlet_event_extra.py for tasks to queue
[2024-09-15T07:18:54.228+0000] {logging_mixin.py:190} INFO - [2024-09-15T07:18:54.227+0000] {dagbag.py:587} INFO - Filling up the DagBag from /home/airflow/.local/lib/python3.12/site-packages/airflow/example_dags/example_inlet_event_extra.py
[2024-09-15T07:18:54.608+0000] {processor.py:925} INFO - DAG(s) 'read_dataset_event', 'read_dataset_event_from_classic' retrieved from /home/airflow/.local/lib/python3.12/site-packages/airflow/example_dags/example_inlet_event_extra.py
[2024-09-15T07:18:54.669+0000] {logging_mixin.py:190} INFO - [2024-09-15T07:18:54.668+0000] {dag.py:3229} INFO - Sync 2 DAGs
[2024-09-15T07:18:54.734+0000] {logging_mixin.py:190} INFO - [2024-09-15T07:18:54.734+0000] {dag.py:4156} INFO - Setting next_dagrun for read_dataset_event to 2024-09-14 00:00:00+00:00, run_after=2024-09-15 00:00:00+00:00
[2024-09-15T07:18:54.753+0000] {logging_mixin.py:190} INFO - [2024-09-15T07:18:54.753+0000] {dag.py:4156} INFO - Setting next_dagrun for read_dataset_event_from_classic to 2024-09-14 00:00:00+00:00, run_after=2024-09-15 00:00:00+00:00
[2024-09-15T07:18:54.795+0000] {processor.py:208} INFO - Processing /home/airflow/.local/lib/python3.12/site-packages/airflow/example_dags/example_inlet_event_extra.py took 0.586 seconds
[2024-09-15T07:19:25.545+0000] {processor.py:186} INFO - Started process (PID=1741) to work on /home/airflow/.local/lib/python3.12/site-packages/airflow/example_dags/example_inlet_event_extra.py
[2024-09-15T07:19:25.547+0000] {processor.py:914} INFO - Processing file /home/airflow/.local/lib/python3.12/site-packages/airflow/example_dags/example_inlet_event_extra.py for tasks to queue
[2024-09-15T07:19:25.550+0000] {logging_mixin.py:190} INFO - [2024-09-15T07:19:25.549+0000] {dagbag.py:587} INFO - Filling up the DagBag from /home/airflow/.local/lib/python3.12/site-packages/airflow/example_dags/example_inlet_event_extra.py
[2024-09-15T07:19:25.816+0000] {processor.py:925} INFO - DAG(s) 'read_dataset_event', 'read_dataset_event_from_classic' retrieved from /home/airflow/.local/lib/python3.12/site-packages/airflow/example_dags/example_inlet_event_extra.py
[2024-09-15T07:19:25.850+0000] {logging_mixin.py:190} INFO - [2024-09-15T07:19:25.850+0000] {dag.py:3229} INFO - Sync 2 DAGs
[2024-09-15T07:19:25.892+0000] {logging_mixin.py:190} INFO - [2024-09-15T07:19:25.892+0000] {dag.py:4156} INFO - Setting next_dagrun for read_dataset_event to 2024-09-14 00:00:00+00:00, run_after=2024-09-15 00:00:00+00:00
[2024-09-15T07:19:25.901+0000] {logging_mixin.py:190} INFO - [2024-09-15T07:19:25.901+0000] {dag.py:4156} INFO - Setting next_dagrun for read_dataset_event_from_classic to 2024-09-14 00:00:00+00:00, run_after=2024-09-15 00:00:00+00:00
[2024-09-15T07:19:25.928+0000] {processor.py:208} INFO - Processing /home/airflow/.local/lib/python3.12/site-packages/airflow/example_dags/example_inlet_event_extra.py took 0.393 seconds
[2024-09-15T07:19:56.076+0000] {processor.py:186} INFO - Started process (PID=1804) to work on /home/airflow/.local/lib/python3.12/site-packages/airflow/example_dags/example_inlet_event_extra.py
[2024-09-15T07:19:56.078+0000] {processor.py:914} INFO - Processing file /home/airflow/.local/lib/python3.12/site-packages/airflow/example_dags/example_inlet_event_extra.py for tasks to queue
[2024-09-15T07:19:56.080+0000] {logging_mixin.py:190} INFO - [2024-09-15T07:19:56.079+0000] {dagbag.py:587} INFO - Filling up the DagBag from /home/airflow/.local/lib/python3.12/site-packages/airflow/example_dags/example_inlet_event_extra.py
[2024-09-15T07:19:56.316+0000] {processor.py:925} INFO - DAG(s) 'read_dataset_event', 'read_dataset_event_from_classic' retrieved from /home/airflow/.local/lib/python3.12/site-packages/airflow/example_dags/example_inlet_event_extra.py
[2024-09-15T07:19:56.353+0000] {logging_mixin.py:190} INFO - [2024-09-15T07:19:56.353+0000] {dag.py:3229} INFO - Sync 2 DAGs
[2024-09-15T07:19:56.399+0000] {logging_mixin.py:190} INFO - [2024-09-15T07:19:56.398+0000] {dag.py:4156} INFO - Setting next_dagrun for read_dataset_event to 2024-09-14 00:00:00+00:00, run_after=2024-09-15 00:00:00+00:00
[2024-09-15T07:19:56.408+0000] {logging_mixin.py:190} INFO - [2024-09-15T07:19:56.407+0000] {dag.py:4156} INFO - Setting next_dagrun for read_dataset_event_from_classic to 2024-09-14 00:00:00+00:00, run_after=2024-09-15 00:00:00+00:00
[2024-09-15T07:19:56.441+0000] {processor.py:208} INFO - Processing /home/airflow/.local/lib/python3.12/site-packages/airflow/example_dags/example_inlet_event_extra.py took 0.376 seconds
[2024-09-15T07:20:26.853+0000] {processor.py:186} INFO - Started process (PID=1865) to work on /home/airflow/.local/lib/python3.12/site-packages/airflow/example_dags/example_inlet_event_extra.py
[2024-09-15T07:20:26.855+0000] {processor.py:914} INFO - Processing file /home/airflow/.local/lib/python3.12/site-packages/airflow/example_dags/example_inlet_event_extra.py for tasks to queue
[2024-09-15T07:20:26.858+0000] {logging_mixin.py:190} INFO - [2024-09-15T07:20:26.857+0000] {dagbag.py:587} INFO - Filling up the DagBag from /home/airflow/.local/lib/python3.12/site-packages/airflow/example_dags/example_inlet_event_extra.py
[2024-09-15T07:20:27.211+0000] {processor.py:925} INFO - DAG(s) 'read_dataset_event_from_classic', 'read_dataset_event' retrieved from /home/airflow/.local/lib/python3.12/site-packages/airflow/example_dags/example_inlet_event_extra.py
[2024-09-15T07:20:27.261+0000] {logging_mixin.py:190} INFO - [2024-09-15T07:20:27.260+0000] {dag.py:3229} INFO - Sync 2 DAGs
[2024-09-15T07:20:27.323+0000] {logging_mixin.py:190} INFO - [2024-09-15T07:20:27.323+0000] {dag.py:4156} INFO - Setting next_dagrun for read_dataset_event to 2024-09-14 00:00:00+00:00, run_after=2024-09-15 00:00:00+00:00
[2024-09-15T07:20:27.342+0000] {logging_mixin.py:190} INFO - [2024-09-15T07:20:27.342+0000] {dag.py:4156} INFO - Setting next_dagrun for read_dataset_event_from_classic to 2024-09-14 00:00:00+00:00, run_after=2024-09-15 00:00:00+00:00
[2024-09-15T07:20:27.385+0000] {processor.py:208} INFO - Processing /home/airflow/.local/lib/python3.12/site-packages/airflow/example_dags/example_inlet_event_extra.py took 0.546 seconds
[2024-09-15T07:23:04.056+0000] {processor.py:186} INFO - Started process (PID=1927) to work on /home/airflow/.local/lib/python3.12/site-packages/airflow/example_dags/example_inlet_event_extra.py
[2024-09-15T07:23:04.058+0000] {processor.py:914} INFO - Processing file /home/airflow/.local/lib/python3.12/site-packages/airflow/example_dags/example_inlet_event_extra.py for tasks to queue
[2024-09-15T07:23:04.060+0000] {logging_mixin.py:190} INFO - [2024-09-15T07:23:04.060+0000] {dagbag.py:587} INFO - Filling up the DagBag from /home/airflow/.local/lib/python3.12/site-packages/airflow/example_dags/example_inlet_event_extra.py
[2024-09-15T07:23:04.583+0000] {processor.py:925} INFO - DAG(s) 'read_dataset_event', 'read_dataset_event_from_classic' retrieved from /home/airflow/.local/lib/python3.12/site-packages/airflow/example_dags/example_inlet_event_extra.py
[2024-09-15T07:23:04.629+0000] {logging_mixin.py:190} INFO - [2024-09-15T07:23:04.628+0000] {dag.py:3229} INFO - Sync 2 DAGs
[2024-09-15T07:23:04.681+0000] {logging_mixin.py:190} INFO - [2024-09-15T07:23:04.680+0000] {dag.py:4156} INFO - Setting next_dagrun for read_dataset_event to 2024-09-14 00:00:00+00:00, run_after=2024-09-15 00:00:00+00:00
[2024-09-15T07:23:04.692+0000] {logging_mixin.py:190} INFO - [2024-09-15T07:23:04.692+0000] {dag.py:4156} INFO - Setting next_dagrun for read_dataset_event_from_classic to 2024-09-14 00:00:00+00:00, run_after=2024-09-15 00:00:00+00:00
[2024-09-15T07:23:04.727+0000] {processor.py:208} INFO - Processing /home/airflow/.local/lib/python3.12/site-packages/airflow/example_dags/example_inlet_event_extra.py took 0.683 seconds
[2024-09-15T07:23:35.411+0000] {processor.py:186} INFO - Started process (PID=1990) to work on /home/airflow/.local/lib/python3.12/site-packages/airflow/example_dags/example_inlet_event_extra.py
[2024-09-15T07:23:35.413+0000] {processor.py:914} INFO - Processing file /home/airflow/.local/lib/python3.12/site-packages/airflow/example_dags/example_inlet_event_extra.py for tasks to queue
[2024-09-15T07:23:35.416+0000] {logging_mixin.py:190} INFO - [2024-09-15T07:23:35.416+0000] {dagbag.py:587} INFO - Filling up the DagBag from /home/airflow/.local/lib/python3.12/site-packages/airflow/example_dags/example_inlet_event_extra.py
[2024-09-15T07:23:35.807+0000] {processor.py:925} INFO - DAG(s) 'read_dataset_event_from_classic', 'read_dataset_event' retrieved from /home/airflow/.local/lib/python3.12/site-packages/airflow/example_dags/example_inlet_event_extra.py
[2024-09-15T07:23:35.877+0000] {logging_mixin.py:190} INFO - [2024-09-15T07:23:35.877+0000] {dag.py:3229} INFO - Sync 2 DAGs
[2024-09-15T07:23:35.945+0000] {logging_mixin.py:190} INFO - [2024-09-15T07:23:35.945+0000] {dag.py:4156} INFO - Setting next_dagrun for read_dataset_event to 2024-09-14 00:00:00+00:00, run_after=2024-09-15 00:00:00+00:00
[2024-09-15T07:23:35.958+0000] {logging_mixin.py:190} INFO - [2024-09-15T07:23:35.957+0000] {dag.py:4156} INFO - Setting next_dagrun for read_dataset_event_from_classic to 2024-09-14 00:00:00+00:00, run_after=2024-09-15 00:00:00+00:00
[2024-09-15T07:23:36.007+0000] {processor.py:208} INFO - Processing /home/airflow/.local/lib/python3.12/site-packages/airflow/example_dags/example_inlet_event_extra.py took 0.610 seconds
[2024-09-15T07:24:06.240+0000] {processor.py:186} INFO - Started process (PID=2052) to work on /home/airflow/.local/lib/python3.12/site-packages/airflow/example_dags/example_inlet_event_extra.py
[2024-09-15T07:24:06.242+0000] {processor.py:914} INFO - Processing file /home/airflow/.local/lib/python3.12/site-packages/airflow/example_dags/example_inlet_event_extra.py for tasks to queue
[2024-09-15T07:24:06.245+0000] {logging_mixin.py:190} INFO - [2024-09-15T07:24:06.244+0000] {dagbag.py:587} INFO - Filling up the DagBag from /home/airflow/.local/lib/python3.12/site-packages/airflow/example_dags/example_inlet_event_extra.py
[2024-09-15T07:24:06.535+0000] {processor.py:925} INFO - DAG(s) 'read_dataset_event_from_classic', 'read_dataset_event' retrieved from /home/airflow/.local/lib/python3.12/site-packages/airflow/example_dags/example_inlet_event_extra.py
[2024-09-15T07:24:06.581+0000] {logging_mixin.py:190} INFO - [2024-09-15T07:24:06.581+0000] {dag.py:3229} INFO - Sync 2 DAGs
[2024-09-15T07:24:06.640+0000] {logging_mixin.py:190} INFO - [2024-09-15T07:24:06.639+0000] {dag.py:4156} INFO - Setting next_dagrun for read_dataset_event to 2024-09-14 00:00:00+00:00, run_after=2024-09-15 00:00:00+00:00
[2024-09-15T07:24:06.653+0000] {logging_mixin.py:190} INFO - [2024-09-15T07:24:06.652+0000] {dag.py:4156} INFO - Setting next_dagrun for read_dataset_event_from_classic to 2024-09-14 00:00:00+00:00, run_after=2024-09-15 00:00:00+00:00
[2024-09-15T07:24:06.687+0000] {processor.py:208} INFO - Processing /home/airflow/.local/lib/python3.12/site-packages/airflow/example_dags/example_inlet_event_extra.py took 0.460 seconds
[2024-09-15T07:24:37.069+0000] {processor.py:186} INFO - Started process (PID=2113) to work on /home/airflow/.local/lib/python3.12/site-packages/airflow/example_dags/example_inlet_event_extra.py
[2024-09-15T07:24:37.071+0000] {processor.py:914} INFO - Processing file /home/airflow/.local/lib/python3.12/site-packages/airflow/example_dags/example_inlet_event_extra.py for tasks to queue
[2024-09-15T07:24:37.073+0000] {logging_mixin.py:190} INFO - [2024-09-15T07:24:37.073+0000] {dagbag.py:587} INFO - Filling up the DagBag from /home/airflow/.local/lib/python3.12/site-packages/airflow/example_dags/example_inlet_event_extra.py
[2024-09-15T07:24:37.354+0000] {processor.py:925} INFO - DAG(s) 'read_dataset_event', 'read_dataset_event_from_classic' retrieved from /home/airflow/.local/lib/python3.12/site-packages/airflow/example_dags/example_inlet_event_extra.py
[2024-09-15T07:24:37.391+0000] {logging_mixin.py:190} INFO - [2024-09-15T07:24:37.391+0000] {dag.py:3229} INFO - Sync 2 DAGs
[2024-09-15T07:24:37.444+0000] {logging_mixin.py:190} INFO - [2024-09-15T07:24:37.444+0000] {dag.py:4156} INFO - Setting next_dagrun for read_dataset_event to 2024-09-14 00:00:00+00:00, run_after=2024-09-15 00:00:00+00:00
[2024-09-15T07:24:37.455+0000] {logging_mixin.py:190} INFO - [2024-09-15T07:24:37.455+0000] {dag.py:4156} INFO - Setting next_dagrun for read_dataset_event_from_classic to 2024-09-14 00:00:00+00:00, run_after=2024-09-15 00:00:00+00:00
[2024-09-15T07:24:37.492+0000] {processor.py:208} INFO - Processing /home/airflow/.local/lib/python3.12/site-packages/airflow/example_dags/example_inlet_event_extra.py took 0.436 seconds
[2024-09-15T07:25:07.880+0000] {processor.py:186} INFO - Started process (PID=2176) to work on /home/airflow/.local/lib/python3.12/site-packages/airflow/example_dags/example_inlet_event_extra.py
[2024-09-15T07:25:07.883+0000] {processor.py:914} INFO - Processing file /home/airflow/.local/lib/python3.12/site-packages/airflow/example_dags/example_inlet_event_extra.py for tasks to queue
[2024-09-15T07:25:07.887+0000] {logging_mixin.py:190} INFO - [2024-09-15T07:25:07.886+0000] {dagbag.py:587} INFO - Filling up the DagBag from /home/airflow/.local/lib/python3.12/site-packages/airflow/example_dags/example_inlet_event_extra.py
[2024-09-15T07:25:08.277+0000] {processor.py:925} INFO - DAG(s) 'read_dataset_event', 'read_dataset_event_from_classic' retrieved from /home/airflow/.local/lib/python3.12/site-packages/airflow/example_dags/example_inlet_event_extra.py
[2024-09-15T07:25:08.320+0000] {logging_mixin.py:190} INFO - [2024-09-15T07:25:08.319+0000] {dag.py:3229} INFO - Sync 2 DAGs
[2024-09-15T07:25:08.391+0000] {logging_mixin.py:190} INFO - [2024-09-15T07:25:08.390+0000] {dag.py:4156} INFO - Setting next_dagrun for read_dataset_event to 2024-09-14 00:00:00+00:00, run_after=2024-09-15 00:00:00+00:00
[2024-09-15T07:25:08.408+0000] {logging_mixin.py:190} INFO - [2024-09-15T07:25:08.407+0000] {dag.py:4156} INFO - Setting next_dagrun for read_dataset_event_from_classic to 2024-09-14 00:00:00+00:00, run_after=2024-09-15 00:00:00+00:00
[2024-09-15T07:25:08.467+0000] {processor.py:208} INFO - Processing /home/airflow/.local/lib/python3.12/site-packages/airflow/example_dags/example_inlet_event_extra.py took 0.604 seconds
[2024-09-15T08:02:14.687+0000] {processor.py:186} INFO - Started process (PID=2232) to work on /home/airflow/.local/lib/python3.12/site-packages/airflow/example_dags/example_inlet_event_extra.py
[2024-09-15T08:02:14.689+0000] {processor.py:914} INFO - Processing file /home/airflow/.local/lib/python3.12/site-packages/airflow/example_dags/example_inlet_event_extra.py for tasks to queue
[2024-09-15T08:02:14.706+0000] {logging_mixin.py:190} INFO - [2024-09-15T08:02:14.705+0000] {dagbag.py:587} INFO - Filling up the DagBag from /home/airflow/.local/lib/python3.12/site-packages/airflow/example_dags/example_inlet_event_extra.py
[2024-09-15T08:02:16.926+0000] {processor.py:925} INFO - DAG(s) 'read_dataset_event', 'read_dataset_event_from_classic' retrieved from /home/airflow/.local/lib/python3.12/site-packages/airflow/example_dags/example_inlet_event_extra.py
[2024-09-15T08:02:17.000+0000] {logging_mixin.py:190} INFO - [2024-09-15T08:02:16.999+0000] {dag.py:3229} INFO - Sync 2 DAGs
[2024-09-15T08:02:17.074+0000] {logging_mixin.py:190} INFO - [2024-09-15T08:02:17.074+0000] {dag.py:4156} INFO - Setting next_dagrun for read_dataset_event to 2024-09-14 00:00:00+00:00, run_after=2024-09-15 00:00:00+00:00
[2024-09-15T08:02:17.094+0000] {logging_mixin.py:190} INFO - [2024-09-15T08:02:17.094+0000] {dag.py:4156} INFO - Setting next_dagrun for read_dataset_event_from_classic to 2024-09-14 00:00:00+00:00, run_after=2024-09-15 00:00:00+00:00
[2024-09-15T08:02:17.165+0000] {processor.py:208} INFO - Processing /home/airflow/.local/lib/python3.12/site-packages/airflow/example_dags/example_inlet_event_extra.py took 2.509 seconds
[2024-09-15T08:03:21.853+0000] {processor.py:186} INFO - Started process (PID=2297) to work on /home/airflow/.local/lib/python3.12/site-packages/airflow/example_dags/example_inlet_event_extra.py
[2024-09-15T08:03:22.139+0000] {processor.py:914} INFO - Processing file /home/airflow/.local/lib/python3.12/site-packages/airflow/example_dags/example_inlet_event_extra.py for tasks to queue
[2024-09-15T08:03:22.784+0000] {logging_mixin.py:190} INFO - [2024-09-15T08:03:22.302+0000] {dagbag.py:587} INFO - Filling up the DagBag from /home/airflow/.local/lib/python3.12/site-packages/airflow/example_dags/example_inlet_event_extra.py
[2024-09-15T08:04:29.888+0000] {logging_mixin.py:190} INFO - [2024-09-15T08:04:29.849+0000] {timeout.py:68} ERROR - Process timed out, PID: 2297
[2024-09-15T08:05:07.067+0000] {processor.py:186} INFO - Started process (PID=2359) to work on /home/airflow/.local/lib/python3.12/site-packages/airflow/example_dags/example_inlet_event_extra.py
[2024-09-15T08:05:07.069+0000] {processor.py:914} INFO - Processing file /home/airflow/.local/lib/python3.12/site-packages/airflow/example_dags/example_inlet_event_extra.py for tasks to queue
[2024-09-15T08:05:07.072+0000] {logging_mixin.py:190} INFO - [2024-09-15T08:05:07.071+0000] {dagbag.py:587} INFO - Filling up the DagBag from /home/airflow/.local/lib/python3.12/site-packages/airflow/example_dags/example_inlet_event_extra.py
[2024-09-15T08:05:07.364+0000] {processor.py:925} INFO - DAG(s) 'read_dataset_event', 'read_dataset_event_from_classic' retrieved from /home/airflow/.local/lib/python3.12/site-packages/airflow/example_dags/example_inlet_event_extra.py
[2024-09-15T08:05:07.867+0000] {logging_mixin.py:190} INFO - [2024-09-15T08:05:07.866+0000] {dag.py:3229} INFO - Sync 2 DAGs
[2024-09-15T08:05:07.909+0000] {logging_mixin.py:190} INFO - [2024-09-15T08:05:07.909+0000] {dag.py:4156} INFO - Setting next_dagrun for read_dataset_event to 2024-09-14 00:00:00+00:00, run_after=2024-09-15 00:00:00+00:00
[2024-09-15T08:05:07.918+0000] {logging_mixin.py:190} INFO - [2024-09-15T08:05:07.917+0000] {dag.py:4156} INFO - Setting next_dagrun for read_dataset_event_from_classic to 2024-09-14 00:00:00+00:00, run_after=2024-09-15 00:00:00+00:00
[2024-09-15T08:05:07.953+0000] {processor.py:208} INFO - Processing /home/airflow/.local/lib/python3.12/site-packages/airflow/example_dags/example_inlet_event_extra.py took 0.899 seconds
[2024-09-15T08:05:38.074+0000] {processor.py:186} INFO - Started process (PID=2421) to work on /home/airflow/.local/lib/python3.12/site-packages/airflow/example_dags/example_inlet_event_extra.py
[2024-09-15T08:05:38.076+0000] {processor.py:914} INFO - Processing file /home/airflow/.local/lib/python3.12/site-packages/airflow/example_dags/example_inlet_event_extra.py for tasks to queue
[2024-09-15T08:05:38.080+0000] {logging_mixin.py:190} INFO - [2024-09-15T08:05:38.079+0000] {dagbag.py:587} INFO - Filling up the DagBag from /home/airflow/.local/lib/python3.12/site-packages/airflow/example_dags/example_inlet_event_extra.py
[2024-09-15T08:05:38.393+0000] {processor.py:925} INFO - DAG(s) 'read_dataset_event_from_classic', 'read_dataset_event' retrieved from /home/airflow/.local/lib/python3.12/site-packages/airflow/example_dags/example_inlet_event_extra.py
[2024-09-15T08:05:38.428+0000] {logging_mixin.py:190} INFO - [2024-09-15T08:05:38.428+0000] {dag.py:3229} INFO - Sync 2 DAGs
[2024-09-15T08:05:38.470+0000] {logging_mixin.py:190} INFO - [2024-09-15T08:05:38.469+0000] {dag.py:4156} INFO - Setting next_dagrun for read_dataset_event to 2024-09-14 00:00:00+00:00, run_after=2024-09-15 00:00:00+00:00
[2024-09-15T08:05:38.479+0000] {logging_mixin.py:190} INFO - [2024-09-15T08:05:38.478+0000] {dag.py:4156} INFO - Setting next_dagrun for read_dataset_event_from_classic to 2024-09-14 00:00:00+00:00, run_after=2024-09-15 00:00:00+00:00
[2024-09-15T08:05:38.509+0000] {processor.py:208} INFO - Processing /home/airflow/.local/lib/python3.12/site-packages/airflow/example_dags/example_inlet_event_extra.py took 0.446 seconds
[2024-09-15T08:06:08.623+0000] {processor.py:186} INFO - Started process (PID=2485) to work on /home/airflow/.local/lib/python3.12/site-packages/airflow/example_dags/example_inlet_event_extra.py
[2024-09-15T08:06:08.625+0000] {processor.py:914} INFO - Processing file /home/airflow/.local/lib/python3.12/site-packages/airflow/example_dags/example_inlet_event_extra.py for tasks to queue
[2024-09-15T08:06:08.628+0000] {logging_mixin.py:190} INFO - [2024-09-15T08:06:08.627+0000] {dagbag.py:587} INFO - Filling up the DagBag from /home/airflow/.local/lib/python3.12/site-packages/airflow/example_dags/example_inlet_event_extra.py
[2024-09-15T08:06:09.301+0000] {processor.py:925} INFO - DAG(s) 'read_dataset_event', 'read_dataset_event_from_classic' retrieved from /home/airflow/.local/lib/python3.12/site-packages/airflow/example_dags/example_inlet_event_extra.py
[2024-09-15T08:06:09.790+0000] {logging_mixin.py:190} INFO - [2024-09-15T08:06:09.789+0000] {dag.py:3229} INFO - Sync 2 DAGs
[2024-09-15T08:06:09.858+0000] {logging_mixin.py:190} INFO - [2024-09-15T08:06:09.857+0000] {dag.py:4156} INFO - Setting next_dagrun for read_dataset_event to 2024-09-14 00:00:00+00:00, run_after=2024-09-15 00:00:00+00:00
[2024-09-15T08:06:09.877+0000] {logging_mixin.py:190} INFO - [2024-09-15T08:06:09.876+0000] {dag.py:4156} INFO - Setting next_dagrun for read_dataset_event_from_classic to 2024-09-14 00:00:00+00:00, run_after=2024-09-15 00:00:00+00:00
[2024-09-15T08:06:09.949+0000] {processor.py:208} INFO - Processing /home/airflow/.local/lib/python3.12/site-packages/airflow/example_dags/example_inlet_event_extra.py took 1.341 seconds
[2024-09-15T08:06:40.601+0000] {processor.py:186} INFO - Started process (PID=2547) to work on /home/airflow/.local/lib/python3.12/site-packages/airflow/example_dags/example_inlet_event_extra.py
[2024-09-15T08:06:40.623+0000] {processor.py:914} INFO - Processing file /home/airflow/.local/lib/python3.12/site-packages/airflow/example_dags/example_inlet_event_extra.py for tasks to queue
[2024-09-15T08:06:40.634+0000] {logging_mixin.py:190} INFO - [2024-09-15T08:06:40.633+0000] {dagbag.py:587} INFO - Filling up the DagBag from /home/airflow/.local/lib/python3.12/site-packages/airflow/example_dags/example_inlet_event_extra.py
[2024-09-15T08:06:42.284+0000] {processor.py:925} INFO - DAG(s) 'read_dataset_event', 'read_dataset_event_from_classic' retrieved from /home/airflow/.local/lib/python3.12/site-packages/airflow/example_dags/example_inlet_event_extra.py
[2024-09-15T08:06:42.438+0000] {logging_mixin.py:190} INFO - [2024-09-15T08:06:42.437+0000] {dag.py:3229} INFO - Sync 2 DAGs
[2024-09-15T08:06:44.199+0000] {logging_mixin.py:190} INFO - [2024-09-15T08:06:44.188+0000] {dag.py:4156} INFO - Setting next_dagrun for read_dataset_event to 2024-09-14 00:00:00+00:00, run_after=2024-09-15 00:00:00+00:00
[2024-09-15T08:06:44.354+0000] {logging_mixin.py:190} INFO - [2024-09-15T08:06:44.353+0000] {dag.py:4156} INFO - Setting next_dagrun for read_dataset_event_from_classic to 2024-09-14 00:00:00+00:00, run_after=2024-09-15 00:00:00+00:00
[2024-09-15T08:06:44.539+0000] {processor.py:208} INFO - Processing /home/airflow/.local/lib/python3.12/site-packages/airflow/example_dags/example_inlet_event_extra.py took 3.974 seconds
[2024-09-15T08:07:15.517+0000] {processor.py:186} INFO - Started process (PID=2609) to work on /home/airflow/.local/lib/python3.12/site-packages/airflow/example_dags/example_inlet_event_extra.py
[2024-09-15T08:07:15.521+0000] {processor.py:914} INFO - Processing file /home/airflow/.local/lib/python3.12/site-packages/airflow/example_dags/example_inlet_event_extra.py for tasks to queue
[2024-09-15T08:07:15.526+0000] {logging_mixin.py:190} INFO - [2024-09-15T08:07:15.526+0000] {dagbag.py:587} INFO - Filling up the DagBag from /home/airflow/.local/lib/python3.12/site-packages/airflow/example_dags/example_inlet_event_extra.py
[2024-09-15T08:07:15.969+0000] {processor.py:925} INFO - DAG(s) 'read_dataset_event', 'read_dataset_event_from_classic' retrieved from /home/airflow/.local/lib/python3.12/site-packages/airflow/example_dags/example_inlet_event_extra.py
[2024-09-15T08:07:16.010+0000] {logging_mixin.py:190} INFO - [2024-09-15T08:07:16.010+0000] {dag.py:3229} INFO - Sync 2 DAGs
[2024-09-15T08:07:16.377+0000] {logging_mixin.py:190} INFO - [2024-09-15T08:07:16.377+0000] {dag.py:4156} INFO - Setting next_dagrun for read_dataset_event to 2024-09-14 00:00:00+00:00, run_after=2024-09-15 00:00:00+00:00
[2024-09-15T08:07:16.389+0000] {logging_mixin.py:190} INFO - [2024-09-15T08:07:16.389+0000] {dag.py:4156} INFO - Setting next_dagrun for read_dataset_event_from_classic to 2024-09-14 00:00:00+00:00, run_after=2024-09-15 00:00:00+00:00
[2024-09-15T08:07:16.422+0000] {processor.py:208} INFO - Processing /home/airflow/.local/lib/python3.12/site-packages/airflow/example_dags/example_inlet_event_extra.py took 0.930 seconds
[2024-09-15T08:07:46.927+0000] {processor.py:186} INFO - Started process (PID=2671) to work on /home/airflow/.local/lib/python3.12/site-packages/airflow/example_dags/example_inlet_event_extra.py
[2024-09-15T08:07:46.929+0000] {processor.py:914} INFO - Processing file /home/airflow/.local/lib/python3.12/site-packages/airflow/example_dags/example_inlet_event_extra.py for tasks to queue
[2024-09-15T08:07:46.931+0000] {logging_mixin.py:190} INFO - [2024-09-15T08:07:46.931+0000] {dagbag.py:587} INFO - Filling up the DagBag from /home/airflow/.local/lib/python3.12/site-packages/airflow/example_dags/example_inlet_event_extra.py
[2024-09-15T08:07:47.723+0000] {processor.py:925} INFO - DAG(s) 'read_dataset_event', 'read_dataset_event_from_classic' retrieved from /home/airflow/.local/lib/python3.12/site-packages/airflow/example_dags/example_inlet_event_extra.py
[2024-09-15T08:07:47.781+0000] {logging_mixin.py:190} INFO - [2024-09-15T08:07:47.778+0000] {dag.py:3229} INFO - Sync 2 DAGs
[2024-09-15T08:07:47.836+0000] {logging_mixin.py:190} INFO - [2024-09-15T08:07:47.835+0000] {dag.py:4156} INFO - Setting next_dagrun for read_dataset_event to 2024-09-14 00:00:00+00:00, run_after=2024-09-15 00:00:00+00:00
[2024-09-15T08:07:47.850+0000] {logging_mixin.py:190} INFO - [2024-09-15T08:07:47.849+0000] {dag.py:4156} INFO - Setting next_dagrun for read_dataset_event_from_classic to 2024-09-14 00:00:00+00:00, run_after=2024-09-15 00:00:00+00:00
[2024-09-15T08:07:47.890+0000] {processor.py:208} INFO - Processing /home/airflow/.local/lib/python3.12/site-packages/airflow/example_dags/example_inlet_event_extra.py took 0.973 seconds
