[2024-09-15T06:53:03.250+0000] {processor.py:186} INFO - Started process (PID=100) to work on /home/airflow/.local/lib/python3.12/site-packages/airflow/example_dags/example_skip_dag.py
[2024-09-15T06:53:03.252+0000] {processor.py:914} INFO - Processing file /home/airflow/.local/lib/python3.12/site-packages/airflow/example_dags/example_skip_dag.py for tasks to queue
[2024-09-15T06:53:03.258+0000] {logging_mixin.py:190} INFO - [2024-09-15T06:53:03.257+0000] {dagbag.py:587} INFO - Filling up the DagBag from /home/airflow/.local/lib/python3.12/site-packages/airflow/example_dags/example_skip_dag.py
[2024-09-15T06:53:03.278+0000] {processor.py:925} INFO - DAG(s) 'example_skip_dag' retrieved from /home/airflow/.local/lib/python3.12/site-packages/airflow/example_dags/example_skip_dag.py
[2024-09-15T06:53:03.547+0000] {logging_mixin.py:190} INFO - [2024-09-15T06:53:03.545+0000] {override.py:1900} INFO - Created Permission View: can delete on DAG:example_skip_dag
[2024-09-15T06:53:03.577+0000] {logging_mixin.py:190} INFO - [2024-09-15T06:53:03.576+0000] {override.py:1900} INFO - Created Permission View: can edit on DAG:example_skip_dag
[2024-09-15T06:53:03.601+0000] {logging_mixin.py:190} INFO - [2024-09-15T06:53:03.601+0000] {override.py:1900} INFO - Created Permission View: can read on DAG:example_skip_dag
[2024-09-15T06:53:03.625+0000] {logging_mixin.py:190} INFO - [2024-09-15T06:53:03.624+0000] {override.py:1900} INFO - Created Permission View: can delete on DAG Run:example_skip_dag
[2024-09-15T06:53:03.645+0000] {logging_mixin.py:190} INFO - [2024-09-15T06:53:03.645+0000] {override.py:1900} INFO - Created Permission View: can create on DAG Run:example_skip_dag
[2024-09-15T06:53:03.674+0000] {logging_mixin.py:190} INFO - [2024-09-15T06:53:03.673+0000] {override.py:1900} INFO - Created Permission View: can read on DAG Run:example_skip_dag
[2024-09-15T06:53:03.691+0000] {logging_mixin.py:190} INFO - [2024-09-15T06:53:03.691+0000] {override.py:1900} INFO - Created Permission View: menu access on DAG Run:example_skip_dag
[2024-09-15T06:53:03.693+0000] {logging_mixin.py:190} INFO - [2024-09-15T06:53:03.693+0000] {dag.py:3229} INFO - Sync 1 DAGs
[2024-09-15T06:53:03.741+0000] {logging_mixin.py:190} INFO - [2024-09-15T06:53:03.740+0000] {dag.py:3252} INFO - Creating ORM DAG for example_skip_dag
[2024-09-15T06:53:03.777+0000] {logging_mixin.py:190} INFO - [2024-09-15T06:53:03.776+0000] {dag.py:4156} INFO - Setting next_dagrun for example_skip_dag to 2024-09-14 00:00:00+00:00, run_after=2024-09-15 00:00:00+00:00
[2024-09-15T06:53:03.828+0000] {processor.py:208} INFO - Processing /home/airflow/.local/lib/python3.12/site-packages/airflow/example_dags/example_skip_dag.py took 0.594 seconds
[2024-09-15T06:54:11.470+0000] {processor.py:186} INFO - Started process (PID=162) to work on /home/airflow/.local/lib/python3.12/site-packages/airflow/example_dags/example_skip_dag.py
[2024-09-15T06:54:11.472+0000] {processor.py:914} INFO - Processing file /home/airflow/.local/lib/python3.12/site-packages/airflow/example_dags/example_skip_dag.py for tasks to queue
[2024-09-15T06:54:11.478+0000] {logging_mixin.py:190} INFO - [2024-09-15T06:54:11.477+0000] {dagbag.py:587} INFO - Filling up the DagBag from /home/airflow/.local/lib/python3.12/site-packages/airflow/example_dags/example_skip_dag.py
[2024-09-15T06:54:11.496+0000] {processor.py:925} INFO - DAG(s) 'example_skip_dag' retrieved from /home/airflow/.local/lib/python3.12/site-packages/airflow/example_dags/example_skip_dag.py
[2024-09-15T06:54:11.546+0000] {logging_mixin.py:190} INFO - [2024-09-15T06:54:11.546+0000] {dag.py:3229} INFO - Sync 1 DAGs
[2024-09-15T06:54:11.599+0000] {logging_mixin.py:190} INFO - [2024-09-15T06:54:11.599+0000] {dag.py:4156} INFO - Setting next_dagrun for example_skip_dag to 2024-09-14 00:00:00+00:00, run_after=2024-09-15 00:00:00+00:00
[2024-09-15T06:54:11.655+0000] {processor.py:208} INFO - Processing /home/airflow/.local/lib/python3.12/site-packages/airflow/example_dags/example_skip_dag.py took 0.198 seconds
[2024-09-15T06:54:44.465+0000] {processor.py:186} INFO - Started process (PID=224) to work on /home/airflow/.local/lib/python3.12/site-packages/airflow/example_dags/example_skip_dag.py
[2024-09-15T06:54:44.477+0000] {processor.py:914} INFO - Processing file /home/airflow/.local/lib/python3.12/site-packages/airflow/example_dags/example_skip_dag.py for tasks to queue
[2024-09-15T06:54:44.486+0000] {logging_mixin.py:190} INFO - [2024-09-15T06:54:44.485+0000] {dagbag.py:587} INFO - Filling up the DagBag from /home/airflow/.local/lib/python3.12/site-packages/airflow/example_dags/example_skip_dag.py
[2024-09-15T06:54:44.510+0000] {processor.py:925} INFO - DAG(s) 'example_skip_dag' retrieved from /home/airflow/.local/lib/python3.12/site-packages/airflow/example_dags/example_skip_dag.py
[2024-09-15T06:54:44.627+0000] {logging_mixin.py:190} INFO - [2024-09-15T06:54:44.625+0000] {dag.py:3229} INFO - Sync 1 DAGs
[2024-09-15T06:54:44.782+0000] {logging_mixin.py:190} INFO - [2024-09-15T06:54:44.781+0000] {dag.py:4156} INFO - Setting next_dagrun for example_skip_dag to 2024-09-14 00:00:00+00:00, run_after=2024-09-15 00:00:00+00:00
[2024-09-15T06:54:44.908+0000] {processor.py:208} INFO - Processing /home/airflow/.local/lib/python3.12/site-packages/airflow/example_dags/example_skip_dag.py took 0.461 seconds
[2024-09-15T06:55:18.269+0000] {processor.py:186} INFO - Started process (PID=286) to work on /home/airflow/.local/lib/python3.12/site-packages/airflow/example_dags/example_skip_dag.py
[2024-09-15T06:55:18.271+0000] {processor.py:914} INFO - Processing file /home/airflow/.local/lib/python3.12/site-packages/airflow/example_dags/example_skip_dag.py for tasks to queue
[2024-09-15T06:55:18.278+0000] {logging_mixin.py:190} INFO - [2024-09-15T06:55:18.277+0000] {dagbag.py:587} INFO - Filling up the DagBag from /home/airflow/.local/lib/python3.12/site-packages/airflow/example_dags/example_skip_dag.py
[2024-09-15T06:55:18.305+0000] {processor.py:925} INFO - DAG(s) 'example_skip_dag' retrieved from /home/airflow/.local/lib/python3.12/site-packages/airflow/example_dags/example_skip_dag.py
[2024-09-15T06:55:18.365+0000] {logging_mixin.py:190} INFO - [2024-09-15T06:55:18.365+0000] {dag.py:3229} INFO - Sync 1 DAGs
[2024-09-15T06:55:18.469+0000] {logging_mixin.py:190} INFO - [2024-09-15T06:55:18.468+0000] {dag.py:4156} INFO - Setting next_dagrun for example_skip_dag to 2024-09-14 00:00:00+00:00, run_after=2024-09-15 00:00:00+00:00
[2024-09-15T06:55:18.532+0000] {processor.py:208} INFO - Processing /home/airflow/.local/lib/python3.12/site-packages/airflow/example_dags/example_skip_dag.py took 0.282 seconds
[2024-09-15T06:57:51.842+0000] {processor.py:186} INFO - Started process (PID=330) to work on /home/airflow/.local/lib/python3.12/site-packages/airflow/example_dags/example_skip_dag.py
[2024-09-15T06:57:51.845+0000] {processor.py:914} INFO - Processing file /home/airflow/.local/lib/python3.12/site-packages/airflow/example_dags/example_skip_dag.py for tasks to queue
[2024-09-15T06:57:51.848+0000] {logging_mixin.py:190} INFO - [2024-09-15T06:57:51.847+0000] {dagbag.py:587} INFO - Filling up the DagBag from /home/airflow/.local/lib/python3.12/site-packages/airflow/example_dags/example_skip_dag.py
[2024-09-15T06:57:51.864+0000] {processor.py:925} INFO - DAG(s) 'example_skip_dag' retrieved from /home/airflow/.local/lib/python3.12/site-packages/airflow/example_dags/example_skip_dag.py
[2024-09-15T06:57:51.906+0000] {logging_mixin.py:190} INFO - [2024-09-15T06:57:51.905+0000] {dag.py:3229} INFO - Sync 1 DAGs
[2024-09-15T06:57:51.965+0000] {logging_mixin.py:190} INFO - [2024-09-15T06:57:51.964+0000] {dag.py:4156} INFO - Setting next_dagrun for example_skip_dag to 2024-09-14 00:00:00+00:00, run_after=2024-09-15 00:00:00+00:00
[2024-09-15T06:57:52.009+0000] {processor.py:208} INFO - Processing /home/airflow/.local/lib/python3.12/site-packages/airflow/example_dags/example_skip_dag.py took 0.180 seconds
[2024-09-15T06:58:22.791+0000] {processor.py:186} INFO - Started process (PID=392) to work on /home/airflow/.local/lib/python3.12/site-packages/airflow/example_dags/example_skip_dag.py
[2024-09-15T06:58:22.794+0000] {processor.py:914} INFO - Processing file /home/airflow/.local/lib/python3.12/site-packages/airflow/example_dags/example_skip_dag.py for tasks to queue
[2024-09-15T06:58:22.797+0000] {logging_mixin.py:190} INFO - [2024-09-15T06:58:22.797+0000] {dagbag.py:587} INFO - Filling up the DagBag from /home/airflow/.local/lib/python3.12/site-packages/airflow/example_dags/example_skip_dag.py
[2024-09-15T06:58:22.819+0000] {processor.py:925} INFO - DAG(s) 'example_skip_dag' retrieved from /home/airflow/.local/lib/python3.12/site-packages/airflow/example_dags/example_skip_dag.py
[2024-09-15T06:58:22.899+0000] {logging_mixin.py:190} INFO - [2024-09-15T06:58:22.898+0000] {dag.py:3229} INFO - Sync 1 DAGs
[2024-09-15T06:58:23.005+0000] {logging_mixin.py:190} INFO - [2024-09-15T06:58:23.004+0000] {dag.py:4156} INFO - Setting next_dagrun for example_skip_dag to 2024-09-14 00:00:00+00:00, run_after=2024-09-15 00:00:00+00:00
[2024-09-15T06:58:23.113+0000] {processor.py:208} INFO - Processing /home/airflow/.local/lib/python3.12/site-packages/airflow/example_dags/example_skip_dag.py took 0.338 seconds
[2024-09-15T06:58:53.929+0000] {processor.py:186} INFO - Started process (PID=454) to work on /home/airflow/.local/lib/python3.12/site-packages/airflow/example_dags/example_skip_dag.py
[2024-09-15T06:58:53.931+0000] {processor.py:914} INFO - Processing file /home/airflow/.local/lib/python3.12/site-packages/airflow/example_dags/example_skip_dag.py for tasks to queue
[2024-09-15T06:58:53.933+0000] {logging_mixin.py:190} INFO - [2024-09-15T06:58:53.933+0000] {dagbag.py:587} INFO - Filling up the DagBag from /home/airflow/.local/lib/python3.12/site-packages/airflow/example_dags/example_skip_dag.py
[2024-09-15T06:58:53.952+0000] {processor.py:925} INFO - DAG(s) 'example_skip_dag' retrieved from /home/airflow/.local/lib/python3.12/site-packages/airflow/example_dags/example_skip_dag.py
[2024-09-15T06:58:53.998+0000] {logging_mixin.py:190} INFO - [2024-09-15T06:58:53.998+0000] {dag.py:3229} INFO - Sync 1 DAGs
[2024-09-15T06:58:54.045+0000] {logging_mixin.py:190} INFO - [2024-09-15T06:58:54.045+0000] {dag.py:4156} INFO - Setting next_dagrun for example_skip_dag to 2024-09-14 00:00:00+00:00, run_after=2024-09-15 00:00:00+00:00
[2024-09-15T06:58:54.093+0000] {processor.py:208} INFO - Processing /home/airflow/.local/lib/python3.12/site-packages/airflow/example_dags/example_skip_dag.py took 0.177 seconds
[2024-09-15T06:59:24.182+0000] {processor.py:186} INFO - Started process (PID=516) to work on /home/airflow/.local/lib/python3.12/site-packages/airflow/example_dags/example_skip_dag.py
[2024-09-15T06:59:24.184+0000] {processor.py:914} INFO - Processing file /home/airflow/.local/lib/python3.12/site-packages/airflow/example_dags/example_skip_dag.py for tasks to queue
[2024-09-15T06:59:24.186+0000] {logging_mixin.py:190} INFO - [2024-09-15T06:59:24.186+0000] {dagbag.py:587} INFO - Filling up the DagBag from /home/airflow/.local/lib/python3.12/site-packages/airflow/example_dags/example_skip_dag.py
[2024-09-15T06:59:24.206+0000] {processor.py:925} INFO - DAG(s) 'example_skip_dag' retrieved from /home/airflow/.local/lib/python3.12/site-packages/airflow/example_dags/example_skip_dag.py
[2024-09-15T06:59:24.246+0000] {logging_mixin.py:190} INFO - [2024-09-15T06:59:24.246+0000] {dag.py:3229} INFO - Sync 1 DAGs
[2024-09-15T06:59:24.295+0000] {logging_mixin.py:190} INFO - [2024-09-15T06:59:24.294+0000] {dag.py:4156} INFO - Setting next_dagrun for example_skip_dag to 2024-09-14 00:00:00+00:00, run_after=2024-09-15 00:00:00+00:00
[2024-09-15T06:59:24.329+0000] {processor.py:208} INFO - Processing /home/airflow/.local/lib/python3.12/site-packages/airflow/example_dags/example_skip_dag.py took 0.157 seconds
[2024-09-15T06:59:55.491+0000] {processor.py:186} INFO - Started process (PID=578) to work on /home/airflow/.local/lib/python3.12/site-packages/airflow/example_dags/example_skip_dag.py
[2024-09-15T06:59:55.493+0000] {processor.py:914} INFO - Processing file /home/airflow/.local/lib/python3.12/site-packages/airflow/example_dags/example_skip_dag.py for tasks to queue
[2024-09-15T06:59:55.497+0000] {logging_mixin.py:190} INFO - [2024-09-15T06:59:55.496+0000] {dagbag.py:587} INFO - Filling up the DagBag from /home/airflow/.local/lib/python3.12/site-packages/airflow/example_dags/example_skip_dag.py
[2024-09-15T06:59:55.516+0000] {processor.py:925} INFO - DAG(s) 'example_skip_dag' retrieved from /home/airflow/.local/lib/python3.12/site-packages/airflow/example_dags/example_skip_dag.py
[2024-09-15T06:59:55.555+0000] {logging_mixin.py:190} INFO - [2024-09-15T06:59:55.551+0000] {dag.py:3229} INFO - Sync 1 DAGs
[2024-09-15T06:59:55.602+0000] {logging_mixin.py:190} INFO - [2024-09-15T06:59:55.602+0000] {dag.py:4156} INFO - Setting next_dagrun for example_skip_dag to 2024-09-14 00:00:00+00:00, run_after=2024-09-15 00:00:00+00:00
[2024-09-15T06:59:55.636+0000] {processor.py:208} INFO - Processing /home/airflow/.local/lib/python3.12/site-packages/airflow/example_dags/example_skip_dag.py took 0.156 seconds
[2024-09-15T07:00:41.400+0000] {processor.py:186} INFO - Started process (PID=640) to work on /home/airflow/.local/lib/python3.12/site-packages/airflow/example_dags/example_skip_dag.py
[2024-09-15T07:00:41.402+0000] {processor.py:914} INFO - Processing file /home/airflow/.local/lib/python3.12/site-packages/airflow/example_dags/example_skip_dag.py for tasks to queue
[2024-09-15T07:00:41.405+0000] {logging_mixin.py:190} INFO - [2024-09-15T07:00:41.404+0000] {dagbag.py:587} INFO - Filling up the DagBag from /home/airflow/.local/lib/python3.12/site-packages/airflow/example_dags/example_skip_dag.py
[2024-09-15T07:00:41.425+0000] {processor.py:925} INFO - DAG(s) 'example_skip_dag' retrieved from /home/airflow/.local/lib/python3.12/site-packages/airflow/example_dags/example_skip_dag.py
[2024-09-15T07:00:41.487+0000] {logging_mixin.py:190} INFO - [2024-09-15T07:00:41.486+0000] {dag.py:3229} INFO - Sync 1 DAGs
[2024-09-15T07:00:41.555+0000] {logging_mixin.py:190} INFO - [2024-09-15T07:00:41.554+0000] {dag.py:4156} INFO - Setting next_dagrun for example_skip_dag to 2024-09-14 00:00:00+00:00, run_after=2024-09-15 00:00:00+00:00
[2024-09-15T07:00:41.606+0000] {processor.py:208} INFO - Processing /home/airflow/.local/lib/python3.12/site-packages/airflow/example_dags/example_skip_dag.py took 0.219 seconds
[2024-09-15T07:04:39.469+0000] {processor.py:186} INFO - Started process (PID=708) to work on /home/airflow/.local/lib/python3.12/site-packages/airflow/example_dags/example_skip_dag.py
[2024-09-15T07:04:39.470+0000] {processor.py:914} INFO - Processing file /home/airflow/.local/lib/python3.12/site-packages/airflow/example_dags/example_skip_dag.py for tasks to queue
[2024-09-15T07:04:39.473+0000] {logging_mixin.py:190} INFO - [2024-09-15T07:04:39.472+0000] {dagbag.py:587} INFO - Filling up the DagBag from /home/airflow/.local/lib/python3.12/site-packages/airflow/example_dags/example_skip_dag.py
[2024-09-15T07:04:39.487+0000] {processor.py:925} INFO - DAG(s) 'example_skip_dag' retrieved from /home/airflow/.local/lib/python3.12/site-packages/airflow/example_dags/example_skip_dag.py
[2024-09-15T07:04:39.522+0000] {logging_mixin.py:190} INFO - [2024-09-15T07:04:39.522+0000] {dag.py:3229} INFO - Sync 1 DAGs
[2024-09-15T07:04:39.567+0000] {logging_mixin.py:190} INFO - [2024-09-15T07:04:39.566+0000] {dag.py:4156} INFO - Setting next_dagrun for example_skip_dag to 2024-09-14 00:00:00+00:00, run_after=2024-09-15 00:00:00+00:00
[2024-09-15T07:04:39.598+0000] {processor.py:208} INFO - Processing /home/airflow/.local/lib/python3.12/site-packages/airflow/example_dags/example_skip_dag.py took 0.139 seconds
[2024-09-15T07:05:10.708+0000] {processor.py:186} INFO - Started process (PID=770) to work on /home/airflow/.local/lib/python3.12/site-packages/airflow/example_dags/example_skip_dag.py
[2024-09-15T07:05:10.710+0000] {processor.py:914} INFO - Processing file /home/airflow/.local/lib/python3.12/site-packages/airflow/example_dags/example_skip_dag.py for tasks to queue
[2024-09-15T07:05:10.713+0000] {logging_mixin.py:190} INFO - [2024-09-15T07:05:10.712+0000] {dagbag.py:587} INFO - Filling up the DagBag from /home/airflow/.local/lib/python3.12/site-packages/airflow/example_dags/example_skip_dag.py
[2024-09-15T07:05:10.733+0000] {processor.py:925} INFO - DAG(s) 'example_skip_dag' retrieved from /home/airflow/.local/lib/python3.12/site-packages/airflow/example_dags/example_skip_dag.py
[2024-09-15T07:05:10.809+0000] {logging_mixin.py:190} INFO - [2024-09-15T07:05:10.808+0000] {dag.py:3229} INFO - Sync 1 DAGs
[2024-09-15T07:05:10.890+0000] {logging_mixin.py:190} INFO - [2024-09-15T07:05:10.890+0000] {dag.py:4156} INFO - Setting next_dagrun for example_skip_dag to 2024-09-14 00:00:00+00:00, run_after=2024-09-15 00:00:00+00:00
[2024-09-15T07:05:10.943+0000] {processor.py:208} INFO - Processing /home/airflow/.local/lib/python3.12/site-packages/airflow/example_dags/example_skip_dag.py took 0.251 seconds
[2024-09-15T07:05:41.607+0000] {processor.py:186} INFO - Started process (PID=832) to work on /home/airflow/.local/lib/python3.12/site-packages/airflow/example_dags/example_skip_dag.py
[2024-09-15T07:05:41.609+0000] {processor.py:914} INFO - Processing file /home/airflow/.local/lib/python3.12/site-packages/airflow/example_dags/example_skip_dag.py for tasks to queue
[2024-09-15T07:05:41.611+0000] {logging_mixin.py:190} INFO - [2024-09-15T07:05:41.611+0000] {dagbag.py:587} INFO - Filling up the DagBag from /home/airflow/.local/lib/python3.12/site-packages/airflow/example_dags/example_skip_dag.py
[2024-09-15T07:05:41.626+0000] {processor.py:925} INFO - DAG(s) 'example_skip_dag' retrieved from /home/airflow/.local/lib/python3.12/site-packages/airflow/example_dags/example_skip_dag.py
[2024-09-15T07:05:41.664+0000] {logging_mixin.py:190} INFO - [2024-09-15T07:05:41.663+0000] {dag.py:3229} INFO - Sync 1 DAGs
[2024-09-15T07:05:41.735+0000] {logging_mixin.py:190} INFO - [2024-09-15T07:05:41.735+0000] {dag.py:4156} INFO - Setting next_dagrun for example_skip_dag to 2024-09-14 00:00:00+00:00, run_after=2024-09-15 00:00:00+00:00
[2024-09-15T07:05:41.788+0000] {processor.py:208} INFO - Processing /home/airflow/.local/lib/python3.12/site-packages/airflow/example_dags/example_skip_dag.py took 0.194 seconds
[2024-09-15T07:06:12.351+0000] {processor.py:186} INFO - Started process (PID=894) to work on /home/airflow/.local/lib/python3.12/site-packages/airflow/example_dags/example_skip_dag.py
[2024-09-15T07:06:12.353+0000] {processor.py:914} INFO - Processing file /home/airflow/.local/lib/python3.12/site-packages/airflow/example_dags/example_skip_dag.py for tasks to queue
[2024-09-15T07:06:12.356+0000] {logging_mixin.py:190} INFO - [2024-09-15T07:06:12.355+0000] {dagbag.py:587} INFO - Filling up the DagBag from /home/airflow/.local/lib/python3.12/site-packages/airflow/example_dags/example_skip_dag.py
[2024-09-15T07:06:12.379+0000] {processor.py:925} INFO - DAG(s) 'example_skip_dag' retrieved from /home/airflow/.local/lib/python3.12/site-packages/airflow/example_dags/example_skip_dag.py
[2024-09-15T07:06:12.424+0000] {logging_mixin.py:190} INFO - [2024-09-15T07:06:12.424+0000] {dag.py:3229} INFO - Sync 1 DAGs
[2024-09-15T07:06:12.488+0000] {logging_mixin.py:190} INFO - [2024-09-15T07:06:12.488+0000] {dag.py:4156} INFO - Setting next_dagrun for example_skip_dag to 2024-09-14 00:00:00+00:00, run_after=2024-09-15 00:00:00+00:00
[2024-09-15T07:06:12.541+0000] {processor.py:208} INFO - Processing /home/airflow/.local/lib/python3.12/site-packages/airflow/example_dags/example_skip_dag.py took 0.207 seconds
[2024-09-15T07:06:43.176+0000] {processor.py:186} INFO - Started process (PID=954) to work on /home/airflow/.local/lib/python3.12/site-packages/airflow/example_dags/example_skip_dag.py
[2024-09-15T07:06:43.177+0000] {processor.py:914} INFO - Processing file /home/airflow/.local/lib/python3.12/site-packages/airflow/example_dags/example_skip_dag.py for tasks to queue
[2024-09-15T07:06:43.180+0000] {logging_mixin.py:190} INFO - [2024-09-15T07:06:43.179+0000] {dagbag.py:587} INFO - Filling up the DagBag from /home/airflow/.local/lib/python3.12/site-packages/airflow/example_dags/example_skip_dag.py
[2024-09-15T07:06:43.214+0000] {processor.py:925} INFO - DAG(s) 'example_skip_dag' retrieved from /home/airflow/.local/lib/python3.12/site-packages/airflow/example_dags/example_skip_dag.py
[2024-09-15T07:06:43.254+0000] {logging_mixin.py:190} INFO - [2024-09-15T07:06:43.253+0000] {dag.py:3229} INFO - Sync 1 DAGs
[2024-09-15T07:06:43.301+0000] {logging_mixin.py:190} INFO - [2024-09-15T07:06:43.301+0000] {dag.py:4156} INFO - Setting next_dagrun for example_skip_dag to 2024-09-14 00:00:00+00:00, run_after=2024-09-15 00:00:00+00:00
[2024-09-15T07:06:43.340+0000] {processor.py:208} INFO - Processing /home/airflow/.local/lib/python3.12/site-packages/airflow/example_dags/example_skip_dag.py took 0.175 seconds
[2024-09-15T07:07:28.989+0000] {processor.py:186} INFO - Started process (PID=1018) to work on /home/airflow/.local/lib/python3.12/site-packages/airflow/example_dags/example_skip_dag.py
[2024-09-15T07:07:28.991+0000] {processor.py:914} INFO - Processing file /home/airflow/.local/lib/python3.12/site-packages/airflow/example_dags/example_skip_dag.py for tasks to queue
[2024-09-15T07:07:28.993+0000] {logging_mixin.py:190} INFO - [2024-09-15T07:07:28.993+0000] {dagbag.py:587} INFO - Filling up the DagBag from /home/airflow/.local/lib/python3.12/site-packages/airflow/example_dags/example_skip_dag.py
[2024-09-15T07:07:29.016+0000] {processor.py:925} INFO - DAG(s) 'example_skip_dag' retrieved from /home/airflow/.local/lib/python3.12/site-packages/airflow/example_dags/example_skip_dag.py
[2024-09-15T07:07:29.081+0000] {logging_mixin.py:190} INFO - [2024-09-15T07:07:29.080+0000] {dag.py:3229} INFO - Sync 1 DAGs
[2024-09-15T07:07:29.133+0000] {logging_mixin.py:190} INFO - [2024-09-15T07:07:29.132+0000] {dag.py:4156} INFO - Setting next_dagrun for example_skip_dag to 2024-09-14 00:00:00+00:00, run_after=2024-09-15 00:00:00+00:00
[2024-09-15T07:07:29.172+0000] {processor.py:208} INFO - Processing /home/airflow/.local/lib/python3.12/site-packages/airflow/example_dags/example_skip_dag.py took 0.196 seconds
[2024-09-15T07:07:59.788+0000] {processor.py:186} INFO - Started process (PID=1080) to work on /home/airflow/.local/lib/python3.12/site-packages/airflow/example_dags/example_skip_dag.py
[2024-09-15T07:07:59.791+0000] {processor.py:914} INFO - Processing file /home/airflow/.local/lib/python3.12/site-packages/airflow/example_dags/example_skip_dag.py for tasks to queue
[2024-09-15T07:07:59.795+0000] {logging_mixin.py:190} INFO - [2024-09-15T07:07:59.794+0000] {dagbag.py:587} INFO - Filling up the DagBag from /home/airflow/.local/lib/python3.12/site-packages/airflow/example_dags/example_skip_dag.py
[2024-09-15T07:07:59.818+0000] {processor.py:925} INFO - DAG(s) 'example_skip_dag' retrieved from /home/airflow/.local/lib/python3.12/site-packages/airflow/example_dags/example_skip_dag.py
[2024-09-15T07:07:59.880+0000] {logging_mixin.py:190} INFO - [2024-09-15T07:07:59.877+0000] {dag.py:3229} INFO - Sync 1 DAGs
[2024-09-15T07:07:59.950+0000] {logging_mixin.py:190} INFO - [2024-09-15T07:07:59.949+0000] {dag.py:4156} INFO - Setting next_dagrun for example_skip_dag to 2024-09-14 00:00:00+00:00, run_after=2024-09-15 00:00:00+00:00
[2024-09-15T07:08:00.001+0000] {processor.py:208} INFO - Processing /home/airflow/.local/lib/python3.12/site-packages/airflow/example_dags/example_skip_dag.py took 0.230 seconds
[2024-09-15T07:12:20.746+0000] {processor.py:186} INFO - Started process (PID=1134) to work on /home/airflow/.local/lib/python3.12/site-packages/airflow/example_dags/example_skip_dag.py
[2024-09-15T07:12:20.747+0000] {processor.py:914} INFO - Processing file /home/airflow/.local/lib/python3.12/site-packages/airflow/example_dags/example_skip_dag.py for tasks to queue
[2024-09-15T07:12:20.749+0000] {logging_mixin.py:190} INFO - [2024-09-15T07:12:20.749+0000] {dagbag.py:587} INFO - Filling up the DagBag from /home/airflow/.local/lib/python3.12/site-packages/airflow/example_dags/example_skip_dag.py
[2024-09-15T07:12:20.763+0000] {processor.py:925} INFO - DAG(s) 'example_skip_dag' retrieved from /home/airflow/.local/lib/python3.12/site-packages/airflow/example_dags/example_skip_dag.py
[2024-09-15T07:12:20.799+0000] {logging_mixin.py:190} INFO - [2024-09-15T07:12:20.799+0000] {dag.py:3229} INFO - Sync 1 DAGs
[2024-09-15T07:12:20.842+0000] {logging_mixin.py:190} INFO - [2024-09-15T07:12:20.842+0000] {dag.py:4156} INFO - Setting next_dagrun for example_skip_dag to 2024-09-14 00:00:00+00:00, run_after=2024-09-15 00:00:00+00:00
[2024-09-15T07:12:20.873+0000] {processor.py:208} INFO - Processing /home/airflow/.local/lib/python3.12/site-packages/airflow/example_dags/example_skip_dag.py took 0.137 seconds
[2024-09-15T07:12:52.126+0000] {processor.py:186} INFO - Started process (PID=1196) to work on /home/airflow/.local/lib/python3.12/site-packages/airflow/example_dags/example_skip_dag.py
[2024-09-15T07:12:52.129+0000] {processor.py:914} INFO - Processing file /home/airflow/.local/lib/python3.12/site-packages/airflow/example_dags/example_skip_dag.py for tasks to queue
[2024-09-15T07:12:52.132+0000] {logging_mixin.py:190} INFO - [2024-09-15T07:12:52.131+0000] {dagbag.py:587} INFO - Filling up the DagBag from /home/airflow/.local/lib/python3.12/site-packages/airflow/example_dags/example_skip_dag.py
[2024-09-15T07:12:52.155+0000] {processor.py:925} INFO - DAG(s) 'example_skip_dag' retrieved from /home/airflow/.local/lib/python3.12/site-packages/airflow/example_dags/example_skip_dag.py
[2024-09-15T07:12:52.216+0000] {logging_mixin.py:190} INFO - [2024-09-15T07:12:52.215+0000] {dag.py:3229} INFO - Sync 1 DAGs
[2024-09-15T07:12:52.297+0000] {logging_mixin.py:190} INFO - [2024-09-15T07:12:52.297+0000] {dag.py:4156} INFO - Setting next_dagrun for example_skip_dag to 2024-09-14 00:00:00+00:00, run_after=2024-09-15 00:00:00+00:00
[2024-09-15T07:12:52.347+0000] {processor.py:208} INFO - Processing /home/airflow/.local/lib/python3.12/site-packages/airflow/example_dags/example_skip_dag.py took 0.235 seconds
[2024-09-15T07:13:22.596+0000] {processor.py:186} INFO - Started process (PID=1258) to work on /home/airflow/.local/lib/python3.12/site-packages/airflow/example_dags/example_skip_dag.py
[2024-09-15T07:13:22.598+0000] {processor.py:914} INFO - Processing file /home/airflow/.local/lib/python3.12/site-packages/airflow/example_dags/example_skip_dag.py for tasks to queue
[2024-09-15T07:13:22.600+0000] {logging_mixin.py:190} INFO - [2024-09-15T07:13:22.600+0000] {dagbag.py:587} INFO - Filling up the DagBag from /home/airflow/.local/lib/python3.12/site-packages/airflow/example_dags/example_skip_dag.py
[2024-09-15T07:13:22.615+0000] {processor.py:925} INFO - DAG(s) 'example_skip_dag' retrieved from /home/airflow/.local/lib/python3.12/site-packages/airflow/example_dags/example_skip_dag.py
[2024-09-15T07:13:22.659+0000] {logging_mixin.py:190} INFO - [2024-09-15T07:13:22.659+0000] {dag.py:3229} INFO - Sync 1 DAGs
[2024-09-15T07:13:22.705+0000] {logging_mixin.py:190} INFO - [2024-09-15T07:13:22.705+0000] {dag.py:4156} INFO - Setting next_dagrun for example_skip_dag to 2024-09-14 00:00:00+00:00, run_after=2024-09-15 00:00:00+00:00
[2024-09-15T07:13:22.749+0000] {processor.py:208} INFO - Processing /home/airflow/.local/lib/python3.12/site-packages/airflow/example_dags/example_skip_dag.py took 0.162 seconds
[2024-09-15T07:13:53.620+0000] {processor.py:186} INFO - Started process (PID=1321) to work on /home/airflow/.local/lib/python3.12/site-packages/airflow/example_dags/example_skip_dag.py
[2024-09-15T07:13:53.621+0000] {processor.py:914} INFO - Processing file /home/airflow/.local/lib/python3.12/site-packages/airflow/example_dags/example_skip_dag.py for tasks to queue
[2024-09-15T07:13:53.624+0000] {logging_mixin.py:190} INFO - [2024-09-15T07:13:53.623+0000] {dagbag.py:587} INFO - Filling up the DagBag from /home/airflow/.local/lib/python3.12/site-packages/airflow/example_dags/example_skip_dag.py
[2024-09-15T07:13:53.639+0000] {processor.py:925} INFO - DAG(s) 'example_skip_dag' retrieved from /home/airflow/.local/lib/python3.12/site-packages/airflow/example_dags/example_skip_dag.py
[2024-09-15T07:13:53.690+0000] {logging_mixin.py:190} INFO - [2024-09-15T07:13:53.689+0000] {dag.py:3229} INFO - Sync 1 DAGs
[2024-09-15T07:13:53.737+0000] {logging_mixin.py:190} INFO - [2024-09-15T07:13:53.737+0000] {dag.py:4156} INFO - Setting next_dagrun for example_skip_dag to 2024-09-14 00:00:00+00:00, run_after=2024-09-15 00:00:00+00:00
[2024-09-15T07:13:53.776+0000] {processor.py:208} INFO - Processing /home/airflow/.local/lib/python3.12/site-packages/airflow/example_dags/example_skip_dag.py took 0.167 seconds
[2024-09-15T07:14:24.311+0000] {processor.py:186} INFO - Started process (PID=1384) to work on /home/airflow/.local/lib/python3.12/site-packages/airflow/example_dags/example_skip_dag.py
[2024-09-15T07:14:24.313+0000] {processor.py:914} INFO - Processing file /home/airflow/.local/lib/python3.12/site-packages/airflow/example_dags/example_skip_dag.py for tasks to queue
[2024-09-15T07:14:24.317+0000] {logging_mixin.py:190} INFO - [2024-09-15T07:14:24.316+0000] {dagbag.py:587} INFO - Filling up the DagBag from /home/airflow/.local/lib/python3.12/site-packages/airflow/example_dags/example_skip_dag.py
[2024-09-15T07:14:24.339+0000] {processor.py:925} INFO - DAG(s) 'example_skip_dag' retrieved from /home/airflow/.local/lib/python3.12/site-packages/airflow/example_dags/example_skip_dag.py
[2024-09-15T07:14:24.393+0000] {logging_mixin.py:190} INFO - [2024-09-15T07:14:24.393+0000] {dag.py:3229} INFO - Sync 1 DAGs
[2024-09-15T07:14:24.458+0000] {logging_mixin.py:190} INFO - [2024-09-15T07:14:24.457+0000] {dag.py:4156} INFO - Setting next_dagrun for example_skip_dag to 2024-09-14 00:00:00+00:00, run_after=2024-09-15 00:00:00+00:00
[2024-09-15T07:14:24.499+0000] {processor.py:208} INFO - Processing /home/airflow/.local/lib/python3.12/site-packages/airflow/example_dags/example_skip_dag.py took 0.200 seconds
[2024-09-15T07:14:54.880+0000] {processor.py:186} INFO - Started process (PID=1446) to work on /home/airflow/.local/lib/python3.12/site-packages/airflow/example_dags/example_skip_dag.py
[2024-09-15T07:14:54.882+0000] {processor.py:914} INFO - Processing file /home/airflow/.local/lib/python3.12/site-packages/airflow/example_dags/example_skip_dag.py for tasks to queue
[2024-09-15T07:14:54.885+0000] {logging_mixin.py:190} INFO - [2024-09-15T07:14:54.884+0000] {dagbag.py:587} INFO - Filling up the DagBag from /home/airflow/.local/lib/python3.12/site-packages/airflow/example_dags/example_skip_dag.py
[2024-09-15T07:14:54.904+0000] {processor.py:925} INFO - DAG(s) 'example_skip_dag' retrieved from /home/airflow/.local/lib/python3.12/site-packages/airflow/example_dags/example_skip_dag.py
[2024-09-15T07:14:54.954+0000] {logging_mixin.py:190} INFO - [2024-09-15T07:14:54.953+0000] {dag.py:3229} INFO - Sync 1 DAGs
[2024-09-15T07:14:55.011+0000] {logging_mixin.py:190} INFO - [2024-09-15T07:14:55.010+0000] {dag.py:4156} INFO - Setting next_dagrun for example_skip_dag to 2024-09-14 00:00:00+00:00, run_after=2024-09-15 00:00:00+00:00
[2024-09-15T07:14:55.058+0000] {processor.py:208} INFO - Processing /home/airflow/.local/lib/python3.12/site-packages/airflow/example_dags/example_skip_dag.py took 0.188 seconds
[2024-09-15T07:15:40.396+0000] {processor.py:186} INFO - Started process (PID=1506) to work on /home/airflow/.local/lib/python3.12/site-packages/airflow/example_dags/example_skip_dag.py
[2024-09-15T07:15:40.401+0000] {processor.py:914} INFO - Processing file /home/airflow/.local/lib/python3.12/site-packages/airflow/example_dags/example_skip_dag.py for tasks to queue
[2024-09-15T07:15:40.409+0000] {logging_mixin.py:190} INFO - [2024-09-15T07:15:40.404+0000] {dagbag.py:587} INFO - Filling up the DagBag from /home/airflow/.local/lib/python3.12/site-packages/airflow/example_dags/example_skip_dag.py
[2024-09-15T07:15:40.499+0000] {processor.py:925} INFO - DAG(s) 'example_skip_dag' retrieved from /home/airflow/.local/lib/python3.12/site-packages/airflow/example_dags/example_skip_dag.py
[2024-09-15T07:15:40.855+0000] {logging_mixin.py:190} INFO - [2024-09-15T07:15:40.855+0000] {dag.py:3229} INFO - Sync 1 DAGs
[2024-09-15T07:15:40.966+0000] {logging_mixin.py:190} INFO - [2024-09-15T07:15:40.966+0000] {dag.py:4156} INFO - Setting next_dagrun for example_skip_dag to 2024-09-14 00:00:00+00:00, run_after=2024-09-15 00:00:00+00:00
[2024-09-15T07:15:41.018+0000] {processor.py:208} INFO - Processing /home/airflow/.local/lib/python3.12/site-packages/airflow/example_dags/example_skip_dag.py took 0.648 seconds
[2024-09-15T07:16:11.437+0000] {processor.py:186} INFO - Started process (PID=1567) to work on /home/airflow/.local/lib/python3.12/site-packages/airflow/example_dags/example_skip_dag.py
[2024-09-15T07:16:11.439+0000] {processor.py:914} INFO - Processing file /home/airflow/.local/lib/python3.12/site-packages/airflow/example_dags/example_skip_dag.py for tasks to queue
[2024-09-15T07:16:11.442+0000] {logging_mixin.py:190} INFO - [2024-09-15T07:16:11.441+0000] {dagbag.py:587} INFO - Filling up the DagBag from /home/airflow/.local/lib/python3.12/site-packages/airflow/example_dags/example_skip_dag.py
[2024-09-15T07:16:11.462+0000] {processor.py:925} INFO - DAG(s) 'example_skip_dag' retrieved from /home/airflow/.local/lib/python3.12/site-packages/airflow/example_dags/example_skip_dag.py
[2024-09-15T07:16:11.505+0000] {logging_mixin.py:190} INFO - [2024-09-15T07:16:11.505+0000] {dag.py:3229} INFO - Sync 1 DAGs
[2024-09-15T07:16:11.563+0000] {logging_mixin.py:190} INFO - [2024-09-15T07:16:11.563+0000] {dag.py:4156} INFO - Setting next_dagrun for example_skip_dag to 2024-09-14 00:00:00+00:00, run_after=2024-09-15 00:00:00+00:00
[2024-09-15T07:16:11.601+0000] {processor.py:208} INFO - Processing /home/airflow/.local/lib/python3.12/site-packages/airflow/example_dags/example_skip_dag.py took 0.178 seconds
[2024-09-15T07:18:24.415+0000] {processor.py:186} INFO - Started process (PID=1624) to work on /home/airflow/.local/lib/python3.12/site-packages/airflow/example_dags/example_skip_dag.py
[2024-09-15T07:18:24.417+0000] {processor.py:914} INFO - Processing file /home/airflow/.local/lib/python3.12/site-packages/airflow/example_dags/example_skip_dag.py for tasks to queue
[2024-09-15T07:18:24.419+0000] {logging_mixin.py:190} INFO - [2024-09-15T07:18:24.418+0000] {dagbag.py:587} INFO - Filling up the DagBag from /home/airflow/.local/lib/python3.12/site-packages/airflow/example_dags/example_skip_dag.py
[2024-09-15T07:18:24.433+0000] {processor.py:925} INFO - DAG(s) 'example_skip_dag' retrieved from /home/airflow/.local/lib/python3.12/site-packages/airflow/example_dags/example_skip_dag.py
[2024-09-15T07:18:24.469+0000] {logging_mixin.py:190} INFO - [2024-09-15T07:18:24.469+0000] {dag.py:3229} INFO - Sync 1 DAGs
[2024-09-15T07:18:24.514+0000] {logging_mixin.py:190} INFO - [2024-09-15T07:18:24.513+0000] {dag.py:4156} INFO - Setting next_dagrun for example_skip_dag to 2024-09-14 00:00:00+00:00, run_after=2024-09-15 00:00:00+00:00
[2024-09-15T07:18:24.549+0000] {processor.py:208} INFO - Processing /home/airflow/.local/lib/python3.12/site-packages/airflow/example_dags/example_skip_dag.py took 0.144 seconds
[2024-09-15T07:18:55.509+0000] {processor.py:186} INFO - Started process (PID=1686) to work on /home/airflow/.local/lib/python3.12/site-packages/airflow/example_dags/example_skip_dag.py
[2024-09-15T07:18:55.511+0000] {processor.py:914} INFO - Processing file /home/airflow/.local/lib/python3.12/site-packages/airflow/example_dags/example_skip_dag.py for tasks to queue
[2024-09-15T07:18:55.514+0000] {logging_mixin.py:190} INFO - [2024-09-15T07:18:55.513+0000] {dagbag.py:587} INFO - Filling up the DagBag from /home/airflow/.local/lib/python3.12/site-packages/airflow/example_dags/example_skip_dag.py
[2024-09-15T07:18:55.536+0000] {processor.py:925} INFO - DAG(s) 'example_skip_dag' retrieved from /home/airflow/.local/lib/python3.12/site-packages/airflow/example_dags/example_skip_dag.py
[2024-09-15T07:18:55.592+0000] {logging_mixin.py:190} INFO - [2024-09-15T07:18:55.592+0000] {dag.py:3229} INFO - Sync 1 DAGs
[2024-09-15T07:18:55.666+0000] {logging_mixin.py:190} INFO - [2024-09-15T07:18:55.665+0000] {dag.py:4156} INFO - Setting next_dagrun for example_skip_dag to 2024-09-14 00:00:00+00:00, run_after=2024-09-15 00:00:00+00:00
[2024-09-15T07:18:55.734+0000] {processor.py:208} INFO - Processing /home/airflow/.local/lib/python3.12/site-packages/airflow/example_dags/example_skip_dag.py took 0.239 seconds
[2024-09-15T07:19:26.482+0000] {processor.py:186} INFO - Started process (PID=1748) to work on /home/airflow/.local/lib/python3.12/site-packages/airflow/example_dags/example_skip_dag.py
[2024-09-15T07:19:26.483+0000] {processor.py:914} INFO - Processing file /home/airflow/.local/lib/python3.12/site-packages/airflow/example_dags/example_skip_dag.py for tasks to queue
[2024-09-15T07:19:26.486+0000] {logging_mixin.py:190} INFO - [2024-09-15T07:19:26.485+0000] {dagbag.py:587} INFO - Filling up the DagBag from /home/airflow/.local/lib/python3.12/site-packages/airflow/example_dags/example_skip_dag.py
[2024-09-15T07:19:26.502+0000] {processor.py:925} INFO - DAG(s) 'example_skip_dag' retrieved from /home/airflow/.local/lib/python3.12/site-packages/airflow/example_dags/example_skip_dag.py
[2024-09-15T07:19:26.544+0000] {logging_mixin.py:190} INFO - [2024-09-15T07:19:26.544+0000] {dag.py:3229} INFO - Sync 1 DAGs
[2024-09-15T07:19:26.589+0000] {logging_mixin.py:190} INFO - [2024-09-15T07:19:26.588+0000] {dag.py:4156} INFO - Setting next_dagrun for example_skip_dag to 2024-09-14 00:00:00+00:00, run_after=2024-09-15 00:00:00+00:00
[2024-09-15T07:19:26.623+0000] {processor.py:208} INFO - Processing /home/airflow/.local/lib/python3.12/site-packages/airflow/example_dags/example_skip_dag.py took 0.155 seconds
[2024-09-15T07:19:57.162+0000] {processor.py:186} INFO - Started process (PID=1810) to work on /home/airflow/.local/lib/python3.12/site-packages/airflow/example_dags/example_skip_dag.py
[2024-09-15T07:19:57.164+0000] {processor.py:914} INFO - Processing file /home/airflow/.local/lib/python3.12/site-packages/airflow/example_dags/example_skip_dag.py for tasks to queue
[2024-09-15T07:19:57.167+0000] {logging_mixin.py:190} INFO - [2024-09-15T07:19:57.166+0000] {dagbag.py:587} INFO - Filling up the DagBag from /home/airflow/.local/lib/python3.12/site-packages/airflow/example_dags/example_skip_dag.py
[2024-09-15T07:19:57.183+0000] {processor.py:925} INFO - DAG(s) 'example_skip_dag' retrieved from /home/airflow/.local/lib/python3.12/site-packages/airflow/example_dags/example_skip_dag.py
[2024-09-15T07:19:57.225+0000] {logging_mixin.py:190} INFO - [2024-09-15T07:19:57.224+0000] {dag.py:3229} INFO - Sync 1 DAGs
[2024-09-15T07:19:57.276+0000] {logging_mixin.py:190} INFO - [2024-09-15T07:19:57.276+0000] {dag.py:4156} INFO - Setting next_dagrun for example_skip_dag to 2024-09-14 00:00:00+00:00, run_after=2024-09-15 00:00:00+00:00
[2024-09-15T07:19:57.313+0000] {processor.py:208} INFO - Processing /home/airflow/.local/lib/python3.12/site-packages/airflow/example_dags/example_skip_dag.py took 0.165 seconds
[2024-09-15T07:20:27.926+0000] {processor.py:186} INFO - Started process (PID=1872) to work on /home/airflow/.local/lib/python3.12/site-packages/airflow/example_dags/example_skip_dag.py
[2024-09-15T07:20:27.928+0000] {processor.py:914} INFO - Processing file /home/airflow/.local/lib/python3.12/site-packages/airflow/example_dags/example_skip_dag.py for tasks to queue
[2024-09-15T07:20:27.932+0000] {logging_mixin.py:190} INFO - [2024-09-15T07:20:27.931+0000] {dagbag.py:587} INFO - Filling up the DagBag from /home/airflow/.local/lib/python3.12/site-packages/airflow/example_dags/example_skip_dag.py
[2024-09-15T07:20:27.955+0000] {processor.py:925} INFO - DAG(s) 'example_skip_dag' retrieved from /home/airflow/.local/lib/python3.12/site-packages/airflow/example_dags/example_skip_dag.py
[2024-09-15T07:20:28.012+0000] {logging_mixin.py:190} INFO - [2024-09-15T07:20:28.011+0000] {dag.py:3229} INFO - Sync 1 DAGs
[2024-09-15T07:20:28.073+0000] {logging_mixin.py:190} INFO - [2024-09-15T07:20:28.072+0000] {dag.py:4156} INFO - Setting next_dagrun for example_skip_dag to 2024-09-14 00:00:00+00:00, run_after=2024-09-15 00:00:00+00:00
[2024-09-15T07:20:28.125+0000] {processor.py:208} INFO - Processing /home/airflow/.local/lib/python3.12/site-packages/airflow/example_dags/example_skip_dag.py took 0.212 seconds
[2024-09-15T07:23:05.242+0000] {processor.py:186} INFO - Started process (PID=1934) to work on /home/airflow/.local/lib/python3.12/site-packages/airflow/example_dags/example_skip_dag.py
[2024-09-15T07:23:05.244+0000] {processor.py:914} INFO - Processing file /home/airflow/.local/lib/python3.12/site-packages/airflow/example_dags/example_skip_dag.py for tasks to queue
[2024-09-15T07:23:05.246+0000] {logging_mixin.py:190} INFO - [2024-09-15T07:23:05.245+0000] {dagbag.py:587} INFO - Filling up the DagBag from /home/airflow/.local/lib/python3.12/site-packages/airflow/example_dags/example_skip_dag.py
[2024-09-15T07:23:05.260+0000] {processor.py:925} INFO - DAG(s) 'example_skip_dag' retrieved from /home/airflow/.local/lib/python3.12/site-packages/airflow/example_dags/example_skip_dag.py
[2024-09-15T07:23:05.296+0000] {logging_mixin.py:190} INFO - [2024-09-15T07:23:05.295+0000] {dag.py:3229} INFO - Sync 1 DAGs
[2024-09-15T07:23:05.345+0000] {logging_mixin.py:190} INFO - [2024-09-15T07:23:05.345+0000] {dag.py:4156} INFO - Setting next_dagrun for example_skip_dag to 2024-09-14 00:00:00+00:00, run_after=2024-09-15 00:00:00+00:00
[2024-09-15T07:23:05.377+0000] {processor.py:208} INFO - Processing /home/airflow/.local/lib/python3.12/site-packages/airflow/example_dags/example_skip_dag.py took 0.145 seconds
[2024-09-15T07:23:36.525+0000] {processor.py:186} INFO - Started process (PID=1996) to work on /home/airflow/.local/lib/python3.12/site-packages/airflow/example_dags/example_skip_dag.py
[2024-09-15T07:23:36.528+0000] {processor.py:914} INFO - Processing file /home/airflow/.local/lib/python3.12/site-packages/airflow/example_dags/example_skip_dag.py for tasks to queue
[2024-09-15T07:23:36.531+0000] {logging_mixin.py:190} INFO - [2024-09-15T07:23:36.530+0000] {dagbag.py:587} INFO - Filling up the DagBag from /home/airflow/.local/lib/python3.12/site-packages/airflow/example_dags/example_skip_dag.py
[2024-09-15T07:23:36.556+0000] {processor.py:925} INFO - DAG(s) 'example_skip_dag' retrieved from /home/airflow/.local/lib/python3.12/site-packages/airflow/example_dags/example_skip_dag.py
[2024-09-15T07:23:36.615+0000] {logging_mixin.py:190} INFO - [2024-09-15T07:23:36.614+0000] {dag.py:3229} INFO - Sync 1 DAGs
[2024-09-15T07:23:36.689+0000] {logging_mixin.py:190} INFO - [2024-09-15T07:23:36.689+0000] {dag.py:4156} INFO - Setting next_dagrun for example_skip_dag to 2024-09-14 00:00:00+00:00, run_after=2024-09-15 00:00:00+00:00
[2024-09-15T07:23:36.739+0000] {processor.py:208} INFO - Processing /home/airflow/.local/lib/python3.12/site-packages/airflow/example_dags/example_skip_dag.py took 0.226 seconds
[2024-09-15T07:24:07.026+0000] {processor.py:186} INFO - Started process (PID=2058) to work on /home/airflow/.local/lib/python3.12/site-packages/airflow/example_dags/example_skip_dag.py
[2024-09-15T07:24:07.028+0000] {processor.py:914} INFO - Processing file /home/airflow/.local/lib/python3.12/site-packages/airflow/example_dags/example_skip_dag.py for tasks to queue
[2024-09-15T07:24:07.031+0000] {logging_mixin.py:190} INFO - [2024-09-15T07:24:07.030+0000] {dagbag.py:587} INFO - Filling up the DagBag from /home/airflow/.local/lib/python3.12/site-packages/airflow/example_dags/example_skip_dag.py
[2024-09-15T07:24:07.046+0000] {processor.py:925} INFO - DAG(s) 'example_skip_dag' retrieved from /home/airflow/.local/lib/python3.12/site-packages/airflow/example_dags/example_skip_dag.py
[2024-09-15T07:24:07.090+0000] {logging_mixin.py:190} INFO - [2024-09-15T07:24:07.089+0000] {dag.py:3229} INFO - Sync 1 DAGs
[2024-09-15T07:24:07.146+0000] {logging_mixin.py:190} INFO - [2024-09-15T07:24:07.146+0000] {dag.py:4156} INFO - Setting next_dagrun for example_skip_dag to 2024-09-14 00:00:00+00:00, run_after=2024-09-15 00:00:00+00:00
[2024-09-15T07:24:07.185+0000] {processor.py:208} INFO - Processing /home/airflow/.local/lib/python3.12/site-packages/airflow/example_dags/example_skip_dag.py took 0.170 seconds
[2024-09-15T07:24:37.902+0000] {processor.py:186} INFO - Started process (PID=2120) to work on /home/airflow/.local/lib/python3.12/site-packages/airflow/example_dags/example_skip_dag.py
[2024-09-15T07:24:37.903+0000] {processor.py:914} INFO - Processing file /home/airflow/.local/lib/python3.12/site-packages/airflow/example_dags/example_skip_dag.py for tasks to queue
[2024-09-15T07:24:37.906+0000] {logging_mixin.py:190} INFO - [2024-09-15T07:24:37.905+0000] {dagbag.py:587} INFO - Filling up the DagBag from /home/airflow/.local/lib/python3.12/site-packages/airflow/example_dags/example_skip_dag.py
[2024-09-15T07:24:37.920+0000] {processor.py:925} INFO - DAG(s) 'example_skip_dag' retrieved from /home/airflow/.local/lib/python3.12/site-packages/airflow/example_dags/example_skip_dag.py
[2024-09-15T07:24:37.962+0000] {logging_mixin.py:190} INFO - [2024-09-15T07:24:37.961+0000] {dag.py:3229} INFO - Sync 1 DAGs
[2024-09-15T07:24:38.030+0000] {logging_mixin.py:190} INFO - [2024-09-15T07:24:38.030+0000] {dag.py:4156} INFO - Setting next_dagrun for example_skip_dag to 2024-09-14 00:00:00+00:00, run_after=2024-09-15 00:00:00+00:00
[2024-09-15T07:24:38.075+0000] {processor.py:208} INFO - Processing /home/airflow/.local/lib/python3.12/site-packages/airflow/example_dags/example_skip_dag.py took 0.184 seconds
[2024-09-15T07:25:08.775+0000] {processor.py:186} INFO - Started process (PID=2181) to work on /home/airflow/.local/lib/python3.12/site-packages/airflow/example_dags/example_skip_dag.py
[2024-09-15T07:25:08.777+0000] {processor.py:914} INFO - Processing file /home/airflow/.local/lib/python3.12/site-packages/airflow/example_dags/example_skip_dag.py for tasks to queue
[2024-09-15T07:25:08.780+0000] {logging_mixin.py:190} INFO - [2024-09-15T07:25:08.779+0000] {dagbag.py:587} INFO - Filling up the DagBag from /home/airflow/.local/lib/python3.12/site-packages/airflow/example_dags/example_skip_dag.py
[2024-09-15T07:25:08.803+0000] {processor.py:925} INFO - DAG(s) 'example_skip_dag' retrieved from /home/airflow/.local/lib/python3.12/site-packages/airflow/example_dags/example_skip_dag.py
[2024-09-15T07:25:08.860+0000] {logging_mixin.py:190} INFO - [2024-09-15T07:25:08.859+0000] {dag.py:3229} INFO - Sync 1 DAGs
[2024-09-15T07:25:08.924+0000] {logging_mixin.py:190} INFO - [2024-09-15T07:25:08.923+0000] {dag.py:4156} INFO - Setting next_dagrun for example_skip_dag to 2024-09-14 00:00:00+00:00, run_after=2024-09-15 00:00:00+00:00
[2024-09-15T07:25:08.962+0000] {processor.py:208} INFO - Processing /home/airflow/.local/lib/python3.12/site-packages/airflow/example_dags/example_skip_dag.py took 0.200 seconds
[2024-09-15T08:02:17.596+0000] {processor.py:186} INFO - Started process (PID=2239) to work on /home/airflow/.local/lib/python3.12/site-packages/airflow/example_dags/example_skip_dag.py
[2024-09-15T08:02:17.612+0000] {processor.py:914} INFO - Processing file /home/airflow/.local/lib/python3.12/site-packages/airflow/example_dags/example_skip_dag.py for tasks to queue
[2024-09-15T08:02:17.627+0000] {logging_mixin.py:190} INFO - [2024-09-15T08:02:17.619+0000] {dagbag.py:587} INFO - Filling up the DagBag from /home/airflow/.local/lib/python3.12/site-packages/airflow/example_dags/example_skip_dag.py
[2024-09-15T08:02:17.654+0000] {processor.py:925} INFO - DAG(s) 'example_skip_dag' retrieved from /home/airflow/.local/lib/python3.12/site-packages/airflow/example_dags/example_skip_dag.py
[2024-09-15T08:02:17.778+0000] {logging_mixin.py:190} INFO - [2024-09-15T08:02:17.777+0000] {dag.py:3229} INFO - Sync 1 DAGs
[2024-09-15T08:02:17.949+0000] {logging_mixin.py:190} INFO - [2024-09-15T08:02:17.945+0000] {dag.py:4156} INFO - Setting next_dagrun for example_skip_dag to 2024-09-14 00:00:00+00:00, run_after=2024-09-15 00:00:00+00:00
[2024-09-15T08:02:18.069+0000] {processor.py:208} INFO - Processing /home/airflow/.local/lib/python3.12/site-packages/airflow/example_dags/example_skip_dag.py took 0.504 seconds
[2024-09-15T08:04:51.521+0000] {processor.py:186} INFO - Started process (PID=2308) to work on /home/airflow/.local/lib/python3.12/site-packages/airflow/example_dags/example_skip_dag.py
[2024-09-15T08:04:51.525+0000] {processor.py:914} INFO - Processing file /home/airflow/.local/lib/python3.12/site-packages/airflow/example_dags/example_skip_dag.py for tasks to queue
[2024-09-15T08:04:51.528+0000] {logging_mixin.py:190} INFO - [2024-09-15T08:04:51.527+0000] {dagbag.py:587} INFO - Filling up the DagBag from /home/airflow/.local/lib/python3.12/site-packages/airflow/example_dags/example_skip_dag.py
[2024-09-15T08:04:51.546+0000] {processor.py:925} INFO - DAG(s) 'example_skip_dag' retrieved from /home/airflow/.local/lib/python3.12/site-packages/airflow/example_dags/example_skip_dag.py
[2024-09-15T08:04:51.594+0000] {logging_mixin.py:190} INFO - [2024-09-15T08:04:51.593+0000] {dag.py:3229} INFO - Sync 1 DAGs
[2024-09-15T08:04:51.643+0000] {logging_mixin.py:190} INFO - [2024-09-15T08:04:51.643+0000] {dag.py:4156} INFO - Setting next_dagrun for example_skip_dag to 2024-09-14 00:00:00+00:00, run_after=2024-09-15 00:00:00+00:00
[2024-09-15T08:04:51.680+0000] {processor.py:208} INFO - Processing /home/airflow/.local/lib/python3.12/site-packages/airflow/example_dags/example_skip_dag.py took 0.169 seconds
[2024-09-15T08:05:22.049+0000] {processor.py:186} INFO - Started process (PID=2370) to work on /home/airflow/.local/lib/python3.12/site-packages/airflow/example_dags/example_skip_dag.py
[2024-09-15T08:05:22.051+0000] {processor.py:914} INFO - Processing file /home/airflow/.local/lib/python3.12/site-packages/airflow/example_dags/example_skip_dag.py for tasks to queue
[2024-09-15T08:05:22.055+0000] {logging_mixin.py:190} INFO - [2024-09-15T08:05:22.054+0000] {dagbag.py:587} INFO - Filling up the DagBag from /home/airflow/.local/lib/python3.12/site-packages/airflow/example_dags/example_skip_dag.py
[2024-09-15T08:05:22.080+0000] {processor.py:925} INFO - DAG(s) 'example_skip_dag' retrieved from /home/airflow/.local/lib/python3.12/site-packages/airflow/example_dags/example_skip_dag.py
[2024-09-15T08:05:22.147+0000] {logging_mixin.py:190} INFO - [2024-09-15T08:05:22.146+0000] {dag.py:3229} INFO - Sync 1 DAGs
[2024-09-15T08:05:22.218+0000] {logging_mixin.py:190} INFO - [2024-09-15T08:05:22.217+0000] {dag.py:4156} INFO - Setting next_dagrun for example_skip_dag to 2024-09-14 00:00:00+00:00, run_after=2024-09-15 00:00:00+00:00
[2024-09-15T08:05:22.262+0000] {processor.py:208} INFO - Processing /home/airflow/.local/lib/python3.12/site-packages/airflow/example_dags/example_skip_dag.py took 0.230 seconds
[2024-09-15T08:05:52.988+0000] {processor.py:186} INFO - Started process (PID=2433) to work on /home/airflow/.local/lib/python3.12/site-packages/airflow/example_dags/example_skip_dag.py
[2024-09-15T08:05:52.990+0000] {processor.py:914} INFO - Processing file /home/airflow/.local/lib/python3.12/site-packages/airflow/example_dags/example_skip_dag.py for tasks to queue
[2024-09-15T08:05:52.993+0000] {logging_mixin.py:190} INFO - [2024-09-15T08:05:52.993+0000] {dagbag.py:587} INFO - Filling up the DagBag from /home/airflow/.local/lib/python3.12/site-packages/airflow/example_dags/example_skip_dag.py
[2024-09-15T08:05:53.009+0000] {processor.py:925} INFO - DAG(s) 'example_skip_dag' retrieved from /home/airflow/.local/lib/python3.12/site-packages/airflow/example_dags/example_skip_dag.py
[2024-09-15T08:05:53.060+0000] {logging_mixin.py:190} INFO - [2024-09-15T08:05:53.060+0000] {dag.py:3229} INFO - Sync 1 DAGs
[2024-09-15T08:05:53.134+0000] {logging_mixin.py:190} INFO - [2024-09-15T08:05:53.134+0000] {dag.py:4156} INFO - Setting next_dagrun for example_skip_dag to 2024-09-14 00:00:00+00:00, run_after=2024-09-15 00:00:00+00:00
[2024-09-15T08:05:53.247+0000] {processor.py:208} INFO - Processing /home/airflow/.local/lib/python3.12/site-packages/airflow/example_dags/example_skip_dag.py took 0.269 seconds
[2024-09-15T08:06:23.597+0000] {processor.py:186} INFO - Started process (PID=2495) to work on /home/airflow/.local/lib/python3.12/site-packages/airflow/example_dags/example_skip_dag.py
[2024-09-15T08:06:23.599+0000] {processor.py:914} INFO - Processing file /home/airflow/.local/lib/python3.12/site-packages/airflow/example_dags/example_skip_dag.py for tasks to queue
[2024-09-15T08:06:23.602+0000] {logging_mixin.py:190} INFO - [2024-09-15T08:06:23.601+0000] {dagbag.py:587} INFO - Filling up the DagBag from /home/airflow/.local/lib/python3.12/site-packages/airflow/example_dags/example_skip_dag.py
[2024-09-15T08:06:23.618+0000] {processor.py:925} INFO - DAG(s) 'example_skip_dag' retrieved from /home/airflow/.local/lib/python3.12/site-packages/airflow/example_dags/example_skip_dag.py
[2024-09-15T08:06:23.674+0000] {logging_mixin.py:190} INFO - [2024-09-15T08:06:23.673+0000] {dag.py:3229} INFO - Sync 1 DAGs
[2024-09-15T08:06:23.733+0000] {logging_mixin.py:190} INFO - [2024-09-15T08:06:23.732+0000] {dag.py:4156} INFO - Setting next_dagrun for example_skip_dag to 2024-09-14 00:00:00+00:00, run_after=2024-09-15 00:00:00+00:00
[2024-09-15T08:06:23.780+0000] {processor.py:208} INFO - Processing /home/airflow/.local/lib/python3.12/site-packages/airflow/example_dags/example_skip_dag.py took 0.194 seconds
[2024-09-15T08:06:55.756+0000] {processor.py:186} INFO - Started process (PID=2559) to work on /home/airflow/.local/lib/python3.12/site-packages/airflow/example_dags/example_skip_dag.py
[2024-09-15T08:06:55.761+0000] {processor.py:914} INFO - Processing file /home/airflow/.local/lib/python3.12/site-packages/airflow/example_dags/example_skip_dag.py for tasks to queue
[2024-09-15T08:06:55.778+0000] {logging_mixin.py:190} INFO - [2024-09-15T08:06:55.777+0000] {dagbag.py:587} INFO - Filling up the DagBag from /home/airflow/.local/lib/python3.12/site-packages/airflow/example_dags/example_skip_dag.py
[2024-09-15T08:06:55.811+0000] {processor.py:925} INFO - DAG(s) 'example_skip_dag' retrieved from /home/airflow/.local/lib/python3.12/site-packages/airflow/example_dags/example_skip_dag.py
[2024-09-15T08:06:55.878+0000] {logging_mixin.py:190} INFO - [2024-09-15T08:06:55.877+0000] {dag.py:3229} INFO - Sync 1 DAGs
[2024-09-15T08:06:55.954+0000] {logging_mixin.py:190} INFO - [2024-09-15T08:06:55.954+0000] {dag.py:4156} INFO - Setting next_dagrun for example_skip_dag to 2024-09-14 00:00:00+00:00, run_after=2024-09-15 00:00:00+00:00
[2024-09-15T08:06:56.082+0000] {processor.py:208} INFO - Processing /home/airflow/.local/lib/python3.12/site-packages/airflow/example_dags/example_skip_dag.py took 0.366 seconds
[2024-09-15T08:07:27.153+0000] {processor.py:186} INFO - Started process (PID=2621) to work on /home/airflow/.local/lib/python3.12/site-packages/airflow/example_dags/example_skip_dag.py
[2024-09-15T08:07:27.155+0000] {processor.py:914} INFO - Processing file /home/airflow/.local/lib/python3.12/site-packages/airflow/example_dags/example_skip_dag.py for tasks to queue
[2024-09-15T08:07:27.159+0000] {logging_mixin.py:190} INFO - [2024-09-15T08:07:27.158+0000] {dagbag.py:587} INFO - Filling up the DagBag from /home/airflow/.local/lib/python3.12/site-packages/airflow/example_dags/example_skip_dag.py
[2024-09-15T08:07:27.182+0000] {processor.py:925} INFO - DAG(s) 'example_skip_dag' retrieved from /home/airflow/.local/lib/python3.12/site-packages/airflow/example_dags/example_skip_dag.py
[2024-09-15T08:07:27.243+0000] {logging_mixin.py:190} INFO - [2024-09-15T08:07:27.242+0000] {dag.py:3229} INFO - Sync 1 DAGs
[2024-09-15T08:07:27.309+0000] {logging_mixin.py:190} INFO - [2024-09-15T08:07:27.309+0000] {dag.py:4156} INFO - Setting next_dagrun for example_skip_dag to 2024-09-14 00:00:00+00:00, run_after=2024-09-15 00:00:00+00:00
[2024-09-15T08:07:27.384+0000] {processor.py:208} INFO - Processing /home/airflow/.local/lib/python3.12/site-packages/airflow/example_dags/example_skip_dag.py took 0.251 seconds
[2024-09-15T08:07:57.813+0000] {processor.py:186} INFO - Started process (PID=2683) to work on /home/airflow/.local/lib/python3.12/site-packages/airflow/example_dags/example_skip_dag.py
[2024-09-15T08:07:57.816+0000] {processor.py:914} INFO - Processing file /home/airflow/.local/lib/python3.12/site-packages/airflow/example_dags/example_skip_dag.py for tasks to queue
[2024-09-15T08:07:57.819+0000] {logging_mixin.py:190} INFO - [2024-09-15T08:07:57.818+0000] {dagbag.py:587} INFO - Filling up the DagBag from /home/airflow/.local/lib/python3.12/site-packages/airflow/example_dags/example_skip_dag.py
[2024-09-15T08:07:57.839+0000] {processor.py:925} INFO - DAG(s) 'example_skip_dag' retrieved from /home/airflow/.local/lib/python3.12/site-packages/airflow/example_dags/example_skip_dag.py
[2024-09-15T08:07:57.878+0000] {logging_mixin.py:190} INFO - [2024-09-15T08:07:57.877+0000] {dag.py:3229} INFO - Sync 1 DAGs
[2024-09-15T08:07:57.927+0000] {logging_mixin.py:190} INFO - [2024-09-15T08:07:57.927+0000] {dag.py:4156} INFO - Setting next_dagrun for example_skip_dag to 2024-09-14 00:00:00+00:00, run_after=2024-09-15 00:00:00+00:00
[2024-09-15T08:07:57.982+0000] {processor.py:208} INFO - Processing /home/airflow/.local/lib/python3.12/site-packages/airflow/example_dags/example_skip_dag.py took 0.180 seconds
[2024-09-15T08:16:29.247+0000] {processor.py:186} INFO - Started process (PID=3111) to work on /home/airflow/.local/lib/python3.12/site-packages/airflow/example_dags/example_skip_dag.py
[2024-09-15T08:16:29.252+0000] {processor.py:914} INFO - Processing file /home/airflow/.local/lib/python3.12/site-packages/airflow/example_dags/example_skip_dag.py for tasks to queue
[2024-09-15T08:16:29.256+0000] {logging_mixin.py:190} INFO - [2024-09-15T08:16:29.255+0000] {dagbag.py:587} INFO - Filling up the DagBag from /home/airflow/.local/lib/python3.12/site-packages/airflow/example_dags/example_skip_dag.py
[2024-09-15T08:16:29.299+0000] {processor.py:925} INFO - DAG(s) 'example_skip_dag' retrieved from /home/airflow/.local/lib/python3.12/site-packages/airflow/example_dags/example_skip_dag.py
[2024-09-15T08:16:29.425+0000] {logging_mixin.py:190} INFO - [2024-09-15T08:16:29.422+0000] {dag.py:3229} INFO - Sync 1 DAGs
[2024-09-15T08:16:29.543+0000] {logging_mixin.py:190} INFO - [2024-09-15T08:16:29.543+0000] {dag.py:4156} INFO - Setting next_dagrun for example_skip_dag to 2024-09-14 00:00:00+00:00, run_after=2024-09-15 00:00:00+00:00
[2024-09-15T08:16:29.617+0000] {processor.py:208} INFO - Processing /home/airflow/.local/lib/python3.12/site-packages/airflow/example_dags/example_skip_dag.py took 0.385 seconds
[2024-09-15T08:18:41.924+0000] {processor.py:186} INFO - Started process (PID=3149) to work on /home/airflow/.local/lib/python3.12/site-packages/airflow/example_dags/example_skip_dag.py
[2024-09-15T08:18:41.926+0000] {processor.py:914} INFO - Processing file /home/airflow/.local/lib/python3.12/site-packages/airflow/example_dags/example_skip_dag.py for tasks to queue
[2024-09-15T08:18:41.928+0000] {logging_mixin.py:190} INFO - [2024-09-15T08:18:41.927+0000] {dagbag.py:587} INFO - Filling up the DagBag from /home/airflow/.local/lib/python3.12/site-packages/airflow/example_dags/example_skip_dag.py
[2024-09-15T08:18:41.944+0000] {processor.py:925} INFO - DAG(s) 'example_skip_dag' retrieved from /home/airflow/.local/lib/python3.12/site-packages/airflow/example_dags/example_skip_dag.py
[2024-09-15T08:18:41.984+0000] {logging_mixin.py:190} INFO - [2024-09-15T08:18:41.984+0000] {dag.py:3229} INFO - Sync 1 DAGs
[2024-09-15T08:18:42.037+0000] {logging_mixin.py:190} INFO - [2024-09-15T08:18:42.037+0000] {dag.py:4156} INFO - Setting next_dagrun for example_skip_dag to 2024-09-14 00:00:00+00:00, run_after=2024-09-15 00:00:00+00:00
[2024-09-15T08:18:42.076+0000] {processor.py:208} INFO - Processing /home/airflow/.local/lib/python3.12/site-packages/airflow/example_dags/example_skip_dag.py took 0.162 seconds
[2024-09-15T08:19:14.065+0000] {processor.py:186} INFO - Started process (PID=3212) to work on /home/airflow/.local/lib/python3.12/site-packages/airflow/example_dags/example_skip_dag.py
[2024-09-15T08:19:14.068+0000] {processor.py:914} INFO - Processing file /home/airflow/.local/lib/python3.12/site-packages/airflow/example_dags/example_skip_dag.py for tasks to queue
[2024-09-15T08:19:14.072+0000] {logging_mixin.py:190} INFO - [2024-09-15T08:19:14.071+0000] {dagbag.py:587} INFO - Filling up the DagBag from /home/airflow/.local/lib/python3.12/site-packages/airflow/example_dags/example_skip_dag.py
[2024-09-15T08:19:14.098+0000] {processor.py:925} INFO - DAG(s) 'example_skip_dag' retrieved from /home/airflow/.local/lib/python3.12/site-packages/airflow/example_dags/example_skip_dag.py
[2024-09-15T08:19:14.163+0000] {logging_mixin.py:190} INFO - [2024-09-15T08:19:14.163+0000] {dag.py:3229} INFO - Sync 1 DAGs
[2024-09-15T08:19:14.239+0000] {logging_mixin.py:190} INFO - [2024-09-15T08:19:14.238+0000] {dag.py:4156} INFO - Setting next_dagrun for example_skip_dag to 2024-09-14 00:00:00+00:00, run_after=2024-09-15 00:00:00+00:00
[2024-09-15T08:19:14.300+0000] {processor.py:208} INFO - Processing /home/airflow/.local/lib/python3.12/site-packages/airflow/example_dags/example_skip_dag.py took 0.249 seconds
[2024-09-15T08:19:44.724+0000] {processor.py:186} INFO - Started process (PID=3274) to work on /home/airflow/.local/lib/python3.12/site-packages/airflow/example_dags/example_skip_dag.py
[2024-09-15T08:19:44.726+0000] {processor.py:914} INFO - Processing file /home/airflow/.local/lib/python3.12/site-packages/airflow/example_dags/example_skip_dag.py for tasks to queue
[2024-09-15T08:19:44.731+0000] {logging_mixin.py:190} INFO - [2024-09-15T08:19:44.730+0000] {dagbag.py:587} INFO - Filling up the DagBag from /home/airflow/.local/lib/python3.12/site-packages/airflow/example_dags/example_skip_dag.py
[2024-09-15T08:19:44.751+0000] {processor.py:925} INFO - DAG(s) 'example_skip_dag' retrieved from /home/airflow/.local/lib/python3.12/site-packages/airflow/example_dags/example_skip_dag.py
[2024-09-15T08:19:44.808+0000] {logging_mixin.py:190} INFO - [2024-09-15T08:19:44.806+0000] {dag.py:3229} INFO - Sync 1 DAGs
[2024-09-15T08:19:44.909+0000] {logging_mixin.py:190} INFO - [2024-09-15T08:19:44.908+0000] {dag.py:4156} INFO - Setting next_dagrun for example_skip_dag to 2024-09-14 00:00:00+00:00, run_after=2024-09-15 00:00:00+00:00
[2024-09-15T08:19:44.958+0000] {processor.py:208} INFO - Processing /home/airflow/.local/lib/python3.12/site-packages/airflow/example_dags/example_skip_dag.py took 0.248 seconds
[2024-09-15T08:20:15.107+0000] {processor.py:186} INFO - Started process (PID=3335) to work on /home/airflow/.local/lib/python3.12/site-packages/airflow/example_dags/example_skip_dag.py
[2024-09-15T08:20:15.109+0000] {processor.py:914} INFO - Processing file /home/airflow/.local/lib/python3.12/site-packages/airflow/example_dags/example_skip_dag.py for tasks to queue
[2024-09-15T08:20:15.112+0000] {logging_mixin.py:190} INFO - [2024-09-15T08:20:15.112+0000] {dagbag.py:587} INFO - Filling up the DagBag from /home/airflow/.local/lib/python3.12/site-packages/airflow/example_dags/example_skip_dag.py
[2024-09-15T08:20:15.133+0000] {processor.py:925} INFO - DAG(s) 'example_skip_dag' retrieved from /home/airflow/.local/lib/python3.12/site-packages/airflow/example_dags/example_skip_dag.py
[2024-09-15T08:20:15.177+0000] {logging_mixin.py:190} INFO - [2024-09-15T08:20:15.176+0000] {dag.py:3229} INFO - Sync 1 DAGs
[2024-09-15T08:20:15.246+0000] {logging_mixin.py:190} INFO - [2024-09-15T08:20:15.245+0000] {dag.py:4156} INFO - Setting next_dagrun for example_skip_dag to 2024-09-14 00:00:00+00:00, run_after=2024-09-15 00:00:00+00:00
[2024-09-15T08:20:15.288+0000] {processor.py:208} INFO - Processing /home/airflow/.local/lib/python3.12/site-packages/airflow/example_dags/example_skip_dag.py took 0.193 seconds
[2024-09-15T08:21:50.592+0000] {processor.py:186} INFO - Started process (PID=3399) to work on /home/airflow/.local/lib/python3.12/site-packages/airflow/example_dags/example_skip_dag.py
[2024-09-15T08:21:50.594+0000] {processor.py:914} INFO - Processing file /home/airflow/.local/lib/python3.12/site-packages/airflow/example_dags/example_skip_dag.py for tasks to queue
[2024-09-15T08:21:50.597+0000] {logging_mixin.py:190} INFO - [2024-09-15T08:21:50.596+0000] {dagbag.py:587} INFO - Filling up the DagBag from /home/airflow/.local/lib/python3.12/site-packages/airflow/example_dags/example_skip_dag.py
[2024-09-15T08:21:50.621+0000] {processor.py:925} INFO - DAG(s) 'example_skip_dag' retrieved from /home/airflow/.local/lib/python3.12/site-packages/airflow/example_dags/example_skip_dag.py
[2024-09-15T08:21:50.666+0000] {logging_mixin.py:190} INFO - [2024-09-15T08:21:50.665+0000] {dag.py:3229} INFO - Sync 1 DAGs
[2024-09-15T08:21:50.722+0000] {logging_mixin.py:190} INFO - [2024-09-15T08:21:50.722+0000] {dag.py:4156} INFO - Setting next_dagrun for example_skip_dag to 2024-09-14 00:00:00+00:00, run_after=2024-09-15 00:00:00+00:00
[2024-09-15T08:21:50.761+0000] {processor.py:208} INFO - Processing /home/airflow/.local/lib/python3.12/site-packages/airflow/example_dags/example_skip_dag.py took 0.181 seconds
[2024-09-15T08:22:25.864+0000] {processor.py:186} INFO - Started process (PID=3461) to work on /home/airflow/.local/lib/python3.12/site-packages/airflow/example_dags/example_skip_dag.py
[2024-09-15T08:22:25.867+0000] {processor.py:914} INFO - Processing file /home/airflow/.local/lib/python3.12/site-packages/airflow/example_dags/example_skip_dag.py for tasks to queue
[2024-09-15T08:22:25.871+0000] {logging_mixin.py:190} INFO - [2024-09-15T08:22:25.870+0000] {dagbag.py:587} INFO - Filling up the DagBag from /home/airflow/.local/lib/python3.12/site-packages/airflow/example_dags/example_skip_dag.py
[2024-09-15T08:22:25.910+0000] {processor.py:925} INFO - DAG(s) 'example_skip_dag' retrieved from /home/airflow/.local/lib/python3.12/site-packages/airflow/example_dags/example_skip_dag.py
[2024-09-15T08:22:25.964+0000] {logging_mixin.py:190} INFO - [2024-09-15T08:22:25.964+0000] {dag.py:3229} INFO - Sync 1 DAGs
[2024-09-15T08:22:26.029+0000] {logging_mixin.py:190} INFO - [2024-09-15T08:22:26.028+0000] {dag.py:4156} INFO - Setting next_dagrun for example_skip_dag to 2024-09-14 00:00:00+00:00, run_after=2024-09-15 00:00:00+00:00
[2024-09-15T08:22:26.091+0000] {processor.py:208} INFO - Processing /home/airflow/.local/lib/python3.12/site-packages/airflow/example_dags/example_skip_dag.py took 0.244 seconds
[2024-09-15T08:22:56.792+0000] {processor.py:186} INFO - Started process (PID=3522) to work on /home/airflow/.local/lib/python3.12/site-packages/airflow/example_dags/example_skip_dag.py
[2024-09-15T08:22:56.794+0000] {processor.py:914} INFO - Processing file /home/airflow/.local/lib/python3.12/site-packages/airflow/example_dags/example_skip_dag.py for tasks to queue
[2024-09-15T08:22:56.798+0000] {logging_mixin.py:190} INFO - [2024-09-15T08:22:56.797+0000] {dagbag.py:587} INFO - Filling up the DagBag from /home/airflow/.local/lib/python3.12/site-packages/airflow/example_dags/example_skip_dag.py
[2024-09-15T08:22:56.821+0000] {processor.py:925} INFO - DAG(s) 'example_skip_dag' retrieved from /home/airflow/.local/lib/python3.12/site-packages/airflow/example_dags/example_skip_dag.py
[2024-09-15T08:22:56.863+0000] {logging_mixin.py:190} INFO - [2024-09-15T08:22:56.863+0000] {dag.py:3229} INFO - Sync 1 DAGs
[2024-09-15T08:22:57.284+0000] {logging_mixin.py:190} INFO - [2024-09-15T08:22:57.283+0000] {dag.py:4156} INFO - Setting next_dagrun for example_skip_dag to 2024-09-14 00:00:00+00:00, run_after=2024-09-15 00:00:00+00:00
[2024-09-15T08:22:57.325+0000] {processor.py:208} INFO - Processing /home/airflow/.local/lib/python3.12/site-packages/airflow/example_dags/example_skip_dag.py took 0.546 seconds
[2024-09-15T08:23:27.591+0000] {processor.py:186} INFO - Started process (PID=3583) to work on /home/airflow/.local/lib/python3.12/site-packages/airflow/example_dags/example_skip_dag.py
[2024-09-15T08:23:27.594+0000] {processor.py:914} INFO - Processing file /home/airflow/.local/lib/python3.12/site-packages/airflow/example_dags/example_skip_dag.py for tasks to queue
[2024-09-15T08:23:27.597+0000] {logging_mixin.py:190} INFO - [2024-09-15T08:23:27.596+0000] {dagbag.py:587} INFO - Filling up the DagBag from /home/airflow/.local/lib/python3.12/site-packages/airflow/example_dags/example_skip_dag.py
[2024-09-15T08:23:27.615+0000] {processor.py:925} INFO - DAG(s) 'example_skip_dag' retrieved from /home/airflow/.local/lib/python3.12/site-packages/airflow/example_dags/example_skip_dag.py
[2024-09-15T08:23:27.654+0000] {logging_mixin.py:190} INFO - [2024-09-15T08:23:27.653+0000] {dag.py:3229} INFO - Sync 1 DAGs
[2024-09-15T08:23:27.699+0000] {logging_mixin.py:190} INFO - [2024-09-15T08:23:27.699+0000] {dag.py:4156} INFO - Setting next_dagrun for example_skip_dag to 2024-09-14 00:00:00+00:00, run_after=2024-09-15 00:00:00+00:00
[2024-09-15T08:23:27.743+0000] {processor.py:208} INFO - Processing /home/airflow/.local/lib/python3.12/site-packages/airflow/example_dags/example_skip_dag.py took 0.165 seconds
[2024-09-15T08:23:58.478+0000] {processor.py:186} INFO - Started process (PID=3645) to work on /home/airflow/.local/lib/python3.12/site-packages/airflow/example_dags/example_skip_dag.py
[2024-09-15T08:23:58.481+0000] {processor.py:914} INFO - Processing file /home/airflow/.local/lib/python3.12/site-packages/airflow/example_dags/example_skip_dag.py for tasks to queue
[2024-09-15T08:23:58.486+0000] {logging_mixin.py:190} INFO - [2024-09-15T08:23:58.485+0000] {dagbag.py:587} INFO - Filling up the DagBag from /home/airflow/.local/lib/python3.12/site-packages/airflow/example_dags/example_skip_dag.py
[2024-09-15T08:23:58.510+0000] {processor.py:925} INFO - DAG(s) 'example_skip_dag' retrieved from /home/airflow/.local/lib/python3.12/site-packages/airflow/example_dags/example_skip_dag.py
[2024-09-15T08:23:58.559+0000] {logging_mixin.py:190} INFO - [2024-09-15T08:23:58.558+0000] {dag.py:3229} INFO - Sync 1 DAGs
[2024-09-15T08:23:58.619+0000] {logging_mixin.py:190} INFO - [2024-09-15T08:23:58.618+0000] {dag.py:4156} INFO - Setting next_dagrun for example_skip_dag to 2024-09-14 00:00:00+00:00, run_after=2024-09-15 00:00:00+00:00
[2024-09-15T08:23:58.667+0000] {processor.py:208} INFO - Processing /home/airflow/.local/lib/python3.12/site-packages/airflow/example_dags/example_skip_dag.py took 0.205 seconds
[2024-09-15T08:25:30.702+0000] {processor.py:186} INFO - Started process (PID=3717) to work on /home/airflow/.local/lib/python3.12/site-packages/airflow/example_dags/example_skip_dag.py
[2024-09-15T08:25:30.704+0000] {processor.py:914} INFO - Processing file /home/airflow/.local/lib/python3.12/site-packages/airflow/example_dags/example_skip_dag.py for tasks to queue
[2024-09-15T08:25:30.707+0000] {logging_mixin.py:190} INFO - [2024-09-15T08:25:30.706+0000] {dagbag.py:587} INFO - Filling up the DagBag from /home/airflow/.local/lib/python3.12/site-packages/airflow/example_dags/example_skip_dag.py
[2024-09-15T08:25:30.727+0000] {processor.py:925} INFO - DAG(s) 'example_skip_dag' retrieved from /home/airflow/.local/lib/python3.12/site-packages/airflow/example_dags/example_skip_dag.py
[2024-09-15T08:25:30.774+0000] {logging_mixin.py:190} INFO - [2024-09-15T08:25:30.773+0000] {dag.py:3229} INFO - Sync 1 DAGs
[2024-09-15T08:25:30.828+0000] {logging_mixin.py:190} INFO - [2024-09-15T08:25:30.828+0000] {dag.py:4156} INFO - Setting next_dagrun for example_skip_dag to 2024-09-14 00:00:00+00:00, run_after=2024-09-15 00:00:00+00:00
[2024-09-15T08:25:30.876+0000] {processor.py:208} INFO - Processing /home/airflow/.local/lib/python3.12/site-packages/airflow/example_dags/example_skip_dag.py took 0.189 seconds
[2024-09-15T08:26:02.091+0000] {processor.py:186} INFO - Started process (PID=3779) to work on /home/airflow/.local/lib/python3.12/site-packages/airflow/example_dags/example_skip_dag.py
[2024-09-15T08:26:02.093+0000] {processor.py:914} INFO - Processing file /home/airflow/.local/lib/python3.12/site-packages/airflow/example_dags/example_skip_dag.py for tasks to queue
[2024-09-15T08:26:02.097+0000] {logging_mixin.py:190} INFO - [2024-09-15T08:26:02.096+0000] {dagbag.py:587} INFO - Filling up the DagBag from /home/airflow/.local/lib/python3.12/site-packages/airflow/example_dags/example_skip_dag.py
[2024-09-15T08:26:02.116+0000] {processor.py:925} INFO - DAG(s) 'example_skip_dag' retrieved from /home/airflow/.local/lib/python3.12/site-packages/airflow/example_dags/example_skip_dag.py
[2024-09-15T08:26:02.183+0000] {logging_mixin.py:190} INFO - [2024-09-15T08:26:02.182+0000] {dag.py:3229} INFO - Sync 1 DAGs
[2024-09-15T08:26:02.249+0000] {logging_mixin.py:190} INFO - [2024-09-15T08:26:02.248+0000] {dag.py:4156} INFO - Setting next_dagrun for example_skip_dag to 2024-09-14 00:00:00+00:00, run_after=2024-09-15 00:00:00+00:00
[2024-09-15T08:26:02.309+0000] {processor.py:208} INFO - Processing /home/airflow/.local/lib/python3.12/site-packages/airflow/example_dags/example_skip_dag.py took 0.232 seconds
[2024-09-15T08:26:32.748+0000] {processor.py:186} INFO - Started process (PID=3841) to work on /home/airflow/.local/lib/python3.12/site-packages/airflow/example_dags/example_skip_dag.py
[2024-09-15T08:26:32.750+0000] {processor.py:914} INFO - Processing file /home/airflow/.local/lib/python3.12/site-packages/airflow/example_dags/example_skip_dag.py for tasks to queue
[2024-09-15T08:26:32.753+0000] {logging_mixin.py:190} INFO - [2024-09-15T08:26:32.752+0000] {dagbag.py:587} INFO - Filling up the DagBag from /home/airflow/.local/lib/python3.12/site-packages/airflow/example_dags/example_skip_dag.py
[2024-09-15T08:26:32.773+0000] {processor.py:925} INFO - DAG(s) 'example_skip_dag' retrieved from /home/airflow/.local/lib/python3.12/site-packages/airflow/example_dags/example_skip_dag.py
[2024-09-15T08:26:32.811+0000] {logging_mixin.py:190} INFO - [2024-09-15T08:26:32.810+0000] {dag.py:3229} INFO - Sync 1 DAGs
[2024-09-15T08:26:32.862+0000] {logging_mixin.py:190} INFO - [2024-09-15T08:26:32.862+0000] {dag.py:4156} INFO - Setting next_dagrun for example_skip_dag to 2024-09-14 00:00:00+00:00, run_after=2024-09-15 00:00:00+00:00
[2024-09-15T08:26:32.899+0000] {processor.py:208} INFO - Processing /home/airflow/.local/lib/python3.12/site-packages/airflow/example_dags/example_skip_dag.py took 0.162 seconds
[2024-09-15T08:27:03.145+0000] {processor.py:186} INFO - Started process (PID=3903) to work on /home/airflow/.local/lib/python3.12/site-packages/airflow/example_dags/example_skip_dag.py
[2024-09-15T08:27:03.146+0000] {processor.py:914} INFO - Processing file /home/airflow/.local/lib/python3.12/site-packages/airflow/example_dags/example_skip_dag.py for tasks to queue
[2024-09-15T08:27:03.149+0000] {logging_mixin.py:190} INFO - [2024-09-15T08:27:03.148+0000] {dagbag.py:587} INFO - Filling up the DagBag from /home/airflow/.local/lib/python3.12/site-packages/airflow/example_dags/example_skip_dag.py
[2024-09-15T08:27:03.163+0000] {processor.py:925} INFO - DAG(s) 'example_skip_dag' retrieved from /home/airflow/.local/lib/python3.12/site-packages/airflow/example_dags/example_skip_dag.py
[2024-09-15T08:27:03.208+0000] {logging_mixin.py:190} INFO - [2024-09-15T08:27:03.208+0000] {dag.py:3229} INFO - Sync 1 DAGs
[2024-09-15T08:27:03.260+0000] {logging_mixin.py:190} INFO - [2024-09-15T08:27:03.260+0000] {dag.py:4156} INFO - Setting next_dagrun for example_skip_dag to 2024-09-14 00:00:00+00:00, run_after=2024-09-15 00:00:00+00:00
[2024-09-15T08:27:03.298+0000] {processor.py:208} INFO - Processing /home/airflow/.local/lib/python3.12/site-packages/airflow/example_dags/example_skip_dag.py took 0.165 seconds
[2024-09-15T08:27:33.787+0000] {processor.py:186} INFO - Started process (PID=3965) to work on /home/airflow/.local/lib/python3.12/site-packages/airflow/example_dags/example_skip_dag.py
[2024-09-15T08:27:33.789+0000] {processor.py:914} INFO - Processing file /home/airflow/.local/lib/python3.12/site-packages/airflow/example_dags/example_skip_dag.py for tasks to queue
[2024-09-15T08:27:33.791+0000] {logging_mixin.py:190} INFO - [2024-09-15T08:27:33.791+0000] {dagbag.py:587} INFO - Filling up the DagBag from /home/airflow/.local/lib/python3.12/site-packages/airflow/example_dags/example_skip_dag.py
[2024-09-15T08:27:33.810+0000] {processor.py:925} INFO - DAG(s) 'example_skip_dag' retrieved from /home/airflow/.local/lib/python3.12/site-packages/airflow/example_dags/example_skip_dag.py
[2024-09-15T08:27:33.863+0000] {logging_mixin.py:190} INFO - [2024-09-15T08:27:33.863+0000] {dag.py:3229} INFO - Sync 1 DAGs
[2024-09-15T08:27:33.916+0000] {logging_mixin.py:190} INFO - [2024-09-15T08:27:33.915+0000] {dag.py:4156} INFO - Setting next_dagrun for example_skip_dag to 2024-09-14 00:00:00+00:00, run_after=2024-09-15 00:00:00+00:00
[2024-09-15T08:27:33.959+0000] {processor.py:208} INFO - Processing /home/airflow/.local/lib/python3.12/site-packages/airflow/example_dags/example_skip_dag.py took 0.186 seconds
[2024-09-15T08:28:04.824+0000] {processor.py:186} INFO - Started process (PID=4027) to work on /home/airflow/.local/lib/python3.12/site-packages/airflow/example_dags/example_skip_dag.py
[2024-09-15T08:28:04.825+0000] {processor.py:914} INFO - Processing file /home/airflow/.local/lib/python3.12/site-packages/airflow/example_dags/example_skip_dag.py for tasks to queue
[2024-09-15T08:28:04.828+0000] {logging_mixin.py:190} INFO - [2024-09-15T08:28:04.827+0000] {dagbag.py:587} INFO - Filling up the DagBag from /home/airflow/.local/lib/python3.12/site-packages/airflow/example_dags/example_skip_dag.py
[2024-09-15T08:28:04.843+0000] {processor.py:925} INFO - DAG(s) 'example_skip_dag' retrieved from /home/airflow/.local/lib/python3.12/site-packages/airflow/example_dags/example_skip_dag.py
[2024-09-15T08:28:04.882+0000] {logging_mixin.py:190} INFO - [2024-09-15T08:28:04.881+0000] {dag.py:3229} INFO - Sync 1 DAGs
[2024-09-15T08:28:04.932+0000] {logging_mixin.py:190} INFO - [2024-09-15T08:28:04.931+0000] {dag.py:4156} INFO - Setting next_dagrun for example_skip_dag to 2024-09-14 00:00:00+00:00, run_after=2024-09-15 00:00:00+00:00
[2024-09-15T08:28:04.972+0000] {processor.py:208} INFO - Processing /home/airflow/.local/lib/python3.12/site-packages/airflow/example_dags/example_skip_dag.py took 0.158 seconds
[2024-09-15T08:31:09.846+0000] {processor.py:186} INFO - Started process (PID=4111) to work on /home/airflow/.local/lib/python3.12/site-packages/airflow/example_dags/example_skip_dag.py
[2024-09-15T08:31:09.849+0000] {processor.py:914} INFO - Processing file /home/airflow/.local/lib/python3.12/site-packages/airflow/example_dags/example_skip_dag.py for tasks to queue
[2024-09-15T08:31:09.853+0000] {logging_mixin.py:190} INFO - [2024-09-15T08:31:09.852+0000] {dagbag.py:587} INFO - Filling up the DagBag from /home/airflow/.local/lib/python3.12/site-packages/airflow/example_dags/example_skip_dag.py
[2024-09-15T08:31:09.872+0000] {processor.py:925} INFO - DAG(s) 'example_skip_dag' retrieved from /home/airflow/.local/lib/python3.12/site-packages/airflow/example_dags/example_skip_dag.py
[2024-09-15T08:31:09.926+0000] {logging_mixin.py:190} INFO - [2024-09-15T08:31:09.925+0000] {dag.py:3229} INFO - Sync 1 DAGs
[2024-09-15T08:31:10.010+0000] {logging_mixin.py:190} INFO - [2024-09-15T08:31:10.010+0000] {dag.py:4156} INFO - Setting next_dagrun for example_skip_dag to 2024-09-14 00:00:00+00:00, run_after=2024-09-15 00:00:00+00:00
[2024-09-15T08:31:10.059+0000] {processor.py:208} INFO - Processing /home/airflow/.local/lib/python3.12/site-packages/airflow/example_dags/example_skip_dag.py took 0.234 seconds
[2024-09-15T08:31:41.343+0000] {processor.py:186} INFO - Started process (PID=4173) to work on /home/airflow/.local/lib/python3.12/site-packages/airflow/example_dags/example_skip_dag.py
[2024-09-15T08:31:41.353+0000] {processor.py:914} INFO - Processing file /home/airflow/.local/lib/python3.12/site-packages/airflow/example_dags/example_skip_dag.py for tasks to queue
[2024-09-15T08:31:41.359+0000] {logging_mixin.py:190} INFO - [2024-09-15T08:31:41.357+0000] {dagbag.py:587} INFO - Filling up the DagBag from /home/airflow/.local/lib/python3.12/site-packages/airflow/example_dags/example_skip_dag.py
[2024-09-15T08:31:41.412+0000] {processor.py:925} INFO - DAG(s) 'example_skip_dag' retrieved from /home/airflow/.local/lib/python3.12/site-packages/airflow/example_dags/example_skip_dag.py
[2024-09-15T08:31:41.533+0000] {logging_mixin.py:190} INFO - [2024-09-15T08:31:41.532+0000] {dag.py:3229} INFO - Sync 1 DAGs
[2024-09-15T08:31:41.606+0000] {logging_mixin.py:190} INFO - [2024-09-15T08:31:41.606+0000] {dag.py:4156} INFO - Setting next_dagrun for example_skip_dag to 2024-09-14 00:00:00+00:00, run_after=2024-09-15 00:00:00+00:00
[2024-09-15T08:31:41.672+0000] {processor.py:208} INFO - Processing /home/airflow/.local/lib/python3.12/site-packages/airflow/example_dags/example_skip_dag.py took 0.355 seconds
[2024-09-15T08:32:11.838+0000] {processor.py:186} INFO - Started process (PID=4236) to work on /home/airflow/.local/lib/python3.12/site-packages/airflow/example_dags/example_skip_dag.py
[2024-09-15T08:32:11.840+0000] {processor.py:914} INFO - Processing file /home/airflow/.local/lib/python3.12/site-packages/airflow/example_dags/example_skip_dag.py for tasks to queue
[2024-09-15T08:32:11.842+0000] {logging_mixin.py:190} INFO - [2024-09-15T08:32:11.842+0000] {dagbag.py:587} INFO - Filling up the DagBag from /home/airflow/.local/lib/python3.12/site-packages/airflow/example_dags/example_skip_dag.py
[2024-09-15T08:32:11.869+0000] {processor.py:925} INFO - DAG(s) 'example_skip_dag' retrieved from /home/airflow/.local/lib/python3.12/site-packages/airflow/example_dags/example_skip_dag.py
[2024-09-15T08:32:11.935+0000] {logging_mixin.py:190} INFO - [2024-09-15T08:32:11.934+0000] {dag.py:3229} INFO - Sync 1 DAGs
[2024-09-15T08:32:11.996+0000] {logging_mixin.py:190} INFO - [2024-09-15T08:32:11.995+0000] {dag.py:4156} INFO - Setting next_dagrun for example_skip_dag to 2024-09-14 00:00:00+00:00, run_after=2024-09-15 00:00:00+00:00
[2024-09-15T08:32:12.045+0000] {processor.py:208} INFO - Processing /home/airflow/.local/lib/python3.12/site-packages/airflow/example_dags/example_skip_dag.py took 0.220 seconds
[2024-09-15T08:32:42.812+0000] {processor.py:186} INFO - Started process (PID=4299) to work on /home/airflow/.local/lib/python3.12/site-packages/airflow/example_dags/example_skip_dag.py
[2024-09-15T08:32:42.814+0000] {processor.py:914} INFO - Processing file /home/airflow/.local/lib/python3.12/site-packages/airflow/example_dags/example_skip_dag.py for tasks to queue
[2024-09-15T08:32:42.818+0000] {logging_mixin.py:190} INFO - [2024-09-15T08:32:42.817+0000] {dagbag.py:587} INFO - Filling up the DagBag from /home/airflow/.local/lib/python3.12/site-packages/airflow/example_dags/example_skip_dag.py
[2024-09-15T08:32:42.839+0000] {processor.py:925} INFO - DAG(s) 'example_skip_dag' retrieved from /home/airflow/.local/lib/python3.12/site-packages/airflow/example_dags/example_skip_dag.py
[2024-09-15T08:32:42.898+0000] {logging_mixin.py:190} INFO - [2024-09-15T08:32:42.898+0000] {dag.py:3229} INFO - Sync 1 DAGs
[2024-09-15T08:32:42.976+0000] {logging_mixin.py:190} INFO - [2024-09-15T08:32:42.976+0000] {dag.py:4156} INFO - Setting next_dagrun for example_skip_dag to 2024-09-14 00:00:00+00:00, run_after=2024-09-15 00:00:00+00:00
[2024-09-15T08:32:43.030+0000] {processor.py:208} INFO - Processing /home/airflow/.local/lib/python3.12/site-packages/airflow/example_dags/example_skip_dag.py took 0.234 seconds
