[2024-09-15T06:52:24.346+0000] {processor.py:186} INFO - Started process (PID=70) to work on /home/airflow/.local/lib/python3.12/site-packages/airflow/example_dags/example_xcom.py
[2024-09-15T06:52:24.391+0000] {processor.py:914} INFO - Processing file /home/airflow/.local/lib/python3.12/site-packages/airflow/example_dags/example_xcom.py for tasks to queue
[2024-09-15T06:52:24.496+0000] {logging_mixin.py:190} INFO - [2024-09-15T06:52:24.449+0000] {dagbag.py:587} INFO - Filling up the DagBag from /home/airflow/.local/lib/python3.12/site-packages/airflow/example_dags/example_xcom.py
[2024-09-15T06:52:25.065+0000] {processor.py:925} INFO - DAG(s) 'example_xcom' retrieved from /home/airflow/.local/lib/python3.12/site-packages/airflow/example_dags/example_xcom.py
[2024-09-15T06:52:29.783+0000] {logging_mixin.py:190} INFO - [2024-09-15T06:52:29.776+0000] {override.py:1900} INFO - Created Permission View: can delete on DAG:example_xcom
[2024-09-15T06:52:30.287+0000] {logging_mixin.py:190} INFO - [2024-09-15T06:52:30.286+0000] {override.py:1900} INFO - Created Permission View: can edit on DAG:example_xcom
[2024-09-15T06:52:30.355+0000] {logging_mixin.py:190} INFO - [2024-09-15T06:52:30.354+0000] {override.py:1900} INFO - Created Permission View: can read on DAG:example_xcom
[2024-09-15T06:52:30.460+0000] {logging_mixin.py:190} INFO - [2024-09-15T06:52:30.459+0000] {override.py:1900} INFO - Created Permission View: can delete on DAG Run:example_xcom
[2024-09-15T06:52:30.574+0000] {logging_mixin.py:190} INFO - [2024-09-15T06:52:30.573+0000] {override.py:1900} INFO - Created Permission View: can create on DAG Run:example_xcom
[2024-09-15T06:52:30.608+0000] {logging_mixin.py:190} INFO - [2024-09-15T06:52:30.607+0000] {override.py:1900} INFO - Created Permission View: can read on DAG Run:example_xcom
[2024-09-15T06:52:30.679+0000] {logging_mixin.py:190} INFO - [2024-09-15T06:52:30.678+0000] {override.py:1900} INFO - Created Permission View: menu access on DAG Run:example_xcom
[2024-09-15T06:52:30.683+0000] {logging_mixin.py:190} INFO - [2024-09-15T06:52:30.682+0000] {dag.py:3229} INFO - Sync 1 DAGs
[2024-09-15T06:52:30.991+0000] {logging_mixin.py:190} INFO - [2024-09-15T06:52:30.988+0000] {dag.py:3252} INFO - Creating ORM DAG for example_xcom
[2024-09-15T06:52:31.790+0000] {logging_mixin.py:190} INFO - [2024-09-15T06:52:31.789+0000] {dag.py:4156} INFO - Setting next_dagrun for example_xcom to 2021-01-01 00:00:00+00:00, run_after=2021-01-01 00:00:00+00:00
[2024-09-15T06:52:31.993+0000] {processor.py:208} INFO - Processing /home/airflow/.local/lib/python3.12/site-packages/airflow/example_dags/example_xcom.py took 7.878 seconds
[2024-09-15T06:54:07.012+0000] {processor.py:186} INFO - Started process (PID=137) to work on /home/airflow/.local/lib/python3.12/site-packages/airflow/example_dags/example_xcom.py
[2024-09-15T06:54:07.015+0000] {processor.py:914} INFO - Processing file /home/airflow/.local/lib/python3.12/site-packages/airflow/example_dags/example_xcom.py for tasks to queue
[2024-09-15T06:54:07.020+0000] {logging_mixin.py:190} INFO - [2024-09-15T06:54:07.019+0000] {dagbag.py:587} INFO - Filling up the DagBag from /home/airflow/.local/lib/python3.12/site-packages/airflow/example_dags/example_xcom.py
[2024-09-15T06:54:07.049+0000] {processor.py:925} INFO - DAG(s) 'example_xcom' retrieved from /home/airflow/.local/lib/python3.12/site-packages/airflow/example_dags/example_xcom.py
[2024-09-15T06:54:07.109+0000] {logging_mixin.py:190} INFO - [2024-09-15T06:54:07.109+0000] {dag.py:3229} INFO - Sync 1 DAGs
[2024-09-15T06:54:07.240+0000] {logging_mixin.py:190} INFO - [2024-09-15T06:54:07.239+0000] {dag.py:4156} INFO - Setting next_dagrun for example_xcom to 2021-01-01 00:00:00+00:00, run_after=2021-01-01 00:00:00+00:00
[2024-09-15T06:54:07.329+0000] {processor.py:208} INFO - Processing /home/airflow/.local/lib/python3.12/site-packages/airflow/example_dags/example_xcom.py took 0.330 seconds
[2024-09-15T06:54:37.592+0000] {processor.py:186} INFO - Started process (PID=198) to work on /home/airflow/.local/lib/python3.12/site-packages/airflow/example_dags/example_xcom.py
[2024-09-15T06:54:37.596+0000] {processor.py:914} INFO - Processing file /home/airflow/.local/lib/python3.12/site-packages/airflow/example_dags/example_xcom.py for tasks to queue
[2024-09-15T06:54:37.605+0000] {logging_mixin.py:190} INFO - [2024-09-15T06:54:37.604+0000] {dagbag.py:587} INFO - Filling up the DagBag from /home/airflow/.local/lib/python3.12/site-packages/airflow/example_dags/example_xcom.py
[2024-09-15T06:54:37.641+0000] {processor.py:925} INFO - DAG(s) 'example_xcom' retrieved from /home/airflow/.local/lib/python3.12/site-packages/airflow/example_dags/example_xcom.py
[2024-09-15T06:54:37.712+0000] {logging_mixin.py:190} INFO - [2024-09-15T06:54:37.711+0000] {dag.py:3229} INFO - Sync 1 DAGs
[2024-09-15T06:54:37.782+0000] {logging_mixin.py:190} INFO - [2024-09-15T06:54:37.782+0000] {dag.py:4156} INFO - Setting next_dagrun for example_xcom to 2021-01-01 00:00:00+00:00, run_after=2021-01-01 00:00:00+00:00
[2024-09-15T06:54:37.860+0000] {processor.py:208} INFO - Processing /home/airflow/.local/lib/python3.12/site-packages/airflow/example_dags/example_xcom.py took 0.301 seconds
[2024-09-15T06:55:10.009+0000] {processor.py:186} INFO - Started process (PID=260) to work on /home/airflow/.local/lib/python3.12/site-packages/airflow/example_dags/example_xcom.py
[2024-09-15T06:55:10.014+0000] {processor.py:914} INFO - Processing file /home/airflow/.local/lib/python3.12/site-packages/airflow/example_dags/example_xcom.py for tasks to queue
[2024-09-15T06:55:10.023+0000] {logging_mixin.py:190} INFO - [2024-09-15T06:55:10.022+0000] {dagbag.py:587} INFO - Filling up the DagBag from /home/airflow/.local/lib/python3.12/site-packages/airflow/example_dags/example_xcom.py
[2024-09-15T06:55:10.083+0000] {processor.py:925} INFO - DAG(s) 'example_xcom' retrieved from /home/airflow/.local/lib/python3.12/site-packages/airflow/example_dags/example_xcom.py
[2024-09-15T06:55:10.243+0000] {logging_mixin.py:190} INFO - [2024-09-15T06:55:10.230+0000] {dag.py:3229} INFO - Sync 1 DAGs
[2024-09-15T06:55:10.438+0000] {logging_mixin.py:190} INFO - [2024-09-15T06:55:10.437+0000] {dag.py:4156} INFO - Setting next_dagrun for example_xcom to 2021-01-01 00:00:00+00:00, run_after=2021-01-01 00:00:00+00:00
[2024-09-15T06:55:10.587+0000] {processor.py:208} INFO - Processing /home/airflow/.local/lib/python3.12/site-packages/airflow/example_dags/example_xcom.py took 0.611 seconds
[2024-09-15T06:57:44.024+0000] {processor.py:186} INFO - Started process (PID=305) to work on /home/airflow/.local/lib/python3.12/site-packages/airflow/example_dags/example_xcom.py
[2024-09-15T06:57:44.032+0000] {processor.py:914} INFO - Processing file /home/airflow/.local/lib/python3.12/site-packages/airflow/example_dags/example_xcom.py for tasks to queue
[2024-09-15T06:57:44.039+0000] {logging_mixin.py:190} INFO - [2024-09-15T06:57:44.038+0000] {dagbag.py:587} INFO - Filling up the DagBag from /home/airflow/.local/lib/python3.12/site-packages/airflow/example_dags/example_xcom.py
[2024-09-15T06:57:44.168+0000] {processor.py:925} INFO - DAG(s) 'example_xcom' retrieved from /home/airflow/.local/lib/python3.12/site-packages/airflow/example_dags/example_xcom.py
[2024-09-15T06:57:44.265+0000] {logging_mixin.py:190} INFO - [2024-09-15T06:57:44.264+0000] {dag.py:3229} INFO - Sync 1 DAGs
[2024-09-15T06:57:44.799+0000] {logging_mixin.py:190} INFO - [2024-09-15T06:57:44.797+0000] {dag.py:4156} INFO - Setting next_dagrun for example_xcom to 2021-01-01 00:00:00+00:00, run_after=2021-01-01 00:00:00+00:00
[2024-09-15T06:57:44.974+0000] {processor.py:208} INFO - Processing /home/airflow/.local/lib/python3.12/site-packages/airflow/example_dags/example_xcom.py took 0.975 seconds
[2024-09-15T06:58:15.738+0000] {processor.py:186} INFO - Started process (PID=367) to work on /home/airflow/.local/lib/python3.12/site-packages/airflow/example_dags/example_xcom.py
[2024-09-15T06:58:15.741+0000] {processor.py:914} INFO - Processing file /home/airflow/.local/lib/python3.12/site-packages/airflow/example_dags/example_xcom.py for tasks to queue
[2024-09-15T06:58:15.745+0000] {logging_mixin.py:190} INFO - [2024-09-15T06:58:15.744+0000] {dagbag.py:587} INFO - Filling up the DagBag from /home/airflow/.local/lib/python3.12/site-packages/airflow/example_dags/example_xcom.py
[2024-09-15T06:58:15.766+0000] {processor.py:925} INFO - DAG(s) 'example_xcom' retrieved from /home/airflow/.local/lib/python3.12/site-packages/airflow/example_dags/example_xcom.py
[2024-09-15T06:58:15.841+0000] {logging_mixin.py:190} INFO - [2024-09-15T06:58:15.840+0000] {dag.py:3229} INFO - Sync 1 DAGs
[2024-09-15T06:58:15.900+0000] {logging_mixin.py:190} INFO - [2024-09-15T06:58:15.899+0000] {dag.py:4156} INFO - Setting next_dagrun for example_xcom to 2021-01-01 00:00:00+00:00, run_after=2021-01-01 00:00:00+00:00
[2024-09-15T06:58:15.940+0000] {processor.py:208} INFO - Processing /home/airflow/.local/lib/python3.12/site-packages/airflow/example_dags/example_xcom.py took 0.215 seconds
[2024-09-15T06:58:46.472+0000] {processor.py:186} INFO - Started process (PID=429) to work on /home/airflow/.local/lib/python3.12/site-packages/airflow/example_dags/example_xcom.py
[2024-09-15T06:58:46.474+0000] {processor.py:914} INFO - Processing file /home/airflow/.local/lib/python3.12/site-packages/airflow/example_dags/example_xcom.py for tasks to queue
[2024-09-15T06:58:46.477+0000] {logging_mixin.py:190} INFO - [2024-09-15T06:58:46.476+0000] {dagbag.py:587} INFO - Filling up the DagBag from /home/airflow/.local/lib/python3.12/site-packages/airflow/example_dags/example_xcom.py
[2024-09-15T06:58:46.492+0000] {processor.py:925} INFO - DAG(s) 'example_xcom' retrieved from /home/airflow/.local/lib/python3.12/site-packages/airflow/example_dags/example_xcom.py
[2024-09-15T06:58:46.536+0000] {logging_mixin.py:190} INFO - [2024-09-15T06:58:46.536+0000] {dag.py:3229} INFO - Sync 1 DAGs
[2024-09-15T06:58:46.579+0000] {logging_mixin.py:190} INFO - [2024-09-15T06:58:46.579+0000] {dag.py:4156} INFO - Setting next_dagrun for example_xcom to 2021-01-01 00:00:00+00:00, run_after=2021-01-01 00:00:00+00:00
[2024-09-15T06:58:46.625+0000] {processor.py:208} INFO - Processing /home/airflow/.local/lib/python3.12/site-packages/airflow/example_dags/example_xcom.py took 0.166 seconds
[2024-09-15T06:59:16.832+0000] {processor.py:186} INFO - Started process (PID=491) to work on /home/airflow/.local/lib/python3.12/site-packages/airflow/example_dags/example_xcom.py
[2024-09-15T06:59:16.833+0000] {processor.py:914} INFO - Processing file /home/airflow/.local/lib/python3.12/site-packages/airflow/example_dags/example_xcom.py for tasks to queue
[2024-09-15T06:59:16.836+0000] {logging_mixin.py:190} INFO - [2024-09-15T06:59:16.835+0000] {dagbag.py:587} INFO - Filling up the DagBag from /home/airflow/.local/lib/python3.12/site-packages/airflow/example_dags/example_xcom.py
[2024-09-15T06:59:16.851+0000] {processor.py:925} INFO - DAG(s) 'example_xcom' retrieved from /home/airflow/.local/lib/python3.12/site-packages/airflow/example_dags/example_xcom.py
[2024-09-15T06:59:16.893+0000] {logging_mixin.py:190} INFO - [2024-09-15T06:59:16.892+0000] {dag.py:3229} INFO - Sync 1 DAGs
[2024-09-15T06:59:16.935+0000] {logging_mixin.py:190} INFO - [2024-09-15T06:59:16.934+0000] {dag.py:4156} INFO - Setting next_dagrun for example_xcom to 2021-01-01 00:00:00+00:00, run_after=2021-01-01 00:00:00+00:00
[2024-09-15T06:59:16.980+0000] {processor.py:208} INFO - Processing /home/airflow/.local/lib/python3.12/site-packages/airflow/example_dags/example_xcom.py took 0.159 seconds
[2024-09-15T06:59:47.255+0000] {processor.py:186} INFO - Started process (PID=553) to work on /home/airflow/.local/lib/python3.12/site-packages/airflow/example_dags/example_xcom.py
[2024-09-15T06:59:47.257+0000] {processor.py:914} INFO - Processing file /home/airflow/.local/lib/python3.12/site-packages/airflow/example_dags/example_xcom.py for tasks to queue
[2024-09-15T06:59:47.260+0000] {logging_mixin.py:190} INFO - [2024-09-15T06:59:47.259+0000] {dagbag.py:587} INFO - Filling up the DagBag from /home/airflow/.local/lib/python3.12/site-packages/airflow/example_dags/example_xcom.py
[2024-09-15T06:59:47.283+0000] {processor.py:925} INFO - DAG(s) 'example_xcom' retrieved from /home/airflow/.local/lib/python3.12/site-packages/airflow/example_dags/example_xcom.py
[2024-09-15T06:59:47.330+0000] {logging_mixin.py:190} INFO - [2024-09-15T06:59:47.329+0000] {dag.py:3229} INFO - Sync 1 DAGs
[2024-09-15T06:59:47.399+0000] {logging_mixin.py:190} INFO - [2024-09-15T06:59:47.399+0000] {dag.py:4156} INFO - Setting next_dagrun for example_xcom to 2021-01-01 00:00:00+00:00, run_after=2021-01-01 00:00:00+00:00
[2024-09-15T06:59:47.437+0000] {processor.py:208} INFO - Processing /home/airflow/.local/lib/python3.12/site-packages/airflow/example_dags/example_xcom.py took 0.196 seconds
[2024-09-15T07:00:33.012+0000] {processor.py:186} INFO - Started process (PID=609) to work on /home/airflow/.local/lib/python3.12/site-packages/airflow/example_dags/example_xcom.py
[2024-09-15T07:00:33.015+0000] {processor.py:914} INFO - Processing file /home/airflow/.local/lib/python3.12/site-packages/airflow/example_dags/example_xcom.py for tasks to queue
[2024-09-15T07:00:33.019+0000] {logging_mixin.py:190} INFO - [2024-09-15T07:00:33.017+0000] {dagbag.py:587} INFO - Filling up the DagBag from /home/airflow/.local/lib/python3.12/site-packages/airflow/example_dags/example_xcom.py
[2024-09-15T07:00:33.059+0000] {processor.py:925} INFO - DAG(s) 'example_xcom' retrieved from /home/airflow/.local/lib/python3.12/site-packages/airflow/example_dags/example_xcom.py
[2024-09-15T07:00:33.447+0000] {logging_mixin.py:190} INFO - [2024-09-15T07:00:33.446+0000] {dag.py:3229} INFO - Sync 1 DAGs
[2024-09-15T07:00:33.547+0000] {logging_mixin.py:190} INFO - [2024-09-15T07:00:33.547+0000] {dag.py:4156} INFO - Setting next_dagrun for example_xcom to 2021-01-01 00:00:00+00:00, run_after=2021-01-01 00:00:00+00:00
[2024-09-15T07:00:33.622+0000] {processor.py:208} INFO - Processing /home/airflow/.local/lib/python3.12/site-packages/airflow/example_dags/example_xcom.py took 0.631 seconds
[2024-09-15T07:01:04.180+0000] {processor.py:186} INFO - Started process (PID=671) to work on /home/airflow/.local/lib/python3.12/site-packages/airflow/example_dags/example_xcom.py
[2024-09-15T07:01:04.182+0000] {processor.py:914} INFO - Processing file /home/airflow/.local/lib/python3.12/site-packages/airflow/example_dags/example_xcom.py for tasks to queue
[2024-09-15T07:01:04.185+0000] {logging_mixin.py:190} INFO - [2024-09-15T07:01:04.185+0000] {dagbag.py:587} INFO - Filling up the DagBag from /home/airflow/.local/lib/python3.12/site-packages/airflow/example_dags/example_xcom.py
[2024-09-15T07:01:04.207+0000] {processor.py:925} INFO - DAG(s) 'example_xcom' retrieved from /home/airflow/.local/lib/python3.12/site-packages/airflow/example_dags/example_xcom.py
[2024-09-15T07:01:04.271+0000] {logging_mixin.py:190} INFO - [2024-09-15T07:01:04.271+0000] {dag.py:3229} INFO - Sync 1 DAGs
[2024-09-15T07:01:04.327+0000] {logging_mixin.py:190} INFO - [2024-09-15T07:01:04.327+0000] {dag.py:4156} INFO - Setting next_dagrun for example_xcom to 2021-01-01 00:00:00+00:00, run_after=2021-01-01 00:00:00+00:00
[2024-09-15T07:01:04.383+0000] {processor.py:208} INFO - Processing /home/airflow/.local/lib/python3.12/site-packages/airflow/example_dags/example_xcom.py took 0.212 seconds
[2024-09-15T07:04:30.094+0000] {processor.py:186} INFO - Started process (PID=686) to work on /home/airflow/.local/lib/python3.12/site-packages/airflow/example_dags/example_xcom.py
[2024-09-15T07:04:30.102+0000] {processor.py:914} INFO - Processing file /home/airflow/.local/lib/python3.12/site-packages/airflow/example_dags/example_xcom.py for tasks to queue
[2024-09-15T07:04:30.108+0000] {logging_mixin.py:190} INFO - [2024-09-15T07:04:30.108+0000] {dagbag.py:587} INFO - Filling up the DagBag from /home/airflow/.local/lib/python3.12/site-packages/airflow/example_dags/example_xcom.py
[2024-09-15T07:04:30.186+0000] {processor.py:925} INFO - DAG(s) 'example_xcom' retrieved from /home/airflow/.local/lib/python3.12/site-packages/airflow/example_dags/example_xcom.py
[2024-09-15T07:04:35.393+0000] {logging_mixin.py:190} INFO - [2024-09-15T07:04:35.383+0000] {dag.py:3229} INFO - Sync 1 DAGs
[2024-09-15T07:04:35.474+0000] {logging_mixin.py:190} INFO - [2024-09-15T07:04:35.474+0000] {dag.py:4156} INFO - Setting next_dagrun for example_xcom to 2021-01-01 00:00:00+00:00, run_after=2021-01-01 00:00:00+00:00
[2024-09-15T07:04:35.533+0000] {processor.py:208} INFO - Processing /home/airflow/.local/lib/python3.12/site-packages/airflow/example_dags/example_xcom.py took 5.546 seconds
[2024-09-15T07:05:06.597+0000] {processor.py:186} INFO - Started process (PID=747) to work on /home/airflow/.local/lib/python3.12/site-packages/airflow/example_dags/example_xcom.py
[2024-09-15T07:05:06.599+0000] {processor.py:914} INFO - Processing file /home/airflow/.local/lib/python3.12/site-packages/airflow/example_dags/example_xcom.py for tasks to queue
[2024-09-15T07:05:06.602+0000] {logging_mixin.py:190} INFO - [2024-09-15T07:05:06.602+0000] {dagbag.py:587} INFO - Filling up the DagBag from /home/airflow/.local/lib/python3.12/site-packages/airflow/example_dags/example_xcom.py
[2024-09-15T07:05:06.627+0000] {processor.py:925} INFO - DAG(s) 'example_xcom' retrieved from /home/airflow/.local/lib/python3.12/site-packages/airflow/example_dags/example_xcom.py
[2024-09-15T07:05:06.680+0000] {logging_mixin.py:190} INFO - [2024-09-15T07:05:06.679+0000] {dag.py:3229} INFO - Sync 1 DAGs
[2024-09-15T07:05:06.758+0000] {logging_mixin.py:190} INFO - [2024-09-15T07:05:06.757+0000] {dag.py:4156} INFO - Setting next_dagrun for example_xcom to 2021-01-01 00:00:00+00:00, run_after=2021-01-01 00:00:00+00:00
[2024-09-15T07:05:06.824+0000] {processor.py:208} INFO - Processing /home/airflow/.local/lib/python3.12/site-packages/airflow/example_dags/example_xcom.py took 0.243 seconds
[2024-09-15T07:05:36.934+0000] {processor.py:186} INFO - Started process (PID=809) to work on /home/airflow/.local/lib/python3.12/site-packages/airflow/example_dags/example_xcom.py
[2024-09-15T07:05:36.936+0000] {processor.py:914} INFO - Processing file /home/airflow/.local/lib/python3.12/site-packages/airflow/example_dags/example_xcom.py for tasks to queue
[2024-09-15T07:05:36.938+0000] {logging_mixin.py:190} INFO - [2024-09-15T07:05:36.938+0000] {dagbag.py:587} INFO - Filling up the DagBag from /home/airflow/.local/lib/python3.12/site-packages/airflow/example_dags/example_xcom.py
[2024-09-15T07:05:36.954+0000] {processor.py:925} INFO - DAG(s) 'example_xcom' retrieved from /home/airflow/.local/lib/python3.12/site-packages/airflow/example_dags/example_xcom.py
[2024-09-15T07:05:36.991+0000] {logging_mixin.py:190} INFO - [2024-09-15T07:05:36.991+0000] {dag.py:3229} INFO - Sync 1 DAGs
[2024-09-15T07:05:37.035+0000] {logging_mixin.py:190} INFO - [2024-09-15T07:05:37.035+0000] {dag.py:4156} INFO - Setting next_dagrun for example_xcom to 2021-01-01 00:00:00+00:00, run_after=2021-01-01 00:00:00+00:00
[2024-09-15T07:05:37.079+0000] {processor.py:208} INFO - Processing /home/airflow/.local/lib/python3.12/site-packages/airflow/example_dags/example_xcom.py took 0.155 seconds
[2024-09-15T07:06:07.189+0000] {processor.py:186} INFO - Started process (PID=871) to work on /home/airflow/.local/lib/python3.12/site-packages/airflow/example_dags/example_xcom.py
[2024-09-15T07:06:07.190+0000] {processor.py:914} INFO - Processing file /home/airflow/.local/lib/python3.12/site-packages/airflow/example_dags/example_xcom.py for tasks to queue
[2024-09-15T07:06:07.193+0000] {logging_mixin.py:190} INFO - [2024-09-15T07:06:07.192+0000] {dagbag.py:587} INFO - Filling up the DagBag from /home/airflow/.local/lib/python3.12/site-packages/airflow/example_dags/example_xcom.py
[2024-09-15T07:06:07.214+0000] {processor.py:925} INFO - DAG(s) 'example_xcom' retrieved from /home/airflow/.local/lib/python3.12/site-packages/airflow/example_dags/example_xcom.py
[2024-09-15T07:06:07.251+0000] {logging_mixin.py:190} INFO - [2024-09-15T07:06:07.251+0000] {dag.py:3229} INFO - Sync 1 DAGs
[2024-09-15T07:06:07.290+0000] {logging_mixin.py:190} INFO - [2024-09-15T07:06:07.290+0000] {dag.py:4156} INFO - Setting next_dagrun for example_xcom to 2021-01-01 00:00:00+00:00, run_after=2021-01-01 00:00:00+00:00
[2024-09-15T07:06:07.327+0000] {processor.py:208} INFO - Processing /home/airflow/.local/lib/python3.12/site-packages/airflow/example_dags/example_xcom.py took 0.149 seconds
[2024-09-15T07:06:37.987+0000] {processor.py:186} INFO - Started process (PID=932) to work on /home/airflow/.local/lib/python3.12/site-packages/airflow/example_dags/example_xcom.py
[2024-09-15T07:06:37.989+0000] {processor.py:914} INFO - Processing file /home/airflow/.local/lib/python3.12/site-packages/airflow/example_dags/example_xcom.py for tasks to queue
[2024-09-15T07:06:37.991+0000] {logging_mixin.py:190} INFO - [2024-09-15T07:06:37.990+0000] {dagbag.py:587} INFO - Filling up the DagBag from /home/airflow/.local/lib/python3.12/site-packages/airflow/example_dags/example_xcom.py
[2024-09-15T07:06:38.014+0000] {processor.py:925} INFO - DAG(s) 'example_xcom' retrieved from /home/airflow/.local/lib/python3.12/site-packages/airflow/example_dags/example_xcom.py
[2024-09-15T07:06:38.068+0000] {logging_mixin.py:190} INFO - [2024-09-15T07:06:38.067+0000] {dag.py:3229} INFO - Sync 1 DAGs
[2024-09-15T07:06:38.131+0000] {logging_mixin.py:190} INFO - [2024-09-15T07:06:38.131+0000] {dag.py:4156} INFO - Setting next_dagrun for example_xcom to 2021-01-01 00:00:00+00:00, run_after=2021-01-01 00:00:00+00:00
[2024-09-15T07:06:38.179+0000] {processor.py:208} INFO - Processing /home/airflow/.local/lib/python3.12/site-packages/airflow/example_dags/example_xcom.py took 0.207 seconds
[2024-09-15T07:07:08.747+0000] {processor.py:186} INFO - Started process (PID=995) to work on /home/airflow/.local/lib/python3.12/site-packages/airflow/example_dags/example_xcom.py
[2024-09-15T07:07:08.752+0000] {processor.py:914} INFO - Processing file /home/airflow/.local/lib/python3.12/site-packages/airflow/example_dags/example_xcom.py for tasks to queue
[2024-09-15T07:07:08.757+0000] {logging_mixin.py:190} INFO - [2024-09-15T07:07:08.755+0000] {dagbag.py:587} INFO - Filling up the DagBag from /home/airflow/.local/lib/python3.12/site-packages/airflow/example_dags/example_xcom.py
[2024-09-15T07:07:08.836+0000] {processor.py:925} INFO - DAG(s) 'example_xcom' retrieved from /home/airflow/.local/lib/python3.12/site-packages/airflow/example_dags/example_xcom.py
[2024-09-15T07:07:24.230+0000] {logging_mixin.py:190} INFO - [2024-09-15T07:07:24.222+0000] {dag.py:3229} INFO - Sync 1 DAGs
[2024-09-15T07:07:24.361+0000] {logging_mixin.py:190} INFO - [2024-09-15T07:07:24.360+0000] {dag.py:4156} INFO - Setting next_dagrun for example_xcom to 2021-01-01 00:00:00+00:00, run_after=2021-01-01 00:00:00+00:00
[2024-09-15T07:07:24.424+0000] {processor.py:208} INFO - Processing /home/airflow/.local/lib/python3.12/site-packages/airflow/example_dags/example_xcom.py took 15.702 seconds
[2024-09-15T07:07:54.853+0000] {processor.py:186} INFO - Started process (PID=1057) to work on /home/airflow/.local/lib/python3.12/site-packages/airflow/example_dags/example_xcom.py
[2024-09-15T07:07:54.855+0000] {processor.py:914} INFO - Processing file /home/airflow/.local/lib/python3.12/site-packages/airflow/example_dags/example_xcom.py for tasks to queue
[2024-09-15T07:07:54.857+0000] {logging_mixin.py:190} INFO - [2024-09-15T07:07:54.857+0000] {dagbag.py:587} INFO - Filling up the DagBag from /home/airflow/.local/lib/python3.12/site-packages/airflow/example_dags/example_xcom.py
[2024-09-15T07:07:54.875+0000] {processor.py:925} INFO - DAG(s) 'example_xcom' retrieved from /home/airflow/.local/lib/python3.12/site-packages/airflow/example_dags/example_xcom.py
[2024-09-15T07:07:54.930+0000] {logging_mixin.py:190} INFO - [2024-09-15T07:07:54.930+0000] {dag.py:3229} INFO - Sync 1 DAGs
[2024-09-15T07:07:55.006+0000] {logging_mixin.py:190} INFO - [2024-09-15T07:07:55.005+0000] {dag.py:4156} INFO - Setting next_dagrun for example_xcom to 2021-01-01 00:00:00+00:00, run_after=2021-01-01 00:00:00+00:00
[2024-09-15T07:07:55.064+0000] {processor.py:208} INFO - Processing /home/airflow/.local/lib/python3.12/site-packages/airflow/example_dags/example_xcom.py took 0.224 seconds
[2024-09-15T07:12:16.734+0000] {processor.py:186} INFO - Started process (PID=1103) to work on /home/airflow/.local/lib/python3.12/site-packages/airflow/example_dags/example_xcom.py
[2024-09-15T07:12:16.737+0000] {processor.py:914} INFO - Processing file /home/airflow/.local/lib/python3.12/site-packages/airflow/example_dags/example_xcom.py for tasks to queue
[2024-09-15T07:12:16.742+0000] {logging_mixin.py:190} INFO - [2024-09-15T07:12:16.740+0000] {dagbag.py:587} INFO - Filling up the DagBag from /home/airflow/.local/lib/python3.12/site-packages/airflow/example_dags/example_xcom.py
[2024-09-15T07:12:16.777+0000] {processor.py:925} INFO - DAG(s) 'example_xcom' retrieved from /home/airflow/.local/lib/python3.12/site-packages/airflow/example_dags/example_xcom.py
[2024-09-15T07:12:16.842+0000] {logging_mixin.py:190} INFO - [2024-09-15T07:12:16.841+0000] {dag.py:3229} INFO - Sync 1 DAGs
[2024-09-15T07:12:16.963+0000] {logging_mixin.py:190} INFO - [2024-09-15T07:12:16.962+0000] {dag.py:4156} INFO - Setting next_dagrun for example_xcom to 2021-01-01 00:00:00+00:00, run_after=2021-01-01 00:00:00+00:00
[2024-09-15T07:12:17.011+0000] {processor.py:208} INFO - Processing /home/airflow/.local/lib/python3.12/site-packages/airflow/example_dags/example_xcom.py took 0.294 seconds
[2024-09-15T07:12:47.763+0000] {processor.py:186} INFO - Started process (PID=1171) to work on /home/airflow/.local/lib/python3.12/site-packages/airflow/example_dags/example_xcom.py
[2024-09-15T07:12:47.765+0000] {processor.py:914} INFO - Processing file /home/airflow/.local/lib/python3.12/site-packages/airflow/example_dags/example_xcom.py for tasks to queue
[2024-09-15T07:12:47.769+0000] {logging_mixin.py:190} INFO - [2024-09-15T07:12:47.768+0000] {dagbag.py:587} INFO - Filling up the DagBag from /home/airflow/.local/lib/python3.12/site-packages/airflow/example_dags/example_xcom.py
[2024-09-15T07:12:47.798+0000] {processor.py:925} INFO - DAG(s) 'example_xcom' retrieved from /home/airflow/.local/lib/python3.12/site-packages/airflow/example_dags/example_xcom.py
[2024-09-15T07:12:47.886+0000] {logging_mixin.py:190} INFO - [2024-09-15T07:12:47.885+0000] {dag.py:3229} INFO - Sync 1 DAGs
[2024-09-15T07:12:47.956+0000] {logging_mixin.py:190} INFO - [2024-09-15T07:12:47.956+0000] {dag.py:4156} INFO - Setting next_dagrun for example_xcom to 2021-01-01 00:00:00+00:00, run_after=2021-01-01 00:00:00+00:00
[2024-09-15T07:12:48.003+0000] {processor.py:208} INFO - Processing /home/airflow/.local/lib/python3.12/site-packages/airflow/example_dags/example_xcom.py took 0.258 seconds
[2024-09-15T07:13:18.991+0000] {processor.py:186} INFO - Started process (PID=1233) to work on /home/airflow/.local/lib/python3.12/site-packages/airflow/example_dags/example_xcom.py
[2024-09-15T07:13:18.994+0000] {processor.py:914} INFO - Processing file /home/airflow/.local/lib/python3.12/site-packages/airflow/example_dags/example_xcom.py for tasks to queue
[2024-09-15T07:13:18.996+0000] {logging_mixin.py:190} INFO - [2024-09-15T07:13:18.996+0000] {dagbag.py:587} INFO - Filling up the DagBag from /home/airflow/.local/lib/python3.12/site-packages/airflow/example_dags/example_xcom.py
[2024-09-15T07:13:19.016+0000] {processor.py:925} INFO - DAG(s) 'example_xcom' retrieved from /home/airflow/.local/lib/python3.12/site-packages/airflow/example_dags/example_xcom.py
[2024-09-15T07:13:19.057+0000] {logging_mixin.py:190} INFO - [2024-09-15T07:13:19.057+0000] {dag.py:3229} INFO - Sync 1 DAGs
[2024-09-15T07:13:19.109+0000] {logging_mixin.py:190} INFO - [2024-09-15T07:13:19.109+0000] {dag.py:4156} INFO - Setting next_dagrun for example_xcom to 2021-01-01 00:00:00+00:00, run_after=2021-01-01 00:00:00+00:00
[2024-09-15T07:13:19.154+0000] {processor.py:208} INFO - Processing /home/airflow/.local/lib/python3.12/site-packages/airflow/example_dags/example_xcom.py took 0.174 seconds
[2024-09-15T07:13:49.331+0000] {processor.py:186} INFO - Started process (PID=1296) to work on /home/airflow/.local/lib/python3.12/site-packages/airflow/example_dags/example_xcom.py
[2024-09-15T07:13:49.333+0000] {processor.py:914} INFO - Processing file /home/airflow/.local/lib/python3.12/site-packages/airflow/example_dags/example_xcom.py for tasks to queue
[2024-09-15T07:13:49.336+0000] {logging_mixin.py:190} INFO - [2024-09-15T07:13:49.336+0000] {dagbag.py:587} INFO - Filling up the DagBag from /home/airflow/.local/lib/python3.12/site-packages/airflow/example_dags/example_xcom.py
[2024-09-15T07:13:49.355+0000] {processor.py:925} INFO - DAG(s) 'example_xcom' retrieved from /home/airflow/.local/lib/python3.12/site-packages/airflow/example_dags/example_xcom.py
[2024-09-15T07:13:49.402+0000] {logging_mixin.py:190} INFO - [2024-09-15T07:13:49.402+0000] {dag.py:3229} INFO - Sync 1 DAGs
[2024-09-15T07:13:49.448+0000] {logging_mixin.py:190} INFO - [2024-09-15T07:13:49.447+0000] {dag.py:4156} INFO - Setting next_dagrun for example_xcom to 2021-01-01 00:00:00+00:00, run_after=2021-01-01 00:00:00+00:00
[2024-09-15T07:13:49.486+0000] {processor.py:208} INFO - Processing /home/airflow/.local/lib/python3.12/site-packages/airflow/example_dags/example_xcom.py took 0.167 seconds
[2024-09-15T07:14:19.674+0000] {processor.py:186} INFO - Started process (PID=1359) to work on /home/airflow/.local/lib/python3.12/site-packages/airflow/example_dags/example_xcom.py
[2024-09-15T07:14:19.676+0000] {processor.py:914} INFO - Processing file /home/airflow/.local/lib/python3.12/site-packages/airflow/example_dags/example_xcom.py for tasks to queue
[2024-09-15T07:14:19.679+0000] {logging_mixin.py:190} INFO - [2024-09-15T07:14:19.679+0000] {dagbag.py:587} INFO - Filling up the DagBag from /home/airflow/.local/lib/python3.12/site-packages/airflow/example_dags/example_xcom.py
[2024-09-15T07:14:19.701+0000] {processor.py:925} INFO - DAG(s) 'example_xcom' retrieved from /home/airflow/.local/lib/python3.12/site-packages/airflow/example_dags/example_xcom.py
[2024-09-15T07:14:19.741+0000] {logging_mixin.py:190} INFO - [2024-09-15T07:14:19.741+0000] {dag.py:3229} INFO - Sync 1 DAGs
[2024-09-15T07:14:19.787+0000] {logging_mixin.py:190} INFO - [2024-09-15T07:14:19.786+0000] {dag.py:4156} INFO - Setting next_dagrun for example_xcom to 2021-01-01 00:00:00+00:00, run_after=2021-01-01 00:00:00+00:00
[2024-09-15T07:14:19.825+0000] {processor.py:208} INFO - Processing /home/airflow/.local/lib/python3.12/site-packages/airflow/example_dags/example_xcom.py took 0.164 seconds
[2024-09-15T07:14:50.181+0000] {processor.py:186} INFO - Started process (PID=1421) to work on /home/airflow/.local/lib/python3.12/site-packages/airflow/example_dags/example_xcom.py
[2024-09-15T07:14:50.183+0000] {processor.py:914} INFO - Processing file /home/airflow/.local/lib/python3.12/site-packages/airflow/example_dags/example_xcom.py for tasks to queue
[2024-09-15T07:14:50.187+0000] {logging_mixin.py:190} INFO - [2024-09-15T07:14:50.186+0000] {dagbag.py:587} INFO - Filling up the DagBag from /home/airflow/.local/lib/python3.12/site-packages/airflow/example_dags/example_xcom.py
[2024-09-15T07:14:50.204+0000] {processor.py:925} INFO - DAG(s) 'example_xcom' retrieved from /home/airflow/.local/lib/python3.12/site-packages/airflow/example_dags/example_xcom.py
[2024-09-15T07:14:50.261+0000] {logging_mixin.py:190} INFO - [2024-09-15T07:14:50.260+0000] {dag.py:3229} INFO - Sync 1 DAGs
[2024-09-15T07:14:50.310+0000] {logging_mixin.py:190} INFO - [2024-09-15T07:14:50.310+0000] {dag.py:4156} INFO - Setting next_dagrun for example_xcom to 2021-01-01 00:00:00+00:00, run_after=2021-01-01 00:00:00+00:00
[2024-09-15T07:14:50.348+0000] {processor.py:208} INFO - Processing /home/airflow/.local/lib/python3.12/site-packages/airflow/example_dags/example_xcom.py took 0.181 seconds
[2024-09-15T07:15:20.811+0000] {processor.py:186} INFO - Started process (PID=1482) to work on /home/airflow/.local/lib/python3.12/site-packages/airflow/example_dags/example_xcom.py
[2024-09-15T07:15:20.815+0000] {processor.py:914} INFO - Processing file /home/airflow/.local/lib/python3.12/site-packages/airflow/example_dags/example_xcom.py for tasks to queue
[2024-09-15T07:15:20.818+0000] {logging_mixin.py:190} INFO - [2024-09-15T07:15:20.817+0000] {dagbag.py:587} INFO - Filling up the DagBag from /home/airflow/.local/lib/python3.12/site-packages/airflow/example_dags/example_xcom.py
[2024-09-15T07:15:20.854+0000] {processor.py:925} INFO - DAG(s) 'example_xcom' retrieved from /home/airflow/.local/lib/python3.12/site-packages/airflow/example_dags/example_xcom.py
[2024-09-15T07:15:21.082+0000] {logging_mixin.py:190} INFO - [2024-09-15T07:15:21.081+0000] {dag.py:3229} INFO - Sync 1 DAGs
[2024-09-15T07:15:21.144+0000] {logging_mixin.py:190} INFO - [2024-09-15T07:15:21.143+0000] {dag.py:4156} INFO - Setting next_dagrun for example_xcom to 2021-01-01 00:00:00+00:00, run_after=2021-01-01 00:00:00+00:00
[2024-09-15T07:15:21.191+0000] {processor.py:208} INFO - Processing /home/airflow/.local/lib/python3.12/site-packages/airflow/example_dags/example_xcom.py took 0.393 seconds
[2024-09-15T07:15:51.543+0000] {processor.py:186} INFO - Started process (PID=1543) to work on /home/airflow/.local/lib/python3.12/site-packages/airflow/example_dags/example_xcom.py
[2024-09-15T07:15:51.545+0000] {processor.py:914} INFO - Processing file /home/airflow/.local/lib/python3.12/site-packages/airflow/example_dags/example_xcom.py for tasks to queue
[2024-09-15T07:15:51.547+0000] {logging_mixin.py:190} INFO - [2024-09-15T07:15:51.547+0000] {dagbag.py:587} INFO - Filling up the DagBag from /home/airflow/.local/lib/python3.12/site-packages/airflow/example_dags/example_xcom.py
[2024-09-15T07:15:51.563+0000] {processor.py:925} INFO - DAG(s) 'example_xcom' retrieved from /home/airflow/.local/lib/python3.12/site-packages/airflow/example_dags/example_xcom.py
[2024-09-15T07:15:51.604+0000] {logging_mixin.py:190} INFO - [2024-09-15T07:15:51.604+0000] {dag.py:3229} INFO - Sync 1 DAGs
[2024-09-15T07:15:51.658+0000] {logging_mixin.py:190} INFO - [2024-09-15T07:15:51.658+0000] {dag.py:4156} INFO - Setting next_dagrun for example_xcom to 2021-01-01 00:00:00+00:00, run_after=2021-01-01 00:00:00+00:00
[2024-09-15T07:15:51.695+0000] {processor.py:208} INFO - Processing /home/airflow/.local/lib/python3.12/site-packages/airflow/example_dags/example_xcom.py took 0.162 seconds
[2024-09-15T07:18:19.861+0000] {processor.py:186} INFO - Started process (PID=1599) to work on /home/airflow/.local/lib/python3.12/site-packages/airflow/example_dags/example_xcom.py
[2024-09-15T07:18:19.868+0000] {processor.py:914} INFO - Processing file /home/airflow/.local/lib/python3.12/site-packages/airflow/example_dags/example_xcom.py for tasks to queue
[2024-09-15T07:18:19.873+0000] {logging_mixin.py:190} INFO - [2024-09-15T07:18:19.872+0000] {dagbag.py:587} INFO - Filling up the DagBag from /home/airflow/.local/lib/python3.12/site-packages/airflow/example_dags/example_xcom.py
[2024-09-15T07:18:19.917+0000] {processor.py:925} INFO - DAG(s) 'example_xcom' retrieved from /home/airflow/.local/lib/python3.12/site-packages/airflow/example_dags/example_xcom.py
[2024-09-15T07:18:19.983+0000] {logging_mixin.py:190} INFO - [2024-09-15T07:18:19.983+0000] {dag.py:3229} INFO - Sync 1 DAGs
[2024-09-15T07:18:20.079+0000] {logging_mixin.py:190} INFO - [2024-09-15T07:18:20.079+0000] {dag.py:4156} INFO - Setting next_dagrun for example_xcom to 2021-01-01 00:00:00+00:00, run_after=2021-01-01 00:00:00+00:00
[2024-09-15T07:18:20.199+0000] {processor.py:208} INFO - Processing /home/airflow/.local/lib/python3.12/site-packages/airflow/example_dags/example_xcom.py took 0.357 seconds
[2024-09-15T07:18:51.141+0000] {processor.py:186} INFO - Started process (PID=1661) to work on /home/airflow/.local/lib/python3.12/site-packages/airflow/example_dags/example_xcom.py
[2024-09-15T07:18:51.143+0000] {processor.py:914} INFO - Processing file /home/airflow/.local/lib/python3.12/site-packages/airflow/example_dags/example_xcom.py for tasks to queue
[2024-09-15T07:18:51.146+0000] {logging_mixin.py:190} INFO - [2024-09-15T07:18:51.146+0000] {dagbag.py:587} INFO - Filling up the DagBag from /home/airflow/.local/lib/python3.12/site-packages/airflow/example_dags/example_xcom.py
[2024-09-15T07:18:51.170+0000] {processor.py:925} INFO - DAG(s) 'example_xcom' retrieved from /home/airflow/.local/lib/python3.12/site-packages/airflow/example_dags/example_xcom.py
[2024-09-15T07:18:51.230+0000] {logging_mixin.py:190} INFO - [2024-09-15T07:18:51.229+0000] {dag.py:3229} INFO - Sync 1 DAGs
[2024-09-15T07:18:51.289+0000] {logging_mixin.py:190} INFO - [2024-09-15T07:18:51.288+0000] {dag.py:4156} INFO - Setting next_dagrun for example_xcom to 2021-01-01 00:00:00+00:00, run_after=2021-01-01 00:00:00+00:00
[2024-09-15T07:18:51.329+0000] {processor.py:208} INFO - Processing /home/airflow/.local/lib/python3.12/site-packages/airflow/example_dags/example_xcom.py took 0.211 seconds
[2024-09-15T07:19:21.453+0000] {processor.py:186} INFO - Started process (PID=1723) to work on /home/airflow/.local/lib/python3.12/site-packages/airflow/example_dags/example_xcom.py
[2024-09-15T07:19:21.455+0000] {processor.py:914} INFO - Processing file /home/airflow/.local/lib/python3.12/site-packages/airflow/example_dags/example_xcom.py for tasks to queue
[2024-09-15T07:19:21.458+0000] {logging_mixin.py:190} INFO - [2024-09-15T07:19:21.458+0000] {dagbag.py:587} INFO - Filling up the DagBag from /home/airflow/.local/lib/python3.12/site-packages/airflow/example_dags/example_xcom.py
[2024-09-15T07:19:21.475+0000] {processor.py:925} INFO - DAG(s) 'example_xcom' retrieved from /home/airflow/.local/lib/python3.12/site-packages/airflow/example_dags/example_xcom.py
[2024-09-15T07:19:21.514+0000] {logging_mixin.py:190} INFO - [2024-09-15T07:19:21.514+0000] {dag.py:3229} INFO - Sync 1 DAGs
[2024-09-15T07:19:21.563+0000] {logging_mixin.py:190} INFO - [2024-09-15T07:19:21.562+0000] {dag.py:4156} INFO - Setting next_dagrun for example_xcom to 2021-01-01 00:00:00+00:00, run_after=2021-01-01 00:00:00+00:00
[2024-09-15T07:19:21.613+0000] {processor.py:208} INFO - Processing /home/airflow/.local/lib/python3.12/site-packages/airflow/example_dags/example_xcom.py took 0.171 seconds
[2024-09-15T07:19:51.818+0000] {processor.py:186} INFO - Started process (PID=1785) to work on /home/airflow/.local/lib/python3.12/site-packages/airflow/example_dags/example_xcom.py
[2024-09-15T07:19:51.819+0000] {processor.py:914} INFO - Processing file /home/airflow/.local/lib/python3.12/site-packages/airflow/example_dags/example_xcom.py for tasks to queue
[2024-09-15T07:19:51.821+0000] {logging_mixin.py:190} INFO - [2024-09-15T07:19:51.821+0000] {dagbag.py:587} INFO - Filling up the DagBag from /home/airflow/.local/lib/python3.12/site-packages/airflow/example_dags/example_xcom.py
[2024-09-15T07:19:51.839+0000] {processor.py:925} INFO - DAG(s) 'example_xcom' retrieved from /home/airflow/.local/lib/python3.12/site-packages/airflow/example_dags/example_xcom.py
[2024-09-15T07:19:51.877+0000] {logging_mixin.py:190} INFO - [2024-09-15T07:19:51.876+0000] {dag.py:3229} INFO - Sync 1 DAGs
[2024-09-15T07:19:51.924+0000] {logging_mixin.py:190} INFO - [2024-09-15T07:19:51.924+0000] {dag.py:4156} INFO - Setting next_dagrun for example_xcom to 2021-01-01 00:00:00+00:00, run_after=2021-01-01 00:00:00+00:00
[2024-09-15T07:19:51.965+0000] {processor.py:208} INFO - Processing /home/airflow/.local/lib/python3.12/site-packages/airflow/example_dags/example_xcom.py took 0.160 seconds
[2024-09-15T07:20:22.316+0000] {processor.py:186} INFO - Started process (PID=1847) to work on /home/airflow/.local/lib/python3.12/site-packages/airflow/example_dags/example_xcom.py
[2024-09-15T07:20:22.318+0000] {processor.py:914} INFO - Processing file /home/airflow/.local/lib/python3.12/site-packages/airflow/example_dags/example_xcom.py for tasks to queue
[2024-09-15T07:20:22.321+0000] {logging_mixin.py:190} INFO - [2024-09-15T07:20:22.321+0000] {dagbag.py:587} INFO - Filling up the DagBag from /home/airflow/.local/lib/python3.12/site-packages/airflow/example_dags/example_xcom.py
[2024-09-15T07:20:22.344+0000] {processor.py:925} INFO - DAG(s) 'example_xcom' retrieved from /home/airflow/.local/lib/python3.12/site-packages/airflow/example_dags/example_xcom.py
[2024-09-15T07:20:22.390+0000] {logging_mixin.py:190} INFO - [2024-09-15T07:20:22.390+0000] {dag.py:3229} INFO - Sync 1 DAGs
[2024-09-15T07:20:22.449+0000] {logging_mixin.py:190} INFO - [2024-09-15T07:20:22.449+0000] {dag.py:4156} INFO - Setting next_dagrun for example_xcom to 2021-01-01 00:00:00+00:00, run_after=2021-01-01 00:00:00+00:00
[2024-09-15T07:20:22.493+0000] {processor.py:208} INFO - Processing /home/airflow/.local/lib/python3.12/site-packages/airflow/example_dags/example_xcom.py took 0.188 seconds
[2024-09-15T07:22:59.881+0000] {processor.py:186} INFO - Started process (PID=1900) to work on /home/airflow/.local/lib/python3.12/site-packages/airflow/example_dags/example_xcom.py
[2024-09-15T07:22:59.883+0000] {processor.py:914} INFO - Processing file /home/airflow/.local/lib/python3.12/site-packages/airflow/example_dags/example_xcom.py for tasks to queue
[2024-09-15T07:22:59.888+0000] {logging_mixin.py:190} INFO - [2024-09-15T07:22:59.886+0000] {dagbag.py:587} INFO - Filling up the DagBag from /home/airflow/.local/lib/python3.12/site-packages/airflow/example_dags/example_xcom.py
[2024-09-15T07:22:59.949+0000] {processor.py:925} INFO - DAG(s) 'example_xcom' retrieved from /home/airflow/.local/lib/python3.12/site-packages/airflow/example_dags/example_xcom.py
[2024-09-15T07:23:00.411+0000] {logging_mixin.py:190} INFO - [2024-09-15T07:23:00.410+0000] {dag.py:3229} INFO - Sync 1 DAGs
[2024-09-15T07:23:00.485+0000] {logging_mixin.py:190} INFO - [2024-09-15T07:23:00.484+0000] {dag.py:4156} INFO - Setting next_dagrun for example_xcom to 2021-01-01 00:00:00+00:00, run_after=2021-01-01 00:00:00+00:00
[2024-09-15T07:23:00.543+0000] {processor.py:208} INFO - Processing /home/airflow/.local/lib/python3.12/site-packages/airflow/example_dags/example_xcom.py took 0.684 seconds
[2024-09-15T07:23:31.158+0000] {processor.py:186} INFO - Started process (PID=1962) to work on /home/airflow/.local/lib/python3.12/site-packages/airflow/example_dags/example_xcom.py
[2024-09-15T07:23:31.160+0000] {processor.py:914} INFO - Processing file /home/airflow/.local/lib/python3.12/site-packages/airflow/example_dags/example_xcom.py for tasks to queue
[2024-09-15T07:23:31.163+0000] {logging_mixin.py:190} INFO - [2024-09-15T07:23:31.162+0000] {dagbag.py:587} INFO - Filling up the DagBag from /home/airflow/.local/lib/python3.12/site-packages/airflow/example_dags/example_xcom.py
[2024-09-15T07:23:31.184+0000] {processor.py:925} INFO - DAG(s) 'example_xcom' retrieved from /home/airflow/.local/lib/python3.12/site-packages/airflow/example_dags/example_xcom.py
[2024-09-15T07:23:31.235+0000] {logging_mixin.py:190} INFO - [2024-09-15T07:23:31.235+0000] {dag.py:3229} INFO - Sync 1 DAGs
[2024-09-15T07:23:31.295+0000] {logging_mixin.py:190} INFO - [2024-09-15T07:23:31.294+0000] {dag.py:4156} INFO - Setting next_dagrun for example_xcom to 2021-01-01 00:00:00+00:00, run_after=2021-01-01 00:00:00+00:00
[2024-09-15T07:23:31.350+0000] {processor.py:208} INFO - Processing /home/airflow/.local/lib/python3.12/site-packages/airflow/example_dags/example_xcom.py took 0.206 seconds
[2024-09-15T07:24:01.637+0000] {processor.py:186} INFO - Started process (PID=2024) to work on /home/airflow/.local/lib/python3.12/site-packages/airflow/example_dags/example_xcom.py
[2024-09-15T07:24:01.639+0000] {processor.py:914} INFO - Processing file /home/airflow/.local/lib/python3.12/site-packages/airflow/example_dags/example_xcom.py for tasks to queue
[2024-09-15T07:24:01.642+0000] {logging_mixin.py:190} INFO - [2024-09-15T07:24:01.641+0000] {dagbag.py:587} INFO - Filling up the DagBag from /home/airflow/.local/lib/python3.12/site-packages/airflow/example_dags/example_xcom.py
[2024-09-15T07:24:01.659+0000] {processor.py:925} INFO - DAG(s) 'example_xcom' retrieved from /home/airflow/.local/lib/python3.12/site-packages/airflow/example_dags/example_xcom.py
[2024-09-15T07:24:01.709+0000] {logging_mixin.py:190} INFO - [2024-09-15T07:24:01.708+0000] {dag.py:3229} INFO - Sync 1 DAGs
[2024-09-15T07:24:01.780+0000] {logging_mixin.py:190} INFO - [2024-09-15T07:24:01.779+0000] {dag.py:4156} INFO - Setting next_dagrun for example_xcom to 2021-01-01 00:00:00+00:00, run_after=2021-01-01 00:00:00+00:00
[2024-09-15T07:24:01.818+0000] {processor.py:208} INFO - Processing /home/airflow/.local/lib/python3.12/site-packages/airflow/example_dags/example_xcom.py took 0.191 seconds
[2024-09-15T07:24:32.256+0000] {processor.py:186} INFO - Started process (PID=2092) to work on /home/airflow/.local/lib/python3.12/site-packages/airflow/example_dags/example_xcom.py
[2024-09-15T07:24:32.258+0000] {processor.py:914} INFO - Processing file /home/airflow/.local/lib/python3.12/site-packages/airflow/example_dags/example_xcom.py for tasks to queue
[2024-09-15T07:24:32.260+0000] {logging_mixin.py:190} INFO - [2024-09-15T07:24:32.260+0000] {dagbag.py:587} INFO - Filling up the DagBag from /home/airflow/.local/lib/python3.12/site-packages/airflow/example_dags/example_xcom.py
[2024-09-15T07:24:32.277+0000] {processor.py:925} INFO - DAG(s) 'example_xcom' retrieved from /home/airflow/.local/lib/python3.12/site-packages/airflow/example_dags/example_xcom.py
[2024-09-15T07:24:32.321+0000] {logging_mixin.py:190} INFO - [2024-09-15T07:24:32.320+0000] {dag.py:3229} INFO - Sync 1 DAGs
[2024-09-15T07:24:32.370+0000] {logging_mixin.py:190} INFO - [2024-09-15T07:24:32.369+0000] {dag.py:4156} INFO - Setting next_dagrun for example_xcom to 2021-01-01 00:00:00+00:00, run_after=2021-01-01 00:00:00+00:00
[2024-09-15T07:24:32.412+0000] {processor.py:208} INFO - Processing /home/airflow/.local/lib/python3.12/site-packages/airflow/example_dags/example_xcom.py took 0.165 seconds
[2024-09-15T07:25:02.551+0000] {processor.py:186} INFO - Started process (PID=2154) to work on /home/airflow/.local/lib/python3.12/site-packages/airflow/example_dags/example_xcom.py
[2024-09-15T07:25:02.553+0000] {processor.py:914} INFO - Processing file /home/airflow/.local/lib/python3.12/site-packages/airflow/example_dags/example_xcom.py for tasks to queue
[2024-09-15T07:25:02.556+0000] {logging_mixin.py:190} INFO - [2024-09-15T07:25:02.555+0000] {dagbag.py:587} INFO - Filling up the DagBag from /home/airflow/.local/lib/python3.12/site-packages/airflow/example_dags/example_xcom.py
[2024-09-15T07:25:02.580+0000] {processor.py:925} INFO - DAG(s) 'example_xcom' retrieved from /home/airflow/.local/lib/python3.12/site-packages/airflow/example_dags/example_xcom.py
[2024-09-15T07:25:02.633+0000] {logging_mixin.py:190} INFO - [2024-09-15T07:25:02.632+0000] {dag.py:3229} INFO - Sync 1 DAGs
[2024-09-15T07:25:02.689+0000] {logging_mixin.py:190} INFO - [2024-09-15T07:25:02.688+0000] {dag.py:4156} INFO - Setting next_dagrun for example_xcom to 2021-01-01 00:00:00+00:00, run_after=2021-01-01 00:00:00+00:00
[2024-09-15T07:25:02.744+0000] {processor.py:208} INFO - Processing /home/airflow/.local/lib/python3.12/site-packages/airflow/example_dags/example_xcom.py took 0.207 seconds
[2024-09-15T08:02:02.905+0000] {processor.py:186} INFO - Started process (PID=2208) to work on /home/airflow/.local/lib/python3.12/site-packages/airflow/example_dags/example_xcom.py
[2024-09-15T08:02:03.042+0000] {processor.py:914} INFO - Processing file /home/airflow/.local/lib/python3.12/site-packages/airflow/example_dags/example_xcom.py for tasks to queue
[2024-09-15T08:02:03.213+0000] {logging_mixin.py:190} INFO - [2024-09-15T08:02:03.212+0000] {dagbag.py:587} INFO - Filling up the DagBag from /home/airflow/.local/lib/python3.12/site-packages/airflow/example_dags/example_xcom.py
[2024-09-15T08:02:03.639+0000] {processor.py:925} INFO - DAG(s) 'example_xcom' retrieved from /home/airflow/.local/lib/python3.12/site-packages/airflow/example_dags/example_xcom.py
[2024-09-15T08:02:05.556+0000] {logging_mixin.py:190} INFO - [2024-09-15T08:02:05.556+0000] {dag.py:3229} INFO - Sync 1 DAGs
[2024-09-15T08:02:06.587+0000] {logging_mixin.py:190} INFO - [2024-09-15T08:02:06.574+0000] {dag.py:4156} INFO - Setting next_dagrun for example_xcom to 2021-01-01 00:00:00+00:00, run_after=2021-01-01 00:00:00+00:00
[2024-09-15T08:02:06.973+0000] {processor.py:208} INFO - Processing /home/airflow/.local/lib/python3.12/site-packages/airflow/example_dags/example_xcom.py took 4.405 seconds
[2024-09-15T08:02:37.328+0000] {processor.py:186} INFO - Started process (PID=2277) to work on /home/airflow/.local/lib/python3.12/site-packages/airflow/example_dags/example_xcom.py
[2024-09-15T08:02:37.330+0000] {processor.py:914} INFO - Processing file /home/airflow/.local/lib/python3.12/site-packages/airflow/example_dags/example_xcom.py for tasks to queue
[2024-09-15T08:02:37.333+0000] {logging_mixin.py:190} INFO - [2024-09-15T08:02:37.333+0000] {dagbag.py:587} INFO - Filling up the DagBag from /home/airflow/.local/lib/python3.12/site-packages/airflow/example_dags/example_xcom.py
[2024-09-15T08:02:37.390+0000] {processor.py:925} INFO - DAG(s) 'example_xcom' retrieved from /home/airflow/.local/lib/python3.12/site-packages/airflow/example_dags/example_xcom.py
[2024-09-15T08:02:37.467+0000] {logging_mixin.py:190} INFO - [2024-09-15T08:02:37.466+0000] {dag.py:3229} INFO - Sync 1 DAGs
[2024-09-15T08:02:37.547+0000] {logging_mixin.py:190} INFO - [2024-09-15T08:02:37.547+0000] {dag.py:4156} INFO - Setting next_dagrun for example_xcom to 2021-01-01 00:00:00+00:00, run_after=2021-01-01 00:00:00+00:00
[2024-09-15T08:02:37.614+0000] {processor.py:208} INFO - Processing /home/airflow/.local/lib/python3.12/site-packages/airflow/example_dags/example_xcom.py took 0.302 seconds
