[2024-09-15T06:53:04.795+0000] {processor.py:186} INFO - Started process (PID=104) to work on /home/airflow/.local/lib/python3.12/site-packages/airflow/example_dags/tutorial_dag.py
[2024-09-15T06:53:04.798+0000] {processor.py:914} INFO - Processing file /home/airflow/.local/lib/python3.12/site-packages/airflow/example_dags/tutorial_dag.py for tasks to queue
[2024-09-15T06:53:04.804+0000] {logging_mixin.py:190} INFO - [2024-09-15T06:53:04.803+0000] {dagbag.py:587} INFO - Filling up the DagBag from /home/airflow/.local/lib/python3.12/site-packages/airflow/example_dags/tutorial_dag.py
[2024-09-15T06:53:04.840+0000] {processor.py:925} INFO - DAG(s) 'tutorial_dag' retrieved from /home/airflow/.local/lib/python3.12/site-packages/airflow/example_dags/tutorial_dag.py
[2024-09-15T06:53:05.174+0000] {logging_mixin.py:190} INFO - [2024-09-15T06:53:05.172+0000] {override.py:1900} INFO - Created Permission View: can delete on DAG:tutorial_dag
[2024-09-15T06:53:05.257+0000] {logging_mixin.py:190} INFO - [2024-09-15T06:53:05.254+0000] {override.py:1900} INFO - Created Permission View: can edit on DAG:tutorial_dag
[2024-09-15T06:53:05.303+0000] {logging_mixin.py:190} INFO - [2024-09-15T06:53:05.302+0000] {override.py:1900} INFO - Created Permission View: can read on DAG:tutorial_dag
[2024-09-15T06:53:05.391+0000] {logging_mixin.py:190} INFO - [2024-09-15T06:53:05.390+0000] {override.py:1900} INFO - Created Permission View: can delete on DAG Run:tutorial_dag
[2024-09-15T06:53:05.411+0000] {logging_mixin.py:190} INFO - [2024-09-15T06:53:05.410+0000] {override.py:1900} INFO - Created Permission View: can create on DAG Run:tutorial_dag
[2024-09-15T06:53:05.432+0000] {logging_mixin.py:190} INFO - [2024-09-15T06:53:05.432+0000] {override.py:1900} INFO - Created Permission View: can read on DAG Run:tutorial_dag
[2024-09-15T06:53:05.460+0000] {logging_mixin.py:190} INFO - [2024-09-15T06:53:05.459+0000] {override.py:1900} INFO - Created Permission View: menu access on DAG Run:tutorial_dag
[2024-09-15T06:53:05.461+0000] {logging_mixin.py:190} INFO - [2024-09-15T06:53:05.461+0000] {dag.py:3229} INFO - Sync 1 DAGs
[2024-09-15T06:53:05.500+0000] {logging_mixin.py:190} INFO - [2024-09-15T06:53:05.499+0000] {dag.py:3252} INFO - Creating ORM DAG for tutorial_dag
[2024-09-15T06:53:05.502+0000] {logging_mixin.py:190} INFO - [2024-09-15T06:53:05.502+0000] {dag.py:4156} INFO - Setting next_dagrun for tutorial_dag to None, run_after=None
[2024-09-15T06:53:05.542+0000] {processor.py:208} INFO - Processing /home/airflow/.local/lib/python3.12/site-packages/airflow/example_dags/tutorial_dag.py took 0.763 seconds
[2024-09-15T06:54:11.989+0000] {processor.py:186} INFO - Started process (PID=166) to work on /home/airflow/.local/lib/python3.12/site-packages/airflow/example_dags/tutorial_dag.py
[2024-09-15T06:54:11.991+0000] {processor.py:914} INFO - Processing file /home/airflow/.local/lib/python3.12/site-packages/airflow/example_dags/tutorial_dag.py for tasks to queue
[2024-09-15T06:54:11.996+0000] {logging_mixin.py:190} INFO - [2024-09-15T06:54:11.995+0000] {dagbag.py:587} INFO - Filling up the DagBag from /home/airflow/.local/lib/python3.12/site-packages/airflow/example_dags/tutorial_dag.py
[2024-09-15T06:54:12.013+0000] {processor.py:925} INFO - DAG(s) 'tutorial_dag' retrieved from /home/airflow/.local/lib/python3.12/site-packages/airflow/example_dags/tutorial_dag.py
[2024-09-15T06:54:12.062+0000] {logging_mixin.py:190} INFO - [2024-09-15T06:54:12.062+0000] {dag.py:3229} INFO - Sync 1 DAGs
[2024-09-15T06:54:12.100+0000] {logging_mixin.py:190} INFO - [2024-09-15T06:54:12.100+0000] {dag.py:4156} INFO - Setting next_dagrun for tutorial_dag to None, run_after=None
[2024-09-15T06:54:12.145+0000] {processor.py:208} INFO - Processing /home/airflow/.local/lib/python3.12/site-packages/airflow/example_dags/tutorial_dag.py took 0.167 seconds
[2024-09-15T06:54:45.810+0000] {processor.py:186} INFO - Started process (PID=228) to work on /home/airflow/.local/lib/python3.12/site-packages/airflow/example_dags/tutorial_dag.py
[2024-09-15T06:54:45.828+0000] {processor.py:914} INFO - Processing file /home/airflow/.local/lib/python3.12/site-packages/airflow/example_dags/tutorial_dag.py for tasks to queue
[2024-09-15T06:54:45.834+0000] {logging_mixin.py:190} INFO - [2024-09-15T06:54:45.833+0000] {dagbag.py:587} INFO - Filling up the DagBag from /home/airflow/.local/lib/python3.12/site-packages/airflow/example_dags/tutorial_dag.py
[2024-09-15T06:54:45.882+0000] {processor.py:925} INFO - DAG(s) 'tutorial_dag' retrieved from /home/airflow/.local/lib/python3.12/site-packages/airflow/example_dags/tutorial_dag.py
[2024-09-15T06:54:45.992+0000] {logging_mixin.py:190} INFO - [2024-09-15T06:54:45.989+0000] {dag.py:3229} INFO - Sync 1 DAGs
[2024-09-15T06:54:46.070+0000] {logging_mixin.py:190} INFO - [2024-09-15T06:54:46.069+0000] {dag.py:4156} INFO - Setting next_dagrun for tutorial_dag to None, run_after=None
[2024-09-15T06:54:46.188+0000] {processor.py:208} INFO - Processing /home/airflow/.local/lib/python3.12/site-packages/airflow/example_dags/tutorial_dag.py took 0.399 seconds
[2024-09-15T06:55:19.368+0000] {processor.py:186} INFO - Started process (PID=290) to work on /home/airflow/.local/lib/python3.12/site-packages/airflow/example_dags/tutorial_dag.py
[2024-09-15T06:55:19.374+0000] {processor.py:914} INFO - Processing file /home/airflow/.local/lib/python3.12/site-packages/airflow/example_dags/tutorial_dag.py for tasks to queue
[2024-09-15T06:55:19.389+0000] {logging_mixin.py:190} INFO - [2024-09-15T06:55:19.382+0000] {dagbag.py:587} INFO - Filling up the DagBag from /home/airflow/.local/lib/python3.12/site-packages/airflow/example_dags/tutorial_dag.py
[2024-09-15T06:55:19.442+0000] {processor.py:925} INFO - DAG(s) 'tutorial_dag' retrieved from /home/airflow/.local/lib/python3.12/site-packages/airflow/example_dags/tutorial_dag.py
[2024-09-15T06:55:19.550+0000] {logging_mixin.py:190} INFO - [2024-09-15T06:55:19.548+0000] {dag.py:3229} INFO - Sync 1 DAGs
[2024-09-15T06:55:19.600+0000] {logging_mixin.py:190} INFO - [2024-09-15T06:55:19.599+0000] {dag.py:4156} INFO - Setting next_dagrun for tutorial_dag to None, run_after=None
[2024-09-15T06:55:19.678+0000] {processor.py:208} INFO - Processing /home/airflow/.local/lib/python3.12/site-packages/airflow/example_dags/tutorial_dag.py took 0.345 seconds
[2024-09-15T06:57:52.287+0000] {processor.py:186} INFO - Started process (PID=334) to work on /home/airflow/.local/lib/python3.12/site-packages/airflow/example_dags/tutorial_dag.py
[2024-09-15T06:57:52.289+0000] {processor.py:914} INFO - Processing file /home/airflow/.local/lib/python3.12/site-packages/airflow/example_dags/tutorial_dag.py for tasks to queue
[2024-09-15T06:57:52.292+0000] {logging_mixin.py:190} INFO - [2024-09-15T06:57:52.292+0000] {dagbag.py:587} INFO - Filling up the DagBag from /home/airflow/.local/lib/python3.12/site-packages/airflow/example_dags/tutorial_dag.py
[2024-09-15T06:57:52.305+0000] {processor.py:925} INFO - DAG(s) 'tutorial_dag' retrieved from /home/airflow/.local/lib/python3.12/site-packages/airflow/example_dags/tutorial_dag.py
[2024-09-15T06:57:52.345+0000] {logging_mixin.py:190} INFO - [2024-09-15T06:57:52.344+0000] {dag.py:3229} INFO - Sync 1 DAGs
[2024-09-15T06:57:52.379+0000] {logging_mixin.py:190} INFO - [2024-09-15T06:57:52.379+0000] {dag.py:4156} INFO - Setting next_dagrun for tutorial_dag to None, run_after=None
[2024-09-15T06:57:52.420+0000] {processor.py:208} INFO - Processing /home/airflow/.local/lib/python3.12/site-packages/airflow/example_dags/tutorial_dag.py took 0.143 seconds
[2024-09-15T06:58:23.216+0000] {processor.py:186} INFO - Started process (PID=395) to work on /home/airflow/.local/lib/python3.12/site-packages/airflow/example_dags/tutorial_dag.py
[2024-09-15T06:58:23.218+0000] {processor.py:914} INFO - Processing file /home/airflow/.local/lib/python3.12/site-packages/airflow/example_dags/tutorial_dag.py for tasks to queue
[2024-09-15T06:58:23.222+0000] {logging_mixin.py:190} INFO - [2024-09-15T06:58:23.221+0000] {dagbag.py:587} INFO - Filling up the DagBag from /home/airflow/.local/lib/python3.12/site-packages/airflow/example_dags/tutorial_dag.py
[2024-09-15T06:58:23.240+0000] {processor.py:925} INFO - DAG(s) 'tutorial_dag' retrieved from /home/airflow/.local/lib/python3.12/site-packages/airflow/example_dags/tutorial_dag.py
[2024-09-15T06:58:23.293+0000] {logging_mixin.py:190} INFO - [2024-09-15T06:58:23.292+0000] {dag.py:3229} INFO - Sync 1 DAGs
[2024-09-15T06:58:23.338+0000] {logging_mixin.py:190} INFO - [2024-09-15T06:58:23.337+0000] {dag.py:4156} INFO - Setting next_dagrun for tutorial_dag to None, run_after=None
[2024-09-15T06:58:23.380+0000] {processor.py:208} INFO - Processing /home/airflow/.local/lib/python3.12/site-packages/airflow/example_dags/tutorial_dag.py took 0.184 seconds
[2024-09-15T06:58:54.833+0000] {processor.py:186} INFO - Started process (PID=458) to work on /home/airflow/.local/lib/python3.12/site-packages/airflow/example_dags/tutorial_dag.py
[2024-09-15T06:58:54.835+0000] {processor.py:914} INFO - Processing file /home/airflow/.local/lib/python3.12/site-packages/airflow/example_dags/tutorial_dag.py for tasks to queue
[2024-09-15T06:58:54.839+0000] {logging_mixin.py:190} INFO - [2024-09-15T06:58:54.838+0000] {dagbag.py:587} INFO - Filling up the DagBag from /home/airflow/.local/lib/python3.12/site-packages/airflow/example_dags/tutorial_dag.py
[2024-09-15T06:58:54.857+0000] {processor.py:925} INFO - DAG(s) 'tutorial_dag' retrieved from /home/airflow/.local/lib/python3.12/site-packages/airflow/example_dags/tutorial_dag.py
[2024-09-15T06:58:54.928+0000] {logging_mixin.py:190} INFO - [2024-09-15T06:58:54.928+0000] {dag.py:3229} INFO - Sync 1 DAGs
[2024-09-15T06:58:54.972+0000] {logging_mixin.py:190} INFO - [2024-09-15T06:58:54.972+0000] {dag.py:4156} INFO - Setting next_dagrun for tutorial_dag to None, run_after=None
[2024-09-15T06:58:55.017+0000] {processor.py:208} INFO - Processing /home/airflow/.local/lib/python3.12/site-packages/airflow/example_dags/tutorial_dag.py took 0.199 seconds
[2024-09-15T06:59:26.095+0000] {processor.py:186} INFO - Started process (PID=520) to work on /home/airflow/.local/lib/python3.12/site-packages/airflow/example_dags/tutorial_dag.py
[2024-09-15T06:59:26.097+0000] {processor.py:914} INFO - Processing file /home/airflow/.local/lib/python3.12/site-packages/airflow/example_dags/tutorial_dag.py for tasks to queue
[2024-09-15T06:59:26.100+0000] {logging_mixin.py:190} INFO - [2024-09-15T06:59:26.099+0000] {dagbag.py:587} INFO - Filling up the DagBag from /home/airflow/.local/lib/python3.12/site-packages/airflow/example_dags/tutorial_dag.py
[2024-09-15T06:59:26.112+0000] {processor.py:925} INFO - DAG(s) 'tutorial_dag' retrieved from /home/airflow/.local/lib/python3.12/site-packages/airflow/example_dags/tutorial_dag.py
[2024-09-15T06:59:26.151+0000] {logging_mixin.py:190} INFO - [2024-09-15T06:59:26.150+0000] {dag.py:3229} INFO - Sync 1 DAGs
[2024-09-15T06:59:26.182+0000] {logging_mixin.py:190} INFO - [2024-09-15T06:59:26.181+0000] {dag.py:4156} INFO - Setting next_dagrun for tutorial_dag to None, run_after=None
[2024-09-15T06:59:26.219+0000] {processor.py:208} INFO - Processing /home/airflow/.local/lib/python3.12/site-packages/airflow/example_dags/tutorial_dag.py took 0.137 seconds
[2024-09-15T06:59:56.774+0000] {processor.py:186} INFO - Started process (PID=582) to work on /home/airflow/.local/lib/python3.12/site-packages/airflow/example_dags/tutorial_dag.py
[2024-09-15T06:59:56.778+0000] {processor.py:914} INFO - Processing file /home/airflow/.local/lib/python3.12/site-packages/airflow/example_dags/tutorial_dag.py for tasks to queue
[2024-09-15T06:59:56.787+0000] {logging_mixin.py:190} INFO - [2024-09-15T06:59:56.786+0000] {dagbag.py:587} INFO - Filling up the DagBag from /home/airflow/.local/lib/python3.12/site-packages/airflow/example_dags/tutorial_dag.py
[2024-09-15T06:59:56.808+0000] {processor.py:925} INFO - DAG(s) 'tutorial_dag' retrieved from /home/airflow/.local/lib/python3.12/site-packages/airflow/example_dags/tutorial_dag.py
[2024-09-15T06:59:56.852+0000] {logging_mixin.py:190} INFO - [2024-09-15T06:59:56.852+0000] {dag.py:3229} INFO - Sync 1 DAGs
[2024-09-15T06:59:56.889+0000] {logging_mixin.py:190} INFO - [2024-09-15T06:59:56.889+0000] {dag.py:4156} INFO - Setting next_dagrun for tutorial_dag to None, run_after=None
[2024-09-15T06:59:56.931+0000] {processor.py:208} INFO - Processing /home/airflow/.local/lib/python3.12/site-packages/airflow/example_dags/tutorial_dag.py took 0.172 seconds
[2024-09-15T07:00:41.929+0000] {processor.py:186} INFO - Started process (PID=644) to work on /home/airflow/.local/lib/python3.12/site-packages/airflow/example_dags/tutorial_dag.py
[2024-09-15T07:00:41.932+0000] {processor.py:914} INFO - Processing file /home/airflow/.local/lib/python3.12/site-packages/airflow/example_dags/tutorial_dag.py for tasks to queue
[2024-09-15T07:00:41.936+0000] {logging_mixin.py:190} INFO - [2024-09-15T07:00:41.935+0000] {dagbag.py:587} INFO - Filling up the DagBag from /home/airflow/.local/lib/python3.12/site-packages/airflow/example_dags/tutorial_dag.py
[2024-09-15T07:00:41.957+0000] {processor.py:925} INFO - DAG(s) 'tutorial_dag' retrieved from /home/airflow/.local/lib/python3.12/site-packages/airflow/example_dags/tutorial_dag.py
[2024-09-15T07:00:42.007+0000] {logging_mixin.py:190} INFO - [2024-09-15T07:00:42.006+0000] {dag.py:3229} INFO - Sync 1 DAGs
[2024-09-15T07:00:42.042+0000] {logging_mixin.py:190} INFO - [2024-09-15T07:00:42.041+0000] {dag.py:4156} INFO - Setting next_dagrun for tutorial_dag to None, run_after=None
[2024-09-15T07:00:42.085+0000] {processor.py:208} INFO - Processing /home/airflow/.local/lib/python3.12/site-packages/airflow/example_dags/tutorial_dag.py took 0.172 seconds
[2024-09-15T07:04:40.384+0000] {processor.py:186} INFO - Started process (PID=712) to work on /home/airflow/.local/lib/python3.12/site-packages/airflow/example_dags/tutorial_dag.py
[2024-09-15T07:04:40.386+0000] {processor.py:914} INFO - Processing file /home/airflow/.local/lib/python3.12/site-packages/airflow/example_dags/tutorial_dag.py for tasks to queue
[2024-09-15T07:04:40.388+0000] {logging_mixin.py:190} INFO - [2024-09-15T07:04:40.388+0000] {dagbag.py:587} INFO - Filling up the DagBag from /home/airflow/.local/lib/python3.12/site-packages/airflow/example_dags/tutorial_dag.py
[2024-09-15T07:04:40.407+0000] {processor.py:925} INFO - DAG(s) 'tutorial_dag' retrieved from /home/airflow/.local/lib/python3.12/site-packages/airflow/example_dags/tutorial_dag.py
[2024-09-15T07:04:40.447+0000] {logging_mixin.py:190} INFO - [2024-09-15T07:04:40.447+0000] {dag.py:3229} INFO - Sync 1 DAGs
[2024-09-15T07:04:40.479+0000] {logging_mixin.py:190} INFO - [2024-09-15T07:04:40.478+0000] {dag.py:4156} INFO - Setting next_dagrun for tutorial_dag to None, run_after=None
[2024-09-15T07:04:40.521+0000] {processor.py:208} INFO - Processing /home/airflow/.local/lib/python3.12/site-packages/airflow/example_dags/tutorial_dag.py took 0.147 seconds
[2024-09-15T07:05:11.330+0000] {processor.py:186} INFO - Started process (PID=774) to work on /home/airflow/.local/lib/python3.12/site-packages/airflow/example_dags/tutorial_dag.py
[2024-09-15T07:05:11.332+0000] {processor.py:914} INFO - Processing file /home/airflow/.local/lib/python3.12/site-packages/airflow/example_dags/tutorial_dag.py for tasks to queue
[2024-09-15T07:05:11.336+0000] {logging_mixin.py:190} INFO - [2024-09-15T07:05:11.335+0000] {dagbag.py:587} INFO - Filling up the DagBag from /home/airflow/.local/lib/python3.12/site-packages/airflow/example_dags/tutorial_dag.py
[2024-09-15T07:05:11.353+0000] {processor.py:925} INFO - DAG(s) 'tutorial_dag' retrieved from /home/airflow/.local/lib/python3.12/site-packages/airflow/example_dags/tutorial_dag.py
[2024-09-15T07:05:11.411+0000] {logging_mixin.py:190} INFO - [2024-09-15T07:05:11.410+0000] {dag.py:3229} INFO - Sync 1 DAGs
[2024-09-15T07:05:11.456+0000] {logging_mixin.py:190} INFO - [2024-09-15T07:05:11.455+0000] {dag.py:4156} INFO - Setting next_dagrun for tutorial_dag to None, run_after=None
[2024-09-15T07:05:11.503+0000] {processor.py:208} INFO - Processing /home/airflow/.local/lib/python3.12/site-packages/airflow/example_dags/tutorial_dag.py took 0.188 seconds
[2024-09-15T07:05:41.991+0000] {processor.py:186} INFO - Started process (PID=835) to work on /home/airflow/.local/lib/python3.12/site-packages/airflow/example_dags/tutorial_dag.py
[2024-09-15T07:05:41.993+0000] {processor.py:914} INFO - Processing file /home/airflow/.local/lib/python3.12/site-packages/airflow/example_dags/tutorial_dag.py for tasks to queue
[2024-09-15T07:05:41.996+0000] {logging_mixin.py:190} INFO - [2024-09-15T07:05:41.995+0000] {dagbag.py:587} INFO - Filling up the DagBag from /home/airflow/.local/lib/python3.12/site-packages/airflow/example_dags/tutorial_dag.py
[2024-09-15T07:05:42.011+0000] {processor.py:925} INFO - DAG(s) 'tutorial_dag' retrieved from /home/airflow/.local/lib/python3.12/site-packages/airflow/example_dags/tutorial_dag.py
[2024-09-15T07:05:42.055+0000] {logging_mixin.py:190} INFO - [2024-09-15T07:05:42.055+0000] {dag.py:3229} INFO - Sync 1 DAGs
[2024-09-15T07:05:42.089+0000] {logging_mixin.py:190} INFO - [2024-09-15T07:05:42.089+0000] {dag.py:4156} INFO - Setting next_dagrun for tutorial_dag to None, run_after=None
[2024-09-15T07:05:42.132+0000] {processor.py:208} INFO - Processing /home/airflow/.local/lib/python3.12/site-packages/airflow/example_dags/tutorial_dag.py took 0.152 seconds
[2024-09-15T07:06:12.908+0000] {processor.py:186} INFO - Started process (PID=897) to work on /home/airflow/.local/lib/python3.12/site-packages/airflow/example_dags/tutorial_dag.py
[2024-09-15T07:06:12.910+0000] {processor.py:914} INFO - Processing file /home/airflow/.local/lib/python3.12/site-packages/airflow/example_dags/tutorial_dag.py for tasks to queue
[2024-09-15T07:06:12.914+0000] {logging_mixin.py:190} INFO - [2024-09-15T07:06:12.913+0000] {dagbag.py:587} INFO - Filling up the DagBag from /home/airflow/.local/lib/python3.12/site-packages/airflow/example_dags/tutorial_dag.py
[2024-09-15T07:06:12.934+0000] {processor.py:925} INFO - DAG(s) 'tutorial_dag' retrieved from /home/airflow/.local/lib/python3.12/site-packages/airflow/example_dags/tutorial_dag.py
[2024-09-15T07:06:13.014+0000] {logging_mixin.py:190} INFO - [2024-09-15T07:06:13.014+0000] {dag.py:3229} INFO - Sync 1 DAGs
[2024-09-15T07:06:13.079+0000] {logging_mixin.py:190} INFO - [2024-09-15T07:06:13.078+0000] {dag.py:4156} INFO - Setting next_dagrun for tutorial_dag to None, run_after=None
[2024-09-15T07:06:13.137+0000] {processor.py:208} INFO - Processing /home/airflow/.local/lib/python3.12/site-packages/airflow/example_dags/tutorial_dag.py took 0.251 seconds
[2024-09-15T07:06:43.770+0000] {processor.py:186} INFO - Started process (PID=958) to work on /home/airflow/.local/lib/python3.12/site-packages/airflow/example_dags/tutorial_dag.py
[2024-09-15T07:06:43.772+0000] {processor.py:914} INFO - Processing file /home/airflow/.local/lib/python3.12/site-packages/airflow/example_dags/tutorial_dag.py for tasks to queue
[2024-09-15T07:06:43.776+0000] {logging_mixin.py:190} INFO - [2024-09-15T07:06:43.775+0000] {dagbag.py:587} INFO - Filling up the DagBag from /home/airflow/.local/lib/python3.12/site-packages/airflow/example_dags/tutorial_dag.py
[2024-09-15T07:06:43.790+0000] {processor.py:925} INFO - DAG(s) 'tutorial_dag' retrieved from /home/airflow/.local/lib/python3.12/site-packages/airflow/example_dags/tutorial_dag.py
[2024-09-15T07:06:43.853+0000] {logging_mixin.py:190} INFO - [2024-09-15T07:06:43.851+0000] {dag.py:3229} INFO - Sync 1 DAGs
[2024-09-15T07:06:43.895+0000] {logging_mixin.py:190} INFO - [2024-09-15T07:06:43.895+0000] {dag.py:4156} INFO - Setting next_dagrun for tutorial_dag to None, run_after=None
[2024-09-15T07:06:43.954+0000] {processor.py:208} INFO - Processing /home/airflow/.local/lib/python3.12/site-packages/airflow/example_dags/tutorial_dag.py took 0.202 seconds
[2024-09-15T07:07:29.475+0000] {processor.py:186} INFO - Started process (PID=1022) to work on /home/airflow/.local/lib/python3.12/site-packages/airflow/example_dags/tutorial_dag.py
[2024-09-15T07:07:29.476+0000] {processor.py:914} INFO - Processing file /home/airflow/.local/lib/python3.12/site-packages/airflow/example_dags/tutorial_dag.py for tasks to queue
[2024-09-15T07:07:29.479+0000] {logging_mixin.py:190} INFO - [2024-09-15T07:07:29.479+0000] {dagbag.py:587} INFO - Filling up the DagBag from /home/airflow/.local/lib/python3.12/site-packages/airflow/example_dags/tutorial_dag.py
[2024-09-15T07:07:29.497+0000] {processor.py:925} INFO - DAG(s) 'tutorial_dag' retrieved from /home/airflow/.local/lib/python3.12/site-packages/airflow/example_dags/tutorial_dag.py
[2024-09-15T07:07:29.545+0000] {logging_mixin.py:190} INFO - [2024-09-15T07:07:29.544+0000] {dag.py:3229} INFO - Sync 1 DAGs
[2024-09-15T07:07:29.584+0000] {logging_mixin.py:190} INFO - [2024-09-15T07:07:29.583+0000] {dag.py:4156} INFO - Setting next_dagrun for tutorial_dag to None, run_after=None
[2024-09-15T07:07:29.632+0000] {processor.py:208} INFO - Processing /home/airflow/.local/lib/python3.12/site-packages/airflow/example_dags/tutorial_dag.py took 0.169 seconds
[2024-09-15T07:08:00.276+0000] {processor.py:186} INFO - Started process (PID=1083) to work on /home/airflow/.local/lib/python3.12/site-packages/airflow/example_dags/tutorial_dag.py
[2024-09-15T07:08:00.279+0000] {processor.py:914} INFO - Processing file /home/airflow/.local/lib/python3.12/site-packages/airflow/example_dags/tutorial_dag.py for tasks to queue
[2024-09-15T07:08:00.282+0000] {logging_mixin.py:190} INFO - [2024-09-15T07:08:00.281+0000] {dagbag.py:587} INFO - Filling up the DagBag from /home/airflow/.local/lib/python3.12/site-packages/airflow/example_dags/tutorial_dag.py
[2024-09-15T07:08:00.302+0000] {processor.py:925} INFO - DAG(s) 'tutorial_dag' retrieved from /home/airflow/.local/lib/python3.12/site-packages/airflow/example_dags/tutorial_dag.py
[2024-09-15T07:08:00.352+0000] {logging_mixin.py:190} INFO - [2024-09-15T07:08:00.351+0000] {dag.py:3229} INFO - Sync 1 DAGs
[2024-09-15T07:08:00.397+0000] {logging_mixin.py:190} INFO - [2024-09-15T07:08:00.396+0000] {dag.py:4156} INFO - Setting next_dagrun for tutorial_dag to None, run_after=None
[2024-09-15T07:08:00.443+0000] {processor.py:208} INFO - Processing /home/airflow/.local/lib/python3.12/site-packages/airflow/example_dags/tutorial_dag.py took 0.181 seconds
[2024-09-15T07:12:21.674+0000] {processor.py:186} INFO - Started process (PID=1138) to work on /home/airflow/.local/lib/python3.12/site-packages/airflow/example_dags/tutorial_dag.py
[2024-09-15T07:12:21.676+0000] {processor.py:914} INFO - Processing file /home/airflow/.local/lib/python3.12/site-packages/airflow/example_dags/tutorial_dag.py for tasks to queue
[2024-09-15T07:12:21.678+0000] {logging_mixin.py:190} INFO - [2024-09-15T07:12:21.677+0000] {dagbag.py:587} INFO - Filling up the DagBag from /home/airflow/.local/lib/python3.12/site-packages/airflow/example_dags/tutorial_dag.py
[2024-09-15T07:12:21.691+0000] {processor.py:925} INFO - DAG(s) 'tutorial_dag' retrieved from /home/airflow/.local/lib/python3.12/site-packages/airflow/example_dags/tutorial_dag.py
[2024-09-15T07:12:21.736+0000] {logging_mixin.py:190} INFO - [2024-09-15T07:12:21.735+0000] {dag.py:3229} INFO - Sync 1 DAGs
[2024-09-15T07:12:21.771+0000] {logging_mixin.py:190} INFO - [2024-09-15T07:12:21.770+0000] {dag.py:4156} INFO - Setting next_dagrun for tutorial_dag to None, run_after=None
[2024-09-15T07:12:21.811+0000] {processor.py:208} INFO - Processing /home/airflow/.local/lib/python3.12/site-packages/airflow/example_dags/tutorial_dag.py took 0.150 seconds
[2024-09-15T07:12:52.706+0000] {processor.py:186} INFO - Started process (PID=1200) to work on /home/airflow/.local/lib/python3.12/site-packages/airflow/example_dags/tutorial_dag.py
[2024-09-15T07:12:52.709+0000] {processor.py:914} INFO - Processing file /home/airflow/.local/lib/python3.12/site-packages/airflow/example_dags/tutorial_dag.py for tasks to queue
[2024-09-15T07:12:52.712+0000] {logging_mixin.py:190} INFO - [2024-09-15T07:12:52.711+0000] {dagbag.py:587} INFO - Filling up the DagBag from /home/airflow/.local/lib/python3.12/site-packages/airflow/example_dags/tutorial_dag.py
[2024-09-15T07:12:52.732+0000] {processor.py:925} INFO - DAG(s) 'tutorial_dag' retrieved from /home/airflow/.local/lib/python3.12/site-packages/airflow/example_dags/tutorial_dag.py
[2024-09-15T07:12:52.797+0000] {logging_mixin.py:190} INFO - [2024-09-15T07:12:52.796+0000] {dag.py:3229} INFO - Sync 1 DAGs
[2024-09-15T07:12:52.844+0000] {logging_mixin.py:190} INFO - [2024-09-15T07:12:52.843+0000] {dag.py:4156} INFO - Setting next_dagrun for tutorial_dag to None, run_after=None
[2024-09-15T07:12:52.908+0000] {processor.py:208} INFO - Processing /home/airflow/.local/lib/python3.12/site-packages/airflow/example_dags/tutorial_dag.py took 0.216 seconds
[2024-09-15T07:13:23.028+0000] {processor.py:186} INFO - Started process (PID=1261) to work on /home/airflow/.local/lib/python3.12/site-packages/airflow/example_dags/tutorial_dag.py
[2024-09-15T07:13:23.029+0000] {processor.py:914} INFO - Processing file /home/airflow/.local/lib/python3.12/site-packages/airflow/example_dags/tutorial_dag.py for tasks to queue
[2024-09-15T07:13:23.032+0000] {logging_mixin.py:190} INFO - [2024-09-15T07:13:23.031+0000] {dagbag.py:587} INFO - Filling up the DagBag from /home/airflow/.local/lib/python3.12/site-packages/airflow/example_dags/tutorial_dag.py
[2024-09-15T07:13:23.045+0000] {processor.py:925} INFO - DAG(s) 'tutorial_dag' retrieved from /home/airflow/.local/lib/python3.12/site-packages/airflow/example_dags/tutorial_dag.py
[2024-09-15T07:13:23.078+0000] {logging_mixin.py:190} INFO - [2024-09-15T07:13:23.078+0000] {dag.py:3229} INFO - Sync 1 DAGs
[2024-09-15T07:13:23.105+0000] {logging_mixin.py:190} INFO - [2024-09-15T07:13:23.105+0000] {dag.py:4156} INFO - Setting next_dagrun for tutorial_dag to None, run_after=None
[2024-09-15T07:13:23.138+0000] {processor.py:208} INFO - Processing /home/airflow/.local/lib/python3.12/site-packages/airflow/example_dags/tutorial_dag.py took 0.122 seconds
[2024-09-15T07:13:53.910+0000] {processor.py:186} INFO - Started process (PID=1324) to work on /home/airflow/.local/lib/python3.12/site-packages/airflow/example_dags/tutorial_dag.py
[2024-09-15T07:13:53.912+0000] {processor.py:914} INFO - Processing file /home/airflow/.local/lib/python3.12/site-packages/airflow/example_dags/tutorial_dag.py for tasks to queue
[2024-09-15T07:13:53.914+0000] {logging_mixin.py:190} INFO - [2024-09-15T07:13:53.914+0000] {dagbag.py:587} INFO - Filling up the DagBag from /home/airflow/.local/lib/python3.12/site-packages/airflow/example_dags/tutorial_dag.py
[2024-09-15T07:13:53.930+0000] {processor.py:925} INFO - DAG(s) 'tutorial_dag' retrieved from /home/airflow/.local/lib/python3.12/site-packages/airflow/example_dags/tutorial_dag.py
[2024-09-15T07:13:53.972+0000] {logging_mixin.py:190} INFO - [2024-09-15T07:13:53.971+0000] {dag.py:3229} INFO - Sync 1 DAGs
[2024-09-15T07:13:54.014+0000] {logging_mixin.py:190} INFO - [2024-09-15T07:13:54.014+0000] {dag.py:4156} INFO - Setting next_dagrun for tutorial_dag to None, run_after=None
[2024-09-15T07:13:54.045+0000] {processor.py:208} INFO - Processing /home/airflow/.local/lib/python3.12/site-packages/airflow/example_dags/tutorial_dag.py took 0.146 seconds
[2024-09-15T07:14:24.797+0000] {processor.py:186} INFO - Started process (PID=1387) to work on /home/airflow/.local/lib/python3.12/site-packages/airflow/example_dags/tutorial_dag.py
[2024-09-15T07:14:24.799+0000] {processor.py:914} INFO - Processing file /home/airflow/.local/lib/python3.12/site-packages/airflow/example_dags/tutorial_dag.py for tasks to queue
[2024-09-15T07:14:24.801+0000] {logging_mixin.py:190} INFO - [2024-09-15T07:14:24.801+0000] {dagbag.py:587} INFO - Filling up the DagBag from /home/airflow/.local/lib/python3.12/site-packages/airflow/example_dags/tutorial_dag.py
[2024-09-15T07:14:24.815+0000] {processor.py:925} INFO - DAG(s) 'tutorial_dag' retrieved from /home/airflow/.local/lib/python3.12/site-packages/airflow/example_dags/tutorial_dag.py
[2024-09-15T07:14:24.848+0000] {logging_mixin.py:190} INFO - [2024-09-15T07:14:24.847+0000] {dag.py:3229} INFO - Sync 1 DAGs
[2024-09-15T07:14:24.876+0000] {logging_mixin.py:190} INFO - [2024-09-15T07:14:24.875+0000] {dag.py:4156} INFO - Setting next_dagrun for tutorial_dag to None, run_after=None
[2024-09-15T07:14:24.913+0000] {processor.py:208} INFO - Processing /home/airflow/.local/lib/python3.12/site-packages/airflow/example_dags/tutorial_dag.py took 0.126 seconds
[2024-09-15T07:14:55.390+0000] {processor.py:186} INFO - Started process (PID=1449) to work on /home/airflow/.local/lib/python3.12/site-packages/airflow/example_dags/tutorial_dag.py
[2024-09-15T07:14:55.391+0000] {processor.py:914} INFO - Processing file /home/airflow/.local/lib/python3.12/site-packages/airflow/example_dags/tutorial_dag.py for tasks to queue
[2024-09-15T07:14:55.394+0000] {logging_mixin.py:190} INFO - [2024-09-15T07:14:55.393+0000] {dagbag.py:587} INFO - Filling up the DagBag from /home/airflow/.local/lib/python3.12/site-packages/airflow/example_dags/tutorial_dag.py
[2024-09-15T07:14:55.409+0000] {processor.py:925} INFO - DAG(s) 'tutorial_dag' retrieved from /home/airflow/.local/lib/python3.12/site-packages/airflow/example_dags/tutorial_dag.py
[2024-09-15T07:14:55.444+0000] {logging_mixin.py:190} INFO - [2024-09-15T07:14:55.443+0000] {dag.py:3229} INFO - Sync 1 DAGs
[2024-09-15T07:14:55.473+0000] {logging_mixin.py:190} INFO - [2024-09-15T07:14:55.473+0000] {dag.py:4156} INFO - Setting next_dagrun for tutorial_dag to None, run_after=None
[2024-09-15T07:14:55.513+0000] {processor.py:208} INFO - Processing /home/airflow/.local/lib/python3.12/site-packages/airflow/example_dags/tutorial_dag.py took 0.139 seconds
[2024-09-15T07:15:42.502+0000] {processor.py:186} INFO - Started process (PID=1511) to work on /home/airflow/.local/lib/python3.12/site-packages/airflow/example_dags/tutorial_dag.py
[2024-09-15T07:15:42.504+0000] {processor.py:914} INFO - Processing file /home/airflow/.local/lib/python3.12/site-packages/airflow/example_dags/tutorial_dag.py for tasks to queue
[2024-09-15T07:15:42.508+0000] {logging_mixin.py:190} INFO - [2024-09-15T07:15:42.506+0000] {dagbag.py:587} INFO - Filling up the DagBag from /home/airflow/.local/lib/python3.12/site-packages/airflow/example_dags/tutorial_dag.py
[2024-09-15T07:15:42.525+0000] {processor.py:925} INFO - DAG(s) 'tutorial_dag' retrieved from /home/airflow/.local/lib/python3.12/site-packages/airflow/example_dags/tutorial_dag.py
[2024-09-15T07:15:42.577+0000] {logging_mixin.py:190} INFO - [2024-09-15T07:15:42.576+0000] {dag.py:3229} INFO - Sync 1 DAGs
[2024-09-15T07:15:42.616+0000] {logging_mixin.py:190} INFO - [2024-09-15T07:15:42.616+0000] {dag.py:4156} INFO - Setting next_dagrun for tutorial_dag to None, run_after=None
[2024-09-15T07:15:42.661+0000] {processor.py:208} INFO - Processing /home/airflow/.local/lib/python3.12/site-packages/airflow/example_dags/tutorial_dag.py took 0.176 seconds
[2024-09-15T07:16:13.123+0000] {processor.py:186} INFO - Started process (PID=1571) to work on /home/airflow/.local/lib/python3.12/site-packages/airflow/example_dags/tutorial_dag.py
[2024-09-15T07:16:13.125+0000] {processor.py:914} INFO - Processing file /home/airflow/.local/lib/python3.12/site-packages/airflow/example_dags/tutorial_dag.py for tasks to queue
[2024-09-15T07:16:13.128+0000] {logging_mixin.py:190} INFO - [2024-09-15T07:16:13.127+0000] {dagbag.py:587} INFO - Filling up the DagBag from /home/airflow/.local/lib/python3.12/site-packages/airflow/example_dags/tutorial_dag.py
[2024-09-15T07:16:13.153+0000] {processor.py:925} INFO - DAG(s) 'tutorial_dag' retrieved from /home/airflow/.local/lib/python3.12/site-packages/airflow/example_dags/tutorial_dag.py
[2024-09-15T07:16:13.237+0000] {logging_mixin.py:190} INFO - [2024-09-15T07:16:13.237+0000] {dag.py:3229} INFO - Sync 1 DAGs
[2024-09-15T07:16:13.275+0000] {logging_mixin.py:190} INFO - [2024-09-15T07:16:13.274+0000] {dag.py:4156} INFO - Setting next_dagrun for tutorial_dag to None, run_after=None
[2024-09-15T07:16:13.328+0000] {processor.py:208} INFO - Processing /home/airflow/.local/lib/python3.12/site-packages/airflow/example_dags/tutorial_dag.py took 0.221 seconds
[2024-09-15T07:18:25.288+0000] {processor.py:186} INFO - Started process (PID=1628) to work on /home/airflow/.local/lib/python3.12/site-packages/airflow/example_dags/tutorial_dag.py
[2024-09-15T07:18:25.291+0000] {processor.py:914} INFO - Processing file /home/airflow/.local/lib/python3.12/site-packages/airflow/example_dags/tutorial_dag.py for tasks to queue
[2024-09-15T07:18:25.294+0000] {logging_mixin.py:190} INFO - [2024-09-15T07:18:25.293+0000] {dagbag.py:587} INFO - Filling up the DagBag from /home/airflow/.local/lib/python3.12/site-packages/airflow/example_dags/tutorial_dag.py
[2024-09-15T07:18:25.312+0000] {processor.py:925} INFO - DAG(s) 'tutorial_dag' retrieved from /home/airflow/.local/lib/python3.12/site-packages/airflow/example_dags/tutorial_dag.py
[2024-09-15T07:18:25.351+0000] {logging_mixin.py:190} INFO - [2024-09-15T07:18:25.351+0000] {dag.py:3229} INFO - Sync 1 DAGs
[2024-09-15T07:18:25.381+0000] {logging_mixin.py:190} INFO - [2024-09-15T07:18:25.381+0000] {dag.py:4156} INFO - Setting next_dagrun for tutorial_dag to None, run_after=None
[2024-09-15T07:18:25.419+0000] {processor.py:208} INFO - Processing /home/airflow/.local/lib/python3.12/site-packages/airflow/example_dags/tutorial_dag.py took 0.143 seconds
[2024-09-15T07:18:56.074+0000] {processor.py:186} INFO - Started process (PID=1690) to work on /home/airflow/.local/lib/python3.12/site-packages/airflow/example_dags/tutorial_dag.py
[2024-09-15T07:18:56.077+0000] {processor.py:914} INFO - Processing file /home/airflow/.local/lib/python3.12/site-packages/airflow/example_dags/tutorial_dag.py for tasks to queue
[2024-09-15T07:18:56.082+0000] {logging_mixin.py:190} INFO - [2024-09-15T07:18:56.081+0000] {dagbag.py:587} INFO - Filling up the DagBag from /home/airflow/.local/lib/python3.12/site-packages/airflow/example_dags/tutorial_dag.py
[2024-09-15T07:18:56.102+0000] {processor.py:925} INFO - DAG(s) 'tutorial_dag' retrieved from /home/airflow/.local/lib/python3.12/site-packages/airflow/example_dags/tutorial_dag.py
[2024-09-15T07:18:56.140+0000] {logging_mixin.py:190} INFO - [2024-09-15T07:18:56.140+0000] {dag.py:3229} INFO - Sync 1 DAGs
[2024-09-15T07:18:56.194+0000] {logging_mixin.py:190} INFO - [2024-09-15T07:18:56.194+0000] {dag.py:4156} INFO - Setting next_dagrun for tutorial_dag to None, run_after=None
[2024-09-15T07:18:56.238+0000] {processor.py:208} INFO - Processing /home/airflow/.local/lib/python3.12/site-packages/airflow/example_dags/tutorial_dag.py took 0.180 seconds
[2024-09-15T07:19:26.885+0000] {processor.py:186} INFO - Started process (PID=1751) to work on /home/airflow/.local/lib/python3.12/site-packages/airflow/example_dags/tutorial_dag.py
[2024-09-15T07:19:26.887+0000] {processor.py:914} INFO - Processing file /home/airflow/.local/lib/python3.12/site-packages/airflow/example_dags/tutorial_dag.py for tasks to queue
[2024-09-15T07:19:26.889+0000] {logging_mixin.py:190} INFO - [2024-09-15T07:19:26.889+0000] {dagbag.py:587} INFO - Filling up the DagBag from /home/airflow/.local/lib/python3.12/site-packages/airflow/example_dags/tutorial_dag.py
[2024-09-15T07:19:26.901+0000] {processor.py:925} INFO - DAG(s) 'tutorial_dag' retrieved from /home/airflow/.local/lib/python3.12/site-packages/airflow/example_dags/tutorial_dag.py
[2024-09-15T07:19:26.938+0000] {logging_mixin.py:190} INFO - [2024-09-15T07:19:26.938+0000] {dag.py:3229} INFO - Sync 1 DAGs
[2024-09-15T07:19:26.976+0000] {logging_mixin.py:190} INFO - [2024-09-15T07:19:26.975+0000] {dag.py:4156} INFO - Setting next_dagrun for tutorial_dag to None, run_after=None
[2024-09-15T07:19:27.021+0000] {processor.py:208} INFO - Processing /home/airflow/.local/lib/python3.12/site-packages/airflow/example_dags/tutorial_dag.py took 0.147 seconds
[2024-09-15T07:19:57.573+0000] {processor.py:186} INFO - Started process (PID=1813) to work on /home/airflow/.local/lib/python3.12/site-packages/airflow/example_dags/tutorial_dag.py
[2024-09-15T07:19:57.575+0000] {processor.py:914} INFO - Processing file /home/airflow/.local/lib/python3.12/site-packages/airflow/example_dags/tutorial_dag.py for tasks to queue
[2024-09-15T07:19:57.579+0000] {logging_mixin.py:190} INFO - [2024-09-15T07:19:57.578+0000] {dagbag.py:587} INFO - Filling up the DagBag from /home/airflow/.local/lib/python3.12/site-packages/airflow/example_dags/tutorial_dag.py
[2024-09-15T07:19:57.595+0000] {processor.py:925} INFO - DAG(s) 'tutorial_dag' retrieved from /home/airflow/.local/lib/python3.12/site-packages/airflow/example_dags/tutorial_dag.py
[2024-09-15T07:19:57.634+0000] {logging_mixin.py:190} INFO - [2024-09-15T07:19:57.633+0000] {dag.py:3229} INFO - Sync 1 DAGs
[2024-09-15T07:19:57.671+0000] {logging_mixin.py:190} INFO - [2024-09-15T07:19:57.670+0000] {dag.py:4156} INFO - Setting next_dagrun for tutorial_dag to None, run_after=None
[2024-09-15T07:19:57.709+0000] {processor.py:208} INFO - Processing /home/airflow/.local/lib/python3.12/site-packages/airflow/example_dags/tutorial_dag.py took 0.148 seconds
[2024-09-15T07:20:28.275+0000] {processor.py:186} INFO - Started process (PID=1875) to work on /home/airflow/.local/lib/python3.12/site-packages/airflow/example_dags/tutorial_dag.py
[2024-09-15T07:20:28.277+0000] {processor.py:914} INFO - Processing file /home/airflow/.local/lib/python3.12/site-packages/airflow/example_dags/tutorial_dag.py for tasks to queue
[2024-09-15T07:20:28.281+0000] {logging_mixin.py:190} INFO - [2024-09-15T07:20:28.280+0000] {dagbag.py:587} INFO - Filling up the DagBag from /home/airflow/.local/lib/python3.12/site-packages/airflow/example_dags/tutorial_dag.py
[2024-09-15T07:20:28.299+0000] {processor.py:925} INFO - DAG(s) 'tutorial_dag' retrieved from /home/airflow/.local/lib/python3.12/site-packages/airflow/example_dags/tutorial_dag.py
[2024-09-15T07:20:28.349+0000] {logging_mixin.py:190} INFO - [2024-09-15T07:20:28.348+0000] {dag.py:3229} INFO - Sync 1 DAGs
[2024-09-15T07:20:28.405+0000] {logging_mixin.py:190} INFO - [2024-09-15T07:20:28.404+0000] {dag.py:4156} INFO - Setting next_dagrun for tutorial_dag to None, run_after=None
[2024-09-15T07:20:28.445+0000] {processor.py:208} INFO - Processing /home/airflow/.local/lib/python3.12/site-packages/airflow/example_dags/tutorial_dag.py took 0.184 seconds
[2024-09-15T07:23:06.136+0000] {processor.py:186} INFO - Started process (PID=1938) to work on /home/airflow/.local/lib/python3.12/site-packages/airflow/example_dags/tutorial_dag.py
[2024-09-15T07:23:06.137+0000] {processor.py:914} INFO - Processing file /home/airflow/.local/lib/python3.12/site-packages/airflow/example_dags/tutorial_dag.py for tasks to queue
[2024-09-15T07:23:06.140+0000] {logging_mixin.py:190} INFO - [2024-09-15T07:23:06.139+0000] {dagbag.py:587} INFO - Filling up the DagBag from /home/airflow/.local/lib/python3.12/site-packages/airflow/example_dags/tutorial_dag.py
[2024-09-15T07:23:06.155+0000] {processor.py:925} INFO - DAG(s) 'tutorial_dag' retrieved from /home/airflow/.local/lib/python3.12/site-packages/airflow/example_dags/tutorial_dag.py
[2024-09-15T07:23:06.194+0000] {logging_mixin.py:190} INFO - [2024-09-15T07:23:06.193+0000] {dag.py:3229} INFO - Sync 1 DAGs
[2024-09-15T07:23:06.226+0000] {logging_mixin.py:190} INFO - [2024-09-15T07:23:06.225+0000] {dag.py:4156} INFO - Setting next_dagrun for tutorial_dag to None, run_after=None
[2024-09-15T07:23:06.265+0000] {processor.py:208} INFO - Processing /home/airflow/.local/lib/python3.12/site-packages/airflow/example_dags/tutorial_dag.py took 0.139 seconds
[2024-09-15T07:23:37.122+0000] {processor.py:186} INFO - Started process (PID=2000) to work on /home/airflow/.local/lib/python3.12/site-packages/airflow/example_dags/tutorial_dag.py
[2024-09-15T07:23:37.124+0000] {processor.py:914} INFO - Processing file /home/airflow/.local/lib/python3.12/site-packages/airflow/example_dags/tutorial_dag.py for tasks to queue
[2024-09-15T07:23:37.127+0000] {logging_mixin.py:190} INFO - [2024-09-15T07:23:37.126+0000] {dagbag.py:587} INFO - Filling up the DagBag from /home/airflow/.local/lib/python3.12/site-packages/airflow/example_dags/tutorial_dag.py
[2024-09-15T07:23:37.144+0000] {processor.py:925} INFO - DAG(s) 'tutorial_dag' retrieved from /home/airflow/.local/lib/python3.12/site-packages/airflow/example_dags/tutorial_dag.py
[2024-09-15T07:23:37.191+0000] {logging_mixin.py:190} INFO - [2024-09-15T07:23:37.191+0000] {dag.py:3229} INFO - Sync 1 DAGs
[2024-09-15T07:23:37.234+0000] {logging_mixin.py:190} INFO - [2024-09-15T07:23:37.233+0000] {dag.py:4156} INFO - Setting next_dagrun for tutorial_dag to None, run_after=None
[2024-09-15T07:23:37.288+0000] {processor.py:208} INFO - Processing /home/airflow/.local/lib/python3.12/site-packages/airflow/example_dags/tutorial_dag.py took 0.180 seconds
[2024-09-15T07:24:07.407+0000] {processor.py:186} INFO - Started process (PID=2061) to work on /home/airflow/.local/lib/python3.12/site-packages/airflow/example_dags/tutorial_dag.py
[2024-09-15T07:24:07.409+0000] {processor.py:914} INFO - Processing file /home/airflow/.local/lib/python3.12/site-packages/airflow/example_dags/tutorial_dag.py for tasks to queue
[2024-09-15T07:24:07.412+0000] {logging_mixin.py:190} INFO - [2024-09-15T07:24:07.411+0000] {dagbag.py:587} INFO - Filling up the DagBag from /home/airflow/.local/lib/python3.12/site-packages/airflow/example_dags/tutorial_dag.py
[2024-09-15T07:24:07.426+0000] {processor.py:925} INFO - DAG(s) 'tutorial_dag' retrieved from /home/airflow/.local/lib/python3.12/site-packages/airflow/example_dags/tutorial_dag.py
[2024-09-15T07:24:07.456+0000] {logging_mixin.py:190} INFO - [2024-09-15T07:24:07.456+0000] {dag.py:3229} INFO - Sync 1 DAGs
[2024-09-15T07:24:07.482+0000] {logging_mixin.py:190} INFO - [2024-09-15T07:24:07.481+0000] {dag.py:4156} INFO - Setting next_dagrun for tutorial_dag to None, run_after=None
[2024-09-15T07:24:07.514+0000] {processor.py:208} INFO - Processing /home/airflow/.local/lib/python3.12/site-packages/airflow/example_dags/tutorial_dag.py took 0.120 seconds
[2024-09-15T07:24:38.275+0000] {processor.py:186} INFO - Started process (PID=2123) to work on /home/airflow/.local/lib/python3.12/site-packages/airflow/example_dags/tutorial_dag.py
[2024-09-15T07:24:38.277+0000] {processor.py:914} INFO - Processing file /home/airflow/.local/lib/python3.12/site-packages/airflow/example_dags/tutorial_dag.py for tasks to queue
[2024-09-15T07:24:38.280+0000] {logging_mixin.py:190} INFO - [2024-09-15T07:24:38.280+0000] {dagbag.py:587} INFO - Filling up the DagBag from /home/airflow/.local/lib/python3.12/site-packages/airflow/example_dags/tutorial_dag.py
[2024-09-15T07:24:38.297+0000] {processor.py:925} INFO - DAG(s) 'tutorial_dag' retrieved from /home/airflow/.local/lib/python3.12/site-packages/airflow/example_dags/tutorial_dag.py
[2024-09-15T07:24:38.327+0000] {logging_mixin.py:190} INFO - [2024-09-15T07:24:38.327+0000] {dag.py:3229} INFO - Sync 1 DAGs
[2024-09-15T07:24:38.353+0000] {logging_mixin.py:190} INFO - [2024-09-15T07:24:38.352+0000] {dag.py:4156} INFO - Setting next_dagrun for tutorial_dag to None, run_after=None
[2024-09-15T07:24:38.383+0000] {processor.py:208} INFO - Processing /home/airflow/.local/lib/python3.12/site-packages/airflow/example_dags/tutorial_dag.py took 0.118 seconds
[2024-09-15T07:25:09.096+0000] {processor.py:186} INFO - Started process (PID=2184) to work on /home/airflow/.local/lib/python3.12/site-packages/airflow/example_dags/tutorial_dag.py
[2024-09-15T07:25:09.098+0000] {processor.py:914} INFO - Processing file /home/airflow/.local/lib/python3.12/site-packages/airflow/example_dags/tutorial_dag.py for tasks to queue
[2024-09-15T07:25:09.101+0000] {logging_mixin.py:190} INFO - [2024-09-15T07:25:09.100+0000] {dagbag.py:587} INFO - Filling up the DagBag from /home/airflow/.local/lib/python3.12/site-packages/airflow/example_dags/tutorial_dag.py
[2024-09-15T07:25:09.116+0000] {processor.py:925} INFO - DAG(s) 'tutorial_dag' retrieved from /home/airflow/.local/lib/python3.12/site-packages/airflow/example_dags/tutorial_dag.py
[2024-09-15T07:25:09.160+0000] {logging_mixin.py:190} INFO - [2024-09-15T07:25:09.159+0000] {dag.py:3229} INFO - Sync 1 DAGs
[2024-09-15T07:25:09.199+0000] {logging_mixin.py:190} INFO - [2024-09-15T07:25:09.199+0000] {dag.py:4156} INFO - Setting next_dagrun for tutorial_dag to None, run_after=None
[2024-09-15T07:25:09.241+0000] {processor.py:208} INFO - Processing /home/airflow/.local/lib/python3.12/site-packages/airflow/example_dags/tutorial_dag.py took 0.157 seconds
[2024-09-15T08:02:19.227+0000] {processor.py:186} INFO - Started process (PID=2243) to work on /home/airflow/.local/lib/python3.12/site-packages/airflow/example_dags/tutorial_dag.py
[2024-09-15T08:02:19.231+0000] {processor.py:914} INFO - Processing file /home/airflow/.local/lib/python3.12/site-packages/airflow/example_dags/tutorial_dag.py for tasks to queue
[2024-09-15T08:02:19.237+0000] {logging_mixin.py:190} INFO - [2024-09-15T08:02:19.236+0000] {dagbag.py:587} INFO - Filling up the DagBag from /home/airflow/.local/lib/python3.12/site-packages/airflow/example_dags/tutorial_dag.py
[2024-09-15T08:02:19.279+0000] {processor.py:925} INFO - DAG(s) 'tutorial_dag' retrieved from /home/airflow/.local/lib/python3.12/site-packages/airflow/example_dags/tutorial_dag.py
[2024-09-15T08:02:19.360+0000] {logging_mixin.py:190} INFO - [2024-09-15T08:02:19.359+0000] {dag.py:3229} INFO - Sync 1 DAGs
[2024-09-15T08:02:19.429+0000] {logging_mixin.py:190} INFO - [2024-09-15T08:02:19.428+0000] {dag.py:4156} INFO - Setting next_dagrun for tutorial_dag to None, run_after=None
[2024-09-15T08:02:19.523+0000] {processor.py:208} INFO - Processing /home/airflow/.local/lib/python3.12/site-packages/airflow/example_dags/tutorial_dag.py took 0.311 seconds
[2024-09-15T08:04:52.779+0000] {processor.py:186} INFO - Started process (PID=2312) to work on /home/airflow/.local/lib/python3.12/site-packages/airflow/example_dags/tutorial_dag.py
[2024-09-15T08:04:52.781+0000] {processor.py:914} INFO - Processing file /home/airflow/.local/lib/python3.12/site-packages/airflow/example_dags/tutorial_dag.py for tasks to queue
[2024-09-15T08:04:52.784+0000] {logging_mixin.py:190} INFO - [2024-09-15T08:04:52.783+0000] {dagbag.py:587} INFO - Filling up the DagBag from /home/airflow/.local/lib/python3.12/site-packages/airflow/example_dags/tutorial_dag.py
[2024-09-15T08:04:52.801+0000] {processor.py:925} INFO - DAG(s) 'tutorial_dag' retrieved from /home/airflow/.local/lib/python3.12/site-packages/airflow/example_dags/tutorial_dag.py
[2024-09-15T08:04:52.855+0000] {logging_mixin.py:190} INFO - [2024-09-15T08:04:52.854+0000] {dag.py:3229} INFO - Sync 1 DAGs
[2024-09-15T08:04:52.897+0000] {logging_mixin.py:190} INFO - [2024-09-15T08:04:52.897+0000] {dag.py:4156} INFO - Setting next_dagrun for tutorial_dag to None, run_after=None
[2024-09-15T08:04:52.940+0000] {processor.py:208} INFO - Processing /home/airflow/.local/lib/python3.12/site-packages/airflow/example_dags/tutorial_dag.py took 0.173 seconds
[2024-09-15T08:05:23.482+0000] {processor.py:186} INFO - Started process (PID=2374) to work on /home/airflow/.local/lib/python3.12/site-packages/airflow/example_dags/tutorial_dag.py
[2024-09-15T08:05:23.484+0000] {processor.py:914} INFO - Processing file /home/airflow/.local/lib/python3.12/site-packages/airflow/example_dags/tutorial_dag.py for tasks to queue
[2024-09-15T08:05:23.492+0000] {logging_mixin.py:190} INFO - [2024-09-15T08:05:23.491+0000] {dagbag.py:587} INFO - Filling up the DagBag from /home/airflow/.local/lib/python3.12/site-packages/airflow/example_dags/tutorial_dag.py
[2024-09-15T08:05:23.527+0000] {processor.py:925} INFO - DAG(s) 'tutorial_dag' retrieved from /home/airflow/.local/lib/python3.12/site-packages/airflow/example_dags/tutorial_dag.py
[2024-09-15T08:05:23.604+0000] {logging_mixin.py:190} INFO - [2024-09-15T08:05:23.604+0000] {dag.py:3229} INFO - Sync 1 DAGs
[2024-09-15T08:05:23.644+0000] {logging_mixin.py:190} INFO - [2024-09-15T08:05:23.643+0000] {dag.py:4156} INFO - Setting next_dagrun for tutorial_dag to None, run_after=None
[2024-09-15T08:05:23.686+0000] {processor.py:208} INFO - Processing /home/airflow/.local/lib/python3.12/site-packages/airflow/example_dags/tutorial_dag.py took 0.219 seconds
[2024-09-15T08:05:53.823+0000] {processor.py:186} INFO - Started process (PID=2437) to work on /home/airflow/.local/lib/python3.12/site-packages/airflow/example_dags/tutorial_dag.py
[2024-09-15T08:05:53.824+0000] {processor.py:914} INFO - Processing file /home/airflow/.local/lib/python3.12/site-packages/airflow/example_dags/tutorial_dag.py for tasks to queue
[2024-09-15T08:05:53.827+0000] {logging_mixin.py:190} INFO - [2024-09-15T08:05:53.826+0000] {dagbag.py:587} INFO - Filling up the DagBag from /home/airflow/.local/lib/python3.12/site-packages/airflow/example_dags/tutorial_dag.py
[2024-09-15T08:05:53.840+0000] {processor.py:925} INFO - DAG(s) 'tutorial_dag' retrieved from /home/airflow/.local/lib/python3.12/site-packages/airflow/example_dags/tutorial_dag.py
[2024-09-15T08:05:53.877+0000] {logging_mixin.py:190} INFO - [2024-09-15T08:05:53.877+0000] {dag.py:3229} INFO - Sync 1 DAGs
[2024-09-15T08:05:53.913+0000] {logging_mixin.py:190} INFO - [2024-09-15T08:05:53.913+0000] {dag.py:4156} INFO - Setting next_dagrun for tutorial_dag to None, run_after=None
[2024-09-15T08:05:53.951+0000] {processor.py:208} INFO - Processing /home/airflow/.local/lib/python3.12/site-packages/airflow/example_dags/tutorial_dag.py took 0.141 seconds
[2024-09-15T08:06:24.123+0000] {processor.py:186} INFO - Started process (PID=2499) to work on /home/airflow/.local/lib/python3.12/site-packages/airflow/example_dags/tutorial_dag.py
[2024-09-15T08:06:24.126+0000] {processor.py:914} INFO - Processing file /home/airflow/.local/lib/python3.12/site-packages/airflow/example_dags/tutorial_dag.py for tasks to queue
[2024-09-15T08:06:24.130+0000] {logging_mixin.py:190} INFO - [2024-09-15T08:06:24.129+0000] {dagbag.py:587} INFO - Filling up the DagBag from /home/airflow/.local/lib/python3.12/site-packages/airflow/example_dags/tutorial_dag.py
[2024-09-15T08:06:24.151+0000] {processor.py:925} INFO - DAG(s) 'tutorial_dag' retrieved from /home/airflow/.local/lib/python3.12/site-packages/airflow/example_dags/tutorial_dag.py
[2024-09-15T08:06:24.206+0000] {logging_mixin.py:190} INFO - [2024-09-15T08:06:24.205+0000] {dag.py:3229} INFO - Sync 1 DAGs
[2024-09-15T08:06:24.245+0000] {logging_mixin.py:190} INFO - [2024-09-15T08:06:24.245+0000] {dag.py:4156} INFO - Setting next_dagrun for tutorial_dag to None, run_after=None
[2024-09-15T08:06:24.294+0000] {processor.py:208} INFO - Processing /home/airflow/.local/lib/python3.12/site-packages/airflow/example_dags/tutorial_dag.py took 0.185 seconds
[2024-09-15T08:06:56.293+0000] {processor.py:186} INFO - Started process (PID=2562) to work on /home/airflow/.local/lib/python3.12/site-packages/airflow/example_dags/tutorial_dag.py
[2024-09-15T08:06:56.299+0000] {processor.py:914} INFO - Processing file /home/airflow/.local/lib/python3.12/site-packages/airflow/example_dags/tutorial_dag.py for tasks to queue
[2024-09-15T08:06:56.306+0000] {logging_mixin.py:190} INFO - [2024-09-15T08:06:56.305+0000] {dagbag.py:587} INFO - Filling up the DagBag from /home/airflow/.local/lib/python3.12/site-packages/airflow/example_dags/tutorial_dag.py
[2024-09-15T08:06:56.328+0000] {processor.py:925} INFO - DAG(s) 'tutorial_dag' retrieved from /home/airflow/.local/lib/python3.12/site-packages/airflow/example_dags/tutorial_dag.py
[2024-09-15T08:06:56.434+0000] {logging_mixin.py:190} INFO - [2024-09-15T08:06:56.433+0000] {dag.py:3229} INFO - Sync 1 DAGs
[2024-09-15T08:06:56.494+0000] {logging_mixin.py:190} INFO - [2024-09-15T08:06:56.493+0000] {dag.py:4156} INFO - Setting next_dagrun for tutorial_dag to None, run_after=None
[2024-09-15T08:06:56.590+0000] {processor.py:208} INFO - Processing /home/airflow/.local/lib/python3.12/site-packages/airflow/example_dags/tutorial_dag.py took 0.318 seconds
[2024-09-15T08:07:27.515+0000] {processor.py:186} INFO - Started process (PID=2624) to work on /home/airflow/.local/lib/python3.12/site-packages/airflow/example_dags/tutorial_dag.py
[2024-09-15T08:07:27.517+0000] {processor.py:914} INFO - Processing file /home/airflow/.local/lib/python3.12/site-packages/airflow/example_dags/tutorial_dag.py for tasks to queue
[2024-09-15T08:07:27.520+0000] {logging_mixin.py:190} INFO - [2024-09-15T08:07:27.519+0000] {dagbag.py:587} INFO - Filling up the DagBag from /home/airflow/.local/lib/python3.12/site-packages/airflow/example_dags/tutorial_dag.py
[2024-09-15T08:07:27.542+0000] {processor.py:925} INFO - DAG(s) 'tutorial_dag' retrieved from /home/airflow/.local/lib/python3.12/site-packages/airflow/example_dags/tutorial_dag.py
[2024-09-15T08:07:27.593+0000] {logging_mixin.py:190} INFO - [2024-09-15T08:07:27.593+0000] {dag.py:3229} INFO - Sync 1 DAGs
[2024-09-15T08:07:27.637+0000] {logging_mixin.py:190} INFO - [2024-09-15T08:07:27.636+0000] {dag.py:4156} INFO - Setting next_dagrun for tutorial_dag to None, run_after=None
[2024-09-15T08:07:27.708+0000] {processor.py:208} INFO - Processing /home/airflow/.local/lib/python3.12/site-packages/airflow/example_dags/tutorial_dag.py took 0.208 seconds
[2024-09-15T08:07:58.239+0000] {processor.py:186} INFO - Started process (PID=2686) to work on /home/airflow/.local/lib/python3.12/site-packages/airflow/example_dags/tutorial_dag.py
[2024-09-15T08:07:58.241+0000] {processor.py:914} INFO - Processing file /home/airflow/.local/lib/python3.12/site-packages/airflow/example_dags/tutorial_dag.py for tasks to queue
[2024-09-15T08:07:58.243+0000] {logging_mixin.py:190} INFO - [2024-09-15T08:07:58.243+0000] {dagbag.py:587} INFO - Filling up the DagBag from /home/airflow/.local/lib/python3.12/site-packages/airflow/example_dags/tutorial_dag.py
[2024-09-15T08:07:58.258+0000] {processor.py:925} INFO - DAG(s) 'tutorial_dag' retrieved from /home/airflow/.local/lib/python3.12/site-packages/airflow/example_dags/tutorial_dag.py
[2024-09-15T08:07:58.291+0000] {logging_mixin.py:190} INFO - [2024-09-15T08:07:58.291+0000] {dag.py:3229} INFO - Sync 1 DAGs
[2024-09-15T08:07:58.327+0000] {logging_mixin.py:190} INFO - [2024-09-15T08:07:58.327+0000] {dag.py:4156} INFO - Setting next_dagrun for tutorial_dag to None, run_after=None
[2024-09-15T08:07:58.360+0000] {processor.py:208} INFO - Processing /home/airflow/.local/lib/python3.12/site-packages/airflow/example_dags/tutorial_dag.py took 0.137 seconds
[2024-09-15T08:16:29.990+0000] {processor.py:186} INFO - Started process (PID=3114) to work on /home/airflow/.local/lib/python3.12/site-packages/airflow/example_dags/tutorial_dag.py
[2024-09-15T08:16:29.995+0000] {processor.py:914} INFO - Processing file /home/airflow/.local/lib/python3.12/site-packages/airflow/example_dags/tutorial_dag.py for tasks to queue
[2024-09-15T08:16:30.001+0000] {logging_mixin.py:190} INFO - [2024-09-15T08:16:30.000+0000] {dagbag.py:587} INFO - Filling up the DagBag from /home/airflow/.local/lib/python3.12/site-packages/airflow/example_dags/tutorial_dag.py
[2024-09-15T08:16:30.025+0000] {processor.py:925} INFO - DAG(s) 'tutorial_dag' retrieved from /home/airflow/.local/lib/python3.12/site-packages/airflow/example_dags/tutorial_dag.py
[2024-09-15T08:16:30.078+0000] {logging_mixin.py:190} INFO - [2024-09-15T08:16:30.078+0000] {dag.py:3229} INFO - Sync 1 DAGs
[2024-09-15T08:16:30.128+0000] {logging_mixin.py:190} INFO - [2024-09-15T08:16:30.128+0000] {dag.py:4156} INFO - Setting next_dagrun for tutorial_dag to None, run_after=None
[2024-09-15T08:16:30.185+0000] {processor.py:208} INFO - Processing /home/airflow/.local/lib/python3.12/site-packages/airflow/example_dags/tutorial_dag.py took 0.217 seconds
[2024-09-15T08:18:42.348+0000] {processor.py:186} INFO - Started process (PID=3153) to work on /home/airflow/.local/lib/python3.12/site-packages/airflow/example_dags/tutorial_dag.py
[2024-09-15T08:18:42.350+0000] {processor.py:914} INFO - Processing file /home/airflow/.local/lib/python3.12/site-packages/airflow/example_dags/tutorial_dag.py for tasks to queue
[2024-09-15T08:18:42.352+0000] {logging_mixin.py:190} INFO - [2024-09-15T08:18:42.352+0000] {dagbag.py:587} INFO - Filling up the DagBag from /home/airflow/.local/lib/python3.12/site-packages/airflow/example_dags/tutorial_dag.py
[2024-09-15T08:18:42.367+0000] {processor.py:925} INFO - DAG(s) 'tutorial_dag' retrieved from /home/airflow/.local/lib/python3.12/site-packages/airflow/example_dags/tutorial_dag.py
[2024-09-15T08:18:42.412+0000] {logging_mixin.py:190} INFO - [2024-09-15T08:18:42.411+0000] {dag.py:3229} INFO - Sync 1 DAGs
[2024-09-15T08:18:42.451+0000] {logging_mixin.py:190} INFO - [2024-09-15T08:18:42.450+0000] {dag.py:4156} INFO - Setting next_dagrun for tutorial_dag to None, run_after=None
[2024-09-15T08:18:42.487+0000] {processor.py:208} INFO - Processing /home/airflow/.local/lib/python3.12/site-packages/airflow/example_dags/tutorial_dag.py took 0.150 seconds
[2024-09-15T08:19:14.658+0000] {processor.py:186} INFO - Started process (PID=3216) to work on /home/airflow/.local/lib/python3.12/site-packages/airflow/example_dags/tutorial_dag.py
[2024-09-15T08:19:14.660+0000] {processor.py:914} INFO - Processing file /home/airflow/.local/lib/python3.12/site-packages/airflow/example_dags/tutorial_dag.py for tasks to queue
[2024-09-15T08:19:14.664+0000] {logging_mixin.py:190} INFO - [2024-09-15T08:19:14.663+0000] {dagbag.py:587} INFO - Filling up the DagBag from /home/airflow/.local/lib/python3.12/site-packages/airflow/example_dags/tutorial_dag.py
[2024-09-15T08:19:14.681+0000] {processor.py:925} INFO - DAG(s) 'tutorial_dag' retrieved from /home/airflow/.local/lib/python3.12/site-packages/airflow/example_dags/tutorial_dag.py
[2024-09-15T08:19:14.752+0000] {logging_mixin.py:190} INFO - [2024-09-15T08:19:14.751+0000] {dag.py:3229} INFO - Sync 1 DAGs
[2024-09-15T08:19:14.797+0000] {logging_mixin.py:190} INFO - [2024-09-15T08:19:14.797+0000] {dag.py:4156} INFO - Setting next_dagrun for tutorial_dag to None, run_after=None
[2024-09-15T08:19:14.850+0000] {processor.py:208} INFO - Processing /home/airflow/.local/lib/python3.12/site-packages/airflow/example_dags/tutorial_dag.py took 0.208 seconds
[2024-09-15T08:19:45.504+0000] {processor.py:186} INFO - Started process (PID=3277) to work on /home/airflow/.local/lib/python3.12/site-packages/airflow/example_dags/tutorial_dag.py
[2024-09-15T08:19:45.507+0000] {processor.py:914} INFO - Processing file /home/airflow/.local/lib/python3.12/site-packages/airflow/example_dags/tutorial_dag.py for tasks to queue
[2024-09-15T08:19:45.511+0000] {logging_mixin.py:190} INFO - [2024-09-15T08:19:45.510+0000] {dagbag.py:587} INFO - Filling up the DagBag from /home/airflow/.local/lib/python3.12/site-packages/airflow/example_dags/tutorial_dag.py
[2024-09-15T08:19:45.531+0000] {processor.py:925} INFO - DAG(s) 'tutorial_dag' retrieved from /home/airflow/.local/lib/python3.12/site-packages/airflow/example_dags/tutorial_dag.py
[2024-09-15T08:19:45.577+0000] {logging_mixin.py:190} INFO - [2024-09-15T08:19:45.576+0000] {dag.py:3229} INFO - Sync 1 DAGs
[2024-09-15T08:19:45.615+0000] {logging_mixin.py:190} INFO - [2024-09-15T08:19:45.614+0000] {dag.py:4156} INFO - Setting next_dagrun for tutorial_dag to None, run_after=None
[2024-09-15T08:19:45.656+0000] {processor.py:208} INFO - Processing /home/airflow/.local/lib/python3.12/site-packages/airflow/example_dags/tutorial_dag.py took 0.162 seconds
[2024-09-15T08:20:15.855+0000] {processor.py:186} INFO - Started process (PID=3339) to work on /home/airflow/.local/lib/python3.12/site-packages/airflow/example_dags/tutorial_dag.py
[2024-09-15T08:20:15.856+0000] {processor.py:914} INFO - Processing file /home/airflow/.local/lib/python3.12/site-packages/airflow/example_dags/tutorial_dag.py for tasks to queue
[2024-09-15T08:20:15.860+0000] {logging_mixin.py:190} INFO - [2024-09-15T08:20:15.859+0000] {dagbag.py:587} INFO - Filling up the DagBag from /home/airflow/.local/lib/python3.12/site-packages/airflow/example_dags/tutorial_dag.py
[2024-09-15T08:20:15.878+0000] {processor.py:925} INFO - DAG(s) 'tutorial_dag' retrieved from /home/airflow/.local/lib/python3.12/site-packages/airflow/example_dags/tutorial_dag.py
[2024-09-15T08:20:15.923+0000] {logging_mixin.py:190} INFO - [2024-09-15T08:20:15.922+0000] {dag.py:3229} INFO - Sync 1 DAGs
[2024-09-15T08:20:15.957+0000] {logging_mixin.py:190} INFO - [2024-09-15T08:20:15.956+0000] {dag.py:4156} INFO - Setting next_dagrun for tutorial_dag to None, run_after=None
[2024-09-15T08:20:16.003+0000] {processor.py:208} INFO - Processing /home/airflow/.local/lib/python3.12/site-packages/airflow/example_dags/tutorial_dag.py took 0.163 seconds
[2024-09-15T08:21:51.026+0000] {processor.py:186} INFO - Started process (PID=3403) to work on /home/airflow/.local/lib/python3.12/site-packages/airflow/example_dags/tutorial_dag.py
[2024-09-15T08:21:51.027+0000] {processor.py:914} INFO - Processing file /home/airflow/.local/lib/python3.12/site-packages/airflow/example_dags/tutorial_dag.py for tasks to queue
[2024-09-15T08:21:51.030+0000] {logging_mixin.py:190} INFO - [2024-09-15T08:21:51.029+0000] {dagbag.py:587} INFO - Filling up the DagBag from /home/airflow/.local/lib/python3.12/site-packages/airflow/example_dags/tutorial_dag.py
[2024-09-15T08:21:51.044+0000] {processor.py:925} INFO - DAG(s) 'tutorial_dag' retrieved from /home/airflow/.local/lib/python3.12/site-packages/airflow/example_dags/tutorial_dag.py
[2024-09-15T08:21:51.087+0000] {logging_mixin.py:190} INFO - [2024-09-15T08:21:51.086+0000] {dag.py:3229} INFO - Sync 1 DAGs
[2024-09-15T08:21:51.120+0000] {logging_mixin.py:190} INFO - [2024-09-15T08:21:51.119+0000] {dag.py:4156} INFO - Setting next_dagrun for tutorial_dag to None, run_after=None
[2024-09-15T08:21:51.165+0000] {processor.py:208} INFO - Processing /home/airflow/.local/lib/python3.12/site-packages/airflow/example_dags/tutorial_dag.py took 0.152 seconds
[2024-09-15T08:22:26.442+0000] {processor.py:186} INFO - Started process (PID=3465) to work on /home/airflow/.local/lib/python3.12/site-packages/airflow/example_dags/tutorial_dag.py
[2024-09-15T08:22:26.444+0000] {processor.py:914} INFO - Processing file /home/airflow/.local/lib/python3.12/site-packages/airflow/example_dags/tutorial_dag.py for tasks to queue
[2024-09-15T08:22:26.448+0000] {logging_mixin.py:190} INFO - [2024-09-15T08:22:26.447+0000] {dagbag.py:587} INFO - Filling up the DagBag from /home/airflow/.local/lib/python3.12/site-packages/airflow/example_dags/tutorial_dag.py
[2024-09-15T08:22:26.469+0000] {processor.py:925} INFO - DAG(s) 'tutorial_dag' retrieved from /home/airflow/.local/lib/python3.12/site-packages/airflow/example_dags/tutorial_dag.py
[2024-09-15T08:22:26.524+0000] {logging_mixin.py:190} INFO - [2024-09-15T08:22:26.523+0000] {dag.py:3229} INFO - Sync 1 DAGs
[2024-09-15T08:22:26.572+0000] {logging_mixin.py:190} INFO - [2024-09-15T08:22:26.571+0000] {dag.py:4156} INFO - Setting next_dagrun for tutorial_dag to None, run_after=None
[2024-09-15T08:22:26.625+0000] {processor.py:208} INFO - Processing /home/airflow/.local/lib/python3.12/site-packages/airflow/example_dags/tutorial_dag.py took 0.198 seconds
[2024-09-15T08:22:57.552+0000] {processor.py:186} INFO - Started process (PID=3525) to work on /home/airflow/.local/lib/python3.12/site-packages/airflow/example_dags/tutorial_dag.py
[2024-09-15T08:22:57.554+0000] {processor.py:914} INFO - Processing file /home/airflow/.local/lib/python3.12/site-packages/airflow/example_dags/tutorial_dag.py for tasks to queue
[2024-09-15T08:22:57.559+0000] {logging_mixin.py:190} INFO - [2024-09-15T08:22:57.558+0000] {dagbag.py:587} INFO - Filling up the DagBag from /home/airflow/.local/lib/python3.12/site-packages/airflow/example_dags/tutorial_dag.py
[2024-09-15T08:22:57.578+0000] {processor.py:925} INFO - DAG(s) 'tutorial_dag' retrieved from /home/airflow/.local/lib/python3.12/site-packages/airflow/example_dags/tutorial_dag.py
[2024-09-15T08:22:57.634+0000] {logging_mixin.py:190} INFO - [2024-09-15T08:22:57.633+0000] {dag.py:3229} INFO - Sync 1 DAGs
[2024-09-15T08:22:58.116+0000] {logging_mixin.py:190} INFO - [2024-09-15T08:22:58.116+0000] {dag.py:4156} INFO - Setting next_dagrun for tutorial_dag to None, run_after=None
[2024-09-15T08:22:58.171+0000] {processor.py:208} INFO - Processing /home/airflow/.local/lib/python3.12/site-packages/airflow/example_dags/tutorial_dag.py took 0.634 seconds
[2024-09-15T08:23:28.845+0000] {processor.py:186} INFO - Started process (PID=3586) to work on /home/airflow/.local/lib/python3.12/site-packages/airflow/example_dags/tutorial_dag.py
[2024-09-15T08:23:28.846+0000] {processor.py:914} INFO - Processing file /home/airflow/.local/lib/python3.12/site-packages/airflow/example_dags/tutorial_dag.py for tasks to queue
[2024-09-15T08:23:28.849+0000] {logging_mixin.py:190} INFO - [2024-09-15T08:23:28.848+0000] {dagbag.py:587} INFO - Filling up the DagBag from /home/airflow/.local/lib/python3.12/site-packages/airflow/example_dags/tutorial_dag.py
[2024-09-15T08:23:28.861+0000] {processor.py:925} INFO - DAG(s) 'tutorial_dag' retrieved from /home/airflow/.local/lib/python3.12/site-packages/airflow/example_dags/tutorial_dag.py
[2024-09-15T08:23:28.898+0000] {logging_mixin.py:190} INFO - [2024-09-15T08:23:28.898+0000] {dag.py:3229} INFO - Sync 1 DAGs
[2024-09-15T08:23:28.927+0000] {logging_mixin.py:190} INFO - [2024-09-15T08:23:28.926+0000] {dag.py:4156} INFO - Setting next_dagrun for tutorial_dag to None, run_after=None
[2024-09-15T08:23:28.966+0000] {processor.py:208} INFO - Processing /home/airflow/.local/lib/python3.12/site-packages/airflow/example_dags/tutorial_dag.py took 0.132 seconds
[2024-09-15T08:23:59.773+0000] {processor.py:186} INFO - Started process (PID=3648) to work on /home/airflow/.local/lib/python3.12/site-packages/airflow/example_dags/tutorial_dag.py
[2024-09-15T08:23:59.776+0000] {processor.py:914} INFO - Processing file /home/airflow/.local/lib/python3.12/site-packages/airflow/example_dags/tutorial_dag.py for tasks to queue
[2024-09-15T08:23:59.779+0000] {logging_mixin.py:190} INFO - [2024-09-15T08:23:59.778+0000] {dagbag.py:587} INFO - Filling up the DagBag from /home/airflow/.local/lib/python3.12/site-packages/airflow/example_dags/tutorial_dag.py
[2024-09-15T08:23:59.796+0000] {processor.py:925} INFO - DAG(s) 'tutorial_dag' retrieved from /home/airflow/.local/lib/python3.12/site-packages/airflow/example_dags/tutorial_dag.py
[2024-09-15T08:23:59.839+0000] {logging_mixin.py:190} INFO - [2024-09-15T08:23:59.839+0000] {dag.py:3229} INFO - Sync 1 DAGs
[2024-09-15T08:23:59.877+0000] {logging_mixin.py:190} INFO - [2024-09-15T08:23:59.877+0000] {dag.py:4156} INFO - Setting next_dagrun for tutorial_dag to None, run_after=None
[2024-09-15T08:23:59.933+0000] {processor.py:208} INFO - Processing /home/airflow/.local/lib/python3.12/site-packages/airflow/example_dags/tutorial_dag.py took 0.174 seconds
[2024-09-15T08:25:31.426+0000] {processor.py:186} INFO - Started process (PID=3721) to work on /home/airflow/.local/lib/python3.12/site-packages/airflow/example_dags/tutorial_dag.py
[2024-09-15T08:25:31.428+0000] {processor.py:914} INFO - Processing file /home/airflow/.local/lib/python3.12/site-packages/airflow/example_dags/tutorial_dag.py for tasks to queue
[2024-09-15T08:25:31.432+0000] {logging_mixin.py:190} INFO - [2024-09-15T08:25:31.431+0000] {dagbag.py:587} INFO - Filling up the DagBag from /home/airflow/.local/lib/python3.12/site-packages/airflow/example_dags/tutorial_dag.py
[2024-09-15T08:25:31.449+0000] {processor.py:925} INFO - DAG(s) 'tutorial_dag' retrieved from /home/airflow/.local/lib/python3.12/site-packages/airflow/example_dags/tutorial_dag.py
[2024-09-15T08:25:31.497+0000] {logging_mixin.py:190} INFO - [2024-09-15T08:25:31.496+0000] {dag.py:3229} INFO - Sync 1 DAGs
[2024-09-15T08:25:31.537+0000] {logging_mixin.py:190} INFO - [2024-09-15T08:25:31.536+0000] {dag.py:4156} INFO - Setting next_dagrun for tutorial_dag to None, run_after=None
[2024-09-15T08:25:31.583+0000] {processor.py:208} INFO - Processing /home/airflow/.local/lib/python3.12/site-packages/airflow/example_dags/tutorial_dag.py took 0.173 seconds
[2024-09-15T08:26:02.675+0000] {processor.py:186} INFO - Started process (PID=3783) to work on /home/airflow/.local/lib/python3.12/site-packages/airflow/example_dags/tutorial_dag.py
[2024-09-15T08:26:02.677+0000] {processor.py:914} INFO - Processing file /home/airflow/.local/lib/python3.12/site-packages/airflow/example_dags/tutorial_dag.py for tasks to queue
[2024-09-15T08:26:02.680+0000] {logging_mixin.py:190} INFO - [2024-09-15T08:26:02.679+0000] {dagbag.py:587} INFO - Filling up the DagBag from /home/airflow/.local/lib/python3.12/site-packages/airflow/example_dags/tutorial_dag.py
[2024-09-15T08:26:02.699+0000] {processor.py:925} INFO - DAG(s) 'tutorial_dag' retrieved from /home/airflow/.local/lib/python3.12/site-packages/airflow/example_dags/tutorial_dag.py
[2024-09-15T08:26:02.765+0000] {logging_mixin.py:190} INFO - [2024-09-15T08:26:02.764+0000] {dag.py:3229} INFO - Sync 1 DAGs
[2024-09-15T08:26:02.804+0000] {logging_mixin.py:190} INFO - [2024-09-15T08:26:02.803+0000] {dag.py:4156} INFO - Setting next_dagrun for tutorial_dag to None, run_after=None
[2024-09-15T08:26:02.874+0000] {processor.py:208} INFO - Processing /home/airflow/.local/lib/python3.12/site-packages/airflow/example_dags/tutorial_dag.py took 0.212 seconds
[2024-09-15T08:26:33.068+0000] {processor.py:186} INFO - Started process (PID=3844) to work on /home/airflow/.local/lib/python3.12/site-packages/airflow/example_dags/tutorial_dag.py
[2024-09-15T08:26:33.070+0000] {processor.py:914} INFO - Processing file /home/airflow/.local/lib/python3.12/site-packages/airflow/example_dags/tutorial_dag.py for tasks to queue
[2024-09-15T08:26:33.072+0000] {logging_mixin.py:190} INFO - [2024-09-15T08:26:33.072+0000] {dagbag.py:587} INFO - Filling up the DagBag from /home/airflow/.local/lib/python3.12/site-packages/airflow/example_dags/tutorial_dag.py
[2024-09-15T08:26:33.089+0000] {processor.py:925} INFO - DAG(s) 'tutorial_dag' retrieved from /home/airflow/.local/lib/python3.12/site-packages/airflow/example_dags/tutorial_dag.py
[2024-09-15T08:26:33.130+0000] {logging_mixin.py:190} INFO - [2024-09-15T08:26:33.130+0000] {dag.py:3229} INFO - Sync 1 DAGs
[2024-09-15T08:26:33.160+0000] {logging_mixin.py:190} INFO - [2024-09-15T08:26:33.159+0000] {dag.py:4156} INFO - Setting next_dagrun for tutorial_dag to None, run_after=None
[2024-09-15T08:26:33.190+0000] {processor.py:208} INFO - Processing /home/airflow/.local/lib/python3.12/site-packages/airflow/example_dags/tutorial_dag.py took 0.133 seconds
[2024-09-15T08:27:03.514+0000] {processor.py:186} INFO - Started process (PID=3906) to work on /home/airflow/.local/lib/python3.12/site-packages/airflow/example_dags/tutorial_dag.py
[2024-09-15T08:27:03.516+0000] {processor.py:914} INFO - Processing file /home/airflow/.local/lib/python3.12/site-packages/airflow/example_dags/tutorial_dag.py for tasks to queue
[2024-09-15T08:27:03.518+0000] {logging_mixin.py:190} INFO - [2024-09-15T08:27:03.518+0000] {dagbag.py:587} INFO - Filling up the DagBag from /home/airflow/.local/lib/python3.12/site-packages/airflow/example_dags/tutorial_dag.py
[2024-09-15T08:27:03.533+0000] {processor.py:925} INFO - DAG(s) 'tutorial_dag' retrieved from /home/airflow/.local/lib/python3.12/site-packages/airflow/example_dags/tutorial_dag.py
[2024-09-15T08:27:03.565+0000] {logging_mixin.py:190} INFO - [2024-09-15T08:27:03.564+0000] {dag.py:3229} INFO - Sync 1 DAGs
[2024-09-15T08:27:03.594+0000] {logging_mixin.py:190} INFO - [2024-09-15T08:27:03.594+0000] {dag.py:4156} INFO - Setting next_dagrun for tutorial_dag to None, run_after=None
[2024-09-15T08:27:03.629+0000] {processor.py:208} INFO - Processing /home/airflow/.local/lib/python3.12/site-packages/airflow/example_dags/tutorial_dag.py took 0.128 seconds
[2024-09-15T08:27:34.086+0000] {processor.py:186} INFO - Started process (PID=3968) to work on /home/airflow/.local/lib/python3.12/site-packages/airflow/example_dags/tutorial_dag.py
[2024-09-15T08:27:34.088+0000] {processor.py:914} INFO - Processing file /home/airflow/.local/lib/python3.12/site-packages/airflow/example_dags/tutorial_dag.py for tasks to queue
[2024-09-15T08:27:34.091+0000] {logging_mixin.py:190} INFO - [2024-09-15T08:27:34.090+0000] {dagbag.py:587} INFO - Filling up the DagBag from /home/airflow/.local/lib/python3.12/site-packages/airflow/example_dags/tutorial_dag.py
[2024-09-15T08:27:34.109+0000] {processor.py:925} INFO - DAG(s) 'tutorial_dag' retrieved from /home/airflow/.local/lib/python3.12/site-packages/airflow/example_dags/tutorial_dag.py
[2024-09-15T08:27:34.145+0000] {logging_mixin.py:190} INFO - [2024-09-15T08:27:34.144+0000] {dag.py:3229} INFO - Sync 1 DAGs
[2024-09-15T08:27:34.180+0000] {logging_mixin.py:190} INFO - [2024-09-15T08:27:34.180+0000] {dag.py:4156} INFO - Setting next_dagrun for tutorial_dag to None, run_after=None
[2024-09-15T08:27:34.232+0000] {processor.py:208} INFO - Processing /home/airflow/.local/lib/python3.12/site-packages/airflow/example_dags/tutorial_dag.py took 0.160 seconds
[2024-09-15T08:28:05.298+0000] {processor.py:186} INFO - Started process (PID=4030) to work on /home/airflow/.local/lib/python3.12/site-packages/airflow/example_dags/tutorial_dag.py
[2024-09-15T08:28:05.300+0000] {processor.py:914} INFO - Processing file /home/airflow/.local/lib/python3.12/site-packages/airflow/example_dags/tutorial_dag.py for tasks to queue
[2024-09-15T08:28:05.302+0000] {logging_mixin.py:190} INFO - [2024-09-15T08:28:05.302+0000] {dagbag.py:587} INFO - Filling up the DagBag from /home/airflow/.local/lib/python3.12/site-packages/airflow/example_dags/tutorial_dag.py
[2024-09-15T08:28:05.319+0000] {processor.py:925} INFO - DAG(s) 'tutorial_dag' retrieved from /home/airflow/.local/lib/python3.12/site-packages/airflow/example_dags/tutorial_dag.py
[2024-09-15T08:28:05.355+0000] {logging_mixin.py:190} INFO - [2024-09-15T08:28:05.354+0000] {dag.py:3229} INFO - Sync 1 DAGs
[2024-09-15T08:28:05.383+0000] {logging_mixin.py:190} INFO - [2024-09-15T08:28:05.383+0000] {dag.py:4156} INFO - Setting next_dagrun for tutorial_dag to None, run_after=None
[2024-09-15T08:28:05.422+0000] {processor.py:208} INFO - Processing /home/airflow/.local/lib/python3.12/site-packages/airflow/example_dags/tutorial_dag.py took 0.137 seconds
[2024-09-15T08:31:10.456+0000] {processor.py:186} INFO - Started process (PID=4115) to work on /home/airflow/.local/lib/python3.12/site-packages/airflow/example_dags/tutorial_dag.py
[2024-09-15T08:31:10.458+0000] {processor.py:914} INFO - Processing file /home/airflow/.local/lib/python3.12/site-packages/airflow/example_dags/tutorial_dag.py for tasks to queue
[2024-09-15T08:31:10.462+0000] {logging_mixin.py:190} INFO - [2024-09-15T08:31:10.461+0000] {dagbag.py:587} INFO - Filling up the DagBag from /home/airflow/.local/lib/python3.12/site-packages/airflow/example_dags/tutorial_dag.py
[2024-09-15T08:31:10.479+0000] {processor.py:925} INFO - DAG(s) 'tutorial_dag' retrieved from /home/airflow/.local/lib/python3.12/site-packages/airflow/example_dags/tutorial_dag.py
[2024-09-15T08:31:10.532+0000] {logging_mixin.py:190} INFO - [2024-09-15T08:31:10.532+0000] {dag.py:3229} INFO - Sync 1 DAGs
[2024-09-15T08:31:10.575+0000] {logging_mixin.py:190} INFO - [2024-09-15T08:31:10.575+0000] {dag.py:4156} INFO - Setting next_dagrun for tutorial_dag to None, run_after=None
[2024-09-15T08:31:10.622+0000] {processor.py:208} INFO - Processing /home/airflow/.local/lib/python3.12/site-packages/airflow/example_dags/tutorial_dag.py took 0.177 seconds
[2024-09-15T08:31:42.258+0000] {processor.py:186} INFO - Started process (PID=4177) to work on /home/airflow/.local/lib/python3.12/site-packages/airflow/example_dags/tutorial_dag.py
[2024-09-15T08:31:42.261+0000] {processor.py:914} INFO - Processing file /home/airflow/.local/lib/python3.12/site-packages/airflow/example_dags/tutorial_dag.py for tasks to queue
[2024-09-15T08:31:42.264+0000] {logging_mixin.py:190} INFO - [2024-09-15T08:31:42.263+0000] {dagbag.py:587} INFO - Filling up the DagBag from /home/airflow/.local/lib/python3.12/site-packages/airflow/example_dags/tutorial_dag.py
[2024-09-15T08:31:42.285+0000] {processor.py:925} INFO - DAG(s) 'tutorial_dag' retrieved from /home/airflow/.local/lib/python3.12/site-packages/airflow/example_dags/tutorial_dag.py
[2024-09-15T08:31:42.354+0000] {logging_mixin.py:190} INFO - [2024-09-15T08:31:42.354+0000] {dag.py:3229} INFO - Sync 1 DAGs
[2024-09-15T08:31:42.420+0000] {logging_mixin.py:190} INFO - [2024-09-15T08:31:42.419+0000] {dag.py:4156} INFO - Setting next_dagrun for tutorial_dag to None, run_after=None
[2024-09-15T08:31:42.496+0000] {processor.py:208} INFO - Processing /home/airflow/.local/lib/python3.12/site-packages/airflow/example_dags/tutorial_dag.py took 0.258 seconds
[2024-09-15T08:32:13.957+0000] {processor.py:186} INFO - Started process (PID=4240) to work on /home/airflow/.local/lib/python3.12/site-packages/airflow/example_dags/tutorial_dag.py
[2024-09-15T08:32:13.966+0000] {processor.py:914} INFO - Processing file /home/airflow/.local/lib/python3.12/site-packages/airflow/example_dags/tutorial_dag.py for tasks to queue
[2024-09-15T08:32:14.014+0000] {logging_mixin.py:190} INFO - [2024-09-15T08:32:14.012+0000] {dagbag.py:587} INFO - Filling up the DagBag from /home/airflow/.local/lib/python3.12/site-packages/airflow/example_dags/tutorial_dag.py
[2024-09-15T08:32:14.107+0000] {processor.py:925} INFO - DAG(s) 'tutorial_dag' retrieved from /home/airflow/.local/lib/python3.12/site-packages/airflow/example_dags/tutorial_dag.py
[2024-09-15T08:32:14.303+0000] {logging_mixin.py:190} INFO - [2024-09-15T08:32:14.291+0000] {dag.py:3229} INFO - Sync 1 DAGs
[2024-09-15T08:32:14.537+0000] {logging_mixin.py:190} INFO - [2024-09-15T08:32:14.537+0000] {dag.py:4156} INFO - Setting next_dagrun for tutorial_dag to None, run_after=None
[2024-09-15T08:32:14.951+0000] {processor.py:208} INFO - Processing /home/airflow/.local/lib/python3.12/site-packages/airflow/example_dags/tutorial_dag.py took 1.041 seconds
[2024-09-15T08:32:45.813+0000] {processor.py:186} INFO - Started process (PID=4302) to work on /home/airflow/.local/lib/python3.12/site-packages/airflow/example_dags/tutorial_dag.py
[2024-09-15T08:32:45.815+0000] {processor.py:914} INFO - Processing file /home/airflow/.local/lib/python3.12/site-packages/airflow/example_dags/tutorial_dag.py for tasks to queue
[2024-09-15T08:32:45.819+0000] {logging_mixin.py:190} INFO - [2024-09-15T08:32:45.818+0000] {dagbag.py:587} INFO - Filling up the DagBag from /home/airflow/.local/lib/python3.12/site-packages/airflow/example_dags/tutorial_dag.py
[2024-09-15T08:32:45.853+0000] {processor.py:925} INFO - DAG(s) 'tutorial_dag' retrieved from /home/airflow/.local/lib/python3.12/site-packages/airflow/example_dags/tutorial_dag.py
[2024-09-15T08:32:45.950+0000] {logging_mixin.py:190} INFO - [2024-09-15T08:32:45.949+0000] {dag.py:3229} INFO - Sync 1 DAGs
[2024-09-15T08:32:46.014+0000] {logging_mixin.py:190} INFO - [2024-09-15T08:32:46.013+0000] {dag.py:4156} INFO - Setting next_dagrun for tutorial_dag to None, run_after=None
[2024-09-15T08:32:46.067+0000] {processor.py:208} INFO - Processing /home/airflow/.local/lib/python3.12/site-packages/airflow/example_dags/tutorial_dag.py took 0.276 seconds
