[2024-09-15T06:53:05.639+0000] {processor.py:186} INFO - Started process (PID=105) to work on /home/airflow/.local/lib/python3.12/site-packages/airflow/example_dags/tutorial.py
[2024-09-15T06:53:05.641+0000] {processor.py:914} INFO - Processing file /home/airflow/.local/lib/python3.12/site-packages/airflow/example_dags/tutorial.py for tasks to queue
[2024-09-15T06:53:05.676+0000] {logging_mixin.py:190} INFO - [2024-09-15T06:53:05.654+0000] {dagbag.py:587} INFO - Filling up the DagBag from /home/airflow/.local/lib/python3.12/site-packages/airflow/example_dags/tutorial.py
[2024-09-15T06:53:05.741+0000] {processor.py:925} INFO - DAG(s) 'tutorial' retrieved from /home/airflow/.local/lib/python3.12/site-packages/airflow/example_dags/tutorial.py
[2024-09-15T06:53:06.011+0000] {logging_mixin.py:190} INFO - [2024-09-15T06:53:06.009+0000] {override.py:1900} INFO - Created Permission View: can delete on DAG:tutorial
[2024-09-15T06:53:06.034+0000] {logging_mixin.py:190} INFO - [2024-09-15T06:53:06.034+0000] {override.py:1900} INFO - Created Permission View: can edit on DAG:tutorial
[2024-09-15T06:53:06.050+0000] {logging_mixin.py:190} INFO - [2024-09-15T06:53:06.049+0000] {override.py:1900} INFO - Created Permission View: can read on DAG:tutorial
[2024-09-15T06:53:06.079+0000] {logging_mixin.py:190} INFO - [2024-09-15T06:53:06.069+0000] {override.py:1900} INFO - Created Permission View: can delete on DAG Run:tutorial
[2024-09-15T06:53:06.116+0000] {logging_mixin.py:190} INFO - [2024-09-15T06:53:06.107+0000] {override.py:1900} INFO - Created Permission View: can create on DAG Run:tutorial
[2024-09-15T06:53:06.133+0000] {logging_mixin.py:190} INFO - [2024-09-15T06:53:06.132+0000] {override.py:1900} INFO - Created Permission View: can read on DAG Run:tutorial
[2024-09-15T06:53:06.154+0000] {logging_mixin.py:190} INFO - [2024-09-15T06:53:06.153+0000] {override.py:1900} INFO - Created Permission View: menu access on DAG Run:tutorial
[2024-09-15T06:53:06.156+0000] {logging_mixin.py:190} INFO - [2024-09-15T06:53:06.155+0000] {dag.py:3229} INFO - Sync 1 DAGs
[2024-09-15T06:53:06.198+0000] {logging_mixin.py:190} INFO - [2024-09-15T06:53:06.198+0000] {dag.py:3252} INFO - Creating ORM DAG for tutorial
[2024-09-15T06:53:06.236+0000] {logging_mixin.py:190} INFO - [2024-09-15T06:53:06.236+0000] {dag.py:4156} INFO - Setting next_dagrun for tutorial to 2024-09-14 00:00:00+00:00, run_after=2024-09-15 00:00:00+00:00
[2024-09-15T06:53:06.343+0000] {processor.py:208} INFO - Processing /home/airflow/.local/lib/python3.12/site-packages/airflow/example_dags/tutorial.py took 0.720 seconds
[2024-09-15T06:54:12.211+0000] {processor.py:186} INFO - Started process (PID=167) to work on /home/airflow/.local/lib/python3.12/site-packages/airflow/example_dags/tutorial.py
[2024-09-15T06:54:12.213+0000] {processor.py:914} INFO - Processing file /home/airflow/.local/lib/python3.12/site-packages/airflow/example_dags/tutorial.py for tasks to queue
[2024-09-15T06:54:12.219+0000] {logging_mixin.py:190} INFO - [2024-09-15T06:54:12.218+0000] {dagbag.py:587} INFO - Filling up the DagBag from /home/airflow/.local/lib/python3.12/site-packages/airflow/example_dags/tutorial.py
[2024-09-15T06:54:12.237+0000] {processor.py:925} INFO - DAG(s) 'tutorial' retrieved from /home/airflow/.local/lib/python3.12/site-packages/airflow/example_dags/tutorial.py
[2024-09-15T06:54:12.280+0000] {logging_mixin.py:190} INFO - [2024-09-15T06:54:12.279+0000] {dag.py:3229} INFO - Sync 1 DAGs
[2024-09-15T06:54:12.342+0000] {logging_mixin.py:190} INFO - [2024-09-15T06:54:12.341+0000] {dag.py:4156} INFO - Setting next_dagrun for tutorial to 2024-09-14 00:00:00+00:00, run_after=2024-09-15 00:00:00+00:00
[2024-09-15T06:54:12.385+0000] {processor.py:208} INFO - Processing /home/airflow/.local/lib/python3.12/site-packages/airflow/example_dags/tutorial.py took 0.187 seconds
[2024-09-15T06:54:46.292+0000] {processor.py:186} INFO - Started process (PID=229) to work on /home/airflow/.local/lib/python3.12/site-packages/airflow/example_dags/tutorial.py
[2024-09-15T06:54:46.298+0000] {processor.py:914} INFO - Processing file /home/airflow/.local/lib/python3.12/site-packages/airflow/example_dags/tutorial.py for tasks to queue
[2024-09-15T06:54:46.309+0000] {logging_mixin.py:190} INFO - [2024-09-15T06:54:46.309+0000] {dagbag.py:587} INFO - Filling up the DagBag from /home/airflow/.local/lib/python3.12/site-packages/airflow/example_dags/tutorial.py
[2024-09-15T06:54:46.357+0000] {processor.py:925} INFO - DAG(s) 'tutorial' retrieved from /home/airflow/.local/lib/python3.12/site-packages/airflow/example_dags/tutorial.py
[2024-09-15T06:54:46.468+0000] {logging_mixin.py:190} INFO - [2024-09-15T06:54:46.468+0000] {dag.py:3229} INFO - Sync 1 DAGs
[2024-09-15T06:54:46.623+0000] {logging_mixin.py:190} INFO - [2024-09-15T06:54:46.623+0000] {dag.py:4156} INFO - Setting next_dagrun for tutorial to 2024-09-14 00:00:00+00:00, run_after=2024-09-15 00:00:00+00:00
[2024-09-15T06:54:46.748+0000] {processor.py:208} INFO - Processing /home/airflow/.local/lib/python3.12/site-packages/airflow/example_dags/tutorial.py took 0.476 seconds
[2024-09-15T06:55:19.835+0000] {processor.py:186} INFO - Started process (PID=291) to work on /home/airflow/.local/lib/python3.12/site-packages/airflow/example_dags/tutorial.py
[2024-09-15T06:55:19.849+0000] {processor.py:914} INFO - Processing file /home/airflow/.local/lib/python3.12/site-packages/airflow/example_dags/tutorial.py for tasks to queue
[2024-09-15T06:55:19.854+0000] {logging_mixin.py:190} INFO - [2024-09-15T06:55:19.853+0000] {dagbag.py:587} INFO - Filling up the DagBag from /home/airflow/.local/lib/python3.12/site-packages/airflow/example_dags/tutorial.py
[2024-09-15T06:55:19.888+0000] {processor.py:925} INFO - DAG(s) 'tutorial' retrieved from /home/airflow/.local/lib/python3.12/site-packages/airflow/example_dags/tutorial.py
[2024-09-15T06:55:20.175+0000] {logging_mixin.py:190} INFO - [2024-09-15T06:55:20.162+0000] {dag.py:3229} INFO - Sync 1 DAGs
[2024-09-15T06:55:20.306+0000] {logging_mixin.py:190} INFO - [2024-09-15T06:55:20.305+0000] {dag.py:4156} INFO - Setting next_dagrun for tutorial to 2024-09-14 00:00:00+00:00, run_after=2024-09-15 00:00:00+00:00
[2024-09-15T06:55:20.404+0000] {processor.py:208} INFO - Processing /home/airflow/.local/lib/python3.12/site-packages/airflow/example_dags/tutorial.py took 0.626 seconds
[2024-09-15T06:57:52.480+0000] {processor.py:186} INFO - Started process (PID=335) to work on /home/airflow/.local/lib/python3.12/site-packages/airflow/example_dags/tutorial.py
[2024-09-15T06:57:52.482+0000] {processor.py:914} INFO - Processing file /home/airflow/.local/lib/python3.12/site-packages/airflow/example_dags/tutorial.py for tasks to queue
[2024-09-15T06:57:52.485+0000] {logging_mixin.py:190} INFO - [2024-09-15T06:57:52.484+0000] {dagbag.py:587} INFO - Filling up the DagBag from /home/airflow/.local/lib/python3.12/site-packages/airflow/example_dags/tutorial.py
[2024-09-15T06:57:52.501+0000] {processor.py:925} INFO - DAG(s) 'tutorial' retrieved from /home/airflow/.local/lib/python3.12/site-packages/airflow/example_dags/tutorial.py
[2024-09-15T06:57:52.542+0000] {logging_mixin.py:190} INFO - [2024-09-15T06:57:52.541+0000] {dag.py:3229} INFO - Sync 1 DAGs
[2024-09-15T06:57:52.597+0000] {logging_mixin.py:190} INFO - [2024-09-15T06:57:52.597+0000] {dag.py:4156} INFO - Setting next_dagrun for tutorial to 2024-09-14 00:00:00+00:00, run_after=2024-09-15 00:00:00+00:00
[2024-09-15T06:57:52.642+0000] {processor.py:208} INFO - Processing /home/airflow/.local/lib/python3.12/site-packages/airflow/example_dags/tutorial.py took 0.172 seconds
[2024-09-15T06:58:23.462+0000] {processor.py:186} INFO - Started process (PID=396) to work on /home/airflow/.local/lib/python3.12/site-packages/airflow/example_dags/tutorial.py
[2024-09-15T06:58:23.464+0000] {processor.py:914} INFO - Processing file /home/airflow/.local/lib/python3.12/site-packages/airflow/example_dags/tutorial.py for tasks to queue
[2024-09-15T06:58:23.468+0000] {logging_mixin.py:190} INFO - [2024-09-15T06:58:23.467+0000] {dagbag.py:587} INFO - Filling up the DagBag from /home/airflow/.local/lib/python3.12/site-packages/airflow/example_dags/tutorial.py
[2024-09-15T06:58:23.484+0000] {processor.py:925} INFO - DAG(s) 'tutorial' retrieved from /home/airflow/.local/lib/python3.12/site-packages/airflow/example_dags/tutorial.py
[2024-09-15T06:58:23.524+0000] {logging_mixin.py:190} INFO - [2024-09-15T06:58:23.524+0000] {dag.py:3229} INFO - Sync 1 DAGs
[2024-09-15T06:58:23.576+0000] {logging_mixin.py:190} INFO - [2024-09-15T06:58:23.576+0000] {dag.py:4156} INFO - Setting next_dagrun for tutorial to 2024-09-14 00:00:00+00:00, run_after=2024-09-15 00:00:00+00:00
[2024-09-15T06:58:23.612+0000] {processor.py:208} INFO - Processing /home/airflow/.local/lib/python3.12/site-packages/airflow/example_dags/tutorial.py took 0.162 seconds
[2024-09-15T06:58:55.095+0000] {processor.py:186} INFO - Started process (PID=459) to work on /home/airflow/.local/lib/python3.12/site-packages/airflow/example_dags/tutorial.py
[2024-09-15T06:58:55.098+0000] {processor.py:914} INFO - Processing file /home/airflow/.local/lib/python3.12/site-packages/airflow/example_dags/tutorial.py for tasks to queue
[2024-09-15T06:58:55.101+0000] {logging_mixin.py:190} INFO - [2024-09-15T06:58:55.100+0000] {dagbag.py:587} INFO - Filling up the DagBag from /home/airflow/.local/lib/python3.12/site-packages/airflow/example_dags/tutorial.py
[2024-09-15T06:58:55.125+0000] {processor.py:925} INFO - DAG(s) 'tutorial' retrieved from /home/airflow/.local/lib/python3.12/site-packages/airflow/example_dags/tutorial.py
[2024-09-15T06:58:55.184+0000] {logging_mixin.py:190} INFO - [2024-09-15T06:58:55.183+0000] {dag.py:3229} INFO - Sync 1 DAGs
[2024-09-15T06:58:55.256+0000] {logging_mixin.py:190} INFO - [2024-09-15T06:58:55.255+0000] {dag.py:4156} INFO - Setting next_dagrun for tutorial to 2024-09-14 00:00:00+00:00, run_after=2024-09-15 00:00:00+00:00
[2024-09-15T06:58:55.319+0000] {processor.py:208} INFO - Processing /home/airflow/.local/lib/python3.12/site-packages/airflow/example_dags/tutorial.py took 0.239 seconds
[2024-09-15T06:59:26.095+0000] {processor.py:186} INFO - Started process (PID=521) to work on /home/airflow/.local/lib/python3.12/site-packages/airflow/example_dags/tutorial.py
[2024-09-15T06:59:26.097+0000] {processor.py:914} INFO - Processing file /home/airflow/.local/lib/python3.12/site-packages/airflow/example_dags/tutorial.py for tasks to queue
[2024-09-15T06:59:26.100+0000] {logging_mixin.py:190} INFO - [2024-09-15T06:59:26.099+0000] {dagbag.py:587} INFO - Filling up the DagBag from /home/airflow/.local/lib/python3.12/site-packages/airflow/example_dags/tutorial.py
[2024-09-15T06:59:26.114+0000] {processor.py:925} INFO - DAG(s) 'tutorial' retrieved from /home/airflow/.local/lib/python3.12/site-packages/airflow/example_dags/tutorial.py
[2024-09-15T06:59:26.152+0000] {logging_mixin.py:190} INFO - [2024-09-15T06:59:26.152+0000] {dag.py:3229} INFO - Sync 1 DAGs
[2024-09-15T06:59:26.198+0000] {logging_mixin.py:190} INFO - [2024-09-15T06:59:26.198+0000] {dag.py:4156} INFO - Setting next_dagrun for tutorial to 2024-09-14 00:00:00+00:00, run_after=2024-09-15 00:00:00+00:00
[2024-09-15T06:59:26.241+0000] {processor.py:208} INFO - Processing /home/airflow/.local/lib/python3.12/site-packages/airflow/example_dags/tutorial.py took 0.159 seconds
[2024-09-15T06:59:56.998+0000] {processor.py:186} INFO - Started process (PID=583) to work on /home/airflow/.local/lib/python3.12/site-packages/airflow/example_dags/tutorial.py
[2024-09-15T06:59:57.000+0000] {processor.py:914} INFO - Processing file /home/airflow/.local/lib/python3.12/site-packages/airflow/example_dags/tutorial.py for tasks to queue
[2024-09-15T06:59:57.004+0000] {logging_mixin.py:190} INFO - [2024-09-15T06:59:57.003+0000] {dagbag.py:587} INFO - Filling up the DagBag from /home/airflow/.local/lib/python3.12/site-packages/airflow/example_dags/tutorial.py
[2024-09-15T06:59:57.026+0000] {processor.py:925} INFO - DAG(s) 'tutorial' retrieved from /home/airflow/.local/lib/python3.12/site-packages/airflow/example_dags/tutorial.py
[2024-09-15T06:59:57.067+0000] {logging_mixin.py:190} INFO - [2024-09-15T06:59:57.066+0000] {dag.py:3229} INFO - Sync 1 DAGs
[2024-09-15T06:59:57.114+0000] {logging_mixin.py:190} INFO - [2024-09-15T06:59:57.114+0000] {dag.py:4156} INFO - Setting next_dagrun for tutorial to 2024-09-14 00:00:00+00:00, run_after=2024-09-15 00:00:00+00:00
[2024-09-15T06:59:57.163+0000] {processor.py:208} INFO - Processing /home/airflow/.local/lib/python3.12/site-packages/airflow/example_dags/tutorial.py took 0.178 seconds
[2024-09-15T07:00:42.147+0000] {processor.py:186} INFO - Started process (PID=645) to work on /home/airflow/.local/lib/python3.12/site-packages/airflow/example_dags/tutorial.py
[2024-09-15T07:00:42.148+0000] {processor.py:914} INFO - Processing file /home/airflow/.local/lib/python3.12/site-packages/airflow/example_dags/tutorial.py for tasks to queue
[2024-09-15T07:00:42.151+0000] {logging_mixin.py:190} INFO - [2024-09-15T07:00:42.151+0000] {dagbag.py:587} INFO - Filling up the DagBag from /home/airflow/.local/lib/python3.12/site-packages/airflow/example_dags/tutorial.py
[2024-09-15T07:00:42.172+0000] {processor.py:925} INFO - DAG(s) 'tutorial' retrieved from /home/airflow/.local/lib/python3.12/site-packages/airflow/example_dags/tutorial.py
[2024-09-15T07:00:42.222+0000] {logging_mixin.py:190} INFO - [2024-09-15T07:00:42.222+0000] {dag.py:3229} INFO - Sync 1 DAGs
[2024-09-15T07:00:42.275+0000] {logging_mixin.py:190} INFO - [2024-09-15T07:00:42.275+0000] {dag.py:4156} INFO - Setting next_dagrun for tutorial to 2024-09-14 00:00:00+00:00, run_after=2024-09-15 00:00:00+00:00
[2024-09-15T07:00:42.314+0000] {processor.py:208} INFO - Processing /home/airflow/.local/lib/python3.12/site-packages/airflow/example_dags/tutorial.py took 0.178 seconds
[2024-09-15T07:04:40.385+0000] {processor.py:186} INFO - Started process (PID=713) to work on /home/airflow/.local/lib/python3.12/site-packages/airflow/example_dags/tutorial.py
[2024-09-15T07:04:40.387+0000] {processor.py:914} INFO - Processing file /home/airflow/.local/lib/python3.12/site-packages/airflow/example_dags/tutorial.py for tasks to queue
[2024-09-15T07:04:40.389+0000] {logging_mixin.py:190} INFO - [2024-09-15T07:04:40.389+0000] {dagbag.py:587} INFO - Filling up the DagBag from /home/airflow/.local/lib/python3.12/site-packages/airflow/example_dags/tutorial.py
[2024-09-15T07:04:40.407+0000] {processor.py:925} INFO - DAG(s) 'tutorial' retrieved from /home/airflow/.local/lib/python3.12/site-packages/airflow/example_dags/tutorial.py
[2024-09-15T07:04:40.446+0000] {logging_mixin.py:190} INFO - [2024-09-15T07:04:40.445+0000] {dag.py:3229} INFO - Sync 1 DAGs
[2024-09-15T07:04:40.496+0000] {logging_mixin.py:190} INFO - [2024-09-15T07:04:40.496+0000] {dag.py:4156} INFO - Setting next_dagrun for tutorial to 2024-09-14 00:00:00+00:00, run_after=2024-09-15 00:00:00+00:00
[2024-09-15T07:04:40.538+0000] {processor.py:208} INFO - Processing /home/airflow/.local/lib/python3.12/site-packages/airflow/example_dags/tutorial.py took 0.163 seconds
[2024-09-15T07:05:11.580+0000] {processor.py:186} INFO - Started process (PID=775) to work on /home/airflow/.local/lib/python3.12/site-packages/airflow/example_dags/tutorial.py
[2024-09-15T07:05:11.583+0000] {processor.py:914} INFO - Processing file /home/airflow/.local/lib/python3.12/site-packages/airflow/example_dags/tutorial.py for tasks to queue
[2024-09-15T07:05:11.586+0000] {logging_mixin.py:190} INFO - [2024-09-15T07:05:11.585+0000] {dagbag.py:587} INFO - Filling up the DagBag from /home/airflow/.local/lib/python3.12/site-packages/airflow/example_dags/tutorial.py
[2024-09-15T07:05:11.609+0000] {processor.py:925} INFO - DAG(s) 'tutorial' retrieved from /home/airflow/.local/lib/python3.12/site-packages/airflow/example_dags/tutorial.py
[2024-09-15T07:05:11.664+0000] {logging_mixin.py:190} INFO - [2024-09-15T07:05:11.664+0000] {dag.py:3229} INFO - Sync 1 DAGs
[2024-09-15T07:05:11.745+0000] {logging_mixin.py:190} INFO - [2024-09-15T07:05:11.745+0000] {dag.py:4156} INFO - Setting next_dagrun for tutorial to 2024-09-14 00:00:00+00:00, run_after=2024-09-15 00:00:00+00:00
[2024-09-15T07:05:11.805+0000] {processor.py:208} INFO - Processing /home/airflow/.local/lib/python3.12/site-packages/airflow/example_dags/tutorial.py took 0.239 seconds
[2024-09-15T07:05:42.063+0000] {processor.py:186} INFO - Started process (PID=836) to work on /home/airflow/.local/lib/python3.12/site-packages/airflow/example_dags/tutorial.py
[2024-09-15T07:05:42.065+0000] {processor.py:914} INFO - Processing file /home/airflow/.local/lib/python3.12/site-packages/airflow/example_dags/tutorial.py for tasks to queue
[2024-09-15T07:05:42.067+0000] {logging_mixin.py:190} INFO - [2024-09-15T07:05:42.067+0000] {dagbag.py:587} INFO - Filling up the DagBag from /home/airflow/.local/lib/python3.12/site-packages/airflow/example_dags/tutorial.py
[2024-09-15T07:05:42.085+0000] {processor.py:925} INFO - DAG(s) 'tutorial' retrieved from /home/airflow/.local/lib/python3.12/site-packages/airflow/example_dags/tutorial.py
[2024-09-15T07:05:42.127+0000] {logging_mixin.py:190} INFO - [2024-09-15T07:05:42.126+0000] {dag.py:3229} INFO - Sync 1 DAGs
[2024-09-15T07:05:42.177+0000] {logging_mixin.py:190} INFO - [2024-09-15T07:05:42.177+0000] {dag.py:4156} INFO - Setting next_dagrun for tutorial to 2024-09-14 00:00:00+00:00, run_after=2024-09-15 00:00:00+00:00
[2024-09-15T07:05:42.225+0000] {processor.py:208} INFO - Processing /home/airflow/.local/lib/python3.12/site-packages/airflow/example_dags/tutorial.py took 0.172 seconds
[2024-09-15T07:06:12.954+0000] {processor.py:186} INFO - Started process (PID=898) to work on /home/airflow/.local/lib/python3.12/site-packages/airflow/example_dags/tutorial.py
[2024-09-15T07:06:12.956+0000] {processor.py:914} INFO - Processing file /home/airflow/.local/lib/python3.12/site-packages/airflow/example_dags/tutorial.py for tasks to queue
[2024-09-15T07:06:12.960+0000] {logging_mixin.py:190} INFO - [2024-09-15T07:06:12.959+0000] {dagbag.py:587} INFO - Filling up the DagBag from /home/airflow/.local/lib/python3.12/site-packages/airflow/example_dags/tutorial.py
[2024-09-15T07:06:12.991+0000] {processor.py:925} INFO - DAG(s) 'tutorial' retrieved from /home/airflow/.local/lib/python3.12/site-packages/airflow/example_dags/tutorial.py
[2024-09-15T07:06:13.079+0000] {logging_mixin.py:190} INFO - [2024-09-15T07:06:13.076+0000] {dag.py:3229} INFO - Sync 1 DAGs
[2024-09-15T07:06:13.163+0000] {logging_mixin.py:190} INFO - [2024-09-15T07:06:13.163+0000] {dag.py:4156} INFO - Setting next_dagrun for tutorial to 2024-09-14 00:00:00+00:00, run_after=2024-09-15 00:00:00+00:00
[2024-09-15T07:06:13.268+0000] {processor.py:208} INFO - Processing /home/airflow/.local/lib/python3.12/site-packages/airflow/example_dags/tutorial.py took 0.329 seconds
[2024-09-15T07:06:43.952+0000] {processor.py:186} INFO - Started process (PID=959) to work on /home/airflow/.local/lib/python3.12/site-packages/airflow/example_dags/tutorial.py
[2024-09-15T07:06:43.955+0000] {processor.py:914} INFO - Processing file /home/airflow/.local/lib/python3.12/site-packages/airflow/example_dags/tutorial.py for tasks to queue
[2024-09-15T07:06:43.959+0000] {logging_mixin.py:190} INFO - [2024-09-15T07:06:43.958+0000] {dagbag.py:587} INFO - Filling up the DagBag from /home/airflow/.local/lib/python3.12/site-packages/airflow/example_dags/tutorial.py
[2024-09-15T07:06:43.982+0000] {processor.py:925} INFO - DAG(s) 'tutorial' retrieved from /home/airflow/.local/lib/python3.12/site-packages/airflow/example_dags/tutorial.py
[2024-09-15T07:06:44.026+0000] {logging_mixin.py:190} INFO - [2024-09-15T07:06:44.025+0000] {dag.py:3229} INFO - Sync 1 DAGs
[2024-09-15T07:06:44.096+0000] {logging_mixin.py:190} INFO - [2024-09-15T07:06:44.096+0000] {dag.py:4156} INFO - Setting next_dagrun for tutorial to 2024-09-14 00:00:00+00:00, run_after=2024-09-15 00:00:00+00:00
[2024-09-15T07:06:44.134+0000] {processor.py:208} INFO - Processing /home/airflow/.local/lib/python3.12/site-packages/airflow/example_dags/tutorial.py took 0.195 seconds
[2024-09-15T07:07:29.699+0000] {processor.py:186} INFO - Started process (PID=1023) to work on /home/airflow/.local/lib/python3.12/site-packages/airflow/example_dags/tutorial.py
[2024-09-15T07:07:29.701+0000] {processor.py:914} INFO - Processing file /home/airflow/.local/lib/python3.12/site-packages/airflow/example_dags/tutorial.py for tasks to queue
[2024-09-15T07:07:29.704+0000] {logging_mixin.py:190} INFO - [2024-09-15T07:07:29.703+0000] {dagbag.py:587} INFO - Filling up the DagBag from /home/airflow/.local/lib/python3.12/site-packages/airflow/example_dags/tutorial.py
[2024-09-15T07:07:29.721+0000] {processor.py:925} INFO - DAG(s) 'tutorial' retrieved from /home/airflow/.local/lib/python3.12/site-packages/airflow/example_dags/tutorial.py
[2024-09-15T07:07:29.768+0000] {logging_mixin.py:190} INFO - [2024-09-15T07:07:29.767+0000] {dag.py:3229} INFO - Sync 1 DAGs
[2024-09-15T07:07:29.860+0000] {logging_mixin.py:190} INFO - [2024-09-15T07:07:29.859+0000] {dag.py:4156} INFO - Setting next_dagrun for tutorial to 2024-09-14 00:00:00+00:00, run_after=2024-09-15 00:00:00+00:00
[2024-09-15T07:07:29.927+0000] {processor.py:208} INFO - Processing /home/airflow/.local/lib/python3.12/site-packages/airflow/example_dags/tutorial.py took 0.243 seconds
[2024-09-15T07:08:00.381+0000] {processor.py:186} INFO - Started process (PID=1084) to work on /home/airflow/.local/lib/python3.12/site-packages/airflow/example_dags/tutorial.py
[2024-09-15T07:08:00.384+0000] {processor.py:914} INFO - Processing file /home/airflow/.local/lib/python3.12/site-packages/airflow/example_dags/tutorial.py for tasks to queue
[2024-09-15T07:08:00.387+0000] {logging_mixin.py:190} INFO - [2024-09-15T07:08:00.386+0000] {dagbag.py:587} INFO - Filling up the DagBag from /home/airflow/.local/lib/python3.12/site-packages/airflow/example_dags/tutorial.py
[2024-09-15T07:08:00.409+0000] {processor.py:925} INFO - DAG(s) 'tutorial' retrieved from /home/airflow/.local/lib/python3.12/site-packages/airflow/example_dags/tutorial.py
[2024-09-15T07:08:00.462+0000] {logging_mixin.py:190} INFO - [2024-09-15T07:08:00.461+0000] {dag.py:3229} INFO - Sync 1 DAGs
[2024-09-15T07:08:00.530+0000] {logging_mixin.py:190} INFO - [2024-09-15T07:08:00.529+0000] {dag.py:4156} INFO - Setting next_dagrun for tutorial to 2024-09-14 00:00:00+00:00, run_after=2024-09-15 00:00:00+00:00
[2024-09-15T07:08:00.577+0000] {processor.py:208} INFO - Processing /home/airflow/.local/lib/python3.12/site-packages/airflow/example_dags/tutorial.py took 0.211 seconds
[2024-09-15T07:12:21.675+0000] {processor.py:186} INFO - Started process (PID=1139) to work on /home/airflow/.local/lib/python3.12/site-packages/airflow/example_dags/tutorial.py
[2024-09-15T07:12:21.677+0000] {processor.py:914} INFO - Processing file /home/airflow/.local/lib/python3.12/site-packages/airflow/example_dags/tutorial.py for tasks to queue
[2024-09-15T07:12:21.680+0000] {logging_mixin.py:190} INFO - [2024-09-15T07:12:21.679+0000] {dagbag.py:587} INFO - Filling up the DagBag from /home/airflow/.local/lib/python3.12/site-packages/airflow/example_dags/tutorial.py
[2024-09-15T07:12:21.695+0000] {processor.py:925} INFO - DAG(s) 'tutorial' retrieved from /home/airflow/.local/lib/python3.12/site-packages/airflow/example_dags/tutorial.py
[2024-09-15T07:12:21.738+0000] {logging_mixin.py:190} INFO - [2024-09-15T07:12:21.738+0000] {dag.py:3229} INFO - Sync 1 DAGs
[2024-09-15T07:12:21.792+0000] {logging_mixin.py:190} INFO - [2024-09-15T07:12:21.792+0000] {dag.py:4156} INFO - Setting next_dagrun for tutorial to 2024-09-14 00:00:00+00:00, run_after=2024-09-15 00:00:00+00:00
[2024-09-15T07:12:21.836+0000] {processor.py:208} INFO - Processing /home/airflow/.local/lib/python3.12/site-packages/airflow/example_dags/tutorial.py took 0.173 seconds
[2024-09-15T07:12:52.999+0000] {processor.py:186} INFO - Started process (PID=1201) to work on /home/airflow/.local/lib/python3.12/site-packages/airflow/example_dags/tutorial.py
[2024-09-15T07:12:53.001+0000] {processor.py:914} INFO - Processing file /home/airflow/.local/lib/python3.12/site-packages/airflow/example_dags/tutorial.py for tasks to queue
[2024-09-15T07:12:53.005+0000] {logging_mixin.py:190} INFO - [2024-09-15T07:12:53.004+0000] {dagbag.py:587} INFO - Filling up the DagBag from /home/airflow/.local/lib/python3.12/site-packages/airflow/example_dags/tutorial.py
[2024-09-15T07:12:53.032+0000] {processor.py:925} INFO - DAG(s) 'tutorial' retrieved from /home/airflow/.local/lib/python3.12/site-packages/airflow/example_dags/tutorial.py
[2024-09-15T07:12:53.084+0000] {logging_mixin.py:190} INFO - [2024-09-15T07:12:53.083+0000] {dag.py:3229} INFO - Sync 1 DAGs
[2024-09-15T07:12:53.152+0000] {logging_mixin.py:190} INFO - [2024-09-15T07:12:53.152+0000] {dag.py:4156} INFO - Setting next_dagrun for tutorial to 2024-09-14 00:00:00+00:00, run_after=2024-09-15 00:00:00+00:00
[2024-09-15T07:12:53.200+0000] {processor.py:208} INFO - Processing /home/airflow/.local/lib/python3.12/site-packages/airflow/example_dags/tutorial.py took 0.219 seconds
[2024-09-15T07:13:24.094+0000] {processor.py:186} INFO - Started process (PID=1263) to work on /home/airflow/.local/lib/python3.12/site-packages/airflow/example_dags/tutorial.py
[2024-09-15T07:13:24.096+0000] {processor.py:914} INFO - Processing file /home/airflow/.local/lib/python3.12/site-packages/airflow/example_dags/tutorial.py for tasks to queue
[2024-09-15T07:13:24.098+0000] {logging_mixin.py:190} INFO - [2024-09-15T07:13:24.097+0000] {dagbag.py:587} INFO - Filling up the DagBag from /home/airflow/.local/lib/python3.12/site-packages/airflow/example_dags/tutorial.py
[2024-09-15T07:13:24.116+0000] {processor.py:925} INFO - DAG(s) 'tutorial' retrieved from /home/airflow/.local/lib/python3.12/site-packages/airflow/example_dags/tutorial.py
[2024-09-15T07:13:24.154+0000] {logging_mixin.py:190} INFO - [2024-09-15T07:13:24.154+0000] {dag.py:3229} INFO - Sync 1 DAGs
[2024-09-15T07:13:24.208+0000] {logging_mixin.py:190} INFO - [2024-09-15T07:13:24.207+0000] {dag.py:4156} INFO - Setting next_dagrun for tutorial to 2024-09-14 00:00:00+00:00, run_after=2024-09-15 00:00:00+00:00
[2024-09-15T07:13:24.241+0000] {processor.py:208} INFO - Processing /home/airflow/.local/lib/python3.12/site-packages/airflow/example_dags/tutorial.py took 0.158 seconds
[2024-09-15T07:13:55.059+0000] {processor.py:186} INFO - Started process (PID=1326) to work on /home/airflow/.local/lib/python3.12/site-packages/airflow/example_dags/tutorial.py
[2024-09-15T07:13:55.061+0000] {processor.py:914} INFO - Processing file /home/airflow/.local/lib/python3.12/site-packages/airflow/example_dags/tutorial.py for tasks to queue
[2024-09-15T07:13:55.064+0000] {logging_mixin.py:190} INFO - [2024-09-15T07:13:55.063+0000] {dagbag.py:587} INFO - Filling up the DagBag from /home/airflow/.local/lib/python3.12/site-packages/airflow/example_dags/tutorial.py
[2024-09-15T07:13:55.084+0000] {processor.py:925} INFO - DAG(s) 'tutorial' retrieved from /home/airflow/.local/lib/python3.12/site-packages/airflow/example_dags/tutorial.py
[2024-09-15T07:13:55.122+0000] {logging_mixin.py:190} INFO - [2024-09-15T07:13:55.121+0000] {dag.py:3229} INFO - Sync 1 DAGs
[2024-09-15T07:13:55.177+0000] {logging_mixin.py:190} INFO - [2024-09-15T07:13:55.176+0000] {dag.py:4156} INFO - Setting next_dagrun for tutorial to 2024-09-14 00:00:00+00:00, run_after=2024-09-15 00:00:00+00:00
[2024-09-15T07:13:55.214+0000] {processor.py:208} INFO - Processing /home/airflow/.local/lib/python3.12/site-packages/airflow/example_dags/tutorial.py took 0.165 seconds
[2024-09-15T07:14:25.832+0000] {processor.py:186} INFO - Started process (PID=1389) to work on /home/airflow/.local/lib/python3.12/site-packages/airflow/example_dags/tutorial.py
[2024-09-15T07:14:25.834+0000] {processor.py:914} INFO - Processing file /home/airflow/.local/lib/python3.12/site-packages/airflow/example_dags/tutorial.py for tasks to queue
[2024-09-15T07:14:25.837+0000] {logging_mixin.py:190} INFO - [2024-09-15T07:14:25.836+0000] {dagbag.py:587} INFO - Filling up the DagBag from /home/airflow/.local/lib/python3.12/site-packages/airflow/example_dags/tutorial.py
[2024-09-15T07:14:25.855+0000] {processor.py:925} INFO - DAG(s) 'tutorial' retrieved from /home/airflow/.local/lib/python3.12/site-packages/airflow/example_dags/tutorial.py
[2024-09-15T07:14:25.891+0000] {logging_mixin.py:190} INFO - [2024-09-15T07:14:25.891+0000] {dag.py:3229} INFO - Sync 1 DAGs
[2024-09-15T07:14:25.955+0000] {logging_mixin.py:190} INFO - [2024-09-15T07:14:25.955+0000] {dag.py:4156} INFO - Setting next_dagrun for tutorial to 2024-09-14 00:00:00+00:00, run_after=2024-09-15 00:00:00+00:00
[2024-09-15T07:14:25.992+0000] {processor.py:208} INFO - Processing /home/airflow/.local/lib/python3.12/site-packages/airflow/example_dags/tutorial.py took 0.174 seconds
[2024-09-15T07:14:56.454+0000] {processor.py:186} INFO - Started process (PID=1450) to work on /home/airflow/.local/lib/python3.12/site-packages/airflow/example_dags/tutorial.py
[2024-09-15T07:14:56.456+0000] {processor.py:914} INFO - Processing file /home/airflow/.local/lib/python3.12/site-packages/airflow/example_dags/tutorial.py for tasks to queue
[2024-09-15T07:14:56.459+0000] {logging_mixin.py:190} INFO - [2024-09-15T07:14:56.458+0000] {dagbag.py:587} INFO - Filling up the DagBag from /home/airflow/.local/lib/python3.12/site-packages/airflow/example_dags/tutorial.py
[2024-09-15T07:14:56.476+0000] {processor.py:925} INFO - DAG(s) 'tutorial' retrieved from /home/airflow/.local/lib/python3.12/site-packages/airflow/example_dags/tutorial.py
[2024-09-15T07:14:56.521+0000] {logging_mixin.py:190} INFO - [2024-09-15T07:14:56.520+0000] {dag.py:3229} INFO - Sync 1 DAGs
[2024-09-15T07:14:56.582+0000] {logging_mixin.py:190} INFO - [2024-09-15T07:14:56.581+0000] {dag.py:4156} INFO - Setting next_dagrun for tutorial to 2024-09-14 00:00:00+00:00, run_after=2024-09-15 00:00:00+00:00
[2024-09-15T07:14:56.622+0000] {processor.py:208} INFO - Processing /home/airflow/.local/lib/python3.12/site-packages/airflow/example_dags/tutorial.py took 0.179 seconds
[2024-09-15T07:15:42.721+0000] {processor.py:186} INFO - Started process (PID=1512) to work on /home/airflow/.local/lib/python3.12/site-packages/airflow/example_dags/tutorial.py
[2024-09-15T07:15:42.723+0000] {processor.py:914} INFO - Processing file /home/airflow/.local/lib/python3.12/site-packages/airflow/example_dags/tutorial.py for tasks to queue
[2024-09-15T07:15:42.726+0000] {logging_mixin.py:190} INFO - [2024-09-15T07:15:42.725+0000] {dagbag.py:587} INFO - Filling up the DagBag from /home/airflow/.local/lib/python3.12/site-packages/airflow/example_dags/tutorial.py
[2024-09-15T07:15:42.745+0000] {processor.py:925} INFO - DAG(s) 'tutorial' retrieved from /home/airflow/.local/lib/python3.12/site-packages/airflow/example_dags/tutorial.py
[2024-09-15T07:15:42.797+0000] {logging_mixin.py:190} INFO - [2024-09-15T07:15:42.796+0000] {dag.py:3229} INFO - Sync 1 DAGs
[2024-09-15T07:15:42.859+0000] {logging_mixin.py:190} INFO - [2024-09-15T07:15:42.858+0000] {dag.py:4156} INFO - Setting next_dagrun for tutorial to 2024-09-14 00:00:00+00:00, run_after=2024-09-15 00:00:00+00:00
[2024-09-15T07:15:42.897+0000] {processor.py:208} INFO - Processing /home/airflow/.local/lib/python3.12/site-packages/airflow/example_dags/tutorial.py took 0.185 seconds
[2024-09-15T07:16:14.033+0000] {processor.py:186} INFO - Started process (PID=1573) to work on /home/airflow/.local/lib/python3.12/site-packages/airflow/example_dags/tutorial.py
[2024-09-15T07:16:14.035+0000] {processor.py:914} INFO - Processing file /home/airflow/.local/lib/python3.12/site-packages/airflow/example_dags/tutorial.py for tasks to queue
[2024-09-15T07:16:14.039+0000] {logging_mixin.py:190} INFO - [2024-09-15T07:16:14.038+0000] {dagbag.py:587} INFO - Filling up the DagBag from /home/airflow/.local/lib/python3.12/site-packages/airflow/example_dags/tutorial.py
[2024-09-15T07:16:14.071+0000] {processor.py:925} INFO - DAG(s) 'tutorial' retrieved from /home/airflow/.local/lib/python3.12/site-packages/airflow/example_dags/tutorial.py
[2024-09-15T07:16:14.191+0000] {logging_mixin.py:190} INFO - [2024-09-15T07:16:14.190+0000] {dag.py:3229} INFO - Sync 1 DAGs
[2024-09-15T07:16:14.283+0000] {logging_mixin.py:190} INFO - [2024-09-15T07:16:14.282+0000] {dag.py:4156} INFO - Setting next_dagrun for tutorial to 2024-09-14 00:00:00+00:00, run_after=2024-09-15 00:00:00+00:00
[2024-09-15T07:16:14.338+0000] {processor.py:208} INFO - Processing /home/airflow/.local/lib/python3.12/site-packages/airflow/example_dags/tutorial.py took 0.323 seconds
[2024-09-15T07:18:25.287+0000] {processor.py:186} INFO - Started process (PID=1629) to work on /home/airflow/.local/lib/python3.12/site-packages/airflow/example_dags/tutorial.py
[2024-09-15T07:18:25.289+0000] {processor.py:914} INFO - Processing file /home/airflow/.local/lib/python3.12/site-packages/airflow/example_dags/tutorial.py for tasks to queue
[2024-09-15T07:18:25.292+0000] {logging_mixin.py:190} INFO - [2024-09-15T07:18:25.291+0000] {dagbag.py:587} INFO - Filling up the DagBag from /home/airflow/.local/lib/python3.12/site-packages/airflow/example_dags/tutorial.py
[2024-09-15T07:18:25.309+0000] {processor.py:925} INFO - DAG(s) 'tutorial' retrieved from /home/airflow/.local/lib/python3.12/site-packages/airflow/example_dags/tutorial.py
[2024-09-15T07:18:25.348+0000] {logging_mixin.py:190} INFO - [2024-09-15T07:18:25.348+0000] {dag.py:3229} INFO - Sync 1 DAGs
[2024-09-15T07:18:25.392+0000] {logging_mixin.py:190} INFO - [2024-09-15T07:18:25.391+0000] {dag.py:4156} INFO - Setting next_dagrun for tutorial to 2024-09-14 00:00:00+00:00, run_after=2024-09-15 00:00:00+00:00
[2024-09-15T07:18:25.429+0000] {processor.py:208} INFO - Processing /home/airflow/.local/lib/python3.12/site-packages/airflow/example_dags/tutorial.py took 0.151 seconds
[2024-09-15T07:18:56.317+0000] {processor.py:186} INFO - Started process (PID=1691) to work on /home/airflow/.local/lib/python3.12/site-packages/airflow/example_dags/tutorial.py
[2024-09-15T07:18:56.319+0000] {processor.py:914} INFO - Processing file /home/airflow/.local/lib/python3.12/site-packages/airflow/example_dags/tutorial.py for tasks to queue
[2024-09-15T07:18:56.322+0000] {logging_mixin.py:190} INFO - [2024-09-15T07:18:56.321+0000] {dagbag.py:587} INFO - Filling up the DagBag from /home/airflow/.local/lib/python3.12/site-packages/airflow/example_dags/tutorial.py
[2024-09-15T07:18:56.344+0000] {processor.py:925} INFO - DAG(s) 'tutorial' retrieved from /home/airflow/.local/lib/python3.12/site-packages/airflow/example_dags/tutorial.py
[2024-09-15T07:18:56.392+0000] {logging_mixin.py:190} INFO - [2024-09-15T07:18:56.391+0000] {dag.py:3229} INFO - Sync 1 DAGs
[2024-09-15T07:18:56.460+0000] {logging_mixin.py:190} INFO - [2024-09-15T07:18:56.460+0000] {dag.py:4156} INFO - Setting next_dagrun for tutorial to 2024-09-14 00:00:00+00:00, run_after=2024-09-15 00:00:00+00:00
[2024-09-15T07:18:56.515+0000] {processor.py:208} INFO - Processing /home/airflow/.local/lib/python3.12/site-packages/airflow/example_dags/tutorial.py took 0.212 seconds
[2024-09-15T07:19:27.554+0000] {processor.py:186} INFO - Started process (PID=1753) to work on /home/airflow/.local/lib/python3.12/site-packages/airflow/example_dags/tutorial.py
[2024-09-15T07:19:27.555+0000] {processor.py:914} INFO - Processing file /home/airflow/.local/lib/python3.12/site-packages/airflow/example_dags/tutorial.py for tasks to queue
[2024-09-15T07:19:27.558+0000] {logging_mixin.py:190} INFO - [2024-09-15T07:19:27.557+0000] {dagbag.py:587} INFO - Filling up the DagBag from /home/airflow/.local/lib/python3.12/site-packages/airflow/example_dags/tutorial.py
[2024-09-15T07:19:27.573+0000] {processor.py:925} INFO - DAG(s) 'tutorial' retrieved from /home/airflow/.local/lib/python3.12/site-packages/airflow/example_dags/tutorial.py
[2024-09-15T07:19:27.607+0000] {logging_mixin.py:190} INFO - [2024-09-15T07:19:27.607+0000] {dag.py:3229} INFO - Sync 1 DAGs
[2024-09-15T07:19:27.652+0000] {logging_mixin.py:190} INFO - [2024-09-15T07:19:27.652+0000] {dag.py:4156} INFO - Setting next_dagrun for tutorial to 2024-09-14 00:00:00+00:00, run_after=2024-09-15 00:00:00+00:00
[2024-09-15T07:19:27.692+0000] {processor.py:208} INFO - Processing /home/airflow/.local/lib/python3.12/site-packages/airflow/example_dags/tutorial.py took 0.148 seconds
[2024-09-15T07:19:57.772+0000] {processor.py:186} INFO - Started process (PID=1815) to work on /home/airflow/.local/lib/python3.12/site-packages/airflow/example_dags/tutorial.py
[2024-09-15T07:19:57.774+0000] {processor.py:914} INFO - Processing file /home/airflow/.local/lib/python3.12/site-packages/airflow/example_dags/tutorial.py for tasks to queue
[2024-09-15T07:19:57.778+0000] {logging_mixin.py:190} INFO - [2024-09-15T07:19:57.777+0000] {dagbag.py:587} INFO - Filling up the DagBag from /home/airflow/.local/lib/python3.12/site-packages/airflow/example_dags/tutorial.py
[2024-09-15T07:19:57.795+0000] {processor.py:925} INFO - DAG(s) 'tutorial' retrieved from /home/airflow/.local/lib/python3.12/site-packages/airflow/example_dags/tutorial.py
[2024-09-15T07:19:57.830+0000] {logging_mixin.py:190} INFO - [2024-09-15T07:19:57.829+0000] {dag.py:3229} INFO - Sync 1 DAGs
[2024-09-15T07:19:57.873+0000] {logging_mixin.py:190} INFO - [2024-09-15T07:19:57.873+0000] {dag.py:4156} INFO - Setting next_dagrun for tutorial to 2024-09-14 00:00:00+00:00, run_after=2024-09-15 00:00:00+00:00
[2024-09-15T07:19:57.911+0000] {processor.py:208} INFO - Processing /home/airflow/.local/lib/python3.12/site-packages/airflow/example_dags/tutorial.py took 0.149 seconds
[2024-09-15T07:20:28.433+0000] {processor.py:186} INFO - Started process (PID=1876) to work on /home/airflow/.local/lib/python3.12/site-packages/airflow/example_dags/tutorial.py
[2024-09-15T07:20:28.435+0000] {processor.py:914} INFO - Processing file /home/airflow/.local/lib/python3.12/site-packages/airflow/example_dags/tutorial.py for tasks to queue
[2024-09-15T07:20:28.438+0000] {logging_mixin.py:190} INFO - [2024-09-15T07:20:28.437+0000] {dagbag.py:587} INFO - Filling up the DagBag from /home/airflow/.local/lib/python3.12/site-packages/airflow/example_dags/tutorial.py
[2024-09-15T07:20:28.460+0000] {processor.py:925} INFO - DAG(s) 'tutorial' retrieved from /home/airflow/.local/lib/python3.12/site-packages/airflow/example_dags/tutorial.py
[2024-09-15T07:20:28.511+0000] {logging_mixin.py:190} INFO - [2024-09-15T07:20:28.511+0000] {dag.py:3229} INFO - Sync 1 DAGs
[2024-09-15T07:20:28.569+0000] {logging_mixin.py:190} INFO - [2024-09-15T07:20:28.569+0000] {dag.py:4156} INFO - Setting next_dagrun for tutorial to 2024-09-14 00:00:00+00:00, run_after=2024-09-15 00:00:00+00:00
[2024-09-15T07:20:28.615+0000] {processor.py:208} INFO - Processing /home/airflow/.local/lib/python3.12/site-packages/airflow/example_dags/tutorial.py took 0.194 seconds
[2024-09-15T07:23:06.137+0000] {processor.py:186} INFO - Started process (PID=1939) to work on /home/airflow/.local/lib/python3.12/site-packages/airflow/example_dags/tutorial.py
[2024-09-15T07:23:06.139+0000] {processor.py:914} INFO - Processing file /home/airflow/.local/lib/python3.12/site-packages/airflow/example_dags/tutorial.py for tasks to queue
[2024-09-15T07:23:06.142+0000] {logging_mixin.py:190} INFO - [2024-09-15T07:23:06.141+0000] {dagbag.py:587} INFO - Filling up the DagBag from /home/airflow/.local/lib/python3.12/site-packages/airflow/example_dags/tutorial.py
[2024-09-15T07:23:06.159+0000] {processor.py:925} INFO - DAG(s) 'tutorial' retrieved from /home/airflow/.local/lib/python3.12/site-packages/airflow/example_dags/tutorial.py
[2024-09-15T07:23:06.196+0000] {logging_mixin.py:190} INFO - [2024-09-15T07:23:06.195+0000] {dag.py:3229} INFO - Sync 1 DAGs
[2024-09-15T07:23:06.247+0000] {logging_mixin.py:190} INFO - [2024-09-15T07:23:06.247+0000] {dag.py:4156} INFO - Setting next_dagrun for tutorial to 2024-09-14 00:00:00+00:00, run_after=2024-09-15 00:00:00+00:00
[2024-09-15T07:23:06.284+0000] {processor.py:208} INFO - Processing /home/airflow/.local/lib/python3.12/site-packages/airflow/example_dags/tutorial.py took 0.157 seconds
[2024-09-15T07:23:37.369+0000] {processor.py:186} INFO - Started process (PID=2001) to work on /home/airflow/.local/lib/python3.12/site-packages/airflow/example_dags/tutorial.py
[2024-09-15T07:23:37.371+0000] {processor.py:914} INFO - Processing file /home/airflow/.local/lib/python3.12/site-packages/airflow/example_dags/tutorial.py for tasks to queue
[2024-09-15T07:23:37.374+0000] {logging_mixin.py:190} INFO - [2024-09-15T07:23:37.373+0000] {dagbag.py:587} INFO - Filling up the DagBag from /home/airflow/.local/lib/python3.12/site-packages/airflow/example_dags/tutorial.py
[2024-09-15T07:23:37.392+0000] {processor.py:925} INFO - DAG(s) 'tutorial' retrieved from /home/airflow/.local/lib/python3.12/site-packages/airflow/example_dags/tutorial.py
[2024-09-15T07:23:37.448+0000] {logging_mixin.py:190} INFO - [2024-09-15T07:23:37.448+0000] {dag.py:3229} INFO - Sync 1 DAGs
[2024-09-15T07:23:37.522+0000] {logging_mixin.py:190} INFO - [2024-09-15T07:23:37.521+0000] {dag.py:4156} INFO - Setting next_dagrun for tutorial to 2024-09-14 00:00:00+00:00, run_after=2024-09-15 00:00:00+00:00
[2024-09-15T07:23:37.572+0000] {processor.py:208} INFO - Processing /home/airflow/.local/lib/python3.12/site-packages/airflow/example_dags/tutorial.py took 0.216 seconds
[2024-09-15T07:24:08.473+0000] {processor.py:186} INFO - Started process (PID=2063) to work on /home/airflow/.local/lib/python3.12/site-packages/airflow/example_dags/tutorial.py
[2024-09-15T07:24:08.475+0000] {processor.py:914} INFO - Processing file /home/airflow/.local/lib/python3.12/site-packages/airflow/example_dags/tutorial.py for tasks to queue
[2024-09-15T07:24:08.477+0000] {logging_mixin.py:190} INFO - [2024-09-15T07:24:08.477+0000] {dagbag.py:587} INFO - Filling up the DagBag from /home/airflow/.local/lib/python3.12/site-packages/airflow/example_dags/tutorial.py
[2024-09-15T07:24:08.492+0000] {processor.py:925} INFO - DAG(s) 'tutorial' retrieved from /home/airflow/.local/lib/python3.12/site-packages/airflow/example_dags/tutorial.py
[2024-09-15T07:24:08.530+0000] {logging_mixin.py:190} INFO - [2024-09-15T07:24:08.530+0000] {dag.py:3229} INFO - Sync 1 DAGs
[2024-09-15T07:24:08.576+0000] {logging_mixin.py:190} INFO - [2024-09-15T07:24:08.575+0000] {dag.py:4156} INFO - Setting next_dagrun for tutorial to 2024-09-14 00:00:00+00:00, run_after=2024-09-15 00:00:00+00:00
[2024-09-15T07:24:08.615+0000] {processor.py:208} INFO - Processing /home/airflow/.local/lib/python3.12/site-packages/airflow/example_dags/tutorial.py took 0.152 seconds
[2024-09-15T07:24:39.354+0000] {processor.py:186} INFO - Started process (PID=2125) to work on /home/airflow/.local/lib/python3.12/site-packages/airflow/example_dags/tutorial.py
[2024-09-15T07:24:39.356+0000] {processor.py:914} INFO - Processing file /home/airflow/.local/lib/python3.12/site-packages/airflow/example_dags/tutorial.py for tasks to queue
[2024-09-15T07:24:39.358+0000] {logging_mixin.py:190} INFO - [2024-09-15T07:24:39.358+0000] {dagbag.py:587} INFO - Filling up the DagBag from /home/airflow/.local/lib/python3.12/site-packages/airflow/example_dags/tutorial.py
[2024-09-15T07:24:39.375+0000] {processor.py:925} INFO - DAG(s) 'tutorial' retrieved from /home/airflow/.local/lib/python3.12/site-packages/airflow/example_dags/tutorial.py
[2024-09-15T07:24:39.413+0000] {logging_mixin.py:190} INFO - [2024-09-15T07:24:39.412+0000] {dag.py:3229} INFO - Sync 1 DAGs
[2024-09-15T07:24:39.461+0000] {logging_mixin.py:190} INFO - [2024-09-15T07:24:39.461+0000] {dag.py:4156} INFO - Setting next_dagrun for tutorial to 2024-09-14 00:00:00+00:00, run_after=2024-09-15 00:00:00+00:00
[2024-09-15T07:24:39.503+0000] {processor.py:208} INFO - Processing /home/airflow/.local/lib/python3.12/site-packages/airflow/example_dags/tutorial.py took 0.160 seconds
[2024-09-15T07:25:10.341+0000] {processor.py:186} INFO - Started process (PID=2187) to work on /home/airflow/.local/lib/python3.12/site-packages/airflow/example_dags/tutorial.py
[2024-09-15T07:25:10.343+0000] {processor.py:914} INFO - Processing file /home/airflow/.local/lib/python3.12/site-packages/airflow/example_dags/tutorial.py for tasks to queue
[2024-09-15T07:25:10.346+0000] {logging_mixin.py:190} INFO - [2024-09-15T07:25:10.345+0000] {dagbag.py:587} INFO - Filling up the DagBag from /home/airflow/.local/lib/python3.12/site-packages/airflow/example_dags/tutorial.py
[2024-09-15T07:25:10.361+0000] {processor.py:925} INFO - DAG(s) 'tutorial' retrieved from /home/airflow/.local/lib/python3.12/site-packages/airflow/example_dags/tutorial.py
[2024-09-15T07:25:10.409+0000] {logging_mixin.py:190} INFO - [2024-09-15T07:25:10.408+0000] {dag.py:3229} INFO - Sync 1 DAGs
[2024-09-15T07:25:10.472+0000] {logging_mixin.py:190} INFO - [2024-09-15T07:25:10.472+0000] {dag.py:4156} INFO - Setting next_dagrun for tutorial to 2024-09-14 00:00:00+00:00, run_after=2024-09-15 00:00:00+00:00
[2024-09-15T07:25:10.538+0000] {processor.py:208} INFO - Processing /home/airflow/.local/lib/python3.12/site-packages/airflow/example_dags/tutorial.py took 0.210 seconds
[2024-09-15T08:02:19.476+0000] {processor.py:186} INFO - Started process (PID=2244) to work on /home/airflow/.local/lib/python3.12/site-packages/airflow/example_dags/tutorial.py
[2024-09-15T08:02:19.479+0000] {processor.py:914} INFO - Processing file /home/airflow/.local/lib/python3.12/site-packages/airflow/example_dags/tutorial.py for tasks to queue
[2024-09-15T08:02:19.484+0000] {logging_mixin.py:190} INFO - [2024-09-15T08:02:19.483+0000] {dagbag.py:587} INFO - Filling up the DagBag from /home/airflow/.local/lib/python3.12/site-packages/airflow/example_dags/tutorial.py
[2024-09-15T08:02:19.541+0000] {processor.py:925} INFO - DAG(s) 'tutorial' retrieved from /home/airflow/.local/lib/python3.12/site-packages/airflow/example_dags/tutorial.py
[2024-09-15T08:02:19.692+0000] {logging_mixin.py:190} INFO - [2024-09-15T08:02:19.691+0000] {dag.py:3229} INFO - Sync 1 DAGs
[2024-09-15T08:02:19.855+0000] {logging_mixin.py:190} INFO - [2024-09-15T08:02:19.855+0000] {dag.py:4156} INFO - Setting next_dagrun for tutorial to 2024-09-14 00:00:00+00:00, run_after=2024-09-15 00:00:00+00:00
[2024-09-15T08:02:19.913+0000] {processor.py:208} INFO - Processing /home/airflow/.local/lib/python3.12/site-packages/airflow/example_dags/tutorial.py took 0.453 seconds
[2024-09-15T08:04:56.380+0000] {processor.py:186} INFO - Started process (PID=2333) to work on /home/airflow/.local/lib/python3.12/site-packages/airflow/example_dags/tutorial.py
[2024-09-15T08:04:56.382+0000] {processor.py:914} INFO - Processing file /home/airflow/.local/lib/python3.12/site-packages/airflow/example_dags/tutorial.py for tasks to queue
[2024-09-15T08:04:56.385+0000] {logging_mixin.py:190} INFO - [2024-09-15T08:04:56.384+0000] {dagbag.py:587} INFO - Filling up the DagBag from /home/airflow/.local/lib/python3.12/site-packages/airflow/example_dags/tutorial.py
[2024-09-15T08:04:56.406+0000] {processor.py:925} INFO - DAG(s) 'tutorial' retrieved from /home/airflow/.local/lib/python3.12/site-packages/airflow/example_dags/tutorial.py
[2024-09-15T08:04:56.455+0000] {logging_mixin.py:190} INFO - [2024-09-15T08:04:56.454+0000] {dag.py:3229} INFO - Sync 1 DAGs
[2024-09-15T08:04:56.535+0000] {logging_mixin.py:190} INFO - [2024-09-15T08:04:56.534+0000] {dag.py:4156} INFO - Setting next_dagrun for tutorial to 2024-09-14 00:00:00+00:00, run_after=2024-09-15 00:00:00+00:00
[2024-09-15T08:04:56.588+0000] {processor.py:208} INFO - Processing /home/airflow/.local/lib/python3.12/site-packages/airflow/example_dags/tutorial.py took 0.229 seconds
[2024-09-15T08:05:27.873+0000] {processor.py:186} INFO - Started process (PID=2395) to work on /home/airflow/.local/lib/python3.12/site-packages/airflow/example_dags/tutorial.py
[2024-09-15T08:05:27.876+0000] {processor.py:914} INFO - Processing file /home/airflow/.local/lib/python3.12/site-packages/airflow/example_dags/tutorial.py for tasks to queue
[2024-09-15T08:05:27.880+0000] {logging_mixin.py:190} INFO - [2024-09-15T08:05:27.879+0000] {dagbag.py:587} INFO - Filling up the DagBag from /home/airflow/.local/lib/python3.12/site-packages/airflow/example_dags/tutorial.py
[2024-09-15T08:05:27.900+0000] {processor.py:925} INFO - DAG(s) 'tutorial' retrieved from /home/airflow/.local/lib/python3.12/site-packages/airflow/example_dags/tutorial.py
[2024-09-15T08:05:27.943+0000] {logging_mixin.py:190} INFO - [2024-09-15T08:05:27.942+0000] {dag.py:3229} INFO - Sync 1 DAGs
[2024-09-15T08:05:28.002+0000] {logging_mixin.py:190} INFO - [2024-09-15T08:05:28.001+0000] {dag.py:4156} INFO - Setting next_dagrun for tutorial to 2024-09-14 00:00:00+00:00, run_after=2024-09-15 00:00:00+00:00
[2024-09-15T08:05:28.068+0000] {processor.py:208} INFO - Processing /home/airflow/.local/lib/python3.12/site-packages/airflow/example_dags/tutorial.py took 0.208 seconds
[2024-09-15T08:05:58.252+0000] {processor.py:186} INFO - Started process (PID=2458) to work on /home/airflow/.local/lib/python3.12/site-packages/airflow/example_dags/tutorial.py
[2024-09-15T08:05:58.254+0000] {processor.py:914} INFO - Processing file /home/airflow/.local/lib/python3.12/site-packages/airflow/example_dags/tutorial.py for tasks to queue
[2024-09-15T08:05:58.257+0000] {logging_mixin.py:190} INFO - [2024-09-15T08:05:58.256+0000] {dagbag.py:587} INFO - Filling up the DagBag from /home/airflow/.local/lib/python3.12/site-packages/airflow/example_dags/tutorial.py
[2024-09-15T08:05:58.277+0000] {processor.py:925} INFO - DAG(s) 'tutorial' retrieved from /home/airflow/.local/lib/python3.12/site-packages/airflow/example_dags/tutorial.py
[2024-09-15T08:05:58.318+0000] {logging_mixin.py:190} INFO - [2024-09-15T08:05:58.317+0000] {dag.py:3229} INFO - Sync 1 DAGs
[2024-09-15T08:05:58.369+0000] {logging_mixin.py:190} INFO - [2024-09-15T08:05:58.369+0000] {dag.py:4156} INFO - Setting next_dagrun for tutorial to 2024-09-14 00:00:00+00:00, run_after=2024-09-15 00:00:00+00:00
[2024-09-15T08:05:58.426+0000] {processor.py:208} INFO - Processing /home/airflow/.local/lib/python3.12/site-packages/airflow/example_dags/tutorial.py took 0.186 seconds
[2024-09-15T08:06:28.989+0000] {processor.py:186} INFO - Started process (PID=2520) to work on /home/airflow/.local/lib/python3.12/site-packages/airflow/example_dags/tutorial.py
[2024-09-15T08:06:28.991+0000] {processor.py:914} INFO - Processing file /home/airflow/.local/lib/python3.12/site-packages/airflow/example_dags/tutorial.py for tasks to queue
[2024-09-15T08:06:28.994+0000] {logging_mixin.py:190} INFO - [2024-09-15T08:06:28.994+0000] {dagbag.py:587} INFO - Filling up the DagBag from /home/airflow/.local/lib/python3.12/site-packages/airflow/example_dags/tutorial.py
[2024-09-15T08:06:29.015+0000] {processor.py:925} INFO - DAG(s) 'tutorial' retrieved from /home/airflow/.local/lib/python3.12/site-packages/airflow/example_dags/tutorial.py
[2024-09-15T08:06:29.059+0000] {logging_mixin.py:190} INFO - [2024-09-15T08:06:29.058+0000] {dag.py:3229} INFO - Sync 1 DAGs
[2024-09-15T08:06:29.124+0000] {logging_mixin.py:190} INFO - [2024-09-15T08:06:29.124+0000] {dag.py:4156} INFO - Setting next_dagrun for tutorial to 2024-09-14 00:00:00+00:00, run_after=2024-09-15 00:00:00+00:00
[2024-09-15T08:06:29.167+0000] {processor.py:208} INFO - Processing /home/airflow/.local/lib/python3.12/site-packages/airflow/example_dags/tutorial.py took 0.189 seconds
[2024-09-15T08:07:01.768+0000] {processor.py:186} INFO - Started process (PID=2582) to work on /home/airflow/.local/lib/python3.12/site-packages/airflow/example_dags/tutorial.py
[2024-09-15T08:07:01.770+0000] {processor.py:914} INFO - Processing file /home/airflow/.local/lib/python3.12/site-packages/airflow/example_dags/tutorial.py for tasks to queue
[2024-09-15T08:07:01.774+0000] {logging_mixin.py:190} INFO - [2024-09-15T08:07:01.773+0000] {dagbag.py:587} INFO - Filling up the DagBag from /home/airflow/.local/lib/python3.12/site-packages/airflow/example_dags/tutorial.py
[2024-09-15T08:07:01.800+0000] {processor.py:925} INFO - DAG(s) 'tutorial' retrieved from /home/airflow/.local/lib/python3.12/site-packages/airflow/example_dags/tutorial.py
[2024-09-15T08:07:01.871+0000] {logging_mixin.py:190} INFO - [2024-09-15T08:07:01.871+0000] {dag.py:3229} INFO - Sync 1 DAGs
[2024-09-15T08:07:01.927+0000] {logging_mixin.py:190} INFO - [2024-09-15T08:07:01.926+0000] {dag.py:4156} INFO - Setting next_dagrun for tutorial to 2024-09-14 00:00:00+00:00, run_after=2024-09-15 00:00:00+00:00
[2024-09-15T08:07:01.967+0000] {processor.py:208} INFO - Processing /home/airflow/.local/lib/python3.12/site-packages/airflow/example_dags/tutorial.py took 0.220 seconds
[2024-09-15T08:07:33.876+0000] {processor.py:186} INFO - Started process (PID=2644) to work on /home/airflow/.local/lib/python3.12/site-packages/airflow/example_dags/tutorial.py
[2024-09-15T08:07:33.878+0000] {processor.py:914} INFO - Processing file /home/airflow/.local/lib/python3.12/site-packages/airflow/example_dags/tutorial.py for tasks to queue
[2024-09-15T08:07:33.882+0000] {logging_mixin.py:190} INFO - [2024-09-15T08:07:33.881+0000] {dagbag.py:587} INFO - Filling up the DagBag from /home/airflow/.local/lib/python3.12/site-packages/airflow/example_dags/tutorial.py
[2024-09-15T08:07:33.904+0000] {processor.py:925} INFO - DAG(s) 'tutorial' retrieved from /home/airflow/.local/lib/python3.12/site-packages/airflow/example_dags/tutorial.py
[2024-09-15T08:07:33.962+0000] {logging_mixin.py:190} INFO - [2024-09-15T08:07:33.962+0000] {dag.py:3229} INFO - Sync 1 DAGs
[2024-09-15T08:07:34.027+0000] {logging_mixin.py:190} INFO - [2024-09-15T08:07:34.026+0000] {dag.py:4156} INFO - Setting next_dagrun for tutorial to 2024-09-14 00:00:00+00:00, run_after=2024-09-15 00:00:00+00:00
[2024-09-15T08:07:34.112+0000] {processor.py:208} INFO - Processing /home/airflow/.local/lib/python3.12/site-packages/airflow/example_dags/tutorial.py took 0.251 seconds
[2024-09-15T08:18:42.544+0000] {processor.py:186} INFO - Started process (PID=3154) to work on /home/airflow/.local/lib/python3.12/site-packages/airflow/example_dags/tutorial.py
[2024-09-15T08:18:42.545+0000] {processor.py:914} INFO - Processing file /home/airflow/.local/lib/python3.12/site-packages/airflow/example_dags/tutorial.py for tasks to queue
[2024-09-15T08:18:42.548+0000] {logging_mixin.py:190} INFO - [2024-09-15T08:18:42.548+0000] {dagbag.py:587} INFO - Filling up the DagBag from /home/airflow/.local/lib/python3.12/site-packages/airflow/example_dags/tutorial.py
[2024-09-15T08:18:42.564+0000] {processor.py:925} INFO - DAG(s) 'tutorial' retrieved from /home/airflow/.local/lib/python3.12/site-packages/airflow/example_dags/tutorial.py
[2024-09-15T08:18:42.606+0000] {logging_mixin.py:190} INFO - [2024-09-15T08:18:42.605+0000] {dag.py:3229} INFO - Sync 1 DAGs
[2024-09-15T08:18:42.666+0000] {logging_mixin.py:190} INFO - [2024-09-15T08:18:42.666+0000] {dag.py:4156} INFO - Setting next_dagrun for tutorial to 2024-09-14 00:00:00+00:00, run_after=2024-09-15 00:00:00+00:00
[2024-09-15T08:18:42.701+0000] {processor.py:208} INFO - Processing /home/airflow/.local/lib/python3.12/site-packages/airflow/example_dags/tutorial.py took 0.167 seconds
[2024-09-15T08:19:14.933+0000] {processor.py:186} INFO - Started process (PID=3217) to work on /home/airflow/.local/lib/python3.12/site-packages/airflow/example_dags/tutorial.py
[2024-09-15T08:19:14.936+0000] {processor.py:914} INFO - Processing file /home/airflow/.local/lib/python3.12/site-packages/airflow/example_dags/tutorial.py for tasks to queue
[2024-09-15T08:19:14.940+0000] {logging_mixin.py:190} INFO - [2024-09-15T08:19:14.939+0000] {dagbag.py:587} INFO - Filling up the DagBag from /home/airflow/.local/lib/python3.12/site-packages/airflow/example_dags/tutorial.py
[2024-09-15T08:19:14.967+0000] {processor.py:925} INFO - DAG(s) 'tutorial' retrieved from /home/airflow/.local/lib/python3.12/site-packages/airflow/example_dags/tutorial.py
[2024-09-15T08:19:15.033+0000] {logging_mixin.py:190} INFO - [2024-09-15T08:19:15.033+0000] {dag.py:3229} INFO - Sync 1 DAGs
[2024-09-15T08:19:15.094+0000] {logging_mixin.py:190} INFO - [2024-09-15T08:19:15.093+0000] {dag.py:4156} INFO - Setting next_dagrun for tutorial to 2024-09-14 00:00:00+00:00, run_after=2024-09-15 00:00:00+00:00
[2024-09-15T08:19:15.142+0000] {processor.py:208} INFO - Processing /home/airflow/.local/lib/python3.12/site-packages/airflow/example_dags/tutorial.py took 0.223 seconds
[2024-09-15T08:19:45.514+0000] {processor.py:186} INFO - Started process (PID=3278) to work on /home/airflow/.local/lib/python3.12/site-packages/airflow/example_dags/tutorial.py
[2024-09-15T08:19:45.516+0000] {processor.py:914} INFO - Processing file /home/airflow/.local/lib/python3.12/site-packages/airflow/example_dags/tutorial.py for tasks to queue
[2024-09-15T08:19:45.519+0000] {logging_mixin.py:190} INFO - [2024-09-15T08:19:45.518+0000] {dagbag.py:587} INFO - Filling up the DagBag from /home/airflow/.local/lib/python3.12/site-packages/airflow/example_dags/tutorial.py
[2024-09-15T08:19:45.540+0000] {processor.py:925} INFO - DAG(s) 'tutorial' retrieved from /home/airflow/.local/lib/python3.12/site-packages/airflow/example_dags/tutorial.py
[2024-09-15T08:19:45.585+0000] {logging_mixin.py:190} INFO - [2024-09-15T08:19:45.585+0000] {dag.py:3229} INFO - Sync 1 DAGs
[2024-09-15T08:19:45.645+0000] {logging_mixin.py:190} INFO - [2024-09-15T08:19:45.644+0000] {dag.py:4156} INFO - Setting next_dagrun for tutorial to 2024-09-14 00:00:00+00:00, run_after=2024-09-15 00:00:00+00:00
[2024-09-15T08:19:45.697+0000] {processor.py:208} INFO - Processing /home/airflow/.local/lib/python3.12/site-packages/airflow/example_dags/tutorial.py took 0.200 seconds
[2024-09-15T08:20:16.079+0000] {processor.py:186} INFO - Started process (PID=3340) to work on /home/airflow/.local/lib/python3.12/site-packages/airflow/example_dags/tutorial.py
[2024-09-15T08:20:16.081+0000] {processor.py:914} INFO - Processing file /home/airflow/.local/lib/python3.12/site-packages/airflow/example_dags/tutorial.py for tasks to queue
[2024-09-15T08:20:16.084+0000] {logging_mixin.py:190} INFO - [2024-09-15T08:20:16.083+0000] {dagbag.py:587} INFO - Filling up the DagBag from /home/airflow/.local/lib/python3.12/site-packages/airflow/example_dags/tutorial.py
[2024-09-15T08:20:16.103+0000] {processor.py:925} INFO - DAG(s) 'tutorial' retrieved from /home/airflow/.local/lib/python3.12/site-packages/airflow/example_dags/tutorial.py
[2024-09-15T08:20:16.141+0000] {logging_mixin.py:190} INFO - [2024-09-15T08:20:16.141+0000] {dag.py:3229} INFO - Sync 1 DAGs
[2024-09-15T08:20:16.187+0000] {logging_mixin.py:190} INFO - [2024-09-15T08:20:16.186+0000] {dag.py:4156} INFO - Setting next_dagrun for tutorial to 2024-09-14 00:00:00+00:00, run_after=2024-09-15 00:00:00+00:00
[2024-09-15T08:20:16.223+0000] {processor.py:208} INFO - Processing /home/airflow/.local/lib/python3.12/site-packages/airflow/example_dags/tutorial.py took 0.156 seconds
[2024-09-15T08:21:51.233+0000] {processor.py:186} INFO - Started process (PID=3404) to work on /home/airflow/.local/lib/python3.12/site-packages/airflow/example_dags/tutorial.py
[2024-09-15T08:21:51.235+0000] {processor.py:914} INFO - Processing file /home/airflow/.local/lib/python3.12/site-packages/airflow/example_dags/tutorial.py for tasks to queue
[2024-09-15T08:21:51.238+0000] {logging_mixin.py:190} INFO - [2024-09-15T08:21:51.237+0000] {dagbag.py:587} INFO - Filling up the DagBag from /home/airflow/.local/lib/python3.12/site-packages/airflow/example_dags/tutorial.py
[2024-09-15T08:21:51.256+0000] {processor.py:925} INFO - DAG(s) 'tutorial' retrieved from /home/airflow/.local/lib/python3.12/site-packages/airflow/example_dags/tutorial.py
[2024-09-15T08:21:51.291+0000] {logging_mixin.py:190} INFO - [2024-09-15T08:21:51.291+0000] {dag.py:3229} INFO - Sync 1 DAGs
[2024-09-15T08:21:51.352+0000] {logging_mixin.py:190} INFO - [2024-09-15T08:21:51.351+0000] {dag.py:4156} INFO - Setting next_dagrun for tutorial to 2024-09-14 00:00:00+00:00, run_after=2024-09-15 00:00:00+00:00
[2024-09-15T08:21:51.393+0000] {processor.py:208} INFO - Processing /home/airflow/.local/lib/python3.12/site-packages/airflow/example_dags/tutorial.py took 0.173 seconds
[2024-09-15T08:22:26.699+0000] {processor.py:186} INFO - Started process (PID=3466) to work on /home/airflow/.local/lib/python3.12/site-packages/airflow/example_dags/tutorial.py
[2024-09-15T08:22:26.702+0000] {processor.py:914} INFO - Processing file /home/airflow/.local/lib/python3.12/site-packages/airflow/example_dags/tutorial.py for tasks to queue
[2024-09-15T08:22:26.706+0000] {logging_mixin.py:190} INFO - [2024-09-15T08:22:26.705+0000] {dagbag.py:587} INFO - Filling up the DagBag from /home/airflow/.local/lib/python3.12/site-packages/airflow/example_dags/tutorial.py
[2024-09-15T08:22:26.730+0000] {processor.py:925} INFO - DAG(s) 'tutorial' retrieved from /home/airflow/.local/lib/python3.12/site-packages/airflow/example_dags/tutorial.py
[2024-09-15T08:22:26.801+0000] {logging_mixin.py:190} INFO - [2024-09-15T08:22:26.800+0000] {dag.py:3229} INFO - Sync 1 DAGs
[2024-09-15T08:22:26.876+0000] {logging_mixin.py:190} INFO - [2024-09-15T08:22:26.876+0000] {dag.py:4156} INFO - Setting next_dagrun for tutorial to 2024-09-14 00:00:00+00:00, run_after=2024-09-15 00:00:00+00:00
[2024-09-15T08:22:26.919+0000] {processor.py:208} INFO - Processing /home/airflow/.local/lib/python3.12/site-packages/airflow/example_dags/tutorial.py took 0.234 seconds
[2024-09-15T08:22:58.180+0000] {processor.py:186} INFO - Started process (PID=3526) to work on /home/airflow/.local/lib/python3.12/site-packages/airflow/example_dags/tutorial.py
[2024-09-15T08:22:58.182+0000] {processor.py:914} INFO - Processing file /home/airflow/.local/lib/python3.12/site-packages/airflow/example_dags/tutorial.py for tasks to queue
[2024-09-15T08:22:58.185+0000] {logging_mixin.py:190} INFO - [2024-09-15T08:22:58.185+0000] {dagbag.py:587} INFO - Filling up the DagBag from /home/airflow/.local/lib/python3.12/site-packages/airflow/example_dags/tutorial.py
[2024-09-15T08:22:58.214+0000] {processor.py:925} INFO - DAG(s) 'tutorial' retrieved from /home/airflow/.local/lib/python3.12/site-packages/airflow/example_dags/tutorial.py
[2024-09-15T08:22:58.265+0000] {logging_mixin.py:190} INFO - [2024-09-15T08:22:58.265+0000] {dag.py:3229} INFO - Sync 1 DAGs
[2024-09-15T08:22:58.765+0000] {logging_mixin.py:190} INFO - [2024-09-15T08:22:58.765+0000] {dag.py:4156} INFO - Setting next_dagrun for tutorial to 2024-09-14 00:00:00+00:00, run_after=2024-09-15 00:00:00+00:00
[2024-09-15T08:22:58.807+0000] {processor.py:208} INFO - Processing /home/airflow/.local/lib/python3.12/site-packages/airflow/example_dags/tutorial.py took 0.642 seconds
[2024-09-15T08:23:29.049+0000] {processor.py:186} INFO - Started process (PID=3587) to work on /home/airflow/.local/lib/python3.12/site-packages/airflow/example_dags/tutorial.py
[2024-09-15T08:23:29.051+0000] {processor.py:914} INFO - Processing file /home/airflow/.local/lib/python3.12/site-packages/airflow/example_dags/tutorial.py for tasks to queue
[2024-09-15T08:23:29.056+0000] {logging_mixin.py:190} INFO - [2024-09-15T08:23:29.055+0000] {dagbag.py:587} INFO - Filling up the DagBag from /home/airflow/.local/lib/python3.12/site-packages/airflow/example_dags/tutorial.py
[2024-09-15T08:23:29.076+0000] {processor.py:925} INFO - DAG(s) 'tutorial' retrieved from /home/airflow/.local/lib/python3.12/site-packages/airflow/example_dags/tutorial.py
[2024-09-15T08:23:29.113+0000] {logging_mixin.py:190} INFO - [2024-09-15T08:23:29.112+0000] {dag.py:3229} INFO - Sync 1 DAGs
[2024-09-15T08:23:29.160+0000] {logging_mixin.py:190} INFO - [2024-09-15T08:23:29.159+0000] {dag.py:4156} INFO - Setting next_dagrun for tutorial to 2024-09-14 00:00:00+00:00, run_after=2024-09-15 00:00:00+00:00
[2024-09-15T08:23:29.197+0000] {processor.py:208} INFO - Processing /home/airflow/.local/lib/python3.12/site-packages/airflow/example_dags/tutorial.py took 0.160 seconds
[2024-09-15T08:24:00.001+0000] {processor.py:186} INFO - Started process (PID=3649) to work on /home/airflow/.local/lib/python3.12/site-packages/airflow/example_dags/tutorial.py
[2024-09-15T08:24:00.003+0000] {processor.py:914} INFO - Processing file /home/airflow/.local/lib/python3.12/site-packages/airflow/example_dags/tutorial.py for tasks to queue
[2024-09-15T08:24:00.006+0000] {logging_mixin.py:190} INFO - [2024-09-15T08:24:00.005+0000] {dagbag.py:587} INFO - Filling up the DagBag from /home/airflow/.local/lib/python3.12/site-packages/airflow/example_dags/tutorial.py
[2024-09-15T08:24:00.030+0000] {processor.py:925} INFO - DAG(s) 'tutorial' retrieved from /home/airflow/.local/lib/python3.12/site-packages/airflow/example_dags/tutorial.py
[2024-09-15T08:24:00.069+0000] {logging_mixin.py:190} INFO - [2024-09-15T08:24:00.069+0000] {dag.py:3229} INFO - Sync 1 DAGs
[2024-09-15T08:24:00.118+0000] {logging_mixin.py:190} INFO - [2024-09-15T08:24:00.117+0000] {dag.py:4156} INFO - Setting next_dagrun for tutorial to 2024-09-14 00:00:00+00:00, run_after=2024-09-15 00:00:00+00:00
[2024-09-15T08:24:00.167+0000] {processor.py:208} INFO - Processing /home/airflow/.local/lib/python3.12/site-packages/airflow/example_dags/tutorial.py took 0.175 seconds
[2024-09-15T08:25:31.678+0000] {processor.py:186} INFO - Started process (PID=3722) to work on /home/airflow/.local/lib/python3.12/site-packages/airflow/example_dags/tutorial.py
[2024-09-15T08:25:31.680+0000] {processor.py:914} INFO - Processing file /home/airflow/.local/lib/python3.12/site-packages/airflow/example_dags/tutorial.py for tasks to queue
[2024-09-15T08:25:31.684+0000] {logging_mixin.py:190} INFO - [2024-09-15T08:25:31.683+0000] {dagbag.py:587} INFO - Filling up the DagBag from /home/airflow/.local/lib/python3.12/site-packages/airflow/example_dags/tutorial.py
[2024-09-15T08:25:31.703+0000] {processor.py:925} INFO - DAG(s) 'tutorial' retrieved from /home/airflow/.local/lib/python3.12/site-packages/airflow/example_dags/tutorial.py
[2024-09-15T08:25:31.751+0000] {logging_mixin.py:190} INFO - [2024-09-15T08:25:31.751+0000] {dag.py:3229} INFO - Sync 1 DAGs
[2024-09-15T08:25:31.808+0000] {logging_mixin.py:190} INFO - [2024-09-15T08:25:31.808+0000] {dag.py:4156} INFO - Setting next_dagrun for tutorial to 2024-09-14 00:00:00+00:00, run_after=2024-09-15 00:00:00+00:00
[2024-09-15T08:25:31.861+0000] {processor.py:208} INFO - Processing /home/airflow/.local/lib/python3.12/site-packages/airflow/example_dags/tutorial.py took 0.199 seconds
[2024-09-15T08:26:02.979+0000] {processor.py:186} INFO - Started process (PID=3784) to work on /home/airflow/.local/lib/python3.12/site-packages/airflow/example_dags/tutorial.py
[2024-09-15T08:26:02.982+0000] {processor.py:914} INFO - Processing file /home/airflow/.local/lib/python3.12/site-packages/airflow/example_dags/tutorial.py for tasks to queue
[2024-09-15T08:26:02.985+0000] {logging_mixin.py:190} INFO - [2024-09-15T08:26:02.984+0000] {dagbag.py:587} INFO - Filling up the DagBag from /home/airflow/.local/lib/python3.12/site-packages/airflow/example_dags/tutorial.py
[2024-09-15T08:26:03.006+0000] {processor.py:925} INFO - DAG(s) 'tutorial' retrieved from /home/airflow/.local/lib/python3.12/site-packages/airflow/example_dags/tutorial.py
[2024-09-15T08:26:03.061+0000] {logging_mixin.py:190} INFO - [2024-09-15T08:26:03.060+0000] {dag.py:3229} INFO - Sync 1 DAGs
[2024-09-15T08:26:03.122+0000] {logging_mixin.py:190} INFO - [2024-09-15T08:26:03.121+0000] {dag.py:4156} INFO - Setting next_dagrun for tutorial to 2024-09-14 00:00:00+00:00, run_after=2024-09-15 00:00:00+00:00
[2024-09-15T08:26:03.167+0000] {processor.py:208} INFO - Processing /home/airflow/.local/lib/python3.12/site-packages/airflow/example_dags/tutorial.py took 0.202 seconds
[2024-09-15T08:26:33.739+0000] {processor.py:186} INFO - Started process (PID=3846) to work on /home/airflow/.local/lib/python3.12/site-packages/airflow/example_dags/tutorial.py
[2024-09-15T08:26:33.742+0000] {processor.py:914} INFO - Processing file /home/airflow/.local/lib/python3.12/site-packages/airflow/example_dags/tutorial.py for tasks to queue
[2024-09-15T08:26:33.744+0000] {logging_mixin.py:190} INFO - [2024-09-15T08:26:33.743+0000] {dagbag.py:587} INFO - Filling up the DagBag from /home/airflow/.local/lib/python3.12/site-packages/airflow/example_dags/tutorial.py
[2024-09-15T08:26:33.759+0000] {processor.py:925} INFO - DAG(s) 'tutorial' retrieved from /home/airflow/.local/lib/python3.12/site-packages/airflow/example_dags/tutorial.py
[2024-09-15T08:26:33.799+0000] {logging_mixin.py:190} INFO - [2024-09-15T08:26:33.799+0000] {dag.py:3229} INFO - Sync 1 DAGs
[2024-09-15T08:26:33.847+0000] {logging_mixin.py:190} INFO - [2024-09-15T08:26:33.846+0000] {dag.py:4156} INFO - Setting next_dagrun for tutorial to 2024-09-14 00:00:00+00:00, run_after=2024-09-15 00:00:00+00:00
[2024-09-15T08:26:33.887+0000] {processor.py:208} INFO - Processing /home/airflow/.local/lib/python3.12/site-packages/airflow/example_dags/tutorial.py took 0.158 seconds
[2024-09-15T08:27:04.595+0000] {processor.py:186} INFO - Started process (PID=3908) to work on /home/airflow/.local/lib/python3.12/site-packages/airflow/example_dags/tutorial.py
[2024-09-15T08:27:04.597+0000] {processor.py:914} INFO - Processing file /home/airflow/.local/lib/python3.12/site-packages/airflow/example_dags/tutorial.py for tasks to queue
[2024-09-15T08:27:04.600+0000] {logging_mixin.py:190} INFO - [2024-09-15T08:27:04.599+0000] {dagbag.py:587} INFO - Filling up the DagBag from /home/airflow/.local/lib/python3.12/site-packages/airflow/example_dags/tutorial.py
[2024-09-15T08:27:04.617+0000] {processor.py:925} INFO - DAG(s) 'tutorial' retrieved from /home/airflow/.local/lib/python3.12/site-packages/airflow/example_dags/tutorial.py
[2024-09-15T08:27:04.652+0000] {logging_mixin.py:190} INFO - [2024-09-15T08:27:04.652+0000] {dag.py:3229} INFO - Sync 1 DAGs
[2024-09-15T08:27:04.701+0000] {logging_mixin.py:190} INFO - [2024-09-15T08:27:04.701+0000] {dag.py:4156} INFO - Setting next_dagrun for tutorial to 2024-09-14 00:00:00+00:00, run_after=2024-09-15 00:00:00+00:00
[2024-09-15T08:27:04.746+0000] {processor.py:208} INFO - Processing /home/airflow/.local/lib/python3.12/site-packages/airflow/example_dags/tutorial.py took 0.161 seconds
[2024-09-15T08:27:35.308+0000] {processor.py:186} INFO - Started process (PID=3970) to work on /home/airflow/.local/lib/python3.12/site-packages/airflow/example_dags/tutorial.py
[2024-09-15T08:27:35.310+0000] {processor.py:914} INFO - Processing file /home/airflow/.local/lib/python3.12/site-packages/airflow/example_dags/tutorial.py for tasks to queue
[2024-09-15T08:27:35.313+0000] {logging_mixin.py:190} INFO - [2024-09-15T08:27:35.312+0000] {dagbag.py:587} INFO - Filling up the DagBag from /home/airflow/.local/lib/python3.12/site-packages/airflow/example_dags/tutorial.py
[2024-09-15T08:27:35.337+0000] {processor.py:925} INFO - DAG(s) 'tutorial' retrieved from /home/airflow/.local/lib/python3.12/site-packages/airflow/example_dags/tutorial.py
[2024-09-15T08:27:35.386+0000] {logging_mixin.py:190} INFO - [2024-09-15T08:27:35.386+0000] {dag.py:3229} INFO - Sync 1 DAGs
[2024-09-15T08:27:35.449+0000] {logging_mixin.py:190} INFO - [2024-09-15T08:27:35.449+0000] {dag.py:4156} INFO - Setting next_dagrun for tutorial to 2024-09-14 00:00:00+00:00, run_after=2024-09-15 00:00:00+00:00
[2024-09-15T08:27:35.491+0000] {processor.py:208} INFO - Processing /home/airflow/.local/lib/python3.12/site-packages/airflow/example_dags/tutorial.py took 0.194 seconds
[2024-09-15T08:28:06.333+0000] {processor.py:186} INFO - Started process (PID=4032) to work on /home/airflow/.local/lib/python3.12/site-packages/airflow/example_dags/tutorial.py
[2024-09-15T08:28:06.335+0000] {processor.py:914} INFO - Processing file /home/airflow/.local/lib/python3.12/site-packages/airflow/example_dags/tutorial.py for tasks to queue
[2024-09-15T08:28:06.337+0000] {logging_mixin.py:190} INFO - [2024-09-15T08:28:06.337+0000] {dagbag.py:587} INFO - Filling up the DagBag from /home/airflow/.local/lib/python3.12/site-packages/airflow/example_dags/tutorial.py
[2024-09-15T08:28:06.357+0000] {processor.py:925} INFO - DAG(s) 'tutorial' retrieved from /home/airflow/.local/lib/python3.12/site-packages/airflow/example_dags/tutorial.py
[2024-09-15T08:28:06.405+0000] {logging_mixin.py:190} INFO - [2024-09-15T08:28:06.405+0000] {dag.py:3229} INFO - Sync 1 DAGs
[2024-09-15T08:28:06.471+0000] {logging_mixin.py:190} INFO - [2024-09-15T08:28:06.470+0000] {dag.py:4156} INFO - Setting next_dagrun for tutorial to 2024-09-14 00:00:00+00:00, run_after=2024-09-15 00:00:00+00:00
[2024-09-15T08:28:06.509+0000] {processor.py:208} INFO - Processing /home/airflow/.local/lib/python3.12/site-packages/airflow/example_dags/tutorial.py took 0.188 seconds
[2024-09-15T08:31:10.723+0000] {processor.py:186} INFO - Started process (PID=4116) to work on /home/airflow/.local/lib/python3.12/site-packages/airflow/example_dags/tutorial.py
[2024-09-15T08:31:10.728+0000] {processor.py:914} INFO - Processing file /home/airflow/.local/lib/python3.12/site-packages/airflow/example_dags/tutorial.py for tasks to queue
[2024-09-15T08:31:10.734+0000] {logging_mixin.py:190} INFO - [2024-09-15T08:31:10.733+0000] {dagbag.py:587} INFO - Filling up the DagBag from /home/airflow/.local/lib/python3.12/site-packages/airflow/example_dags/tutorial.py
[2024-09-15T08:31:10.767+0000] {processor.py:925} INFO - DAG(s) 'tutorial' retrieved from /home/airflow/.local/lib/python3.12/site-packages/airflow/example_dags/tutorial.py
[2024-09-15T08:31:10.841+0000] {logging_mixin.py:190} INFO - [2024-09-15T08:31:10.840+0000] {dag.py:3229} INFO - Sync 1 DAGs
[2024-09-15T08:31:10.915+0000] {logging_mixin.py:190} INFO - [2024-09-15T08:31:10.914+0000] {dag.py:4156} INFO - Setting next_dagrun for tutorial to 2024-09-14 00:00:00+00:00, run_after=2024-09-15 00:00:00+00:00
[2024-09-15T08:31:10.963+0000] {processor.py:208} INFO - Processing /home/airflow/.local/lib/python3.12/site-packages/airflow/example_dags/tutorial.py took 0.262 seconds
[2024-09-15T08:31:42.744+0000] {processor.py:186} INFO - Started process (PID=4178) to work on /home/airflow/.local/lib/python3.12/site-packages/airflow/example_dags/tutorial.py
[2024-09-15T08:31:42.757+0000] {processor.py:914} INFO - Processing file /home/airflow/.local/lib/python3.12/site-packages/airflow/example_dags/tutorial.py for tasks to queue
[2024-09-15T08:31:42.767+0000] {logging_mixin.py:190} INFO - [2024-09-15T08:31:42.763+0000] {dagbag.py:587} INFO - Filling up the DagBag from /home/airflow/.local/lib/python3.12/site-packages/airflow/example_dags/tutorial.py
[2024-09-15T08:31:42.815+0000] {processor.py:925} INFO - DAG(s) 'tutorial' retrieved from /home/airflow/.local/lib/python3.12/site-packages/airflow/example_dags/tutorial.py
[2024-09-15T08:31:42.919+0000] {logging_mixin.py:190} INFO - [2024-09-15T08:31:42.919+0000] {dag.py:3229} INFO - Sync 1 DAGs
[2024-09-15T08:31:43.016+0000] {logging_mixin.py:190} INFO - [2024-09-15T08:31:43.016+0000] {dag.py:4156} INFO - Setting next_dagrun for tutorial to 2024-09-14 00:00:00+00:00, run_after=2024-09-15 00:00:00+00:00
[2024-09-15T08:31:43.118+0000] {processor.py:208} INFO - Processing /home/airflow/.local/lib/python3.12/site-packages/airflow/example_dags/tutorial.py took 0.403 seconds
